[2023-03-07 14:44:33,957] {taskinstance.py:1159} INFO - Dependencies all met for <TaskInstance: meu_primeiro_dag.executa_codigo scheduled__2023-03-06T00:44:00+00:00 [queued]>
[2023-03-07 14:44:33,963] {taskinstance.py:1159} INFO - Dependencies all met for <TaskInstance: meu_primeiro_dag.executa_codigo scheduled__2023-03-06T00:44:00+00:00 [queued]>
[2023-03-07 14:44:33,963] {taskinstance.py:1356} INFO - 
--------------------------------------------------------------------------------
[2023-03-07 14:44:33,963] {taskinstance.py:1357} INFO - Starting attempt 1 of 1
[2023-03-07 14:44:33,963] {taskinstance.py:1358} INFO - 
--------------------------------------------------------------------------------
[2023-03-07 14:44:34,305] {taskinstance.py:1377} INFO - Executing <Task(PythonOperator): executa_codigo> on 2023-03-06 00:44:00+00:00
[2023-03-07 14:44:34,310] {standard_task_runner.py:52} INFO - Started process 66148 to run task
[2023-03-07 14:44:34,317] {standard_task_runner.py:79} INFO - Running: ['airflow', 'tasks', 'run', 'meu_primeiro_dag', 'executa_codigo', 'scheduled__2023-03-06T00:44:00+00:00', '--job-id', '132', '--raw', '--subdir', 'DAGS_FOLDER/cotacao_dolar.py', '--cfg-path', '/tmp/tmpwpg1dxwh', '--error-file', '/tmp/tmpwgy3sz7p']
[2023-03-07 14:44:34,318] {standard_task_runner.py:80} INFO - Job 132: Subtask executa_codigo
[2023-03-07 14:44:34,740] {task_command.py:370} INFO - Running <TaskInstance: meu_primeiro_dag.executa_codigo scheduled__2023-03-06T00:44:00+00:00 [running]> on host veripc-System-Product-Name
[2023-03-07 14:44:36,210] {taskinstance.py:1569} INFO - Exporting the following env vars:
AIRFLOW_CTX_DAG_OWNER=airflow
AIRFLOW_CTX_DAG_ID=meu_primeiro_dag
AIRFLOW_CTX_TASK_ID=executa_codigo
AIRFLOW_CTX_EXECUTION_DATE=2023-03-06T00:44:00+00:00
AIRFLOW_CTX_TRY_NUMBER=1
AIRFLOW_CTX_DAG_RUN_ID=scheduled__2023-03-06T00:44:00+00:00
[2023-03-07 14:44:36,582] {python.py:173} INFO - Done. Returned value was: O Id da cotação é ID: 640778043abd0462396ee499
[2023-03-07 14:44:36,900] {taskinstance.py:1395} INFO - Marking task as SUCCESS. dag_id=meu_primeiro_dag, task_id=executa_codigo, execution_date=20230306T004400, start_date=20230307T174433, end_date=20230307T174436
[2023-03-07 14:44:37,256] {local_task_job.py:156} INFO - Task exited with return code 0
[2023-03-07 14:44:37,284] {local_task_job.py:273} INFO - 0 downstream tasks scheduled from follow-on schedule check
