[2023-03-07 14:46:02,977] {taskinstance.py:1159} INFO - Dependencies all met for <TaskInstance: meu_primeiro_dag.executa_codigo scheduled__2023-03-06T01:21:00+00:00 [queued]>
[2023-03-07 14:46:02,981] {taskinstance.py:1159} INFO - Dependencies all met for <TaskInstance: meu_primeiro_dag.executa_codigo scheduled__2023-03-06T01:21:00+00:00 [queued]>
[2023-03-07 14:46:02,981] {taskinstance.py:1356} INFO - 
--------------------------------------------------------------------------------
[2023-03-07 14:46:02,981] {taskinstance.py:1357} INFO - Starting attempt 1 of 1
[2023-03-07 14:46:02,982] {taskinstance.py:1358} INFO - 
--------------------------------------------------------------------------------
[2023-03-07 14:46:02,990] {taskinstance.py:1377} INFO - Executing <Task(PythonOperator): executa_codigo> on 2023-03-06 01:21:00+00:00
[2023-03-07 14:46:02,991] {standard_task_runner.py:52} INFO - Started process 66854 to run task
[2023-03-07 14:46:02,993] {standard_task_runner.py:79} INFO - Running: ['airflow', 'tasks', 'run', 'meu_primeiro_dag', 'executa_codigo', 'scheduled__2023-03-06T01:21:00+00:00', '--job-id', '169', '--raw', '--subdir', 'DAGS_FOLDER/cotacao_dolar.py', '--cfg-path', '/tmp/tmpuvgobmxu', '--error-file', '/tmp/tmp8ypzxdpt']
[2023-03-07 14:46:02,994] {standard_task_runner.py:80} INFO - Job 169: Subtask executa_codigo
[2023-03-07 14:46:03,014] {task_command.py:370} INFO - Running <TaskInstance: meu_primeiro_dag.executa_codigo scheduled__2023-03-06T01:21:00+00:00 [running]> on host veripc-System-Product-Name
[2023-03-07 14:46:03,044] {taskinstance.py:1569} INFO - Exporting the following env vars:
AIRFLOW_CTX_DAG_OWNER=airflow
AIRFLOW_CTX_DAG_ID=meu_primeiro_dag
AIRFLOW_CTX_TASK_ID=executa_codigo
AIRFLOW_CTX_EXECUTION_DATE=2023-03-06T01:21:00+00:00
AIRFLOW_CTX_TRY_NUMBER=1
AIRFLOW_CTX_DAG_RUN_ID=scheduled__2023-03-06T01:21:00+00:00
[2023-03-07 14:46:03,320] {python.py:173} INFO - Done. Returned value was: O Id da cotação é ID: 6407785b4120909384106cd8
[2023-03-07 14:46:03,332] {taskinstance.py:1395} INFO - Marking task as SUCCESS. dag_id=meu_primeiro_dag, task_id=executa_codigo, execution_date=20230306T012100, start_date=20230307T174602, end_date=20230307T174603
[2023-03-07 14:46:03,365] {local_task_job.py:156} INFO - Task exited with return code 0
[2023-03-07 14:46:03,375] {local_task_job.py:273} INFO - 0 downstream tasks scheduled from follow-on schedule check
