[2023-03-07 16:59:02,713] {taskinstance.py:1159} INFO - Dependencies all met for <TaskInstance: meu_primeiro_dag.executa_codigo scheduled__2023-03-07T19:58:00+00:00 [queued]>
[2023-03-07 16:59:02,717] {taskinstance.py:1159} INFO - Dependencies all met for <TaskInstance: meu_primeiro_dag.executa_codigo scheduled__2023-03-07T19:58:00+00:00 [queued]>
[2023-03-07 16:59:02,717] {taskinstance.py:1356} INFO - 
--------------------------------------------------------------------------------
[2023-03-07 16:59:02,717] {taskinstance.py:1357} INFO - Starting attempt 1 of 1
[2023-03-07 16:59:02,717] {taskinstance.py:1358} INFO - 
--------------------------------------------------------------------------------
[2023-03-07 16:59:02,725] {taskinstance.py:1377} INFO - Executing <Task(PythonOperator): executa_codigo> on 2023-03-07 19:58:00+00:00
[2023-03-07 16:59:02,727] {standard_task_runner.py:52} INFO - Started process 86599 to run task
[2023-03-07 16:59:02,729] {standard_task_runner.py:79} INFO - Running: ['airflow', 'tasks', 'run', 'meu_primeiro_dag', 'executa_codigo', 'scheduled__2023-03-07T19:58:00+00:00', '--job-id', '427', '--raw', '--subdir', 'DAGS_FOLDER/cotacao_dolar.py', '--cfg-path', '/tmp/tmpvzdcumjk', '--error-file', '/tmp/tmp82fvnj2s']
[2023-03-07 16:59:02,729] {standard_task_runner.py:80} INFO - Job 427: Subtask executa_codigo
[2023-03-07 16:59:02,750] {task_command.py:370} INFO - Running <TaskInstance: meu_primeiro_dag.executa_codigo scheduled__2023-03-07T19:58:00+00:00 [running]> on host veripc-System-Product-Name
[2023-03-07 16:59:02,780] {taskinstance.py:1569} INFO - Exporting the following env vars:
AIRFLOW_CTX_DAG_OWNER=airflow
AIRFLOW_CTX_DAG_ID=meu_primeiro_dag
AIRFLOW_CTX_TASK_ID=executa_codigo
AIRFLOW_CTX_EXECUTION_DATE=2023-03-07T19:58:00+00:00
AIRFLOW_CTX_TRY_NUMBER=1
AIRFLOW_CTX_DAG_RUN_ID=scheduled__2023-03-07T19:58:00+00:00
[2023-03-07 16:59:03,084] {python.py:173} INFO - Done. Returned value was: O Id da cotação é ID: 640797877f74360e822d4274
[2023-03-07 16:59:03,097] {taskinstance.py:1395} INFO - Marking task as SUCCESS. dag_id=meu_primeiro_dag, task_id=executa_codigo, execution_date=20230307T195800, start_date=20230307T195902, end_date=20230307T195903
[2023-03-07 16:59:03,141] {local_task_job.py:156} INFO - Task exited with return code 0
[2023-03-07 16:59:03,153] {local_task_job.py:273} INFO - 0 downstream tasks scheduled from follow-on schedule check
