[2023-03-07 19:39:02,626] {taskinstance.py:1159} INFO - Dependencies all met for <TaskInstance: meu_primeiro_dag.executa_codigo scheduled__2023-03-07T22:38:00+00:00 [queued]>
[2023-03-07 19:39:02,630] {taskinstance.py:1159} INFO - Dependencies all met for <TaskInstance: meu_primeiro_dag.executa_codigo scheduled__2023-03-07T22:38:00+00:00 [queued]>
[2023-03-07 19:39:02,630] {taskinstance.py:1356} INFO - 
--------------------------------------------------------------------------------
[2023-03-07 19:39:02,630] {taskinstance.py:1357} INFO - Starting attempt 1 of 1
[2023-03-07 19:39:02,630] {taskinstance.py:1358} INFO - 
--------------------------------------------------------------------------------
[2023-03-07 19:39:02,639] {taskinstance.py:1377} INFO - Executing <Task(PythonOperator): executa_codigo> on 2023-03-07 22:38:00+00:00
[2023-03-07 19:39:02,641] {standard_task_runner.py:52} INFO - Started process 107110 to run task
[2023-03-07 19:39:02,642] {standard_task_runner.py:79} INFO - Running: ['airflow', 'tasks', 'run', 'meu_primeiro_dag', 'executa_codigo', 'scheduled__2023-03-07T22:38:00+00:00', '--job-id', '587', '--raw', '--subdir', 'DAGS_FOLDER/cotacao_dolar.py', '--cfg-path', '/tmp/tmpro0yr3o1', '--error-file', '/tmp/tmpdqv6t51x']
[2023-03-07 19:39:02,643] {standard_task_runner.py:80} INFO - Job 587: Subtask executa_codigo
[2023-03-07 19:39:02,663] {task_command.py:370} INFO - Running <TaskInstance: meu_primeiro_dag.executa_codigo scheduled__2023-03-07T22:38:00+00:00 [running]> on host veripc-System-Product-Name
[2023-03-07 19:39:02,693] {taskinstance.py:1569} INFO - Exporting the following env vars:
AIRFLOW_CTX_DAG_OWNER=airflow
AIRFLOW_CTX_DAG_ID=meu_primeiro_dag
AIRFLOW_CTX_TASK_ID=executa_codigo
AIRFLOW_CTX_EXECUTION_DATE=2023-03-07T22:38:00+00:00
AIRFLOW_CTX_TRY_NUMBER=1
AIRFLOW_CTX_DAG_RUN_ID=scheduled__2023-03-07T22:38:00+00:00
[2023-03-07 19:39:02,872] {python.py:173} INFO - Done. Returned value was: O Id da cotação é ID: 6407bd067b35a1d95e9b1d7a
[2023-03-07 19:39:02,881] {taskinstance.py:1395} INFO - Marking task as SUCCESS. dag_id=meu_primeiro_dag, task_id=executa_codigo, execution_date=20230307T223800, start_date=20230307T223902, end_date=20230307T223902
[2023-03-07 19:39:02,894] {local_task_job.py:156} INFO - Task exited with return code 0
[2023-03-07 19:39:02,903] {local_task_job.py:273} INFO - 0 downstream tasks scheduled from follow-on schedule check
