[2023-03-07 19:45:02,259] {taskinstance.py:1159} INFO - Dependencies all met for <TaskInstance: meu_primeiro_dag.executa_codigo scheduled__2023-03-07T22:44:00+00:00 [queued]>
[2023-03-07 19:45:02,262] {taskinstance.py:1159} INFO - Dependencies all met for <TaskInstance: meu_primeiro_dag.executa_codigo scheduled__2023-03-07T22:44:00+00:00 [queued]>
[2023-03-07 19:45:02,262] {taskinstance.py:1356} INFO - 
--------------------------------------------------------------------------------
[2023-03-07 19:45:02,263] {taskinstance.py:1357} INFO - Starting attempt 1 of 1
[2023-03-07 19:45:02,263] {taskinstance.py:1358} INFO - 
--------------------------------------------------------------------------------
[2023-03-07 19:45:02,270] {taskinstance.py:1377} INFO - Executing <Task(PythonOperator): executa_codigo> on 2023-03-07 22:44:00+00:00
[2023-03-07 19:45:02,271] {standard_task_runner.py:52} INFO - Started process 107896 to run task
[2023-03-07 19:45:02,273] {standard_task_runner.py:79} INFO - Running: ['airflow', 'tasks', 'run', 'meu_primeiro_dag', 'executa_codigo', 'scheduled__2023-03-07T22:44:00+00:00', '--job-id', '593', '--raw', '--subdir', 'DAGS_FOLDER/cotacao_dolar.py', '--cfg-path', '/tmp/tmpm6u01i7o', '--error-file', '/tmp/tmpc400gvy1']
[2023-03-07 19:45:02,274] {standard_task_runner.py:80} INFO - Job 593: Subtask executa_codigo
[2023-03-07 19:45:02,292] {task_command.py:370} INFO - Running <TaskInstance: meu_primeiro_dag.executa_codigo scheduled__2023-03-07T22:44:00+00:00 [running]> on host veripc-System-Product-Name
[2023-03-07 19:45:02,321] {taskinstance.py:1569} INFO - Exporting the following env vars:
AIRFLOW_CTX_DAG_OWNER=airflow
AIRFLOW_CTX_DAG_ID=meu_primeiro_dag
AIRFLOW_CTX_TASK_ID=executa_codigo
AIRFLOW_CTX_EXECUTION_DATE=2023-03-07T22:44:00+00:00
AIRFLOW_CTX_TRY_NUMBER=1
AIRFLOW_CTX_DAG_RUN_ID=scheduled__2023-03-07T22:44:00+00:00
[2023-03-07 19:45:02,496] {python.py:173} INFO - Done. Returned value was: O Id da cotação é ID: 6407be6ed461a28b4f952bda
[2023-03-07 19:45:02,514] {taskinstance.py:1395} INFO - Marking task as SUCCESS. dag_id=meu_primeiro_dag, task_id=executa_codigo, execution_date=20230307T224400, start_date=20230307T224502, end_date=20230307T224502
[2023-03-07 19:45:02,566] {local_task_job.py:156} INFO - Task exited with return code 0
[2023-03-07 19:45:02,603] {local_task_job.py:273} INFO - 0 downstream tasks scheduled from follow-on schedule check
