[2023-03-07 14:43:35,168] {taskinstance.py:1159} INFO - Dependencies all met for <TaskInstance: meu_primeiro_dag.executa_codigo scheduled__2023-03-06T00:21:00+00:00 [queued]>
[2023-03-07 14:43:35,172] {taskinstance.py:1159} INFO - Dependencies all met for <TaskInstance: meu_primeiro_dag.executa_codigo scheduled__2023-03-06T00:21:00+00:00 [queued]>
[2023-03-07 14:43:35,172] {taskinstance.py:1356} INFO - 
--------------------------------------------------------------------------------
[2023-03-07 14:43:35,172] {taskinstance.py:1357} INFO - Starting attempt 1 of 1
[2023-03-07 14:43:35,172] {taskinstance.py:1358} INFO - 
--------------------------------------------------------------------------------
[2023-03-07 14:43:35,180] {taskinstance.py:1377} INFO - Executing <Task(PythonOperator): executa_codigo> on 2023-03-06 00:21:00+00:00
[2023-03-07 14:43:35,183] {standard_task_runner.py:52} INFO - Started process 65729 to run task
[2023-03-07 14:43:35,185] {standard_task_runner.py:79} INFO - Running: ['airflow', 'tasks', 'run', 'meu_primeiro_dag', 'executa_codigo', 'scheduled__2023-03-06T00:21:00+00:00', '--job-id', '109', '--raw', '--subdir', 'DAGS_FOLDER/cotacao_dolar.py', '--cfg-path', '/tmp/tmpfvu7kaqv', '--error-file', '/tmp/tmpknoqxpt_']
[2023-03-07 14:43:35,186] {standard_task_runner.py:80} INFO - Job 109: Subtask executa_codigo
[2023-03-07 14:43:35,209] {task_command.py:370} INFO - Running <TaskInstance: meu_primeiro_dag.executa_codigo scheduled__2023-03-06T00:21:00+00:00 [running]> on host veripc-System-Product-Name
[2023-03-07 14:43:35,248] {taskinstance.py:1569} INFO - Exporting the following env vars:
AIRFLOW_CTX_DAG_OWNER=airflow
AIRFLOW_CTX_DAG_ID=meu_primeiro_dag
AIRFLOW_CTX_TASK_ID=executa_codigo
AIRFLOW_CTX_EXECUTION_DATE=2023-03-06T00:21:00+00:00
AIRFLOW_CTX_TRY_NUMBER=1
AIRFLOW_CTX_DAG_RUN_ID=scheduled__2023-03-06T00:21:00+00:00
[2023-03-07 14:43:35,472] {python.py:173} INFO - Done. Returned value was: O Id da cotação é ID: 640777c78f9fe4d1a37b8d42
[2023-03-07 14:43:35,487] {taskinstance.py:1395} INFO - Marking task as SUCCESS. dag_id=meu_primeiro_dag, task_id=executa_codigo, execution_date=20230306T002100, start_date=20230307T174335, end_date=20230307T174335
[2023-03-07 14:43:35,518] {local_task_job.py:156} INFO - Task exited with return code 0
[2023-03-07 14:43:35,528] {local_task_job.py:273} INFO - 0 downstream tasks scheduled from follow-on schedule check
