[2023-03-07 23:09:02,829] {taskinstance.py:1159} INFO - Dependencies all met for <TaskInstance: meu_primeiro_dag.executa_codigo scheduled__2023-03-08T02:08:00+00:00 [queued]>
[2023-03-07 23:09:02,833] {taskinstance.py:1159} INFO - Dependencies all met for <TaskInstance: meu_primeiro_dag.executa_codigo scheduled__2023-03-08T02:08:00+00:00 [queued]>
[2023-03-07 23:09:02,833] {taskinstance.py:1356} INFO - 
--------------------------------------------------------------------------------
[2023-03-07 23:09:02,833] {taskinstance.py:1357} INFO - Starting attempt 1 of 1
[2023-03-07 23:09:02,833] {taskinstance.py:1358} INFO - 
--------------------------------------------------------------------------------
[2023-03-07 23:09:02,842] {taskinstance.py:1377} INFO - Executing <Task(PythonOperator): executa_codigo> on 2023-03-08 02:08:00+00:00
[2023-03-07 23:09:02,843] {standard_task_runner.py:52} INFO - Started process 134025 to run task
[2023-03-07 23:09:02,845] {standard_task_runner.py:79} INFO - Running: ['airflow', 'tasks', 'run', 'meu_primeiro_dag', 'executa_codigo', 'scheduled__2023-03-08T02:08:00+00:00', '--job-id', '797', '--raw', '--subdir', 'DAGS_FOLDER/cotacao_dolar.py', '--cfg-path', '/tmp/tmph4ukbzj2', '--error-file', '/tmp/tmpdkgc66sf']
[2023-03-07 23:09:02,846] {standard_task_runner.py:80} INFO - Job 797: Subtask executa_codigo
[2023-03-07 23:09:02,865] {task_command.py:370} INFO - Running <TaskInstance: meu_primeiro_dag.executa_codigo scheduled__2023-03-08T02:08:00+00:00 [running]> on host veripc-System-Product-Name
[2023-03-07 23:09:02,895] {taskinstance.py:1569} INFO - Exporting the following env vars:
AIRFLOW_CTX_DAG_OWNER=airflow
AIRFLOW_CTX_DAG_ID=meu_primeiro_dag
AIRFLOW_CTX_TASK_ID=executa_codigo
AIRFLOW_CTX_EXECUTION_DATE=2023-03-08T02:08:00+00:00
AIRFLOW_CTX_TRY_NUMBER=1
AIRFLOW_CTX_DAG_RUN_ID=scheduled__2023-03-08T02:08:00+00:00
[2023-03-07 23:09:03,102] {python.py:173} INFO - Done. Returned value was: O Id da cotação é ID: 6407ee3f04b0c1d43668c784
[2023-03-07 23:09:03,118] {taskinstance.py:1395} INFO - Marking task as SUCCESS. dag_id=meu_primeiro_dag, task_id=executa_codigo, execution_date=20230308T020800, start_date=20230308T020902, end_date=20230308T020903
[2023-03-07 23:09:03,137] {local_task_job.py:156} INFO - Task exited with return code 0
[2023-03-07 23:09:03,147] {local_task_job.py:273} INFO - 0 downstream tasks scheduled from follow-on schedule check
