[2023-03-08 04:09:02,876] {taskinstance.py:1159} INFO - Dependencies all met for <TaskInstance: meu_primeiro_dag.executa_codigo scheduled__2023-03-08T07:08:00+00:00 [queued]>
[2023-03-08 04:09:02,881] {taskinstance.py:1159} INFO - Dependencies all met for <TaskInstance: meu_primeiro_dag.executa_codigo scheduled__2023-03-08T07:08:00+00:00 [queued]>
[2023-03-08 04:09:02,881] {taskinstance.py:1356} INFO - 
--------------------------------------------------------------------------------
[2023-03-08 04:09:02,881] {taskinstance.py:1357} INFO - Starting attempt 1 of 1
[2023-03-08 04:09:02,881] {taskinstance.py:1358} INFO - 
--------------------------------------------------------------------------------
[2023-03-08 04:09:02,890] {taskinstance.py:1377} INFO - Executing <Task(PythonOperator): executa_codigo> on 2023-03-08 07:08:00+00:00
[2023-03-08 04:09:02,891] {standard_task_runner.py:52} INFO - Started process 172562 to run task
[2023-03-08 04:09:02,893] {standard_task_runner.py:79} INFO - Running: ['airflow', 'tasks', 'run', 'meu_primeiro_dag', 'executa_codigo', 'scheduled__2023-03-08T07:08:00+00:00', '--job-id', '1097', '--raw', '--subdir', 'DAGS_FOLDER/cotacao_dolar.py', '--cfg-path', '/tmp/tmppxiiz9rj', '--error-file', '/tmp/tmpb7zkkjp7']
[2023-03-08 04:09:02,894] {standard_task_runner.py:80} INFO - Job 1097: Subtask executa_codigo
[2023-03-08 04:09:02,912] {task_command.py:370} INFO - Running <TaskInstance: meu_primeiro_dag.executa_codigo scheduled__2023-03-08T07:08:00+00:00 [running]> on host veripc-System-Product-Name
[2023-03-08 04:09:02,944] {taskinstance.py:1569} INFO - Exporting the following env vars:
AIRFLOW_CTX_DAG_OWNER=airflow
AIRFLOW_CTX_DAG_ID=meu_primeiro_dag
AIRFLOW_CTX_TASK_ID=executa_codigo
AIRFLOW_CTX_EXECUTION_DATE=2023-03-08T07:08:00+00:00
AIRFLOW_CTX_TRY_NUMBER=1
AIRFLOW_CTX_DAG_RUN_ID=scheduled__2023-03-08T07:08:00+00:00
[2023-03-08 04:09:03,122] {python.py:173} INFO - Done. Returned value was: O Id da cotação é ID: 6408348f49388ab5cd03ee3a
[2023-03-08 04:09:03,131] {taskinstance.py:1395} INFO - Marking task as SUCCESS. dag_id=meu_primeiro_dag, task_id=executa_codigo, execution_date=20230308T070800, start_date=20230308T070902, end_date=20230308T070903
[2023-03-08 04:09:03,145] {local_task_job.py:156} INFO - Task exited with return code 0
[2023-03-08 04:09:03,154] {local_task_job.py:273} INFO - 0 downstream tasks scheduled from follow-on schedule check
