[2023-03-08 05:23:02,485] {taskinstance.py:1159} INFO - Dependencies all met for <TaskInstance: meu_primeiro_dag.executa_codigo scheduled__2023-03-08T08:22:00+00:00 [queued]>
[2023-03-08 05:23:02,489] {taskinstance.py:1159} INFO - Dependencies all met for <TaskInstance: meu_primeiro_dag.executa_codigo scheduled__2023-03-08T08:22:00+00:00 [queued]>
[2023-03-08 05:23:02,489] {taskinstance.py:1356} INFO - 
--------------------------------------------------------------------------------
[2023-03-08 05:23:02,489] {taskinstance.py:1357} INFO - Starting attempt 1 of 1
[2023-03-08 05:23:02,489] {taskinstance.py:1358} INFO - 
--------------------------------------------------------------------------------
[2023-03-08 05:23:02,500] {taskinstance.py:1377} INFO - Executing <Task(PythonOperator): executa_codigo> on 2023-03-08 08:22:00+00:00
[2023-03-08 05:23:02,502] {standard_task_runner.py:52} INFO - Started process 181616 to run task
[2023-03-08 05:23:02,503] {standard_task_runner.py:79} INFO - Running: ['airflow', 'tasks', 'run', 'meu_primeiro_dag', 'executa_codigo', 'scheduled__2023-03-08T08:22:00+00:00', '--job-id', '1171', '--raw', '--subdir', 'DAGS_FOLDER/cotacao_dolar.py', '--cfg-path', '/tmp/tmpmj2cagtw', '--error-file', '/tmp/tmpv_q9k064']
[2023-03-08 05:23:02,504] {standard_task_runner.py:80} INFO - Job 1171: Subtask executa_codigo
[2023-03-08 05:23:02,523] {task_command.py:370} INFO - Running <TaskInstance: meu_primeiro_dag.executa_codigo scheduled__2023-03-08T08:22:00+00:00 [running]> on host veripc-System-Product-Name
[2023-03-08 05:23:02,553] {taskinstance.py:1569} INFO - Exporting the following env vars:
AIRFLOW_CTX_DAG_OWNER=airflow
AIRFLOW_CTX_DAG_ID=meu_primeiro_dag
AIRFLOW_CTX_TASK_ID=executa_codigo
AIRFLOW_CTX_EXECUTION_DATE=2023-03-08T08:22:00+00:00
AIRFLOW_CTX_TRY_NUMBER=1
AIRFLOW_CTX_DAG_RUN_ID=scheduled__2023-03-08T08:22:00+00:00
[2023-03-08 05:23:02,752] {python.py:173} INFO - Done. Returned value was: O Id da cotação é ID: 640845e62093670eedb8e926
[2023-03-08 05:23:02,770] {taskinstance.py:1395} INFO - Marking task as SUCCESS. dag_id=meu_primeiro_dag, task_id=executa_codigo, execution_date=20230308T082200, start_date=20230308T082302, end_date=20230308T082302
[2023-03-08 05:23:02,796] {local_task_job.py:156} INFO - Task exited with return code 0
[2023-03-08 05:23:02,805] {local_task_job.py:273} INFO - 0 downstream tasks scheduled from follow-on schedule check
