[2023-03-08 06:32:02,207] {taskinstance.py:1159} INFO - Dependencies all met for <TaskInstance: meu_primeiro_dag.executa_codigo scheduled__2023-03-08T09:31:00+00:00 [queued]>
[2023-03-08 06:32:02,211] {taskinstance.py:1159} INFO - Dependencies all met for <TaskInstance: meu_primeiro_dag.executa_codigo scheduled__2023-03-08T09:31:00+00:00 [queued]>
[2023-03-08 06:32:02,211] {taskinstance.py:1356} INFO - 
--------------------------------------------------------------------------------
[2023-03-08 06:32:02,211] {taskinstance.py:1357} INFO - Starting attempt 1 of 1
[2023-03-08 06:32:02,211] {taskinstance.py:1358} INFO - 
--------------------------------------------------------------------------------
[2023-03-08 06:32:02,220] {taskinstance.py:1377} INFO - Executing <Task(PythonOperator): executa_codigo> on 2023-03-08 09:31:00+00:00
[2023-03-08 06:32:02,222] {standard_task_runner.py:52} INFO - Started process 190668 to run task
[2023-03-08 06:32:02,224] {standard_task_runner.py:79} INFO - Running: ['airflow', 'tasks', 'run', 'meu_primeiro_dag', 'executa_codigo', 'scheduled__2023-03-08T09:31:00+00:00', '--job-id', '1240', '--raw', '--subdir', 'DAGS_FOLDER/cotacao_dolar.py', '--cfg-path', '/tmp/tmp5qq9fvgz', '--error-file', '/tmp/tmpny67kb3v']
[2023-03-08 06:32:02,225] {standard_task_runner.py:80} INFO - Job 1240: Subtask executa_codigo
[2023-03-08 06:32:02,243] {task_command.py:370} INFO - Running <TaskInstance: meu_primeiro_dag.executa_codigo scheduled__2023-03-08T09:31:00+00:00 [running]> on host veripc-System-Product-Name
[2023-03-08 06:32:02,273] {taskinstance.py:1569} INFO - Exporting the following env vars:
AIRFLOW_CTX_DAG_OWNER=airflow
AIRFLOW_CTX_DAG_ID=meu_primeiro_dag
AIRFLOW_CTX_TASK_ID=executa_codigo
AIRFLOW_CTX_EXECUTION_DATE=2023-03-08T09:31:00+00:00
AIRFLOW_CTX_TRY_NUMBER=1
AIRFLOW_CTX_DAG_RUN_ID=scheduled__2023-03-08T09:31:00+00:00
[2023-03-08 06:32:02,451] {python.py:173} INFO - Done. Returned value was: O Id da cotação é ID: 64085612aef964e2a3420577
[2023-03-08 06:32:02,462] {taskinstance.py:1395} INFO - Marking task as SUCCESS. dag_id=meu_primeiro_dag, task_id=executa_codigo, execution_date=20230308T093100, start_date=20230308T093202, end_date=20230308T093202
[2023-03-08 06:32:02,476] {local_task_job.py:156} INFO - Task exited with return code 0
[2023-03-08 06:32:02,485] {local_task_job.py:273} INFO - 0 downstream tasks scheduled from follow-on schedule check
