[2023-03-08 00:30:03,111] {taskinstance.py:1159} INFO - Dependencies all met for <TaskInstance: meu_primeiro_dag.executa_codigo scheduled__2023-03-08T03:29:00+00:00 [queued]>
[2023-03-08 00:30:03,115] {taskinstance.py:1159} INFO - Dependencies all met for <TaskInstance: meu_primeiro_dag.executa_codigo scheduled__2023-03-08T03:29:00+00:00 [queued]>
[2023-03-08 00:30:03,115] {taskinstance.py:1356} INFO - 
--------------------------------------------------------------------------------
[2023-03-08 00:30:03,115] {taskinstance.py:1357} INFO - Starting attempt 1 of 1
[2023-03-08 00:30:03,115] {taskinstance.py:1358} INFO - 
--------------------------------------------------------------------------------
[2023-03-08 00:30:03,275] {taskinstance.py:1377} INFO - Executing <Task(PythonOperator): executa_codigo> on 2023-03-08 03:29:00+00:00
[2023-03-08 00:30:03,281] {standard_task_runner.py:52} INFO - Started process 145470 to run task
[2023-03-08 00:30:03,288] {standard_task_runner.py:79} INFO - Running: ['airflow', 'tasks', 'run', 'meu_primeiro_dag', 'executa_codigo', 'scheduled__2023-03-08T03:29:00+00:00', '--job-id', '878', '--raw', '--subdir', 'DAGS_FOLDER/cotacao_dolar.py', '--cfg-path', '/tmp/tmphezvo8ab', '--error-file', '/tmp/tmpjehpf3g7']
[2023-03-08 00:30:03,290] {standard_task_runner.py:80} INFO - Job 878: Subtask executa_codigo
[2023-03-08 00:30:03,390] {task_command.py:370} INFO - Running <TaskInstance: meu_primeiro_dag.executa_codigo scheduled__2023-03-08T03:29:00+00:00 [running]> on host veripc-System-Product-Name
[2023-03-08 00:30:03,866] {taskinstance.py:1569} INFO - Exporting the following env vars:
AIRFLOW_CTX_DAG_OWNER=airflow
AIRFLOW_CTX_DAG_ID=meu_primeiro_dag
AIRFLOW_CTX_TASK_ID=executa_codigo
AIRFLOW_CTX_EXECUTION_DATE=2023-03-08T03:29:00+00:00
AIRFLOW_CTX_TRY_NUMBER=1
AIRFLOW_CTX_DAG_RUN_ID=scheduled__2023-03-08T03:29:00+00:00
[2023-03-08 00:30:04,058] {python.py:173} INFO - Done. Returned value was: O Id da cotação é ID: 6408013c7730201731d91d84
[2023-03-08 00:30:04,193] {taskinstance.py:1395} INFO - Marking task as SUCCESS. dag_id=meu_primeiro_dag, task_id=executa_codigo, execution_date=20230308T032900, start_date=20230308T033003, end_date=20230308T033004
[2023-03-08 00:30:04,381] {local_task_job.py:156} INFO - Task exited with return code 0
[2023-03-08 00:30:04,394] {local_task_job.py:273} INFO - 0 downstream tasks scheduled from follow-on schedule check
