[2023-03-07 16:40:02,701] {taskinstance.py:1159} INFO - Dependencies all met for <TaskInstance: meu_primeiro_dag.executa_codigo scheduled__2023-03-07T19:39:00+00:00 [queued]>
[2023-03-07 16:40:02,705] {taskinstance.py:1159} INFO - Dependencies all met for <TaskInstance: meu_primeiro_dag.executa_codigo scheduled__2023-03-07T19:39:00+00:00 [queued]>
[2023-03-07 16:40:02,705] {taskinstance.py:1356} INFO - 
--------------------------------------------------------------------------------
[2023-03-07 16:40:02,705] {taskinstance.py:1357} INFO - Starting attempt 1 of 1
[2023-03-07 16:40:02,705] {taskinstance.py:1358} INFO - 
--------------------------------------------------------------------------------
[2023-03-07 16:40:02,712] {taskinstance.py:1377} INFO - Executing <Task(PythonOperator): executa_codigo> on 2023-03-07 19:39:00+00:00
[2023-03-07 16:40:02,714] {standard_task_runner.py:52} INFO - Started process 84188 to run task
[2023-03-07 16:40:02,716] {standard_task_runner.py:79} INFO - Running: ['airflow', 'tasks', 'run', 'meu_primeiro_dag', 'executa_codigo', 'scheduled__2023-03-07T19:39:00+00:00', '--job-id', '408', '--raw', '--subdir', 'DAGS_FOLDER/cotacao_dolar.py', '--cfg-path', '/tmp/tmpbzjyj375', '--error-file', '/tmp/tmpb3c1pzgz']
[2023-03-07 16:40:02,716] {standard_task_runner.py:80} INFO - Job 408: Subtask executa_codigo
[2023-03-07 16:40:02,736] {task_command.py:370} INFO - Running <TaskInstance: meu_primeiro_dag.executa_codigo scheduled__2023-03-07T19:39:00+00:00 [running]> on host veripc-System-Product-Name
[2023-03-07 16:40:02,764] {taskinstance.py:1569} INFO - Exporting the following env vars:
AIRFLOW_CTX_DAG_OWNER=airflow
AIRFLOW_CTX_DAG_ID=meu_primeiro_dag
AIRFLOW_CTX_TASK_ID=executa_codigo
AIRFLOW_CTX_EXECUTION_DATE=2023-03-07T19:39:00+00:00
AIRFLOW_CTX_TRY_NUMBER=1
AIRFLOW_CTX_DAG_RUN_ID=scheduled__2023-03-07T19:39:00+00:00
[2023-03-07 16:40:03,065] {python.py:173} INFO - Done. Returned value was: O Id da cotação é ID: 64079313a59f69bba479748d
[2023-03-07 16:40:03,079] {taskinstance.py:1395} INFO - Marking task as SUCCESS. dag_id=meu_primeiro_dag, task_id=executa_codigo, execution_date=20230307T193900, start_date=20230307T194002, end_date=20230307T194003
[2023-03-07 16:40:03,088] {local_task_job.py:156} INFO - Task exited with return code 0
[2023-03-07 16:40:03,097] {local_task_job.py:273} INFO - 0 downstream tasks scheduled from follow-on schedule check
