[2023-03-07 22:12:02,535] {taskinstance.py:1159} INFO - Dependencies all met for <TaskInstance: meu_primeiro_dag.executa_codigo scheduled__2023-03-08T01:11:00+00:00 [queued]>
[2023-03-07 22:12:02,539] {taskinstance.py:1159} INFO - Dependencies all met for <TaskInstance: meu_primeiro_dag.executa_codigo scheduled__2023-03-08T01:11:00+00:00 [queued]>
[2023-03-07 22:12:02,539] {taskinstance.py:1356} INFO - 
--------------------------------------------------------------------------------
[2023-03-07 22:12:02,539] {taskinstance.py:1357} INFO - Starting attempt 1 of 1
[2023-03-07 22:12:02,539] {taskinstance.py:1358} INFO - 
--------------------------------------------------------------------------------
[2023-03-07 22:12:02,548] {taskinstance.py:1377} INFO - Executing <Task(PythonOperator): executa_codigo> on 2023-03-08 01:11:00+00:00
[2023-03-07 22:12:02,549] {standard_task_runner.py:52} INFO - Started process 126747 to run task
[2023-03-07 22:12:02,551] {standard_task_runner.py:79} INFO - Running: ['airflow', 'tasks', 'run', 'meu_primeiro_dag', 'executa_codigo', 'scheduled__2023-03-08T01:11:00+00:00', '--job-id', '740', '--raw', '--subdir', 'DAGS_FOLDER/cotacao_dolar.py', '--cfg-path', '/tmp/tmpq1pojpgn', '--error-file', '/tmp/tmpl_etdsn2']
[2023-03-07 22:12:02,551] {standard_task_runner.py:80} INFO - Job 740: Subtask executa_codigo
[2023-03-07 22:12:02,571] {task_command.py:370} INFO - Running <TaskInstance: meu_primeiro_dag.executa_codigo scheduled__2023-03-08T01:11:00+00:00 [running]> on host veripc-System-Product-Name
[2023-03-07 22:12:02,600] {taskinstance.py:1569} INFO - Exporting the following env vars:
AIRFLOW_CTX_DAG_OWNER=airflow
AIRFLOW_CTX_DAG_ID=meu_primeiro_dag
AIRFLOW_CTX_TASK_ID=executa_codigo
AIRFLOW_CTX_EXECUTION_DATE=2023-03-08T01:11:00+00:00
AIRFLOW_CTX_TRY_NUMBER=1
AIRFLOW_CTX_DAG_RUN_ID=scheduled__2023-03-08T01:11:00+00:00
[2023-03-07 22:12:02,806] {python.py:173} INFO - Done. Returned value was: O Id da cotação é ID: 6407e0e2055bd4fc7eb4d465
[2023-03-07 22:12:02,822] {taskinstance.py:1395} INFO - Marking task as SUCCESS. dag_id=meu_primeiro_dag, task_id=executa_codigo, execution_date=20230308T011100, start_date=20230308T011202, end_date=20230308T011202
[2023-03-07 22:12:02,843] {local_task_job.py:156} INFO - Task exited with return code 0
[2023-03-07 22:12:02,853] {local_task_job.py:273} INFO - 0 downstream tasks scheduled from follow-on schedule check
