[2023-03-07 14:43:07,670] {taskinstance.py:1159} INFO - Dependencies all met for <TaskInstance: meu_primeiro_dag.executa_codigo scheduled__2023-03-06T00:08:00+00:00 [queued]>
[2023-03-07 14:43:07,674] {taskinstance.py:1159} INFO - Dependencies all met for <TaskInstance: meu_primeiro_dag.executa_codigo scheduled__2023-03-06T00:08:00+00:00 [queued]>
[2023-03-07 14:43:07,674] {taskinstance.py:1356} INFO - 
--------------------------------------------------------------------------------
[2023-03-07 14:43:07,674] {taskinstance.py:1357} INFO - Starting attempt 1 of 1
[2023-03-07 14:43:07,674] {taskinstance.py:1358} INFO - 
--------------------------------------------------------------------------------
[2023-03-07 14:43:07,683] {taskinstance.py:1377} INFO - Executing <Task(PythonOperator): executa_codigo> on 2023-03-06 00:08:00+00:00
[2023-03-07 14:43:07,687] {standard_task_runner.py:52} INFO - Started process 65492 to run task
[2023-03-07 14:43:07,689] {standard_task_runner.py:79} INFO - Running: ['airflow', 'tasks', 'run', 'meu_primeiro_dag', 'executa_codigo', 'scheduled__2023-03-06T00:08:00+00:00', '--job-id', '96', '--raw', '--subdir', 'DAGS_FOLDER/cotacao_dolar.py', '--cfg-path', '/tmp/tmpb8_qva7c', '--error-file', '/tmp/tmpid8n2ucm']
[2023-03-07 14:43:07,689] {standard_task_runner.py:80} INFO - Job 96: Subtask executa_codigo
[2023-03-07 14:43:07,713] {task_command.py:370} INFO - Running <TaskInstance: meu_primeiro_dag.executa_codigo scheduled__2023-03-06T00:08:00+00:00 [running]> on host veripc-System-Product-Name
[2023-03-07 14:43:07,754] {taskinstance.py:1569} INFO - Exporting the following env vars:
AIRFLOW_CTX_DAG_OWNER=airflow
AIRFLOW_CTX_DAG_ID=meu_primeiro_dag
AIRFLOW_CTX_TASK_ID=executa_codigo
AIRFLOW_CTX_EXECUTION_DATE=2023-03-06T00:08:00+00:00
AIRFLOW_CTX_TRY_NUMBER=1
AIRFLOW_CTX_DAG_RUN_ID=scheduled__2023-03-06T00:08:00+00:00
[2023-03-07 14:43:07,991] {python.py:173} INFO - Done. Returned value was: O Id da cotação é ID: 640777ab9d2253669dc7ac2e
[2023-03-07 14:43:08,004] {taskinstance.py:1395} INFO - Marking task as SUCCESS. dag_id=meu_primeiro_dag, task_id=executa_codigo, execution_date=20230306T000800, start_date=20230307T174307, end_date=20230307T174308
[2023-03-07 14:43:08,021] {local_task_job.py:156} INFO - Task exited with return code 0
[2023-03-07 14:43:08,032] {local_task_job.py:273} INFO - 0 downstream tasks scheduled from follow-on schedule check
