[2023-03-08 07:49:02,784] {taskinstance.py:1159} INFO - Dependencies all met for <TaskInstance: meu_primeiro_dag.executa_codigo scheduled__2023-03-08T10:48:00+00:00 [queued]>
[2023-03-08 07:49:02,788] {taskinstance.py:1159} INFO - Dependencies all met for <TaskInstance: meu_primeiro_dag.executa_codigo scheduled__2023-03-08T10:48:00+00:00 [queued]>
[2023-03-08 07:49:02,789] {taskinstance.py:1356} INFO - 
--------------------------------------------------------------------------------
[2023-03-08 07:49:02,789] {taskinstance.py:1357} INFO - Starting attempt 1 of 1
[2023-03-08 07:49:02,789] {taskinstance.py:1358} INFO - 
--------------------------------------------------------------------------------
[2023-03-08 07:49:02,797] {taskinstance.py:1377} INFO - Executing <Task(PythonOperator): executa_codigo> on 2023-03-08 10:48:00+00:00
[2023-03-08 07:49:02,798] {standard_task_runner.py:52} INFO - Started process 207010 to run task
[2023-03-08 07:49:02,800] {standard_task_runner.py:79} INFO - Running: ['airflow', 'tasks', 'run', 'meu_primeiro_dag', 'executa_codigo', 'scheduled__2023-03-08T10:48:00+00:00', '--job-id', '1317', '--raw', '--subdir', 'DAGS_FOLDER/cotacao_dolar.py', '--cfg-path', '/tmp/tmpjjuf66ig', '--error-file', '/tmp/tmpi2qqy7h_']
[2023-03-08 07:49:02,801] {standard_task_runner.py:80} INFO - Job 1317: Subtask executa_codigo
[2023-03-08 07:49:02,824] {task_command.py:370} INFO - Running <TaskInstance: meu_primeiro_dag.executa_codigo scheduled__2023-03-08T10:48:00+00:00 [running]> on host veripc-System-Product-Name
[2023-03-08 07:49:02,854] {taskinstance.py:1569} INFO - Exporting the following env vars:
AIRFLOW_CTX_DAG_OWNER=airflow
AIRFLOW_CTX_DAG_ID=meu_primeiro_dag
AIRFLOW_CTX_TASK_ID=executa_codigo
AIRFLOW_CTX_EXECUTION_DATE=2023-03-08T10:48:00+00:00
AIRFLOW_CTX_TRY_NUMBER=1
AIRFLOW_CTX_DAG_RUN_ID=scheduled__2023-03-08T10:48:00+00:00
[2023-03-08 07:49:03,021] {python.py:173} INFO - Done. Returned value was: O Id da cotação é ID: 6408681f971ec35dde95c5e9
[2023-03-08 07:49:03,031] {taskinstance.py:1395} INFO - Marking task as SUCCESS. dag_id=meu_primeiro_dag, task_id=executa_codigo, execution_date=20230308T104800, start_date=20230308T104902, end_date=20230308T104903
[2023-03-08 07:49:03,052] {local_task_job.py:156} INFO - Task exited with return code 0
[2023-03-08 07:49:03,061] {local_task_job.py:273} INFO - 0 downstream tasks scheduled from follow-on schedule check
