[2023-03-07 12:08:28,300] {processor.py:153} INFO - Started process (PID=40729) to work on /home/veri-pc/.local/lib/python3.10/site-packages/airflow/example_dags/example_branch_day_of_week_operator.py
[2023-03-07 12:08:28,302] {processor.py:641} INFO - Processing file /home/veri-pc/.local/lib/python3.10/site-packages/airflow/example_dags/example_branch_day_of_week_operator.py for tasks to queue
[2023-03-07 12:08:28,303] {logging_mixin.py:115} INFO - [2023-03-07 12:08:28,303] {dagbag.py:507} INFO - Filling up the DagBag from /home/veri-pc/.local/lib/python3.10/site-packages/airflow/example_dags/example_branch_day_of_week_operator.py
[2023-03-07 12:08:28,324] {processor.py:651} INFO - DAG(s) dict_keys(['example_weekday_branch_operator']) retrieved from /home/veri-pc/.local/lib/python3.10/site-packages/airflow/example_dags/example_branch_day_of_week_operator.py
[2023-03-07 12:08:28,367] {logging_mixin.py:115} INFO - [2023-03-07 12:08:28,366] {manager.py:508} INFO - Created Permission View: can read on DAG:example_weekday_branch_operator
[2023-03-07 12:08:28,373] {logging_mixin.py:115} INFO - [2023-03-07 12:08:28,373] {manager.py:508} INFO - Created Permission View: can edit on DAG:example_weekday_branch_operator
[2023-03-07 12:08:28,377] {logging_mixin.py:115} INFO - [2023-03-07 12:08:28,377] {manager.py:508} INFO - Created Permission View: can delete on DAG:example_weekday_branch_operator
[2023-03-07 12:08:28,377] {logging_mixin.py:115} INFO - [2023-03-07 12:08:28,377] {dag.py:2379} INFO - Sync 1 DAGs
[2023-03-07 12:08:28,381] {logging_mixin.py:115} INFO - [2023-03-07 12:08:28,381] {dag.py:2398} INFO - Creating ORM DAG for example_weekday_branch_operator
[2023-03-07 12:08:28,389] {logging_mixin.py:115} INFO - [2023-03-07 12:08:28,388] {dag.py:2927} INFO - Setting next_dagrun for example_weekday_branch_operator to 2023-03-06T00:00:00+00:00, run_after=2023-03-07T00:00:00+00:00
[2023-03-07 12:08:28,400] {processor.py:161} INFO - Processing /home/veri-pc/.local/lib/python3.10/site-packages/airflow/example_dags/example_branch_day_of_week_operator.py took 0.106 seconds
[2023-03-07 12:09:01,912] {processor.py:153} INFO - Started process (PID=40832) to work on /home/veri-pc/.local/lib/python3.10/site-packages/airflow/example_dags/example_branch_day_of_week_operator.py
[2023-03-07 12:09:01,913] {processor.py:641} INFO - Processing file /home/veri-pc/.local/lib/python3.10/site-packages/airflow/example_dags/example_branch_day_of_week_operator.py for tasks to queue
[2023-03-07 12:09:01,913] {logging_mixin.py:115} INFO - [2023-03-07 12:09:01,913] {dagbag.py:507} INFO - Filling up the DagBag from /home/veri-pc/.local/lib/python3.10/site-packages/airflow/example_dags/example_branch_day_of_week_operator.py
[2023-03-07 12:09:01,920] {processor.py:651} INFO - DAG(s) dict_keys(['example_weekday_branch_operator']) retrieved from /home/veri-pc/.local/lib/python3.10/site-packages/airflow/example_dags/example_branch_day_of_week_operator.py
[2023-03-07 12:09:01,929] {logging_mixin.py:115} INFO - [2023-03-07 12:09:01,929] {dag.py:2379} INFO - Sync 1 DAGs
[2023-03-07 12:09:01,942] {logging_mixin.py:115} INFO - [2023-03-07 12:09:01,942] {dag.py:2927} INFO - Setting next_dagrun for example_weekday_branch_operator to 2023-03-06T00:00:00+00:00, run_after=2023-03-07T00:00:00+00:00
[2023-03-07 12:09:01,950] {processor.py:161} INFO - Processing /home/veri-pc/.local/lib/python3.10/site-packages/airflow/example_dags/example_branch_day_of_week_operator.py took 0.039 seconds
[2023-03-07 12:09:35,030] {processor.py:153} INFO - Started process (PID=40914) to work on /home/veri-pc/.local/lib/python3.10/site-packages/airflow/example_dags/example_branch_day_of_week_operator.py
[2023-03-07 12:09:35,031] {processor.py:641} INFO - Processing file /home/veri-pc/.local/lib/python3.10/site-packages/airflow/example_dags/example_branch_day_of_week_operator.py for tasks to queue
[2023-03-07 12:09:35,032] {logging_mixin.py:115} INFO - [2023-03-07 12:09:35,032] {dagbag.py:507} INFO - Filling up the DagBag from /home/veri-pc/.local/lib/python3.10/site-packages/airflow/example_dags/example_branch_day_of_week_operator.py
[2023-03-07 12:09:35,054] {processor.py:651} INFO - DAG(s) dict_keys(['example_weekday_branch_operator']) retrieved from /home/veri-pc/.local/lib/python3.10/site-packages/airflow/example_dags/example_branch_day_of_week_operator.py
[2023-03-07 12:09:35,068] {logging_mixin.py:115} INFO - [2023-03-07 12:09:35,068] {dag.py:2379} INFO - Sync 1 DAGs
[2023-03-07 12:09:35,082] {logging_mixin.py:115} INFO - [2023-03-07 12:09:35,082] {dag.py:2927} INFO - Setting next_dagrun for example_weekday_branch_operator to 2023-03-06T00:00:00+00:00, run_after=2023-03-07T00:00:00+00:00
[2023-03-07 12:09:35,089] {processor.py:161} INFO - Processing /home/veri-pc/.local/lib/python3.10/site-packages/airflow/example_dags/example_branch_day_of_week_operator.py took 0.066 seconds
[2023-03-07 12:10:09,926] {processor.py:153} INFO - Started process (PID=41000) to work on /home/veri-pc/.local/lib/python3.10/site-packages/airflow/example_dags/example_branch_day_of_week_operator.py
[2023-03-07 12:10:09,927] {processor.py:641} INFO - Processing file /home/veri-pc/.local/lib/python3.10/site-packages/airflow/example_dags/example_branch_day_of_week_operator.py for tasks to queue
[2023-03-07 12:10:09,929] {logging_mixin.py:115} INFO - [2023-03-07 12:10:09,928] {dagbag.py:507} INFO - Filling up the DagBag from /home/veri-pc/.local/lib/python3.10/site-packages/airflow/example_dags/example_branch_day_of_week_operator.py
[2023-03-07 12:10:09,950] {processor.py:651} INFO - DAG(s) dict_keys(['example_weekday_branch_operator']) retrieved from /home/veri-pc/.local/lib/python3.10/site-packages/airflow/example_dags/example_branch_day_of_week_operator.py
[2023-03-07 12:10:09,963] {logging_mixin.py:115} INFO - [2023-03-07 12:10:09,963] {dag.py:2379} INFO - Sync 1 DAGs
[2023-03-07 12:10:09,977] {logging_mixin.py:115} INFO - [2023-03-07 12:10:09,977] {dag.py:2927} INFO - Setting next_dagrun for example_weekday_branch_operator to 2023-03-06T00:00:00+00:00, run_after=2023-03-07T00:00:00+00:00
[2023-03-07 12:10:09,986] {processor.py:161} INFO - Processing /home/veri-pc/.local/lib/python3.10/site-packages/airflow/example_dags/example_branch_day_of_week_operator.py took 0.067 seconds
[2023-03-07 12:10:43,162] {processor.py:153} INFO - Started process (PID=41089) to work on /home/veri-pc/.local/lib/python3.10/site-packages/airflow/example_dags/example_branch_day_of_week_operator.py
[2023-03-07 12:10:43,164] {processor.py:641} INFO - Processing file /home/veri-pc/.local/lib/python3.10/site-packages/airflow/example_dags/example_branch_day_of_week_operator.py for tasks to queue
[2023-03-07 12:10:43,166] {logging_mixin.py:115} INFO - [2023-03-07 12:10:43,165] {dagbag.py:507} INFO - Filling up the DagBag from /home/veri-pc/.local/lib/python3.10/site-packages/airflow/example_dags/example_branch_day_of_week_operator.py
[2023-03-07 12:10:43,186] {processor.py:651} INFO - DAG(s) dict_keys(['example_weekday_branch_operator']) retrieved from /home/veri-pc/.local/lib/python3.10/site-packages/airflow/example_dags/example_branch_day_of_week_operator.py
[2023-03-07 12:10:43,199] {logging_mixin.py:115} INFO - [2023-03-07 12:10:43,199] {dag.py:2379} INFO - Sync 1 DAGs
[2023-03-07 12:10:43,212] {logging_mixin.py:115} INFO - [2023-03-07 12:10:43,212] {dag.py:2927} INFO - Setting next_dagrun for example_weekday_branch_operator to 2023-03-06T00:00:00+00:00, run_after=2023-03-07T00:00:00+00:00
[2023-03-07 12:10:43,219] {processor.py:161} INFO - Processing /home/veri-pc/.local/lib/python3.10/site-packages/airflow/example_dags/example_branch_day_of_week_operator.py took 0.064 seconds
[2023-03-07 12:11:17,776] {processor.py:153} INFO - Started process (PID=41185) to work on /home/veri-pc/.local/lib/python3.10/site-packages/airflow/example_dags/example_branch_day_of_week_operator.py
[2023-03-07 12:11:17,777] {processor.py:641} INFO - Processing file /home/veri-pc/.local/lib/python3.10/site-packages/airflow/example_dags/example_branch_day_of_week_operator.py for tasks to queue
[2023-03-07 12:11:17,777] {logging_mixin.py:115} INFO - [2023-03-07 12:11:17,777] {dagbag.py:507} INFO - Filling up the DagBag from /home/veri-pc/.local/lib/python3.10/site-packages/airflow/example_dags/example_branch_day_of_week_operator.py
[2023-03-07 12:11:17,784] {processor.py:651} INFO - DAG(s) dict_keys(['example_weekday_branch_operator']) retrieved from /home/veri-pc/.local/lib/python3.10/site-packages/airflow/example_dags/example_branch_day_of_week_operator.py
[2023-03-07 12:11:17,792] {logging_mixin.py:115} INFO - [2023-03-07 12:11:17,792] {dag.py:2379} INFO - Sync 1 DAGs
[2023-03-07 12:11:17,804] {logging_mixin.py:115} INFO - [2023-03-07 12:11:17,804] {dag.py:2927} INFO - Setting next_dagrun for example_weekday_branch_operator to 2023-03-06T00:00:00+00:00, run_after=2023-03-07T00:00:00+00:00
[2023-03-07 12:11:17,812] {processor.py:161} INFO - Processing /home/veri-pc/.local/lib/python3.10/site-packages/airflow/example_dags/example_branch_day_of_week_operator.py took 0.037 seconds
[2023-03-07 12:12:04,047] {processor.py:153} INFO - Started process (PID=41399) to work on /home/veri-pc/.local/lib/python3.10/site-packages/airflow/example_dags/example_branch_day_of_week_operator.py
[2023-03-07 12:12:04,049] {processor.py:641} INFO - Processing file /home/veri-pc/.local/lib/python3.10/site-packages/airflow/example_dags/example_branch_day_of_week_operator.py for tasks to queue
[2023-03-07 12:12:04,050] {logging_mixin.py:115} INFO - [2023-03-07 12:12:04,050] {dagbag.py:507} INFO - Filling up the DagBag from /home/veri-pc/.local/lib/python3.10/site-packages/airflow/example_dags/example_branch_day_of_week_operator.py
[2023-03-07 12:12:04,067] {processor.py:651} INFO - DAG(s) dict_keys(['example_weekday_branch_operator']) retrieved from /home/veri-pc/.local/lib/python3.10/site-packages/airflow/example_dags/example_branch_day_of_week_operator.py
[2023-03-07 12:12:04,084] {logging_mixin.py:115} INFO - [2023-03-07 12:12:04,084] {dag.py:2379} INFO - Sync 1 DAGs
[2023-03-07 12:12:04,098] {logging_mixin.py:115} INFO - [2023-03-07 12:12:04,097] {dag.py:2927} INFO - Setting next_dagrun for example_weekday_branch_operator to 2023-03-06T00:00:00+00:00, run_after=2023-03-07T00:00:00+00:00
[2023-03-07 12:12:04,107] {processor.py:161} INFO - Processing /home/veri-pc/.local/lib/python3.10/site-packages/airflow/example_dags/example_branch_day_of_week_operator.py took 0.066 seconds
[2023-03-07 12:12:37,763] {processor.py:153} INFO - Started process (PID=41487) to work on /home/veri-pc/.local/lib/python3.10/site-packages/airflow/example_dags/example_branch_day_of_week_operator.py
[2023-03-07 12:12:37,793] {processor.py:641} INFO - Processing file /home/veri-pc/.local/lib/python3.10/site-packages/airflow/example_dags/example_branch_day_of_week_operator.py for tasks to queue
[2023-03-07 12:12:37,794] {logging_mixin.py:115} INFO - [2023-03-07 12:12:37,794] {dagbag.py:507} INFO - Filling up the DagBag from /home/veri-pc/.local/lib/python3.10/site-packages/airflow/example_dags/example_branch_day_of_week_operator.py
[2023-03-07 12:12:37,799] {processor.py:651} INFO - DAG(s) dict_keys(['example_weekday_branch_operator']) retrieved from /home/veri-pc/.local/lib/python3.10/site-packages/airflow/example_dags/example_branch_day_of_week_operator.py
[2023-03-07 12:12:37,809] {logging_mixin.py:115} INFO - [2023-03-07 12:12:37,809] {dag.py:2379} INFO - Sync 1 DAGs
[2023-03-07 12:12:37,821] {logging_mixin.py:115} INFO - [2023-03-07 12:12:37,821] {dag.py:2927} INFO - Setting next_dagrun for example_weekday_branch_operator to 2023-03-06T00:00:00+00:00, run_after=2023-03-07T00:00:00+00:00
[2023-03-07 12:12:37,872] {processor.py:161} INFO - Processing /home/veri-pc/.local/lib/python3.10/site-packages/airflow/example_dags/example_branch_day_of_week_operator.py took 0.110 seconds
[2023-03-07 12:13:17,568] {processor.py:153} INFO - Started process (PID=41598) to work on /home/veri-pc/.local/lib/python3.10/site-packages/airflow/example_dags/example_branch_day_of_week_operator.py
[2023-03-07 12:13:17,569] {processor.py:641} INFO - Processing file /home/veri-pc/.local/lib/python3.10/site-packages/airflow/example_dags/example_branch_day_of_week_operator.py for tasks to queue
[2023-03-07 12:13:17,570] {logging_mixin.py:115} INFO - [2023-03-07 12:13:17,570] {dagbag.py:507} INFO - Filling up the DagBag from /home/veri-pc/.local/lib/python3.10/site-packages/airflow/example_dags/example_branch_day_of_week_operator.py
[2023-03-07 12:13:17,583] {processor.py:651} INFO - DAG(s) dict_keys(['example_weekday_branch_operator']) retrieved from /home/veri-pc/.local/lib/python3.10/site-packages/airflow/example_dags/example_branch_day_of_week_operator.py
[2023-03-07 12:13:17,601] {logging_mixin.py:115} INFO - [2023-03-07 12:13:17,601] {dag.py:2379} INFO - Sync 1 DAGs
[2023-03-07 12:13:17,616] {logging_mixin.py:115} INFO - [2023-03-07 12:13:17,616] {dag.py:2927} INFO - Setting next_dagrun for example_weekday_branch_operator to 2023-03-06T00:00:00+00:00, run_after=2023-03-07T00:00:00+00:00
[2023-03-07 12:13:17,624] {processor.py:161} INFO - Processing /home/veri-pc/.local/lib/python3.10/site-packages/airflow/example_dags/example_branch_day_of_week_operator.py took 0.060 seconds
