[2023-03-07 08:41:08,137] {processor.py:153} INFO - Started process (PID=8203) to work on /home/veri-pc/.local/lib/python3.10/site-packages/airflow/example_dags/example_branch_datetime_operator.py
[2023-03-07 08:41:08,138] {processor.py:641} INFO - Processing file /home/veri-pc/.local/lib/python3.10/site-packages/airflow/example_dags/example_branch_datetime_operator.py for tasks to queue
[2023-03-07 08:41:08,139] {logging_mixin.py:115} INFO - [2023-03-07 08:41:08,139] {dagbag.py:507} INFO - Filling up the DagBag from /home/veri-pc/.local/lib/python3.10/site-packages/airflow/example_dags/example_branch_datetime_operator.py
[2023-03-07 08:41:08,161] {processor.py:651} INFO - DAG(s) dict_keys(['example_branch_datetime_operator_2']) retrieved from /home/veri-pc/.local/lib/python3.10/site-packages/airflow/example_dags/example_branch_datetime_operator.py
[2023-03-07 08:41:08,203] {logging_mixin.py:115} INFO - [2023-03-07 08:41:08,203] {manager.py:508} INFO - Created Permission View: can delete on DAG:example_branch_datetime_operator_2
[2023-03-07 08:41:08,211] {logging_mixin.py:115} INFO - [2023-03-07 08:41:08,211] {manager.py:508} INFO - Created Permission View: can read on DAG:example_branch_datetime_operator_2
[2023-03-07 08:41:08,216] {logging_mixin.py:115} INFO - [2023-03-07 08:41:08,216] {manager.py:508} INFO - Created Permission View: can edit on DAG:example_branch_datetime_operator_2
[2023-03-07 08:41:08,216] {logging_mixin.py:115} INFO - [2023-03-07 08:41:08,216] {dag.py:2379} INFO - Sync 1 DAGs
[2023-03-07 08:41:08,220] {logging_mixin.py:115} INFO - [2023-03-07 08:41:08,220] {dag.py:2398} INFO - Creating ORM DAG for example_branch_datetime_operator_2
[2023-03-07 08:41:08,226] {logging_mixin.py:115} INFO - [2023-03-07 08:41:08,226] {dag.py:2927} INFO - Setting next_dagrun for example_branch_datetime_operator_2 to 2023-03-06T00:00:00+00:00, run_after=2023-03-07T00:00:00+00:00
[2023-03-07 08:41:08,237] {processor.py:161} INFO - Processing /home/veri-pc/.local/lib/python3.10/site-packages/airflow/example_dags/example_branch_datetime_operator.py took 0.106 seconds
[2023-03-07 08:41:42,856] {processor.py:153} INFO - Started process (PID=8276) to work on /home/veri-pc/.local/lib/python3.10/site-packages/airflow/example_dags/example_branch_datetime_operator.py
[2023-03-07 08:41:42,857] {processor.py:641} INFO - Processing file /home/veri-pc/.local/lib/python3.10/site-packages/airflow/example_dags/example_branch_datetime_operator.py for tasks to queue
[2023-03-07 08:41:42,857] {logging_mixin.py:115} INFO - [2023-03-07 08:41:42,857] {dagbag.py:507} INFO - Filling up the DagBag from /home/veri-pc/.local/lib/python3.10/site-packages/airflow/example_dags/example_branch_datetime_operator.py
[2023-03-07 08:41:42,867] {processor.py:651} INFO - DAG(s) dict_keys(['example_branch_datetime_operator_2']) retrieved from /home/veri-pc/.local/lib/python3.10/site-packages/airflow/example_dags/example_branch_datetime_operator.py
[2023-03-07 08:41:42,879] {logging_mixin.py:115} INFO - [2023-03-07 08:41:42,879] {dag.py:2379} INFO - Sync 1 DAGs
[2023-03-07 08:41:42,893] {logging_mixin.py:115} INFO - [2023-03-07 08:41:42,893] {dag.py:2927} INFO - Setting next_dagrun for example_branch_datetime_operator_2 to 2023-03-06T00:00:00+00:00, run_after=2023-03-07T00:00:00+00:00
[2023-03-07 08:41:42,902] {processor.py:161} INFO - Processing /home/veri-pc/.local/lib/python3.10/site-packages/airflow/example_dags/example_branch_datetime_operator.py took 0.048 seconds
[2023-03-07 08:42:16,336] {processor.py:153} INFO - Started process (PID=8344) to work on /home/veri-pc/.local/lib/python3.10/site-packages/airflow/example_dags/example_branch_datetime_operator.py
[2023-03-07 08:42:16,337] {processor.py:641} INFO - Processing file /home/veri-pc/.local/lib/python3.10/site-packages/airflow/example_dags/example_branch_datetime_operator.py for tasks to queue
[2023-03-07 08:42:16,339] {logging_mixin.py:115} INFO - [2023-03-07 08:42:16,338] {dagbag.py:507} INFO - Filling up the DagBag from /home/veri-pc/.local/lib/python3.10/site-packages/airflow/example_dags/example_branch_datetime_operator.py
[2023-03-07 08:42:16,361] {processor.py:651} INFO - DAG(s) dict_keys(['example_branch_datetime_operator_2']) retrieved from /home/veri-pc/.local/lib/python3.10/site-packages/airflow/example_dags/example_branch_datetime_operator.py
[2023-03-07 08:42:16,374] {logging_mixin.py:115} INFO - [2023-03-07 08:42:16,374] {dag.py:2379} INFO - Sync 1 DAGs
[2023-03-07 08:42:16,387] {logging_mixin.py:115} INFO - [2023-03-07 08:42:16,387] {dag.py:2927} INFO - Setting next_dagrun for example_branch_datetime_operator_2 to 2023-03-06T00:00:00+00:00, run_after=2023-03-07T00:00:00+00:00
[2023-03-07 08:42:16,395] {processor.py:161} INFO - Processing /home/veri-pc/.local/lib/python3.10/site-packages/airflow/example_dags/example_branch_datetime_operator.py took 0.065 seconds
[2023-03-07 08:42:50,754] {processor.py:153} INFO - Started process (PID=8414) to work on /home/veri-pc/.local/lib/python3.10/site-packages/airflow/example_dags/example_branch_datetime_operator.py
[2023-03-07 08:42:50,755] {processor.py:641} INFO - Processing file /home/veri-pc/.local/lib/python3.10/site-packages/airflow/example_dags/example_branch_datetime_operator.py for tasks to queue
[2023-03-07 08:42:50,757] {logging_mixin.py:115} INFO - [2023-03-07 08:42:50,756] {dagbag.py:507} INFO - Filling up the DagBag from /home/veri-pc/.local/lib/python3.10/site-packages/airflow/example_dags/example_branch_datetime_operator.py
[2023-03-07 08:42:50,778] {processor.py:651} INFO - DAG(s) dict_keys(['example_branch_datetime_operator_2']) retrieved from /home/veri-pc/.local/lib/python3.10/site-packages/airflow/example_dags/example_branch_datetime_operator.py
[2023-03-07 08:42:50,792] {logging_mixin.py:115} INFO - [2023-03-07 08:42:50,792] {dag.py:2379} INFO - Sync 1 DAGs
[2023-03-07 08:42:50,805] {logging_mixin.py:115} INFO - [2023-03-07 08:42:50,805] {dag.py:2927} INFO - Setting next_dagrun for example_branch_datetime_operator_2 to 2023-03-06T00:00:00+00:00, run_after=2023-03-07T00:00:00+00:00
[2023-03-07 08:42:50,813] {processor.py:161} INFO - Processing /home/veri-pc/.local/lib/python3.10/site-packages/airflow/example_dags/example_branch_datetime_operator.py took 0.065 seconds
[2023-03-07 08:43:27,373] {processor.py:153} INFO - Started process (PID=8503) to work on /home/veri-pc/.local/lib/python3.10/site-packages/airflow/example_dags/example_branch_datetime_operator.py
[2023-03-07 08:43:27,375] {processor.py:641} INFO - Processing file /home/veri-pc/.local/lib/python3.10/site-packages/airflow/example_dags/example_branch_datetime_operator.py for tasks to queue
[2023-03-07 08:43:27,376] {logging_mixin.py:115} INFO - [2023-03-07 08:43:27,375] {dagbag.py:507} INFO - Filling up the DagBag from /home/veri-pc/.local/lib/python3.10/site-packages/airflow/example_dags/example_branch_datetime_operator.py
[2023-03-07 08:43:27,389] {processor.py:651} INFO - DAG(s) dict_keys(['example_branch_datetime_operator_2']) retrieved from /home/veri-pc/.local/lib/python3.10/site-packages/airflow/example_dags/example_branch_datetime_operator.py
[2023-03-07 08:43:27,400] {logging_mixin.py:115} INFO - [2023-03-07 08:43:27,400] {dag.py:2379} INFO - Sync 1 DAGs
[2023-03-07 08:43:27,412] {logging_mixin.py:115} INFO - [2023-03-07 08:43:27,412] {dag.py:2927} INFO - Setting next_dagrun for example_branch_datetime_operator_2 to 2023-03-06T00:00:00+00:00, run_after=2023-03-07T00:00:00+00:00
[2023-03-07 08:43:27,419] {processor.py:161} INFO - Processing /home/veri-pc/.local/lib/python3.10/site-packages/airflow/example_dags/example_branch_datetime_operator.py took 0.052 seconds
[2023-03-07 08:43:58,893] {processor.py:153} INFO - Started process (PID=8562) to work on /home/veri-pc/.local/lib/python3.10/site-packages/airflow/example_dags/example_branch_datetime_operator.py
[2023-03-07 08:43:58,894] {processor.py:641} INFO - Processing file /home/veri-pc/.local/lib/python3.10/site-packages/airflow/example_dags/example_branch_datetime_operator.py for tasks to queue
[2023-03-07 08:43:58,895] {logging_mixin.py:115} INFO - [2023-03-07 08:43:58,895] {dagbag.py:507} INFO - Filling up the DagBag from /home/veri-pc/.local/lib/python3.10/site-packages/airflow/example_dags/example_branch_datetime_operator.py
[2023-03-07 08:43:58,917] {processor.py:651} INFO - DAG(s) dict_keys(['example_branch_datetime_operator_2']) retrieved from /home/veri-pc/.local/lib/python3.10/site-packages/airflow/example_dags/example_branch_datetime_operator.py
[2023-03-07 08:43:58,929] {logging_mixin.py:115} INFO - [2023-03-07 08:43:58,929] {dag.py:2379} INFO - Sync 1 DAGs
[2023-03-07 08:43:58,943] {logging_mixin.py:115} INFO - [2023-03-07 08:43:58,943] {dag.py:2927} INFO - Setting next_dagrun for example_branch_datetime_operator_2 to 2023-03-06T00:00:00+00:00, run_after=2023-03-07T00:00:00+00:00
[2023-03-07 08:43:58,953] {processor.py:161} INFO - Processing /home/veri-pc/.local/lib/python3.10/site-packages/airflow/example_dags/example_branch_datetime_operator.py took 0.067 seconds
[2023-03-07 08:44:32,461] {processor.py:153} INFO - Started process (PID=8640) to work on /home/veri-pc/.local/lib/python3.10/site-packages/airflow/example_dags/example_branch_datetime_operator.py
[2023-03-07 08:44:32,462] {processor.py:641} INFO - Processing file /home/veri-pc/.local/lib/python3.10/site-packages/airflow/example_dags/example_branch_datetime_operator.py for tasks to queue
[2023-03-07 08:44:32,464] {logging_mixin.py:115} INFO - [2023-03-07 08:44:32,463] {dagbag.py:507} INFO - Filling up the DagBag from /home/veri-pc/.local/lib/python3.10/site-packages/airflow/example_dags/example_branch_datetime_operator.py
[2023-03-07 08:44:32,484] {processor.py:651} INFO - DAG(s) dict_keys(['example_branch_datetime_operator_2']) retrieved from /home/veri-pc/.local/lib/python3.10/site-packages/airflow/example_dags/example_branch_datetime_operator.py
[2023-03-07 08:44:32,499] {logging_mixin.py:115} INFO - [2023-03-07 08:44:32,499] {dag.py:2379} INFO - Sync 1 DAGs
[2023-03-07 08:44:32,511] {logging_mixin.py:115} INFO - [2023-03-07 08:44:32,511] {dag.py:2927} INFO - Setting next_dagrun for example_branch_datetime_operator_2 to 2023-03-06T00:00:00+00:00, run_after=2023-03-07T00:00:00+00:00
[2023-03-07 08:44:32,520] {processor.py:161} INFO - Processing /home/veri-pc/.local/lib/python3.10/site-packages/airflow/example_dags/example_branch_datetime_operator.py took 0.065 seconds
[2023-03-07 08:45:05,477] {processor.py:153} INFO - Started process (PID=8709) to work on /home/veri-pc/.local/lib/python3.10/site-packages/airflow/example_dags/example_branch_datetime_operator.py
[2023-03-07 08:45:05,478] {processor.py:641} INFO - Processing file /home/veri-pc/.local/lib/python3.10/site-packages/airflow/example_dags/example_branch_datetime_operator.py for tasks to queue
[2023-03-07 08:45:05,480] {logging_mixin.py:115} INFO - [2023-03-07 08:45:05,479] {dagbag.py:507} INFO - Filling up the DagBag from /home/veri-pc/.local/lib/python3.10/site-packages/airflow/example_dags/example_branch_datetime_operator.py
[2023-03-07 08:45:05,500] {processor.py:651} INFO - DAG(s) dict_keys(['example_branch_datetime_operator_2']) retrieved from /home/veri-pc/.local/lib/python3.10/site-packages/airflow/example_dags/example_branch_datetime_operator.py
[2023-03-07 08:45:05,513] {logging_mixin.py:115} INFO - [2023-03-07 08:45:05,513] {dag.py:2379} INFO - Sync 1 DAGs
[2023-03-07 08:45:05,526] {logging_mixin.py:115} INFO - [2023-03-07 08:45:05,526] {dag.py:2927} INFO - Setting next_dagrun for example_branch_datetime_operator_2 to 2023-03-06T00:00:00+00:00, run_after=2023-03-07T00:00:00+00:00
[2023-03-07 08:45:05,533] {processor.py:161} INFO - Processing /home/veri-pc/.local/lib/python3.10/site-packages/airflow/example_dags/example_branch_datetime_operator.py took 0.062 seconds
[2023-03-07 08:45:37,331] {processor.py:153} INFO - Started process (PID=8779) to work on /home/veri-pc/.local/lib/python3.10/site-packages/airflow/example_dags/example_branch_datetime_operator.py
[2023-03-07 08:45:37,332] {processor.py:641} INFO - Processing file /home/veri-pc/.local/lib/python3.10/site-packages/airflow/example_dags/example_branch_datetime_operator.py for tasks to queue
[2023-03-07 08:45:37,333] {logging_mixin.py:115} INFO - [2023-03-07 08:45:37,333] {dagbag.py:507} INFO - Filling up the DagBag from /home/veri-pc/.local/lib/python3.10/site-packages/airflow/example_dags/example_branch_datetime_operator.py
[2023-03-07 08:45:37,349] {processor.py:651} INFO - DAG(s) dict_keys(['example_branch_datetime_operator_2']) retrieved from /home/veri-pc/.local/lib/python3.10/site-packages/airflow/example_dags/example_branch_datetime_operator.py
[2023-03-07 08:45:37,364] {logging_mixin.py:115} INFO - [2023-03-07 08:45:37,364] {dag.py:2379} INFO - Sync 1 DAGs
[2023-03-07 08:45:37,377] {logging_mixin.py:115} INFO - [2023-03-07 08:45:37,377] {dag.py:2927} INFO - Setting next_dagrun for example_branch_datetime_operator_2 to 2023-03-06T00:00:00+00:00, run_after=2023-03-07T00:00:00+00:00
[2023-03-07 08:45:37,384] {processor.py:161} INFO - Processing /home/veri-pc/.local/lib/python3.10/site-packages/airflow/example_dags/example_branch_datetime_operator.py took 0.061 seconds
[2023-03-07 08:46:15,005] {processor.py:153} INFO - Started process (PID=8854) to work on /home/veri-pc/.local/lib/python3.10/site-packages/airflow/example_dags/example_branch_datetime_operator.py
[2023-03-07 08:46:15,006] {processor.py:641} INFO - Processing file /home/veri-pc/.local/lib/python3.10/site-packages/airflow/example_dags/example_branch_datetime_operator.py for tasks to queue
[2023-03-07 08:46:15,007] {logging_mixin.py:115} INFO - [2023-03-07 08:46:15,007] {dagbag.py:507} INFO - Filling up the DagBag from /home/veri-pc/.local/lib/python3.10/site-packages/airflow/example_dags/example_branch_datetime_operator.py
[2023-03-07 08:46:15,023] {processor.py:651} INFO - DAG(s) dict_keys(['example_branch_datetime_operator_2']) retrieved from /home/veri-pc/.local/lib/python3.10/site-packages/airflow/example_dags/example_branch_datetime_operator.py
[2023-03-07 08:46:15,040] {logging_mixin.py:115} INFO - [2023-03-07 08:46:15,040] {dag.py:2379} INFO - Sync 1 DAGs
[2023-03-07 08:46:15,053] {logging_mixin.py:115} INFO - [2023-03-07 08:46:15,053] {dag.py:2927} INFO - Setting next_dagrun for example_branch_datetime_operator_2 to 2023-03-06T00:00:00+00:00, run_after=2023-03-07T00:00:00+00:00
[2023-03-07 08:46:15,060] {processor.py:161} INFO - Processing /home/veri-pc/.local/lib/python3.10/site-packages/airflow/example_dags/example_branch_datetime_operator.py took 0.063 seconds
[2023-03-07 08:46:46,942] {processor.py:153} INFO - Started process (PID=8942) to work on /home/veri-pc/.local/lib/python3.10/site-packages/airflow/example_dags/example_branch_datetime_operator.py
[2023-03-07 08:46:46,943] {processor.py:641} INFO - Processing file /home/veri-pc/.local/lib/python3.10/site-packages/airflow/example_dags/example_branch_datetime_operator.py for tasks to queue
[2023-03-07 08:46:46,945] {logging_mixin.py:115} INFO - [2023-03-07 08:46:46,944] {dagbag.py:507} INFO - Filling up the DagBag from /home/veri-pc/.local/lib/python3.10/site-packages/airflow/example_dags/example_branch_datetime_operator.py
[2023-03-07 08:46:46,966] {processor.py:651} INFO - DAG(s) dict_keys(['example_branch_datetime_operator_2']) retrieved from /home/veri-pc/.local/lib/python3.10/site-packages/airflow/example_dags/example_branch_datetime_operator.py
[2023-03-07 08:46:46,983] {logging_mixin.py:115} INFO - [2023-03-07 08:46:46,983] {dag.py:2379} INFO - Sync 1 DAGs
[2023-03-07 08:46:46,997] {logging_mixin.py:115} INFO - [2023-03-07 08:46:46,997] {dag.py:2927} INFO - Setting next_dagrun for example_branch_datetime_operator_2 to 2023-03-06T00:00:00+00:00, run_after=2023-03-07T00:00:00+00:00
[2023-03-07 08:46:47,005] {processor.py:161} INFO - Processing /home/veri-pc/.local/lib/python3.10/site-packages/airflow/example_dags/example_branch_datetime_operator.py took 0.070 seconds
[2023-03-07 08:47:23,247] {processor.py:153} INFO - Started process (PID=9040) to work on /home/veri-pc/.local/lib/python3.10/site-packages/airflow/example_dags/example_branch_datetime_operator.py
[2023-03-07 08:47:23,248] {processor.py:641} INFO - Processing file /home/veri-pc/.local/lib/python3.10/site-packages/airflow/example_dags/example_branch_datetime_operator.py for tasks to queue
[2023-03-07 08:47:23,249] {logging_mixin.py:115} INFO - [2023-03-07 08:47:23,249] {dagbag.py:507} INFO - Filling up the DagBag from /home/veri-pc/.local/lib/python3.10/site-packages/airflow/example_dags/example_branch_datetime_operator.py
[2023-03-07 08:47:23,266] {processor.py:651} INFO - DAG(s) dict_keys(['example_branch_datetime_operator_2']) retrieved from /home/veri-pc/.local/lib/python3.10/site-packages/airflow/example_dags/example_branch_datetime_operator.py
[2023-03-07 08:47:23,280] {logging_mixin.py:115} INFO - [2023-03-07 08:47:23,280] {dag.py:2379} INFO - Sync 1 DAGs
[2023-03-07 08:47:23,294] {logging_mixin.py:115} INFO - [2023-03-07 08:47:23,294] {dag.py:2927} INFO - Setting next_dagrun for example_branch_datetime_operator_2 to 2023-03-06T00:00:00+00:00, run_after=2023-03-07T00:00:00+00:00
[2023-03-07 08:47:23,302] {processor.py:161} INFO - Processing /home/veri-pc/.local/lib/python3.10/site-packages/airflow/example_dags/example_branch_datetime_operator.py took 0.062 seconds
[2023-03-07 08:47:57,470] {processor.py:153} INFO - Started process (PID=9139) to work on /home/veri-pc/.local/lib/python3.10/site-packages/airflow/example_dags/example_branch_datetime_operator.py
[2023-03-07 08:47:57,471] {processor.py:641} INFO - Processing file /home/veri-pc/.local/lib/python3.10/site-packages/airflow/example_dags/example_branch_datetime_operator.py for tasks to queue
[2023-03-07 08:47:57,471] {logging_mixin.py:115} INFO - [2023-03-07 08:47:57,471] {dagbag.py:507} INFO - Filling up the DagBag from /home/veri-pc/.local/lib/python3.10/site-packages/airflow/example_dags/example_branch_datetime_operator.py
[2023-03-07 08:47:57,484] {processor.py:651} INFO - DAG(s) dict_keys(['example_branch_datetime_operator_2']) retrieved from /home/veri-pc/.local/lib/python3.10/site-packages/airflow/example_dags/example_branch_datetime_operator.py
[2023-03-07 08:47:57,499] {logging_mixin.py:115} INFO - [2023-03-07 08:47:57,499] {dag.py:2379} INFO - Sync 1 DAGs
[2023-03-07 08:47:57,514] {logging_mixin.py:115} INFO - [2023-03-07 08:47:57,514] {dag.py:2927} INFO - Setting next_dagrun for example_branch_datetime_operator_2 to 2023-03-06T00:00:00+00:00, run_after=2023-03-07T00:00:00+00:00
[2023-03-07 08:47:57,521] {processor.py:161} INFO - Processing /home/veri-pc/.local/lib/python3.10/site-packages/airflow/example_dags/example_branch_datetime_operator.py took 0.056 seconds
[2023-03-07 08:48:35,699] {processor.py:153} INFO - Started process (PID=9232) to work on /home/veri-pc/.local/lib/python3.10/site-packages/airflow/example_dags/example_branch_datetime_operator.py
[2023-03-07 08:48:35,701] {processor.py:641} INFO - Processing file /home/veri-pc/.local/lib/python3.10/site-packages/airflow/example_dags/example_branch_datetime_operator.py for tasks to queue
[2023-03-07 08:48:35,702] {logging_mixin.py:115} INFO - [2023-03-07 08:48:35,702] {dagbag.py:507} INFO - Filling up the DagBag from /home/veri-pc/.local/lib/python3.10/site-packages/airflow/example_dags/example_branch_datetime_operator.py
[2023-03-07 08:48:35,719] {processor.py:651} INFO - DAG(s) dict_keys(['example_branch_datetime_operator_2']) retrieved from /home/veri-pc/.local/lib/python3.10/site-packages/airflow/example_dags/example_branch_datetime_operator.py
[2023-03-07 08:48:35,734] {logging_mixin.py:115} INFO - [2023-03-07 08:48:35,734] {dag.py:2379} INFO - Sync 1 DAGs
[2023-03-07 08:48:35,747] {logging_mixin.py:115} INFO - [2023-03-07 08:48:35,747] {dag.py:2927} INFO - Setting next_dagrun for example_branch_datetime_operator_2 to 2023-03-06T00:00:00+00:00, run_after=2023-03-07T00:00:00+00:00
[2023-03-07 08:48:35,755] {processor.py:161} INFO - Processing /home/veri-pc/.local/lib/python3.10/site-packages/airflow/example_dags/example_branch_datetime_operator.py took 0.063 seconds
[2023-03-07 08:49:06,523] {processor.py:153} INFO - Started process (PID=9299) to work on /home/veri-pc/.local/lib/python3.10/site-packages/airflow/example_dags/example_branch_datetime_operator.py
[2023-03-07 08:49:06,524] {processor.py:641} INFO - Processing file /home/veri-pc/.local/lib/python3.10/site-packages/airflow/example_dags/example_branch_datetime_operator.py for tasks to queue
[2023-03-07 08:49:06,526] {logging_mixin.py:115} INFO - [2023-03-07 08:49:06,526] {dagbag.py:507} INFO - Filling up the DagBag from /home/veri-pc/.local/lib/python3.10/site-packages/airflow/example_dags/example_branch_datetime_operator.py
[2023-03-07 08:49:06,544] {processor.py:651} INFO - DAG(s) dict_keys(['example_branch_datetime_operator_2']) retrieved from /home/veri-pc/.local/lib/python3.10/site-packages/airflow/example_dags/example_branch_datetime_operator.py
[2023-03-07 08:49:06,559] {logging_mixin.py:115} INFO - [2023-03-07 08:49:06,559] {dag.py:2379} INFO - Sync 1 DAGs
[2023-03-07 08:49:06,573] {logging_mixin.py:115} INFO - [2023-03-07 08:49:06,573] {dag.py:2927} INFO - Setting next_dagrun for example_branch_datetime_operator_2 to 2023-03-06T00:00:00+00:00, run_after=2023-03-07T00:00:00+00:00
[2023-03-07 08:49:06,581] {processor.py:161} INFO - Processing /home/veri-pc/.local/lib/python3.10/site-packages/airflow/example_dags/example_branch_datetime_operator.py took 0.064 seconds
[2023-03-07 08:49:41,785] {processor.py:153} INFO - Started process (PID=9412) to work on /home/veri-pc/.local/lib/python3.10/site-packages/airflow/example_dags/example_branch_datetime_operator.py
[2023-03-07 08:49:41,785] {processor.py:641} INFO - Processing file /home/veri-pc/.local/lib/python3.10/site-packages/airflow/example_dags/example_branch_datetime_operator.py for tasks to queue
[2023-03-07 08:49:41,786] {logging_mixin.py:115} INFO - [2023-03-07 08:49:41,786] {dagbag.py:507} INFO - Filling up the DagBag from /home/veri-pc/.local/lib/python3.10/site-packages/airflow/example_dags/example_branch_datetime_operator.py
[2023-03-07 08:49:41,792] {processor.py:651} INFO - DAG(s) dict_keys(['example_branch_datetime_operator_2']) retrieved from /home/veri-pc/.local/lib/python3.10/site-packages/airflow/example_dags/example_branch_datetime_operator.py
[2023-03-07 08:49:41,816] {logging_mixin.py:115} INFO - [2023-03-07 08:49:41,815] {dag.py:2379} INFO - Sync 1 DAGs
[2023-03-07 08:49:41,834] {logging_mixin.py:115} INFO - [2023-03-07 08:49:41,834] {dag.py:2927} INFO - Setting next_dagrun for example_branch_datetime_operator_2 to 2023-03-06T00:00:00+00:00, run_after=2023-03-07T00:00:00+00:00
[2023-03-07 08:49:41,857] {processor.py:161} INFO - Processing /home/veri-pc/.local/lib/python3.10/site-packages/airflow/example_dags/example_branch_datetime_operator.py took 0.076 seconds
[2023-03-07 08:50:13,598] {processor.py:153} INFO - Started process (PID=9501) to work on /home/veri-pc/.local/lib/python3.10/site-packages/airflow/example_dags/example_branch_datetime_operator.py
[2023-03-07 08:50:13,599] {processor.py:641} INFO - Processing file /home/veri-pc/.local/lib/python3.10/site-packages/airflow/example_dags/example_branch_datetime_operator.py for tasks to queue
[2023-03-07 08:50:13,599] {logging_mixin.py:115} INFO - [2023-03-07 08:50:13,599] {dagbag.py:507} INFO - Filling up the DagBag from /home/veri-pc/.local/lib/python3.10/site-packages/airflow/example_dags/example_branch_datetime_operator.py
[2023-03-07 08:50:13,605] {processor.py:651} INFO - DAG(s) dict_keys(['example_branch_datetime_operator_2']) retrieved from /home/veri-pc/.local/lib/python3.10/site-packages/airflow/example_dags/example_branch_datetime_operator.py
[2023-03-07 08:50:13,618] {logging_mixin.py:115} INFO - [2023-03-07 08:50:13,618] {dag.py:2379} INFO - Sync 1 DAGs
[2023-03-07 08:50:13,630] {logging_mixin.py:115} INFO - [2023-03-07 08:50:13,629] {dag.py:2927} INFO - Setting next_dagrun for example_branch_datetime_operator_2 to 2023-03-06T00:00:00+00:00, run_after=2023-03-07T00:00:00+00:00
[2023-03-07 08:50:13,638] {processor.py:161} INFO - Processing /home/veri-pc/.local/lib/python3.10/site-packages/airflow/example_dags/example_branch_datetime_operator.py took 0.042 seconds
[2023-03-07 08:50:49,314] {processor.py:153} INFO - Started process (PID=9592) to work on /home/veri-pc/.local/lib/python3.10/site-packages/airflow/example_dags/example_branch_datetime_operator.py
[2023-03-07 08:50:49,316] {processor.py:641} INFO - Processing file /home/veri-pc/.local/lib/python3.10/site-packages/airflow/example_dags/example_branch_datetime_operator.py for tasks to queue
[2023-03-07 08:50:49,317] {logging_mixin.py:115} INFO - [2023-03-07 08:50:49,317] {dagbag.py:507} INFO - Filling up the DagBag from /home/veri-pc/.local/lib/python3.10/site-packages/airflow/example_dags/example_branch_datetime_operator.py
[2023-03-07 08:50:49,330] {processor.py:651} INFO - DAG(s) dict_keys(['example_branch_datetime_operator_2']) retrieved from /home/veri-pc/.local/lib/python3.10/site-packages/airflow/example_dags/example_branch_datetime_operator.py
[2023-03-07 08:50:49,345] {logging_mixin.py:115} INFO - [2023-03-07 08:50:49,345] {dag.py:2379} INFO - Sync 1 DAGs
[2023-03-07 08:50:49,358] {logging_mixin.py:115} INFO - [2023-03-07 08:50:49,357] {dag.py:2927} INFO - Setting next_dagrun for example_branch_datetime_operator_2 to 2023-03-06T00:00:00+00:00, run_after=2023-03-07T00:00:00+00:00
[2023-03-07 08:50:49,366] {processor.py:161} INFO - Processing /home/veri-pc/.local/lib/python3.10/site-packages/airflow/example_dags/example_branch_datetime_operator.py took 0.058 seconds
[2023-03-07 08:51:22,963] {processor.py:153} INFO - Started process (PID=9692) to work on /home/veri-pc/.local/lib/python3.10/site-packages/airflow/example_dags/example_branch_datetime_operator.py
[2023-03-07 08:51:22,963] {processor.py:641} INFO - Processing file /home/veri-pc/.local/lib/python3.10/site-packages/airflow/example_dags/example_branch_datetime_operator.py for tasks to queue
[2023-03-07 08:51:22,963] {logging_mixin.py:115} INFO - [2023-03-07 08:51:22,963] {dagbag.py:507} INFO - Filling up the DagBag from /home/veri-pc/.local/lib/python3.10/site-packages/airflow/example_dags/example_branch_datetime_operator.py
[2023-03-07 08:51:22,969] {processor.py:651} INFO - DAG(s) dict_keys(['example_branch_datetime_operator_2']) retrieved from /home/veri-pc/.local/lib/python3.10/site-packages/airflow/example_dags/example_branch_datetime_operator.py
[2023-03-07 08:51:22,978] {logging_mixin.py:115} INFO - [2023-03-07 08:51:22,978] {dag.py:2379} INFO - Sync 1 DAGs
[2023-03-07 08:51:22,990] {logging_mixin.py:115} INFO - [2023-03-07 08:51:22,990] {dag.py:2927} INFO - Setting next_dagrun for example_branch_datetime_operator_2 to 2023-03-06T00:00:00+00:00, run_after=2023-03-07T00:00:00+00:00
[2023-03-07 08:51:22,998] {processor.py:161} INFO - Processing /home/veri-pc/.local/lib/python3.10/site-packages/airflow/example_dags/example_branch_datetime_operator.py took 0.037 seconds
[2023-03-07 08:51:55,668] {processor.py:153} INFO - Started process (PID=9788) to work on /home/veri-pc/.local/lib/python3.10/site-packages/airflow/example_dags/example_branch_datetime_operator.py
[2023-03-07 08:51:55,670] {processor.py:641} INFO - Processing file /home/veri-pc/.local/lib/python3.10/site-packages/airflow/example_dags/example_branch_datetime_operator.py for tasks to queue
[2023-03-07 08:51:55,671] {logging_mixin.py:115} INFO - [2023-03-07 08:51:55,671] {dagbag.py:507} INFO - Filling up the DagBag from /home/veri-pc/.local/lib/python3.10/site-packages/airflow/example_dags/example_branch_datetime_operator.py
[2023-03-07 08:51:55,685] {processor.py:651} INFO - DAG(s) dict_keys(['example_branch_datetime_operator_2']) retrieved from /home/veri-pc/.local/lib/python3.10/site-packages/airflow/example_dags/example_branch_datetime_operator.py
[2023-03-07 08:51:55,699] {logging_mixin.py:115} INFO - [2023-03-07 08:51:55,699] {dag.py:2379} INFO - Sync 1 DAGs
[2023-03-07 08:51:55,711] {logging_mixin.py:115} INFO - [2023-03-07 08:51:55,711] {dag.py:2927} INFO - Setting next_dagrun for example_branch_datetime_operator_2 to 2023-03-06T00:00:00+00:00, run_after=2023-03-07T00:00:00+00:00
[2023-03-07 08:51:55,720] {processor.py:161} INFO - Processing /home/veri-pc/.local/lib/python3.10/site-packages/airflow/example_dags/example_branch_datetime_operator.py took 0.057 seconds
[2023-03-07 08:52:29,804] {processor.py:153} INFO - Started process (PID=9874) to work on /home/veri-pc/.local/lib/python3.10/site-packages/airflow/example_dags/example_branch_datetime_operator.py
[2023-03-07 08:52:29,805] {processor.py:641} INFO - Processing file /home/veri-pc/.local/lib/python3.10/site-packages/airflow/example_dags/example_branch_datetime_operator.py for tasks to queue
[2023-03-07 08:52:29,812] {logging_mixin.py:115} INFO - [2023-03-07 08:52:29,811] {dagbag.py:507} INFO - Filling up the DagBag from /home/veri-pc/.local/lib/python3.10/site-packages/airflow/example_dags/example_branch_datetime_operator.py
[2023-03-07 08:52:29,822] {processor.py:651} INFO - DAG(s) dict_keys(['example_branch_datetime_operator_2']) retrieved from /home/veri-pc/.local/lib/python3.10/site-packages/airflow/example_dags/example_branch_datetime_operator.py
[2023-03-07 08:52:29,844] {logging_mixin.py:115} INFO - [2023-03-07 08:52:29,844] {dag.py:2379} INFO - Sync 1 DAGs
[2023-03-07 08:52:29,869] {logging_mixin.py:115} INFO - [2023-03-07 08:52:29,869] {dag.py:2927} INFO - Setting next_dagrun for example_branch_datetime_operator_2 to 2023-03-06T00:00:00+00:00, run_after=2023-03-07T00:00:00+00:00
[2023-03-07 08:52:29,883] {processor.py:161} INFO - Processing /home/veri-pc/.local/lib/python3.10/site-packages/airflow/example_dags/example_branch_datetime_operator.py took 0.082 seconds
[2023-03-07 08:53:10,491] {processor.py:153} INFO - Started process (PID=9988) to work on /home/veri-pc/.local/lib/python3.10/site-packages/airflow/example_dags/example_branch_datetime_operator.py
[2023-03-07 08:53:10,494] {processor.py:641} INFO - Processing file /home/veri-pc/.local/lib/python3.10/site-packages/airflow/example_dags/example_branch_datetime_operator.py for tasks to queue
[2023-03-07 08:53:10,495] {logging_mixin.py:115} INFO - [2023-03-07 08:53:10,495] {dagbag.py:507} INFO - Filling up the DagBag from /home/veri-pc/.local/lib/python3.10/site-packages/airflow/example_dags/example_branch_datetime_operator.py
[2023-03-07 08:53:10,511] {processor.py:651} INFO - DAG(s) dict_keys(['example_branch_datetime_operator_2']) retrieved from /home/veri-pc/.local/lib/python3.10/site-packages/airflow/example_dags/example_branch_datetime_operator.py
[2023-03-07 08:53:10,525] {logging_mixin.py:115} INFO - [2023-03-07 08:53:10,525] {dag.py:2379} INFO - Sync 1 DAGs
[2023-03-07 08:53:10,539] {logging_mixin.py:115} INFO - [2023-03-07 08:53:10,539] {dag.py:2927} INFO - Setting next_dagrun for example_branch_datetime_operator_2 to 2023-03-06T00:00:00+00:00, run_after=2023-03-07T00:00:00+00:00
[2023-03-07 08:53:10,612] {processor.py:161} INFO - Processing /home/veri-pc/.local/lib/python3.10/site-packages/airflow/example_dags/example_branch_datetime_operator.py took 0.128 seconds
[2023-03-07 08:53:47,323] {processor.py:153} INFO - Started process (PID=10069) to work on /home/veri-pc/.local/lib/python3.10/site-packages/airflow/example_dags/example_branch_datetime_operator.py
[2023-03-07 08:53:47,323] {processor.py:641} INFO - Processing file /home/veri-pc/.local/lib/python3.10/site-packages/airflow/example_dags/example_branch_datetime_operator.py for tasks to queue
[2023-03-07 08:53:47,324] {logging_mixin.py:115} INFO - [2023-03-07 08:53:47,324] {dagbag.py:507} INFO - Filling up the DagBag from /home/veri-pc/.local/lib/python3.10/site-packages/airflow/example_dags/example_branch_datetime_operator.py
[2023-03-07 08:53:47,328] {processor.py:651} INFO - DAG(s) dict_keys(['example_branch_datetime_operator_2']) retrieved from /home/veri-pc/.local/lib/python3.10/site-packages/airflow/example_dags/example_branch_datetime_operator.py
[2023-03-07 08:53:47,337] {logging_mixin.py:115} INFO - [2023-03-07 08:53:47,337] {dag.py:2379} INFO - Sync 1 DAGs
[2023-03-07 08:53:47,348] {logging_mixin.py:115} INFO - [2023-03-07 08:53:47,348] {dag.py:2927} INFO - Setting next_dagrun for example_branch_datetime_operator_2 to 2023-03-06T00:00:00+00:00, run_after=2023-03-07T00:00:00+00:00
[2023-03-07 08:53:47,355] {processor.py:161} INFO - Processing /home/veri-pc/.local/lib/python3.10/site-packages/airflow/example_dags/example_branch_datetime_operator.py took 0.034 seconds
[2023-03-07 08:54:53,117] {processor.py:153} INFO - Started process (PID=10852) to work on /home/veri-pc/.local/lib/python3.10/site-packages/airflow/example_dags/example_branch_datetime_operator.py
[2023-03-07 08:54:53,118] {processor.py:641} INFO - Processing file /home/veri-pc/.local/lib/python3.10/site-packages/airflow/example_dags/example_branch_datetime_operator.py for tasks to queue
[2023-03-07 08:54:53,119] {logging_mixin.py:115} INFO - [2023-03-07 08:54:53,119] {dagbag.py:507} INFO - Filling up the DagBag from /home/veri-pc/.local/lib/python3.10/site-packages/airflow/example_dags/example_branch_datetime_operator.py
[2023-03-07 08:54:53,131] {processor.py:651} INFO - DAG(s) dict_keys(['example_branch_datetime_operator_2']) retrieved from /home/veri-pc/.local/lib/python3.10/site-packages/airflow/example_dags/example_branch_datetime_operator.py
[2023-03-07 08:54:53,145] {logging_mixin.py:115} INFO - [2023-03-07 08:54:53,145] {dag.py:2379} INFO - Sync 1 DAGs
[2023-03-07 08:54:53,159] {logging_mixin.py:115} INFO - [2023-03-07 08:54:53,159] {dag.py:2927} INFO - Setting next_dagrun for example_branch_datetime_operator_2 to 2023-03-06T00:00:00+00:00, run_after=2023-03-07T00:00:00+00:00
[2023-03-07 08:54:53,169] {processor.py:161} INFO - Processing /home/veri-pc/.local/lib/python3.10/site-packages/airflow/example_dags/example_branch_datetime_operator.py took 0.055 seconds
[2023-03-07 08:55:25,441] {processor.py:153} INFO - Started process (PID=10931) to work on /home/veri-pc/.local/lib/python3.10/site-packages/airflow/example_dags/example_branch_datetime_operator.py
[2023-03-07 08:55:25,442] {processor.py:641} INFO - Processing file /home/veri-pc/.local/lib/python3.10/site-packages/airflow/example_dags/example_branch_datetime_operator.py for tasks to queue
[2023-03-07 08:55:25,443] {logging_mixin.py:115} INFO - [2023-03-07 08:55:25,443] {dagbag.py:507} INFO - Filling up the DagBag from /home/veri-pc/.local/lib/python3.10/site-packages/airflow/example_dags/example_branch_datetime_operator.py
[2023-03-07 08:55:25,461] {processor.py:651} INFO - DAG(s) dict_keys(['example_branch_datetime_operator_2']) retrieved from /home/veri-pc/.local/lib/python3.10/site-packages/airflow/example_dags/example_branch_datetime_operator.py
[2023-03-07 08:55:25,476] {logging_mixin.py:115} INFO - [2023-03-07 08:55:25,476] {dag.py:2379} INFO - Sync 1 DAGs
[2023-03-07 08:55:25,489] {logging_mixin.py:115} INFO - [2023-03-07 08:55:25,489] {dag.py:2927} INFO - Setting next_dagrun for example_branch_datetime_operator_2 to 2023-03-06T00:00:00+00:00, run_after=2023-03-07T00:00:00+00:00
[2023-03-07 08:55:25,497] {processor.py:161} INFO - Processing /home/veri-pc/.local/lib/python3.10/site-packages/airflow/example_dags/example_branch_datetime_operator.py took 0.063 seconds
[2023-03-07 08:56:02,470] {processor.py:153} INFO - Started process (PID=11007) to work on /home/veri-pc/.local/lib/python3.10/site-packages/airflow/example_dags/example_branch_datetime_operator.py
[2023-03-07 08:56:02,472] {processor.py:641} INFO - Processing file /home/veri-pc/.local/lib/python3.10/site-packages/airflow/example_dags/example_branch_datetime_operator.py for tasks to queue
[2023-03-07 08:56:02,473] {logging_mixin.py:115} INFO - [2023-03-07 08:56:02,472] {dagbag.py:507} INFO - Filling up the DagBag from /home/veri-pc/.local/lib/python3.10/site-packages/airflow/example_dags/example_branch_datetime_operator.py
[2023-03-07 08:56:02,488] {processor.py:651} INFO - DAG(s) dict_keys(['example_branch_datetime_operator_2']) retrieved from /home/veri-pc/.local/lib/python3.10/site-packages/airflow/example_dags/example_branch_datetime_operator.py
[2023-03-07 08:56:02,503] {logging_mixin.py:115} INFO - [2023-03-07 08:56:02,503] {dag.py:2379} INFO - Sync 1 DAGs
[2023-03-07 08:56:02,517] {logging_mixin.py:115} INFO - [2023-03-07 08:56:02,517] {dag.py:2927} INFO - Setting next_dagrun for example_branch_datetime_operator_2 to 2023-03-06T00:00:00+00:00, run_after=2023-03-07T00:00:00+00:00
[2023-03-07 08:56:02,526] {processor.py:161} INFO - Processing /home/veri-pc/.local/lib/python3.10/site-packages/airflow/example_dags/example_branch_datetime_operator.py took 0.061 seconds
[2023-03-07 09:02:12,892] {processor.py:153} INFO - Started process (PID=11914) to work on /home/veri-pc/.local/lib/python3.10/site-packages/airflow/example_dags/example_branch_datetime_operator.py
[2023-03-07 09:02:12,892] {processor.py:641} INFO - Processing file /home/veri-pc/.local/lib/python3.10/site-packages/airflow/example_dags/example_branch_datetime_operator.py for tasks to queue
[2023-03-07 09:02:12,893] {logging_mixin.py:115} INFO - [2023-03-07 09:02:12,893] {dagbag.py:507} INFO - Filling up the DagBag from /home/veri-pc/.local/lib/python3.10/site-packages/airflow/example_dags/example_branch_datetime_operator.py
[2023-03-07 09:02:12,898] {processor.py:651} INFO - DAG(s) dict_keys(['example_branch_datetime_operator_2']) retrieved from /home/veri-pc/.local/lib/python3.10/site-packages/airflow/example_dags/example_branch_datetime_operator.py
[2023-03-07 09:02:12,912] {logging_mixin.py:115} INFO - [2023-03-07 09:02:12,912] {dag.py:2379} INFO - Sync 1 DAGs
[2023-03-07 09:02:12,931] {logging_mixin.py:115} INFO - [2023-03-07 09:02:12,931] {dag.py:2927} INFO - Setting next_dagrun for example_branch_datetime_operator_2 to 2023-03-06T00:00:00+00:00, run_after=2023-03-07T00:00:00+00:00
[2023-03-07 09:02:12,947] {processor.py:161} INFO - Processing /home/veri-pc/.local/lib/python3.10/site-packages/airflow/example_dags/example_branch_datetime_operator.py took 0.056 seconds
[2023-03-07 09:02:46,282] {processor.py:153} INFO - Started process (PID=12005) to work on /home/veri-pc/.local/lib/python3.10/site-packages/airflow/example_dags/example_branch_datetime_operator.py
[2023-03-07 09:02:46,283] {processor.py:641} INFO - Processing file /home/veri-pc/.local/lib/python3.10/site-packages/airflow/example_dags/example_branch_datetime_operator.py for tasks to queue
[2023-03-07 09:02:46,284] {logging_mixin.py:115} INFO - [2023-03-07 09:02:46,284] {dagbag.py:507} INFO - Filling up the DagBag from /home/veri-pc/.local/lib/python3.10/site-packages/airflow/example_dags/example_branch_datetime_operator.py
[2023-03-07 09:02:46,292] {processor.py:651} INFO - DAG(s) dict_keys(['example_branch_datetime_operator_2']) retrieved from /home/veri-pc/.local/lib/python3.10/site-packages/airflow/example_dags/example_branch_datetime_operator.py
[2023-03-07 09:02:46,308] {logging_mixin.py:115} INFO - [2023-03-07 09:02:46,308] {dag.py:2379} INFO - Sync 1 DAGs
[2023-03-07 09:02:46,331] {logging_mixin.py:115} INFO - [2023-03-07 09:02:46,331] {dag.py:2927} INFO - Setting next_dagrun for example_branch_datetime_operator_2 to 2023-03-06T00:00:00+00:00, run_after=2023-03-07T00:00:00+00:00
[2023-03-07 09:02:46,347] {processor.py:161} INFO - Processing /home/veri-pc/.local/lib/python3.10/site-packages/airflow/example_dags/example_branch_datetime_operator.py took 0.068 seconds
[2023-03-07 09:03:21,099] {processor.py:153} INFO - Started process (PID=12169) to work on /home/veri-pc/.local/lib/python3.10/site-packages/airflow/example_dags/example_branch_datetime_operator.py
[2023-03-07 09:03:21,100] {processor.py:641} INFO - Processing file /home/veri-pc/.local/lib/python3.10/site-packages/airflow/example_dags/example_branch_datetime_operator.py for tasks to queue
[2023-03-07 09:03:21,101] {logging_mixin.py:115} INFO - [2023-03-07 09:03:21,101] {dagbag.py:507} INFO - Filling up the DagBag from /home/veri-pc/.local/lib/python3.10/site-packages/airflow/example_dags/example_branch_datetime_operator.py
[2023-03-07 09:03:21,116] {processor.py:651} INFO - DAG(s) dict_keys(['example_branch_datetime_operator_2']) retrieved from /home/veri-pc/.local/lib/python3.10/site-packages/airflow/example_dags/example_branch_datetime_operator.py
[2023-03-07 09:03:21,134] {logging_mixin.py:115} INFO - [2023-03-07 09:03:21,134] {dag.py:2379} INFO - Sync 1 DAGs
[2023-03-07 09:03:21,149] {logging_mixin.py:115} INFO - [2023-03-07 09:03:21,149] {dag.py:2927} INFO - Setting next_dagrun for example_branch_datetime_operator_2 to 2023-03-06T00:00:00+00:00, run_after=2023-03-07T00:00:00+00:00
[2023-03-07 09:03:21,159] {processor.py:161} INFO - Processing /home/veri-pc/.local/lib/python3.10/site-packages/airflow/example_dags/example_branch_datetime_operator.py took 0.065 seconds
[2023-03-07 09:03:53,057] {processor.py:153} INFO - Started process (PID=12252) to work on /home/veri-pc/.local/lib/python3.10/site-packages/airflow/example_dags/example_branch_datetime_operator.py
[2023-03-07 09:03:53,057] {processor.py:641} INFO - Processing file /home/veri-pc/.local/lib/python3.10/site-packages/airflow/example_dags/example_branch_datetime_operator.py for tasks to queue
[2023-03-07 09:03:53,058] {logging_mixin.py:115} INFO - [2023-03-07 09:03:53,058] {dagbag.py:507} INFO - Filling up the DagBag from /home/veri-pc/.local/lib/python3.10/site-packages/airflow/example_dags/example_branch_datetime_operator.py
[2023-03-07 09:03:53,069] {processor.py:651} INFO - DAG(s) dict_keys(['example_branch_datetime_operator_2']) retrieved from /home/veri-pc/.local/lib/python3.10/site-packages/airflow/example_dags/example_branch_datetime_operator.py
[2023-03-07 09:03:53,087] {logging_mixin.py:115} INFO - [2023-03-07 09:03:53,087] {dag.py:2379} INFO - Sync 1 DAGs
[2023-03-07 09:03:53,103] {logging_mixin.py:115} INFO - [2023-03-07 09:03:53,103] {dag.py:2927} INFO - Setting next_dagrun for example_branch_datetime_operator_2 to 2023-03-06T00:00:00+00:00, run_after=2023-03-07T00:00:00+00:00
[2023-03-07 09:03:53,112] {processor.py:161} INFO - Processing /home/veri-pc/.local/lib/python3.10/site-packages/airflow/example_dags/example_branch_datetime_operator.py took 0.058 seconds
[2023-03-07 09:04:27,803] {processor.py:153} INFO - Started process (PID=12334) to work on /home/veri-pc/.local/lib/python3.10/site-packages/airflow/example_dags/example_branch_datetime_operator.py
[2023-03-07 09:04:27,803] {processor.py:641} INFO - Processing file /home/veri-pc/.local/lib/python3.10/site-packages/airflow/example_dags/example_branch_datetime_operator.py for tasks to queue
[2023-03-07 09:04:27,803] {logging_mixin.py:115} INFO - [2023-03-07 09:04:27,803] {dagbag.py:507} INFO - Filling up the DagBag from /home/veri-pc/.local/lib/python3.10/site-packages/airflow/example_dags/example_branch_datetime_operator.py
[2023-03-07 09:04:27,808] {processor.py:651} INFO - DAG(s) dict_keys(['example_branch_datetime_operator_2']) retrieved from /home/veri-pc/.local/lib/python3.10/site-packages/airflow/example_dags/example_branch_datetime_operator.py
[2023-03-07 09:04:27,819] {logging_mixin.py:115} INFO - [2023-03-07 09:04:27,819] {dag.py:2379} INFO - Sync 1 DAGs
[2023-03-07 09:04:27,833] {logging_mixin.py:115} INFO - [2023-03-07 09:04:27,833] {dag.py:2927} INFO - Setting next_dagrun for example_branch_datetime_operator_2 to 2023-03-06T00:00:00+00:00, run_after=2023-03-07T00:00:00+00:00
[2023-03-07 09:04:27,840] {processor.py:161} INFO - Processing /home/veri-pc/.local/lib/python3.10/site-packages/airflow/example_dags/example_branch_datetime_operator.py took 0.039 seconds
[2023-03-07 09:05:05,150] {processor.py:153} INFO - Started process (PID=12429) to work on /home/veri-pc/.local/lib/python3.10/site-packages/airflow/example_dags/example_branch_datetime_operator.py
[2023-03-07 09:05:05,151] {processor.py:641} INFO - Processing file /home/veri-pc/.local/lib/python3.10/site-packages/airflow/example_dags/example_branch_datetime_operator.py for tasks to queue
[2023-03-07 09:05:05,152] {logging_mixin.py:115} INFO - [2023-03-07 09:05:05,152] {dagbag.py:507} INFO - Filling up the DagBag from /home/veri-pc/.local/lib/python3.10/site-packages/airflow/example_dags/example_branch_datetime_operator.py
[2023-03-07 09:05:05,161] {processor.py:651} INFO - DAG(s) dict_keys(['example_branch_datetime_operator_2']) retrieved from /home/veri-pc/.local/lib/python3.10/site-packages/airflow/example_dags/example_branch_datetime_operator.py
[2023-03-07 09:05:05,177] {logging_mixin.py:115} INFO - [2023-03-07 09:05:05,177] {dag.py:2379} INFO - Sync 1 DAGs
[2023-03-07 09:05:05,193] {logging_mixin.py:115} INFO - [2023-03-07 09:05:05,192] {dag.py:2927} INFO - Setting next_dagrun for example_branch_datetime_operator_2 to 2023-03-06T00:00:00+00:00, run_after=2023-03-07T00:00:00+00:00
[2023-03-07 09:05:05,201] {processor.py:161} INFO - Processing /home/veri-pc/.local/lib/python3.10/site-packages/airflow/example_dags/example_branch_datetime_operator.py took 0.053 seconds
[2023-03-07 09:05:36,682] {processor.py:153} INFO - Started process (PID=12494) to work on /home/veri-pc/.local/lib/python3.10/site-packages/airflow/example_dags/example_branch_datetime_operator.py
[2023-03-07 09:05:36,682] {processor.py:641} INFO - Processing file /home/veri-pc/.local/lib/python3.10/site-packages/airflow/example_dags/example_branch_datetime_operator.py for tasks to queue
[2023-03-07 09:05:36,683] {logging_mixin.py:115} INFO - [2023-03-07 09:05:36,683] {dagbag.py:507} INFO - Filling up the DagBag from /home/veri-pc/.local/lib/python3.10/site-packages/airflow/example_dags/example_branch_datetime_operator.py
[2023-03-07 09:05:36,690] {processor.py:651} INFO - DAG(s) dict_keys(['example_branch_datetime_operator_2']) retrieved from /home/veri-pc/.local/lib/python3.10/site-packages/airflow/example_dags/example_branch_datetime_operator.py
[2023-03-07 09:05:36,702] {logging_mixin.py:115} INFO - [2023-03-07 09:05:36,702] {dag.py:2379} INFO - Sync 1 DAGs
[2023-03-07 09:05:36,717] {logging_mixin.py:115} INFO - [2023-03-07 09:05:36,717] {dag.py:2927} INFO - Setting next_dagrun for example_branch_datetime_operator_2 to 2023-03-06T00:00:00+00:00, run_after=2023-03-07T00:00:00+00:00
[2023-03-07 09:05:36,733] {processor.py:161} INFO - Processing /home/veri-pc/.local/lib/python3.10/site-packages/airflow/example_dags/example_branch_datetime_operator.py took 0.054 seconds
[2023-03-07 09:06:11,572] {processor.py:153} INFO - Started process (PID=12573) to work on /home/veri-pc/.local/lib/python3.10/site-packages/airflow/example_dags/example_branch_datetime_operator.py
[2023-03-07 09:06:11,573] {processor.py:641} INFO - Processing file /home/veri-pc/.local/lib/python3.10/site-packages/airflow/example_dags/example_branch_datetime_operator.py for tasks to queue
[2023-03-07 09:06:11,575] {logging_mixin.py:115} INFO - [2023-03-07 09:06:11,574] {dagbag.py:507} INFO - Filling up the DagBag from /home/veri-pc/.local/lib/python3.10/site-packages/airflow/example_dags/example_branch_datetime_operator.py
[2023-03-07 09:06:11,590] {processor.py:651} INFO - DAG(s) dict_keys(['example_branch_datetime_operator_2']) retrieved from /home/veri-pc/.local/lib/python3.10/site-packages/airflow/example_dags/example_branch_datetime_operator.py
[2023-03-07 09:06:11,605] {logging_mixin.py:115} INFO - [2023-03-07 09:06:11,605] {dag.py:2379} INFO - Sync 1 DAGs
[2023-03-07 09:06:11,618] {logging_mixin.py:115} INFO - [2023-03-07 09:06:11,618] {dag.py:2927} INFO - Setting next_dagrun for example_branch_datetime_operator_2 to 2023-03-06T00:00:00+00:00, run_after=2023-03-07T00:00:00+00:00
[2023-03-07 09:06:11,627] {processor.py:161} INFO - Processing /home/veri-pc/.local/lib/python3.10/site-packages/airflow/example_dags/example_branch_datetime_operator.py took 0.062 seconds
[2023-03-07 09:06:42,502] {processor.py:153} INFO - Started process (PID=12630) to work on /home/veri-pc/.local/lib/python3.10/site-packages/airflow/example_dags/example_branch_datetime_operator.py
[2023-03-07 09:06:42,503] {processor.py:641} INFO - Processing file /home/veri-pc/.local/lib/python3.10/site-packages/airflow/example_dags/example_branch_datetime_operator.py for tasks to queue
[2023-03-07 09:06:42,503] {logging_mixin.py:115} INFO - [2023-03-07 09:06:42,503] {dagbag.py:507} INFO - Filling up the DagBag from /home/veri-pc/.local/lib/python3.10/site-packages/airflow/example_dags/example_branch_datetime_operator.py
[2023-03-07 09:06:42,510] {processor.py:651} INFO - DAG(s) dict_keys(['example_branch_datetime_operator_2']) retrieved from /home/veri-pc/.local/lib/python3.10/site-packages/airflow/example_dags/example_branch_datetime_operator.py
[2023-03-07 09:06:42,522] {logging_mixin.py:115} INFO - [2023-03-07 09:06:42,522] {dag.py:2379} INFO - Sync 1 DAGs
[2023-03-07 09:06:42,536] {logging_mixin.py:115} INFO - [2023-03-07 09:06:42,536] {dag.py:2927} INFO - Setting next_dagrun for example_branch_datetime_operator_2 to 2023-03-06T00:00:00+00:00, run_after=2023-03-07T00:00:00+00:00
[2023-03-07 09:06:42,544] {processor.py:161} INFO - Processing /home/veri-pc/.local/lib/python3.10/site-packages/airflow/example_dags/example_branch_datetime_operator.py took 0.044 seconds
[2023-03-07 09:07:16,745] {processor.py:153} INFO - Started process (PID=12714) to work on /home/veri-pc/.local/lib/python3.10/site-packages/airflow/example_dags/example_branch_datetime_operator.py
[2023-03-07 09:07:16,746] {processor.py:641} INFO - Processing file /home/veri-pc/.local/lib/python3.10/site-packages/airflow/example_dags/example_branch_datetime_operator.py for tasks to queue
[2023-03-07 09:07:16,746] {logging_mixin.py:115} INFO - [2023-03-07 09:07:16,746] {dagbag.py:507} INFO - Filling up the DagBag from /home/veri-pc/.local/lib/python3.10/site-packages/airflow/example_dags/example_branch_datetime_operator.py
[2023-03-07 09:07:16,759] {processor.py:651} INFO - DAG(s) dict_keys(['example_branch_datetime_operator_2']) retrieved from /home/veri-pc/.local/lib/python3.10/site-packages/airflow/example_dags/example_branch_datetime_operator.py
[2023-03-07 09:07:16,777] {logging_mixin.py:115} INFO - [2023-03-07 09:07:16,777] {dag.py:2379} INFO - Sync 1 DAGs
[2023-03-07 09:07:16,791] {logging_mixin.py:115} INFO - [2023-03-07 09:07:16,791] {dag.py:2927} INFO - Setting next_dagrun for example_branch_datetime_operator_2 to 2023-03-06T00:00:00+00:00, run_after=2023-03-07T00:00:00+00:00
[2023-03-07 09:07:16,799] {processor.py:161} INFO - Processing /home/veri-pc/.local/lib/python3.10/site-packages/airflow/example_dags/example_branch_datetime_operator.py took 0.059 seconds
[2023-03-07 09:07:49,411] {processor.py:153} INFO - Started process (PID=12833) to work on /home/veri-pc/.local/lib/python3.10/site-packages/airflow/example_dags/example_branch_datetime_operator.py
[2023-03-07 09:07:49,413] {processor.py:641} INFO - Processing file /home/veri-pc/.local/lib/python3.10/site-packages/airflow/example_dags/example_branch_datetime_operator.py for tasks to queue
[2023-03-07 09:07:49,414] {logging_mixin.py:115} INFO - [2023-03-07 09:07:49,414] {dagbag.py:507} INFO - Filling up the DagBag from /home/veri-pc/.local/lib/python3.10/site-packages/airflow/example_dags/example_branch_datetime_operator.py
[2023-03-07 09:07:49,432] {processor.py:651} INFO - DAG(s) dict_keys(['example_branch_datetime_operator_2']) retrieved from /home/veri-pc/.local/lib/python3.10/site-packages/airflow/example_dags/example_branch_datetime_operator.py
[2023-03-07 09:07:49,450] {logging_mixin.py:115} INFO - [2023-03-07 09:07:49,450] {dag.py:2379} INFO - Sync 1 DAGs
[2023-03-07 09:07:49,464] {logging_mixin.py:115} INFO - [2023-03-07 09:07:49,463] {dag.py:2927} INFO - Setting next_dagrun for example_branch_datetime_operator_2 to 2023-03-06T00:00:00+00:00, run_after=2023-03-07T00:00:00+00:00
[2023-03-07 09:07:49,472] {processor.py:161} INFO - Processing /home/veri-pc/.local/lib/python3.10/site-packages/airflow/example_dags/example_branch_datetime_operator.py took 0.066 seconds
[2023-03-07 09:08:22,193] {processor.py:153} INFO - Started process (PID=12908) to work on /home/veri-pc/.local/lib/python3.10/site-packages/airflow/example_dags/example_branch_datetime_operator.py
[2023-03-07 09:08:22,194] {processor.py:641} INFO - Processing file /home/veri-pc/.local/lib/python3.10/site-packages/airflow/example_dags/example_branch_datetime_operator.py for tasks to queue
[2023-03-07 09:08:22,194] {logging_mixin.py:115} INFO - [2023-03-07 09:08:22,194] {dagbag.py:507} INFO - Filling up the DagBag from /home/veri-pc/.local/lib/python3.10/site-packages/airflow/example_dags/example_branch_datetime_operator.py
[2023-03-07 09:08:22,202] {processor.py:651} INFO - DAG(s) dict_keys(['example_branch_datetime_operator_2']) retrieved from /home/veri-pc/.local/lib/python3.10/site-packages/airflow/example_dags/example_branch_datetime_operator.py
[2023-03-07 09:08:22,216] {logging_mixin.py:115} INFO - [2023-03-07 09:08:22,216] {dag.py:2379} INFO - Sync 1 DAGs
[2023-03-07 09:08:22,231] {logging_mixin.py:115} INFO - [2023-03-07 09:08:22,231] {dag.py:2927} INFO - Setting next_dagrun for example_branch_datetime_operator_2 to 2023-03-06T00:00:00+00:00, run_after=2023-03-07T00:00:00+00:00
[2023-03-07 09:08:22,238] {processor.py:161} INFO - Processing /home/veri-pc/.local/lib/python3.10/site-packages/airflow/example_dags/example_branch_datetime_operator.py took 0.048 seconds
[2023-03-07 09:08:54,790] {processor.py:153} INFO - Started process (PID=12981) to work on /home/veri-pc/.local/lib/python3.10/site-packages/airflow/example_dags/example_branch_datetime_operator.py
[2023-03-07 09:08:54,791] {processor.py:641} INFO - Processing file /home/veri-pc/.local/lib/python3.10/site-packages/airflow/example_dags/example_branch_datetime_operator.py for tasks to queue
[2023-03-07 09:08:54,793] {logging_mixin.py:115} INFO - [2023-03-07 09:08:54,792] {dagbag.py:507} INFO - Filling up the DagBag from /home/veri-pc/.local/lib/python3.10/site-packages/airflow/example_dags/example_branch_datetime_operator.py
[2023-03-07 09:08:54,810] {processor.py:651} INFO - DAG(s) dict_keys(['example_branch_datetime_operator_2']) retrieved from /home/veri-pc/.local/lib/python3.10/site-packages/airflow/example_dags/example_branch_datetime_operator.py
[2023-03-07 09:08:54,825] {logging_mixin.py:115} INFO - [2023-03-07 09:08:54,825] {dag.py:2379} INFO - Sync 1 DAGs
[2023-03-07 09:08:54,838] {logging_mixin.py:115} INFO - [2023-03-07 09:08:54,838] {dag.py:2927} INFO - Setting next_dagrun for example_branch_datetime_operator_2 to 2023-03-06T00:00:00+00:00, run_after=2023-03-07T00:00:00+00:00
[2023-03-07 09:08:54,846] {processor.py:161} INFO - Processing /home/veri-pc/.local/lib/python3.10/site-packages/airflow/example_dags/example_branch_datetime_operator.py took 0.062 seconds
[2023-03-07 09:09:28,478] {processor.py:153} INFO - Started process (PID=13069) to work on /home/veri-pc/.local/lib/python3.10/site-packages/airflow/example_dags/example_branch_datetime_operator.py
[2023-03-07 09:09:28,480] {processor.py:641} INFO - Processing file /home/veri-pc/.local/lib/python3.10/site-packages/airflow/example_dags/example_branch_datetime_operator.py for tasks to queue
[2023-03-07 09:09:28,481] {logging_mixin.py:115} INFO - [2023-03-07 09:09:28,481] {dagbag.py:507} INFO - Filling up the DagBag from /home/veri-pc/.local/lib/python3.10/site-packages/airflow/example_dags/example_branch_datetime_operator.py
[2023-03-07 09:09:28,498] {processor.py:651} INFO - DAG(s) dict_keys(['example_branch_datetime_operator_2']) retrieved from /home/veri-pc/.local/lib/python3.10/site-packages/airflow/example_dags/example_branch_datetime_operator.py
[2023-03-07 09:09:28,515] {logging_mixin.py:115} INFO - [2023-03-07 09:09:28,515] {dag.py:2379} INFO - Sync 1 DAGs
[2023-03-07 09:09:28,528] {logging_mixin.py:115} INFO - [2023-03-07 09:09:28,528] {dag.py:2927} INFO - Setting next_dagrun for example_branch_datetime_operator_2 to 2023-03-06T00:00:00+00:00, run_after=2023-03-07T00:00:00+00:00
[2023-03-07 09:09:28,536] {processor.py:161} INFO - Processing /home/veri-pc/.local/lib/python3.10/site-packages/airflow/example_dags/example_branch_datetime_operator.py took 0.064 seconds
