[2023-03-07 08:41:00,234] {processor.py:153} INFO - Started process (PID=8181) to work on /home/veri-pc/.local/lib/python3.10/site-packages/airflow/example_dags/example_external_task_marker_dag.py
[2023-03-07 08:41:00,236] {processor.py:641} INFO - Processing file /home/veri-pc/.local/lib/python3.10/site-packages/airflow/example_dags/example_external_task_marker_dag.py for tasks to queue
[2023-03-07 08:41:00,237] {logging_mixin.py:115} INFO - [2023-03-07 08:41:00,237] {dagbag.py:507} INFO - Filling up the DagBag from /home/veri-pc/.local/lib/python3.10/site-packages/airflow/example_dags/example_external_task_marker_dag.py
[2023-03-07 08:41:00,253] {processor.py:651} INFO - DAG(s) dict_keys(['example_external_task_marker_parent', 'example_external_task_marker_child']) retrieved from /home/veri-pc/.local/lib/python3.10/site-packages/airflow/example_dags/example_external_task_marker_dag.py
[2023-03-07 08:41:00,298] {logging_mixin.py:115} INFO - [2023-03-07 08:41:00,298] {manager.py:508} INFO - Created Permission View: can delete on DAG:example_external_task_marker_parent
[2023-03-07 08:41:00,304] {logging_mixin.py:115} INFO - [2023-03-07 08:41:00,304] {manager.py:508} INFO - Created Permission View: can read on DAG:example_external_task_marker_parent
[2023-03-07 08:41:00,308] {logging_mixin.py:115} INFO - [2023-03-07 08:41:00,308] {manager.py:508} INFO - Created Permission View: can edit on DAG:example_external_task_marker_parent
[2023-03-07 08:41:00,326] {logging_mixin.py:115} INFO - [2023-03-07 08:41:00,326] {manager.py:508} INFO - Created Permission View: can delete on DAG:example_external_task_marker_child
[2023-03-07 08:41:00,330] {logging_mixin.py:115} INFO - [2023-03-07 08:41:00,330] {manager.py:508} INFO - Created Permission View: can read on DAG:example_external_task_marker_child
[2023-03-07 08:41:00,336] {logging_mixin.py:115} INFO - [2023-03-07 08:41:00,336] {manager.py:508} INFO - Created Permission View: can edit on DAG:example_external_task_marker_child
[2023-03-07 08:41:00,336] {logging_mixin.py:115} INFO - [2023-03-07 08:41:00,336] {dag.py:2379} INFO - Sync 2 DAGs
[2023-03-07 08:41:00,341] {logging_mixin.py:115} INFO - [2023-03-07 08:41:00,341] {dag.py:2398} INFO - Creating ORM DAG for example_external_task_marker_child
[2023-03-07 08:41:00,342] {logging_mixin.py:115} INFO - [2023-03-07 08:41:00,342] {dag.py:2398} INFO - Creating ORM DAG for example_external_task_marker_parent
[2023-03-07 08:41:00,347] {logging_mixin.py:115} INFO - [2023-03-07 08:41:00,347] {dag.py:2927} INFO - Setting next_dagrun for example_external_task_marker_child to None, run_after=None
[2023-03-07 08:41:00,348] {logging_mixin.py:115} INFO - [2023-03-07 08:41:00,347] {dag.py:2927} INFO - Setting next_dagrun for example_external_task_marker_parent to None, run_after=None
[2023-03-07 08:41:00,358] {processor.py:161} INFO - Processing /home/veri-pc/.local/lib/python3.10/site-packages/airflow/example_dags/example_external_task_marker_dag.py took 0.130 seconds
[2023-03-07 08:41:32,565] {processor.py:153} INFO - Started process (PID=8257) to work on /home/veri-pc/.local/lib/python3.10/site-packages/airflow/example_dags/example_external_task_marker_dag.py
[2023-03-07 08:41:32,567] {processor.py:641} INFO - Processing file /home/veri-pc/.local/lib/python3.10/site-packages/airflow/example_dags/example_external_task_marker_dag.py for tasks to queue
[2023-03-07 08:41:32,568] {logging_mixin.py:115} INFO - [2023-03-07 08:41:32,568] {dagbag.py:507} INFO - Filling up the DagBag from /home/veri-pc/.local/lib/python3.10/site-packages/airflow/example_dags/example_external_task_marker_dag.py
[2023-03-07 08:41:32,586] {processor.py:651} INFO - DAG(s) dict_keys(['example_external_task_marker_parent', 'example_external_task_marker_child']) retrieved from /home/veri-pc/.local/lib/python3.10/site-packages/airflow/example_dags/example_external_task_marker_dag.py
[2023-03-07 08:41:32,613] {logging_mixin.py:115} INFO - [2023-03-07 08:41:32,613] {dag.py:2379} INFO - Sync 2 DAGs
[2023-03-07 08:41:32,622] {logging_mixin.py:115} INFO - [2023-03-07 08:41:32,622] {dag.py:2927} INFO - Setting next_dagrun for example_external_task_marker_child to None, run_after=None
[2023-03-07 08:41:32,622] {logging_mixin.py:115} INFO - [2023-03-07 08:41:32,622] {dag.py:2927} INFO - Setting next_dagrun for example_external_task_marker_parent to None, run_after=None
[2023-03-07 08:41:32,630] {processor.py:161} INFO - Processing /home/veri-pc/.local/lib/python3.10/site-packages/airflow/example_dags/example_external_task_marker_dag.py took 0.071 seconds
[2023-03-07 08:42:05,569] {processor.py:153} INFO - Started process (PID=8322) to work on /home/veri-pc/.local/lib/python3.10/site-packages/airflow/example_dags/example_external_task_marker_dag.py
[2023-03-07 08:42:05,570] {processor.py:641} INFO - Processing file /home/veri-pc/.local/lib/python3.10/site-packages/airflow/example_dags/example_external_task_marker_dag.py for tasks to queue
[2023-03-07 08:42:05,571] {logging_mixin.py:115} INFO - [2023-03-07 08:42:05,571] {dagbag.py:507} INFO - Filling up the DagBag from /home/veri-pc/.local/lib/python3.10/site-packages/airflow/example_dags/example_external_task_marker_dag.py
[2023-03-07 08:42:05,586] {processor.py:651} INFO - DAG(s) dict_keys(['example_external_task_marker_parent', 'example_external_task_marker_child']) retrieved from /home/veri-pc/.local/lib/python3.10/site-packages/airflow/example_dags/example_external_task_marker_dag.py
[2023-03-07 08:42:05,609] {logging_mixin.py:115} INFO - [2023-03-07 08:42:05,609] {dag.py:2379} INFO - Sync 2 DAGs
[2023-03-07 08:42:05,618] {logging_mixin.py:115} INFO - [2023-03-07 08:42:05,618] {dag.py:2927} INFO - Setting next_dagrun for example_external_task_marker_child to None, run_after=None
[2023-03-07 08:42:05,618] {logging_mixin.py:115} INFO - [2023-03-07 08:42:05,618] {dag.py:2927} INFO - Setting next_dagrun for example_external_task_marker_parent to None, run_after=None
[2023-03-07 08:42:05,625] {processor.py:161} INFO - Processing /home/veri-pc/.local/lib/python3.10/site-packages/airflow/example_dags/example_external_task_marker_dag.py took 0.063 seconds
[2023-03-07 08:42:37,733] {processor.py:153} INFO - Started process (PID=8390) to work on /home/veri-pc/.local/lib/python3.10/site-packages/airflow/example_dags/example_external_task_marker_dag.py
[2023-03-07 08:42:37,735] {processor.py:641} INFO - Processing file /home/veri-pc/.local/lib/python3.10/site-packages/airflow/example_dags/example_external_task_marker_dag.py for tasks to queue
[2023-03-07 08:42:37,736] {logging_mixin.py:115} INFO - [2023-03-07 08:42:37,736] {dagbag.py:507} INFO - Filling up the DagBag from /home/veri-pc/.local/lib/python3.10/site-packages/airflow/example_dags/example_external_task_marker_dag.py
[2023-03-07 08:42:37,752] {processor.py:651} INFO - DAG(s) dict_keys(['example_external_task_marker_parent', 'example_external_task_marker_child']) retrieved from /home/veri-pc/.local/lib/python3.10/site-packages/airflow/example_dags/example_external_task_marker_dag.py
[2023-03-07 08:42:37,779] {logging_mixin.py:115} INFO - [2023-03-07 08:42:37,779] {dag.py:2379} INFO - Sync 2 DAGs
[2023-03-07 08:42:37,789] {logging_mixin.py:115} INFO - [2023-03-07 08:42:37,789] {dag.py:2927} INFO - Setting next_dagrun for example_external_task_marker_child to None, run_after=None
[2023-03-07 08:42:37,789] {logging_mixin.py:115} INFO - [2023-03-07 08:42:37,789] {dag.py:2927} INFO - Setting next_dagrun for example_external_task_marker_parent to None, run_after=None
[2023-03-07 08:42:37,797] {processor.py:161} INFO - Processing /home/veri-pc/.local/lib/python3.10/site-packages/airflow/example_dags/example_external_task_marker_dag.py took 0.071 seconds
[2023-03-07 08:43:11,503] {processor.py:153} INFO - Started process (PID=8469) to work on /home/veri-pc/.local/lib/python3.10/site-packages/airflow/example_dags/example_external_task_marker_dag.py
[2023-03-07 08:43:11,504] {processor.py:641} INFO - Processing file /home/veri-pc/.local/lib/python3.10/site-packages/airflow/example_dags/example_external_task_marker_dag.py for tasks to queue
[2023-03-07 08:43:11,505] {logging_mixin.py:115} INFO - [2023-03-07 08:43:11,504] {dagbag.py:507} INFO - Filling up the DagBag from /home/veri-pc/.local/lib/python3.10/site-packages/airflow/example_dags/example_external_task_marker_dag.py
[2023-03-07 08:43:11,513] {processor.py:651} INFO - DAG(s) dict_keys(['example_external_task_marker_parent', 'example_external_task_marker_child']) retrieved from /home/veri-pc/.local/lib/python3.10/site-packages/airflow/example_dags/example_external_task_marker_dag.py
[2023-03-07 08:43:11,535] {logging_mixin.py:115} INFO - [2023-03-07 08:43:11,535] {dag.py:2379} INFO - Sync 2 DAGs
[2023-03-07 08:43:11,545] {logging_mixin.py:115} INFO - [2023-03-07 08:43:11,545] {dag.py:2927} INFO - Setting next_dagrun for example_external_task_marker_child to None, run_after=None
[2023-03-07 08:43:11,545] {logging_mixin.py:115} INFO - [2023-03-07 08:43:11,545] {dag.py:2927} INFO - Setting next_dagrun for example_external_task_marker_parent to None, run_after=None
[2023-03-07 08:43:11,553] {processor.py:161} INFO - Processing /home/veri-pc/.local/lib/python3.10/site-packages/airflow/example_dags/example_external_task_marker_dag.py took 0.055 seconds
[2023-03-07 08:43:45,039] {processor.py:153} INFO - Started process (PID=8533) to work on /home/veri-pc/.local/lib/python3.10/site-packages/airflow/example_dags/example_external_task_marker_dag.py
[2023-03-07 08:43:45,039] {processor.py:641} INFO - Processing file /home/veri-pc/.local/lib/python3.10/site-packages/airflow/example_dags/example_external_task_marker_dag.py for tasks to queue
[2023-03-07 08:43:45,040] {logging_mixin.py:115} INFO - [2023-03-07 08:43:45,040] {dagbag.py:507} INFO - Filling up the DagBag from /home/veri-pc/.local/lib/python3.10/site-packages/airflow/example_dags/example_external_task_marker_dag.py
[2023-03-07 08:43:45,052] {processor.py:651} INFO - DAG(s) dict_keys(['example_external_task_marker_parent', 'example_external_task_marker_child']) retrieved from /home/veri-pc/.local/lib/python3.10/site-packages/airflow/example_dags/example_external_task_marker_dag.py
[2023-03-07 08:43:45,079] {logging_mixin.py:115} INFO - [2023-03-07 08:43:45,079] {dag.py:2379} INFO - Sync 2 DAGs
[2023-03-07 08:43:45,090] {logging_mixin.py:115} INFO - [2023-03-07 08:43:45,090] {dag.py:2927} INFO - Setting next_dagrun for example_external_task_marker_child to None, run_after=None
[2023-03-07 08:43:45,090] {logging_mixin.py:115} INFO - [2023-03-07 08:43:45,090] {dag.py:2927} INFO - Setting next_dagrun for example_external_task_marker_parent to None, run_after=None
[2023-03-07 08:43:45,098] {processor.py:161} INFO - Processing /home/veri-pc/.local/lib/python3.10/site-packages/airflow/example_dags/example_external_task_marker_dag.py took 0.063 seconds
[2023-03-07 08:44:15,899] {processor.py:153} INFO - Started process (PID=8599) to work on /home/veri-pc/.local/lib/python3.10/site-packages/airflow/example_dags/example_external_task_marker_dag.py
[2023-03-07 08:44:15,901] {processor.py:641} INFO - Processing file /home/veri-pc/.local/lib/python3.10/site-packages/airflow/example_dags/example_external_task_marker_dag.py for tasks to queue
[2023-03-07 08:44:15,902] {logging_mixin.py:115} INFO - [2023-03-07 08:44:15,901] {dagbag.py:507} INFO - Filling up the DagBag from /home/veri-pc/.local/lib/python3.10/site-packages/airflow/example_dags/example_external_task_marker_dag.py
[2023-03-07 08:44:15,918] {processor.py:651} INFO - DAG(s) dict_keys(['example_external_task_marker_parent', 'example_external_task_marker_child']) retrieved from /home/veri-pc/.local/lib/python3.10/site-packages/airflow/example_dags/example_external_task_marker_dag.py
[2023-03-07 08:44:15,943] {logging_mixin.py:115} INFO - [2023-03-07 08:44:15,943] {dag.py:2379} INFO - Sync 2 DAGs
[2023-03-07 08:44:15,955] {logging_mixin.py:115} INFO - [2023-03-07 08:44:15,955] {dag.py:2927} INFO - Setting next_dagrun for example_external_task_marker_child to None, run_after=None
[2023-03-07 08:44:15,955] {logging_mixin.py:115} INFO - [2023-03-07 08:44:15,955] {dag.py:2927} INFO - Setting next_dagrun for example_external_task_marker_parent to None, run_after=None
[2023-03-07 08:44:15,963] {processor.py:161} INFO - Processing /home/veri-pc/.local/lib/python3.10/site-packages/airflow/example_dags/example_external_task_marker_dag.py took 0.070 seconds
[2023-03-07 08:44:49,538] {processor.py:153} INFO - Started process (PID=8674) to work on /home/veri-pc/.local/lib/python3.10/site-packages/airflow/example_dags/example_external_task_marker_dag.py
[2023-03-07 08:44:49,539] {processor.py:641} INFO - Processing file /home/veri-pc/.local/lib/python3.10/site-packages/airflow/example_dags/example_external_task_marker_dag.py for tasks to queue
[2023-03-07 08:44:49,539] {logging_mixin.py:115} INFO - [2023-03-07 08:44:49,539] {dagbag.py:507} INFO - Filling up the DagBag from /home/veri-pc/.local/lib/python3.10/site-packages/airflow/example_dags/example_external_task_marker_dag.py
[2023-03-07 08:44:49,543] {processor.py:651} INFO - DAG(s) dict_keys(['example_external_task_marker_parent', 'example_external_task_marker_child']) retrieved from /home/veri-pc/.local/lib/python3.10/site-packages/airflow/example_dags/example_external_task_marker_dag.py
[2023-03-07 08:44:49,559] {logging_mixin.py:115} INFO - [2023-03-07 08:44:49,559] {dag.py:2379} INFO - Sync 2 DAGs
[2023-03-07 08:44:49,568] {logging_mixin.py:115} INFO - [2023-03-07 08:44:49,568] {dag.py:2927} INFO - Setting next_dagrun for example_external_task_marker_child to None, run_after=None
[2023-03-07 08:44:49,568] {logging_mixin.py:115} INFO - [2023-03-07 08:44:49,568] {dag.py:2927} INFO - Setting next_dagrun for example_external_task_marker_parent to None, run_after=None
[2023-03-07 08:44:49,575] {processor.py:161} INFO - Processing /home/veri-pc/.local/lib/python3.10/site-packages/airflow/example_dags/example_external_task_marker_dag.py took 0.039 seconds
[2023-03-07 08:45:21,070] {processor.py:153} INFO - Started process (PID=8738) to work on /home/veri-pc/.local/lib/python3.10/site-packages/airflow/example_dags/example_external_task_marker_dag.py
[2023-03-07 08:45:21,072] {processor.py:641} INFO - Processing file /home/veri-pc/.local/lib/python3.10/site-packages/airflow/example_dags/example_external_task_marker_dag.py for tasks to queue
[2023-03-07 08:45:21,073] {logging_mixin.py:115} INFO - [2023-03-07 08:45:21,073] {dagbag.py:507} INFO - Filling up the DagBag from /home/veri-pc/.local/lib/python3.10/site-packages/airflow/example_dags/example_external_task_marker_dag.py
[2023-03-07 08:45:21,087] {processor.py:651} INFO - DAG(s) dict_keys(['example_external_task_marker_parent', 'example_external_task_marker_child']) retrieved from /home/veri-pc/.local/lib/python3.10/site-packages/airflow/example_dags/example_external_task_marker_dag.py
[2023-03-07 08:45:21,113] {logging_mixin.py:115} INFO - [2023-03-07 08:45:21,112] {dag.py:2379} INFO - Sync 2 DAGs
[2023-03-07 08:45:21,123] {logging_mixin.py:115} INFO - [2023-03-07 08:45:21,123] {dag.py:2927} INFO - Setting next_dagrun for example_external_task_marker_child to None, run_after=None
[2023-03-07 08:45:21,123] {logging_mixin.py:115} INFO - [2023-03-07 08:45:21,123] {dag.py:2927} INFO - Setting next_dagrun for example_external_task_marker_parent to None, run_after=None
[2023-03-07 08:45:21,131] {processor.py:161} INFO - Processing /home/veri-pc/.local/lib/python3.10/site-packages/airflow/example_dags/example_external_task_marker_dag.py took 0.067 seconds
[2023-03-07 08:45:55,709] {processor.py:153} INFO - Started process (PID=8816) to work on /home/veri-pc/.local/lib/python3.10/site-packages/airflow/example_dags/example_external_task_marker_dag.py
[2023-03-07 08:45:55,710] {processor.py:641} INFO - Processing file /home/veri-pc/.local/lib/python3.10/site-packages/airflow/example_dags/example_external_task_marker_dag.py for tasks to queue
[2023-03-07 08:45:55,711] {logging_mixin.py:115} INFO - [2023-03-07 08:45:55,711] {dagbag.py:507} INFO - Filling up the DagBag from /home/veri-pc/.local/lib/python3.10/site-packages/airflow/example_dags/example_external_task_marker_dag.py
[2023-03-07 08:45:55,721] {processor.py:651} INFO - DAG(s) dict_keys(['example_external_task_marker_parent', 'example_external_task_marker_child']) retrieved from /home/veri-pc/.local/lib/python3.10/site-packages/airflow/example_dags/example_external_task_marker_dag.py
[2023-03-07 08:45:55,754] {logging_mixin.py:115} INFO - [2023-03-07 08:45:55,754] {dag.py:2379} INFO - Sync 2 DAGs
[2023-03-07 08:45:55,765] {logging_mixin.py:115} INFO - [2023-03-07 08:45:55,765] {dag.py:2927} INFO - Setting next_dagrun for example_external_task_marker_child to None, run_after=None
[2023-03-07 08:45:55,765] {logging_mixin.py:115} INFO - [2023-03-07 08:45:55,765] {dag.py:2927} INFO - Setting next_dagrun for example_external_task_marker_parent to None, run_after=None
[2023-03-07 08:45:55,772] {processor.py:161} INFO - Processing /home/veri-pc/.local/lib/python3.10/site-packages/airflow/example_dags/example_external_task_marker_dag.py took 0.069 seconds
[2023-03-07 08:46:30,808] {processor.py:153} INFO - Started process (PID=8906) to work on /home/veri-pc/.local/lib/python3.10/site-packages/airflow/example_dags/example_external_task_marker_dag.py
[2023-03-07 08:46:30,810] {processor.py:641} INFO - Processing file /home/veri-pc/.local/lib/python3.10/site-packages/airflow/example_dags/example_external_task_marker_dag.py for tasks to queue
[2023-03-07 08:46:30,811] {logging_mixin.py:115} INFO - [2023-03-07 08:46:30,811] {dagbag.py:507} INFO - Filling up the DagBag from /home/veri-pc/.local/lib/python3.10/site-packages/airflow/example_dags/example_external_task_marker_dag.py
[2023-03-07 08:46:30,824] {processor.py:651} INFO - DAG(s) dict_keys(['example_external_task_marker_parent', 'example_external_task_marker_child']) retrieved from /home/veri-pc/.local/lib/python3.10/site-packages/airflow/example_dags/example_external_task_marker_dag.py
[2023-03-07 08:46:30,864] {logging_mixin.py:115} INFO - [2023-03-07 08:46:30,864] {dag.py:2379} INFO - Sync 2 DAGs
[2023-03-07 08:46:30,879] {logging_mixin.py:115} INFO - [2023-03-07 08:46:30,879] {dag.py:2927} INFO - Setting next_dagrun for example_external_task_marker_child to None, run_after=None
[2023-03-07 08:46:30,879] {logging_mixin.py:115} INFO - [2023-03-07 08:46:30,879] {dag.py:2927} INFO - Setting next_dagrun for example_external_task_marker_parent to None, run_after=None
[2023-03-07 08:46:30,890] {processor.py:161} INFO - Processing /home/veri-pc/.local/lib/python3.10/site-packages/airflow/example_dags/example_external_task_marker_dag.py took 0.088 seconds
[2023-03-07 08:47:05,082] {processor.py:153} INFO - Started process (PID=8998) to work on /home/veri-pc/.local/lib/python3.10/site-packages/airflow/example_dags/example_external_task_marker_dag.py
[2023-03-07 08:47:05,083] {processor.py:641} INFO - Processing file /home/veri-pc/.local/lib/python3.10/site-packages/airflow/example_dags/example_external_task_marker_dag.py for tasks to queue
[2023-03-07 08:47:05,084] {logging_mixin.py:115} INFO - [2023-03-07 08:47:05,084] {dagbag.py:507} INFO - Filling up the DagBag from /home/veri-pc/.local/lib/python3.10/site-packages/airflow/example_dags/example_external_task_marker_dag.py
[2023-03-07 08:47:05,089] {processor.py:651} INFO - DAG(s) dict_keys(['example_external_task_marker_parent', 'example_external_task_marker_child']) retrieved from /home/veri-pc/.local/lib/python3.10/site-packages/airflow/example_dags/example_external_task_marker_dag.py
[2023-03-07 08:47:05,111] {logging_mixin.py:115} INFO - [2023-03-07 08:47:05,110] {dag.py:2379} INFO - Sync 2 DAGs
[2023-03-07 08:47:05,121] {logging_mixin.py:115} INFO - [2023-03-07 08:47:05,121] {dag.py:2927} INFO - Setting next_dagrun for example_external_task_marker_child to None, run_after=None
[2023-03-07 08:47:05,121] {logging_mixin.py:115} INFO - [2023-03-07 08:47:05,121] {dag.py:2927} INFO - Setting next_dagrun for example_external_task_marker_parent to None, run_after=None
[2023-03-07 08:47:05,129] {processor.py:161} INFO - Processing /home/veri-pc/.local/lib/python3.10/site-packages/airflow/example_dags/example_external_task_marker_dag.py took 0.051 seconds
[2023-03-07 08:47:38,379] {processor.py:153} INFO - Started process (PID=9081) to work on /home/veri-pc/.local/lib/python3.10/site-packages/airflow/example_dags/example_external_task_marker_dag.py
[2023-03-07 08:47:38,380] {processor.py:641} INFO - Processing file /home/veri-pc/.local/lib/python3.10/site-packages/airflow/example_dags/example_external_task_marker_dag.py for tasks to queue
[2023-03-07 08:47:38,382] {logging_mixin.py:115} INFO - [2023-03-07 08:47:38,382] {dagbag.py:507} INFO - Filling up the DagBag from /home/veri-pc/.local/lib/python3.10/site-packages/airflow/example_dags/example_external_task_marker_dag.py
[2023-03-07 08:47:38,390] {processor.py:651} INFO - DAG(s) dict_keys(['example_external_task_marker_parent', 'example_external_task_marker_child']) retrieved from /home/veri-pc/.local/lib/python3.10/site-packages/airflow/example_dags/example_external_task_marker_dag.py
[2023-03-07 08:47:38,418] {logging_mixin.py:115} INFO - [2023-03-07 08:47:38,418] {dag.py:2379} INFO - Sync 2 DAGs
[2023-03-07 08:47:38,429] {logging_mixin.py:115} INFO - [2023-03-07 08:47:38,429] {dag.py:2927} INFO - Setting next_dagrun for example_external_task_marker_child to None, run_after=None
[2023-03-07 08:47:38,429] {logging_mixin.py:115} INFO - [2023-03-07 08:47:38,429] {dag.py:2927} INFO - Setting next_dagrun for example_external_task_marker_parent to None, run_after=None
[2023-03-07 08:47:38,438] {processor.py:161} INFO - Processing /home/veri-pc/.local/lib/python3.10/site-packages/airflow/example_dags/example_external_task_marker_dag.py took 0.066 seconds
[2023-03-07 08:48:12,891] {processor.py:153} INFO - Started process (PID=9175) to work on /home/veri-pc/.local/lib/python3.10/site-packages/airflow/example_dags/example_external_task_marker_dag.py
[2023-03-07 08:48:12,892] {processor.py:641} INFO - Processing file /home/veri-pc/.local/lib/python3.10/site-packages/airflow/example_dags/example_external_task_marker_dag.py for tasks to queue
[2023-03-07 08:48:12,894] {logging_mixin.py:115} INFO - [2023-03-07 08:48:12,894] {dagbag.py:507} INFO - Filling up the DagBag from /home/veri-pc/.local/lib/python3.10/site-packages/airflow/example_dags/example_external_task_marker_dag.py
[2023-03-07 08:48:12,904] {processor.py:651} INFO - DAG(s) dict_keys(['example_external_task_marker_parent', 'example_external_task_marker_child']) retrieved from /home/veri-pc/.local/lib/python3.10/site-packages/airflow/example_dags/example_external_task_marker_dag.py
[2023-03-07 08:48:12,946] {logging_mixin.py:115} INFO - [2023-03-07 08:48:12,946] {dag.py:2379} INFO - Sync 2 DAGs
[2023-03-07 08:48:12,956] {logging_mixin.py:115} INFO - [2023-03-07 08:48:12,956] {dag.py:2927} INFO - Setting next_dagrun for example_external_task_marker_child to None, run_after=None
[2023-03-07 08:48:12,956] {logging_mixin.py:115} INFO - [2023-03-07 08:48:12,956] {dag.py:2927} INFO - Setting next_dagrun for example_external_task_marker_parent to None, run_after=None
[2023-03-07 08:48:12,964] {processor.py:161} INFO - Processing /home/veri-pc/.local/lib/python3.10/site-packages/airflow/example_dags/example_external_task_marker_dag.py took 0.080 seconds
[2023-03-07 08:48:45,951] {processor.py:153} INFO - Started process (PID=9251) to work on /home/veri-pc/.local/lib/python3.10/site-packages/airflow/example_dags/example_external_task_marker_dag.py
[2023-03-07 08:48:45,951] {processor.py:641} INFO - Processing file /home/veri-pc/.local/lib/python3.10/site-packages/airflow/example_dags/example_external_task_marker_dag.py for tasks to queue
[2023-03-07 08:48:45,952] {logging_mixin.py:115} INFO - [2023-03-07 08:48:45,951] {dagbag.py:507} INFO - Filling up the DagBag from /home/veri-pc/.local/lib/python3.10/site-packages/airflow/example_dags/example_external_task_marker_dag.py
[2023-03-07 08:48:45,954] {processor.py:651} INFO - DAG(s) dict_keys(['example_external_task_marker_parent', 'example_external_task_marker_child']) retrieved from /home/veri-pc/.local/lib/python3.10/site-packages/airflow/example_dags/example_external_task_marker_dag.py
[2023-03-07 08:48:45,976] {logging_mixin.py:115} INFO - [2023-03-07 08:48:45,976] {dag.py:2379} INFO - Sync 2 DAGs
[2023-03-07 08:48:45,986] {logging_mixin.py:115} INFO - [2023-03-07 08:48:45,986] {dag.py:2927} INFO - Setting next_dagrun for example_external_task_marker_child to None, run_after=None
[2023-03-07 08:48:45,986] {logging_mixin.py:115} INFO - [2023-03-07 08:48:45,986] {dag.py:2927} INFO - Setting next_dagrun for example_external_task_marker_parent to None, run_after=None
[2023-03-07 08:48:45,994] {processor.py:161} INFO - Processing /home/veri-pc/.local/lib/python3.10/site-packages/airflow/example_dags/example_external_task_marker_dag.py took 0.045 seconds
[2023-03-07 08:49:18,535] {processor.py:153} INFO - Started process (PID=9330) to work on /home/veri-pc/.local/lib/python3.10/site-packages/airflow/example_dags/example_external_task_marker_dag.py
[2023-03-07 08:49:18,535] {processor.py:641} INFO - Processing file /home/veri-pc/.local/lib/python3.10/site-packages/airflow/example_dags/example_external_task_marker_dag.py for tasks to queue
[2023-03-07 08:49:18,536] {logging_mixin.py:115} INFO - [2023-03-07 08:49:18,536] {dagbag.py:507} INFO - Filling up the DagBag from /home/veri-pc/.local/lib/python3.10/site-packages/airflow/example_dags/example_external_task_marker_dag.py
[2023-03-07 08:49:18,543] {processor.py:651} INFO - DAG(s) dict_keys(['example_external_task_marker_parent', 'example_external_task_marker_child']) retrieved from /home/veri-pc/.local/lib/python3.10/site-packages/airflow/example_dags/example_external_task_marker_dag.py
[2023-03-07 08:49:18,578] {logging_mixin.py:115} INFO - [2023-03-07 08:49:18,578] {dag.py:2379} INFO - Sync 2 DAGs
[2023-03-07 08:49:18,588] {logging_mixin.py:115} INFO - [2023-03-07 08:49:18,588] {dag.py:2927} INFO - Setting next_dagrun for example_external_task_marker_child to None, run_after=None
[2023-03-07 08:49:18,589] {logging_mixin.py:115} INFO - [2023-03-07 08:49:18,589] {dag.py:2927} INFO - Setting next_dagrun for example_external_task_marker_parent to None, run_after=None
[2023-03-07 08:49:18,596] {processor.py:161} INFO - Processing /home/veri-pc/.local/lib/python3.10/site-packages/airflow/example_dags/example_external_task_marker_dag.py took 0.066 seconds
[2023-03-07 08:49:53,350] {processor.py:153} INFO - Started process (PID=9445) to work on /home/veri-pc/.local/lib/python3.10/site-packages/airflow/example_dags/example_external_task_marker_dag.py
[2023-03-07 08:49:53,352] {processor.py:641} INFO - Processing file /home/veri-pc/.local/lib/python3.10/site-packages/airflow/example_dags/example_external_task_marker_dag.py for tasks to queue
[2023-03-07 08:49:53,353] {logging_mixin.py:115} INFO - [2023-03-07 08:49:53,353] {dagbag.py:507} INFO - Filling up the DagBag from /home/veri-pc/.local/lib/python3.10/site-packages/airflow/example_dags/example_external_task_marker_dag.py
[2023-03-07 08:49:53,363] {processor.py:651} INFO - DAG(s) dict_keys(['example_external_task_marker_parent', 'example_external_task_marker_child']) retrieved from /home/veri-pc/.local/lib/python3.10/site-packages/airflow/example_dags/example_external_task_marker_dag.py
[2023-03-07 08:49:53,394] {logging_mixin.py:115} INFO - [2023-03-07 08:49:53,394] {dag.py:2379} INFO - Sync 2 DAGs
[2023-03-07 08:49:53,405] {logging_mixin.py:115} INFO - [2023-03-07 08:49:53,405] {dag.py:2927} INFO - Setting next_dagrun for example_external_task_marker_child to None, run_after=None
[2023-03-07 08:49:53,405] {logging_mixin.py:115} INFO - [2023-03-07 08:49:53,405] {dag.py:2927} INFO - Setting next_dagrun for example_external_task_marker_parent to None, run_after=None
[2023-03-07 08:49:53,413] {processor.py:161} INFO - Processing /home/veri-pc/.local/lib/python3.10/site-packages/airflow/example_dags/example_external_task_marker_dag.py took 0.069 seconds
[2023-03-07 08:50:25,292] {processor.py:153} INFO - Started process (PID=9540) to work on /home/veri-pc/.local/lib/python3.10/site-packages/airflow/example_dags/example_external_task_marker_dag.py
[2023-03-07 08:50:25,294] {processor.py:641} INFO - Processing file /home/veri-pc/.local/lib/python3.10/site-packages/airflow/example_dags/example_external_task_marker_dag.py for tasks to queue
[2023-03-07 08:50:25,295] {logging_mixin.py:115} INFO - [2023-03-07 08:50:25,295] {dagbag.py:507} INFO - Filling up the DagBag from /home/veri-pc/.local/lib/python3.10/site-packages/airflow/example_dags/example_external_task_marker_dag.py
[2023-03-07 08:50:25,304] {processor.py:651} INFO - DAG(s) dict_keys(['example_external_task_marker_parent', 'example_external_task_marker_child']) retrieved from /home/veri-pc/.local/lib/python3.10/site-packages/airflow/example_dags/example_external_task_marker_dag.py
[2023-03-07 08:50:25,332] {logging_mixin.py:115} INFO - [2023-03-07 08:50:25,332] {dag.py:2379} INFO - Sync 2 DAGs
[2023-03-07 08:50:25,343] {logging_mixin.py:115} INFO - [2023-03-07 08:50:25,343] {dag.py:2927} INFO - Setting next_dagrun for example_external_task_marker_child to None, run_after=None
[2023-03-07 08:50:25,343] {logging_mixin.py:115} INFO - [2023-03-07 08:50:25,343] {dag.py:2927} INFO - Setting next_dagrun for example_external_task_marker_parent to None, run_after=None
[2023-03-07 08:50:25,351] {processor.py:161} INFO - Processing /home/veri-pc/.local/lib/python3.10/site-packages/airflow/example_dags/example_external_task_marker_dag.py took 0.064 seconds
[2023-03-07 08:51:00,688] {processor.py:153} INFO - Started process (PID=9619) to work on /home/veri-pc/.local/lib/python3.10/site-packages/airflow/example_dags/example_external_task_marker_dag.py
[2023-03-07 08:51:00,689] {processor.py:641} INFO - Processing file /home/veri-pc/.local/lib/python3.10/site-packages/airflow/example_dags/example_external_task_marker_dag.py for tasks to queue
[2023-03-07 08:51:00,689] {logging_mixin.py:115} INFO - [2023-03-07 08:51:00,689] {dagbag.py:507} INFO - Filling up the DagBag from /home/veri-pc/.local/lib/python3.10/site-packages/airflow/example_dags/example_external_task_marker_dag.py
[2023-03-07 08:51:00,692] {processor.py:651} INFO - DAG(s) dict_keys(['example_external_task_marker_parent', 'example_external_task_marker_child']) retrieved from /home/veri-pc/.local/lib/python3.10/site-packages/airflow/example_dags/example_external_task_marker_dag.py
[2023-03-07 08:51:00,710] {logging_mixin.py:115} INFO - [2023-03-07 08:51:00,710] {dag.py:2379} INFO - Sync 2 DAGs
[2023-03-07 08:51:00,721] {logging_mixin.py:115} INFO - [2023-03-07 08:51:00,720] {dag.py:2927} INFO - Setting next_dagrun for example_external_task_marker_child to None, run_after=None
[2023-03-07 08:51:00,721] {logging_mixin.py:115} INFO - [2023-03-07 08:51:00,721] {dag.py:2927} INFO - Setting next_dagrun for example_external_task_marker_parent to None, run_after=None
[2023-03-07 08:51:00,729] {processor.py:161} INFO - Processing /home/veri-pc/.local/lib/python3.10/site-packages/airflow/example_dags/example_external_task_marker_dag.py took 0.043 seconds
[2023-03-07 08:51:33,226] {processor.py:153} INFO - Started process (PID=9723) to work on /home/veri-pc/.local/lib/python3.10/site-packages/airflow/example_dags/example_external_task_marker_dag.py
[2023-03-07 08:51:33,227] {processor.py:641} INFO - Processing file /home/veri-pc/.local/lib/python3.10/site-packages/airflow/example_dags/example_external_task_marker_dag.py for tasks to queue
[2023-03-07 08:51:33,228] {logging_mixin.py:115} INFO - [2023-03-07 08:51:33,227] {dagbag.py:507} INFO - Filling up the DagBag from /home/veri-pc/.local/lib/python3.10/site-packages/airflow/example_dags/example_external_task_marker_dag.py
[2023-03-07 08:51:33,230] {processor.py:651} INFO - DAG(s) dict_keys(['example_external_task_marker_parent', 'example_external_task_marker_child']) retrieved from /home/veri-pc/.local/lib/python3.10/site-packages/airflow/example_dags/example_external_task_marker_dag.py
[2023-03-07 08:51:33,251] {logging_mixin.py:115} INFO - [2023-03-07 08:51:33,251] {dag.py:2379} INFO - Sync 2 DAGs
[2023-03-07 08:51:33,264] {logging_mixin.py:115} INFO - [2023-03-07 08:51:33,263] {dag.py:2927} INFO - Setting next_dagrun for example_external_task_marker_child to None, run_after=None
[2023-03-07 08:51:33,264] {logging_mixin.py:115} INFO - [2023-03-07 08:51:33,264] {dag.py:2927} INFO - Setting next_dagrun for example_external_task_marker_parent to None, run_after=None
[2023-03-07 08:51:33,273] {processor.py:161} INFO - Processing /home/veri-pc/.local/lib/python3.10/site-packages/airflow/example_dags/example_external_task_marker_dag.py took 0.049 seconds
[2023-03-07 08:52:08,100] {processor.py:153} INFO - Started process (PID=9814) to work on /home/veri-pc/.local/lib/python3.10/site-packages/airflow/example_dags/example_external_task_marker_dag.py
[2023-03-07 08:52:08,101] {processor.py:641} INFO - Processing file /home/veri-pc/.local/lib/python3.10/site-packages/airflow/example_dags/example_external_task_marker_dag.py for tasks to queue
[2023-03-07 08:52:08,102] {logging_mixin.py:115} INFO - [2023-03-07 08:52:08,102] {dagbag.py:507} INFO - Filling up the DagBag from /home/veri-pc/.local/lib/python3.10/site-packages/airflow/example_dags/example_external_task_marker_dag.py
[2023-03-07 08:52:08,108] {processor.py:651} INFO - DAG(s) dict_keys(['example_external_task_marker_parent', 'example_external_task_marker_child']) retrieved from /home/veri-pc/.local/lib/python3.10/site-packages/airflow/example_dags/example_external_task_marker_dag.py
[2023-03-07 08:52:08,132] {logging_mixin.py:115} INFO - [2023-03-07 08:52:08,132] {dag.py:2379} INFO - Sync 2 DAGs
[2023-03-07 08:52:08,142] {logging_mixin.py:115} INFO - [2023-03-07 08:52:08,142] {dag.py:2927} INFO - Setting next_dagrun for example_external_task_marker_child to None, run_after=None
[2023-03-07 08:52:08,142] {logging_mixin.py:115} INFO - [2023-03-07 08:52:08,142] {dag.py:2927} INFO - Setting next_dagrun for example_external_task_marker_parent to None, run_after=None
[2023-03-07 08:52:08,150] {processor.py:161} INFO - Processing /home/veri-pc/.local/lib/python3.10/site-packages/airflow/example_dags/example_external_task_marker_dag.py took 0.057 seconds
[2023-03-07 08:52:40,095] {processor.py:153} INFO - Started process (PID=9899) to work on /home/veri-pc/.local/lib/python3.10/site-packages/airflow/example_dags/example_external_task_marker_dag.py
[2023-03-07 08:52:40,108] {processor.py:641} INFO - Processing file /home/veri-pc/.local/lib/python3.10/site-packages/airflow/example_dags/example_external_task_marker_dag.py for tasks to queue
[2023-03-07 08:52:40,110] {logging_mixin.py:115} INFO - [2023-03-07 08:52:40,110] {dagbag.py:507} INFO - Filling up the DagBag from /home/veri-pc/.local/lib/python3.10/site-packages/airflow/example_dags/example_external_task_marker_dag.py
[2023-03-07 08:52:40,166] {processor.py:651} INFO - DAG(s) dict_keys(['example_external_task_marker_parent', 'example_external_task_marker_child']) retrieved from /home/veri-pc/.local/lib/python3.10/site-packages/airflow/example_dags/example_external_task_marker_dag.py
[2023-03-07 08:52:40,205] {logging_mixin.py:115} INFO - [2023-03-07 08:52:40,205] {dag.py:2379} INFO - Sync 2 DAGs
[2023-03-07 08:52:40,220] {logging_mixin.py:115} INFO - [2023-03-07 08:52:40,220] {dag.py:2927} INFO - Setting next_dagrun for example_external_task_marker_child to None, run_after=None
[2023-03-07 08:52:40,221] {logging_mixin.py:115} INFO - [2023-03-07 08:52:40,221] {dag.py:2927} INFO - Setting next_dagrun for example_external_task_marker_parent to None, run_after=None
[2023-03-07 08:52:40,281] {processor.py:161} INFO - Processing /home/veri-pc/.local/lib/python3.10/site-packages/airflow/example_dags/example_external_task_marker_dag.py took 0.195 seconds
[2023-03-07 08:53:21,709] {processor.py:153} INFO - Started process (PID=10014) to work on /home/veri-pc/.local/lib/python3.10/site-packages/airflow/example_dags/example_external_task_marker_dag.py
[2023-03-07 08:53:21,710] {processor.py:641} INFO - Processing file /home/veri-pc/.local/lib/python3.10/site-packages/airflow/example_dags/example_external_task_marker_dag.py for tasks to queue
[2023-03-07 08:53:21,710] {logging_mixin.py:115} INFO - [2023-03-07 08:53:21,710] {dagbag.py:507} INFO - Filling up the DagBag from /home/veri-pc/.local/lib/python3.10/site-packages/airflow/example_dags/example_external_task_marker_dag.py
[2023-03-07 08:53:21,717] {processor.py:651} INFO - DAG(s) dict_keys(['example_external_task_marker_parent', 'example_external_task_marker_child']) retrieved from /home/veri-pc/.local/lib/python3.10/site-packages/airflow/example_dags/example_external_task_marker_dag.py
[2023-03-07 08:53:21,749] {logging_mixin.py:115} INFO - [2023-03-07 08:53:21,749] {dag.py:2379} INFO - Sync 2 DAGs
[2023-03-07 08:53:21,761] {logging_mixin.py:115} INFO - [2023-03-07 08:53:21,761] {dag.py:2927} INFO - Setting next_dagrun for example_external_task_marker_child to None, run_after=None
[2023-03-07 08:53:21,761] {logging_mixin.py:115} INFO - [2023-03-07 08:53:21,761] {dag.py:2927} INFO - Setting next_dagrun for example_external_task_marker_parent to None, run_after=None
[2023-03-07 08:53:21,769] {processor.py:161} INFO - Processing /home/veri-pc/.local/lib/python3.10/site-packages/airflow/example_dags/example_external_task_marker_dag.py took 0.063 seconds
[2023-03-07 08:53:53,618] {processor.py:153} INFO - Started process (PID=10087) to work on /home/veri-pc/.local/lib/python3.10/site-packages/airflow/example_dags/example_external_task_marker_dag.py
[2023-03-07 08:53:53,620] {processor.py:641} INFO - Processing file /home/veri-pc/.local/lib/python3.10/site-packages/airflow/example_dags/example_external_task_marker_dag.py for tasks to queue
[2023-03-07 08:53:53,621] {logging_mixin.py:115} INFO - [2023-03-07 08:53:53,621] {dagbag.py:507} INFO - Filling up the DagBag from /home/veri-pc/.local/lib/python3.10/site-packages/airflow/example_dags/example_external_task_marker_dag.py
[2023-03-07 08:53:53,632] {processor.py:651} INFO - DAG(s) dict_keys(['example_external_task_marker_parent', 'example_external_task_marker_child']) retrieved from /home/veri-pc/.local/lib/python3.10/site-packages/airflow/example_dags/example_external_task_marker_dag.py
[2023-03-07 08:53:53,661] {logging_mixin.py:115} INFO - [2023-03-07 08:53:53,661] {dag.py:2379} INFO - Sync 2 DAGs
[2023-03-07 08:53:53,672] {logging_mixin.py:115} INFO - [2023-03-07 08:53:53,672] {dag.py:2927} INFO - Setting next_dagrun for example_external_task_marker_child to None, run_after=None
[2023-03-07 08:53:53,672] {logging_mixin.py:115} INFO - [2023-03-07 08:53:53,672] {dag.py:2927} INFO - Setting next_dagrun for example_external_task_marker_parent to None, run_after=None
[2023-03-07 08:53:53,681] {processor.py:161} INFO - Processing /home/veri-pc/.local/lib/python3.10/site-packages/airflow/example_dags/example_external_task_marker_dag.py took 0.070 seconds
[2023-03-07 08:54:44,411] {processor.py:153} INFO - Started process (PID=10803) to work on /home/veri-pc/.local/lib/python3.10/site-packages/airflow/example_dags/example_external_task_marker_dag.py
[2023-03-07 08:54:44,411] {processor.py:641} INFO - Processing file /home/veri-pc/.local/lib/python3.10/site-packages/airflow/example_dags/example_external_task_marker_dag.py for tasks to queue
[2023-03-07 08:54:44,412] {logging_mixin.py:115} INFO - [2023-03-07 08:54:44,412] {dagbag.py:507} INFO - Filling up the DagBag from /home/veri-pc/.local/lib/python3.10/site-packages/airflow/example_dags/example_external_task_marker_dag.py
[2023-03-07 08:54:44,414] {processor.py:651} INFO - DAG(s) dict_keys(['example_external_task_marker_parent', 'example_external_task_marker_child']) retrieved from /home/veri-pc/.local/lib/python3.10/site-packages/airflow/example_dags/example_external_task_marker_dag.py
[2023-03-07 08:54:44,435] {logging_mixin.py:115} INFO - [2023-03-07 08:54:44,435] {dag.py:2379} INFO - Sync 2 DAGs
[2023-03-07 08:54:44,447] {logging_mixin.py:115} INFO - [2023-03-07 08:54:44,446] {dag.py:2927} INFO - Setting next_dagrun for example_external_task_marker_child to None, run_after=None
[2023-03-07 08:54:44,447] {logging_mixin.py:115} INFO - [2023-03-07 08:54:44,447] {dag.py:2927} INFO - Setting next_dagrun for example_external_task_marker_parent to None, run_after=None
[2023-03-07 08:54:44,461] {processor.py:161} INFO - Processing /home/veri-pc/.local/lib/python3.10/site-packages/airflow/example_dags/example_external_task_marker_dag.py took 0.055 seconds
[2023-03-07 08:55:17,424] {processor.py:153} INFO - Started process (PID=10915) to work on /home/veri-pc/.local/lib/python3.10/site-packages/airflow/example_dags/example_external_task_marker_dag.py
[2023-03-07 08:55:17,425] {processor.py:641} INFO - Processing file /home/veri-pc/.local/lib/python3.10/site-packages/airflow/example_dags/example_external_task_marker_dag.py for tasks to queue
[2023-03-07 08:55:17,426] {logging_mixin.py:115} INFO - [2023-03-07 08:55:17,426] {dagbag.py:507} INFO - Filling up the DagBag from /home/veri-pc/.local/lib/python3.10/site-packages/airflow/example_dags/example_external_task_marker_dag.py
[2023-03-07 08:55:17,434] {processor.py:651} INFO - DAG(s) dict_keys(['example_external_task_marker_parent', 'example_external_task_marker_child']) retrieved from /home/veri-pc/.local/lib/python3.10/site-packages/airflow/example_dags/example_external_task_marker_dag.py
[2023-03-07 08:55:17,465] {logging_mixin.py:115} INFO - [2023-03-07 08:55:17,465] {dag.py:2379} INFO - Sync 2 DAGs
[2023-03-07 08:55:17,475] {logging_mixin.py:115} INFO - [2023-03-07 08:55:17,475] {dag.py:2927} INFO - Setting next_dagrun for example_external_task_marker_child to None, run_after=None
[2023-03-07 08:55:17,476] {logging_mixin.py:115} INFO - [2023-03-07 08:55:17,476] {dag.py:2927} INFO - Setting next_dagrun for example_external_task_marker_parent to None, run_after=None
[2023-03-07 08:55:17,484] {processor.py:161} INFO - Processing /home/veri-pc/.local/lib/python3.10/site-packages/airflow/example_dags/example_external_task_marker_dag.py took 0.065 seconds
[2023-03-07 08:55:51,079] {processor.py:153} INFO - Started process (PID=10984) to work on /home/veri-pc/.local/lib/python3.10/site-packages/airflow/example_dags/example_external_task_marker_dag.py
[2023-03-07 08:55:51,080] {processor.py:641} INFO - Processing file /home/veri-pc/.local/lib/python3.10/site-packages/airflow/example_dags/example_external_task_marker_dag.py for tasks to queue
[2023-03-07 08:55:51,081] {logging_mixin.py:115} INFO - [2023-03-07 08:55:51,081] {dagbag.py:507} INFO - Filling up the DagBag from /home/veri-pc/.local/lib/python3.10/site-packages/airflow/example_dags/example_external_task_marker_dag.py
[2023-03-07 08:55:51,087] {processor.py:651} INFO - DAG(s) dict_keys(['example_external_task_marker_parent', 'example_external_task_marker_child']) retrieved from /home/veri-pc/.local/lib/python3.10/site-packages/airflow/example_dags/example_external_task_marker_dag.py
[2023-03-07 08:55:51,115] {logging_mixin.py:115} INFO - [2023-03-07 08:55:51,115] {dag.py:2379} INFO - Sync 2 DAGs
[2023-03-07 08:55:51,127] {logging_mixin.py:115} INFO - [2023-03-07 08:55:51,127] {dag.py:2927} INFO - Setting next_dagrun for example_external_task_marker_child to None, run_after=None
[2023-03-07 08:55:51,127] {logging_mixin.py:115} INFO - [2023-03-07 08:55:51,127] {dag.py:2927} INFO - Setting next_dagrun for example_external_task_marker_parent to None, run_after=None
[2023-03-07 08:55:51,136] {processor.py:161} INFO - Processing /home/veri-pc/.local/lib/python3.10/site-packages/airflow/example_dags/example_external_task_marker_dag.py took 0.064 seconds
[2023-03-07 09:02:04,024] {processor.py:153} INFO - Started process (PID=11883) to work on /home/veri-pc/.local/lib/python3.10/site-packages/airflow/example_dags/example_external_task_marker_dag.py
[2023-03-07 09:02:04,025] {processor.py:641} INFO - Processing file /home/veri-pc/.local/lib/python3.10/site-packages/airflow/example_dags/example_external_task_marker_dag.py for tasks to queue
[2023-03-07 09:02:04,025] {logging_mixin.py:115} INFO - [2023-03-07 09:02:04,025] {dagbag.py:507} INFO - Filling up the DagBag from /home/veri-pc/.local/lib/python3.10/site-packages/airflow/example_dags/example_external_task_marker_dag.py
[2023-03-07 09:02:04,028] {processor.py:651} INFO - DAG(s) dict_keys(['example_external_task_marker_parent', 'example_external_task_marker_child']) retrieved from /home/veri-pc/.local/lib/python3.10/site-packages/airflow/example_dags/example_external_task_marker_dag.py
[2023-03-07 09:02:04,050] {logging_mixin.py:115} INFO - [2023-03-07 09:02:04,050] {dag.py:2379} INFO - Sync 2 DAGs
[2023-03-07 09:02:04,062] {logging_mixin.py:115} INFO - [2023-03-07 09:02:04,062] {dag.py:2927} INFO - Setting next_dagrun for example_external_task_marker_child to None, run_after=None
[2023-03-07 09:02:04,063] {logging_mixin.py:115} INFO - [2023-03-07 09:02:04,062] {dag.py:2927} INFO - Setting next_dagrun for example_external_task_marker_parent to None, run_after=None
[2023-03-07 09:02:04,073] {processor.py:161} INFO - Processing /home/veri-pc/.local/lib/python3.10/site-packages/airflow/example_dags/example_external_task_marker_dag.py took 0.050 seconds
[2023-03-07 09:02:37,146] {processor.py:153} INFO - Started process (PID=11982) to work on /home/veri-pc/.local/lib/python3.10/site-packages/airflow/example_dags/example_external_task_marker_dag.py
[2023-03-07 09:02:37,147] {processor.py:641} INFO - Processing file /home/veri-pc/.local/lib/python3.10/site-packages/airflow/example_dags/example_external_task_marker_dag.py for tasks to queue
[2023-03-07 09:02:37,148] {logging_mixin.py:115} INFO - [2023-03-07 09:02:37,148] {dagbag.py:507} INFO - Filling up the DagBag from /home/veri-pc/.local/lib/python3.10/site-packages/airflow/example_dags/example_external_task_marker_dag.py
[2023-03-07 09:02:37,153] {processor.py:651} INFO - DAG(s) dict_keys(['example_external_task_marker_parent', 'example_external_task_marker_child']) retrieved from /home/veri-pc/.local/lib/python3.10/site-packages/airflow/example_dags/example_external_task_marker_dag.py
[2023-03-07 09:02:37,188] {logging_mixin.py:115} INFO - [2023-03-07 09:02:37,188] {dag.py:2379} INFO - Sync 2 DAGs
[2023-03-07 09:02:37,202] {logging_mixin.py:115} INFO - [2023-03-07 09:02:37,202] {dag.py:2927} INFO - Setting next_dagrun for example_external_task_marker_child to None, run_after=None
[2023-03-07 09:02:37,203] {logging_mixin.py:115} INFO - [2023-03-07 09:02:37,203] {dag.py:2927} INFO - Setting next_dagrun for example_external_task_marker_parent to None, run_after=None
[2023-03-07 09:02:37,212] {processor.py:161} INFO - Processing /home/veri-pc/.local/lib/python3.10/site-packages/airflow/example_dags/example_external_task_marker_dag.py took 0.069 seconds
[2023-03-07 09:03:09,709] {processor.py:153} INFO - Started process (PID=12061) to work on /home/veri-pc/.local/lib/python3.10/site-packages/airflow/example_dags/example_external_task_marker_dag.py
[2023-03-07 09:03:09,709] {processor.py:641} INFO - Processing file /home/veri-pc/.local/lib/python3.10/site-packages/airflow/example_dags/example_external_task_marker_dag.py for tasks to queue
[2023-03-07 09:03:09,710] {logging_mixin.py:115} INFO - [2023-03-07 09:03:09,710] {dagbag.py:507} INFO - Filling up the DagBag from /home/veri-pc/.local/lib/python3.10/site-packages/airflow/example_dags/example_external_task_marker_dag.py
[2023-03-07 09:03:09,712] {processor.py:651} INFO - DAG(s) dict_keys(['example_external_task_marker_parent', 'example_external_task_marker_child']) retrieved from /home/veri-pc/.local/lib/python3.10/site-packages/airflow/example_dags/example_external_task_marker_dag.py
[2023-03-07 09:03:09,733] {logging_mixin.py:115} INFO - [2023-03-07 09:03:09,733] {dag.py:2379} INFO - Sync 2 DAGs
[2023-03-07 09:03:09,744] {logging_mixin.py:115} INFO - [2023-03-07 09:03:09,744] {dag.py:2927} INFO - Setting next_dagrun for example_external_task_marker_child to None, run_after=None
[2023-03-07 09:03:09,744] {logging_mixin.py:115} INFO - [2023-03-07 09:03:09,744] {dag.py:2927} INFO - Setting next_dagrun for example_external_task_marker_parent to None, run_after=None
[2023-03-07 09:03:09,753] {processor.py:161} INFO - Processing /home/veri-pc/.local/lib/python3.10/site-packages/airflow/example_dags/example_external_task_marker_dag.py took 0.045 seconds
[2023-03-07 09:03:41,652] {processor.py:153} INFO - Started process (PID=12222) to work on /home/veri-pc/.local/lib/python3.10/site-packages/airflow/example_dags/example_external_task_marker_dag.py
[2023-03-07 09:03:41,653] {processor.py:641} INFO - Processing file /home/veri-pc/.local/lib/python3.10/site-packages/airflow/example_dags/example_external_task_marker_dag.py for tasks to queue
[2023-03-07 09:03:41,653] {logging_mixin.py:115} INFO - [2023-03-07 09:03:41,653] {dagbag.py:507} INFO - Filling up the DagBag from /home/veri-pc/.local/lib/python3.10/site-packages/airflow/example_dags/example_external_task_marker_dag.py
[2023-03-07 09:03:41,659] {processor.py:651} INFO - DAG(s) dict_keys(['example_external_task_marker_parent', 'example_external_task_marker_child']) retrieved from /home/veri-pc/.local/lib/python3.10/site-packages/airflow/example_dags/example_external_task_marker_dag.py
[2023-03-07 09:03:41,691] {logging_mixin.py:115} INFO - [2023-03-07 09:03:41,691] {dag.py:2379} INFO - Sync 2 DAGs
[2023-03-07 09:03:41,702] {logging_mixin.py:115} INFO - [2023-03-07 09:03:41,702] {dag.py:2927} INFO - Setting next_dagrun for example_external_task_marker_child to None, run_after=None
[2023-03-07 09:03:41,703] {logging_mixin.py:115} INFO - [2023-03-07 09:03:41,702] {dag.py:2927} INFO - Setting next_dagrun for example_external_task_marker_parent to None, run_after=None
[2023-03-07 09:03:41,710] {processor.py:161} INFO - Processing /home/veri-pc/.local/lib/python3.10/site-packages/airflow/example_dags/example_external_task_marker_dag.py took 0.062 seconds
[2023-03-07 09:04:14,462] {processor.py:153} INFO - Started process (PID=12307) to work on /home/veri-pc/.local/lib/python3.10/site-packages/airflow/example_dags/example_external_task_marker_dag.py
[2023-03-07 09:04:14,464] {processor.py:641} INFO - Processing file /home/veri-pc/.local/lib/python3.10/site-packages/airflow/example_dags/example_external_task_marker_dag.py for tasks to queue
[2023-03-07 09:04:14,465] {logging_mixin.py:115} INFO - [2023-03-07 09:04:14,465] {dagbag.py:507} INFO - Filling up the DagBag from /home/veri-pc/.local/lib/python3.10/site-packages/airflow/example_dags/example_external_task_marker_dag.py
[2023-03-07 09:04:14,474] {processor.py:651} INFO - DAG(s) dict_keys(['example_external_task_marker_parent', 'example_external_task_marker_child']) retrieved from /home/veri-pc/.local/lib/python3.10/site-packages/airflow/example_dags/example_external_task_marker_dag.py
[2023-03-07 09:04:14,508] {logging_mixin.py:115} INFO - [2023-03-07 09:04:14,508] {dag.py:2379} INFO - Sync 2 DAGs
[2023-03-07 09:04:14,519] {logging_mixin.py:115} INFO - [2023-03-07 09:04:14,519] {dag.py:2927} INFO - Setting next_dagrun for example_external_task_marker_child to None, run_after=None
[2023-03-07 09:04:14,519] {logging_mixin.py:115} INFO - [2023-03-07 09:04:14,519] {dag.py:2927} INFO - Setting next_dagrun for example_external_task_marker_parent to None, run_after=None
[2023-03-07 09:04:14,526] {processor.py:161} INFO - Processing /home/veri-pc/.local/lib/python3.10/site-packages/airflow/example_dags/example_external_task_marker_dag.py took 0.070 seconds
[2023-03-07 09:04:49,383] {processor.py:153} INFO - Started process (PID=12385) to work on /home/veri-pc/.local/lib/python3.10/site-packages/airflow/example_dags/example_external_task_marker_dag.py
[2023-03-07 09:04:49,384] {processor.py:641} INFO - Processing file /home/veri-pc/.local/lib/python3.10/site-packages/airflow/example_dags/example_external_task_marker_dag.py for tasks to queue
[2023-03-07 09:04:49,384] {logging_mixin.py:115} INFO - [2023-03-07 09:04:49,384] {dagbag.py:507} INFO - Filling up the DagBag from /home/veri-pc/.local/lib/python3.10/site-packages/airflow/example_dags/example_external_task_marker_dag.py
[2023-03-07 09:04:49,387] {processor.py:651} INFO - DAG(s) dict_keys(['example_external_task_marker_parent', 'example_external_task_marker_child']) retrieved from /home/veri-pc/.local/lib/python3.10/site-packages/airflow/example_dags/example_external_task_marker_dag.py
[2023-03-07 09:04:49,412] {logging_mixin.py:115} INFO - [2023-03-07 09:04:49,412] {dag.py:2379} INFO - Sync 2 DAGs
[2023-03-07 09:04:49,425] {logging_mixin.py:115} INFO - [2023-03-07 09:04:49,424] {dag.py:2927} INFO - Setting next_dagrun for example_external_task_marker_child to None, run_after=None
[2023-03-07 09:04:49,425] {logging_mixin.py:115} INFO - [2023-03-07 09:04:49,425] {dag.py:2927} INFO - Setting next_dagrun for example_external_task_marker_parent to None, run_after=None
[2023-03-07 09:04:49,433] {processor.py:161} INFO - Processing /home/veri-pc/.local/lib/python3.10/site-packages/airflow/example_dags/example_external_task_marker_dag.py took 0.051 seconds
[2023-03-07 09:05:23,002] {processor.py:153} INFO - Started process (PID=12466) to work on /home/veri-pc/.local/lib/python3.10/site-packages/airflow/example_dags/example_external_task_marker_dag.py
[2023-03-07 09:05:23,003] {processor.py:641} INFO - Processing file /home/veri-pc/.local/lib/python3.10/site-packages/airflow/example_dags/example_external_task_marker_dag.py for tasks to queue
[2023-03-07 09:05:23,004] {logging_mixin.py:115} INFO - [2023-03-07 09:05:23,004] {dagbag.py:507} INFO - Filling up the DagBag from /home/veri-pc/.local/lib/python3.10/site-packages/airflow/example_dags/example_external_task_marker_dag.py
[2023-03-07 09:05:23,009] {processor.py:651} INFO - DAG(s) dict_keys(['example_external_task_marker_parent', 'example_external_task_marker_child']) retrieved from /home/veri-pc/.local/lib/python3.10/site-packages/airflow/example_dags/example_external_task_marker_dag.py
[2023-03-07 09:05:23,042] {logging_mixin.py:115} INFO - [2023-03-07 09:05:23,042] {dag.py:2379} INFO - Sync 2 DAGs
[2023-03-07 09:05:23,060] {logging_mixin.py:115} INFO - [2023-03-07 09:05:23,060] {dag.py:2927} INFO - Setting next_dagrun for example_external_task_marker_child to None, run_after=None
[2023-03-07 09:05:23,061] {logging_mixin.py:115} INFO - [2023-03-07 09:05:23,061] {dag.py:2927} INFO - Setting next_dagrun for example_external_task_marker_parent to None, run_after=None
[2023-03-07 09:05:23,075] {processor.py:161} INFO - Processing /home/veri-pc/.local/lib/python3.10/site-packages/airflow/example_dags/example_external_task_marker_dag.py took 0.075 seconds
[2023-03-07 09:05:55,841] {processor.py:153} INFO - Started process (PID=12538) to work on /home/veri-pc/.local/lib/python3.10/site-packages/airflow/example_dags/example_external_task_marker_dag.py
[2023-03-07 09:05:55,843] {processor.py:641} INFO - Processing file /home/veri-pc/.local/lib/python3.10/site-packages/airflow/example_dags/example_external_task_marker_dag.py for tasks to queue
[2023-03-07 09:05:55,844] {logging_mixin.py:115} INFO - [2023-03-07 09:05:55,844] {dagbag.py:507} INFO - Filling up the DagBag from /home/veri-pc/.local/lib/python3.10/site-packages/airflow/example_dags/example_external_task_marker_dag.py
[2023-03-07 09:05:55,853] {processor.py:651} INFO - DAG(s) dict_keys(['example_external_task_marker_parent', 'example_external_task_marker_child']) retrieved from /home/veri-pc/.local/lib/python3.10/site-packages/airflow/example_dags/example_external_task_marker_dag.py
[2023-03-07 09:05:55,881] {logging_mixin.py:115} INFO - [2023-03-07 09:05:55,881] {dag.py:2379} INFO - Sync 2 DAGs
[2023-03-07 09:05:55,892] {logging_mixin.py:115} INFO - [2023-03-07 09:05:55,892] {dag.py:2927} INFO - Setting next_dagrun for example_external_task_marker_child to None, run_after=None
[2023-03-07 09:05:55,892] {logging_mixin.py:115} INFO - [2023-03-07 09:05:55,892] {dag.py:2927} INFO - Setting next_dagrun for example_external_task_marker_parent to None, run_after=None
[2023-03-07 09:05:55,900] {processor.py:161} INFO - Processing /home/veri-pc/.local/lib/python3.10/site-packages/airflow/example_dags/example_external_task_marker_dag.py took 0.065 seconds
[2023-03-07 09:06:29,783] {processor.py:153} INFO - Started process (PID=12608) to work on /home/veri-pc/.local/lib/python3.10/site-packages/airflow/example_dags/example_external_task_marker_dag.py
[2023-03-07 09:06:29,785] {processor.py:641} INFO - Processing file /home/veri-pc/.local/lib/python3.10/site-packages/airflow/example_dags/example_external_task_marker_dag.py for tasks to queue
[2023-03-07 09:06:29,786] {logging_mixin.py:115} INFO - [2023-03-07 09:06:29,786] {dagbag.py:507} INFO - Filling up the DagBag from /home/veri-pc/.local/lib/python3.10/site-packages/airflow/example_dags/example_external_task_marker_dag.py
[2023-03-07 09:06:29,794] {processor.py:651} INFO - DAG(s) dict_keys(['example_external_task_marker_parent', 'example_external_task_marker_child']) retrieved from /home/veri-pc/.local/lib/python3.10/site-packages/airflow/example_dags/example_external_task_marker_dag.py
[2023-03-07 09:06:29,821] {logging_mixin.py:115} INFO - [2023-03-07 09:06:29,821] {dag.py:2379} INFO - Sync 2 DAGs
[2023-03-07 09:06:29,832] {logging_mixin.py:115} INFO - [2023-03-07 09:06:29,831] {dag.py:2927} INFO - Setting next_dagrun for example_external_task_marker_child to None, run_after=None
[2023-03-07 09:06:29,832] {logging_mixin.py:115} INFO - [2023-03-07 09:06:29,832] {dag.py:2927} INFO - Setting next_dagrun for example_external_task_marker_parent to None, run_after=None
[2023-03-07 09:06:29,839] {processor.py:161} INFO - Processing /home/veri-pc/.local/lib/python3.10/site-packages/airflow/example_dags/example_external_task_marker_dag.py took 0.063 seconds
[2023-03-07 09:07:00,602] {processor.py:153} INFO - Started process (PID=12673) to work on /home/veri-pc/.local/lib/python3.10/site-packages/airflow/example_dags/example_external_task_marker_dag.py
[2023-03-07 09:07:00,603] {processor.py:641} INFO - Processing file /home/veri-pc/.local/lib/python3.10/site-packages/airflow/example_dags/example_external_task_marker_dag.py for tasks to queue
[2023-03-07 09:07:00,604] {logging_mixin.py:115} INFO - [2023-03-07 09:07:00,604] {dagbag.py:507} INFO - Filling up the DagBag from /home/veri-pc/.local/lib/python3.10/site-packages/airflow/example_dags/example_external_task_marker_dag.py
[2023-03-07 09:07:00,614] {processor.py:651} INFO - DAG(s) dict_keys(['example_external_task_marker_parent', 'example_external_task_marker_child']) retrieved from /home/veri-pc/.local/lib/python3.10/site-packages/airflow/example_dags/example_external_task_marker_dag.py
[2023-03-07 09:07:00,644] {logging_mixin.py:115} INFO - [2023-03-07 09:07:00,643] {dag.py:2379} INFO - Sync 2 DAGs
[2023-03-07 09:07:00,654] {logging_mixin.py:115} INFO - [2023-03-07 09:07:00,654] {dag.py:2927} INFO - Setting next_dagrun for example_external_task_marker_child to None, run_after=None
[2023-03-07 09:07:00,655] {logging_mixin.py:115} INFO - [2023-03-07 09:07:00,655] {dag.py:2927} INFO - Setting next_dagrun for example_external_task_marker_parent to None, run_after=None
[2023-03-07 09:07:00,661] {processor.py:161} INFO - Processing /home/veri-pc/.local/lib/python3.10/site-packages/airflow/example_dags/example_external_task_marker_dag.py took 0.066 seconds
[2023-03-07 09:07:35,955] {processor.py:153} INFO - Started process (PID=12755) to work on /home/veri-pc/.local/lib/python3.10/site-packages/airflow/example_dags/example_external_task_marker_dag.py
[2023-03-07 09:07:35,956] {processor.py:641} INFO - Processing file /home/veri-pc/.local/lib/python3.10/site-packages/airflow/example_dags/example_external_task_marker_dag.py for tasks to queue
[2023-03-07 09:07:35,957] {logging_mixin.py:115} INFO - [2023-03-07 09:07:35,957] {dagbag.py:507} INFO - Filling up the DagBag from /home/veri-pc/.local/lib/python3.10/site-packages/airflow/example_dags/example_external_task_marker_dag.py
[2023-03-07 09:07:35,967] {processor.py:651} INFO - DAG(s) dict_keys(['example_external_task_marker_parent', 'example_external_task_marker_child']) retrieved from /home/veri-pc/.local/lib/python3.10/site-packages/airflow/example_dags/example_external_task_marker_dag.py
[2023-03-07 09:07:36,000] {logging_mixin.py:115} INFO - [2023-03-07 09:07:36,000] {dag.py:2379} INFO - Sync 2 DAGs
[2023-03-07 09:07:36,011] {logging_mixin.py:115} INFO - [2023-03-07 09:07:36,011] {dag.py:2927} INFO - Setting next_dagrun for example_external_task_marker_child to None, run_after=None
[2023-03-07 09:07:36,011] {logging_mixin.py:115} INFO - [2023-03-07 09:07:36,011] {dag.py:2927} INFO - Setting next_dagrun for example_external_task_marker_parent to None, run_after=None
[2023-03-07 09:07:36,018] {processor.py:161} INFO - Processing /home/veri-pc/.local/lib/python3.10/site-packages/airflow/example_dags/example_external_task_marker_dag.py took 0.070 seconds
[2023-03-07 09:08:06,759] {processor.py:153} INFO - Started process (PID=12877) to work on /home/veri-pc/.local/lib/python3.10/site-packages/airflow/example_dags/example_external_task_marker_dag.py
[2023-03-07 09:08:06,759] {processor.py:641} INFO - Processing file /home/veri-pc/.local/lib/python3.10/site-packages/airflow/example_dags/example_external_task_marker_dag.py for tasks to queue
[2023-03-07 09:08:06,760] {logging_mixin.py:115} INFO - [2023-03-07 09:08:06,759] {dagbag.py:507} INFO - Filling up the DagBag from /home/veri-pc/.local/lib/python3.10/site-packages/airflow/example_dags/example_external_task_marker_dag.py
[2023-03-07 09:08:06,763] {processor.py:651} INFO - DAG(s) dict_keys(['example_external_task_marker_parent', 'example_external_task_marker_child']) retrieved from /home/veri-pc/.local/lib/python3.10/site-packages/airflow/example_dags/example_external_task_marker_dag.py
[2023-03-07 09:08:06,784] {logging_mixin.py:115} INFO - [2023-03-07 09:08:06,784] {dag.py:2379} INFO - Sync 2 DAGs
[2023-03-07 09:08:06,794] {logging_mixin.py:115} INFO - [2023-03-07 09:08:06,794] {dag.py:2927} INFO - Setting next_dagrun for example_external_task_marker_child to None, run_after=None
[2023-03-07 09:08:06,794] {logging_mixin.py:115} INFO - [2023-03-07 09:08:06,794] {dag.py:2927} INFO - Setting next_dagrun for example_external_task_marker_parent to None, run_after=None
[2023-03-07 09:08:06,804] {processor.py:161} INFO - Processing /home/veri-pc/.local/lib/python3.10/site-packages/airflow/example_dags/example_external_task_marker_dag.py took 0.047 seconds
[2023-03-07 09:08:38,222] {processor.py:153} INFO - Started process (PID=12946) to work on /home/veri-pc/.local/lib/python3.10/site-packages/airflow/example_dags/example_external_task_marker_dag.py
[2023-03-07 09:08:38,223] {processor.py:641} INFO - Processing file /home/veri-pc/.local/lib/python3.10/site-packages/airflow/example_dags/example_external_task_marker_dag.py for tasks to queue
[2023-03-07 09:08:38,224] {logging_mixin.py:115} INFO - [2023-03-07 09:08:38,224] {dagbag.py:507} INFO - Filling up the DagBag from /home/veri-pc/.local/lib/python3.10/site-packages/airflow/example_dags/example_external_task_marker_dag.py
[2023-03-07 09:08:38,234] {processor.py:651} INFO - DAG(s) dict_keys(['example_external_task_marker_parent', 'example_external_task_marker_child']) retrieved from /home/veri-pc/.local/lib/python3.10/site-packages/airflow/example_dags/example_external_task_marker_dag.py
[2023-03-07 09:08:38,264] {logging_mixin.py:115} INFO - [2023-03-07 09:08:38,264] {dag.py:2379} INFO - Sync 2 DAGs
[2023-03-07 09:08:38,275] {logging_mixin.py:115} INFO - [2023-03-07 09:08:38,275] {dag.py:2927} INFO - Setting next_dagrun for example_external_task_marker_child to None, run_after=None
[2023-03-07 09:08:38,275] {logging_mixin.py:115} INFO - [2023-03-07 09:08:38,275] {dag.py:2927} INFO - Setting next_dagrun for example_external_task_marker_parent to None, run_after=None
[2023-03-07 09:08:38,282] {processor.py:161} INFO - Processing /home/veri-pc/.local/lib/python3.10/site-packages/airflow/example_dags/example_external_task_marker_dag.py took 0.067 seconds
[2023-03-07 09:09:12,465] {processor.py:153} INFO - Started process (PID=13025) to work on /home/veri-pc/.local/lib/python3.10/site-packages/airflow/example_dags/example_external_task_marker_dag.py
[2023-03-07 09:09:12,467] {processor.py:641} INFO - Processing file /home/veri-pc/.local/lib/python3.10/site-packages/airflow/example_dags/example_external_task_marker_dag.py for tasks to queue
[2023-03-07 09:09:12,468] {logging_mixin.py:115} INFO - [2023-03-07 09:09:12,468] {dagbag.py:507} INFO - Filling up the DagBag from /home/veri-pc/.local/lib/python3.10/site-packages/airflow/example_dags/example_external_task_marker_dag.py
[2023-03-07 09:09:12,479] {processor.py:651} INFO - DAG(s) dict_keys(['example_external_task_marker_parent', 'example_external_task_marker_child']) retrieved from /home/veri-pc/.local/lib/python3.10/site-packages/airflow/example_dags/example_external_task_marker_dag.py
[2023-03-07 09:09:12,513] {logging_mixin.py:115} INFO - [2023-03-07 09:09:12,513] {dag.py:2379} INFO - Sync 2 DAGs
[2023-03-07 09:09:12,524] {logging_mixin.py:115} INFO - [2023-03-07 09:09:12,524] {dag.py:2927} INFO - Setting next_dagrun for example_external_task_marker_child to None, run_after=None
[2023-03-07 09:09:12,524] {logging_mixin.py:115} INFO - [2023-03-07 09:09:12,524] {dag.py:2927} INFO - Setting next_dagrun for example_external_task_marker_parent to None, run_after=None
[2023-03-07 09:09:12,531] {processor.py:161} INFO - Processing /home/veri-pc/.local/lib/python3.10/site-packages/airflow/example_dags/example_external_task_marker_dag.py took 0.073 seconds
[2023-03-07 09:10:06,187] {processor.py:153} INFO - Started process (PID=13224) to work on /home/veri-pc/.local/lib/python3.10/site-packages/airflow/example_dags/example_external_task_marker_dag.py
[2023-03-07 09:10:06,188] {processor.py:641} INFO - Processing file /home/veri-pc/.local/lib/python3.10/site-packages/airflow/example_dags/example_external_task_marker_dag.py for tasks to queue
[2023-03-07 09:10:06,189] {logging_mixin.py:115} INFO - [2023-03-07 09:10:06,189] {dagbag.py:507} INFO - Filling up the DagBag from /home/veri-pc/.local/lib/python3.10/site-packages/airflow/example_dags/example_external_task_marker_dag.py
[2023-03-07 09:10:06,199] {processor.py:651} INFO - DAG(s) dict_keys(['example_external_task_marker_parent', 'example_external_task_marker_child']) retrieved from /home/veri-pc/.local/lib/python3.10/site-packages/airflow/example_dags/example_external_task_marker_dag.py
[2023-03-07 09:10:06,226] {logging_mixin.py:115} INFO - [2023-03-07 09:10:06,226] {dag.py:2379} INFO - Sync 2 DAGs
[2023-03-07 09:10:06,237] {logging_mixin.py:115} INFO - [2023-03-07 09:10:06,237] {dag.py:2927} INFO - Setting next_dagrun for example_external_task_marker_child to None, run_after=None
[2023-03-07 09:10:06,238] {logging_mixin.py:115} INFO - [2023-03-07 09:10:06,237] {dag.py:2927} INFO - Setting next_dagrun for example_external_task_marker_parent to None, run_after=None
[2023-03-07 09:10:06,245] {processor.py:161} INFO - Processing /home/veri-pc/.local/lib/python3.10/site-packages/airflow/example_dags/example_external_task_marker_dag.py took 0.065 seconds
