[2023-03-07 08:41:05,300] {processor.py:153} INFO - Started process (PID=8193) to work on /home/veri-pc/.local/lib/python3.10/site-packages/airflow/example_dags/example_branch_labels.py
[2023-03-07 08:41:05,302] {processor.py:641} INFO - Processing file /home/veri-pc/.local/lib/python3.10/site-packages/airflow/example_dags/example_branch_labels.py for tasks to queue
[2023-03-07 08:41:05,303] {logging_mixin.py:115} INFO - [2023-03-07 08:41:05,302] {dagbag.py:507} INFO - Filling up the DagBag from /home/veri-pc/.local/lib/python3.10/site-packages/airflow/example_dags/example_branch_labels.py
[2023-03-07 08:41:05,322] {processor.py:651} INFO - DAG(s) dict_keys(['example_branch_labels']) retrieved from /home/veri-pc/.local/lib/python3.10/site-packages/airflow/example_dags/example_branch_labels.py
[2023-03-07 08:41:05,368] {logging_mixin.py:115} INFO - [2023-03-07 08:41:05,368] {manager.py:508} INFO - Created Permission View: can delete on DAG:example_branch_labels
[2023-03-07 08:41:05,374] {logging_mixin.py:115} INFO - [2023-03-07 08:41:05,374] {manager.py:508} INFO - Created Permission View: can read on DAG:example_branch_labels
[2023-03-07 08:41:05,379] {logging_mixin.py:115} INFO - [2023-03-07 08:41:05,379] {manager.py:508} INFO - Created Permission View: can edit on DAG:example_branch_labels
[2023-03-07 08:41:05,379] {logging_mixin.py:115} INFO - [2023-03-07 08:41:05,379] {dag.py:2379} INFO - Sync 1 DAGs
[2023-03-07 08:41:05,383] {logging_mixin.py:115} INFO - [2023-03-07 08:41:05,383] {dag.py:2398} INFO - Creating ORM DAG for example_branch_labels
[2023-03-07 08:41:05,389] {logging_mixin.py:115} INFO - [2023-03-07 08:41:05,389] {dag.py:2927} INFO - Setting next_dagrun for example_branch_labels to 2023-03-06T00:00:00+00:00, run_after=2023-03-07T00:00:00+00:00
[2023-03-07 08:41:05,398] {processor.py:161} INFO - Processing /home/veri-pc/.local/lib/python3.10/site-packages/airflow/example_dags/example_branch_labels.py took 0.105 seconds
[2023-03-07 08:41:37,716] {processor.py:153} INFO - Started process (PID=8265) to work on /home/veri-pc/.local/lib/python3.10/site-packages/airflow/example_dags/example_branch_labels.py
[2023-03-07 08:41:37,716] {processor.py:641} INFO - Processing file /home/veri-pc/.local/lib/python3.10/site-packages/airflow/example_dags/example_branch_labels.py for tasks to queue
[2023-03-07 08:41:37,716] {logging_mixin.py:115} INFO - [2023-03-07 08:41:37,716] {dagbag.py:507} INFO - Filling up the DagBag from /home/veri-pc/.local/lib/python3.10/site-packages/airflow/example_dags/example_branch_labels.py
[2023-03-07 08:41:37,721] {processor.py:651} INFO - DAG(s) dict_keys(['example_branch_labels']) retrieved from /home/veri-pc/.local/lib/python3.10/site-packages/airflow/example_dags/example_branch_labels.py
[2023-03-07 08:41:37,729] {logging_mixin.py:115} INFO - [2023-03-07 08:41:37,729] {dag.py:2379} INFO - Sync 1 DAGs
[2023-03-07 08:41:37,740] {logging_mixin.py:115} INFO - [2023-03-07 08:41:37,739] {dag.py:2927} INFO - Setting next_dagrun for example_branch_labels to 2023-03-06T00:00:00+00:00, run_after=2023-03-07T00:00:00+00:00
[2023-03-07 08:41:37,747] {processor.py:161} INFO - Processing /home/veri-pc/.local/lib/python3.10/site-packages/airflow/example_dags/example_branch_labels.py took 0.033 seconds
[2023-03-07 08:42:11,917] {processor.py:153} INFO - Started process (PID=8334) to work on /home/veri-pc/.local/lib/python3.10/site-packages/airflow/example_dags/example_branch_labels.py
[2023-03-07 08:42:11,918] {processor.py:641} INFO - Processing file /home/veri-pc/.local/lib/python3.10/site-packages/airflow/example_dags/example_branch_labels.py for tasks to queue
[2023-03-07 08:42:11,919] {logging_mixin.py:115} INFO - [2023-03-07 08:42:11,919] {dagbag.py:507} INFO - Filling up the DagBag from /home/veri-pc/.local/lib/python3.10/site-packages/airflow/example_dags/example_branch_labels.py
[2023-03-07 08:42:11,930] {processor.py:651} INFO - DAG(s) dict_keys(['example_branch_labels']) retrieved from /home/veri-pc/.local/lib/python3.10/site-packages/airflow/example_dags/example_branch_labels.py
[2023-03-07 08:42:11,943] {logging_mixin.py:115} INFO - [2023-03-07 08:42:11,943] {dag.py:2379} INFO - Sync 1 DAGs
[2023-03-07 08:42:11,957] {logging_mixin.py:115} INFO - [2023-03-07 08:42:11,957] {dag.py:2927} INFO - Setting next_dagrun for example_branch_labels to 2023-03-06T00:00:00+00:00, run_after=2023-03-07T00:00:00+00:00
[2023-03-07 08:42:11,966] {processor.py:161} INFO - Processing /home/veri-pc/.local/lib/python3.10/site-packages/airflow/example_dags/example_branch_labels.py took 0.053 seconds
[2023-03-07 08:42:43,351] {processor.py:153} INFO - Started process (PID=8396) to work on /home/veri-pc/.local/lib/python3.10/site-packages/airflow/example_dags/example_branch_labels.py
[2023-03-07 08:42:43,353] {processor.py:641} INFO - Processing file /home/veri-pc/.local/lib/python3.10/site-packages/airflow/example_dags/example_branch_labels.py for tasks to queue
[2023-03-07 08:42:43,354] {logging_mixin.py:115} INFO - [2023-03-07 08:42:43,354] {dagbag.py:507} INFO - Filling up the DagBag from /home/veri-pc/.local/lib/python3.10/site-packages/airflow/example_dags/example_branch_labels.py
[2023-03-07 08:42:43,370] {processor.py:651} INFO - DAG(s) dict_keys(['example_branch_labels']) retrieved from /home/veri-pc/.local/lib/python3.10/site-packages/airflow/example_dags/example_branch_labels.py
[2023-03-07 08:42:43,383] {logging_mixin.py:115} INFO - [2023-03-07 08:42:43,383] {dag.py:2379} INFO - Sync 1 DAGs
[2023-03-07 08:42:43,396] {logging_mixin.py:115} INFO - [2023-03-07 08:42:43,395] {dag.py:2927} INFO - Setting next_dagrun for example_branch_labels to 2023-03-06T00:00:00+00:00, run_after=2023-03-07T00:00:00+00:00
[2023-03-07 08:42:43,403] {processor.py:161} INFO - Processing /home/veri-pc/.local/lib/python3.10/site-packages/airflow/example_dags/example_branch_labels.py took 0.059 seconds
[2023-03-07 08:43:18,358] {processor.py:153} INFO - Started process (PID=8486) to work on /home/veri-pc/.local/lib/python3.10/site-packages/airflow/example_dags/example_branch_labels.py
[2023-03-07 08:43:18,359] {processor.py:641} INFO - Processing file /home/veri-pc/.local/lib/python3.10/site-packages/airflow/example_dags/example_branch_labels.py for tasks to queue
[2023-03-07 08:43:18,359] {logging_mixin.py:115} INFO - [2023-03-07 08:43:18,359] {dagbag.py:507} INFO - Filling up the DagBag from /home/veri-pc/.local/lib/python3.10/site-packages/airflow/example_dags/example_branch_labels.py
[2023-03-07 08:43:18,368] {processor.py:651} INFO - DAG(s) dict_keys(['example_branch_labels']) retrieved from /home/veri-pc/.local/lib/python3.10/site-packages/airflow/example_dags/example_branch_labels.py
[2023-03-07 08:43:18,383] {logging_mixin.py:115} INFO - [2023-03-07 08:43:18,383] {dag.py:2379} INFO - Sync 1 DAGs
[2023-03-07 08:43:18,398] {logging_mixin.py:115} INFO - [2023-03-07 08:43:18,398] {dag.py:2927} INFO - Setting next_dagrun for example_branch_labels to 2023-03-06T00:00:00+00:00, run_after=2023-03-07T00:00:00+00:00
[2023-03-07 08:43:18,406] {processor.py:161} INFO - Processing /home/veri-pc/.local/lib/python3.10/site-packages/airflow/example_dags/example_branch_labels.py took 0.051 seconds
[2023-03-07 08:43:51,344] {processor.py:153} INFO - Started process (PID=8549) to work on /home/veri-pc/.local/lib/python3.10/site-packages/airflow/example_dags/example_branch_labels.py
[2023-03-07 08:43:51,345] {processor.py:641} INFO - Processing file /home/veri-pc/.local/lib/python3.10/site-packages/airflow/example_dags/example_branch_labels.py for tasks to queue
[2023-03-07 08:43:51,347] {logging_mixin.py:115} INFO - [2023-03-07 08:43:51,346] {dagbag.py:507} INFO - Filling up the DagBag from /home/veri-pc/.local/lib/python3.10/site-packages/airflow/example_dags/example_branch_labels.py
[2023-03-07 08:43:51,365] {processor.py:651} INFO - DAG(s) dict_keys(['example_branch_labels']) retrieved from /home/veri-pc/.local/lib/python3.10/site-packages/airflow/example_dags/example_branch_labels.py
[2023-03-07 08:43:51,379] {logging_mixin.py:115} INFO - [2023-03-07 08:43:51,379] {dag.py:2379} INFO - Sync 1 DAGs
[2023-03-07 08:43:51,392] {logging_mixin.py:115} INFO - [2023-03-07 08:43:51,392] {dag.py:2927} INFO - Setting next_dagrun for example_branch_labels to 2023-03-06T00:00:00+00:00, run_after=2023-03-07T00:00:00+00:00
[2023-03-07 08:43:51,399] {processor.py:161} INFO - Processing /home/veri-pc/.local/lib/python3.10/site-packages/airflow/example_dags/example_branch_labels.py took 0.061 seconds
[2023-03-07 08:44:25,164] {processor.py:153} INFO - Started process (PID=8625) to work on /home/veri-pc/.local/lib/python3.10/site-packages/airflow/example_dags/example_branch_labels.py
[2023-03-07 08:44:25,165] {processor.py:641} INFO - Processing file /home/veri-pc/.local/lib/python3.10/site-packages/airflow/example_dags/example_branch_labels.py for tasks to queue
[2023-03-07 08:44:25,166] {logging_mixin.py:115} INFO - [2023-03-07 08:44:25,166] {dagbag.py:507} INFO - Filling up the DagBag from /home/veri-pc/.local/lib/python3.10/site-packages/airflow/example_dags/example_branch_labels.py
[2023-03-07 08:44:25,183] {processor.py:651} INFO - DAG(s) dict_keys(['example_branch_labels']) retrieved from /home/veri-pc/.local/lib/python3.10/site-packages/airflow/example_dags/example_branch_labels.py
[2023-03-07 08:44:25,197] {logging_mixin.py:115} INFO - [2023-03-07 08:44:25,196] {dag.py:2379} INFO - Sync 1 DAGs
[2023-03-07 08:44:25,211] {logging_mixin.py:115} INFO - [2023-03-07 08:44:25,211] {dag.py:2927} INFO - Setting next_dagrun for example_branch_labels to 2023-03-06T00:00:00+00:00, run_after=2023-03-07T00:00:00+00:00
[2023-03-07 08:44:25,218] {processor.py:161} INFO - Processing /home/veri-pc/.local/lib/python3.10/site-packages/airflow/example_dags/example_branch_labels.py took 0.060 seconds
[2023-03-07 08:44:58,549] {processor.py:153} INFO - Started process (PID=8693) to work on /home/veri-pc/.local/lib/python3.10/site-packages/airflow/example_dags/example_branch_labels.py
[2023-03-07 08:44:58,550] {processor.py:641} INFO - Processing file /home/veri-pc/.local/lib/python3.10/site-packages/airflow/example_dags/example_branch_labels.py for tasks to queue
[2023-03-07 08:44:58,552] {logging_mixin.py:115} INFO - [2023-03-07 08:44:58,552] {dagbag.py:507} INFO - Filling up the DagBag from /home/veri-pc/.local/lib/python3.10/site-packages/airflow/example_dags/example_branch_labels.py
[2023-03-07 08:44:58,567] {processor.py:651} INFO - DAG(s) dict_keys(['example_branch_labels']) retrieved from /home/veri-pc/.local/lib/python3.10/site-packages/airflow/example_dags/example_branch_labels.py
[2023-03-07 08:44:58,580] {logging_mixin.py:115} INFO - [2023-03-07 08:44:58,580] {dag.py:2379} INFO - Sync 1 DAGs
[2023-03-07 08:44:58,593] {logging_mixin.py:115} INFO - [2023-03-07 08:44:58,593] {dag.py:2927} INFO - Setting next_dagrun for example_branch_labels to 2023-03-06T00:00:00+00:00, run_after=2023-03-07T00:00:00+00:00
[2023-03-07 08:44:58,601] {processor.py:161} INFO - Processing /home/veri-pc/.local/lib/python3.10/site-packages/airflow/example_dags/example_branch_labels.py took 0.059 seconds
[2023-03-07 08:45:32,295] {processor.py:153} INFO - Started process (PID=8767) to work on /home/veri-pc/.local/lib/python3.10/site-packages/airflow/example_dags/example_branch_labels.py
[2023-03-07 08:45:32,296] {processor.py:641} INFO - Processing file /home/veri-pc/.local/lib/python3.10/site-packages/airflow/example_dags/example_branch_labels.py for tasks to queue
[2023-03-07 08:45:32,297] {logging_mixin.py:115} INFO - [2023-03-07 08:45:32,297] {dagbag.py:507} INFO - Filling up the DagBag from /home/veri-pc/.local/lib/python3.10/site-packages/airflow/example_dags/example_branch_labels.py
[2023-03-07 08:45:32,307] {processor.py:651} INFO - DAG(s) dict_keys(['example_branch_labels']) retrieved from /home/veri-pc/.local/lib/python3.10/site-packages/airflow/example_dags/example_branch_labels.py
[2023-03-07 08:45:32,319] {logging_mixin.py:115} INFO - [2023-03-07 08:45:32,318] {dag.py:2379} INFO - Sync 1 DAGs
[2023-03-07 08:45:32,331] {logging_mixin.py:115} INFO - [2023-03-07 08:45:32,331] {dag.py:2927} INFO - Setting next_dagrun for example_branch_labels to 2023-03-06T00:00:00+00:00, run_after=2023-03-07T00:00:00+00:00
[2023-03-07 08:45:32,338] {processor.py:161} INFO - Processing /home/veri-pc/.local/lib/python3.10/site-packages/airflow/example_dags/example_branch_labels.py took 0.050 seconds
[2023-03-07 08:46:06,001] {processor.py:153} INFO - Started process (PID=8834) to work on /home/veri-pc/.local/lib/python3.10/site-packages/airflow/example_dags/example_branch_labels.py
[2023-03-07 08:46:06,003] {processor.py:641} INFO - Processing file /home/veri-pc/.local/lib/python3.10/site-packages/airflow/example_dags/example_branch_labels.py for tasks to queue
[2023-03-07 08:46:06,004] {logging_mixin.py:115} INFO - [2023-03-07 08:46:06,004] {dagbag.py:507} INFO - Filling up the DagBag from /home/veri-pc/.local/lib/python3.10/site-packages/airflow/example_dags/example_branch_labels.py
[2023-03-07 08:46:06,019] {processor.py:651} INFO - DAG(s) dict_keys(['example_branch_labels']) retrieved from /home/veri-pc/.local/lib/python3.10/site-packages/airflow/example_dags/example_branch_labels.py
[2023-03-07 08:46:06,043] {logging_mixin.py:115} INFO - [2023-03-07 08:46:06,043] {dag.py:2379} INFO - Sync 1 DAGs
[2023-03-07 08:46:06,058] {logging_mixin.py:115} INFO - [2023-03-07 08:46:06,058] {dag.py:2927} INFO - Setting next_dagrun for example_branch_labels to 2023-03-06T00:00:00+00:00, run_after=2023-03-07T00:00:00+00:00
[2023-03-07 08:46:06,067] {processor.py:161} INFO - Processing /home/veri-pc/.local/lib/python3.10/site-packages/airflow/example_dags/example_branch_labels.py took 0.073 seconds
[2023-03-07 08:46:38,982] {processor.py:153} INFO - Started process (PID=8920) to work on /home/veri-pc/.local/lib/python3.10/site-packages/airflow/example_dags/example_branch_labels.py
[2023-03-07 08:46:38,984] {processor.py:641} INFO - Processing file /home/veri-pc/.local/lib/python3.10/site-packages/airflow/example_dags/example_branch_labels.py for tasks to queue
[2023-03-07 08:46:38,985] {logging_mixin.py:115} INFO - [2023-03-07 08:46:38,985] {dagbag.py:507} INFO - Filling up the DagBag from /home/veri-pc/.local/lib/python3.10/site-packages/airflow/example_dags/example_branch_labels.py
[2023-03-07 08:46:38,997] {processor.py:651} INFO - DAG(s) dict_keys(['example_branch_labels']) retrieved from /home/veri-pc/.local/lib/python3.10/site-packages/airflow/example_dags/example_branch_labels.py
[2023-03-07 08:46:39,016] {logging_mixin.py:115} INFO - [2023-03-07 08:46:39,016] {dag.py:2379} INFO - Sync 1 DAGs
[2023-03-07 08:46:39,031] {logging_mixin.py:115} INFO - [2023-03-07 08:46:39,031] {dag.py:2927} INFO - Setting next_dagrun for example_branch_labels to 2023-03-06T00:00:00+00:00, run_after=2023-03-07T00:00:00+00:00
[2023-03-07 08:46:39,038] {processor.py:161} INFO - Processing /home/veri-pc/.local/lib/python3.10/site-packages/airflow/example_dags/example_branch_labels.py took 0.061 seconds
[2023-03-07 08:47:15,261] {processor.py:153} INFO - Started process (PID=9022) to work on /home/veri-pc/.local/lib/python3.10/site-packages/airflow/example_dags/example_branch_labels.py
[2023-03-07 08:47:15,262] {processor.py:641} INFO - Processing file /home/veri-pc/.local/lib/python3.10/site-packages/airflow/example_dags/example_branch_labels.py for tasks to queue
[2023-03-07 08:47:15,263] {logging_mixin.py:115} INFO - [2023-03-07 08:47:15,263] {dagbag.py:507} INFO - Filling up the DagBag from /home/veri-pc/.local/lib/python3.10/site-packages/airflow/example_dags/example_branch_labels.py
[2023-03-07 08:47:15,276] {processor.py:651} INFO - DAG(s) dict_keys(['example_branch_labels']) retrieved from /home/veri-pc/.local/lib/python3.10/site-packages/airflow/example_dags/example_branch_labels.py
[2023-03-07 08:47:15,293] {logging_mixin.py:115} INFO - [2023-03-07 08:47:15,293] {dag.py:2379} INFO - Sync 1 DAGs
[2023-03-07 08:47:15,307] {logging_mixin.py:115} INFO - [2023-03-07 08:47:15,307] {dag.py:2927} INFO - Setting next_dagrun for example_branch_labels to 2023-03-06T00:00:00+00:00, run_after=2023-03-07T00:00:00+00:00
[2023-03-07 08:47:15,314] {processor.py:161} INFO - Processing /home/veri-pc/.local/lib/python3.10/site-packages/airflow/example_dags/example_branch_labels.py took 0.060 seconds
[2023-03-07 08:47:47,206] {processor.py:153} INFO - Started process (PID=9120) to work on /home/veri-pc/.local/lib/python3.10/site-packages/airflow/example_dags/example_branch_labels.py
[2023-03-07 08:47:47,207] {processor.py:641} INFO - Processing file /home/veri-pc/.local/lib/python3.10/site-packages/airflow/example_dags/example_branch_labels.py for tasks to queue
[2023-03-07 08:47:47,208] {logging_mixin.py:115} INFO - [2023-03-07 08:47:47,208] {dagbag.py:507} INFO - Filling up the DagBag from /home/veri-pc/.local/lib/python3.10/site-packages/airflow/example_dags/example_branch_labels.py
[2023-03-07 08:47:47,218] {processor.py:651} INFO - DAG(s) dict_keys(['example_branch_labels']) retrieved from /home/veri-pc/.local/lib/python3.10/site-packages/airflow/example_dags/example_branch_labels.py
[2023-03-07 08:47:47,232] {logging_mixin.py:115} INFO - [2023-03-07 08:47:47,232] {dag.py:2379} INFO - Sync 1 DAGs
[2023-03-07 08:47:47,246] {logging_mixin.py:115} INFO - [2023-03-07 08:47:47,246] {dag.py:2927} INFO - Setting next_dagrun for example_branch_labels to 2023-03-06T00:00:00+00:00, run_after=2023-03-07T00:00:00+00:00
[2023-03-07 08:47:47,254] {processor.py:161} INFO - Processing /home/veri-pc/.local/lib/python3.10/site-packages/airflow/example_dags/example_branch_labels.py took 0.055 seconds
[2023-03-07 08:48:25,987] {processor.py:153} INFO - Started process (PID=9206) to work on /home/veri-pc/.local/lib/python3.10/site-packages/airflow/example_dags/example_branch_labels.py
[2023-03-07 08:48:25,988] {processor.py:641} INFO - Processing file /home/veri-pc/.local/lib/python3.10/site-packages/airflow/example_dags/example_branch_labels.py for tasks to queue
[2023-03-07 08:48:25,989] {logging_mixin.py:115} INFO - [2023-03-07 08:48:25,988] {dagbag.py:507} INFO - Filling up the DagBag from /home/veri-pc/.local/lib/python3.10/site-packages/airflow/example_dags/example_branch_labels.py
[2023-03-07 08:48:25,998] {processor.py:651} INFO - DAG(s) dict_keys(['example_branch_labels']) retrieved from /home/veri-pc/.local/lib/python3.10/site-packages/airflow/example_dags/example_branch_labels.py
[2023-03-07 08:48:26,014] {logging_mixin.py:115} INFO - [2023-03-07 08:48:26,014] {dag.py:2379} INFO - Sync 1 DAGs
[2023-03-07 08:48:26,027] {logging_mixin.py:115} INFO - [2023-03-07 08:48:26,027] {dag.py:2927} INFO - Setting next_dagrun for example_branch_labels to 2023-03-06T00:00:00+00:00, run_after=2023-03-07T00:00:00+00:00
[2023-03-07 08:48:26,034] {processor.py:161} INFO - Processing /home/veri-pc/.local/lib/python3.10/site-packages/airflow/example_dags/example_branch_labels.py took 0.051 seconds
[2023-03-07 08:48:59,123] {processor.py:153} INFO - Started process (PID=9284) to work on /home/veri-pc/.local/lib/python3.10/site-packages/airflow/example_dags/example_branch_labels.py
[2023-03-07 08:48:59,124] {processor.py:641} INFO - Processing file /home/veri-pc/.local/lib/python3.10/site-packages/airflow/example_dags/example_branch_labels.py for tasks to queue
[2023-03-07 08:48:59,125] {logging_mixin.py:115} INFO - [2023-03-07 08:48:59,125] {dagbag.py:507} INFO - Filling up the DagBag from /home/veri-pc/.local/lib/python3.10/site-packages/airflow/example_dags/example_branch_labels.py
[2023-03-07 08:48:59,136] {processor.py:651} INFO - DAG(s) dict_keys(['example_branch_labels']) retrieved from /home/veri-pc/.local/lib/python3.10/site-packages/airflow/example_dags/example_branch_labels.py
[2023-03-07 08:48:59,153] {logging_mixin.py:115} INFO - [2023-03-07 08:48:59,153] {dag.py:2379} INFO - Sync 1 DAGs
[2023-03-07 08:48:59,168] {logging_mixin.py:115} INFO - [2023-03-07 08:48:59,168] {dag.py:2927} INFO - Setting next_dagrun for example_branch_labels to 2023-03-06T00:00:00+00:00, run_after=2023-03-07T00:00:00+00:00
[2023-03-07 08:48:59,177] {processor.py:161} INFO - Processing /home/veri-pc/.local/lib/python3.10/site-packages/airflow/example_dags/example_branch_labels.py took 0.058 seconds
[2023-03-07 08:49:33,941] {processor.py:153} INFO - Started process (PID=9385) to work on /home/veri-pc/.local/lib/python3.10/site-packages/airflow/example_dags/example_branch_labels.py
[2023-03-07 08:49:33,942] {processor.py:641} INFO - Processing file /home/veri-pc/.local/lib/python3.10/site-packages/airflow/example_dags/example_branch_labels.py for tasks to queue
[2023-03-07 08:49:33,942] {logging_mixin.py:115} INFO - [2023-03-07 08:49:33,942] {dagbag.py:507} INFO - Filling up the DagBag from /home/veri-pc/.local/lib/python3.10/site-packages/airflow/example_dags/example_branch_labels.py
[2023-03-07 08:49:33,950] {processor.py:651} INFO - DAG(s) dict_keys(['example_branch_labels']) retrieved from /home/veri-pc/.local/lib/python3.10/site-packages/airflow/example_dags/example_branch_labels.py
[2023-03-07 08:49:33,968] {logging_mixin.py:115} INFO - [2023-03-07 08:49:33,968] {dag.py:2379} INFO - Sync 1 DAGs
[2023-03-07 08:49:33,982] {logging_mixin.py:115} INFO - [2023-03-07 08:49:33,982] {dag.py:2927} INFO - Setting next_dagrun for example_branch_labels to 2023-03-06T00:00:00+00:00, run_after=2023-03-07T00:00:00+00:00
[2023-03-07 08:49:33,990] {processor.py:161} INFO - Processing /home/veri-pc/.local/lib/python3.10/site-packages/airflow/example_dags/example_branch_labels.py took 0.053 seconds
[2023-03-07 08:50:06,992] {processor.py:153} INFO - Started process (PID=9489) to work on /home/veri-pc/.local/lib/python3.10/site-packages/airflow/example_dags/example_branch_labels.py
[2023-03-07 08:50:06,992] {processor.py:641} INFO - Processing file /home/veri-pc/.local/lib/python3.10/site-packages/airflow/example_dags/example_branch_labels.py for tasks to queue
[2023-03-07 08:50:06,993] {logging_mixin.py:115} INFO - [2023-03-07 08:50:06,993] {dagbag.py:507} INFO - Filling up the DagBag from /home/veri-pc/.local/lib/python3.10/site-packages/airflow/example_dags/example_branch_labels.py
[2023-03-07 08:50:06,996] {processor.py:651} INFO - DAG(s) dict_keys(['example_branch_labels']) retrieved from /home/veri-pc/.local/lib/python3.10/site-packages/airflow/example_dags/example_branch_labels.py
[2023-03-07 08:50:07,005] {logging_mixin.py:115} INFO - [2023-03-07 08:50:07,005] {dag.py:2379} INFO - Sync 1 DAGs
[2023-03-07 08:50:07,017] {logging_mixin.py:115} INFO - [2023-03-07 08:50:07,017] {dag.py:2927} INFO - Setting next_dagrun for example_branch_labels to 2023-03-06T00:00:00+00:00, run_after=2023-03-07T00:00:00+00:00
[2023-03-07 08:50:07,024] {processor.py:161} INFO - Processing /home/veri-pc/.local/lib/python3.10/site-packages/airflow/example_dags/example_branch_labels.py took 0.034 seconds
[2023-03-07 08:50:40,732] {processor.py:153} INFO - Started process (PID=9569) to work on /home/veri-pc/.local/lib/python3.10/site-packages/airflow/example_dags/example_branch_labels.py
[2023-03-07 08:50:40,733] {processor.py:641} INFO - Processing file /home/veri-pc/.local/lib/python3.10/site-packages/airflow/example_dags/example_branch_labels.py for tasks to queue
[2023-03-07 08:50:40,734] {logging_mixin.py:115} INFO - [2023-03-07 08:50:40,734] {dagbag.py:507} INFO - Filling up the DagBag from /home/veri-pc/.local/lib/python3.10/site-packages/airflow/example_dags/example_branch_labels.py
[2023-03-07 08:50:40,742] {processor.py:651} INFO - DAG(s) dict_keys(['example_branch_labels']) retrieved from /home/veri-pc/.local/lib/python3.10/site-packages/airflow/example_dags/example_branch_labels.py
[2023-03-07 08:50:40,756] {logging_mixin.py:115} INFO - [2023-03-07 08:50:40,756] {dag.py:2379} INFO - Sync 1 DAGs
[2023-03-07 08:50:40,769] {logging_mixin.py:115} INFO - [2023-03-07 08:50:40,769] {dag.py:2927} INFO - Setting next_dagrun for example_branch_labels to 2023-03-06T00:00:00+00:00, run_after=2023-03-07T00:00:00+00:00
[2023-03-07 08:50:40,777] {processor.py:161} INFO - Processing /home/veri-pc/.local/lib/python3.10/site-packages/airflow/example_dags/example_branch_labels.py took 0.053 seconds
[2023-03-07 08:51:14,299] {processor.py:153} INFO - Started process (PID=9666) to work on /home/veri-pc/.local/lib/python3.10/site-packages/airflow/example_dags/example_branch_labels.py
[2023-03-07 08:51:14,299] {processor.py:641} INFO - Processing file /home/veri-pc/.local/lib/python3.10/site-packages/airflow/example_dags/example_branch_labels.py for tasks to queue
[2023-03-07 08:51:14,299] {logging_mixin.py:115} INFO - [2023-03-07 08:51:14,299] {dagbag.py:507} INFO - Filling up the DagBag from /home/veri-pc/.local/lib/python3.10/site-packages/airflow/example_dags/example_branch_labels.py
[2023-03-07 08:51:14,303] {processor.py:651} INFO - DAG(s) dict_keys(['example_branch_labels']) retrieved from /home/veri-pc/.local/lib/python3.10/site-packages/airflow/example_dags/example_branch_labels.py
[2023-03-07 08:51:14,314] {logging_mixin.py:115} INFO - [2023-03-07 08:51:14,314] {dag.py:2379} INFO - Sync 1 DAGs
[2023-03-07 08:51:14,330] {logging_mixin.py:115} INFO - [2023-03-07 08:51:14,330] {dag.py:2927} INFO - Setting next_dagrun for example_branch_labels to 2023-03-06T00:00:00+00:00, run_after=2023-03-07T00:00:00+00:00
[2023-03-07 08:51:14,340] {processor.py:161} INFO - Processing /home/veri-pc/.local/lib/python3.10/site-packages/airflow/example_dags/example_branch_labels.py took 0.044 seconds
[2023-03-07 08:51:46,943] {processor.py:153} INFO - Started process (PID=9761) to work on /home/veri-pc/.local/lib/python3.10/site-packages/airflow/example_dags/example_branch_labels.py
[2023-03-07 08:51:46,945] {processor.py:641} INFO - Processing file /home/veri-pc/.local/lib/python3.10/site-packages/airflow/example_dags/example_branch_labels.py for tasks to queue
[2023-03-07 08:51:46,946] {logging_mixin.py:115} INFO - [2023-03-07 08:51:46,946] {dagbag.py:507} INFO - Filling up the DagBag from /home/veri-pc/.local/lib/python3.10/site-packages/airflow/example_dags/example_branch_labels.py
[2023-03-07 08:51:46,957] {processor.py:651} INFO - DAG(s) dict_keys(['example_branch_labels']) retrieved from /home/veri-pc/.local/lib/python3.10/site-packages/airflow/example_dags/example_branch_labels.py
[2023-03-07 08:51:46,972] {logging_mixin.py:115} INFO - [2023-03-07 08:51:46,972] {dag.py:2379} INFO - Sync 1 DAGs
[2023-03-07 08:51:46,985] {logging_mixin.py:115} INFO - [2023-03-07 08:51:46,985] {dag.py:2927} INFO - Setting next_dagrun for example_branch_labels to 2023-03-06T00:00:00+00:00, run_after=2023-03-07T00:00:00+00:00
[2023-03-07 08:51:46,993] {processor.py:161} INFO - Processing /home/veri-pc/.local/lib/python3.10/site-packages/airflow/example_dags/example_branch_labels.py took 0.056 seconds
[2023-03-07 08:52:23,514] {processor.py:153} INFO - Started process (PID=9850) to work on /home/veri-pc/.local/lib/python3.10/site-packages/airflow/example_dags/example_branch_labels.py
[2023-03-07 08:52:23,514] {processor.py:641} INFO - Processing file /home/veri-pc/.local/lib/python3.10/site-packages/airflow/example_dags/example_branch_labels.py for tasks to queue
[2023-03-07 08:52:23,515] {logging_mixin.py:115} INFO - [2023-03-07 08:52:23,515] {dagbag.py:507} INFO - Filling up the DagBag from /home/veri-pc/.local/lib/python3.10/site-packages/airflow/example_dags/example_branch_labels.py
[2023-03-07 08:52:23,518] {processor.py:651} INFO - DAG(s) dict_keys(['example_branch_labels']) retrieved from /home/veri-pc/.local/lib/python3.10/site-packages/airflow/example_dags/example_branch_labels.py
[2023-03-07 08:52:23,533] {logging_mixin.py:115} INFO - [2023-03-07 08:52:23,533] {dag.py:2379} INFO - Sync 1 DAGs
[2023-03-07 08:52:23,550] {logging_mixin.py:115} INFO - [2023-03-07 08:52:23,550] {dag.py:2927} INFO - Setting next_dagrun for example_branch_labels to 2023-03-06T00:00:00+00:00, run_after=2023-03-07T00:00:00+00:00
[2023-03-07 08:52:23,567] {processor.py:161} INFO - Processing /home/veri-pc/.local/lib/python3.10/site-packages/airflow/example_dags/example_branch_labels.py took 0.055 seconds
[2023-03-07 08:52:59,000] {processor.py:153} INFO - Started process (PID=9957) to work on /home/veri-pc/.local/lib/python3.10/site-packages/airflow/example_dags/example_branch_labels.py
[2023-03-07 08:52:59,001] {processor.py:641} INFO - Processing file /home/veri-pc/.local/lib/python3.10/site-packages/airflow/example_dags/example_branch_labels.py for tasks to queue
[2023-03-07 08:52:59,001] {logging_mixin.py:115} INFO - [2023-03-07 08:52:59,001] {dagbag.py:507} INFO - Filling up the DagBag from /home/veri-pc/.local/lib/python3.10/site-packages/airflow/example_dags/example_branch_labels.py
[2023-03-07 08:52:59,005] {processor.py:651} INFO - DAG(s) dict_keys(['example_branch_labels']) retrieved from /home/veri-pc/.local/lib/python3.10/site-packages/airflow/example_dags/example_branch_labels.py
[2023-03-07 08:52:59,020] {logging_mixin.py:115} INFO - [2023-03-07 08:52:59,020] {dag.py:2379} INFO - Sync 1 DAGs
[2023-03-07 08:52:59,046] {logging_mixin.py:115} INFO - [2023-03-07 08:52:59,046] {dag.py:2927} INFO - Setting next_dagrun for example_branch_labels to 2023-03-06T00:00:00+00:00, run_after=2023-03-07T00:00:00+00:00
[2023-03-07 08:52:59,119] {processor.py:161} INFO - Processing /home/veri-pc/.local/lib/python3.10/site-packages/airflow/example_dags/example_branch_labels.py took 0.121 seconds
[2023-03-07 08:53:38,192] {processor.py:153} INFO - Started process (PID=10046) to work on /home/veri-pc/.local/lib/python3.10/site-packages/airflow/example_dags/example_branch_labels.py
[2023-03-07 08:53:38,193] {processor.py:641} INFO - Processing file /home/veri-pc/.local/lib/python3.10/site-packages/airflow/example_dags/example_branch_labels.py for tasks to queue
[2023-03-07 08:53:38,194] {logging_mixin.py:115} INFO - [2023-03-07 08:53:38,193] {dagbag.py:507} INFO - Filling up the DagBag from /home/veri-pc/.local/lib/python3.10/site-packages/airflow/example_dags/example_branch_labels.py
[2023-03-07 08:53:38,201] {processor.py:651} INFO - DAG(s) dict_keys(['example_branch_labels']) retrieved from /home/veri-pc/.local/lib/python3.10/site-packages/airflow/example_dags/example_branch_labels.py
[2023-03-07 08:53:38,220] {logging_mixin.py:115} INFO - [2023-03-07 08:53:38,220] {dag.py:2379} INFO - Sync 1 DAGs
[2023-03-07 08:53:38,236] {logging_mixin.py:115} INFO - [2023-03-07 08:53:38,236] {dag.py:2927} INFO - Setting next_dagrun for example_branch_labels to 2023-03-06T00:00:00+00:00, run_after=2023-03-07T00:00:00+00:00
[2023-03-07 08:53:38,244] {processor.py:161} INFO - Processing /home/veri-pc/.local/lib/python3.10/site-packages/airflow/example_dags/example_branch_labels.py took 0.056 seconds
[2023-03-07 08:54:50,717] {processor.py:153} INFO - Started process (PID=10846) to work on /home/veri-pc/.local/lib/python3.10/site-packages/airflow/example_dags/example_branch_labels.py
[2023-03-07 08:54:50,718] {processor.py:641} INFO - Processing file /home/veri-pc/.local/lib/python3.10/site-packages/airflow/example_dags/example_branch_labels.py for tasks to queue
[2023-03-07 08:54:50,720] {logging_mixin.py:115} INFO - [2023-03-07 08:54:50,719] {dagbag.py:507} INFO - Filling up the DagBag from /home/veri-pc/.local/lib/python3.10/site-packages/airflow/example_dags/example_branch_labels.py
[2023-03-07 08:54:50,734] {processor.py:651} INFO - DAG(s) dict_keys(['example_branch_labels']) retrieved from /home/veri-pc/.local/lib/python3.10/site-packages/airflow/example_dags/example_branch_labels.py
[2023-03-07 08:54:50,750] {logging_mixin.py:115} INFO - [2023-03-07 08:54:50,750] {dag.py:2379} INFO - Sync 1 DAGs
[2023-03-07 08:54:50,764] {logging_mixin.py:115} INFO - [2023-03-07 08:54:50,764] {dag.py:2927} INFO - Setting next_dagrun for example_branch_labels to 2023-03-06T00:00:00+00:00, run_after=2023-03-07T00:00:00+00:00
[2023-03-07 08:54:50,772] {processor.py:161} INFO - Processing /home/veri-pc/.local/lib/python3.10/site-packages/airflow/example_dags/example_branch_labels.py took 0.061 seconds
[2023-03-07 08:55:23,400] {processor.py:153} INFO - Started process (PID=10927) to work on /home/veri-pc/.local/lib/python3.10/site-packages/airflow/example_dags/example_branch_labels.py
[2023-03-07 08:55:23,401] {processor.py:641} INFO - Processing file /home/veri-pc/.local/lib/python3.10/site-packages/airflow/example_dags/example_branch_labels.py for tasks to queue
[2023-03-07 08:55:23,402] {logging_mixin.py:115} INFO - [2023-03-07 08:55:23,402] {dagbag.py:507} INFO - Filling up the DagBag from /home/veri-pc/.local/lib/python3.10/site-packages/airflow/example_dags/example_branch_labels.py
[2023-03-07 08:55:23,417] {processor.py:651} INFO - DAG(s) dict_keys(['example_branch_labels']) retrieved from /home/veri-pc/.local/lib/python3.10/site-packages/airflow/example_dags/example_branch_labels.py
[2023-03-07 08:55:23,435] {logging_mixin.py:115} INFO - [2023-03-07 08:55:23,435] {dag.py:2379} INFO - Sync 1 DAGs
[2023-03-07 08:55:23,451] {logging_mixin.py:115} INFO - [2023-03-07 08:55:23,451] {dag.py:2927} INFO - Setting next_dagrun for example_branch_labels to 2023-03-06T00:00:00+00:00, run_after=2023-03-07T00:00:00+00:00
[2023-03-07 08:55:23,458] {processor.py:161} INFO - Processing /home/veri-pc/.local/lib/python3.10/site-packages/airflow/example_dags/example_branch_labels.py took 0.065 seconds
[2023-03-07 08:55:56,209] {processor.py:153} INFO - Started process (PID=10995) to work on /home/veri-pc/.local/lib/python3.10/site-packages/airflow/example_dags/example_branch_labels.py
[2023-03-07 08:55:56,210] {processor.py:641} INFO - Processing file /home/veri-pc/.local/lib/python3.10/site-packages/airflow/example_dags/example_branch_labels.py for tasks to queue
[2023-03-07 08:55:56,211] {logging_mixin.py:115} INFO - [2023-03-07 08:55:56,211] {dagbag.py:507} INFO - Filling up the DagBag from /home/veri-pc/.local/lib/python3.10/site-packages/airflow/example_dags/example_branch_labels.py
[2023-03-07 08:55:56,226] {processor.py:651} INFO - DAG(s) dict_keys(['example_branch_labels']) retrieved from /home/veri-pc/.local/lib/python3.10/site-packages/airflow/example_dags/example_branch_labels.py
[2023-03-07 08:55:56,242] {logging_mixin.py:115} INFO - [2023-03-07 08:55:56,242] {dag.py:2379} INFO - Sync 1 DAGs
[2023-03-07 08:55:56,256] {logging_mixin.py:115} INFO - [2023-03-07 08:55:56,256] {dag.py:2927} INFO - Setting next_dagrun for example_branch_labels to 2023-03-06T00:00:00+00:00, run_after=2023-03-07T00:00:00+00:00
[2023-03-07 08:55:56,265] {processor.py:161} INFO - Processing /home/veri-pc/.local/lib/python3.10/site-packages/airflow/example_dags/example_branch_labels.py took 0.063 seconds
[2023-03-07 09:02:10,329] {processor.py:153} INFO - Started process (PID=11905) to work on /home/veri-pc/.local/lib/python3.10/site-packages/airflow/example_dags/example_branch_labels.py
[2023-03-07 09:02:10,330] {processor.py:641} INFO - Processing file /home/veri-pc/.local/lib/python3.10/site-packages/airflow/example_dags/example_branch_labels.py for tasks to queue
[2023-03-07 09:02:10,330] {logging_mixin.py:115} INFO - [2023-03-07 09:02:10,330] {dagbag.py:507} INFO - Filling up the DagBag from /home/veri-pc/.local/lib/python3.10/site-packages/airflow/example_dags/example_branch_labels.py
[2023-03-07 09:02:10,336] {processor.py:651} INFO - DAG(s) dict_keys(['example_branch_labels']) retrieved from /home/veri-pc/.local/lib/python3.10/site-packages/airflow/example_dags/example_branch_labels.py
[2023-03-07 09:02:10,349] {logging_mixin.py:115} INFO - [2023-03-07 09:02:10,348] {dag.py:2379} INFO - Sync 1 DAGs
[2023-03-07 09:02:10,366] {logging_mixin.py:115} INFO - [2023-03-07 09:02:10,366] {dag.py:2927} INFO - Setting next_dagrun for example_branch_labels to 2023-03-06T00:00:00+00:00, run_after=2023-03-07T00:00:00+00:00
[2023-03-07 09:02:10,381] {processor.py:161} INFO - Processing /home/veri-pc/.local/lib/python3.10/site-packages/airflow/example_dags/example_branch_labels.py took 0.053 seconds
[2023-03-07 09:02:42,983] {processor.py:153} INFO - Started process (PID=11993) to work on /home/veri-pc/.local/lib/python3.10/site-packages/airflow/example_dags/example_branch_labels.py
[2023-03-07 09:02:42,983] {processor.py:641} INFO - Processing file /home/veri-pc/.local/lib/python3.10/site-packages/airflow/example_dags/example_branch_labels.py for tasks to queue
[2023-03-07 09:02:42,984] {logging_mixin.py:115} INFO - [2023-03-07 09:02:42,984] {dagbag.py:507} INFO - Filling up the DagBag from /home/veri-pc/.local/lib/python3.10/site-packages/airflow/example_dags/example_branch_labels.py
[2023-03-07 09:02:42,987] {processor.py:651} INFO - DAG(s) dict_keys(['example_branch_labels']) retrieved from /home/veri-pc/.local/lib/python3.10/site-packages/airflow/example_dags/example_branch_labels.py
[2023-03-07 09:02:42,995] {logging_mixin.py:115} INFO - [2023-03-07 09:02:42,995] {dag.py:2379} INFO - Sync 1 DAGs
[2023-03-07 09:02:43,009] {logging_mixin.py:115} INFO - [2023-03-07 09:02:43,009] {dag.py:2927} INFO - Setting next_dagrun for example_branch_labels to 2023-03-06T00:00:00+00:00, run_after=2023-03-07T00:00:00+00:00
[2023-03-07 09:02:43,017] {processor.py:161} INFO - Processing /home/veri-pc/.local/lib/python3.10/site-packages/airflow/example_dags/example_branch_labels.py took 0.035 seconds
[2023-03-07 09:03:14,814] {processor.py:153} INFO - Started process (PID=12080) to work on /home/veri-pc/.local/lib/python3.10/site-packages/airflow/example_dags/example_branch_labels.py
[2023-03-07 09:03:14,816] {processor.py:641} INFO - Processing file /home/veri-pc/.local/lib/python3.10/site-packages/airflow/example_dags/example_branch_labels.py for tasks to queue
[2023-03-07 09:03:14,816] {logging_mixin.py:115} INFO - [2023-03-07 09:03:14,816] {dagbag.py:507} INFO - Filling up the DagBag from /home/veri-pc/.local/lib/python3.10/site-packages/airflow/example_dags/example_branch_labels.py
[2023-03-07 09:03:14,822] {processor.py:651} INFO - DAG(s) dict_keys(['example_branch_labels']) retrieved from /home/veri-pc/.local/lib/python3.10/site-packages/airflow/example_dags/example_branch_labels.py
[2023-03-07 09:03:14,832] {logging_mixin.py:115} INFO - [2023-03-07 09:03:14,832] {dag.py:2379} INFO - Sync 1 DAGs
[2023-03-07 09:03:14,846] {logging_mixin.py:115} INFO - [2023-03-07 09:03:14,846] {dag.py:2927} INFO - Setting next_dagrun for example_branch_labels to 2023-03-06T00:00:00+00:00, run_after=2023-03-07T00:00:00+00:00
[2023-03-07 09:03:14,859] {processor.py:161} INFO - Processing /home/veri-pc/.local/lib/python3.10/site-packages/airflow/example_dags/example_branch_labels.py took 0.046 seconds
[2023-03-07 09:03:47,939] {processor.py:153} INFO - Started process (PID=12237) to work on /home/veri-pc/.local/lib/python3.10/site-packages/airflow/example_dags/example_branch_labels.py
[2023-03-07 09:03:47,940] {processor.py:641} INFO - Processing file /home/veri-pc/.local/lib/python3.10/site-packages/airflow/example_dags/example_branch_labels.py for tasks to queue
[2023-03-07 09:03:47,941] {logging_mixin.py:115} INFO - [2023-03-07 09:03:47,941] {dagbag.py:507} INFO - Filling up the DagBag from /home/veri-pc/.local/lib/python3.10/site-packages/airflow/example_dags/example_branch_labels.py
[2023-03-07 09:03:47,951] {processor.py:651} INFO - DAG(s) dict_keys(['example_branch_labels']) retrieved from /home/veri-pc/.local/lib/python3.10/site-packages/airflow/example_dags/example_branch_labels.py
[2023-03-07 09:03:47,967] {logging_mixin.py:115} INFO - [2023-03-07 09:03:47,966] {dag.py:2379} INFO - Sync 1 DAGs
[2023-03-07 09:03:47,984] {logging_mixin.py:115} INFO - [2023-03-07 09:03:47,984] {dag.py:2927} INFO - Setting next_dagrun for example_branch_labels to 2023-03-06T00:00:00+00:00, run_after=2023-03-07T00:00:00+00:00
[2023-03-07 09:03:47,993] {processor.py:161} INFO - Processing /home/veri-pc/.local/lib/python3.10/site-packages/airflow/example_dags/example_branch_labels.py took 0.060 seconds
[2023-03-07 09:04:22,668] {processor.py:153} INFO - Started process (PID=12322) to work on /home/veri-pc/.local/lib/python3.10/site-packages/airflow/example_dags/example_branch_labels.py
[2023-03-07 09:04:22,669] {processor.py:641} INFO - Processing file /home/veri-pc/.local/lib/python3.10/site-packages/airflow/example_dags/example_branch_labels.py for tasks to queue
[2023-03-07 09:04:22,670] {logging_mixin.py:115} INFO - [2023-03-07 09:04:22,670] {dagbag.py:507} INFO - Filling up the DagBag from /home/veri-pc/.local/lib/python3.10/site-packages/airflow/example_dags/example_branch_labels.py
[2023-03-07 09:04:22,674] {processor.py:651} INFO - DAG(s) dict_keys(['example_branch_labels']) retrieved from /home/veri-pc/.local/lib/python3.10/site-packages/airflow/example_dags/example_branch_labels.py
[2023-03-07 09:04:22,687] {logging_mixin.py:115} INFO - [2023-03-07 09:04:22,686] {dag.py:2379} INFO - Sync 1 DAGs
[2023-03-07 09:04:22,705] {logging_mixin.py:115} INFO - [2023-03-07 09:04:22,705] {dag.py:2927} INFO - Setting next_dagrun for example_branch_labels to 2023-03-06T00:00:00+00:00, run_after=2023-03-07T00:00:00+00:00
[2023-03-07 09:04:22,714] {processor.py:161} INFO - Processing /home/veri-pc/.local/lib/python3.10/site-packages/airflow/example_dags/example_branch_labels.py took 0.049 seconds
[2023-03-07 09:04:59,233] {processor.py:153} INFO - Started process (PID=12421) to work on /home/veri-pc/.local/lib/python3.10/site-packages/airflow/example_dags/example_branch_labels.py
[2023-03-07 09:04:59,235] {processor.py:641} INFO - Processing file /home/veri-pc/.local/lib/python3.10/site-packages/airflow/example_dags/example_branch_labels.py for tasks to queue
[2023-03-07 09:04:59,236] {logging_mixin.py:115} INFO - [2023-03-07 09:04:59,236] {dagbag.py:507} INFO - Filling up the DagBag from /home/veri-pc/.local/lib/python3.10/site-packages/airflow/example_dags/example_branch_labels.py
[2023-03-07 09:04:59,241] {processor.py:651} INFO - DAG(s) dict_keys(['example_branch_labels']) retrieved from /home/veri-pc/.local/lib/python3.10/site-packages/airflow/example_dags/example_branch_labels.py
[2023-03-07 09:04:59,256] {logging_mixin.py:115} INFO - [2023-03-07 09:04:59,256] {dag.py:2379} INFO - Sync 1 DAGs
[2023-03-07 09:04:59,273] {logging_mixin.py:115} INFO - [2023-03-07 09:04:59,273] {dag.py:2927} INFO - Setting next_dagrun for example_branch_labels to 2023-03-06T00:00:00+00:00, run_after=2023-03-07T00:00:00+00:00
[2023-03-07 09:04:59,282] {processor.py:161} INFO - Processing /home/veri-pc/.local/lib/python3.10/site-packages/airflow/example_dags/example_branch_labels.py took 0.052 seconds
[2023-03-07 09:05:30,651] {processor.py:153} INFO - Started process (PID=12485) to work on /home/veri-pc/.local/lib/python3.10/site-packages/airflow/example_dags/example_branch_labels.py
[2023-03-07 09:05:30,653] {processor.py:641} INFO - Processing file /home/veri-pc/.local/lib/python3.10/site-packages/airflow/example_dags/example_branch_labels.py for tasks to queue
[2023-03-07 09:05:30,654] {logging_mixin.py:115} INFO - [2023-03-07 09:05:30,653] {dagbag.py:507} INFO - Filling up the DagBag from /home/veri-pc/.local/lib/python3.10/site-packages/airflow/example_dags/example_branch_labels.py
[2023-03-07 09:05:30,662] {processor.py:651} INFO - DAG(s) dict_keys(['example_branch_labels']) retrieved from /home/veri-pc/.local/lib/python3.10/site-packages/airflow/example_dags/example_branch_labels.py
[2023-03-07 09:05:30,677] {logging_mixin.py:115} INFO - [2023-03-07 09:05:30,677] {dag.py:2379} INFO - Sync 1 DAGs
[2023-03-07 09:05:30,689] {logging_mixin.py:115} INFO - [2023-03-07 09:05:30,689] {dag.py:2927} INFO - Setting next_dagrun for example_branch_labels to 2023-03-06T00:00:00+00:00, run_after=2023-03-07T00:00:00+00:00
[2023-03-07 09:05:30,697] {processor.py:161} INFO - Processing /home/veri-pc/.local/lib/python3.10/site-packages/airflow/example_dags/example_branch_labels.py took 0.052 seconds
[2023-03-07 09:06:05,284] {processor.py:153} INFO - Started process (PID=12565) to work on /home/veri-pc/.local/lib/python3.10/site-packages/airflow/example_dags/example_branch_labels.py
[2023-03-07 09:06:05,286] {processor.py:641} INFO - Processing file /home/veri-pc/.local/lib/python3.10/site-packages/airflow/example_dags/example_branch_labels.py for tasks to queue
[2023-03-07 09:06:05,288] {logging_mixin.py:115} INFO - [2023-03-07 09:06:05,287] {dagbag.py:507} INFO - Filling up the DagBag from /home/veri-pc/.local/lib/python3.10/site-packages/airflow/example_dags/example_branch_labels.py
[2023-03-07 09:06:05,303] {processor.py:651} INFO - DAG(s) dict_keys(['example_branch_labels']) retrieved from /home/veri-pc/.local/lib/python3.10/site-packages/airflow/example_dags/example_branch_labels.py
[2023-03-07 09:06:05,319] {logging_mixin.py:115} INFO - [2023-03-07 09:06:05,319] {dag.py:2379} INFO - Sync 1 DAGs
[2023-03-07 09:06:05,334] {logging_mixin.py:115} INFO - [2023-03-07 09:06:05,334] {dag.py:2927} INFO - Setting next_dagrun for example_branch_labels to 2023-03-06T00:00:00+00:00, run_after=2023-03-07T00:00:00+00:00
[2023-03-07 09:06:05,342] {processor.py:161} INFO - Processing /home/veri-pc/.local/lib/python3.10/site-packages/airflow/example_dags/example_branch_labels.py took 0.065 seconds
[2023-03-07 09:06:38,589] {processor.py:153} INFO - Started process (PID=12624) to work on /home/veri-pc/.local/lib/python3.10/site-packages/airflow/example_dags/example_branch_labels.py
[2023-03-07 09:06:38,590] {processor.py:641} INFO - Processing file /home/veri-pc/.local/lib/python3.10/site-packages/airflow/example_dags/example_branch_labels.py for tasks to queue
[2023-03-07 09:06:38,592] {logging_mixin.py:115} INFO - [2023-03-07 09:06:38,591] {dagbag.py:507} INFO - Filling up the DagBag from /home/veri-pc/.local/lib/python3.10/site-packages/airflow/example_dags/example_branch_labels.py
[2023-03-07 09:06:38,606] {processor.py:651} INFO - DAG(s) dict_keys(['example_branch_labels']) retrieved from /home/veri-pc/.local/lib/python3.10/site-packages/airflow/example_dags/example_branch_labels.py
[2023-03-07 09:06:38,628] {logging_mixin.py:115} INFO - [2023-03-07 09:06:38,628] {dag.py:2379} INFO - Sync 1 DAGs
[2023-03-07 09:06:38,641] {logging_mixin.py:115} INFO - [2023-03-07 09:06:38,641] {dag.py:2927} INFO - Setting next_dagrun for example_branch_labels to 2023-03-06T00:00:00+00:00, run_after=2023-03-07T00:00:00+00:00
[2023-03-07 09:06:38,649] {processor.py:161} INFO - Processing /home/veri-pc/.local/lib/python3.10/site-packages/airflow/example_dags/example_branch_labels.py took 0.067 seconds
[2023-03-07 09:07:12,015] {processor.py:153} INFO - Started process (PID=12706) to work on /home/veri-pc/.local/lib/python3.10/site-packages/airflow/example_dags/example_branch_labels.py
[2023-03-07 09:07:12,016] {processor.py:641} INFO - Processing file /home/veri-pc/.local/lib/python3.10/site-packages/airflow/example_dags/example_branch_labels.py for tasks to queue
[2023-03-07 09:07:12,017] {logging_mixin.py:115} INFO - [2023-03-07 09:07:12,017] {dagbag.py:507} INFO - Filling up the DagBag from /home/veri-pc/.local/lib/python3.10/site-packages/airflow/example_dags/example_branch_labels.py
[2023-03-07 09:07:12,033] {processor.py:651} INFO - DAG(s) dict_keys(['example_branch_labels']) retrieved from /home/veri-pc/.local/lib/python3.10/site-packages/airflow/example_dags/example_branch_labels.py
[2023-03-07 09:07:12,050] {logging_mixin.py:115} INFO - [2023-03-07 09:07:12,050] {dag.py:2379} INFO - Sync 1 DAGs
[2023-03-07 09:07:12,064] {logging_mixin.py:115} INFO - [2023-03-07 09:07:12,064] {dag.py:2927} INFO - Setting next_dagrun for example_branch_labels to 2023-03-06T00:00:00+00:00, run_after=2023-03-07T00:00:00+00:00
[2023-03-07 09:07:12,071] {processor.py:161} INFO - Processing /home/veri-pc/.local/lib/python3.10/site-packages/airflow/example_dags/example_branch_labels.py took 0.063 seconds
[2023-03-07 09:07:45,678] {processor.py:153} INFO - Started process (PID=12827) to work on /home/veri-pc/.local/lib/python3.10/site-packages/airflow/example_dags/example_branch_labels.py
[2023-03-07 09:07:45,679] {processor.py:641} INFO - Processing file /home/veri-pc/.local/lib/python3.10/site-packages/airflow/example_dags/example_branch_labels.py for tasks to queue
[2023-03-07 09:07:45,681] {logging_mixin.py:115} INFO - [2023-03-07 09:07:45,681] {dagbag.py:507} INFO - Filling up the DagBag from /home/veri-pc/.local/lib/python3.10/site-packages/airflow/example_dags/example_branch_labels.py
[2023-03-07 09:07:45,696] {processor.py:651} INFO - DAG(s) dict_keys(['example_branch_labels']) retrieved from /home/veri-pc/.local/lib/python3.10/site-packages/airflow/example_dags/example_branch_labels.py
[2023-03-07 09:07:45,715] {logging_mixin.py:115} INFO - [2023-03-07 09:07:45,715] {dag.py:2379} INFO - Sync 1 DAGs
[2023-03-07 09:07:45,729] {logging_mixin.py:115} INFO - [2023-03-07 09:07:45,729] {dag.py:2927} INFO - Setting next_dagrun for example_branch_labels to 2023-03-06T00:00:00+00:00, run_after=2023-03-07T00:00:00+00:00
[2023-03-07 09:07:45,738] {processor.py:161} INFO - Processing /home/veri-pc/.local/lib/python3.10/site-packages/airflow/example_dags/example_branch_labels.py took 0.066 seconds
[2023-03-07 09:08:17,517] {processor.py:153} INFO - Started process (PID=12901) to work on /home/veri-pc/.local/lib/python3.10/site-packages/airflow/example_dags/example_branch_labels.py
[2023-03-07 09:08:17,518] {processor.py:641} INFO - Processing file /home/veri-pc/.local/lib/python3.10/site-packages/airflow/example_dags/example_branch_labels.py for tasks to queue
[2023-03-07 09:08:17,519] {logging_mixin.py:115} INFO - [2023-03-07 09:08:17,519] {dagbag.py:507} INFO - Filling up the DagBag from /home/veri-pc/.local/lib/python3.10/site-packages/airflow/example_dags/example_branch_labels.py
[2023-03-07 09:08:17,533] {processor.py:651} INFO - DAG(s) dict_keys(['example_branch_labels']) retrieved from /home/veri-pc/.local/lib/python3.10/site-packages/airflow/example_dags/example_branch_labels.py
[2023-03-07 09:08:17,554] {logging_mixin.py:115} INFO - [2023-03-07 09:08:17,554] {dag.py:2379} INFO - Sync 1 DAGs
[2023-03-07 09:08:17,569] {logging_mixin.py:115} INFO - [2023-03-07 09:08:17,569] {dag.py:2927} INFO - Setting next_dagrun for example_branch_labels to 2023-03-06T00:00:00+00:00, run_after=2023-03-07T00:00:00+00:00
[2023-03-07 09:08:17,577] {processor.py:161} INFO - Processing /home/veri-pc/.local/lib/python3.10/site-packages/airflow/example_dags/example_branch_labels.py took 0.066 seconds
[2023-03-07 09:08:48,514] {processor.py:153} INFO - Started process (PID=12970) to work on /home/veri-pc/.local/lib/python3.10/site-packages/airflow/example_dags/example_branch_labels.py
[2023-03-07 09:08:48,515] {processor.py:641} INFO - Processing file /home/veri-pc/.local/lib/python3.10/site-packages/airflow/example_dags/example_branch_labels.py for tasks to queue
[2023-03-07 09:08:48,516] {logging_mixin.py:115} INFO - [2023-03-07 09:08:48,516] {dagbag.py:507} INFO - Filling up the DagBag from /home/veri-pc/.local/lib/python3.10/site-packages/airflow/example_dags/example_branch_labels.py
[2023-03-07 09:08:48,530] {processor.py:651} INFO - DAG(s) dict_keys(['example_branch_labels']) retrieved from /home/veri-pc/.local/lib/python3.10/site-packages/airflow/example_dags/example_branch_labels.py
[2023-03-07 09:08:48,548] {logging_mixin.py:115} INFO - [2023-03-07 09:08:48,547] {dag.py:2379} INFO - Sync 1 DAGs
[2023-03-07 09:08:48,562] {logging_mixin.py:115} INFO - [2023-03-07 09:08:48,561] {dag.py:2927} INFO - Setting next_dagrun for example_branch_labels to 2023-03-06T00:00:00+00:00, run_after=2023-03-07T00:00:00+00:00
[2023-03-07 09:08:48,570] {processor.py:161} INFO - Processing /home/veri-pc/.local/lib/python3.10/site-packages/airflow/example_dags/example_branch_labels.py took 0.063 seconds
[2023-03-07 09:09:23,899] {processor.py:153} INFO - Started process (PID=13050) to work on /home/veri-pc/.local/lib/python3.10/site-packages/airflow/example_dags/example_branch_labels.py
[2023-03-07 09:09:23,902] {processor.py:641} INFO - Processing file /home/veri-pc/.local/lib/python3.10/site-packages/airflow/example_dags/example_branch_labels.py for tasks to queue
[2023-03-07 09:09:23,903] {logging_mixin.py:115} INFO - [2023-03-07 09:09:23,903] {dagbag.py:507} INFO - Filling up the DagBag from /home/veri-pc/.local/lib/python3.10/site-packages/airflow/example_dags/example_branch_labels.py
[2023-03-07 09:09:23,917] {processor.py:651} INFO - DAG(s) dict_keys(['example_branch_labels']) retrieved from /home/veri-pc/.local/lib/python3.10/site-packages/airflow/example_dags/example_branch_labels.py
[2023-03-07 09:09:23,934] {logging_mixin.py:115} INFO - [2023-03-07 09:09:23,934] {dag.py:2379} INFO - Sync 1 DAGs
[2023-03-07 09:09:23,948] {logging_mixin.py:115} INFO - [2023-03-07 09:09:23,948] {dag.py:2927} INFO - Setting next_dagrun for example_branch_labels to 2023-03-06T00:00:00+00:00, run_after=2023-03-07T00:00:00+00:00
[2023-03-07 09:09:23,957] {processor.py:161} INFO - Processing /home/veri-pc/.local/lib/python3.10/site-packages/airflow/example_dags/example_branch_labels.py took 0.067 seconds
