[2023-03-07 08:41:06,880] {processor.py:153} INFO - Started process (PID=8196) to work on /home/veri-pc/.local/lib/python3.10/site-packages/airflow/example_dags/example_branch_operator.py
[2023-03-07 08:41:06,882] {processor.py:641} INFO - Processing file /home/veri-pc/.local/lib/python3.10/site-packages/airflow/example_dags/example_branch_operator.py for tasks to queue
[2023-03-07 08:41:06,883] {logging_mixin.py:115} INFO - [2023-03-07 08:41:06,883] {dagbag.py:507} INFO - Filling up the DagBag from /home/veri-pc/.local/lib/python3.10/site-packages/airflow/example_dags/example_branch_operator.py
[2023-03-07 08:41:06,909] {processor.py:651} INFO - DAG(s) dict_keys(['example_branch_operator']) retrieved from /home/veri-pc/.local/lib/python3.10/site-packages/airflow/example_dags/example_branch_operator.py
[2023-03-07 08:41:06,957] {logging_mixin.py:115} INFO - [2023-03-07 08:41:06,957] {manager.py:508} INFO - Created Permission View: can delete on DAG:example_branch_operator
[2023-03-07 08:41:06,964] {logging_mixin.py:115} INFO - [2023-03-07 08:41:06,964] {manager.py:508} INFO - Created Permission View: can read on DAG:example_branch_operator
[2023-03-07 08:41:06,969] {logging_mixin.py:115} INFO - [2023-03-07 08:41:06,969] {manager.py:508} INFO - Created Permission View: can edit on DAG:example_branch_operator
[2023-03-07 08:41:06,969] {logging_mixin.py:115} INFO - [2023-03-07 08:41:06,969] {dag.py:2379} INFO - Sync 1 DAGs
[2023-03-07 08:41:06,974] {logging_mixin.py:115} INFO - [2023-03-07 08:41:06,974] {dag.py:2398} INFO - Creating ORM DAG for example_branch_operator
[2023-03-07 08:41:06,981] {logging_mixin.py:115} INFO - [2023-03-07 08:41:06,981] {dag.py:2927} INFO - Setting next_dagrun for example_branch_operator to 2023-03-06T00:00:00+00:00, run_after=2023-03-07T00:00:00+00:00
[2023-03-07 08:41:06,991] {processor.py:161} INFO - Processing /home/veri-pc/.local/lib/python3.10/site-packages/airflow/example_dags/example_branch_operator.py took 0.117 seconds
[2023-03-07 08:41:40,009] {processor.py:153} INFO - Started process (PID=8268) to work on /home/veri-pc/.local/lib/python3.10/site-packages/airflow/example_dags/example_branch_operator.py
[2023-03-07 08:41:40,010] {processor.py:641} INFO - Processing file /home/veri-pc/.local/lib/python3.10/site-packages/airflow/example_dags/example_branch_operator.py for tasks to queue
[2023-03-07 08:41:40,012] {logging_mixin.py:115} INFO - [2023-03-07 08:41:40,012] {dagbag.py:507} INFO - Filling up the DagBag from /home/veri-pc/.local/lib/python3.10/site-packages/airflow/example_dags/example_branch_operator.py
[2023-03-07 08:41:40,032] {processor.py:651} INFO - DAG(s) dict_keys(['example_branch_operator']) retrieved from /home/veri-pc/.local/lib/python3.10/site-packages/airflow/example_dags/example_branch_operator.py
[2023-03-07 08:41:40,044] {logging_mixin.py:115} INFO - [2023-03-07 08:41:40,044] {dag.py:2379} INFO - Sync 1 DAGs
[2023-03-07 08:41:40,056] {logging_mixin.py:115} INFO - [2023-03-07 08:41:40,055] {dag.py:2927} INFO - Setting next_dagrun for example_branch_operator to 2023-03-06T00:00:00+00:00, run_after=2023-03-07T00:00:00+00:00
[2023-03-07 08:41:40,063] {processor.py:161} INFO - Processing /home/veri-pc/.local/lib/python3.10/site-packages/airflow/example_dags/example_branch_operator.py took 0.063 seconds
[2023-03-07 08:42:15,882] {processor.py:153} INFO - Started process (PID=8343) to work on /home/veri-pc/.local/lib/python3.10/site-packages/airflow/example_dags/example_branch_operator.py
[2023-03-07 08:42:15,883] {processor.py:641} INFO - Processing file /home/veri-pc/.local/lib/python3.10/site-packages/airflow/example_dags/example_branch_operator.py for tasks to queue
[2023-03-07 08:42:15,884] {logging_mixin.py:115} INFO - [2023-03-07 08:42:15,884] {dagbag.py:507} INFO - Filling up the DagBag from /home/veri-pc/.local/lib/python3.10/site-packages/airflow/example_dags/example_branch_operator.py
[2023-03-07 08:42:15,901] {processor.py:651} INFO - DAG(s) dict_keys(['example_branch_operator']) retrieved from /home/veri-pc/.local/lib/python3.10/site-packages/airflow/example_dags/example_branch_operator.py
[2023-03-07 08:42:15,914] {logging_mixin.py:115} INFO - [2023-03-07 08:42:15,914] {dag.py:2379} INFO - Sync 1 DAGs
[2023-03-07 08:42:15,927] {logging_mixin.py:115} INFO - [2023-03-07 08:42:15,927] {dag.py:2927} INFO - Setting next_dagrun for example_branch_operator to 2023-03-06T00:00:00+00:00, run_after=2023-03-07T00:00:00+00:00
[2023-03-07 08:42:15,937] {processor.py:161} INFO - Processing /home/veri-pc/.local/lib/python3.10/site-packages/airflow/example_dags/example_branch_operator.py took 0.059 seconds
[2023-03-07 08:42:49,618] {processor.py:153} INFO - Started process (PID=8413) to work on /home/veri-pc/.local/lib/python3.10/site-packages/airflow/example_dags/example_branch_operator.py
[2023-03-07 08:42:49,618] {processor.py:641} INFO - Processing file /home/veri-pc/.local/lib/python3.10/site-packages/airflow/example_dags/example_branch_operator.py for tasks to queue
[2023-03-07 08:42:49,619] {logging_mixin.py:115} INFO - [2023-03-07 08:42:49,619] {dagbag.py:507} INFO - Filling up the DagBag from /home/veri-pc/.local/lib/python3.10/site-packages/airflow/example_dags/example_branch_operator.py
[2023-03-07 08:42:49,637] {processor.py:651} INFO - DAG(s) dict_keys(['example_branch_operator']) retrieved from /home/veri-pc/.local/lib/python3.10/site-packages/airflow/example_dags/example_branch_operator.py
[2023-03-07 08:42:49,651] {logging_mixin.py:115} INFO - [2023-03-07 08:42:49,651] {dag.py:2379} INFO - Sync 1 DAGs
[2023-03-07 08:42:49,664] {logging_mixin.py:115} INFO - [2023-03-07 08:42:49,664] {dag.py:2927} INFO - Setting next_dagrun for example_branch_operator to 2023-03-06T00:00:00+00:00, run_after=2023-03-07T00:00:00+00:00
[2023-03-07 08:42:49,671] {processor.py:161} INFO - Processing /home/veri-pc/.local/lib/python3.10/site-packages/airflow/example_dags/example_branch_operator.py took 0.057 seconds
[2023-03-07 08:43:23,484] {processor.py:153} INFO - Started process (PID=8492) to work on /home/veri-pc/.local/lib/python3.10/site-packages/airflow/example_dags/example_branch_operator.py
[2023-03-07 08:43:23,485] {processor.py:641} INFO - Processing file /home/veri-pc/.local/lib/python3.10/site-packages/airflow/example_dags/example_branch_operator.py for tasks to queue
[2023-03-07 08:43:23,485] {logging_mixin.py:115} INFO - [2023-03-07 08:43:23,485] {dagbag.py:507} INFO - Filling up the DagBag from /home/veri-pc/.local/lib/python3.10/site-packages/airflow/example_dags/example_branch_operator.py
[2023-03-07 08:43:23,496] {processor.py:651} INFO - DAG(s) dict_keys(['example_branch_operator']) retrieved from /home/veri-pc/.local/lib/python3.10/site-packages/airflow/example_dags/example_branch_operator.py
[2023-03-07 08:43:23,510] {logging_mixin.py:115} INFO - [2023-03-07 08:43:23,510] {dag.py:2379} INFO - Sync 1 DAGs
[2023-03-07 08:43:23,523] {logging_mixin.py:115} INFO - [2023-03-07 08:43:23,523] {dag.py:2927} INFO - Setting next_dagrun for example_branch_operator to 2023-03-06T00:00:00+00:00, run_after=2023-03-07T00:00:00+00:00
[2023-03-07 08:43:23,530] {processor.py:161} INFO - Processing /home/veri-pc/.local/lib/python3.10/site-packages/airflow/example_dags/example_branch_operator.py took 0.048 seconds
[2023-03-07 08:43:56,475] {processor.py:153} INFO - Started process (PID=8558) to work on /home/veri-pc/.local/lib/python3.10/site-packages/airflow/example_dags/example_branch_operator.py
[2023-03-07 08:43:56,476] {processor.py:641} INFO - Processing file /home/veri-pc/.local/lib/python3.10/site-packages/airflow/example_dags/example_branch_operator.py for tasks to queue
[2023-03-07 08:43:56,477] {logging_mixin.py:115} INFO - [2023-03-07 08:43:56,477] {dagbag.py:507} INFO - Filling up the DagBag from /home/veri-pc/.local/lib/python3.10/site-packages/airflow/example_dags/example_branch_operator.py
[2023-03-07 08:43:56,500] {processor.py:651} INFO - DAG(s) dict_keys(['example_branch_operator']) retrieved from /home/veri-pc/.local/lib/python3.10/site-packages/airflow/example_dags/example_branch_operator.py
[2023-03-07 08:43:56,513] {logging_mixin.py:115} INFO - [2023-03-07 08:43:56,513] {dag.py:2379} INFO - Sync 1 DAGs
[2023-03-07 08:43:56,525] {logging_mixin.py:115} INFO - [2023-03-07 08:43:56,525] {dag.py:2927} INFO - Setting next_dagrun for example_branch_operator to 2023-03-06T00:00:00+00:00, run_after=2023-03-07T00:00:00+00:00
[2023-03-07 08:43:56,534] {processor.py:161} INFO - Processing /home/veri-pc/.local/lib/python3.10/site-packages/airflow/example_dags/example_branch_operator.py took 0.065 seconds
[2023-03-07 08:44:31,297] {processor.py:153} INFO - Started process (PID=8634) to work on /home/veri-pc/.local/lib/python3.10/site-packages/airflow/example_dags/example_branch_operator.py
[2023-03-07 08:44:31,298] {processor.py:641} INFO - Processing file /home/veri-pc/.local/lib/python3.10/site-packages/airflow/example_dags/example_branch_operator.py for tasks to queue
[2023-03-07 08:44:31,298] {logging_mixin.py:115} INFO - [2023-03-07 08:44:31,298] {dagbag.py:507} INFO - Filling up the DagBag from /home/veri-pc/.local/lib/python3.10/site-packages/airflow/example_dags/example_branch_operator.py
[2023-03-07 08:44:31,306] {processor.py:651} INFO - DAG(s) dict_keys(['example_branch_operator']) retrieved from /home/veri-pc/.local/lib/python3.10/site-packages/airflow/example_dags/example_branch_operator.py
[2023-03-07 08:44:31,315] {logging_mixin.py:115} INFO - [2023-03-07 08:44:31,314] {dag.py:2379} INFO - Sync 1 DAGs
[2023-03-07 08:44:31,327] {logging_mixin.py:115} INFO - [2023-03-07 08:44:31,327] {dag.py:2927} INFO - Setting next_dagrun for example_branch_operator to 2023-03-06T00:00:00+00:00, run_after=2023-03-07T00:00:00+00:00
[2023-03-07 08:44:31,334] {processor.py:161} INFO - Processing /home/veri-pc/.local/lib/python3.10/site-packages/airflow/example_dags/example_branch_operator.py took 0.038 seconds
[2023-03-07 08:45:03,218] {processor.py:153} INFO - Started process (PID=8701) to work on /home/veri-pc/.local/lib/python3.10/site-packages/airflow/example_dags/example_branch_operator.py
[2023-03-07 08:45:03,219] {processor.py:641} INFO - Processing file /home/veri-pc/.local/lib/python3.10/site-packages/airflow/example_dags/example_branch_operator.py for tasks to queue
[2023-03-07 08:45:03,220] {logging_mixin.py:115} INFO - [2023-03-07 08:45:03,220] {dagbag.py:507} INFO - Filling up the DagBag from /home/veri-pc/.local/lib/python3.10/site-packages/airflow/example_dags/example_branch_operator.py
[2023-03-07 08:45:03,246] {processor.py:651} INFO - DAG(s) dict_keys(['example_branch_operator']) retrieved from /home/veri-pc/.local/lib/python3.10/site-packages/airflow/example_dags/example_branch_operator.py
[2023-03-07 08:45:03,260] {logging_mixin.py:115} INFO - [2023-03-07 08:45:03,260] {dag.py:2379} INFO - Sync 1 DAGs
[2023-03-07 08:45:03,273] {logging_mixin.py:115} INFO - [2023-03-07 08:45:03,273] {dag.py:2927} INFO - Setting next_dagrun for example_branch_operator to 2023-03-06T00:00:00+00:00, run_after=2023-03-07T00:00:00+00:00
[2023-03-07 08:45:03,281] {processor.py:161} INFO - Processing /home/veri-pc/.local/lib/python3.10/site-packages/airflow/example_dags/example_branch_operator.py took 0.070 seconds
[2023-03-07 08:45:37,081] {processor.py:153} INFO - Started process (PID=8778) to work on /home/veri-pc/.local/lib/python3.10/site-packages/airflow/example_dags/example_branch_operator.py
[2023-03-07 08:45:37,082] {processor.py:641} INFO - Processing file /home/veri-pc/.local/lib/python3.10/site-packages/airflow/example_dags/example_branch_operator.py for tasks to queue
[2023-03-07 08:45:37,084] {logging_mixin.py:115} INFO - [2023-03-07 08:45:37,083] {dagbag.py:507} INFO - Filling up the DagBag from /home/veri-pc/.local/lib/python3.10/site-packages/airflow/example_dags/example_branch_operator.py
[2023-03-07 08:45:37,100] {processor.py:651} INFO - DAG(s) dict_keys(['example_branch_operator']) retrieved from /home/veri-pc/.local/lib/python3.10/site-packages/airflow/example_dags/example_branch_operator.py
[2023-03-07 08:45:37,112] {logging_mixin.py:115} INFO - [2023-03-07 08:45:37,112] {dag.py:2379} INFO - Sync 1 DAGs
[2023-03-07 08:45:37,125] {logging_mixin.py:115} INFO - [2023-03-07 08:45:37,125] {dag.py:2927} INFO - Setting next_dagrun for example_branch_operator to 2023-03-06T00:00:00+00:00, run_after=2023-03-07T00:00:00+00:00
[2023-03-07 08:45:37,132] {processor.py:161} INFO - Processing /home/veri-pc/.local/lib/python3.10/site-packages/airflow/example_dags/example_branch_operator.py took 0.058 seconds
[2023-03-07 08:46:13,864] {processor.py:153} INFO - Started process (PID=8853) to work on /home/veri-pc/.local/lib/python3.10/site-packages/airflow/example_dags/example_branch_operator.py
[2023-03-07 08:46:13,866] {processor.py:641} INFO - Processing file /home/veri-pc/.local/lib/python3.10/site-packages/airflow/example_dags/example_branch_operator.py for tasks to queue
[2023-03-07 08:46:13,867] {logging_mixin.py:115} INFO - [2023-03-07 08:46:13,867] {dagbag.py:507} INFO - Filling up the DagBag from /home/veri-pc/.local/lib/python3.10/site-packages/airflow/example_dags/example_branch_operator.py
[2023-03-07 08:46:13,883] {processor.py:651} INFO - DAG(s) dict_keys(['example_branch_operator']) retrieved from /home/veri-pc/.local/lib/python3.10/site-packages/airflow/example_dags/example_branch_operator.py
[2023-03-07 08:46:13,897] {logging_mixin.py:115} INFO - [2023-03-07 08:46:13,897] {dag.py:2379} INFO - Sync 1 DAGs
[2023-03-07 08:46:13,910] {logging_mixin.py:115} INFO - [2023-03-07 08:46:13,910] {dag.py:2927} INFO - Setting next_dagrun for example_branch_operator to 2023-03-06T00:00:00+00:00, run_after=2023-03-07T00:00:00+00:00
[2023-03-07 08:46:13,920] {processor.py:161} INFO - Processing /home/veri-pc/.local/lib/python3.10/site-packages/airflow/example_dags/example_branch_operator.py took 0.062 seconds
[2023-03-07 08:46:45,812] {processor.py:153} INFO - Started process (PID=8941) to work on /home/veri-pc/.local/lib/python3.10/site-packages/airflow/example_dags/example_branch_operator.py
[2023-03-07 08:46:45,813] {processor.py:641} INFO - Processing file /home/veri-pc/.local/lib/python3.10/site-packages/airflow/example_dags/example_branch_operator.py for tasks to queue
[2023-03-07 08:46:45,814] {logging_mixin.py:115} INFO - [2023-03-07 08:46:45,814] {dagbag.py:507} INFO - Filling up the DagBag from /home/veri-pc/.local/lib/python3.10/site-packages/airflow/example_dags/example_branch_operator.py
[2023-03-07 08:46:45,835] {processor.py:651} INFO - DAG(s) dict_keys(['example_branch_operator']) retrieved from /home/veri-pc/.local/lib/python3.10/site-packages/airflow/example_dags/example_branch_operator.py
[2023-03-07 08:46:45,849] {logging_mixin.py:115} INFO - [2023-03-07 08:46:45,849] {dag.py:2379} INFO - Sync 1 DAGs
[2023-03-07 08:46:45,861] {logging_mixin.py:115} INFO - [2023-03-07 08:46:45,861] {dag.py:2927} INFO - Setting next_dagrun for example_branch_operator to 2023-03-06T00:00:00+00:00, run_after=2023-03-07T00:00:00+00:00
[2023-03-07 08:46:45,868] {processor.py:161} INFO - Processing /home/veri-pc/.local/lib/python3.10/site-packages/airflow/example_dags/example_branch_operator.py took 0.063 seconds
[2023-03-07 08:47:20,258] {processor.py:153} INFO - Started process (PID=9030) to work on /home/veri-pc/.local/lib/python3.10/site-packages/airflow/example_dags/example_branch_operator.py
[2023-03-07 08:47:20,259] {processor.py:641} INFO - Processing file /home/veri-pc/.local/lib/python3.10/site-packages/airflow/example_dags/example_branch_operator.py for tasks to queue
[2023-03-07 08:47:20,261] {logging_mixin.py:115} INFO - [2023-03-07 08:47:20,260] {dagbag.py:507} INFO - Filling up the DagBag from /home/veri-pc/.local/lib/python3.10/site-packages/airflow/example_dags/example_branch_operator.py
[2023-03-07 08:47:20,283] {processor.py:651} INFO - DAG(s) dict_keys(['example_branch_operator']) retrieved from /home/veri-pc/.local/lib/python3.10/site-packages/airflow/example_dags/example_branch_operator.py
[2023-03-07 08:47:20,298] {logging_mixin.py:115} INFO - [2023-03-07 08:47:20,297] {dag.py:2379} INFO - Sync 1 DAGs
[2023-03-07 08:47:20,312] {logging_mixin.py:115} INFO - [2023-03-07 08:47:20,312] {dag.py:2927} INFO - Setting next_dagrun for example_branch_operator to 2023-03-06T00:00:00+00:00, run_after=2023-03-07T00:00:00+00:00
[2023-03-07 08:47:20,322] {processor.py:161} INFO - Processing /home/veri-pc/.local/lib/python3.10/site-packages/airflow/example_dags/example_branch_operator.py took 0.071 seconds
[2023-03-07 08:47:53,470] {processor.py:153} INFO - Started process (PID=9127) to work on /home/veri-pc/.local/lib/python3.10/site-packages/airflow/example_dags/example_branch_operator.py
[2023-03-07 08:47:53,471] {processor.py:641} INFO - Processing file /home/veri-pc/.local/lib/python3.10/site-packages/airflow/example_dags/example_branch_operator.py for tasks to queue
[2023-03-07 08:47:53,471] {logging_mixin.py:115} INFO - [2023-03-07 08:47:53,471] {dagbag.py:507} INFO - Filling up the DagBag from /home/veri-pc/.local/lib/python3.10/site-packages/airflow/example_dags/example_branch_operator.py
[2023-03-07 08:47:53,484] {processor.py:651} INFO - DAG(s) dict_keys(['example_branch_operator']) retrieved from /home/veri-pc/.local/lib/python3.10/site-packages/airflow/example_dags/example_branch_operator.py
[2023-03-07 08:47:53,495] {logging_mixin.py:115} INFO - [2023-03-07 08:47:53,495] {dag.py:2379} INFO - Sync 1 DAGs
[2023-03-07 08:47:53,507] {logging_mixin.py:115} INFO - [2023-03-07 08:47:53,506] {dag.py:2927} INFO - Setting next_dagrun for example_branch_operator to 2023-03-06T00:00:00+00:00, run_after=2023-03-07T00:00:00+00:00
[2023-03-07 08:47:53,516] {processor.py:161} INFO - Processing /home/veri-pc/.local/lib/python3.10/site-packages/airflow/example_dags/example_branch_operator.py took 0.051 seconds
[2023-03-07 08:48:31,171] {processor.py:153} INFO - Started process (PID=9224) to work on /home/veri-pc/.local/lib/python3.10/site-packages/airflow/example_dags/example_branch_operator.py
[2023-03-07 08:48:31,172] {processor.py:641} INFO - Processing file /home/veri-pc/.local/lib/python3.10/site-packages/airflow/example_dags/example_branch_operator.py for tasks to queue
[2023-03-07 08:48:31,173] {logging_mixin.py:115} INFO - [2023-03-07 08:48:31,173] {dagbag.py:507} INFO - Filling up the DagBag from /home/veri-pc/.local/lib/python3.10/site-packages/airflow/example_dags/example_branch_operator.py
[2023-03-07 08:48:31,190] {processor.py:651} INFO - DAG(s) dict_keys(['example_branch_operator']) retrieved from /home/veri-pc/.local/lib/python3.10/site-packages/airflow/example_dags/example_branch_operator.py
[2023-03-07 08:48:31,202] {logging_mixin.py:115} INFO - [2023-03-07 08:48:31,202] {dag.py:2379} INFO - Sync 1 DAGs
[2023-03-07 08:48:31,215] {logging_mixin.py:115} INFO - [2023-03-07 08:48:31,215] {dag.py:2927} INFO - Setting next_dagrun for example_branch_operator to 2023-03-06T00:00:00+00:00, run_after=2023-03-07T00:00:00+00:00
[2023-03-07 08:48:31,222] {processor.py:161} INFO - Processing /home/veri-pc/.local/lib/python3.10/site-packages/airflow/example_dags/example_branch_operator.py took 0.059 seconds
[2023-03-07 08:49:02,667] {processor.py:153} INFO - Started process (PID=9294) to work on /home/veri-pc/.local/lib/python3.10/site-packages/airflow/example_dags/example_branch_operator.py
[2023-03-07 08:49:02,668] {processor.py:641} INFO - Processing file /home/veri-pc/.local/lib/python3.10/site-packages/airflow/example_dags/example_branch_operator.py for tasks to queue
[2023-03-07 08:49:02,668] {logging_mixin.py:115} INFO - [2023-03-07 08:49:02,668] {dagbag.py:507} INFO - Filling up the DagBag from /home/veri-pc/.local/lib/python3.10/site-packages/airflow/example_dags/example_branch_operator.py
[2023-03-07 08:49:02,679] {processor.py:651} INFO - DAG(s) dict_keys(['example_branch_operator']) retrieved from /home/veri-pc/.local/lib/python3.10/site-packages/airflow/example_dags/example_branch_operator.py
[2023-03-07 08:49:02,695] {logging_mixin.py:115} INFO - [2023-03-07 08:49:02,695] {dag.py:2379} INFO - Sync 1 DAGs
[2023-03-07 08:49:02,709] {logging_mixin.py:115} INFO - [2023-03-07 08:49:02,709] {dag.py:2927} INFO - Setting next_dagrun for example_branch_operator to 2023-03-06T00:00:00+00:00, run_after=2023-03-07T00:00:00+00:00
[2023-03-07 08:49:02,717] {processor.py:161} INFO - Processing /home/veri-pc/.local/lib/python3.10/site-packages/airflow/example_dags/example_branch_operator.py took 0.053 seconds
[2023-03-07 08:49:39,099] {processor.py:153} INFO - Started process (PID=9393) to work on /home/veri-pc/.local/lib/python3.10/site-packages/airflow/example_dags/example_branch_operator.py
[2023-03-07 08:49:39,101] {processor.py:641} INFO - Processing file /home/veri-pc/.local/lib/python3.10/site-packages/airflow/example_dags/example_branch_operator.py for tasks to queue
[2023-03-07 08:49:39,102] {logging_mixin.py:115} INFO - [2023-03-07 08:49:39,102] {dagbag.py:507} INFO - Filling up the DagBag from /home/veri-pc/.local/lib/python3.10/site-packages/airflow/example_dags/example_branch_operator.py
[2023-03-07 08:49:39,121] {processor.py:651} INFO - DAG(s) dict_keys(['example_branch_operator']) retrieved from /home/veri-pc/.local/lib/python3.10/site-packages/airflow/example_dags/example_branch_operator.py
[2023-03-07 08:49:39,134] {logging_mixin.py:115} INFO - [2023-03-07 08:49:39,134] {dag.py:2379} INFO - Sync 1 DAGs
[2023-03-07 08:49:39,147] {logging_mixin.py:115} INFO - [2023-03-07 08:49:39,147] {dag.py:2927} INFO - Setting next_dagrun for example_branch_operator to 2023-03-06T00:00:00+00:00, run_after=2023-03-07T00:00:00+00:00
[2023-03-07 08:49:39,156] {processor.py:161} INFO - Processing /home/veri-pc/.local/lib/python3.10/site-packages/airflow/example_dags/example_branch_operator.py took 0.063 seconds
[2023-03-07 08:50:12,129] {processor.py:153} INFO - Started process (PID=9499) to work on /home/veri-pc/.local/lib/python3.10/site-packages/airflow/example_dags/example_branch_operator.py
[2023-03-07 08:50:12,133] {processor.py:641} INFO - Processing file /home/veri-pc/.local/lib/python3.10/site-packages/airflow/example_dags/example_branch_operator.py for tasks to queue
[2023-03-07 08:50:12,133] {logging_mixin.py:115} INFO - [2023-03-07 08:50:12,133] {dagbag.py:507} INFO - Filling up the DagBag from /home/veri-pc/.local/lib/python3.10/site-packages/airflow/example_dags/example_branch_operator.py
[2023-03-07 08:50:12,139] {processor.py:651} INFO - DAG(s) dict_keys(['example_branch_operator']) retrieved from /home/veri-pc/.local/lib/python3.10/site-packages/airflow/example_dags/example_branch_operator.py
[2023-03-07 08:50:12,148] {logging_mixin.py:115} INFO - [2023-03-07 08:50:12,148] {dag.py:2379} INFO - Sync 1 DAGs
[2023-03-07 08:50:12,159] {logging_mixin.py:115} INFO - [2023-03-07 08:50:12,159] {dag.py:2927} INFO - Setting next_dagrun for example_branch_operator to 2023-03-06T00:00:00+00:00, run_after=2023-03-07T00:00:00+00:00
[2023-03-07 08:50:12,167] {processor.py:161} INFO - Processing /home/veri-pc/.local/lib/python3.10/site-packages/airflow/example_dags/example_branch_operator.py took 0.039 seconds
[2023-03-07 08:50:48,184] {processor.py:153} INFO - Started process (PID=9591) to work on /home/veri-pc/.local/lib/python3.10/site-packages/airflow/example_dags/example_branch_operator.py
[2023-03-07 08:50:48,185] {processor.py:641} INFO - Processing file /home/veri-pc/.local/lib/python3.10/site-packages/airflow/example_dags/example_branch_operator.py for tasks to queue
[2023-03-07 08:50:48,186] {logging_mixin.py:115} INFO - [2023-03-07 08:50:48,186] {dagbag.py:507} INFO - Filling up the DagBag from /home/veri-pc/.local/lib/python3.10/site-packages/airflow/example_dags/example_branch_operator.py
[2023-03-07 08:50:48,206] {processor.py:651} INFO - DAG(s) dict_keys(['example_branch_operator']) retrieved from /home/veri-pc/.local/lib/python3.10/site-packages/airflow/example_dags/example_branch_operator.py
[2023-03-07 08:50:48,220] {logging_mixin.py:115} INFO - [2023-03-07 08:50:48,220] {dag.py:2379} INFO - Sync 1 DAGs
[2023-03-07 08:50:48,234] {logging_mixin.py:115} INFO - [2023-03-07 08:50:48,234] {dag.py:2927} INFO - Setting next_dagrun for example_branch_operator to 2023-03-06T00:00:00+00:00, run_after=2023-03-07T00:00:00+00:00
[2023-03-07 08:50:48,242] {processor.py:161} INFO - Processing /home/veri-pc/.local/lib/python3.10/site-packages/airflow/example_dags/example_branch_operator.py took 0.065 seconds
[2023-03-07 08:51:21,243] {processor.py:153} INFO - Started process (PID=9690) to work on /home/veri-pc/.local/lib/python3.10/site-packages/airflow/example_dags/example_branch_operator.py
[2023-03-07 08:51:21,244] {processor.py:641} INFO - Processing file /home/veri-pc/.local/lib/python3.10/site-packages/airflow/example_dags/example_branch_operator.py for tasks to queue
[2023-03-07 08:51:21,246] {logging_mixin.py:115} INFO - [2023-03-07 08:51:21,246] {dagbag.py:507} INFO - Filling up the DagBag from /home/veri-pc/.local/lib/python3.10/site-packages/airflow/example_dags/example_branch_operator.py
[2023-03-07 08:51:21,267] {processor.py:651} INFO - DAG(s) dict_keys(['example_branch_operator']) retrieved from /home/veri-pc/.local/lib/python3.10/site-packages/airflow/example_dags/example_branch_operator.py
[2023-03-07 08:51:21,281] {logging_mixin.py:115} INFO - [2023-03-07 08:51:21,281] {dag.py:2379} INFO - Sync 1 DAGs
[2023-03-07 08:51:21,294] {logging_mixin.py:115} INFO - [2023-03-07 08:51:21,294] {dag.py:2927} INFO - Setting next_dagrun for example_branch_operator to 2023-03-06T00:00:00+00:00, run_after=2023-03-07T00:00:00+00:00
[2023-03-07 08:51:21,302] {processor.py:161} INFO - Processing /home/veri-pc/.local/lib/python3.10/site-packages/airflow/example_dags/example_branch_operator.py took 0.066 seconds
[2023-03-07 08:51:54,780] {processor.py:153} INFO - Started process (PID=9787) to work on /home/veri-pc/.local/lib/python3.10/site-packages/airflow/example_dags/example_branch_operator.py
[2023-03-07 08:51:54,781] {processor.py:641} INFO - Processing file /home/veri-pc/.local/lib/python3.10/site-packages/airflow/example_dags/example_branch_operator.py for tasks to queue
[2023-03-07 08:51:54,781] {logging_mixin.py:115} INFO - [2023-03-07 08:51:54,781] {dagbag.py:507} INFO - Filling up the DagBag from /home/veri-pc/.local/lib/python3.10/site-packages/airflow/example_dags/example_branch_operator.py
[2023-03-07 08:51:54,795] {processor.py:651} INFO - DAG(s) dict_keys(['example_branch_operator']) retrieved from /home/veri-pc/.local/lib/python3.10/site-packages/airflow/example_dags/example_branch_operator.py
[2023-03-07 08:51:54,812] {logging_mixin.py:115} INFO - [2023-03-07 08:51:54,812] {dag.py:2379} INFO - Sync 1 DAGs
[2023-03-07 08:51:54,831] {logging_mixin.py:115} INFO - [2023-03-07 08:51:54,831] {dag.py:2927} INFO - Setting next_dagrun for example_branch_operator to 2023-03-06T00:00:00+00:00, run_after=2023-03-07T00:00:00+00:00
[2023-03-07 08:51:54,842] {processor.py:161} INFO - Processing /home/veri-pc/.local/lib/python3.10/site-packages/airflow/example_dags/example_branch_operator.py took 0.066 seconds
[2023-03-07 08:52:28,676] {processor.py:153} INFO - Started process (PID=9873) to work on /home/veri-pc/.local/lib/python3.10/site-packages/airflow/example_dags/example_branch_operator.py
[2023-03-07 08:52:28,677] {processor.py:641} INFO - Processing file /home/veri-pc/.local/lib/python3.10/site-packages/airflow/example_dags/example_branch_operator.py for tasks to queue
[2023-03-07 08:52:28,678] {logging_mixin.py:115} INFO - [2023-03-07 08:52:28,678] {dagbag.py:507} INFO - Filling up the DagBag from /home/veri-pc/.local/lib/python3.10/site-packages/airflow/example_dags/example_branch_operator.py
[2023-03-07 08:52:28,699] {processor.py:651} INFO - DAG(s) dict_keys(['example_branch_operator']) retrieved from /home/veri-pc/.local/lib/python3.10/site-packages/airflow/example_dags/example_branch_operator.py
[2023-03-07 08:52:28,714] {logging_mixin.py:115} INFO - [2023-03-07 08:52:28,714] {dag.py:2379} INFO - Sync 1 DAGs
[2023-03-07 08:52:28,729] {logging_mixin.py:115} INFO - [2023-03-07 08:52:28,729] {dag.py:2927} INFO - Setting next_dagrun for example_branch_operator to 2023-03-06T00:00:00+00:00, run_after=2023-03-07T00:00:00+00:00
[2023-03-07 08:52:28,736] {processor.py:161} INFO - Processing /home/veri-pc/.local/lib/python3.10/site-packages/airflow/example_dags/example_branch_operator.py took 0.067 seconds
[2023-03-07 08:53:04,920] {processor.py:153} INFO - Started process (PID=9972) to work on /home/veri-pc/.local/lib/python3.10/site-packages/airflow/example_dags/example_branch_operator.py
[2023-03-07 08:53:04,921] {processor.py:641} INFO - Processing file /home/veri-pc/.local/lib/python3.10/site-packages/airflow/example_dags/example_branch_operator.py for tasks to queue
[2023-03-07 08:53:04,923] {logging_mixin.py:115} INFO - [2023-03-07 08:53:04,922] {dagbag.py:507} INFO - Filling up the DagBag from /home/veri-pc/.local/lib/python3.10/site-packages/airflow/example_dags/example_branch_operator.py
[2023-03-07 08:53:04,939] {processor.py:651} INFO - DAG(s) dict_keys(['example_branch_operator']) retrieved from /home/veri-pc/.local/lib/python3.10/site-packages/airflow/example_dags/example_branch_operator.py
[2023-03-07 08:53:04,952] {logging_mixin.py:115} INFO - [2023-03-07 08:53:04,952] {dag.py:2379} INFO - Sync 1 DAGs
[2023-03-07 08:53:04,965] {logging_mixin.py:115} INFO - [2023-03-07 08:53:04,965] {dag.py:2927} INFO - Setting next_dagrun for example_branch_operator to 2023-03-06T00:00:00+00:00, run_after=2023-03-07T00:00:00+00:00
[2023-03-07 08:53:05,029] {processor.py:161} INFO - Processing /home/veri-pc/.local/lib/python3.10/site-packages/airflow/example_dags/example_branch_operator.py took 0.115 seconds
[2023-03-07 08:53:44,467] {processor.py:153} INFO - Started process (PID=10065) to work on /home/veri-pc/.local/lib/python3.10/site-packages/airflow/example_dags/example_branch_operator.py
[2023-03-07 08:53:44,468] {processor.py:641} INFO - Processing file /home/veri-pc/.local/lib/python3.10/site-packages/airflow/example_dags/example_branch_operator.py for tasks to queue
[2023-03-07 08:53:44,470] {logging_mixin.py:115} INFO - [2023-03-07 08:53:44,469] {dagbag.py:507} INFO - Filling up the DagBag from /home/veri-pc/.local/lib/python3.10/site-packages/airflow/example_dags/example_branch_operator.py
[2023-03-07 08:53:44,489] {processor.py:651} INFO - DAG(s) dict_keys(['example_branch_operator']) retrieved from /home/veri-pc/.local/lib/python3.10/site-packages/airflow/example_dags/example_branch_operator.py
[2023-03-07 08:53:44,504] {logging_mixin.py:115} INFO - [2023-03-07 08:53:44,504] {dag.py:2379} INFO - Sync 1 DAGs
[2023-03-07 08:53:44,515] {logging_mixin.py:115} INFO - [2023-03-07 08:53:44,515] {dag.py:2927} INFO - Setting next_dagrun for example_branch_operator to 2023-03-06T00:00:00+00:00, run_after=2023-03-07T00:00:00+00:00
[2023-03-07 08:53:44,523] {processor.py:161} INFO - Processing /home/veri-pc/.local/lib/python3.10/site-packages/airflow/example_dags/example_branch_operator.py took 0.062 seconds
[2023-03-07 08:54:52,965] {processor.py:153} INFO - Started process (PID=10851) to work on /home/veri-pc/.local/lib/python3.10/site-packages/airflow/example_dags/example_branch_operator.py
[2023-03-07 08:54:52,966] {processor.py:641} INFO - Processing file /home/veri-pc/.local/lib/python3.10/site-packages/airflow/example_dags/example_branch_operator.py for tasks to queue
[2023-03-07 08:54:52,966] {logging_mixin.py:115} INFO - [2023-03-07 08:54:52,966] {dagbag.py:507} INFO - Filling up the DagBag from /home/veri-pc/.local/lib/python3.10/site-packages/airflow/example_dags/example_branch_operator.py
[2023-03-07 08:54:52,973] {processor.py:651} INFO - DAG(s) dict_keys(['example_branch_operator']) retrieved from /home/veri-pc/.local/lib/python3.10/site-packages/airflow/example_dags/example_branch_operator.py
[2023-03-07 08:54:52,983] {logging_mixin.py:115} INFO - [2023-03-07 08:54:52,983] {dag.py:2379} INFO - Sync 1 DAGs
[2023-03-07 08:54:52,995] {logging_mixin.py:115} INFO - [2023-03-07 08:54:52,995] {dag.py:2927} INFO - Setting next_dagrun for example_branch_operator to 2023-03-06T00:00:00+00:00, run_after=2023-03-07T00:00:00+00:00
[2023-03-07 08:54:53,004] {processor.py:161} INFO - Processing /home/veri-pc/.local/lib/python3.10/site-packages/airflow/example_dags/example_branch_operator.py took 0.042 seconds
[2023-03-07 08:55:24,301] {processor.py:153} INFO - Started process (PID=10930) to work on /home/veri-pc/.local/lib/python3.10/site-packages/airflow/example_dags/example_branch_operator.py
[2023-03-07 08:55:24,302] {processor.py:641} INFO - Processing file /home/veri-pc/.local/lib/python3.10/site-packages/airflow/example_dags/example_branch_operator.py for tasks to queue
[2023-03-07 08:55:24,304] {logging_mixin.py:115} INFO - [2023-03-07 08:55:24,303] {dagbag.py:507} INFO - Filling up the DagBag from /home/veri-pc/.local/lib/python3.10/site-packages/airflow/example_dags/example_branch_operator.py
[2023-03-07 08:55:24,321] {processor.py:651} INFO - DAG(s) dict_keys(['example_branch_operator']) retrieved from /home/veri-pc/.local/lib/python3.10/site-packages/airflow/example_dags/example_branch_operator.py
[2023-03-07 08:55:24,334] {logging_mixin.py:115} INFO - [2023-03-07 08:55:24,334] {dag.py:2379} INFO - Sync 1 DAGs
[2023-03-07 08:55:24,347] {logging_mixin.py:115} INFO - [2023-03-07 08:55:24,347] {dag.py:2927} INFO - Setting next_dagrun for example_branch_operator to 2023-03-06T00:00:00+00:00, run_after=2023-03-07T00:00:00+00:00
[2023-03-07 08:55:24,354] {processor.py:161} INFO - Processing /home/veri-pc/.local/lib/python3.10/site-packages/airflow/example_dags/example_branch_operator.py took 0.060 seconds
[2023-03-07 08:55:58,468] {processor.py:153} INFO - Started process (PID=10997) to work on /home/veri-pc/.local/lib/python3.10/site-packages/airflow/example_dags/example_branch_operator.py
[2023-03-07 08:55:58,469] {processor.py:641} INFO - Processing file /home/veri-pc/.local/lib/python3.10/site-packages/airflow/example_dags/example_branch_operator.py for tasks to queue
[2023-03-07 08:55:58,470] {logging_mixin.py:115} INFO - [2023-03-07 08:55:58,470] {dagbag.py:507} INFO - Filling up the DagBag from /home/veri-pc/.local/lib/python3.10/site-packages/airflow/example_dags/example_branch_operator.py
[2023-03-07 08:55:58,489] {processor.py:651} INFO - DAG(s) dict_keys(['example_branch_operator']) retrieved from /home/veri-pc/.local/lib/python3.10/site-packages/airflow/example_dags/example_branch_operator.py
[2023-03-07 08:55:58,504] {logging_mixin.py:115} INFO - [2023-03-07 08:55:58,504] {dag.py:2379} INFO - Sync 1 DAGs
[2023-03-07 08:55:58,516] {logging_mixin.py:115} INFO - [2023-03-07 08:55:58,516] {dag.py:2927} INFO - Setting next_dagrun for example_branch_operator to 2023-03-06T00:00:00+00:00, run_after=2023-03-07T00:00:00+00:00
[2023-03-07 08:55:58,525] {processor.py:161} INFO - Processing /home/veri-pc/.local/lib/python3.10/site-packages/airflow/example_dags/example_branch_operator.py took 0.063 seconds
[2023-03-07 09:02:12,599] {processor.py:153} INFO - Started process (PID=11912) to work on /home/veri-pc/.local/lib/python3.10/site-packages/airflow/example_dags/example_branch_operator.py
[2023-03-07 09:02:12,601] {processor.py:641} INFO - Processing file /home/veri-pc/.local/lib/python3.10/site-packages/airflow/example_dags/example_branch_operator.py for tasks to queue
[2023-03-07 09:02:12,601] {logging_mixin.py:115} INFO - [2023-03-07 09:02:12,601] {dagbag.py:507} INFO - Filling up the DagBag from /home/veri-pc/.local/lib/python3.10/site-packages/airflow/example_dags/example_branch_operator.py
[2023-03-07 09:02:12,611] {processor.py:651} INFO - DAG(s) dict_keys(['example_branch_operator']) retrieved from /home/veri-pc/.local/lib/python3.10/site-packages/airflow/example_dags/example_branch_operator.py
[2023-03-07 09:02:12,626] {logging_mixin.py:115} INFO - [2023-03-07 09:02:12,625] {dag.py:2379} INFO - Sync 1 DAGs
[2023-03-07 09:02:12,646] {logging_mixin.py:115} INFO - [2023-03-07 09:02:12,646] {dag.py:2927} INFO - Setting next_dagrun for example_branch_operator to 2023-03-06T00:00:00+00:00, run_after=2023-03-07T00:00:00+00:00
[2023-03-07 09:02:12,694] {processor.py:161} INFO - Processing /home/veri-pc/.local/lib/python3.10/site-packages/airflow/example_dags/example_branch_operator.py took 0.099 seconds
[2023-03-07 09:02:44,018] {processor.py:153} INFO - Started process (PID=11997) to work on /home/veri-pc/.local/lib/python3.10/site-packages/airflow/example_dags/example_branch_operator.py
[2023-03-07 09:02:44,023] {processor.py:641} INFO - Processing file /home/veri-pc/.local/lib/python3.10/site-packages/airflow/example_dags/example_branch_operator.py for tasks to queue
[2023-03-07 09:02:44,023] {logging_mixin.py:115} INFO - [2023-03-07 09:02:44,023] {dagbag.py:507} INFO - Filling up the DagBag from /home/veri-pc/.local/lib/python3.10/site-packages/airflow/example_dags/example_branch_operator.py
[2023-03-07 09:02:44,030] {processor.py:651} INFO - DAG(s) dict_keys(['example_branch_operator']) retrieved from /home/veri-pc/.local/lib/python3.10/site-packages/airflow/example_dags/example_branch_operator.py
[2023-03-07 09:02:44,041] {logging_mixin.py:115} INFO - [2023-03-07 09:02:44,041] {dag.py:2379} INFO - Sync 1 DAGs
[2023-03-07 09:02:44,053] {logging_mixin.py:115} INFO - [2023-03-07 09:02:44,053] {dag.py:2927} INFO - Setting next_dagrun for example_branch_operator to 2023-03-06T00:00:00+00:00, run_after=2023-03-07T00:00:00+00:00
[2023-03-07 09:02:44,062] {processor.py:161} INFO - Processing /home/veri-pc/.local/lib/python3.10/site-packages/airflow/example_dags/example_branch_operator.py took 0.047 seconds
[2023-03-07 09:03:18,235] {processor.py:153} INFO - Started process (PID=12133) to work on /home/veri-pc/.local/lib/python3.10/site-packages/airflow/example_dags/example_branch_operator.py
[2023-03-07 09:03:18,236] {processor.py:641} INFO - Processing file /home/veri-pc/.local/lib/python3.10/site-packages/airflow/example_dags/example_branch_operator.py for tasks to queue
[2023-03-07 09:03:18,237] {logging_mixin.py:115} INFO - [2023-03-07 09:03:18,237] {dagbag.py:507} INFO - Filling up the DagBag from /home/veri-pc/.local/lib/python3.10/site-packages/airflow/example_dags/example_branch_operator.py
[2023-03-07 09:03:18,250] {processor.py:651} INFO - DAG(s) dict_keys(['example_branch_operator']) retrieved from /home/veri-pc/.local/lib/python3.10/site-packages/airflow/example_dags/example_branch_operator.py
[2023-03-07 09:03:18,265] {logging_mixin.py:115} INFO - [2023-03-07 09:03:18,265] {dag.py:2379} INFO - Sync 1 DAGs
[2023-03-07 09:03:18,279] {logging_mixin.py:115} INFO - [2023-03-07 09:03:18,279] {dag.py:2927} INFO - Setting next_dagrun for example_branch_operator to 2023-03-06T00:00:00+00:00, run_after=2023-03-07T00:00:00+00:00
[2023-03-07 09:03:18,286] {processor.py:161} INFO - Processing /home/veri-pc/.local/lib/python3.10/site-packages/airflow/example_dags/example_branch_operator.py took 0.054 seconds
[2023-03-07 09:03:50,201] {processor.py:153} INFO - Started process (PID=12240) to work on /home/veri-pc/.local/lib/python3.10/site-packages/airflow/example_dags/example_branch_operator.py
[2023-03-07 09:03:50,202] {processor.py:641} INFO - Processing file /home/veri-pc/.local/lib/python3.10/site-packages/airflow/example_dags/example_branch_operator.py for tasks to queue
[2023-03-07 09:03:50,204] {logging_mixin.py:115} INFO - [2023-03-07 09:03:50,203] {dagbag.py:507} INFO - Filling up the DagBag from /home/veri-pc/.local/lib/python3.10/site-packages/airflow/example_dags/example_branch_operator.py
[2023-03-07 09:03:50,218] {processor.py:651} INFO - DAG(s) dict_keys(['example_branch_operator']) retrieved from /home/veri-pc/.local/lib/python3.10/site-packages/airflow/example_dags/example_branch_operator.py
[2023-03-07 09:03:50,238] {logging_mixin.py:115} INFO - [2023-03-07 09:03:50,238] {dag.py:2379} INFO - Sync 1 DAGs
[2023-03-07 09:03:50,257] {logging_mixin.py:115} INFO - [2023-03-07 09:03:50,257] {dag.py:2927} INFO - Setting next_dagrun for example_branch_operator to 2023-03-06T00:00:00+00:00, run_after=2023-03-07T00:00:00+00:00
[2023-03-07 09:03:50,265] {processor.py:161} INFO - Processing /home/veri-pc/.local/lib/python3.10/site-packages/airflow/example_dags/example_branch_operator.py took 0.071 seconds
[2023-03-07 09:04:24,592] {processor.py:153} INFO - Started process (PID=12331) to work on /home/veri-pc/.local/lib/python3.10/site-packages/airflow/example_dags/example_branch_operator.py
[2023-03-07 09:04:24,593] {processor.py:641} INFO - Processing file /home/veri-pc/.local/lib/python3.10/site-packages/airflow/example_dags/example_branch_operator.py for tasks to queue
[2023-03-07 09:04:24,593] {logging_mixin.py:115} INFO - [2023-03-07 09:04:24,593] {dagbag.py:507} INFO - Filling up the DagBag from /home/veri-pc/.local/lib/python3.10/site-packages/airflow/example_dags/example_branch_operator.py
[2023-03-07 09:04:24,603] {processor.py:651} INFO - DAG(s) dict_keys(['example_branch_operator']) retrieved from /home/veri-pc/.local/lib/python3.10/site-packages/airflow/example_dags/example_branch_operator.py
[2023-03-07 09:04:24,615] {logging_mixin.py:115} INFO - [2023-03-07 09:04:24,615] {dag.py:2379} INFO - Sync 1 DAGs
[2023-03-07 09:04:24,627] {logging_mixin.py:115} INFO - [2023-03-07 09:04:24,627] {dag.py:2927} INFO - Setting next_dagrun for example_branch_operator to 2023-03-06T00:00:00+00:00, run_after=2023-03-07T00:00:00+00:00
[2023-03-07 09:04:24,637] {processor.py:161} INFO - Processing /home/veri-pc/.local/lib/python3.10/site-packages/airflow/example_dags/example_branch_operator.py took 0.048 seconds
[2023-03-07 09:05:01,508] {processor.py:153} INFO - Started process (PID=12424) to work on /home/veri-pc/.local/lib/python3.10/site-packages/airflow/example_dags/example_branch_operator.py
[2023-03-07 09:05:01,508] {processor.py:641} INFO - Processing file /home/veri-pc/.local/lib/python3.10/site-packages/airflow/example_dags/example_branch_operator.py for tasks to queue
[2023-03-07 09:05:01,509] {logging_mixin.py:115} INFO - [2023-03-07 09:05:01,508] {dagbag.py:507} INFO - Filling up the DagBag from /home/veri-pc/.local/lib/python3.10/site-packages/airflow/example_dags/example_branch_operator.py
[2023-03-07 09:05:01,519] {processor.py:651} INFO - DAG(s) dict_keys(['example_branch_operator']) retrieved from /home/veri-pc/.local/lib/python3.10/site-packages/airflow/example_dags/example_branch_operator.py
[2023-03-07 09:05:01,530] {logging_mixin.py:115} INFO - [2023-03-07 09:05:01,530] {dag.py:2379} INFO - Sync 1 DAGs
[2023-03-07 09:05:01,545] {logging_mixin.py:115} INFO - [2023-03-07 09:05:01,545] {dag.py:2927} INFO - Setting next_dagrun for example_branch_operator to 2023-03-06T00:00:00+00:00, run_after=2023-03-07T00:00:00+00:00
[2023-03-07 09:05:01,556] {processor.py:161} INFO - Processing /home/veri-pc/.local/lib/python3.10/site-packages/airflow/example_dags/example_branch_operator.py took 0.050 seconds
[2023-03-07 09:05:32,898] {processor.py:153} INFO - Started process (PID=12488) to work on /home/veri-pc/.local/lib/python3.10/site-packages/airflow/example_dags/example_branch_operator.py
[2023-03-07 09:05:32,899] {processor.py:641} INFO - Processing file /home/veri-pc/.local/lib/python3.10/site-packages/airflow/example_dags/example_branch_operator.py for tasks to queue
[2023-03-07 09:05:32,899] {logging_mixin.py:115} INFO - [2023-03-07 09:05:32,899] {dagbag.py:507} INFO - Filling up the DagBag from /home/veri-pc/.local/lib/python3.10/site-packages/airflow/example_dags/example_branch_operator.py
[2023-03-07 09:05:32,908] {processor.py:651} INFO - DAG(s) dict_keys(['example_branch_operator']) retrieved from /home/veri-pc/.local/lib/python3.10/site-packages/airflow/example_dags/example_branch_operator.py
[2023-03-07 09:05:32,920] {logging_mixin.py:115} INFO - [2023-03-07 09:05:32,920] {dag.py:2379} INFO - Sync 1 DAGs
[2023-03-07 09:05:32,933] {logging_mixin.py:115} INFO - [2023-03-07 09:05:32,932] {dag.py:2927} INFO - Setting next_dagrun for example_branch_operator to 2023-03-06T00:00:00+00:00, run_after=2023-03-07T00:00:00+00:00
[2023-03-07 09:05:32,943] {processor.py:161} INFO - Processing /home/veri-pc/.local/lib/python3.10/site-packages/airflow/example_dags/example_branch_operator.py took 0.048 seconds
[2023-03-07 09:06:10,406] {processor.py:153} INFO - Started process (PID=12571) to work on /home/veri-pc/.local/lib/python3.10/site-packages/airflow/example_dags/example_branch_operator.py
[2023-03-07 09:06:10,407] {processor.py:641} INFO - Processing file /home/veri-pc/.local/lib/python3.10/site-packages/airflow/example_dags/example_branch_operator.py for tasks to queue
[2023-03-07 09:06:10,407] {logging_mixin.py:115} INFO - [2023-03-07 09:06:10,407] {dagbag.py:507} INFO - Filling up the DagBag from /home/veri-pc/.local/lib/python3.10/site-packages/airflow/example_dags/example_branch_operator.py
[2023-03-07 09:06:10,413] {processor.py:651} INFO - DAG(s) dict_keys(['example_branch_operator']) retrieved from /home/veri-pc/.local/lib/python3.10/site-packages/airflow/example_dags/example_branch_operator.py
[2023-03-07 09:06:10,421] {logging_mixin.py:115} INFO - [2023-03-07 09:06:10,421] {dag.py:2379} INFO - Sync 1 DAGs
[2023-03-07 09:06:10,432] {logging_mixin.py:115} INFO - [2023-03-07 09:06:10,432] {dag.py:2927} INFO - Setting next_dagrun for example_branch_operator to 2023-03-06T00:00:00+00:00, run_after=2023-03-07T00:00:00+00:00
[2023-03-07 09:06:10,439] {processor.py:161} INFO - Processing /home/veri-pc/.local/lib/python3.10/site-packages/airflow/example_dags/example_branch_operator.py took 0.034 seconds
[2023-03-07 09:06:42,335] {processor.py:153} INFO - Started process (PID=12629) to work on /home/veri-pc/.local/lib/python3.10/site-packages/airflow/example_dags/example_branch_operator.py
[2023-03-07 09:06:42,336] {processor.py:641} INFO - Processing file /home/veri-pc/.local/lib/python3.10/site-packages/airflow/example_dags/example_branch_operator.py for tasks to queue
[2023-03-07 09:06:42,338] {logging_mixin.py:115} INFO - [2023-03-07 09:06:42,337] {dagbag.py:507} INFO - Filling up the DagBag from /home/veri-pc/.local/lib/python3.10/site-packages/airflow/example_dags/example_branch_operator.py
[2023-03-07 09:06:42,359] {processor.py:651} INFO - DAG(s) dict_keys(['example_branch_operator']) retrieved from /home/veri-pc/.local/lib/python3.10/site-packages/airflow/example_dags/example_branch_operator.py
[2023-03-07 09:06:42,375] {logging_mixin.py:115} INFO - [2023-03-07 09:06:42,375] {dag.py:2379} INFO - Sync 1 DAGs
[2023-03-07 09:06:42,388] {logging_mixin.py:115} INFO - [2023-03-07 09:06:42,388] {dag.py:2927} INFO - Setting next_dagrun for example_branch_operator to 2023-03-06T00:00:00+00:00, run_after=2023-03-07T00:00:00+00:00
[2023-03-07 09:06:42,396] {processor.py:161} INFO - Processing /home/veri-pc/.local/lib/python3.10/site-packages/airflow/example_dags/example_branch_operator.py took 0.069 seconds
[2023-03-07 09:07:16,014] {processor.py:153} INFO - Started process (PID=12711) to work on /home/veri-pc/.local/lib/python3.10/site-packages/airflow/example_dags/example_branch_operator.py
[2023-03-07 09:07:16,015] {processor.py:641} INFO - Processing file /home/veri-pc/.local/lib/python3.10/site-packages/airflow/example_dags/example_branch_operator.py for tasks to queue
[2023-03-07 09:07:16,017] {logging_mixin.py:115} INFO - [2023-03-07 09:07:16,016] {dagbag.py:507} INFO - Filling up the DagBag from /home/veri-pc/.local/lib/python3.10/site-packages/airflow/example_dags/example_branch_operator.py
[2023-03-07 09:07:16,035] {processor.py:651} INFO - DAG(s) dict_keys(['example_branch_operator']) retrieved from /home/veri-pc/.local/lib/python3.10/site-packages/airflow/example_dags/example_branch_operator.py
[2023-03-07 09:07:16,049] {logging_mixin.py:115} INFO - [2023-03-07 09:07:16,049] {dag.py:2379} INFO - Sync 1 DAGs
[2023-03-07 09:07:16,062] {logging_mixin.py:115} INFO - [2023-03-07 09:07:16,062] {dag.py:2927} INFO - Setting next_dagrun for example_branch_operator to 2023-03-06T00:00:00+00:00, run_after=2023-03-07T00:00:00+00:00
[2023-03-07 09:07:16,071] {processor.py:161} INFO - Processing /home/veri-pc/.local/lib/python3.10/site-packages/airflow/example_dags/example_branch_operator.py took 0.063 seconds
[2023-03-07 09:07:48,284] {processor.py:153} INFO - Started process (PID=12831) to work on /home/veri-pc/.local/lib/python3.10/site-packages/airflow/example_dags/example_branch_operator.py
[2023-03-07 09:07:48,285] {processor.py:641} INFO - Processing file /home/veri-pc/.local/lib/python3.10/site-packages/airflow/example_dags/example_branch_operator.py for tasks to queue
[2023-03-07 09:07:48,286] {logging_mixin.py:115} INFO - [2023-03-07 09:07:48,286] {dagbag.py:507} INFO - Filling up the DagBag from /home/veri-pc/.local/lib/python3.10/site-packages/airflow/example_dags/example_branch_operator.py
[2023-03-07 09:07:48,306] {processor.py:651} INFO - DAG(s) dict_keys(['example_branch_operator']) retrieved from /home/veri-pc/.local/lib/python3.10/site-packages/airflow/example_dags/example_branch_operator.py
[2023-03-07 09:07:48,320] {logging_mixin.py:115} INFO - [2023-03-07 09:07:48,320] {dag.py:2379} INFO - Sync 1 DAGs
[2023-03-07 09:07:48,333] {logging_mixin.py:115} INFO - [2023-03-07 09:07:48,333] {dag.py:2927} INFO - Setting next_dagrun for example_branch_operator to 2023-03-06T00:00:00+00:00, run_after=2023-03-07T00:00:00+00:00
[2023-03-07 09:07:48,340] {processor.py:161} INFO - Processing /home/veri-pc/.local/lib/python3.10/site-packages/airflow/example_dags/example_branch_operator.py took 0.063 seconds
[2023-03-07 09:08:19,940] {processor.py:153} INFO - Started process (PID=12904) to work on /home/veri-pc/.local/lib/python3.10/site-packages/airflow/example_dags/example_branch_operator.py
[2023-03-07 09:08:19,941] {processor.py:641} INFO - Processing file /home/veri-pc/.local/lib/python3.10/site-packages/airflow/example_dags/example_branch_operator.py for tasks to queue
[2023-03-07 09:08:19,943] {logging_mixin.py:115} INFO - [2023-03-07 09:08:19,942] {dagbag.py:507} INFO - Filling up the DagBag from /home/veri-pc/.local/lib/python3.10/site-packages/airflow/example_dags/example_branch_operator.py
[2023-03-07 09:08:19,964] {processor.py:651} INFO - DAG(s) dict_keys(['example_branch_operator']) retrieved from /home/veri-pc/.local/lib/python3.10/site-packages/airflow/example_dags/example_branch_operator.py
[2023-03-07 09:08:19,979] {logging_mixin.py:115} INFO - [2023-03-07 09:08:19,979] {dag.py:2379} INFO - Sync 1 DAGs
[2023-03-07 09:08:19,992] {logging_mixin.py:115} INFO - [2023-03-07 09:08:19,992] {dag.py:2927} INFO - Setting next_dagrun for example_branch_operator to 2023-03-06T00:00:00+00:00, run_after=2023-03-07T00:00:00+00:00
[2023-03-07 09:08:20,001] {processor.py:161} INFO - Processing /home/veri-pc/.local/lib/python3.10/site-packages/airflow/example_dags/example_branch_operator.py took 0.067 seconds
[2023-03-07 09:08:51,907] {processor.py:153} INFO - Started process (PID=12977) to work on /home/veri-pc/.local/lib/python3.10/site-packages/airflow/example_dags/example_branch_operator.py
[2023-03-07 09:08:51,907] {processor.py:641} INFO - Processing file /home/veri-pc/.local/lib/python3.10/site-packages/airflow/example_dags/example_branch_operator.py for tasks to queue
[2023-03-07 09:08:51,907] {logging_mixin.py:115} INFO - [2023-03-07 09:08:51,907] {dagbag.py:507} INFO - Filling up the DagBag from /home/veri-pc/.local/lib/python3.10/site-packages/airflow/example_dags/example_branch_operator.py
[2023-03-07 09:08:51,920] {processor.py:651} INFO - DAG(s) dict_keys(['example_branch_operator']) retrieved from /home/veri-pc/.local/lib/python3.10/site-packages/airflow/example_dags/example_branch_operator.py
[2023-03-07 09:08:51,935] {logging_mixin.py:115} INFO - [2023-03-07 09:08:51,935] {dag.py:2379} INFO - Sync 1 DAGs
[2023-03-07 09:08:51,954] {logging_mixin.py:115} INFO - [2023-03-07 09:08:51,954] {dag.py:2927} INFO - Setting next_dagrun for example_branch_operator to 2023-03-06T00:00:00+00:00, run_after=2023-03-07T00:00:00+00:00
[2023-03-07 09:08:51,967] {processor.py:161} INFO - Processing /home/veri-pc/.local/lib/python3.10/site-packages/airflow/example_dags/example_branch_operator.py took 0.062 seconds
[2023-03-07 09:09:27,872] {processor.py:153} INFO - Started process (PID=13067) to work on /home/veri-pc/.local/lib/python3.10/site-packages/airflow/example_dags/example_branch_operator.py
[2023-03-07 09:09:27,873] {processor.py:641} INFO - Processing file /home/veri-pc/.local/lib/python3.10/site-packages/airflow/example_dags/example_branch_operator.py for tasks to queue
[2023-03-07 09:09:27,873] {logging_mixin.py:115} INFO - [2023-03-07 09:09:27,873] {dagbag.py:507} INFO - Filling up the DagBag from /home/veri-pc/.local/lib/python3.10/site-packages/airflow/example_dags/example_branch_operator.py
[2023-03-07 09:09:27,880] {processor.py:651} INFO - DAG(s) dict_keys(['example_branch_operator']) retrieved from /home/veri-pc/.local/lib/python3.10/site-packages/airflow/example_dags/example_branch_operator.py
[2023-03-07 09:09:27,892] {logging_mixin.py:115} INFO - [2023-03-07 09:09:27,892] {dag.py:2379} INFO - Sync 1 DAGs
[2023-03-07 09:09:27,907] {logging_mixin.py:115} INFO - [2023-03-07 09:09:27,907] {dag.py:2927} INFO - Setting next_dagrun for example_branch_operator to 2023-03-06T00:00:00+00:00, run_after=2023-03-07T00:00:00+00:00
[2023-03-07 09:09:27,916] {processor.py:161} INFO - Processing /home/veri-pc/.local/lib/python3.10/site-packages/airflow/example_dags/example_branch_operator.py took 0.046 seconds
