[2023-03-07 12:07:59,938] {processor.py:153} INFO - Started process (PID=40506) to work on /home/veri-pc/.local/lib/python3.10/site-packages/airflow/example_dags/example_python_operator.py
[2023-03-07 12:07:59,938] {processor.py:641} INFO - Processing file /home/veri-pc/.local/lib/python3.10/site-packages/airflow/example_dags/example_python_operator.py for tasks to queue
[2023-03-07 12:07:59,939] {logging_mixin.py:115} INFO - [2023-03-07 12:07:59,939] {dagbag.py:507} INFO - Filling up the DagBag from /home/veri-pc/.local/lib/python3.10/site-packages/airflow/example_dags/example_python_operator.py
[2023-03-07 12:07:59,966] {processor.py:651} INFO - DAG(s) dict_keys(['example_python_operator']) retrieved from /home/veri-pc/.local/lib/python3.10/site-packages/airflow/example_dags/example_python_operator.py
[2023-03-07 12:08:00,056] {logging_mixin.py:115} INFO - [2023-03-07 12:08:00,056] {manager.py:508} INFO - Created Permission View: can read on DAG:example_python_operator
[2023-03-07 12:08:00,068] {logging_mixin.py:115} INFO - [2023-03-07 12:08:00,068] {manager.py:508} INFO - Created Permission View: can edit on DAG:example_python_operator
[2023-03-07 12:08:00,085] {logging_mixin.py:115} INFO - [2023-03-07 12:08:00,085] {manager.py:508} INFO - Created Permission View: can delete on DAG:example_python_operator
[2023-03-07 12:08:00,085] {logging_mixin.py:115} INFO - [2023-03-07 12:08:00,085] {dag.py:2379} INFO - Sync 1 DAGs
[2023-03-07 12:08:00,092] {logging_mixin.py:115} INFO - [2023-03-07 12:08:00,092] {dag.py:2398} INFO - Creating ORM DAG for example_python_operator
[2023-03-07 12:08:00,104] {logging_mixin.py:115} INFO - [2023-03-07 12:08:00,104] {dag.py:2927} INFO - Setting next_dagrun for example_python_operator to None, run_after=None
[2023-03-07 12:08:00,119] {processor.py:161} INFO - Processing /home/veri-pc/.local/lib/python3.10/site-packages/airflow/example_dags/example_python_operator.py took 0.185 seconds
[2023-03-07 12:08:37,477] {processor.py:153} INFO - Started process (PID=40765) to work on /home/veri-pc/.local/lib/python3.10/site-packages/airflow/example_dags/example_python_operator.py
[2023-03-07 12:08:37,477] {processor.py:641} INFO - Processing file /home/veri-pc/.local/lib/python3.10/site-packages/airflow/example_dags/example_python_operator.py for tasks to queue
[2023-03-07 12:08:37,478] {logging_mixin.py:115} INFO - [2023-03-07 12:08:37,478] {dagbag.py:507} INFO - Filling up the DagBag from /home/veri-pc/.local/lib/python3.10/site-packages/airflow/example_dags/example_python_operator.py
[2023-03-07 12:08:37,495] {processor.py:651} INFO - DAG(s) dict_keys(['example_python_operator']) retrieved from /home/veri-pc/.local/lib/python3.10/site-packages/airflow/example_dags/example_python_operator.py
[2023-03-07 12:08:37,509] {logging_mixin.py:115} INFO - [2023-03-07 12:08:37,508] {dag.py:2379} INFO - Sync 1 DAGs
[2023-03-07 12:08:37,524] {logging_mixin.py:115} INFO - [2023-03-07 12:08:37,523] {dag.py:2927} INFO - Setting next_dagrun for example_python_operator to None, run_after=None
[2023-03-07 12:08:37,535] {processor.py:161} INFO - Processing /home/veri-pc/.local/lib/python3.10/site-packages/airflow/example_dags/example_python_operator.py took 0.060 seconds
[2023-03-07 12:09:10,825] {processor.py:153} INFO - Started process (PID=40851) to work on /home/veri-pc/.local/lib/python3.10/site-packages/airflow/example_dags/example_python_operator.py
[2023-03-07 12:09:10,827] {processor.py:641} INFO - Processing file /home/veri-pc/.local/lib/python3.10/site-packages/airflow/example_dags/example_python_operator.py for tasks to queue
[2023-03-07 12:09:10,828] {logging_mixin.py:115} INFO - [2023-03-07 12:09:10,828] {dagbag.py:507} INFO - Filling up the DagBag from /home/veri-pc/.local/lib/python3.10/site-packages/airflow/example_dags/example_python_operator.py
[2023-03-07 12:09:10,860] {processor.py:651} INFO - DAG(s) dict_keys(['example_python_operator']) retrieved from /home/veri-pc/.local/lib/python3.10/site-packages/airflow/example_dags/example_python_operator.py
[2023-03-07 12:09:10,870] {logging_mixin.py:115} INFO - [2023-03-07 12:09:10,870] {dag.py:2379} INFO - Sync 1 DAGs
[2023-03-07 12:09:10,880] {logging_mixin.py:115} INFO - [2023-03-07 12:09:10,880] {dag.py:2927} INFO - Setting next_dagrun for example_python_operator to None, run_after=None
[2023-03-07 12:09:10,887] {processor.py:161} INFO - Processing /home/veri-pc/.local/lib/python3.10/site-packages/airflow/example_dags/example_python_operator.py took 0.068 seconds
[2023-03-07 12:09:44,195] {processor.py:153} INFO - Started process (PID=40943) to work on /home/veri-pc/.local/lib/python3.10/site-packages/airflow/example_dags/example_python_operator.py
[2023-03-07 12:09:44,196] {processor.py:641} INFO - Processing file /home/veri-pc/.local/lib/python3.10/site-packages/airflow/example_dags/example_python_operator.py for tasks to queue
[2023-03-07 12:09:44,198] {logging_mixin.py:115} INFO - [2023-03-07 12:09:44,197] {dagbag.py:507} INFO - Filling up the DagBag from /home/veri-pc/.local/lib/python3.10/site-packages/airflow/example_dags/example_python_operator.py
[2023-03-07 12:09:44,226] {processor.py:651} INFO - DAG(s) dict_keys(['example_python_operator']) retrieved from /home/veri-pc/.local/lib/python3.10/site-packages/airflow/example_dags/example_python_operator.py
[2023-03-07 12:09:44,234] {logging_mixin.py:115} INFO - [2023-03-07 12:09:44,234] {dag.py:2379} INFO - Sync 1 DAGs
[2023-03-07 12:09:44,244] {logging_mixin.py:115} INFO - [2023-03-07 12:09:44,244] {dag.py:2927} INFO - Setting next_dagrun for example_python_operator to None, run_after=None
[2023-03-07 12:09:44,251] {processor.py:161} INFO - Processing /home/veri-pc/.local/lib/python3.10/site-packages/airflow/example_dags/example_python_operator.py took 0.063 seconds
[2023-03-07 12:10:17,910] {processor.py:153} INFO - Started process (PID=41017) to work on /home/veri-pc/.local/lib/python3.10/site-packages/airflow/example_dags/example_python_operator.py
[2023-03-07 12:10:17,911] {processor.py:641} INFO - Processing file /home/veri-pc/.local/lib/python3.10/site-packages/airflow/example_dags/example_python_operator.py for tasks to queue
[2023-03-07 12:10:17,912] {logging_mixin.py:115} INFO - [2023-03-07 12:10:17,912] {dagbag.py:507} INFO - Filling up the DagBag from /home/veri-pc/.local/lib/python3.10/site-packages/airflow/example_dags/example_python_operator.py
[2023-03-07 12:10:17,928] {processor.py:651} INFO - DAG(s) dict_keys(['example_python_operator']) retrieved from /home/veri-pc/.local/lib/python3.10/site-packages/airflow/example_dags/example_python_operator.py
[2023-03-07 12:10:17,937] {logging_mixin.py:115} INFO - [2023-03-07 12:10:17,937] {dag.py:2379} INFO - Sync 1 DAGs
[2023-03-07 12:10:17,947] {logging_mixin.py:115} INFO - [2023-03-07 12:10:17,947] {dag.py:2927} INFO - Setting next_dagrun for example_python_operator to None, run_after=None
[2023-03-07 12:10:17,955] {processor.py:161} INFO - Processing /home/veri-pc/.local/lib/python3.10/site-packages/airflow/example_dags/example_python_operator.py took 0.047 seconds
[2023-03-07 12:10:50,965] {processor.py:153} INFO - Started process (PID=41107) to work on /home/veri-pc/.local/lib/python3.10/site-packages/airflow/example_dags/example_python_operator.py
[2023-03-07 12:10:50,966] {processor.py:641} INFO - Processing file /home/veri-pc/.local/lib/python3.10/site-packages/airflow/example_dags/example_python_operator.py for tasks to queue
[2023-03-07 12:10:50,967] {logging_mixin.py:115} INFO - [2023-03-07 12:10:50,967] {dagbag.py:507} INFO - Filling up the DagBag from /home/veri-pc/.local/lib/python3.10/site-packages/airflow/example_dags/example_python_operator.py
[2023-03-07 12:10:51,001] {processor.py:651} INFO - DAG(s) dict_keys(['example_python_operator']) retrieved from /home/veri-pc/.local/lib/python3.10/site-packages/airflow/example_dags/example_python_operator.py
[2023-03-07 12:10:51,012] {logging_mixin.py:115} INFO - [2023-03-07 12:10:51,012] {dag.py:2379} INFO - Sync 1 DAGs
[2023-03-07 12:10:51,023] {logging_mixin.py:115} INFO - [2023-03-07 12:10:51,023] {dag.py:2927} INFO - Setting next_dagrun for example_python_operator to None, run_after=None
[2023-03-07 12:10:51,035] {processor.py:161} INFO - Processing /home/veri-pc/.local/lib/python3.10/site-packages/airflow/example_dags/example_python_operator.py took 0.077 seconds
[2023-03-07 12:11:24,650] {processor.py:153} INFO - Started process (PID=41213) to work on /home/veri-pc/.local/lib/python3.10/site-packages/airflow/example_dags/example_python_operator.py
[2023-03-07 12:11:24,651] {processor.py:641} INFO - Processing file /home/veri-pc/.local/lib/python3.10/site-packages/airflow/example_dags/example_python_operator.py for tasks to queue
[2023-03-07 12:11:24,652] {logging_mixin.py:115} INFO - [2023-03-07 12:11:24,651] {dagbag.py:507} INFO - Filling up the DagBag from /home/veri-pc/.local/lib/python3.10/site-packages/airflow/example_dags/example_python_operator.py
[2023-03-07 12:11:24,677] {processor.py:651} INFO - DAG(s) dict_keys(['example_python_operator']) retrieved from /home/veri-pc/.local/lib/python3.10/site-packages/airflow/example_dags/example_python_operator.py
[2023-03-07 12:11:24,689] {logging_mixin.py:115} INFO - [2023-03-07 12:11:24,689] {dag.py:2379} INFO - Sync 1 DAGs
[2023-03-07 12:11:24,700] {logging_mixin.py:115} INFO - [2023-03-07 12:11:24,700] {dag.py:2927} INFO - Setting next_dagrun for example_python_operator to None, run_after=None
[2023-03-07 12:11:24,709] {processor.py:161} INFO - Processing /home/veri-pc/.local/lib/python3.10/site-packages/airflow/example_dags/example_python_operator.py took 0.062 seconds
[2023-03-07 12:11:38,761] {processor.py:153} INFO - Started process (PID=41329) to work on /home/veri-pc/.local/lib/python3.10/site-packages/airflow/example_dags/example_python_operator.py
[2023-03-07 12:11:38,762] {processor.py:641} INFO - Processing file /home/veri-pc/.local/lib/python3.10/site-packages/airflow/example_dags/example_python_operator.py for tasks to queue
[2023-03-07 12:11:38,763] {logging_mixin.py:115} INFO - [2023-03-07 12:11:38,762] {dagbag.py:507} INFO - Filling up the DagBag from /home/veri-pc/.local/lib/python3.10/site-packages/airflow/example_dags/example_python_operator.py
[2023-03-07 12:11:38,776] {processor.py:651} INFO - DAG(s) dict_keys(['example_python_operator']) retrieved from /home/veri-pc/.local/lib/python3.10/site-packages/airflow/example_dags/example_python_operator.py
[2023-03-07 12:11:38,788] {logging_mixin.py:115} INFO - [2023-03-07 12:11:38,788] {dag.py:2379} INFO - Sync 1 DAGs
[2023-03-07 12:11:38,803] {logging_mixin.py:115} INFO - [2023-03-07 12:11:38,802] {dag.py:2927} INFO - Setting next_dagrun for example_python_operator to None, run_after=None
[2023-03-07 12:11:38,814] {processor.py:161} INFO - Processing /home/veri-pc/.local/lib/python3.10/site-packages/airflow/example_dags/example_python_operator.py took 0.054 seconds
[2023-03-07 12:12:11,475] {processor.py:153} INFO - Started process (PID=41419) to work on /home/veri-pc/.local/lib/python3.10/site-packages/airflow/example_dags/example_python_operator.py
[2023-03-07 12:12:11,476] {processor.py:641} INFO - Processing file /home/veri-pc/.local/lib/python3.10/site-packages/airflow/example_dags/example_python_operator.py for tasks to queue
[2023-03-07 12:12:11,477] {logging_mixin.py:115} INFO - [2023-03-07 12:12:11,477] {dagbag.py:507} INFO - Filling up the DagBag from /home/veri-pc/.local/lib/python3.10/site-packages/airflow/example_dags/example_python_operator.py
[2023-03-07 12:12:11,508] {processor.py:651} INFO - DAG(s) dict_keys(['example_python_operator']) retrieved from /home/veri-pc/.local/lib/python3.10/site-packages/airflow/example_dags/example_python_operator.py
[2023-03-07 12:12:11,520] {logging_mixin.py:115} INFO - [2023-03-07 12:12:11,520] {dag.py:2379} INFO - Sync 1 DAGs
[2023-03-07 12:12:11,530] {logging_mixin.py:115} INFO - [2023-03-07 12:12:11,530] {dag.py:2927} INFO - Setting next_dagrun for example_python_operator to None, run_after=None
[2023-03-07 12:12:11,539] {processor.py:161} INFO - Processing /home/veri-pc/.local/lib/python3.10/site-packages/airflow/example_dags/example_python_operator.py took 0.070 seconds
[2023-03-07 12:12:47,156] {processor.py:153} INFO - Started process (PID=41519) to work on /home/veri-pc/.local/lib/python3.10/site-packages/airflow/example_dags/example_python_operator.py
[2023-03-07 12:12:47,157] {processor.py:641} INFO - Processing file /home/veri-pc/.local/lib/python3.10/site-packages/airflow/example_dags/example_python_operator.py for tasks to queue
[2023-03-07 12:12:47,158] {logging_mixin.py:115} INFO - [2023-03-07 12:12:47,158] {dagbag.py:507} INFO - Filling up the DagBag from /home/veri-pc/.local/lib/python3.10/site-packages/airflow/example_dags/example_python_operator.py
[2023-03-07 12:12:47,191] {processor.py:651} INFO - DAG(s) dict_keys(['example_python_operator']) retrieved from /home/veri-pc/.local/lib/python3.10/site-packages/airflow/example_dags/example_python_operator.py
[2023-03-07 12:12:47,203] {logging_mixin.py:115} INFO - [2023-03-07 12:12:47,203] {dag.py:2379} INFO - Sync 1 DAGs
[2023-03-07 12:12:47,214] {logging_mixin.py:115} INFO - [2023-03-07 12:12:47,213] {dag.py:2927} INFO - Setting next_dagrun for example_python_operator to None, run_after=None
[2023-03-07 12:12:47,275] {processor.py:161} INFO - Processing /home/veri-pc/.local/lib/python3.10/site-packages/airflow/example_dags/example_python_operator.py took 0.125 seconds
[2023-03-07 12:13:23,402] {processor.py:153} INFO - Started process (PID=41623) to work on /home/veri-pc/.local/lib/python3.10/site-packages/airflow/example_dags/example_python_operator.py
[2023-03-07 12:13:23,403] {processor.py:641} INFO - Processing file /home/veri-pc/.local/lib/python3.10/site-packages/airflow/example_dags/example_python_operator.py for tasks to queue
[2023-03-07 12:13:23,404] {logging_mixin.py:115} INFO - [2023-03-07 12:13:23,404] {dagbag.py:507} INFO - Filling up the DagBag from /home/veri-pc/.local/lib/python3.10/site-packages/airflow/example_dags/example_python_operator.py
[2023-03-07 12:13:23,428] {processor.py:651} INFO - DAG(s) dict_keys(['example_python_operator']) retrieved from /home/veri-pc/.local/lib/python3.10/site-packages/airflow/example_dags/example_python_operator.py
[2023-03-07 12:13:23,441] {logging_mixin.py:115} INFO - [2023-03-07 12:13:23,441] {dag.py:2379} INFO - Sync 1 DAGs
[2023-03-07 12:13:23,454] {logging_mixin.py:115} INFO - [2023-03-07 12:13:23,453] {dag.py:2927} INFO - Setting next_dagrun for example_python_operator to None, run_after=None
[2023-03-07 12:13:23,463] {processor.py:161} INFO - Processing /home/veri-pc/.local/lib/python3.10/site-packages/airflow/example_dags/example_python_operator.py took 0.065 seconds
