[2023-03-07 12:08:32,398] {processor.py:153} INFO - Started process (PID=40754) to work on /home/veri-pc/.local/lib/python3.10/site-packages/airflow/example_dags/example_bash_operator.py
[2023-03-07 12:08:32,398] {processor.py:641} INFO - Processing file /home/veri-pc/.local/lib/python3.10/site-packages/airflow/example_dags/example_bash_operator.py for tasks to queue
[2023-03-07 12:08:32,399] {logging_mixin.py:115} INFO - [2023-03-07 12:08:32,398] {dagbag.py:507} INFO - Filling up the DagBag from /home/veri-pc/.local/lib/python3.10/site-packages/airflow/example_dags/example_bash_operator.py
[2023-03-07 12:08:32,408] {processor.py:651} INFO - DAG(s) dict_keys(['example_bash_operator']) retrieved from /home/veri-pc/.local/lib/python3.10/site-packages/airflow/example_dags/example_bash_operator.py
[2023-03-07 12:08:32,487] {logging_mixin.py:115} INFO - [2023-03-07 12:08:32,487] {manager.py:508} INFO - Created Permission View: can read on DAG:example_bash_operator
[2023-03-07 12:08:32,509] {logging_mixin.py:115} INFO - [2023-03-07 12:08:32,509] {manager.py:508} INFO - Created Permission View: can edit on DAG:example_bash_operator
[2023-03-07 12:08:32,521] {logging_mixin.py:115} INFO - [2023-03-07 12:08:32,521] {manager.py:508} INFO - Created Permission View: can delete on DAG:example_bash_operator
[2023-03-07 12:08:32,521] {logging_mixin.py:115} INFO - [2023-03-07 12:08:32,521] {dag.py:2379} INFO - Sync 1 DAGs
[2023-03-07 12:08:32,531] {logging_mixin.py:115} INFO - [2023-03-07 12:08:32,531] {dag.py:2398} INFO - Creating ORM DAG for example_bash_operator
[2023-03-07 12:08:32,553] {logging_mixin.py:115} INFO - [2023-03-07 12:08:32,553] {dag.py:2927} INFO - Setting next_dagrun for example_bash_operator to 2023-03-06T00:00:00+00:00, run_after=2023-03-07T00:00:00+00:00
[2023-03-07 12:08:32,572] {processor.py:161} INFO - Processing /home/veri-pc/.local/lib/python3.10/site-packages/airflow/example_dags/example_bash_operator.py took 0.177 seconds
[2023-03-07 12:09:05,929] {processor.py:153} INFO - Started process (PID=40845) to work on /home/veri-pc/.local/lib/python3.10/site-packages/airflow/example_dags/example_bash_operator.py
[2023-03-07 12:09:05,930] {processor.py:641} INFO - Processing file /home/veri-pc/.local/lib/python3.10/site-packages/airflow/example_dags/example_bash_operator.py for tasks to queue
[2023-03-07 12:09:05,931] {logging_mixin.py:115} INFO - [2023-03-07 12:09:05,931] {dagbag.py:507} INFO - Filling up the DagBag from /home/veri-pc/.local/lib/python3.10/site-packages/airflow/example_dags/example_bash_operator.py
[2023-03-07 12:09:05,956] {processor.py:651} INFO - DAG(s) dict_keys(['example_bash_operator']) retrieved from /home/veri-pc/.local/lib/python3.10/site-packages/airflow/example_dags/example_bash_operator.py
[2023-03-07 12:09:05,972] {logging_mixin.py:115} INFO - [2023-03-07 12:09:05,972] {dag.py:2379} INFO - Sync 1 DAGs
[2023-03-07 12:09:05,990] {logging_mixin.py:115} INFO - [2023-03-07 12:09:05,989] {dag.py:2927} INFO - Setting next_dagrun for example_bash_operator to 2023-03-06T00:00:00+00:00, run_after=2023-03-07T00:00:00+00:00
[2023-03-07 12:09:05,999] {processor.py:161} INFO - Processing /home/veri-pc/.local/lib/python3.10/site-packages/airflow/example_dags/example_bash_operator.py took 0.078 seconds
[2023-03-07 12:09:39,025] {processor.py:153} INFO - Started process (PID=40932) to work on /home/veri-pc/.local/lib/python3.10/site-packages/airflow/example_dags/example_bash_operator.py
[2023-03-07 12:09:39,026] {processor.py:641} INFO - Processing file /home/veri-pc/.local/lib/python3.10/site-packages/airflow/example_dags/example_bash_operator.py for tasks to queue
[2023-03-07 12:09:39,028] {logging_mixin.py:115} INFO - [2023-03-07 12:09:39,027] {dagbag.py:507} INFO - Filling up the DagBag from /home/veri-pc/.local/lib/python3.10/site-packages/airflow/example_dags/example_bash_operator.py
[2023-03-07 12:09:39,047] {processor.py:651} INFO - DAG(s) dict_keys(['example_bash_operator']) retrieved from /home/veri-pc/.local/lib/python3.10/site-packages/airflow/example_dags/example_bash_operator.py
[2023-03-07 12:09:39,059] {logging_mixin.py:115} INFO - [2023-03-07 12:09:39,059] {dag.py:2379} INFO - Sync 1 DAGs
[2023-03-07 12:09:39,070] {logging_mixin.py:115} INFO - [2023-03-07 12:09:39,070] {dag.py:2927} INFO - Setting next_dagrun for example_bash_operator to 2023-03-06T00:00:00+00:00, run_after=2023-03-07T00:00:00+00:00
[2023-03-07 12:09:39,078] {processor.py:161} INFO - Processing /home/veri-pc/.local/lib/python3.10/site-packages/airflow/example_dags/example_bash_operator.py took 0.059 seconds
[2023-03-07 12:10:15,021] {processor.py:153} INFO - Started process (PID=41011) to work on /home/veri-pc/.local/lib/python3.10/site-packages/airflow/example_dags/example_bash_operator.py
[2023-03-07 12:10:15,022] {processor.py:641} INFO - Processing file /home/veri-pc/.local/lib/python3.10/site-packages/airflow/example_dags/example_bash_operator.py for tasks to queue
[2023-03-07 12:10:15,022] {logging_mixin.py:115} INFO - [2023-03-07 12:10:15,022] {dagbag.py:507} INFO - Filling up the DagBag from /home/veri-pc/.local/lib/python3.10/site-packages/airflow/example_dags/example_bash_operator.py
[2023-03-07 12:10:15,029] {processor.py:651} INFO - DAG(s) dict_keys(['example_bash_operator']) retrieved from /home/veri-pc/.local/lib/python3.10/site-packages/airflow/example_dags/example_bash_operator.py
[2023-03-07 12:10:15,038] {logging_mixin.py:115} INFO - [2023-03-07 12:10:15,038] {dag.py:2379} INFO - Sync 1 DAGs
[2023-03-07 12:10:15,048] {logging_mixin.py:115} INFO - [2023-03-07 12:10:15,048] {dag.py:2927} INFO - Setting next_dagrun for example_bash_operator to 2023-03-06T00:00:00+00:00, run_after=2023-03-07T00:00:00+00:00
[2023-03-07 12:10:15,056] {processor.py:161} INFO - Processing /home/veri-pc/.local/lib/python3.10/site-packages/airflow/example_dags/example_bash_operator.py took 0.037 seconds
[2023-03-07 12:10:47,569] {processor.py:153} INFO - Started process (PID=41096) to work on /home/veri-pc/.local/lib/python3.10/site-packages/airflow/example_dags/example_bash_operator.py
[2023-03-07 12:10:47,571] {processor.py:641} INFO - Processing file /home/veri-pc/.local/lib/python3.10/site-packages/airflow/example_dags/example_bash_operator.py for tasks to queue
[2023-03-07 12:10:47,572] {logging_mixin.py:115} INFO - [2023-03-07 12:10:47,572] {dagbag.py:507} INFO - Filling up the DagBag from /home/veri-pc/.local/lib/python3.10/site-packages/airflow/example_dags/example_bash_operator.py
[2023-03-07 12:10:47,594] {processor.py:651} INFO - DAG(s) dict_keys(['example_bash_operator']) retrieved from /home/veri-pc/.local/lib/python3.10/site-packages/airflow/example_dags/example_bash_operator.py
[2023-03-07 12:10:47,606] {logging_mixin.py:115} INFO - [2023-03-07 12:10:47,606] {dag.py:2379} INFO - Sync 1 DAGs
[2023-03-07 12:10:47,618] {logging_mixin.py:115} INFO - [2023-03-07 12:10:47,618] {dag.py:2927} INFO - Setting next_dagrun for example_bash_operator to 2023-03-06T00:00:00+00:00, run_after=2023-03-07T00:00:00+00:00
[2023-03-07 12:10:47,626] {processor.py:161} INFO - Processing /home/veri-pc/.local/lib/python3.10/site-packages/airflow/example_dags/example_bash_operator.py took 0.064 seconds
[2023-03-07 12:11:22,542] {processor.py:153} INFO - Started process (PID=41199) to work on /home/veri-pc/.local/lib/python3.10/site-packages/airflow/example_dags/example_bash_operator.py
[2023-03-07 12:11:22,543] {processor.py:641} INFO - Processing file /home/veri-pc/.local/lib/python3.10/site-packages/airflow/example_dags/example_bash_operator.py for tasks to queue
[2023-03-07 12:11:22,544] {logging_mixin.py:115} INFO - [2023-03-07 12:11:22,544] {dagbag.py:507} INFO - Filling up the DagBag from /home/veri-pc/.local/lib/python3.10/site-packages/airflow/example_dags/example_bash_operator.py
[2023-03-07 12:11:22,560] {processor.py:651} INFO - DAG(s) dict_keys(['example_bash_operator']) retrieved from /home/veri-pc/.local/lib/python3.10/site-packages/airflow/example_dags/example_bash_operator.py
[2023-03-07 12:11:22,571] {logging_mixin.py:115} INFO - [2023-03-07 12:11:22,571] {dag.py:2379} INFO - Sync 1 DAGs
[2023-03-07 12:11:22,583] {logging_mixin.py:115} INFO - [2023-03-07 12:11:22,582] {dag.py:2927} INFO - Setting next_dagrun for example_bash_operator to 2023-03-06T00:00:00+00:00, run_after=2023-03-07T00:00:00+00:00
[2023-03-07 12:11:22,590] {processor.py:161} INFO - Processing /home/veri-pc/.local/lib/python3.10/site-packages/airflow/example_dags/example_bash_operator.py took 0.054 seconds
[2023-03-07 12:12:07,733] {processor.py:153} INFO - Started process (PID=41404) to work on /home/veri-pc/.local/lib/python3.10/site-packages/airflow/example_dags/example_bash_operator.py
[2023-03-07 12:12:07,734] {processor.py:641} INFO - Processing file /home/veri-pc/.local/lib/python3.10/site-packages/airflow/example_dags/example_bash_operator.py for tasks to queue
[2023-03-07 12:12:07,734] {logging_mixin.py:115} INFO - [2023-03-07 12:12:07,734] {dagbag.py:507} INFO - Filling up the DagBag from /home/veri-pc/.local/lib/python3.10/site-packages/airflow/example_dags/example_bash_operator.py
[2023-03-07 12:12:07,743] {processor.py:651} INFO - DAG(s) dict_keys(['example_bash_operator']) retrieved from /home/veri-pc/.local/lib/python3.10/site-packages/airflow/example_dags/example_bash_operator.py
[2023-03-07 12:12:07,753] {logging_mixin.py:115} INFO - [2023-03-07 12:12:07,753] {dag.py:2379} INFO - Sync 1 DAGs
[2023-03-07 12:12:07,764] {logging_mixin.py:115} INFO - [2023-03-07 12:12:07,764] {dag.py:2927} INFO - Setting next_dagrun for example_bash_operator to 2023-03-06T00:00:00+00:00, run_after=2023-03-07T00:00:00+00:00
[2023-03-07 12:12:07,773] {processor.py:161} INFO - Processing /home/veri-pc/.local/lib/python3.10/site-packages/airflow/example_dags/example_bash_operator.py took 0.042 seconds
[2023-03-07 12:12:42,969] {processor.py:153} INFO - Started process (PID=41512) to work on /home/veri-pc/.local/lib/python3.10/site-packages/airflow/example_dags/example_bash_operator.py
[2023-03-07 12:12:42,982] {processor.py:641} INFO - Processing file /home/veri-pc/.local/lib/python3.10/site-packages/airflow/example_dags/example_bash_operator.py for tasks to queue
[2023-03-07 12:12:42,983] {logging_mixin.py:115} INFO - [2023-03-07 12:12:42,983] {dagbag.py:507} INFO - Filling up the DagBag from /home/veri-pc/.local/lib/python3.10/site-packages/airflow/example_dags/example_bash_operator.py
[2023-03-07 12:12:42,992] {processor.py:651} INFO - DAG(s) dict_keys(['example_bash_operator']) retrieved from /home/veri-pc/.local/lib/python3.10/site-packages/airflow/example_dags/example_bash_operator.py
[2023-03-07 12:12:43,004] {logging_mixin.py:115} INFO - [2023-03-07 12:12:43,004] {dag.py:2379} INFO - Sync 1 DAGs
[2023-03-07 12:12:43,018] {logging_mixin.py:115} INFO - [2023-03-07 12:12:43,018] {dag.py:2927} INFO - Setting next_dagrun for example_bash_operator to 2023-03-06T00:00:00+00:00, run_after=2023-03-07T00:00:00+00:00
[2023-03-07 12:12:43,069] {processor.py:161} INFO - Processing /home/veri-pc/.local/lib/python3.10/site-packages/airflow/example_dags/example_bash_operator.py took 0.102 seconds
[2023-03-07 12:13:21,566] {processor.py:153} INFO - Started process (PID=41606) to work on /home/veri-pc/.local/lib/python3.10/site-packages/airflow/example_dags/example_bash_operator.py
[2023-03-07 12:13:21,567] {processor.py:641} INFO - Processing file /home/veri-pc/.local/lib/python3.10/site-packages/airflow/example_dags/example_bash_operator.py for tasks to queue
[2023-03-07 12:13:21,568] {logging_mixin.py:115} INFO - [2023-03-07 12:13:21,568] {dagbag.py:507} INFO - Filling up the DagBag from /home/veri-pc/.local/lib/python3.10/site-packages/airflow/example_dags/example_bash_operator.py
[2023-03-07 12:13:21,585] {processor.py:651} INFO - DAG(s) dict_keys(['example_bash_operator']) retrieved from /home/veri-pc/.local/lib/python3.10/site-packages/airflow/example_dags/example_bash_operator.py
[2023-03-07 12:13:21,615] {logging_mixin.py:115} INFO - [2023-03-07 12:13:21,615] {dag.py:2379} INFO - Sync 1 DAGs
[2023-03-07 12:13:21,640] {logging_mixin.py:115} INFO - [2023-03-07 12:13:21,640] {dag.py:2927} INFO - Setting next_dagrun for example_bash_operator to 2023-03-06T00:00:00+00:00, run_after=2023-03-07T00:00:00+00:00
[2023-03-07 12:13:21,657] {processor.py:161} INFO - Processing /home/veri-pc/.local/lib/python3.10/site-packages/airflow/example_dags/example_bash_operator.py took 0.095 seconds
