[2023-03-07 08:40:43,279] {processor.py:153} INFO - Started process (PID=7996) to work on /home/veri-pc/.local/lib/python3.10/site-packages/airflow/example_dags/example_time_delta_sensor_async.py
[2023-03-07 08:40:43,281] {processor.py:641} INFO - Processing file /home/veri-pc/.local/lib/python3.10/site-packages/airflow/example_dags/example_time_delta_sensor_async.py for tasks to queue
[2023-03-07 08:40:43,282] {logging_mixin.py:115} INFO - [2023-03-07 08:40:43,282] {dagbag.py:507} INFO - Filling up the DagBag from /home/veri-pc/.local/lib/python3.10/site-packages/airflow/example_dags/example_time_delta_sensor_async.py
[2023-03-07 08:40:43,297] {processor.py:651} INFO - DAG(s) dict_keys(['example_time_delta_sensor_async']) retrieved from /home/veri-pc/.local/lib/python3.10/site-packages/airflow/example_dags/example_time_delta_sensor_async.py
[2023-03-07 08:40:43,348] {logging_mixin.py:115} INFO - [2023-03-07 08:40:43,348] {manager.py:508} INFO - Created Permission View: can delete on DAG:example_time_delta_sensor_async
[2023-03-07 08:40:43,355] {logging_mixin.py:115} INFO - [2023-03-07 08:40:43,355] {manager.py:508} INFO - Created Permission View: can read on DAG:example_time_delta_sensor_async
[2023-03-07 08:40:43,361] {logging_mixin.py:115} INFO - [2023-03-07 08:40:43,360] {manager.py:508} INFO - Created Permission View: can edit on DAG:example_time_delta_sensor_async
[2023-03-07 08:40:43,361] {logging_mixin.py:115} INFO - [2023-03-07 08:40:43,361] {dag.py:2379} INFO - Sync 1 DAGs
[2023-03-07 08:40:43,365] {logging_mixin.py:115} INFO - [2023-03-07 08:40:43,365] {dag.py:2398} INFO - Creating ORM DAG for example_time_delta_sensor_async
[2023-03-07 08:40:43,370] {logging_mixin.py:115} INFO - [2023-03-07 08:40:43,370] {dag.py:2927} INFO - Setting next_dagrun for example_time_delta_sensor_async to None, run_after=None
[2023-03-07 08:40:43,379] {processor.py:161} INFO - Processing /home/veri-pc/.local/lib/python3.10/site-packages/airflow/example_dags/example_time_delta_sensor_async.py took 0.107 seconds
[2023-03-07 08:41:15,997] {processor.py:153} INFO - Started process (PID=8222) to work on /home/veri-pc/.local/lib/python3.10/site-packages/airflow/example_dags/example_time_delta_sensor_async.py
[2023-03-07 08:41:15,998] {processor.py:641} INFO - Processing file /home/veri-pc/.local/lib/python3.10/site-packages/airflow/example_dags/example_time_delta_sensor_async.py for tasks to queue
[2023-03-07 08:41:15,999] {logging_mixin.py:115} INFO - [2023-03-07 08:41:15,999] {dagbag.py:507} INFO - Filling up the DagBag from /home/veri-pc/.local/lib/python3.10/site-packages/airflow/example_dags/example_time_delta_sensor_async.py
[2023-03-07 08:41:16,009] {processor.py:651} INFO - DAG(s) dict_keys(['example_time_delta_sensor_async']) retrieved from /home/veri-pc/.local/lib/python3.10/site-packages/airflow/example_dags/example_time_delta_sensor_async.py
[2023-03-07 08:41:16,037] {logging_mixin.py:115} INFO - [2023-03-07 08:41:16,036] {dag.py:2379} INFO - Sync 1 DAGs
[2023-03-07 08:41:16,048] {logging_mixin.py:115} INFO - [2023-03-07 08:41:16,048] {dag.py:2927} INFO - Setting next_dagrun for example_time_delta_sensor_async to None, run_after=None
[2023-03-07 08:41:16,055] {processor.py:161} INFO - Processing /home/veri-pc/.local/lib/python3.10/site-packages/airflow/example_dags/example_time_delta_sensor_async.py took 0.061 seconds
[2023-03-07 08:41:50,262] {processor.py:153} INFO - Started process (PID=8283) to work on /home/veri-pc/.local/lib/python3.10/site-packages/airflow/example_dags/example_time_delta_sensor_async.py
[2023-03-07 08:41:50,263] {processor.py:641} INFO - Processing file /home/veri-pc/.local/lib/python3.10/site-packages/airflow/example_dags/example_time_delta_sensor_async.py for tasks to queue
[2023-03-07 08:41:50,264] {logging_mixin.py:115} INFO - [2023-03-07 08:41:50,264] {dagbag.py:507} INFO - Filling up the DagBag from /home/veri-pc/.local/lib/python3.10/site-packages/airflow/example_dags/example_time_delta_sensor_async.py
[2023-03-07 08:41:50,275] {processor.py:651} INFO - DAG(s) dict_keys(['example_time_delta_sensor_async']) retrieved from /home/veri-pc/.local/lib/python3.10/site-packages/airflow/example_dags/example_time_delta_sensor_async.py
[2023-03-07 08:41:50,295] {logging_mixin.py:115} INFO - [2023-03-07 08:41:50,295] {dag.py:2379} INFO - Sync 1 DAGs
[2023-03-07 08:41:50,305] {logging_mixin.py:115} INFO - [2023-03-07 08:41:50,305] {dag.py:2927} INFO - Setting next_dagrun for example_time_delta_sensor_async to None, run_after=None
[2023-03-07 08:41:50,312] {processor.py:161} INFO - Processing /home/veri-pc/.local/lib/python3.10/site-packages/airflow/example_dags/example_time_delta_sensor_async.py took 0.057 seconds
[2023-03-07 08:42:22,743] {processor.py:153} INFO - Started process (PID=8353) to work on /home/veri-pc/.local/lib/python3.10/site-packages/airflow/example_dags/example_time_delta_sensor_async.py
[2023-03-07 08:42:22,745] {processor.py:641} INFO - Processing file /home/veri-pc/.local/lib/python3.10/site-packages/airflow/example_dags/example_time_delta_sensor_async.py for tasks to queue
[2023-03-07 08:42:22,747] {logging_mixin.py:115} INFO - [2023-03-07 08:42:22,746] {dagbag.py:507} INFO - Filling up the DagBag from /home/veri-pc/.local/lib/python3.10/site-packages/airflow/example_dags/example_time_delta_sensor_async.py
[2023-03-07 08:42:22,764] {processor.py:651} INFO - DAG(s) dict_keys(['example_time_delta_sensor_async']) retrieved from /home/veri-pc/.local/lib/python3.10/site-packages/airflow/example_dags/example_time_delta_sensor_async.py
[2023-03-07 08:42:22,785] {logging_mixin.py:115} INFO - [2023-03-07 08:42:22,785] {dag.py:2379} INFO - Sync 1 DAGs
[2023-03-07 08:42:22,796] {logging_mixin.py:115} INFO - [2023-03-07 08:42:22,796] {dag.py:2927} INFO - Setting next_dagrun for example_time_delta_sensor_async to None, run_after=None
[2023-03-07 08:42:22,803] {processor.py:161} INFO - Processing /home/veri-pc/.local/lib/python3.10/site-packages/airflow/example_dags/example_time_delta_sensor_async.py took 0.066 seconds
[2023-03-07 08:42:54,753] {processor.py:153} INFO - Started process (PID=8421) to work on /home/veri-pc/.local/lib/python3.10/site-packages/airflow/example_dags/example_time_delta_sensor_async.py
[2023-03-07 08:42:54,754] {processor.py:641} INFO - Processing file /home/veri-pc/.local/lib/python3.10/site-packages/airflow/example_dags/example_time_delta_sensor_async.py for tasks to queue
[2023-03-07 08:42:54,754] {logging_mixin.py:115} INFO - [2023-03-07 08:42:54,754] {dagbag.py:507} INFO - Filling up the DagBag from /home/veri-pc/.local/lib/python3.10/site-packages/airflow/example_dags/example_time_delta_sensor_async.py
[2023-03-07 08:42:54,761] {processor.py:651} INFO - DAG(s) dict_keys(['example_time_delta_sensor_async']) retrieved from /home/veri-pc/.local/lib/python3.10/site-packages/airflow/example_dags/example_time_delta_sensor_async.py
[2023-03-07 08:42:54,782] {logging_mixin.py:115} INFO - [2023-03-07 08:42:54,782] {dag.py:2379} INFO - Sync 1 DAGs
[2023-03-07 08:42:54,793] {logging_mixin.py:115} INFO - [2023-03-07 08:42:54,793] {dag.py:2927} INFO - Setting next_dagrun for example_time_delta_sensor_async to None, run_after=None
[2023-03-07 08:42:54,800] {processor.py:161} INFO - Processing /home/veri-pc/.local/lib/python3.10/site-packages/airflow/example_dags/example_time_delta_sensor_async.py took 0.050 seconds
[2023-03-07 08:43:29,621] {processor.py:153} INFO - Started process (PID=8507) to work on /home/veri-pc/.local/lib/python3.10/site-packages/airflow/example_dags/example_time_delta_sensor_async.py
[2023-03-07 08:43:29,622] {processor.py:641} INFO - Processing file /home/veri-pc/.local/lib/python3.10/site-packages/airflow/example_dags/example_time_delta_sensor_async.py for tasks to queue
[2023-03-07 08:43:29,622] {logging_mixin.py:115} INFO - [2023-03-07 08:43:29,622] {dagbag.py:507} INFO - Filling up the DagBag from /home/veri-pc/.local/lib/python3.10/site-packages/airflow/example_dags/example_time_delta_sensor_async.py
[2023-03-07 08:43:29,629] {processor.py:651} INFO - DAG(s) dict_keys(['example_time_delta_sensor_async']) retrieved from /home/veri-pc/.local/lib/python3.10/site-packages/airflow/example_dags/example_time_delta_sensor_async.py
[2023-03-07 08:43:29,651] {logging_mixin.py:115} INFO - [2023-03-07 08:43:29,651] {dag.py:2379} INFO - Sync 1 DAGs
[2023-03-07 08:43:29,662] {logging_mixin.py:115} INFO - [2023-03-07 08:43:29,662] {dag.py:2927} INFO - Setting next_dagrun for example_time_delta_sensor_async to None, run_after=None
[2023-03-07 08:43:29,669] {processor.py:161} INFO - Processing /home/veri-pc/.local/lib/python3.10/site-packages/airflow/example_dags/example_time_delta_sensor_async.py took 0.050 seconds
[2023-03-07 08:44:00,023] {processor.py:153} INFO - Started process (PID=8569) to work on /home/veri-pc/.local/lib/python3.10/site-packages/airflow/example_dags/example_time_delta_sensor_async.py
[2023-03-07 08:44:00,025] {processor.py:641} INFO - Processing file /home/veri-pc/.local/lib/python3.10/site-packages/airflow/example_dags/example_time_delta_sensor_async.py for tasks to queue
[2023-03-07 08:44:00,026] {logging_mixin.py:115} INFO - [2023-03-07 08:44:00,026] {dagbag.py:507} INFO - Filling up the DagBag from /home/veri-pc/.local/lib/python3.10/site-packages/airflow/example_dags/example_time_delta_sensor_async.py
[2023-03-07 08:44:00,037] {processor.py:651} INFO - DAG(s) dict_keys(['example_time_delta_sensor_async']) retrieved from /home/veri-pc/.local/lib/python3.10/site-packages/airflow/example_dags/example_time_delta_sensor_async.py
[2023-03-07 08:44:00,057] {logging_mixin.py:115} INFO - [2023-03-07 08:44:00,057] {dag.py:2379} INFO - Sync 1 DAGs
[2023-03-07 08:44:00,068] {logging_mixin.py:115} INFO - [2023-03-07 08:44:00,068] {dag.py:2927} INFO - Setting next_dagrun for example_time_delta_sensor_async to None, run_after=None
[2023-03-07 08:44:00,075] {processor.py:161} INFO - Processing /home/veri-pc/.local/lib/python3.10/site-packages/airflow/example_dags/example_time_delta_sensor_async.py took 0.059 seconds
[2023-03-07 08:44:33,597] {processor.py:153} INFO - Started process (PID=8647) to work on /home/veri-pc/.local/lib/python3.10/site-packages/airflow/example_dags/example_time_delta_sensor_async.py
[2023-03-07 08:44:33,598] {processor.py:641} INFO - Processing file /home/veri-pc/.local/lib/python3.10/site-packages/airflow/example_dags/example_time_delta_sensor_async.py for tasks to queue
[2023-03-07 08:44:33,600] {logging_mixin.py:115} INFO - [2023-03-07 08:44:33,600] {dagbag.py:507} INFO - Filling up the DagBag from /home/veri-pc/.local/lib/python3.10/site-packages/airflow/example_dags/example_time_delta_sensor_async.py
[2023-03-07 08:44:33,614] {processor.py:651} INFO - DAG(s) dict_keys(['example_time_delta_sensor_async']) retrieved from /home/veri-pc/.local/lib/python3.10/site-packages/airflow/example_dags/example_time_delta_sensor_async.py
[2023-03-07 08:44:33,635] {logging_mixin.py:115} INFO - [2023-03-07 08:44:33,635] {dag.py:2379} INFO - Sync 1 DAGs
[2023-03-07 08:44:33,646] {logging_mixin.py:115} INFO - [2023-03-07 08:44:33,646] {dag.py:2927} INFO - Setting next_dagrun for example_time_delta_sensor_async to None, run_after=None
[2023-03-07 08:44:33,654] {processor.py:161} INFO - Processing /home/veri-pc/.local/lib/python3.10/site-packages/airflow/example_dags/example_time_delta_sensor_async.py took 0.064 seconds
[2023-03-07 08:45:04,348] {processor.py:153} INFO - Started process (PID=8707) to work on /home/veri-pc/.local/lib/python3.10/site-packages/airflow/example_dags/example_time_delta_sensor_async.py
[2023-03-07 08:45:04,349] {processor.py:641} INFO - Processing file /home/veri-pc/.local/lib/python3.10/site-packages/airflow/example_dags/example_time_delta_sensor_async.py for tasks to queue
[2023-03-07 08:45:04,350] {logging_mixin.py:115} INFO - [2023-03-07 08:45:04,350] {dagbag.py:507} INFO - Filling up the DagBag from /home/veri-pc/.local/lib/python3.10/site-packages/airflow/example_dags/example_time_delta_sensor_async.py
[2023-03-07 08:45:04,367] {processor.py:651} INFO - DAG(s) dict_keys(['example_time_delta_sensor_async']) retrieved from /home/veri-pc/.local/lib/python3.10/site-packages/airflow/example_dags/example_time_delta_sensor_async.py
[2023-03-07 08:45:04,391] {logging_mixin.py:115} INFO - [2023-03-07 08:45:04,391] {dag.py:2379} INFO - Sync 1 DAGs
[2023-03-07 08:45:04,402] {logging_mixin.py:115} INFO - [2023-03-07 08:45:04,401] {dag.py:2927} INFO - Setting next_dagrun for example_time_delta_sensor_async to None, run_after=None
[2023-03-07 08:45:04,408] {processor.py:161} INFO - Processing /home/veri-pc/.local/lib/python3.10/site-packages/airflow/example_dags/example_time_delta_sensor_async.py took 0.067 seconds
[2023-03-07 08:45:35,930] {processor.py:153} INFO - Started process (PID=8772) to work on /home/veri-pc/.local/lib/python3.10/site-packages/airflow/example_dags/example_time_delta_sensor_async.py
[2023-03-07 08:45:35,931] {processor.py:641} INFO - Processing file /home/veri-pc/.local/lib/python3.10/site-packages/airflow/example_dags/example_time_delta_sensor_async.py for tasks to queue
[2023-03-07 08:45:35,931] {logging_mixin.py:115} INFO - [2023-03-07 08:45:35,931] {dagbag.py:507} INFO - Filling up the DagBag from /home/veri-pc/.local/lib/python3.10/site-packages/airflow/example_dags/example_time_delta_sensor_async.py
[2023-03-07 08:45:35,937] {processor.py:651} INFO - DAG(s) dict_keys(['example_time_delta_sensor_async']) retrieved from /home/veri-pc/.local/lib/python3.10/site-packages/airflow/example_dags/example_time_delta_sensor_async.py
[2023-03-07 08:45:35,962] {logging_mixin.py:115} INFO - [2023-03-07 08:45:35,962] {dag.py:2379} INFO - Sync 1 DAGs
[2023-03-07 08:45:35,973] {logging_mixin.py:115} INFO - [2023-03-07 08:45:35,972] {dag.py:2927} INFO - Setting next_dagrun for example_time_delta_sensor_async to None, run_after=None
[2023-03-07 08:45:35,980] {processor.py:161} INFO - Processing /home/veri-pc/.local/lib/python3.10/site-packages/airflow/example_dags/example_time_delta_sensor_async.py took 0.052 seconds
[2023-03-07 08:46:08,729] {processor.py:153} INFO - Started process (PID=8841) to work on /home/veri-pc/.local/lib/python3.10/site-packages/airflow/example_dags/example_time_delta_sensor_async.py
[2023-03-07 08:46:08,731] {processor.py:641} INFO - Processing file /home/veri-pc/.local/lib/python3.10/site-packages/airflow/example_dags/example_time_delta_sensor_async.py for tasks to queue
[2023-03-07 08:46:08,732] {logging_mixin.py:115} INFO - [2023-03-07 08:46:08,732] {dagbag.py:507} INFO - Filling up the DagBag from /home/veri-pc/.local/lib/python3.10/site-packages/airflow/example_dags/example_time_delta_sensor_async.py
[2023-03-07 08:46:08,743] {processor.py:651} INFO - DAG(s) dict_keys(['example_time_delta_sensor_async']) retrieved from /home/veri-pc/.local/lib/python3.10/site-packages/airflow/example_dags/example_time_delta_sensor_async.py
[2023-03-07 08:46:08,767] {logging_mixin.py:115} INFO - [2023-03-07 08:46:08,767] {dag.py:2379} INFO - Sync 1 DAGs
[2023-03-07 08:46:08,778] {logging_mixin.py:115} INFO - [2023-03-07 08:46:08,778] {dag.py:2927} INFO - Setting next_dagrun for example_time_delta_sensor_async to None, run_after=None
[2023-03-07 08:46:08,786] {processor.py:161} INFO - Processing /home/veri-pc/.local/lib/python3.10/site-packages/airflow/example_dags/example_time_delta_sensor_async.py took 0.063 seconds
[2023-03-07 08:46:40,924] {processor.py:153} INFO - Started process (PID=8929) to work on /home/veri-pc/.local/lib/python3.10/site-packages/airflow/example_dags/example_time_delta_sensor_async.py
[2023-03-07 08:46:40,924] {processor.py:641} INFO - Processing file /home/veri-pc/.local/lib/python3.10/site-packages/airflow/example_dags/example_time_delta_sensor_async.py for tasks to queue
[2023-03-07 08:46:40,924] {logging_mixin.py:115} INFO - [2023-03-07 08:46:40,924] {dagbag.py:507} INFO - Filling up the DagBag from /home/veri-pc/.local/lib/python3.10/site-packages/airflow/example_dags/example_time_delta_sensor_async.py
[2023-03-07 08:46:40,927] {processor.py:651} INFO - DAG(s) dict_keys(['example_time_delta_sensor_async']) retrieved from /home/veri-pc/.local/lib/python3.10/site-packages/airflow/example_dags/example_time_delta_sensor_async.py
[2023-03-07 08:46:40,941] {logging_mixin.py:115} INFO - [2023-03-07 08:46:40,941] {dag.py:2379} INFO - Sync 1 DAGs
[2023-03-07 08:46:40,952] {logging_mixin.py:115} INFO - [2023-03-07 08:46:40,952] {dag.py:2927} INFO - Setting next_dagrun for example_time_delta_sensor_async to None, run_after=None
[2023-03-07 08:46:40,961] {processor.py:161} INFO - Processing /home/veri-pc/.local/lib/python3.10/site-packages/airflow/example_dags/example_time_delta_sensor_async.py took 0.039 seconds
[2023-03-07 08:47:13,522] {processor.py:153} INFO - Started process (PID=9018) to work on /home/veri-pc/.local/lib/python3.10/site-packages/airflow/example_dags/example_time_delta_sensor_async.py
[2023-03-07 08:47:13,524] {processor.py:641} INFO - Processing file /home/veri-pc/.local/lib/python3.10/site-packages/airflow/example_dags/example_time_delta_sensor_async.py for tasks to queue
[2023-03-07 08:47:13,525] {logging_mixin.py:115} INFO - [2023-03-07 08:47:13,525] {dagbag.py:507} INFO - Filling up the DagBag from /home/veri-pc/.local/lib/python3.10/site-packages/airflow/example_dags/example_time_delta_sensor_async.py
[2023-03-07 08:47:13,536] {processor.py:651} INFO - DAG(s) dict_keys(['example_time_delta_sensor_async']) retrieved from /home/veri-pc/.local/lib/python3.10/site-packages/airflow/example_dags/example_time_delta_sensor_async.py
[2023-03-07 08:47:13,561] {logging_mixin.py:115} INFO - [2023-03-07 08:47:13,561] {dag.py:2379} INFO - Sync 1 DAGs
[2023-03-07 08:47:13,572] {logging_mixin.py:115} INFO - [2023-03-07 08:47:13,572] {dag.py:2927} INFO - Setting next_dagrun for example_time_delta_sensor_async to None, run_after=None
[2023-03-07 08:47:13,580] {processor.py:161} INFO - Processing /home/veri-pc/.local/lib/python3.10/site-packages/airflow/example_dags/example_time_delta_sensor_async.py took 0.064 seconds
[2023-03-07 08:47:45,435] {processor.py:153} INFO - Started process (PID=9114) to work on /home/veri-pc/.local/lib/python3.10/site-packages/airflow/example_dags/example_time_delta_sensor_async.py
[2023-03-07 08:47:45,436] {processor.py:641} INFO - Processing file /home/veri-pc/.local/lib/python3.10/site-packages/airflow/example_dags/example_time_delta_sensor_async.py for tasks to queue
[2023-03-07 08:47:45,437] {logging_mixin.py:115} INFO - [2023-03-07 08:47:45,437] {dagbag.py:507} INFO - Filling up the DagBag from /home/veri-pc/.local/lib/python3.10/site-packages/airflow/example_dags/example_time_delta_sensor_async.py
[2023-03-07 08:47:45,440] {processor.py:651} INFO - DAG(s) dict_keys(['example_time_delta_sensor_async']) retrieved from /home/veri-pc/.local/lib/python3.10/site-packages/airflow/example_dags/example_time_delta_sensor_async.py
[2023-03-07 08:47:45,457] {logging_mixin.py:115} INFO - [2023-03-07 08:47:45,457] {dag.py:2379} INFO - Sync 1 DAGs
[2023-03-07 08:47:45,473] {logging_mixin.py:115} INFO - [2023-03-07 08:47:45,473] {dag.py:2927} INFO - Setting next_dagrun for example_time_delta_sensor_async to None, run_after=None
[2023-03-07 08:47:45,484] {processor.py:161} INFO - Processing /home/veri-pc/.local/lib/python3.10/site-packages/airflow/example_dags/example_time_delta_sensor_async.py took 0.051 seconds
[2023-03-07 08:48:18,025] {processor.py:153} INFO - Started process (PID=9191) to work on /home/veri-pc/.local/lib/python3.10/site-packages/airflow/example_dags/example_time_delta_sensor_async.py
[2023-03-07 08:48:18,026] {processor.py:641} INFO - Processing file /home/veri-pc/.local/lib/python3.10/site-packages/airflow/example_dags/example_time_delta_sensor_async.py for tasks to queue
[2023-03-07 08:48:18,027] {logging_mixin.py:115} INFO - [2023-03-07 08:48:18,027] {dagbag.py:507} INFO - Filling up the DagBag from /home/veri-pc/.local/lib/python3.10/site-packages/airflow/example_dags/example_time_delta_sensor_async.py
[2023-03-07 08:48:18,041] {processor.py:651} INFO - DAG(s) dict_keys(['example_time_delta_sensor_async']) retrieved from /home/veri-pc/.local/lib/python3.10/site-packages/airflow/example_dags/example_time_delta_sensor_async.py
[2023-03-07 08:48:18,074] {logging_mixin.py:115} INFO - [2023-03-07 08:48:18,073] {dag.py:2379} INFO - Sync 1 DAGs
[2023-03-07 08:48:18,083] {logging_mixin.py:115} INFO - [2023-03-07 08:48:18,083] {dag.py:2927} INFO - Setting next_dagrun for example_time_delta_sensor_async to None, run_after=None
[2023-03-07 08:48:18,090] {processor.py:161} INFO - Processing /home/veri-pc/.local/lib/python3.10/site-packages/airflow/example_dags/example_time_delta_sensor_async.py took 0.072 seconds
[2023-03-07 08:48:51,105] {processor.py:153} INFO - Started process (PID=9265) to work on /home/veri-pc/.local/lib/python3.10/site-packages/airflow/example_dags/example_time_delta_sensor_async.py
[2023-03-07 08:48:51,106] {processor.py:641} INFO - Processing file /home/veri-pc/.local/lib/python3.10/site-packages/airflow/example_dags/example_time_delta_sensor_async.py for tasks to queue
[2023-03-07 08:48:51,107] {logging_mixin.py:115} INFO - [2023-03-07 08:48:51,107] {dagbag.py:507} INFO - Filling up the DagBag from /home/veri-pc/.local/lib/python3.10/site-packages/airflow/example_dags/example_time_delta_sensor_async.py
[2023-03-07 08:48:51,114] {processor.py:651} INFO - DAG(s) dict_keys(['example_time_delta_sensor_async']) retrieved from /home/veri-pc/.local/lib/python3.10/site-packages/airflow/example_dags/example_time_delta_sensor_async.py
[2023-03-07 08:48:51,137] {logging_mixin.py:115} INFO - [2023-03-07 08:48:51,137] {dag.py:2379} INFO - Sync 1 DAGs
[2023-03-07 08:48:51,148] {logging_mixin.py:115} INFO - [2023-03-07 08:48:51,148] {dag.py:2927} INFO - Setting next_dagrun for example_time_delta_sensor_async to None, run_after=None
[2023-03-07 08:48:51,157] {processor.py:161} INFO - Processing /home/veri-pc/.local/lib/python3.10/site-packages/airflow/example_dags/example_time_delta_sensor_async.py took 0.059 seconds
[2023-03-07 08:49:22,930] {processor.py:153} INFO - Started process (PID=9357) to work on /home/veri-pc/.local/lib/python3.10/site-packages/airflow/example_dags/example_time_delta_sensor_async.py
[2023-03-07 08:49:22,931] {processor.py:641} INFO - Processing file /home/veri-pc/.local/lib/python3.10/site-packages/airflow/example_dags/example_time_delta_sensor_async.py for tasks to queue
[2023-03-07 08:49:22,931] {logging_mixin.py:115} INFO - [2023-03-07 08:49:22,931] {dagbag.py:507} INFO - Filling up the DagBag from /home/veri-pc/.local/lib/python3.10/site-packages/airflow/example_dags/example_time_delta_sensor_async.py
[2023-03-07 08:49:22,933] {processor.py:651} INFO - DAG(s) dict_keys(['example_time_delta_sensor_async']) retrieved from /home/veri-pc/.local/lib/python3.10/site-packages/airflow/example_dags/example_time_delta_sensor_async.py
[2023-03-07 08:49:22,948] {logging_mixin.py:115} INFO - [2023-03-07 08:49:22,947] {dag.py:2379} INFO - Sync 1 DAGs
[2023-03-07 08:49:22,957] {logging_mixin.py:115} INFO - [2023-03-07 08:49:22,957] {dag.py:2927} INFO - Setting next_dagrun for example_time_delta_sensor_async to None, run_after=None
[2023-03-07 08:49:22,965] {processor.py:161} INFO - Processing /home/veri-pc/.local/lib/python3.10/site-packages/airflow/example_dags/example_time_delta_sensor_async.py took 0.036 seconds
[2023-03-07 08:49:55,601] {processor.py:153} INFO - Started process (PID=9457) to work on /home/veri-pc/.local/lib/python3.10/site-packages/airflow/example_dags/example_time_delta_sensor_async.py
[2023-03-07 08:49:55,602] {processor.py:641} INFO - Processing file /home/veri-pc/.local/lib/python3.10/site-packages/airflow/example_dags/example_time_delta_sensor_async.py for tasks to queue
[2023-03-07 08:49:55,602] {logging_mixin.py:115} INFO - [2023-03-07 08:49:55,602] {dagbag.py:507} INFO - Filling up the DagBag from /home/veri-pc/.local/lib/python3.10/site-packages/airflow/example_dags/example_time_delta_sensor_async.py
[2023-03-07 08:49:55,605] {processor.py:651} INFO - DAG(s) dict_keys(['example_time_delta_sensor_async']) retrieved from /home/veri-pc/.local/lib/python3.10/site-packages/airflow/example_dags/example_time_delta_sensor_async.py
[2023-03-07 08:49:55,621] {logging_mixin.py:115} INFO - [2023-03-07 08:49:55,621] {dag.py:2379} INFO - Sync 1 DAGs
[2023-03-07 08:49:55,632] {logging_mixin.py:115} INFO - [2023-03-07 08:49:55,632] {dag.py:2927} INFO - Setting next_dagrun for example_time_delta_sensor_async to None, run_after=None
[2023-03-07 08:49:55,640] {processor.py:161} INFO - Processing /home/veri-pc/.local/lib/python3.10/site-packages/airflow/example_dags/example_time_delta_sensor_async.py took 0.040 seconds
[2023-03-07 08:50:27,547] {processor.py:153} INFO - Started process (PID=9542) to work on /home/veri-pc/.local/lib/python3.10/site-packages/airflow/example_dags/example_time_delta_sensor_async.py
[2023-03-07 08:50:27,548] {processor.py:641} INFO - Processing file /home/veri-pc/.local/lib/python3.10/site-packages/airflow/example_dags/example_time_delta_sensor_async.py for tasks to queue
[2023-03-07 08:50:27,549] {logging_mixin.py:115} INFO - [2023-03-07 08:50:27,549] {dagbag.py:507} INFO - Filling up the DagBag from /home/veri-pc/.local/lib/python3.10/site-packages/airflow/example_dags/example_time_delta_sensor_async.py
[2023-03-07 08:50:27,554] {processor.py:651} INFO - DAG(s) dict_keys(['example_time_delta_sensor_async']) retrieved from /home/veri-pc/.local/lib/python3.10/site-packages/airflow/example_dags/example_time_delta_sensor_async.py
[2023-03-07 08:50:27,582] {logging_mixin.py:115} INFO - [2023-03-07 08:50:27,582] {dag.py:2379} INFO - Sync 1 DAGs
[2023-03-07 08:50:27,594] {logging_mixin.py:115} INFO - [2023-03-07 08:50:27,594] {dag.py:2927} INFO - Setting next_dagrun for example_time_delta_sensor_async to None, run_after=None
[2023-03-07 08:50:27,603] {processor.py:161} INFO - Processing /home/veri-pc/.local/lib/python3.10/site-packages/airflow/example_dags/example_time_delta_sensor_async.py took 0.058 seconds
[2023-03-07 08:51:01,313] {processor.py:153} INFO - Started process (PID=9620) to work on /home/veri-pc/.local/lib/python3.10/site-packages/airflow/example_dags/example_time_delta_sensor_async.py
[2023-03-07 08:51:01,315] {processor.py:641} INFO - Processing file /home/veri-pc/.local/lib/python3.10/site-packages/airflow/example_dags/example_time_delta_sensor_async.py for tasks to queue
[2023-03-07 08:51:01,317] {logging_mixin.py:115} INFO - [2023-03-07 08:51:01,316] {dagbag.py:507} INFO - Filling up the DagBag from /home/veri-pc/.local/lib/python3.10/site-packages/airflow/example_dags/example_time_delta_sensor_async.py
[2023-03-07 08:51:01,323] {processor.py:651} INFO - DAG(s) dict_keys(['example_time_delta_sensor_async']) retrieved from /home/veri-pc/.local/lib/python3.10/site-packages/airflow/example_dags/example_time_delta_sensor_async.py
[2023-03-07 08:51:01,344] {logging_mixin.py:115} INFO - [2023-03-07 08:51:01,344] {dag.py:2379} INFO - Sync 1 DAGs
[2023-03-07 08:51:01,354] {logging_mixin.py:115} INFO - [2023-03-07 08:51:01,354] {dag.py:2927} INFO - Setting next_dagrun for example_time_delta_sensor_async to None, run_after=None
[2023-03-07 08:51:01,362] {processor.py:161} INFO - Processing /home/veri-pc/.local/lib/python3.10/site-packages/airflow/example_dags/example_time_delta_sensor_async.py took 0.056 seconds
[2023-03-07 08:51:31,489] {processor.py:153} INFO - Started process (PID=9719) to work on /home/veri-pc/.local/lib/python3.10/site-packages/airflow/example_dags/example_time_delta_sensor_async.py
[2023-03-07 08:51:31,489] {processor.py:641} INFO - Processing file /home/veri-pc/.local/lib/python3.10/site-packages/airflow/example_dags/example_time_delta_sensor_async.py for tasks to queue
[2023-03-07 08:51:31,490] {logging_mixin.py:115} INFO - [2023-03-07 08:51:31,490] {dagbag.py:507} INFO - Filling up the DagBag from /home/veri-pc/.local/lib/python3.10/site-packages/airflow/example_dags/example_time_delta_sensor_async.py
[2023-03-07 08:51:31,492] {processor.py:651} INFO - DAG(s) dict_keys(['example_time_delta_sensor_async']) retrieved from /home/veri-pc/.local/lib/python3.10/site-packages/airflow/example_dags/example_time_delta_sensor_async.py
[2023-03-07 08:51:31,507] {logging_mixin.py:115} INFO - [2023-03-07 08:51:31,507] {dag.py:2379} INFO - Sync 1 DAGs
[2023-03-07 08:51:31,517] {logging_mixin.py:115} INFO - [2023-03-07 08:51:31,517] {dag.py:2927} INFO - Setting next_dagrun for example_time_delta_sensor_async to None, run_after=None
[2023-03-07 08:51:31,525] {processor.py:161} INFO - Processing /home/veri-pc/.local/lib/python3.10/site-packages/airflow/example_dags/example_time_delta_sensor_async.py took 0.038 seconds
[2023-03-07 08:52:02,950] {processor.py:153} INFO - Started process (PID=9802) to work on /home/veri-pc/.local/lib/python3.10/site-packages/airflow/example_dags/example_time_delta_sensor_async.py
[2023-03-07 08:52:02,950] {processor.py:641} INFO - Processing file /home/veri-pc/.local/lib/python3.10/site-packages/airflow/example_dags/example_time_delta_sensor_async.py for tasks to queue
[2023-03-07 08:52:02,951] {logging_mixin.py:115} INFO - [2023-03-07 08:52:02,951] {dagbag.py:507} INFO - Filling up the DagBag from /home/veri-pc/.local/lib/python3.10/site-packages/airflow/example_dags/example_time_delta_sensor_async.py
[2023-03-07 08:52:02,954] {processor.py:651} INFO - DAG(s) dict_keys(['example_time_delta_sensor_async']) retrieved from /home/veri-pc/.local/lib/python3.10/site-packages/airflow/example_dags/example_time_delta_sensor_async.py
[2023-03-07 08:52:02,972] {logging_mixin.py:115} INFO - [2023-03-07 08:52:02,972] {dag.py:2379} INFO - Sync 1 DAGs
[2023-03-07 08:52:02,983] {logging_mixin.py:115} INFO - [2023-03-07 08:52:02,983] {dag.py:2927} INFO - Setting next_dagrun for example_time_delta_sensor_async to None, run_after=None
[2023-03-07 08:52:02,991] {processor.py:161} INFO - Processing /home/veri-pc/.local/lib/python3.10/site-packages/airflow/example_dags/example_time_delta_sensor_async.py took 0.043 seconds
[2023-03-07 08:52:35,328] {processor.py:153} INFO - Started process (PID=9883) to work on /home/veri-pc/.local/lib/python3.10/site-packages/airflow/example_dags/example_time_delta_sensor_async.py
[2023-03-07 08:52:35,329] {processor.py:641} INFO - Processing file /home/veri-pc/.local/lib/python3.10/site-packages/airflow/example_dags/example_time_delta_sensor_async.py for tasks to queue
[2023-03-07 08:52:35,331] {logging_mixin.py:115} INFO - [2023-03-07 08:52:35,331] {dagbag.py:507} INFO - Filling up the DagBag from /home/veri-pc/.local/lib/python3.10/site-packages/airflow/example_dags/example_time_delta_sensor_async.py
[2023-03-07 08:52:35,346] {processor.py:651} INFO - DAG(s) dict_keys(['example_time_delta_sensor_async']) retrieved from /home/veri-pc/.local/lib/python3.10/site-packages/airflow/example_dags/example_time_delta_sensor_async.py
[2023-03-07 08:52:35,378] {logging_mixin.py:115} INFO - [2023-03-07 08:52:35,378] {dag.py:2379} INFO - Sync 1 DAGs
[2023-03-07 08:52:35,389] {logging_mixin.py:115} INFO - [2023-03-07 08:52:35,389] {dag.py:2927} INFO - Setting next_dagrun for example_time_delta_sensor_async to None, run_after=None
[2023-03-07 08:52:35,398] {processor.py:161} INFO - Processing /home/veri-pc/.local/lib/python3.10/site-packages/airflow/example_dags/example_time_delta_sensor_async.py took 0.077 seconds
[2023-03-07 08:53:13,046] {processor.py:153} INFO - Started process (PID=9992) to work on /home/veri-pc/.local/lib/python3.10/site-packages/airflow/example_dags/example_time_delta_sensor_async.py
[2023-03-07 08:53:13,054] {processor.py:641} INFO - Processing file /home/veri-pc/.local/lib/python3.10/site-packages/airflow/example_dags/example_time_delta_sensor_async.py for tasks to queue
[2023-03-07 08:53:13,055] {logging_mixin.py:115} INFO - [2023-03-07 08:53:13,054] {dagbag.py:507} INFO - Filling up the DagBag from /home/veri-pc/.local/lib/python3.10/site-packages/airflow/example_dags/example_time_delta_sensor_async.py
[2023-03-07 08:53:13,059] {processor.py:651} INFO - DAG(s) dict_keys(['example_time_delta_sensor_async']) retrieved from /home/veri-pc/.local/lib/python3.10/site-packages/airflow/example_dags/example_time_delta_sensor_async.py
[2023-03-07 08:53:13,083] {logging_mixin.py:115} INFO - [2023-03-07 08:53:13,083] {dag.py:2379} INFO - Sync 1 DAGs
[2023-03-07 08:53:13,095] {logging_mixin.py:115} INFO - [2023-03-07 08:53:13,095] {dag.py:2927} INFO - Setting next_dagrun for example_time_delta_sensor_async to None, run_after=None
[2023-03-07 08:53:13,403] {processor.py:161} INFO - Processing /home/veri-pc/.local/lib/python3.10/site-packages/airflow/example_dags/example_time_delta_sensor_async.py took 0.360 seconds
[2023-03-07 08:53:45,598] {processor.py:153} INFO - Started process (PID=10066) to work on /home/veri-pc/.local/lib/python3.10/site-packages/airflow/example_dags/example_time_delta_sensor_async.py
[2023-03-07 08:53:45,599] {processor.py:641} INFO - Processing file /home/veri-pc/.local/lib/python3.10/site-packages/airflow/example_dags/example_time_delta_sensor_async.py for tasks to queue
[2023-03-07 08:53:45,600] {logging_mixin.py:115} INFO - [2023-03-07 08:53:45,600] {dagbag.py:507} INFO - Filling up the DagBag from /home/veri-pc/.local/lib/python3.10/site-packages/airflow/example_dags/example_time_delta_sensor_async.py
[2023-03-07 08:53:45,612] {processor.py:651} INFO - DAG(s) dict_keys(['example_time_delta_sensor_async']) retrieved from /home/veri-pc/.local/lib/python3.10/site-packages/airflow/example_dags/example_time_delta_sensor_async.py
[2023-03-07 08:53:45,636] {logging_mixin.py:115} INFO - [2023-03-07 08:53:45,636] {dag.py:2379} INFO - Sync 1 DAGs
[2023-03-07 08:53:45,647] {logging_mixin.py:115} INFO - [2023-03-07 08:53:45,647] {dag.py:2927} INFO - Setting next_dagrun for example_time_delta_sensor_async to None, run_after=None
[2023-03-07 08:53:45,655] {processor.py:161} INFO - Processing /home/veri-pc/.local/lib/python3.10/site-packages/airflow/example_dags/example_time_delta_sensor_async.py took 0.064 seconds
[2023-03-07 08:54:30,236] {processor.py:153} INFO - Started process (PID=10370) to work on /home/veri-pc/.local/lib/python3.10/site-packages/airflow/example_dags/example_time_delta_sensor_async.py
[2023-03-07 08:54:30,238] {processor.py:641} INFO - Processing file /home/veri-pc/.local/lib/python3.10/site-packages/airflow/example_dags/example_time_delta_sensor_async.py for tasks to queue
[2023-03-07 08:54:30,239] {logging_mixin.py:115} INFO - [2023-03-07 08:54:30,239] {dagbag.py:507} INFO - Filling up the DagBag from /home/veri-pc/.local/lib/python3.10/site-packages/airflow/example_dags/example_time_delta_sensor_async.py
[2023-03-07 08:54:30,245] {processor.py:651} INFO - DAG(s) dict_keys(['example_time_delta_sensor_async']) retrieved from /home/veri-pc/.local/lib/python3.10/site-packages/airflow/example_dags/example_time_delta_sensor_async.py
[2023-03-07 08:54:30,261] {logging_mixin.py:115} INFO - [2023-03-07 08:54:30,260] {dag.py:2379} INFO - Sync 1 DAGs
[2023-03-07 08:54:30,272] {logging_mixin.py:115} INFO - [2023-03-07 08:54:30,272] {dag.py:2927} INFO - Setting next_dagrun for example_time_delta_sensor_async to None, run_after=None
[2023-03-07 08:54:30,284] {processor.py:161} INFO - Processing /home/veri-pc/.local/lib/python3.10/site-packages/airflow/example_dags/example_time_delta_sensor_async.py took 0.052 seconds
[2023-03-07 08:55:00,973] {processor.py:153} INFO - Started process (PID=10878) to work on /home/veri-pc/.local/lib/python3.10/site-packages/airflow/example_dags/example_time_delta_sensor_async.py
[2023-03-07 08:55:00,974] {processor.py:641} INFO - Processing file /home/veri-pc/.local/lib/python3.10/site-packages/airflow/example_dags/example_time_delta_sensor_async.py for tasks to queue
[2023-03-07 08:55:00,974] {logging_mixin.py:115} INFO - [2023-03-07 08:55:00,974] {dagbag.py:507} INFO - Filling up the DagBag from /home/veri-pc/.local/lib/python3.10/site-packages/airflow/example_dags/example_time_delta_sensor_async.py
[2023-03-07 08:55:00,978] {processor.py:651} INFO - DAG(s) dict_keys(['example_time_delta_sensor_async']) retrieved from /home/veri-pc/.local/lib/python3.10/site-packages/airflow/example_dags/example_time_delta_sensor_async.py
[2023-03-07 08:55:00,998] {logging_mixin.py:115} INFO - [2023-03-07 08:55:00,998] {dag.py:2379} INFO - Sync 1 DAGs
[2023-03-07 08:55:01,009] {logging_mixin.py:115} INFO - [2023-03-07 08:55:01,009] {dag.py:2927} INFO - Setting next_dagrun for example_time_delta_sensor_async to None, run_after=None
[2023-03-07 08:55:01,018] {processor.py:161} INFO - Processing /home/veri-pc/.local/lib/python3.10/site-packages/airflow/example_dags/example_time_delta_sensor_async.py took 0.047 seconds
[2023-03-07 08:55:34,576] {processor.py:153} INFO - Started process (PID=10948) to work on /home/veri-pc/.local/lib/python3.10/site-packages/airflow/example_dags/example_time_delta_sensor_async.py
[2023-03-07 08:55:34,578] {processor.py:641} INFO - Processing file /home/veri-pc/.local/lib/python3.10/site-packages/airflow/example_dags/example_time_delta_sensor_async.py for tasks to queue
[2023-03-07 08:55:34,580] {logging_mixin.py:115} INFO - [2023-03-07 08:55:34,579] {dagbag.py:507} INFO - Filling up the DagBag from /home/veri-pc/.local/lib/python3.10/site-packages/airflow/example_dags/example_time_delta_sensor_async.py
[2023-03-07 08:55:34,593] {processor.py:651} INFO - DAG(s) dict_keys(['example_time_delta_sensor_async']) retrieved from /home/veri-pc/.local/lib/python3.10/site-packages/airflow/example_dags/example_time_delta_sensor_async.py
[2023-03-07 08:55:34,624] {logging_mixin.py:115} INFO - [2023-03-07 08:55:34,623] {dag.py:2379} INFO - Sync 1 DAGs
[2023-03-07 08:55:34,635] {logging_mixin.py:115} INFO - [2023-03-07 08:55:34,635] {dag.py:2927} INFO - Setting next_dagrun for example_time_delta_sensor_async to None, run_after=None
[2023-03-07 08:55:34,644] {processor.py:161} INFO - Processing /home/veri-pc/.local/lib/python3.10/site-packages/airflow/example_dags/example_time_delta_sensor_async.py took 0.074 seconds
[2023-03-07 08:56:08,730] {processor.py:153} INFO - Started process (PID=11016) to work on /home/veri-pc/.local/lib/python3.10/site-packages/airflow/example_dags/example_time_delta_sensor_async.py
[2023-03-07 08:56:08,731] {processor.py:641} INFO - Processing file /home/veri-pc/.local/lib/python3.10/site-packages/airflow/example_dags/example_time_delta_sensor_async.py for tasks to queue
[2023-03-07 08:56:08,732] {logging_mixin.py:115} INFO - [2023-03-07 08:56:08,732] {dagbag.py:507} INFO - Filling up the DagBag from /home/veri-pc/.local/lib/python3.10/site-packages/airflow/example_dags/example_time_delta_sensor_async.py
[2023-03-07 08:56:08,741] {processor.py:651} INFO - DAG(s) dict_keys(['example_time_delta_sensor_async']) retrieved from /home/veri-pc/.local/lib/python3.10/site-packages/airflow/example_dags/example_time_delta_sensor_async.py
[2023-03-07 08:56:08,768] {logging_mixin.py:115} INFO - [2023-03-07 08:56:08,768] {dag.py:2379} INFO - Sync 1 DAGs
[2023-03-07 08:56:08,779] {logging_mixin.py:115} INFO - [2023-03-07 08:56:08,778] {dag.py:2927} INFO - Setting next_dagrun for example_time_delta_sensor_async to None, run_after=None
[2023-03-07 08:56:08,786] {processor.py:161} INFO - Processing /home/veri-pc/.local/lib/python3.10/site-packages/airflow/example_dags/example_time_delta_sensor_async.py took 0.062 seconds
[2023-03-07 09:01:49,760] {processor.py:153} INFO - Started process (PID=11572) to work on /home/veri-pc/.local/lib/python3.10/site-packages/airflow/example_dags/example_time_delta_sensor_async.py
[2023-03-07 09:01:49,762] {processor.py:641} INFO - Processing file /home/veri-pc/.local/lib/python3.10/site-packages/airflow/example_dags/example_time_delta_sensor_async.py for tasks to queue
[2023-03-07 09:01:49,763] {logging_mixin.py:115} INFO - [2023-03-07 09:01:49,763] {dagbag.py:507} INFO - Filling up the DagBag from /home/veri-pc/.local/lib/python3.10/site-packages/airflow/example_dags/example_time_delta_sensor_async.py
[2023-03-07 09:01:49,775] {processor.py:651} INFO - DAG(s) dict_keys(['example_time_delta_sensor_async']) retrieved from /home/veri-pc/.local/lib/python3.10/site-packages/airflow/example_dags/example_time_delta_sensor_async.py
[2023-03-07 09:01:49,802] {logging_mixin.py:115} INFO - [2023-03-07 09:01:49,802] {dag.py:2379} INFO - Sync 1 DAGs
[2023-03-07 09:01:49,813] {logging_mixin.py:115} INFO - [2023-03-07 09:01:49,813] {dag.py:2927} INFO - Setting next_dagrun for example_time_delta_sensor_async to None, run_after=None
[2023-03-07 09:01:49,821] {processor.py:161} INFO - Processing /home/veri-pc/.local/lib/python3.10/site-packages/airflow/example_dags/example_time_delta_sensor_async.py took 0.067 seconds
[2023-03-07 09:02:21,760] {processor.py:153} INFO - Started process (PID=11941) to work on /home/veri-pc/.local/lib/python3.10/site-packages/airflow/example_dags/example_time_delta_sensor_async.py
[2023-03-07 09:02:21,762] {processor.py:641} INFO - Processing file /home/veri-pc/.local/lib/python3.10/site-packages/airflow/example_dags/example_time_delta_sensor_async.py for tasks to queue
[2023-03-07 09:02:21,763] {logging_mixin.py:115} INFO - [2023-03-07 09:02:21,763] {dagbag.py:507} INFO - Filling up the DagBag from /home/veri-pc/.local/lib/python3.10/site-packages/airflow/example_dags/example_time_delta_sensor_async.py
[2023-03-07 09:02:21,776] {processor.py:651} INFO - DAG(s) dict_keys(['example_time_delta_sensor_async']) retrieved from /home/veri-pc/.local/lib/python3.10/site-packages/airflow/example_dags/example_time_delta_sensor_async.py
[2023-03-07 09:02:21,806] {logging_mixin.py:115} INFO - [2023-03-07 09:02:21,806] {dag.py:2379} INFO - Sync 1 DAGs
[2023-03-07 09:02:21,818] {logging_mixin.py:115} INFO - [2023-03-07 09:02:21,818] {dag.py:2927} INFO - Setting next_dagrun for example_time_delta_sensor_async to None, run_after=None
[2023-03-07 09:02:21,826] {processor.py:161} INFO - Processing /home/veri-pc/.local/lib/python3.10/site-packages/airflow/example_dags/example_time_delta_sensor_async.py took 0.073 seconds
[2023-03-07 09:02:54,297] {processor.py:153} INFO - Started process (PID=12015) to work on /home/veri-pc/.local/lib/python3.10/site-packages/airflow/example_dags/example_time_delta_sensor_async.py
[2023-03-07 09:02:54,298] {processor.py:641} INFO - Processing file /home/veri-pc/.local/lib/python3.10/site-packages/airflow/example_dags/example_time_delta_sensor_async.py for tasks to queue
[2023-03-07 09:02:54,299] {logging_mixin.py:115} INFO - [2023-03-07 09:02:54,299] {dagbag.py:507} INFO - Filling up the DagBag from /home/veri-pc/.local/lib/python3.10/site-packages/airflow/example_dags/example_time_delta_sensor_async.py
[2023-03-07 09:02:54,309] {processor.py:651} INFO - DAG(s) dict_keys(['example_time_delta_sensor_async']) retrieved from /home/veri-pc/.local/lib/python3.10/site-packages/airflow/example_dags/example_time_delta_sensor_async.py
[2023-03-07 09:02:54,335] {logging_mixin.py:115} INFO - [2023-03-07 09:02:54,335] {dag.py:2379} INFO - Sync 1 DAGs
[2023-03-07 09:02:54,346] {logging_mixin.py:115} INFO - [2023-03-07 09:02:54,346] {dag.py:2927} INFO - Setting next_dagrun for example_time_delta_sensor_async to None, run_after=None
[2023-03-07 09:02:54,354] {processor.py:161} INFO - Processing /home/veri-pc/.local/lib/python3.10/site-packages/airflow/example_dags/example_time_delta_sensor_async.py took 0.063 seconds
[2023-03-07 09:03:26,245] {processor.py:153} INFO - Started process (PID=12181) to work on /home/veri-pc/.local/lib/python3.10/site-packages/airflow/example_dags/example_time_delta_sensor_async.py
[2023-03-07 09:03:26,246] {processor.py:641} INFO - Processing file /home/veri-pc/.local/lib/python3.10/site-packages/airflow/example_dags/example_time_delta_sensor_async.py for tasks to queue
[2023-03-07 09:03:26,247] {logging_mixin.py:115} INFO - [2023-03-07 09:03:26,247] {dagbag.py:507} INFO - Filling up the DagBag from /home/veri-pc/.local/lib/python3.10/site-packages/airflow/example_dags/example_time_delta_sensor_async.py
[2023-03-07 09:03:26,257] {processor.py:651} INFO - DAG(s) dict_keys(['example_time_delta_sensor_async']) retrieved from /home/veri-pc/.local/lib/python3.10/site-packages/airflow/example_dags/example_time_delta_sensor_async.py
[2023-03-07 09:03:26,291] {logging_mixin.py:115} INFO - [2023-03-07 09:03:26,291] {dag.py:2379} INFO - Sync 1 DAGs
[2023-03-07 09:03:26,307] {logging_mixin.py:115} INFO - [2023-03-07 09:03:26,307] {dag.py:2927} INFO - Setting next_dagrun for example_time_delta_sensor_async to None, run_after=None
[2023-03-07 09:03:26,321] {processor.py:161} INFO - Processing /home/veri-pc/.local/lib/python3.10/site-packages/airflow/example_dags/example_time_delta_sensor_async.py took 0.079 seconds
[2023-03-07 09:03:58,701] {processor.py:153} INFO - Started process (PID=12265) to work on /home/veri-pc/.local/lib/python3.10/site-packages/airflow/example_dags/example_time_delta_sensor_async.py
[2023-03-07 09:03:58,703] {processor.py:641} INFO - Processing file /home/veri-pc/.local/lib/python3.10/site-packages/airflow/example_dags/example_time_delta_sensor_async.py for tasks to queue
[2023-03-07 09:03:58,705] {logging_mixin.py:115} INFO - [2023-03-07 09:03:58,704] {dagbag.py:507} INFO - Filling up the DagBag from /home/veri-pc/.local/lib/python3.10/site-packages/airflow/example_dags/example_time_delta_sensor_async.py
[2023-03-07 09:03:58,717] {processor.py:651} INFO - DAG(s) dict_keys(['example_time_delta_sensor_async']) retrieved from /home/veri-pc/.local/lib/python3.10/site-packages/airflow/example_dags/example_time_delta_sensor_async.py
[2023-03-07 09:03:58,744] {logging_mixin.py:115} INFO - [2023-03-07 09:03:58,744] {dag.py:2379} INFO - Sync 1 DAGs
[2023-03-07 09:03:58,757] {logging_mixin.py:115} INFO - [2023-03-07 09:03:58,757] {dag.py:2927} INFO - Setting next_dagrun for example_time_delta_sensor_async to None, run_after=None
[2023-03-07 09:03:58,766] {processor.py:161} INFO - Processing /home/veri-pc/.local/lib/python3.10/site-packages/airflow/example_dags/example_time_delta_sensor_async.py took 0.071 seconds
[2023-03-07 09:04:32,952] {processor.py:153} INFO - Started process (PID=12343) to work on /home/veri-pc/.local/lib/python3.10/site-packages/airflow/example_dags/example_time_delta_sensor_async.py
[2023-03-07 09:04:32,953] {processor.py:641} INFO - Processing file /home/veri-pc/.local/lib/python3.10/site-packages/airflow/example_dags/example_time_delta_sensor_async.py for tasks to queue
[2023-03-07 09:04:32,955] {logging_mixin.py:115} INFO - [2023-03-07 09:04:32,955] {dagbag.py:507} INFO - Filling up the DagBag from /home/veri-pc/.local/lib/python3.10/site-packages/airflow/example_dags/example_time_delta_sensor_async.py
[2023-03-07 09:04:32,967] {processor.py:651} INFO - DAG(s) dict_keys(['example_time_delta_sensor_async']) retrieved from /home/veri-pc/.local/lib/python3.10/site-packages/airflow/example_dags/example_time_delta_sensor_async.py
[2023-03-07 09:04:32,994] {logging_mixin.py:115} INFO - [2023-03-07 09:04:32,994] {dag.py:2379} INFO - Sync 1 DAGs
[2023-03-07 09:04:33,005] {logging_mixin.py:115} INFO - [2023-03-07 09:04:33,005] {dag.py:2927} INFO - Setting next_dagrun for example_time_delta_sensor_async to None, run_after=None
[2023-03-07 09:04:33,013] {processor.py:161} INFO - Processing /home/veri-pc/.local/lib/python3.10/site-packages/airflow/example_dags/example_time_delta_sensor_async.py took 0.068 seconds
[2023-03-07 09:05:07,424] {processor.py:153} INFO - Started process (PID=12434) to work on /home/veri-pc/.local/lib/python3.10/site-packages/airflow/example_dags/example_time_delta_sensor_async.py
[2023-03-07 09:05:07,426] {processor.py:641} INFO - Processing file /home/veri-pc/.local/lib/python3.10/site-packages/airflow/example_dags/example_time_delta_sensor_async.py for tasks to queue
[2023-03-07 09:05:07,427] {logging_mixin.py:115} INFO - [2023-03-07 09:05:07,427] {dagbag.py:507} INFO - Filling up the DagBag from /home/veri-pc/.local/lib/python3.10/site-packages/airflow/example_dags/example_time_delta_sensor_async.py
[2023-03-07 09:05:07,439] {processor.py:651} INFO - DAG(s) dict_keys(['example_time_delta_sensor_async']) retrieved from /home/veri-pc/.local/lib/python3.10/site-packages/airflow/example_dags/example_time_delta_sensor_async.py
[2023-03-07 09:05:07,466] {logging_mixin.py:115} INFO - [2023-03-07 09:05:07,466] {dag.py:2379} INFO - Sync 1 DAGs
[2023-03-07 09:05:07,478] {logging_mixin.py:115} INFO - [2023-03-07 09:05:07,477] {dag.py:2927} INFO - Setting next_dagrun for example_time_delta_sensor_async to None, run_after=None
[2023-03-07 09:05:07,486] {processor.py:161} INFO - Processing /home/veri-pc/.local/lib/python3.10/site-packages/airflow/example_dags/example_time_delta_sensor_async.py took 0.068 seconds
[2023-03-07 09:05:37,825] {processor.py:153} INFO - Started process (PID=12496) to work on /home/veri-pc/.local/lib/python3.10/site-packages/airflow/example_dags/example_time_delta_sensor_async.py
[2023-03-07 09:05:37,826] {processor.py:641} INFO - Processing file /home/veri-pc/.local/lib/python3.10/site-packages/airflow/example_dags/example_time_delta_sensor_async.py for tasks to queue
[2023-03-07 09:05:37,826] {logging_mixin.py:115} INFO - [2023-03-07 09:05:37,826] {dagbag.py:507} INFO - Filling up the DagBag from /home/veri-pc/.local/lib/python3.10/site-packages/airflow/example_dags/example_time_delta_sensor_async.py
[2023-03-07 09:05:37,832] {processor.py:651} INFO - DAG(s) dict_keys(['example_time_delta_sensor_async']) retrieved from /home/veri-pc/.local/lib/python3.10/site-packages/airflow/example_dags/example_time_delta_sensor_async.py
[2023-03-07 09:05:37,855] {logging_mixin.py:115} INFO - [2023-03-07 09:05:37,855] {dag.py:2379} INFO - Sync 1 DAGs
[2023-03-07 09:05:37,865] {logging_mixin.py:115} INFO - [2023-03-07 09:05:37,865] {dag.py:2927} INFO - Setting next_dagrun for example_time_delta_sensor_async to None, run_after=None
[2023-03-07 09:05:37,874] {processor.py:161} INFO - Processing /home/veri-pc/.local/lib/python3.10/site-packages/airflow/example_dags/example_time_delta_sensor_async.py took 0.054 seconds
[2023-03-07 09:06:12,704] {processor.py:153} INFO - Started process (PID=12574) to work on /home/veri-pc/.local/lib/python3.10/site-packages/airflow/example_dags/example_time_delta_sensor_async.py
[2023-03-07 09:06:12,705] {processor.py:641} INFO - Processing file /home/veri-pc/.local/lib/python3.10/site-packages/airflow/example_dags/example_time_delta_sensor_async.py for tasks to queue
[2023-03-07 09:06:12,706] {logging_mixin.py:115} INFO - [2023-03-07 09:06:12,706] {dagbag.py:507} INFO - Filling up the DagBag from /home/veri-pc/.local/lib/python3.10/site-packages/airflow/example_dags/example_time_delta_sensor_async.py
[2023-03-07 09:06:12,716] {processor.py:651} INFO - DAG(s) dict_keys(['example_time_delta_sensor_async']) retrieved from /home/veri-pc/.local/lib/python3.10/site-packages/airflow/example_dags/example_time_delta_sensor_async.py
[2023-03-07 09:06:12,741] {logging_mixin.py:115} INFO - [2023-03-07 09:06:12,741] {dag.py:2379} INFO - Sync 1 DAGs
[2023-03-07 09:06:12,757] {logging_mixin.py:115} INFO - [2023-03-07 09:06:12,757] {dag.py:2927} INFO - Setting next_dagrun for example_time_delta_sensor_async to None, run_after=None
[2023-03-07 09:06:12,765] {processor.py:161} INFO - Processing /home/veri-pc/.local/lib/python3.10/site-packages/airflow/example_dags/example_time_delta_sensor_async.py took 0.068 seconds
[2023-03-07 09:06:43,650] {processor.py:153} INFO - Started process (PID=12632) to work on /home/veri-pc/.local/lib/python3.10/site-packages/airflow/example_dags/example_time_delta_sensor_async.py
[2023-03-07 09:06:43,652] {processor.py:641} INFO - Processing file /home/veri-pc/.local/lib/python3.10/site-packages/airflow/example_dags/example_time_delta_sensor_async.py for tasks to queue
[2023-03-07 09:06:43,653] {logging_mixin.py:115} INFO - [2023-03-07 09:06:43,653] {dagbag.py:507} INFO - Filling up the DagBag from /home/veri-pc/.local/lib/python3.10/site-packages/airflow/example_dags/example_time_delta_sensor_async.py
[2023-03-07 09:06:43,665] {processor.py:651} INFO - DAG(s) dict_keys(['example_time_delta_sensor_async']) retrieved from /home/veri-pc/.local/lib/python3.10/site-packages/airflow/example_dags/example_time_delta_sensor_async.py
[2023-03-07 09:06:43,696] {logging_mixin.py:115} INFO - [2023-03-07 09:06:43,695] {dag.py:2379} INFO - Sync 1 DAGs
[2023-03-07 09:06:43,706] {logging_mixin.py:115} INFO - [2023-03-07 09:06:43,706] {dag.py:2927} INFO - Setting next_dagrun for example_time_delta_sensor_async to None, run_after=None
[2023-03-07 09:06:43,715] {processor.py:161} INFO - Processing /home/veri-pc/.local/lib/python3.10/site-packages/airflow/example_dags/example_time_delta_sensor_async.py took 0.071 seconds
[2023-03-07 09:07:15,413] {processor.py:153} INFO - Started process (PID=12710) to work on /home/veri-pc/.local/lib/python3.10/site-packages/airflow/example_dags/example_time_delta_sensor_async.py
[2023-03-07 09:07:15,414] {processor.py:641} INFO - Processing file /home/veri-pc/.local/lib/python3.10/site-packages/airflow/example_dags/example_time_delta_sensor_async.py for tasks to queue
[2023-03-07 09:07:15,416] {logging_mixin.py:115} INFO - [2023-03-07 09:07:15,415] {dagbag.py:507} INFO - Filling up the DagBag from /home/veri-pc/.local/lib/python3.10/site-packages/airflow/example_dags/example_time_delta_sensor_async.py
[2023-03-07 09:07:15,425] {processor.py:651} INFO - DAG(s) dict_keys(['example_time_delta_sensor_async']) retrieved from /home/veri-pc/.local/lib/python3.10/site-packages/airflow/example_dags/example_time_delta_sensor_async.py
[2023-03-07 09:07:15,440] {logging_mixin.py:115} INFO - [2023-03-07 09:07:15,440] {dag.py:2379} INFO - Sync 1 DAGs
[2023-03-07 09:07:15,450] {logging_mixin.py:115} INFO - [2023-03-07 09:07:15,450] {dag.py:2927} INFO - Setting next_dagrun for example_time_delta_sensor_async to None, run_after=None
[2023-03-07 09:07:15,456] {processor.py:161} INFO - Processing /home/veri-pc/.local/lib/python3.10/site-packages/airflow/example_dags/example_time_delta_sensor_async.py took 0.050 seconds
[2023-03-07 09:07:47,150] {processor.py:153} INFO - Started process (PID=12830) to work on /home/veri-pc/.local/lib/python3.10/site-packages/airflow/example_dags/example_time_delta_sensor_async.py
[2023-03-07 09:07:47,151] {processor.py:641} INFO - Processing file /home/veri-pc/.local/lib/python3.10/site-packages/airflow/example_dags/example_time_delta_sensor_async.py for tasks to queue
[2023-03-07 09:07:47,152] {logging_mixin.py:115} INFO - [2023-03-07 09:07:47,152] {dagbag.py:507} INFO - Filling up the DagBag from /home/veri-pc/.local/lib/python3.10/site-packages/airflow/example_dags/example_time_delta_sensor_async.py
[2023-03-07 09:07:47,164] {processor.py:651} INFO - DAG(s) dict_keys(['example_time_delta_sensor_async']) retrieved from /home/veri-pc/.local/lib/python3.10/site-packages/airflow/example_dags/example_time_delta_sensor_async.py
[2023-03-07 09:07:47,193] {logging_mixin.py:115} INFO - [2023-03-07 09:07:47,193] {dag.py:2379} INFO - Sync 1 DAGs
[2023-03-07 09:07:47,204] {logging_mixin.py:115} INFO - [2023-03-07 09:07:47,204] {dag.py:2927} INFO - Setting next_dagrun for example_time_delta_sensor_async to None, run_after=None
[2023-03-07 09:07:47,211] {processor.py:161} INFO - Processing /home/veri-pc/.local/lib/python3.10/site-packages/airflow/example_dags/example_time_delta_sensor_async.py took 0.068 seconds
[2023-03-07 09:08:18,811] {processor.py:153} INFO - Started process (PID=12903) to work on /home/veri-pc/.local/lib/python3.10/site-packages/airflow/example_dags/example_time_delta_sensor_async.py
[2023-03-07 09:08:18,812] {processor.py:641} INFO - Processing file /home/veri-pc/.local/lib/python3.10/site-packages/airflow/example_dags/example_time_delta_sensor_async.py for tasks to queue
[2023-03-07 09:08:18,813] {logging_mixin.py:115} INFO - [2023-03-07 09:08:18,813] {dagbag.py:507} INFO - Filling up the DagBag from /home/veri-pc/.local/lib/python3.10/site-packages/airflow/example_dags/example_time_delta_sensor_async.py
[2023-03-07 09:08:18,825] {processor.py:651} INFO - DAG(s) dict_keys(['example_time_delta_sensor_async']) retrieved from /home/veri-pc/.local/lib/python3.10/site-packages/airflow/example_dags/example_time_delta_sensor_async.py
[2023-03-07 09:08:18,853] {logging_mixin.py:115} INFO - [2023-03-07 09:08:18,853] {dag.py:2379} INFO - Sync 1 DAGs
[2023-03-07 09:08:18,864] {logging_mixin.py:115} INFO - [2023-03-07 09:08:18,863] {dag.py:2927} INFO - Setting next_dagrun for example_time_delta_sensor_async to None, run_after=None
[2023-03-07 09:08:18,871] {processor.py:161} INFO - Processing /home/veri-pc/.local/lib/python3.10/site-packages/airflow/example_dags/example_time_delta_sensor_async.py took 0.067 seconds
[2023-03-07 09:08:50,788] {processor.py:153} INFO - Started process (PID=12973) to work on /home/veri-pc/.local/lib/python3.10/site-packages/airflow/example_dags/example_time_delta_sensor_async.py
[2023-03-07 09:08:50,789] {processor.py:641} INFO - Processing file /home/veri-pc/.local/lib/python3.10/site-packages/airflow/example_dags/example_time_delta_sensor_async.py for tasks to queue
[2023-03-07 09:08:50,790] {logging_mixin.py:115} INFO - [2023-03-07 09:08:50,790] {dagbag.py:507} INFO - Filling up the DagBag from /home/veri-pc/.local/lib/python3.10/site-packages/airflow/example_dags/example_time_delta_sensor_async.py
[2023-03-07 09:08:50,803] {processor.py:651} INFO - DAG(s) dict_keys(['example_time_delta_sensor_async']) retrieved from /home/veri-pc/.local/lib/python3.10/site-packages/airflow/example_dags/example_time_delta_sensor_async.py
[2023-03-07 09:08:50,830] {logging_mixin.py:115} INFO - [2023-03-07 09:08:50,830] {dag.py:2379} INFO - Sync 1 DAGs
[2023-03-07 09:08:50,841] {logging_mixin.py:115} INFO - [2023-03-07 09:08:50,841] {dag.py:2927} INFO - Setting next_dagrun for example_time_delta_sensor_async to None, run_after=None
[2023-03-07 09:08:50,849] {processor.py:161} INFO - Processing /home/veri-pc/.local/lib/python3.10/site-packages/airflow/example_dags/example_time_delta_sensor_async.py took 0.067 seconds
[2023-03-07 09:09:21,611] {processor.py:153} INFO - Started process (PID=13046) to work on /home/veri-pc/.local/lib/python3.10/site-packages/airflow/example_dags/example_time_delta_sensor_async.py
[2023-03-07 09:09:21,611] {processor.py:641} INFO - Processing file /home/veri-pc/.local/lib/python3.10/site-packages/airflow/example_dags/example_time_delta_sensor_async.py for tasks to queue
[2023-03-07 09:09:21,612] {logging_mixin.py:115} INFO - [2023-03-07 09:09:21,612] {dagbag.py:507} INFO - Filling up the DagBag from /home/veri-pc/.local/lib/python3.10/site-packages/airflow/example_dags/example_time_delta_sensor_async.py
[2023-03-07 09:09:21,616] {processor.py:651} INFO - DAG(s) dict_keys(['example_time_delta_sensor_async']) retrieved from /home/veri-pc/.local/lib/python3.10/site-packages/airflow/example_dags/example_time_delta_sensor_async.py
[2023-03-07 09:09:21,636] {logging_mixin.py:115} INFO - [2023-03-07 09:09:21,635] {dag.py:2379} INFO - Sync 1 DAGs
[2023-03-07 09:09:21,652] {logging_mixin.py:115} INFO - [2023-03-07 09:09:21,651] {dag.py:2927} INFO - Setting next_dagrun for example_time_delta_sensor_async to None, run_after=None
[2023-03-07 09:09:21,663] {processor.py:161} INFO - Processing /home/veri-pc/.local/lib/python3.10/site-packages/airflow/example_dags/example_time_delta_sensor_async.py took 0.054 seconds
[2023-03-07 09:09:53,044] {processor.py:153} INFO - Started process (PID=13195) to work on /home/veri-pc/.local/lib/python3.10/site-packages/airflow/example_dags/example_time_delta_sensor_async.py
[2023-03-07 09:09:53,044] {processor.py:641} INFO - Processing file /home/veri-pc/.local/lib/python3.10/site-packages/airflow/example_dags/example_time_delta_sensor_async.py for tasks to queue
[2023-03-07 09:09:53,045] {logging_mixin.py:115} INFO - [2023-03-07 09:09:53,045] {dagbag.py:507} INFO - Filling up the DagBag from /home/veri-pc/.local/lib/python3.10/site-packages/airflow/example_dags/example_time_delta_sensor_async.py
[2023-03-07 09:09:53,048] {processor.py:651} INFO - DAG(s) dict_keys(['example_time_delta_sensor_async']) retrieved from /home/veri-pc/.local/lib/python3.10/site-packages/airflow/example_dags/example_time_delta_sensor_async.py
[2023-03-07 09:09:53,062] {logging_mixin.py:115} INFO - [2023-03-07 09:09:53,062] {dag.py:2379} INFO - Sync 1 DAGs
[2023-03-07 09:09:53,072] {logging_mixin.py:115} INFO - [2023-03-07 09:09:53,072] {dag.py:2927} INFO - Setting next_dagrun for example_time_delta_sensor_async to None, run_after=None
[2023-03-07 09:09:53,079] {processor.py:161} INFO - Processing /home/veri-pc/.local/lib/python3.10/site-packages/airflow/example_dags/example_time_delta_sensor_async.py took 0.037 seconds
