[2023-03-07 08:40:55,062] {processor.py:153} INFO - Started process (PID=8166) to work on /home/veri-pc/.local/lib/python3.10/site-packages/airflow/example_dags/example_complex.py
[2023-03-07 08:40:55,063] {processor.py:641} INFO - Processing file /home/veri-pc/.local/lib/python3.10/site-packages/airflow/example_dags/example_complex.py for tasks to queue
[2023-03-07 08:40:55,063] {logging_mixin.py:115} INFO - [2023-03-07 08:40:55,063] {dagbag.py:507} INFO - Filling up the DagBag from /home/veri-pc/.local/lib/python3.10/site-packages/airflow/example_dags/example_complex.py
[2023-03-07 08:40:55,080] {processor.py:651} INFO - DAG(s) dict_keys(['example_complex']) retrieved from /home/veri-pc/.local/lib/python3.10/site-packages/airflow/example_dags/example_complex.py
[2023-03-07 08:40:55,126] {logging_mixin.py:115} INFO - [2023-03-07 08:40:55,126] {manager.py:508} INFO - Created Permission View: can delete on DAG:example_complex
[2023-03-07 08:40:55,132] {logging_mixin.py:115} INFO - [2023-03-07 08:40:55,132] {manager.py:508} INFO - Created Permission View: can read on DAG:example_complex
[2023-03-07 08:40:55,137] {logging_mixin.py:115} INFO - [2023-03-07 08:40:55,137] {manager.py:508} INFO - Created Permission View: can edit on DAG:example_complex
[2023-03-07 08:40:55,137] {logging_mixin.py:115} INFO - [2023-03-07 08:40:55,137] {dag.py:2379} INFO - Sync 1 DAGs
[2023-03-07 08:40:55,142] {logging_mixin.py:115} INFO - [2023-03-07 08:40:55,141] {dag.py:2398} INFO - Creating ORM DAG for example_complex
[2023-03-07 08:40:55,147] {logging_mixin.py:115} INFO - [2023-03-07 08:40:55,147] {dag.py:2927} INFO - Setting next_dagrun for example_complex to None, run_after=None
[2023-03-07 08:40:55,173] {processor.py:161} INFO - Processing /home/veri-pc/.local/lib/python3.10/site-packages/airflow/example_dags/example_complex.py took 0.114 seconds
[2023-03-07 08:41:27,425] {processor.py:153} INFO - Started process (PID=8243) to work on /home/veri-pc/.local/lib/python3.10/site-packages/airflow/example_dags/example_complex.py
[2023-03-07 08:41:27,427] {processor.py:641} INFO - Processing file /home/veri-pc/.local/lib/python3.10/site-packages/airflow/example_dags/example_complex.py for tasks to queue
[2023-03-07 08:41:27,428] {logging_mixin.py:115} INFO - [2023-03-07 08:41:27,428] {dagbag.py:507} INFO - Filling up the DagBag from /home/veri-pc/.local/lib/python3.10/site-packages/airflow/example_dags/example_complex.py
[2023-03-07 08:41:27,457] {processor.py:651} INFO - DAG(s) dict_keys(['example_complex']) retrieved from /home/veri-pc/.local/lib/python3.10/site-packages/airflow/example_dags/example_complex.py
[2023-03-07 08:41:27,472] {logging_mixin.py:115} INFO - [2023-03-07 08:41:27,472] {dag.py:2379} INFO - Sync 1 DAGs
[2023-03-07 08:41:27,482] {logging_mixin.py:115} INFO - [2023-03-07 08:41:27,482] {dag.py:2927} INFO - Setting next_dagrun for example_complex to None, run_after=None
[2023-03-07 08:41:27,490] {processor.py:161} INFO - Processing /home/veri-pc/.local/lib/python3.10/site-packages/airflow/example_dags/example_complex.py took 0.071 seconds
[2023-03-07 08:42:00,531] {processor.py:153} INFO - Started process (PID=8306) to work on /home/veri-pc/.local/lib/python3.10/site-packages/airflow/example_dags/example_complex.py
[2023-03-07 08:42:00,531] {processor.py:641} INFO - Processing file /home/veri-pc/.local/lib/python3.10/site-packages/airflow/example_dags/example_complex.py for tasks to queue
[2023-03-07 08:42:00,532] {logging_mixin.py:115} INFO - [2023-03-07 08:42:00,532] {dagbag.py:507} INFO - Filling up the DagBag from /home/veri-pc/.local/lib/python3.10/site-packages/airflow/example_dags/example_complex.py
[2023-03-07 08:42:00,545] {processor.py:651} INFO - DAG(s) dict_keys(['example_complex']) retrieved from /home/veri-pc/.local/lib/python3.10/site-packages/airflow/example_dags/example_complex.py
[2023-03-07 08:42:00,561] {logging_mixin.py:115} INFO - [2023-03-07 08:42:00,561] {dag.py:2379} INFO - Sync 1 DAGs
[2023-03-07 08:42:00,572] {logging_mixin.py:115} INFO - [2023-03-07 08:42:00,572] {dag.py:2927} INFO - Setting next_dagrun for example_complex to None, run_after=None
[2023-03-07 08:42:00,579] {processor.py:161} INFO - Processing /home/veri-pc/.local/lib/python3.10/site-packages/airflow/example_dags/example_complex.py took 0.051 seconds
[2023-03-07 08:42:33,020] {processor.py:153} INFO - Started process (PID=8373) to work on /home/veri-pc/.local/lib/python3.10/site-packages/airflow/example_dags/example_complex.py
[2023-03-07 08:42:33,021] {processor.py:641} INFO - Processing file /home/veri-pc/.local/lib/python3.10/site-packages/airflow/example_dags/example_complex.py for tasks to queue
[2023-03-07 08:42:33,022] {logging_mixin.py:115} INFO - [2023-03-07 08:42:33,022] {dagbag.py:507} INFO - Filling up the DagBag from /home/veri-pc/.local/lib/python3.10/site-packages/airflow/example_dags/example_complex.py
[2023-03-07 08:42:33,035] {processor.py:651} INFO - DAG(s) dict_keys(['example_complex']) retrieved from /home/veri-pc/.local/lib/python3.10/site-packages/airflow/example_dags/example_complex.py
[2023-03-07 08:42:33,047] {logging_mixin.py:115} INFO - [2023-03-07 08:42:33,047] {dag.py:2379} INFO - Sync 1 DAGs
[2023-03-07 08:42:33,056] {logging_mixin.py:115} INFO - [2023-03-07 08:42:33,056] {dag.py:2927} INFO - Setting next_dagrun for example_complex to None, run_after=None
[2023-03-07 08:42:33,063] {processor.py:161} INFO - Processing /home/veri-pc/.local/lib/python3.10/site-packages/airflow/example_dags/example_complex.py took 0.046 seconds
[2023-03-07 08:43:06,106] {processor.py:153} INFO - Started process (PID=8443) to work on /home/veri-pc/.local/lib/python3.10/site-packages/airflow/example_dags/example_complex.py
[2023-03-07 08:43:06,107] {processor.py:641} INFO - Processing file /home/veri-pc/.local/lib/python3.10/site-packages/airflow/example_dags/example_complex.py for tasks to queue
[2023-03-07 08:43:06,109] {logging_mixin.py:115} INFO - [2023-03-07 08:43:06,108] {dagbag.py:507} INFO - Filling up the DagBag from /home/veri-pc/.local/lib/python3.10/site-packages/airflow/example_dags/example_complex.py
[2023-03-07 08:43:06,142] {processor.py:651} INFO - DAG(s) dict_keys(['example_complex']) retrieved from /home/veri-pc/.local/lib/python3.10/site-packages/airflow/example_dags/example_complex.py
[2023-03-07 08:43:06,161] {logging_mixin.py:115} INFO - [2023-03-07 08:43:06,160] {dag.py:2379} INFO - Sync 1 DAGs
[2023-03-07 08:43:06,174] {logging_mixin.py:115} INFO - [2023-03-07 08:43:06,173] {dag.py:2927} INFO - Setting next_dagrun for example_complex to None, run_after=None
[2023-03-07 08:43:06,182] {processor.py:161} INFO - Processing /home/veri-pc/.local/lib/python3.10/site-packages/airflow/example_dags/example_complex.py took 0.083 seconds
[2023-03-07 08:43:39,897] {processor.py:153} INFO - Started process (PID=8525) to work on /home/veri-pc/.local/lib/python3.10/site-packages/airflow/example_dags/example_complex.py
[2023-03-07 08:43:39,897] {processor.py:641} INFO - Processing file /home/veri-pc/.local/lib/python3.10/site-packages/airflow/example_dags/example_complex.py for tasks to queue
[2023-03-07 08:43:39,898] {logging_mixin.py:115} INFO - [2023-03-07 08:43:39,898] {dagbag.py:507} INFO - Filling up the DagBag from /home/veri-pc/.local/lib/python3.10/site-packages/airflow/example_dags/example_complex.py
[2023-03-07 08:43:39,908] {processor.py:651} INFO - DAG(s) dict_keys(['example_complex']) retrieved from /home/veri-pc/.local/lib/python3.10/site-packages/airflow/example_dags/example_complex.py
[2023-03-07 08:43:39,920] {logging_mixin.py:115} INFO - [2023-03-07 08:43:39,920] {dag.py:2379} INFO - Sync 1 DAGs
[2023-03-07 08:43:39,932] {logging_mixin.py:115} INFO - [2023-03-07 08:43:39,932] {dag.py:2927} INFO - Setting next_dagrun for example_complex to None, run_after=None
[2023-03-07 08:43:39,939] {processor.py:161} INFO - Processing /home/veri-pc/.local/lib/python3.10/site-packages/airflow/example_dags/example_complex.py took 0.044 seconds
[2023-03-07 08:44:10,764] {processor.py:153} INFO - Started process (PID=8590) to work on /home/veri-pc/.local/lib/python3.10/site-packages/airflow/example_dags/example_complex.py
[2023-03-07 08:44:10,766] {processor.py:641} INFO - Processing file /home/veri-pc/.local/lib/python3.10/site-packages/airflow/example_dags/example_complex.py for tasks to queue
[2023-03-07 08:44:10,767] {logging_mixin.py:115} INFO - [2023-03-07 08:44:10,767] {dagbag.py:507} INFO - Filling up the DagBag from /home/veri-pc/.local/lib/python3.10/site-packages/airflow/example_dags/example_complex.py
[2023-03-07 08:44:10,792] {processor.py:651} INFO - DAG(s) dict_keys(['example_complex']) retrieved from /home/veri-pc/.local/lib/python3.10/site-packages/airflow/example_dags/example_complex.py
[2023-03-07 08:44:10,807] {logging_mixin.py:115} INFO - [2023-03-07 08:44:10,807] {dag.py:2379} INFO - Sync 1 DAGs
[2023-03-07 08:44:10,818] {logging_mixin.py:115} INFO - [2023-03-07 08:44:10,818] {dag.py:2927} INFO - Setting next_dagrun for example_complex to None, run_after=None
[2023-03-07 08:44:10,826] {processor.py:161} INFO - Processing /home/veri-pc/.local/lib/python3.10/site-packages/airflow/example_dags/example_complex.py took 0.068 seconds
[2023-03-07 08:44:45,001] {processor.py:153} INFO - Started process (PID=8667) to work on /home/veri-pc/.local/lib/python3.10/site-packages/airflow/example_dags/example_complex.py
[2023-03-07 08:44:45,002] {processor.py:641} INFO - Processing file /home/veri-pc/.local/lib/python3.10/site-packages/airflow/example_dags/example_complex.py for tasks to queue
[2023-03-07 08:44:45,003] {logging_mixin.py:115} INFO - [2023-03-07 08:44:45,003] {dagbag.py:507} INFO - Filling up the DagBag from /home/veri-pc/.local/lib/python3.10/site-packages/airflow/example_dags/example_complex.py
[2023-03-07 08:44:45,025] {processor.py:651} INFO - DAG(s) dict_keys(['example_complex']) retrieved from /home/veri-pc/.local/lib/python3.10/site-packages/airflow/example_dags/example_complex.py
[2023-03-07 08:44:45,039] {logging_mixin.py:115} INFO - [2023-03-07 08:44:45,039] {dag.py:2379} INFO - Sync 1 DAGs
[2023-03-07 08:44:45,050] {logging_mixin.py:115} INFO - [2023-03-07 08:44:45,050] {dag.py:2927} INFO - Setting next_dagrun for example_complex to None, run_after=None
[2023-03-07 08:44:45,059] {processor.py:161} INFO - Processing /home/veri-pc/.local/lib/python3.10/site-packages/airflow/example_dags/example_complex.py took 0.063 seconds
[2023-03-07 08:45:16,843] {processor.py:153} INFO - Started process (PID=8733) to work on /home/veri-pc/.local/lib/python3.10/site-packages/airflow/example_dags/example_complex.py
[2023-03-07 08:45:16,844] {processor.py:641} INFO - Processing file /home/veri-pc/.local/lib/python3.10/site-packages/airflow/example_dags/example_complex.py for tasks to queue
[2023-03-07 08:45:16,845] {logging_mixin.py:115} INFO - [2023-03-07 08:45:16,845] {dagbag.py:507} INFO - Filling up the DagBag from /home/veri-pc/.local/lib/python3.10/site-packages/airflow/example_dags/example_complex.py
[2023-03-07 08:45:16,870] {processor.py:651} INFO - DAG(s) dict_keys(['example_complex']) retrieved from /home/veri-pc/.local/lib/python3.10/site-packages/airflow/example_dags/example_complex.py
[2023-03-07 08:45:16,885] {logging_mixin.py:115} INFO - [2023-03-07 08:45:16,885] {dag.py:2379} INFO - Sync 1 DAGs
[2023-03-07 08:45:16,895] {logging_mixin.py:115} INFO - [2023-03-07 08:45:16,895] {dag.py:2927} INFO - Setting next_dagrun for example_complex to None, run_after=None
[2023-03-07 08:45:16,905] {processor.py:161} INFO - Processing /home/veri-pc/.local/lib/python3.10/site-packages/airflow/example_dags/example_complex.py took 0.069 seconds
[2023-03-07 08:45:49,158] {processor.py:153} INFO - Started process (PID=8808) to work on /home/veri-pc/.local/lib/python3.10/site-packages/airflow/example_dags/example_complex.py
[2023-03-07 08:45:49,159] {processor.py:641} INFO - Processing file /home/veri-pc/.local/lib/python3.10/site-packages/airflow/example_dags/example_complex.py for tasks to queue
[2023-03-07 08:45:49,160] {logging_mixin.py:115} INFO - [2023-03-07 08:45:49,160] {dagbag.py:507} INFO - Filling up the DagBag from /home/veri-pc/.local/lib/python3.10/site-packages/airflow/example_dags/example_complex.py
[2023-03-07 08:45:49,184] {processor.py:651} INFO - DAG(s) dict_keys(['example_complex']) retrieved from /home/veri-pc/.local/lib/python3.10/site-packages/airflow/example_dags/example_complex.py
[2023-03-07 08:45:49,200] {logging_mixin.py:115} INFO - [2023-03-07 08:45:49,200] {dag.py:2379} INFO - Sync 1 DAGs
[2023-03-07 08:45:49,212] {logging_mixin.py:115} INFO - [2023-03-07 08:45:49,212] {dag.py:2927} INFO - Setting next_dagrun for example_complex to None, run_after=None
[2023-03-07 08:45:49,221] {processor.py:161} INFO - Processing /home/veri-pc/.local/lib/python3.10/site-packages/airflow/example_dags/example_complex.py took 0.069 seconds
[2023-03-07 08:46:23,845] {processor.py:153} INFO - Started process (PID=8890) to work on /home/veri-pc/.local/lib/python3.10/site-packages/airflow/example_dags/example_complex.py
[2023-03-07 08:46:23,846] {processor.py:641} INFO - Processing file /home/veri-pc/.local/lib/python3.10/site-packages/airflow/example_dags/example_complex.py for tasks to queue
[2023-03-07 08:46:23,846] {logging_mixin.py:115} INFO - [2023-03-07 08:46:23,846] {dagbag.py:507} INFO - Filling up the DagBag from /home/veri-pc/.local/lib/python3.10/site-packages/airflow/example_dags/example_complex.py
[2023-03-07 08:46:23,857] {processor.py:651} INFO - DAG(s) dict_keys(['example_complex']) retrieved from /home/veri-pc/.local/lib/python3.10/site-packages/airflow/example_dags/example_complex.py
[2023-03-07 08:46:23,869] {logging_mixin.py:115} INFO - [2023-03-07 08:46:23,869] {dag.py:2379} INFO - Sync 1 DAGs
[2023-03-07 08:46:23,879] {logging_mixin.py:115} INFO - [2023-03-07 08:46:23,879] {dag.py:2927} INFO - Setting next_dagrun for example_complex to None, run_after=None
[2023-03-07 08:46:23,886] {processor.py:161} INFO - Processing /home/veri-pc/.local/lib/python3.10/site-packages/airflow/example_dags/example_complex.py took 0.044 seconds
[2023-03-07 08:46:57,203] {processor.py:153} INFO - Started process (PID=8981) to work on /home/veri-pc/.local/lib/python3.10/site-packages/airflow/example_dags/example_complex.py
[2023-03-07 08:46:57,205] {processor.py:641} INFO - Processing file /home/veri-pc/.local/lib/python3.10/site-packages/airflow/example_dags/example_complex.py for tasks to queue
[2023-03-07 08:46:57,206] {logging_mixin.py:115} INFO - [2023-03-07 08:46:57,205] {dagbag.py:507} INFO - Filling up the DagBag from /home/veri-pc/.local/lib/python3.10/site-packages/airflow/example_dags/example_complex.py
[2023-03-07 08:46:57,221] {processor.py:651} INFO - DAG(s) dict_keys(['example_complex']) retrieved from /home/veri-pc/.local/lib/python3.10/site-packages/airflow/example_dags/example_complex.py
[2023-03-07 08:46:57,242] {logging_mixin.py:115} INFO - [2023-03-07 08:46:57,242] {dag.py:2379} INFO - Sync 1 DAGs
[2023-03-07 08:46:57,260] {logging_mixin.py:115} INFO - [2023-03-07 08:46:57,260] {dag.py:2927} INFO - Setting next_dagrun for example_complex to None, run_after=None
[2023-03-07 08:46:57,276] {processor.py:161} INFO - Processing /home/veri-pc/.local/lib/python3.10/site-packages/airflow/example_dags/example_complex.py took 0.076 seconds
[2023-03-07 08:47:30,375] {processor.py:153} INFO - Started process (PID=9050) to work on /home/veri-pc/.local/lib/python3.10/site-packages/airflow/example_dags/example_complex.py
[2023-03-07 08:47:30,376] {processor.py:641} INFO - Processing file /home/veri-pc/.local/lib/python3.10/site-packages/airflow/example_dags/example_complex.py for tasks to queue
[2023-03-07 08:47:30,376] {logging_mixin.py:115} INFO - [2023-03-07 08:47:30,376] {dagbag.py:507} INFO - Filling up the DagBag from /home/veri-pc/.local/lib/python3.10/site-packages/airflow/example_dags/example_complex.py
[2023-03-07 08:47:30,387] {processor.py:651} INFO - DAG(s) dict_keys(['example_complex']) retrieved from /home/veri-pc/.local/lib/python3.10/site-packages/airflow/example_dags/example_complex.py
[2023-03-07 08:47:30,402] {logging_mixin.py:115} INFO - [2023-03-07 08:47:30,402] {dag.py:2379} INFO - Sync 1 DAGs
[2023-03-07 08:47:30,413] {logging_mixin.py:115} INFO - [2023-03-07 08:47:30,413] {dag.py:2927} INFO - Setting next_dagrun for example_complex to None, run_after=None
[2023-03-07 08:47:30,421] {processor.py:161} INFO - Processing /home/veri-pc/.local/lib/python3.10/site-packages/airflow/example_dags/example_complex.py took 0.048 seconds
[2023-03-07 08:48:03,736] {processor.py:153} INFO - Started process (PID=9155) to work on /home/veri-pc/.local/lib/python3.10/site-packages/airflow/example_dags/example_complex.py
[2023-03-07 08:48:03,737] {processor.py:641} INFO - Processing file /home/veri-pc/.local/lib/python3.10/site-packages/airflow/example_dags/example_complex.py for tasks to queue
[2023-03-07 08:48:03,738] {logging_mixin.py:115} INFO - [2023-03-07 08:48:03,738] {dagbag.py:507} INFO - Filling up the DagBag from /home/veri-pc/.local/lib/python3.10/site-packages/airflow/example_dags/example_complex.py
[2023-03-07 08:48:03,746] {processor.py:651} INFO - DAG(s) dict_keys(['example_complex']) retrieved from /home/veri-pc/.local/lib/python3.10/site-packages/airflow/example_dags/example_complex.py
[2023-03-07 08:48:03,759] {logging_mixin.py:115} INFO - [2023-03-07 08:48:03,759] {dag.py:2379} INFO - Sync 1 DAGs
[2023-03-07 08:48:03,771] {logging_mixin.py:115} INFO - [2023-03-07 08:48:03,771] {dag.py:2927} INFO - Setting next_dagrun for example_complex to None, run_after=None
[2023-03-07 08:48:03,781] {processor.py:161} INFO - Processing /home/veri-pc/.local/lib/python3.10/site-packages/airflow/example_dags/example_complex.py took 0.048 seconds
[2023-03-07 08:48:39,998] {processor.py:153} INFO - Started process (PID=9243) to work on /home/veri-pc/.local/lib/python3.10/site-packages/airflow/example_dags/example_complex.py
[2023-03-07 08:48:39,999] {processor.py:641} INFO - Processing file /home/veri-pc/.local/lib/python3.10/site-packages/airflow/example_dags/example_complex.py for tasks to queue
[2023-03-07 08:48:40,001] {logging_mixin.py:115} INFO - [2023-03-07 08:48:40,000] {dagbag.py:507} INFO - Filling up the DagBag from /home/veri-pc/.local/lib/python3.10/site-packages/airflow/example_dags/example_complex.py
[2023-03-07 08:48:40,028] {processor.py:651} INFO - DAG(s) dict_keys(['example_complex']) retrieved from /home/veri-pc/.local/lib/python3.10/site-packages/airflow/example_dags/example_complex.py
[2023-03-07 08:48:40,049] {logging_mixin.py:115} INFO - [2023-03-07 08:48:40,049] {dag.py:2379} INFO - Sync 1 DAGs
[2023-03-07 08:48:40,066] {logging_mixin.py:115} INFO - [2023-03-07 08:48:40,066] {dag.py:2927} INFO - Setting next_dagrun for example_complex to None, run_after=None
[2023-03-07 08:48:40,082] {processor.py:161} INFO - Processing /home/veri-pc/.local/lib/python3.10/site-packages/airflow/example_dags/example_complex.py took 0.090 seconds
[2023-03-07 08:49:11,383] {processor.py:153} INFO - Started process (PID=9318) to work on /home/veri-pc/.local/lib/python3.10/site-packages/airflow/example_dags/example_complex.py
[2023-03-07 08:49:11,383] {processor.py:641} INFO - Processing file /home/veri-pc/.local/lib/python3.10/site-packages/airflow/example_dags/example_complex.py for tasks to queue
[2023-03-07 08:49:11,384] {logging_mixin.py:115} INFO - [2023-03-07 08:49:11,384] {dagbag.py:507} INFO - Filling up the DagBag from /home/veri-pc/.local/lib/python3.10/site-packages/airflow/example_dags/example_complex.py
[2023-03-07 08:49:11,394] {processor.py:651} INFO - DAG(s) dict_keys(['example_complex']) retrieved from /home/veri-pc/.local/lib/python3.10/site-packages/airflow/example_dags/example_complex.py
[2023-03-07 08:49:11,410] {logging_mixin.py:115} INFO - [2023-03-07 08:49:11,410] {dag.py:2379} INFO - Sync 1 DAGs
[2023-03-07 08:49:11,421] {logging_mixin.py:115} INFO - [2023-03-07 08:49:11,420] {dag.py:2927} INFO - Setting next_dagrun for example_complex to None, run_after=None
[2023-03-07 08:49:11,428] {processor.py:161} INFO - Processing /home/veri-pc/.local/lib/python3.10/site-packages/airflow/example_dags/example_complex.py took 0.048 seconds
[2023-03-07 08:49:45,382] {processor.py:153} INFO - Started process (PID=9429) to work on /home/veri-pc/.local/lib/python3.10/site-packages/airflow/example_dags/example_complex.py
[2023-03-07 08:49:45,382] {processor.py:641} INFO - Processing file /home/veri-pc/.local/lib/python3.10/site-packages/airflow/example_dags/example_complex.py for tasks to queue
[2023-03-07 08:49:45,383] {logging_mixin.py:115} INFO - [2023-03-07 08:49:45,383] {dagbag.py:507} INFO - Filling up the DagBag from /home/veri-pc/.local/lib/python3.10/site-packages/airflow/example_dags/example_complex.py
[2023-03-07 08:49:45,395] {processor.py:651} INFO - DAG(s) dict_keys(['example_complex']) retrieved from /home/veri-pc/.local/lib/python3.10/site-packages/airflow/example_dags/example_complex.py
[2023-03-07 08:49:45,408] {logging_mixin.py:115} INFO - [2023-03-07 08:49:45,408] {dag.py:2379} INFO - Sync 1 DAGs
[2023-03-07 08:49:45,419] {logging_mixin.py:115} INFO - [2023-03-07 08:49:45,419] {dag.py:2927} INFO - Setting next_dagrun for example_complex to None, run_after=None
[2023-03-07 08:49:45,427] {processor.py:161} INFO - Processing /home/veri-pc/.local/lib/python3.10/site-packages/airflow/example_dags/example_complex.py took 0.049 seconds
[2023-03-07 08:50:17,280] {processor.py:153} INFO - Started process (PID=9511) to work on /home/veri-pc/.local/lib/python3.10/site-packages/airflow/example_dags/example_complex.py
[2023-03-07 08:50:17,281] {processor.py:641} INFO - Processing file /home/veri-pc/.local/lib/python3.10/site-packages/airflow/example_dags/example_complex.py for tasks to queue
[2023-03-07 08:50:17,282] {logging_mixin.py:115} INFO - [2023-03-07 08:50:17,282] {dagbag.py:507} INFO - Filling up the DagBag from /home/veri-pc/.local/lib/python3.10/site-packages/airflow/example_dags/example_complex.py
[2023-03-07 08:50:17,303] {processor.py:651} INFO - DAG(s) dict_keys(['example_complex']) retrieved from /home/veri-pc/.local/lib/python3.10/site-packages/airflow/example_dags/example_complex.py
[2023-03-07 08:50:17,320] {logging_mixin.py:115} INFO - [2023-03-07 08:50:17,320] {dag.py:2379} INFO - Sync 1 DAGs
[2023-03-07 08:50:17,331] {logging_mixin.py:115} INFO - [2023-03-07 08:50:17,331] {dag.py:2927} INFO - Setting next_dagrun for example_complex to None, run_after=None
[2023-03-07 08:50:17,339] {processor.py:161} INFO - Processing /home/veri-pc/.local/lib/python3.10/site-packages/airflow/example_dags/example_complex.py took 0.063 seconds
[2023-03-07 08:50:52,907] {processor.py:153} INFO - Started process (PID=9598) to work on /home/veri-pc/.local/lib/python3.10/site-packages/airflow/example_dags/example_complex.py
[2023-03-07 08:50:52,909] {processor.py:641} INFO - Processing file /home/veri-pc/.local/lib/python3.10/site-packages/airflow/example_dags/example_complex.py for tasks to queue
[2023-03-07 08:50:52,910] {logging_mixin.py:115} INFO - [2023-03-07 08:50:52,910] {dagbag.py:507} INFO - Filling up the DagBag from /home/veri-pc/.local/lib/python3.10/site-packages/airflow/example_dags/example_complex.py
[2023-03-07 08:50:52,935] {processor.py:651} INFO - DAG(s) dict_keys(['example_complex']) retrieved from /home/veri-pc/.local/lib/python3.10/site-packages/airflow/example_dags/example_complex.py
[2023-03-07 08:50:52,951] {logging_mixin.py:115} INFO - [2023-03-07 08:50:52,951] {dag.py:2379} INFO - Sync 1 DAGs
[2023-03-07 08:50:52,962] {logging_mixin.py:115} INFO - [2023-03-07 08:50:52,962] {dag.py:2927} INFO - Setting next_dagrun for example_complex to None, run_after=None
[2023-03-07 08:50:52,969] {processor.py:161} INFO - Processing /home/veri-pc/.local/lib/python3.10/site-packages/airflow/example_dags/example_complex.py took 0.068 seconds
[2023-03-07 08:51:25,302] {processor.py:153} INFO - Started process (PID=9699) to work on /home/veri-pc/.local/lib/python3.10/site-packages/airflow/example_dags/example_complex.py
[2023-03-07 08:51:25,304] {processor.py:641} INFO - Processing file /home/veri-pc/.local/lib/python3.10/site-packages/airflow/example_dags/example_complex.py for tasks to queue
[2023-03-07 08:51:25,305] {logging_mixin.py:115} INFO - [2023-03-07 08:51:25,305] {dagbag.py:507} INFO - Filling up the DagBag from /home/veri-pc/.local/lib/python3.10/site-packages/airflow/example_dags/example_complex.py
[2023-03-07 08:51:25,344] {processor.py:651} INFO - DAG(s) dict_keys(['example_complex']) retrieved from /home/veri-pc/.local/lib/python3.10/site-packages/airflow/example_dags/example_complex.py
[2023-03-07 08:51:25,402] {logging_mixin.py:115} INFO - [2023-03-07 08:51:25,401] {dag.py:2379} INFO - Sync 1 DAGs
[2023-03-07 08:51:25,427] {logging_mixin.py:115} INFO - [2023-03-07 08:51:25,427] {dag.py:2927} INFO - Setting next_dagrun for example_complex to None, run_after=None
[2023-03-07 08:51:25,438] {processor.py:161} INFO - Processing /home/veri-pc/.local/lib/python3.10/site-packages/airflow/example_dags/example_complex.py took 0.143 seconds
[2023-03-07 08:52:00,074] {processor.py:153} INFO - Started process (PID=9793) to work on /home/veri-pc/.local/lib/python3.10/site-packages/airflow/example_dags/example_complex.py
[2023-03-07 08:52:00,075] {processor.py:641} INFO - Processing file /home/veri-pc/.local/lib/python3.10/site-packages/airflow/example_dags/example_complex.py for tasks to queue
[2023-03-07 08:52:00,075] {logging_mixin.py:115} INFO - [2023-03-07 08:52:00,075] {dagbag.py:507} INFO - Filling up the DagBag from /home/veri-pc/.local/lib/python3.10/site-packages/airflow/example_dags/example_complex.py
[2023-03-07 08:52:00,082] {processor.py:651} INFO - DAG(s) dict_keys(['example_complex']) retrieved from /home/veri-pc/.local/lib/python3.10/site-packages/airflow/example_dags/example_complex.py
[2023-03-07 08:52:00,092] {logging_mixin.py:115} INFO - [2023-03-07 08:52:00,092] {dag.py:2379} INFO - Sync 1 DAGs
[2023-03-07 08:52:00,101] {logging_mixin.py:115} INFO - [2023-03-07 08:52:00,101] {dag.py:2927} INFO - Setting next_dagrun for example_complex to None, run_after=None
[2023-03-07 08:52:00,109] {processor.py:161} INFO - Processing /home/veri-pc/.local/lib/python3.10/site-packages/airflow/example_dags/example_complex.py took 0.036 seconds
[2023-03-07 08:52:33,209] {processor.py:153} INFO - Started process (PID=9878) to work on /home/veri-pc/.local/lib/python3.10/site-packages/airflow/example_dags/example_complex.py
[2023-03-07 08:52:33,210] {processor.py:641} INFO - Processing file /home/veri-pc/.local/lib/python3.10/site-packages/airflow/example_dags/example_complex.py for tasks to queue
[2023-03-07 08:52:33,211] {logging_mixin.py:115} INFO - [2023-03-07 08:52:33,211] {dagbag.py:507} INFO - Filling up the DagBag from /home/veri-pc/.local/lib/python3.10/site-packages/airflow/example_dags/example_complex.py
[2023-03-07 08:52:33,233] {processor.py:651} INFO - DAG(s) dict_keys(['example_complex']) retrieved from /home/veri-pc/.local/lib/python3.10/site-packages/airflow/example_dags/example_complex.py
[2023-03-07 08:52:33,251] {logging_mixin.py:115} INFO - [2023-03-07 08:52:33,251] {dag.py:2379} INFO - Sync 1 DAGs
[2023-03-07 08:52:33,265] {logging_mixin.py:115} INFO - [2023-03-07 08:52:33,265] {dag.py:2927} INFO - Setting next_dagrun for example_complex to None, run_after=None
[2023-03-07 08:52:33,274] {processor.py:161} INFO - Processing /home/veri-pc/.local/lib/python3.10/site-packages/airflow/example_dags/example_complex.py took 0.071 seconds
[2023-03-07 08:53:07,827] {processor.py:153} INFO - Started process (PID=9983) to work on /home/veri-pc/.local/lib/python3.10/site-packages/airflow/example_dags/example_complex.py
[2023-03-07 08:53:07,833] {processor.py:641} INFO - Processing file /home/veri-pc/.local/lib/python3.10/site-packages/airflow/example_dags/example_complex.py for tasks to queue
[2023-03-07 08:53:07,833] {logging_mixin.py:115} INFO - [2023-03-07 08:53:07,833] {dagbag.py:507} INFO - Filling up the DagBag from /home/veri-pc/.local/lib/python3.10/site-packages/airflow/example_dags/example_complex.py
[2023-03-07 08:53:07,846] {processor.py:651} INFO - DAG(s) dict_keys(['example_complex']) retrieved from /home/veri-pc/.local/lib/python3.10/site-packages/airflow/example_dags/example_complex.py
[2023-03-07 08:53:07,870] {logging_mixin.py:115} INFO - [2023-03-07 08:53:07,870] {dag.py:2379} INFO - Sync 1 DAGs
[2023-03-07 08:53:07,902] {logging_mixin.py:115} INFO - [2023-03-07 08:53:07,902] {dag.py:2927} INFO - Setting next_dagrun for example_complex to None, run_after=None
[2023-03-07 08:53:08,035] {processor.py:161} INFO - Processing /home/veri-pc/.local/lib/python3.10/site-packages/airflow/example_dags/example_complex.py took 0.209 seconds
[2023-03-07 08:53:42,173] {processor.py:153} INFO - Started process (PID=10063) to work on /home/veri-pc/.local/lib/python3.10/site-packages/airflow/example_dags/example_complex.py
[2023-03-07 08:53:42,174] {processor.py:641} INFO - Processing file /home/veri-pc/.local/lib/python3.10/site-packages/airflow/example_dags/example_complex.py for tasks to queue
[2023-03-07 08:53:42,174] {logging_mixin.py:115} INFO - [2023-03-07 08:53:42,174] {dagbag.py:507} INFO - Filling up the DagBag from /home/veri-pc/.local/lib/python3.10/site-packages/airflow/example_dags/example_complex.py
[2023-03-07 08:53:42,181] {processor.py:651} INFO - DAG(s) dict_keys(['example_complex']) retrieved from /home/veri-pc/.local/lib/python3.10/site-packages/airflow/example_dags/example_complex.py
[2023-03-07 08:53:42,192] {logging_mixin.py:115} INFO - [2023-03-07 08:53:42,192] {dag.py:2379} INFO - Sync 1 DAGs
[2023-03-07 08:53:42,203] {logging_mixin.py:115} INFO - [2023-03-07 08:53:42,203] {dag.py:2927} INFO - Setting next_dagrun for example_complex to None, run_after=None
[2023-03-07 08:53:42,211] {processor.py:161} INFO - Processing /home/veri-pc/.local/lib/python3.10/site-packages/airflow/example_dags/example_complex.py took 0.039 seconds
[2023-03-07 08:54:40,402] {processor.py:153} INFO - Started process (PID=10660) to work on /home/veri-pc/.local/lib/python3.10/site-packages/airflow/example_dags/example_complex.py
[2023-03-07 08:54:40,403] {processor.py:641} INFO - Processing file /home/veri-pc/.local/lib/python3.10/site-packages/airflow/example_dags/example_complex.py for tasks to queue
[2023-03-07 08:54:40,405] {logging_mixin.py:115} INFO - [2023-03-07 08:54:40,405] {dagbag.py:507} INFO - Filling up the DagBag from /home/veri-pc/.local/lib/python3.10/site-packages/airflow/example_dags/example_complex.py
[2023-03-07 08:54:40,416] {processor.py:651} INFO - DAG(s) dict_keys(['example_complex']) retrieved from /home/veri-pc/.local/lib/python3.10/site-packages/airflow/example_dags/example_complex.py
[2023-03-07 08:54:40,433] {logging_mixin.py:115} INFO - [2023-03-07 08:54:40,433] {dag.py:2379} INFO - Sync 1 DAGs
[2023-03-07 08:54:40,450] {logging_mixin.py:115} INFO - [2023-03-07 08:54:40,450] {dag.py:2927} INFO - Setting next_dagrun for example_complex to None, run_after=None
[2023-03-07 08:54:40,463] {processor.py:161} INFO - Processing /home/veri-pc/.local/lib/python3.10/site-packages/airflow/example_dags/example_complex.py took 0.063 seconds
[2023-03-07 08:55:12,381] {processor.py:153} INFO - Started process (PID=10902) to work on /home/veri-pc/.local/lib/python3.10/site-packages/airflow/example_dags/example_complex.py
[2023-03-07 08:55:12,382] {processor.py:641} INFO - Processing file /home/veri-pc/.local/lib/python3.10/site-packages/airflow/example_dags/example_complex.py for tasks to queue
[2023-03-07 08:55:12,382] {logging_mixin.py:115} INFO - [2023-03-07 08:55:12,382] {dagbag.py:507} INFO - Filling up the DagBag from /home/veri-pc/.local/lib/python3.10/site-packages/airflow/example_dags/example_complex.py
[2023-03-07 08:55:12,392] {processor.py:651} INFO - DAG(s) dict_keys(['example_complex']) retrieved from /home/veri-pc/.local/lib/python3.10/site-packages/airflow/example_dags/example_complex.py
[2023-03-07 08:55:12,416] {logging_mixin.py:115} INFO - [2023-03-07 08:55:12,416] {dag.py:2379} INFO - Sync 1 DAGs
[2023-03-07 08:55:12,435] {logging_mixin.py:115} INFO - [2023-03-07 08:55:12,435] {dag.py:2927} INFO - Setting next_dagrun for example_complex to None, run_after=None
[2023-03-07 08:55:12,448] {processor.py:161} INFO - Processing /home/veri-pc/.local/lib/python3.10/site-packages/airflow/example_dags/example_complex.py took 0.069 seconds
[2023-03-07 08:55:45,940] {processor.py:153} INFO - Started process (PID=10973) to work on /home/veri-pc/.local/lib/python3.10/site-packages/airflow/example_dags/example_complex.py
[2023-03-07 08:55:45,941] {processor.py:641} INFO - Processing file /home/veri-pc/.local/lib/python3.10/site-packages/airflow/example_dags/example_complex.py for tasks to queue
[2023-03-07 08:55:45,943] {logging_mixin.py:115} INFO - [2023-03-07 08:55:45,942] {dagbag.py:507} INFO - Filling up the DagBag from /home/veri-pc/.local/lib/python3.10/site-packages/airflow/example_dags/example_complex.py
[2023-03-07 08:55:45,962] {processor.py:651} INFO - DAG(s) dict_keys(['example_complex']) retrieved from /home/veri-pc/.local/lib/python3.10/site-packages/airflow/example_dags/example_complex.py
[2023-03-07 08:55:45,978] {logging_mixin.py:115} INFO - [2023-03-07 08:55:45,978] {dag.py:2379} INFO - Sync 1 DAGs
[2023-03-07 08:55:45,988] {logging_mixin.py:115} INFO - [2023-03-07 08:55:45,988] {dag.py:2927} INFO - Setting next_dagrun for example_complex to None, run_after=None
[2023-03-07 08:55:45,996] {processor.py:161} INFO - Processing /home/veri-pc/.local/lib/python3.10/site-packages/airflow/example_dags/example_complex.py took 0.063 seconds
[2023-03-07 09:02:00,028] {processor.py:153} INFO - Started process (PID=11875) to work on /home/veri-pc/.local/lib/python3.10/site-packages/airflow/example_dags/example_complex.py
[2023-03-07 09:02:00,029] {processor.py:641} INFO - Processing file /home/veri-pc/.local/lib/python3.10/site-packages/airflow/example_dags/example_complex.py for tasks to queue
[2023-03-07 09:02:00,029] {logging_mixin.py:115} INFO - [2023-03-07 09:02:00,029] {dagbag.py:507} INFO - Filling up the DagBag from /home/veri-pc/.local/lib/python3.10/site-packages/airflow/example_dags/example_complex.py
[2023-03-07 09:02:00,038] {processor.py:651} INFO - DAG(s) dict_keys(['example_complex']) retrieved from /home/veri-pc/.local/lib/python3.10/site-packages/airflow/example_dags/example_complex.py
[2023-03-07 09:02:00,051] {logging_mixin.py:115} INFO - [2023-03-07 09:02:00,051] {dag.py:2379} INFO - Sync 1 DAGs
[2023-03-07 09:02:00,066] {logging_mixin.py:115} INFO - [2023-03-07 09:02:00,066] {dag.py:2927} INFO - Setting next_dagrun for example_complex to None, run_after=None
[2023-03-07 09:02:00,079] {processor.py:161} INFO - Processing /home/veri-pc/.local/lib/python3.10/site-packages/airflow/example_dags/example_complex.py took 0.052 seconds
[2023-03-07 09:02:32,030] {processor.py:153} INFO - Started process (PID=11971) to work on /home/veri-pc/.local/lib/python3.10/site-packages/airflow/example_dags/example_complex.py
[2023-03-07 09:02:32,031] {processor.py:641} INFO - Processing file /home/veri-pc/.local/lib/python3.10/site-packages/airflow/example_dags/example_complex.py for tasks to queue
[2023-03-07 09:02:32,032] {logging_mixin.py:115} INFO - [2023-03-07 09:02:32,032] {dagbag.py:507} INFO - Filling up the DagBag from /home/veri-pc/.local/lib/python3.10/site-packages/airflow/example_dags/example_complex.py
[2023-03-07 09:02:32,051] {processor.py:651} INFO - DAG(s) dict_keys(['example_complex']) retrieved from /home/veri-pc/.local/lib/python3.10/site-packages/airflow/example_dags/example_complex.py
[2023-03-07 09:02:32,069] {logging_mixin.py:115} INFO - [2023-03-07 09:02:32,069] {dag.py:2379} INFO - Sync 1 DAGs
[2023-03-07 09:02:32,080] {logging_mixin.py:115} INFO - [2023-03-07 09:02:32,080] {dag.py:2927} INFO - Setting next_dagrun for example_complex to None, run_after=None
[2023-03-07 09:02:32,088] {processor.py:161} INFO - Processing /home/veri-pc/.local/lib/python3.10/site-packages/airflow/example_dags/example_complex.py took 0.062 seconds
[2023-03-07 09:03:04,584] {processor.py:153} INFO - Started process (PID=12040) to work on /home/veri-pc/.local/lib/python3.10/site-packages/airflow/example_dags/example_complex.py
[2023-03-07 09:03:04,585] {processor.py:641} INFO - Processing file /home/veri-pc/.local/lib/python3.10/site-packages/airflow/example_dags/example_complex.py for tasks to queue
[2023-03-07 09:03:04,586] {logging_mixin.py:115} INFO - [2023-03-07 09:03:04,586] {dagbag.py:507} INFO - Filling up the DagBag from /home/veri-pc/.local/lib/python3.10/site-packages/airflow/example_dags/example_complex.py
[2023-03-07 09:03:04,605] {processor.py:651} INFO - DAG(s) dict_keys(['example_complex']) retrieved from /home/veri-pc/.local/lib/python3.10/site-packages/airflow/example_dags/example_complex.py
[2023-03-07 09:03:04,623] {logging_mixin.py:115} INFO - [2023-03-07 09:03:04,622] {dag.py:2379} INFO - Sync 1 DAGs
[2023-03-07 09:03:04,634] {logging_mixin.py:115} INFO - [2023-03-07 09:03:04,634] {dag.py:2927} INFO - Setting next_dagrun for example_complex to None, run_after=None
[2023-03-07 09:03:04,641] {processor.py:161} INFO - Processing /home/veri-pc/.local/lib/python3.10/site-packages/airflow/example_dags/example_complex.py took 0.062 seconds
[2023-03-07 09:03:36,529] {processor.py:153} INFO - Started process (PID=12210) to work on /home/veri-pc/.local/lib/python3.10/site-packages/airflow/example_dags/example_complex.py
[2023-03-07 09:03:36,531] {processor.py:641} INFO - Processing file /home/veri-pc/.local/lib/python3.10/site-packages/airflow/example_dags/example_complex.py for tasks to queue
[2023-03-07 09:03:36,532] {logging_mixin.py:115} INFO - [2023-03-07 09:03:36,532] {dagbag.py:507} INFO - Filling up the DagBag from /home/veri-pc/.local/lib/python3.10/site-packages/airflow/example_dags/example_complex.py
[2023-03-07 09:03:36,552] {processor.py:651} INFO - DAG(s) dict_keys(['example_complex']) retrieved from /home/veri-pc/.local/lib/python3.10/site-packages/airflow/example_dags/example_complex.py
[2023-03-07 09:03:36,569] {logging_mixin.py:115} INFO - [2023-03-07 09:03:36,569] {dag.py:2379} INFO - Sync 1 DAGs
[2023-03-07 09:03:36,581] {logging_mixin.py:115} INFO - [2023-03-07 09:03:36,580] {dag.py:2927} INFO - Setting next_dagrun for example_complex to None, run_after=None
[2023-03-07 09:03:36,592] {processor.py:161} INFO - Processing /home/veri-pc/.local/lib/python3.10/site-packages/airflow/example_dags/example_complex.py took 0.069 seconds
[2023-03-07 09:04:10,830] {processor.py:153} INFO - Started process (PID=12292) to work on /home/veri-pc/.local/lib/python3.10/site-packages/airflow/example_dags/example_complex.py
[2023-03-07 09:04:10,831] {processor.py:641} INFO - Processing file /home/veri-pc/.local/lib/python3.10/site-packages/airflow/example_dags/example_complex.py for tasks to queue
[2023-03-07 09:04:10,832] {logging_mixin.py:115} INFO - [2023-03-07 09:04:10,832] {dagbag.py:507} INFO - Filling up the DagBag from /home/veri-pc/.local/lib/python3.10/site-packages/airflow/example_dags/example_complex.py
[2023-03-07 09:04:10,842] {processor.py:651} INFO - DAG(s) dict_keys(['example_complex']) retrieved from /home/veri-pc/.local/lib/python3.10/site-packages/airflow/example_dags/example_complex.py
[2023-03-07 09:04:10,857] {logging_mixin.py:115} INFO - [2023-03-07 09:04:10,857] {dag.py:2379} INFO - Sync 1 DAGs
[2023-03-07 09:04:10,870] {logging_mixin.py:115} INFO - [2023-03-07 09:04:10,870] {dag.py:2927} INFO - Setting next_dagrun for example_complex to None, run_after=None
[2023-03-07 09:04:10,878] {processor.py:161} INFO - Processing /home/veri-pc/.local/lib/python3.10/site-packages/airflow/example_dags/example_complex.py took 0.050 seconds
[2023-03-07 09:04:44,081] {processor.py:153} INFO - Started process (PID=12368) to work on /home/veri-pc/.local/lib/python3.10/site-packages/airflow/example_dags/example_complex.py
[2023-03-07 09:04:44,081] {processor.py:641} INFO - Processing file /home/veri-pc/.local/lib/python3.10/site-packages/airflow/example_dags/example_complex.py for tasks to queue
[2023-03-07 09:04:44,081] {logging_mixin.py:115} INFO - [2023-03-07 09:04:44,081] {dagbag.py:507} INFO - Filling up the DagBag from /home/veri-pc/.local/lib/python3.10/site-packages/airflow/example_dags/example_complex.py
[2023-03-07 09:04:44,090] {processor.py:651} INFO - DAG(s) dict_keys(['example_complex']) retrieved from /home/veri-pc/.local/lib/python3.10/site-packages/airflow/example_dags/example_complex.py
[2023-03-07 09:04:44,104] {logging_mixin.py:115} INFO - [2023-03-07 09:04:44,104] {dag.py:2379} INFO - Sync 1 DAGs
[2023-03-07 09:04:44,116] {logging_mixin.py:115} INFO - [2023-03-07 09:04:44,116] {dag.py:2927} INFO - Setting next_dagrun for example_complex to None, run_after=None
[2023-03-07 09:04:44,124] {processor.py:161} INFO - Processing /home/veri-pc/.local/lib/python3.10/site-packages/airflow/example_dags/example_complex.py took 0.045 seconds
[2023-03-07 09:05:17,552] {processor.py:153} INFO - Started process (PID=12454) to work on /home/veri-pc/.local/lib/python3.10/site-packages/airflow/example_dags/example_complex.py
[2023-03-07 09:05:17,553] {processor.py:641} INFO - Processing file /home/veri-pc/.local/lib/python3.10/site-packages/airflow/example_dags/example_complex.py for tasks to queue
[2023-03-07 09:05:17,553] {logging_mixin.py:115} INFO - [2023-03-07 09:05:17,553] {dagbag.py:507} INFO - Filling up the DagBag from /home/veri-pc/.local/lib/python3.10/site-packages/airflow/example_dags/example_complex.py
[2023-03-07 09:05:17,566] {processor.py:651} INFO - DAG(s) dict_keys(['example_complex']) retrieved from /home/veri-pc/.local/lib/python3.10/site-packages/airflow/example_dags/example_complex.py
[2023-03-07 09:05:17,585] {logging_mixin.py:115} INFO - [2023-03-07 09:05:17,585] {dag.py:2379} INFO - Sync 1 DAGs
[2023-03-07 09:05:17,596] {logging_mixin.py:115} INFO - [2023-03-07 09:05:17,596] {dag.py:2927} INFO - Setting next_dagrun for example_complex to None, run_after=None
[2023-03-07 09:05:17,604] {processor.py:161} INFO - Processing /home/veri-pc/.local/lib/python3.10/site-packages/airflow/example_dags/example_complex.py took 0.055 seconds
[2023-03-07 09:05:49,855] {processor.py:153} INFO - Started process (PID=12526) to work on /home/veri-pc/.local/lib/python3.10/site-packages/airflow/example_dags/example_complex.py
[2023-03-07 09:05:49,856] {processor.py:641} INFO - Processing file /home/veri-pc/.local/lib/python3.10/site-packages/airflow/example_dags/example_complex.py for tasks to queue
[2023-03-07 09:05:49,857] {logging_mixin.py:115} INFO - [2023-03-07 09:05:49,857] {dagbag.py:507} INFO - Filling up the DagBag from /home/veri-pc/.local/lib/python3.10/site-packages/airflow/example_dags/example_complex.py
[2023-03-07 09:05:49,882] {processor.py:651} INFO - DAG(s) dict_keys(['example_complex']) retrieved from /home/veri-pc/.local/lib/python3.10/site-packages/airflow/example_dags/example_complex.py
[2023-03-07 09:05:49,898] {logging_mixin.py:115} INFO - [2023-03-07 09:05:49,898] {dag.py:2379} INFO - Sync 1 DAGs
[2023-03-07 09:05:49,908] {logging_mixin.py:115} INFO - [2023-03-07 09:05:49,908] {dag.py:2927} INFO - Setting next_dagrun for example_complex to None, run_after=None
[2023-03-07 09:05:49,917] {processor.py:161} INFO - Processing /home/veri-pc/.local/lib/python3.10/site-packages/airflow/example_dags/example_complex.py took 0.069 seconds
[2023-03-07 09:06:24,646] {processor.py:153} INFO - Started process (PID=12600) to work on /home/veri-pc/.local/lib/python3.10/site-packages/airflow/example_dags/example_complex.py
[2023-03-07 09:06:24,648] {processor.py:641} INFO - Processing file /home/veri-pc/.local/lib/python3.10/site-packages/airflow/example_dags/example_complex.py for tasks to queue
[2023-03-07 09:06:24,649] {logging_mixin.py:115} INFO - [2023-03-07 09:06:24,649] {dagbag.py:507} INFO - Filling up the DagBag from /home/veri-pc/.local/lib/python3.10/site-packages/airflow/example_dags/example_complex.py
[2023-03-07 09:06:24,672] {processor.py:651} INFO - DAG(s) dict_keys(['example_complex']) retrieved from /home/veri-pc/.local/lib/python3.10/site-packages/airflow/example_dags/example_complex.py
[2023-03-07 09:06:24,688] {logging_mixin.py:115} INFO - [2023-03-07 09:06:24,688] {dag.py:2379} INFO - Sync 1 DAGs
[2023-03-07 09:06:24,699] {logging_mixin.py:115} INFO - [2023-03-07 09:06:24,699] {dag.py:2927} INFO - Setting next_dagrun for example_complex to None, run_after=None
[2023-03-07 09:06:24,707] {processor.py:161} INFO - Processing /home/veri-pc/.local/lib/python3.10/site-packages/airflow/example_dags/example_complex.py took 0.067 seconds
[2023-03-07 09:06:55,465] {processor.py:153} INFO - Started process (PID=12658) to work on /home/veri-pc/.local/lib/python3.10/site-packages/airflow/example_dags/example_complex.py
[2023-03-07 09:06:55,466] {processor.py:641} INFO - Processing file /home/veri-pc/.local/lib/python3.10/site-packages/airflow/example_dags/example_complex.py for tasks to queue
[2023-03-07 09:06:55,468] {logging_mixin.py:115} INFO - [2023-03-07 09:06:55,467] {dagbag.py:507} INFO - Filling up the DagBag from /home/veri-pc/.local/lib/python3.10/site-packages/airflow/example_dags/example_complex.py
[2023-03-07 09:06:55,492] {processor.py:651} INFO - DAG(s) dict_keys(['example_complex']) retrieved from /home/veri-pc/.local/lib/python3.10/site-packages/airflow/example_dags/example_complex.py
[2023-03-07 09:06:55,508] {logging_mixin.py:115} INFO - [2023-03-07 09:06:55,508] {dag.py:2379} INFO - Sync 1 DAGs
[2023-03-07 09:06:55,519] {logging_mixin.py:115} INFO - [2023-03-07 09:06:55,519] {dag.py:2927} INFO - Setting next_dagrun for example_complex to None, run_after=None
[2023-03-07 09:06:55,527] {processor.py:161} INFO - Processing /home/veri-pc/.local/lib/python3.10/site-packages/airflow/example_dags/example_complex.py took 0.069 seconds
[2023-03-07 09:07:29,146] {processor.py:153} INFO - Started process (PID=12743) to work on /home/veri-pc/.local/lib/python3.10/site-packages/airflow/example_dags/example_complex.py
[2023-03-07 09:07:29,147] {processor.py:641} INFO - Processing file /home/veri-pc/.local/lib/python3.10/site-packages/airflow/example_dags/example_complex.py for tasks to queue
[2023-03-07 09:07:29,148] {logging_mixin.py:115} INFO - [2023-03-07 09:07:29,148] {dagbag.py:507} INFO - Filling up the DagBag from /home/veri-pc/.local/lib/python3.10/site-packages/airflow/example_dags/example_complex.py
[2023-03-07 09:07:29,178] {processor.py:651} INFO - DAG(s) dict_keys(['example_complex']) retrieved from /home/veri-pc/.local/lib/python3.10/site-packages/airflow/example_dags/example_complex.py
[2023-03-07 09:07:29,197] {logging_mixin.py:115} INFO - [2023-03-07 09:07:29,197] {dag.py:2379} INFO - Sync 1 DAGs
[2023-03-07 09:07:29,208] {logging_mixin.py:115} INFO - [2023-03-07 09:07:29,208] {dag.py:2927} INFO - Setting next_dagrun for example_complex to None, run_after=None
[2023-03-07 09:07:29,216] {processor.py:161} INFO - Processing /home/veri-pc/.local/lib/python3.10/site-packages/airflow/example_dags/example_complex.py took 0.077 seconds
[2023-03-07 09:08:00,672] {processor.py:153} INFO - Started process (PID=12858) to work on /home/veri-pc/.local/lib/python3.10/site-packages/airflow/example_dags/example_complex.py
[2023-03-07 09:08:00,673] {processor.py:641} INFO - Processing file /home/veri-pc/.local/lib/python3.10/site-packages/airflow/example_dags/example_complex.py for tasks to queue
[2023-03-07 09:08:00,674] {logging_mixin.py:115} INFO - [2023-03-07 09:08:00,674] {dagbag.py:507} INFO - Filling up the DagBag from /home/veri-pc/.local/lib/python3.10/site-packages/airflow/example_dags/example_complex.py
[2023-03-07 09:08:00,698] {processor.py:651} INFO - DAG(s) dict_keys(['example_complex']) retrieved from /home/veri-pc/.local/lib/python3.10/site-packages/airflow/example_dags/example_complex.py
[2023-03-07 09:08:00,718] {logging_mixin.py:115} INFO - [2023-03-07 09:08:00,718] {dag.py:2379} INFO - Sync 1 DAGs
[2023-03-07 09:08:00,729] {logging_mixin.py:115} INFO - [2023-03-07 09:08:00,729] {dag.py:2927} INFO - Setting next_dagrun for example_complex to None, run_after=None
[2023-03-07 09:08:00,740] {processor.py:161} INFO - Processing /home/veri-pc/.local/lib/python3.10/site-packages/airflow/example_dags/example_complex.py took 0.074 seconds
[2023-03-07 09:08:33,085] {processor.py:153} INFO - Started process (PID=12930) to work on /home/veri-pc/.local/lib/python3.10/site-packages/airflow/example_dags/example_complex.py
[2023-03-07 09:08:33,086] {processor.py:641} INFO - Processing file /home/veri-pc/.local/lib/python3.10/site-packages/airflow/example_dags/example_complex.py for tasks to queue
[2023-03-07 09:08:33,087] {logging_mixin.py:115} INFO - [2023-03-07 09:08:33,087] {dagbag.py:507} INFO - Filling up the DagBag from /home/veri-pc/.local/lib/python3.10/site-packages/airflow/example_dags/example_complex.py
[2023-03-07 09:08:33,111] {processor.py:651} INFO - DAG(s) dict_keys(['example_complex']) retrieved from /home/veri-pc/.local/lib/python3.10/site-packages/airflow/example_dags/example_complex.py
[2023-03-07 09:08:33,128] {logging_mixin.py:115} INFO - [2023-03-07 09:08:33,127] {dag.py:2379} INFO - Sync 1 DAGs
[2023-03-07 09:08:33,138] {logging_mixin.py:115} INFO - [2023-03-07 09:08:33,138] {dag.py:2927} INFO - Setting next_dagrun for example_complex to None, run_after=None
[2023-03-07 09:08:33,148] {processor.py:161} INFO - Processing /home/veri-pc/.local/lib/python3.10/site-packages/airflow/example_dags/example_complex.py took 0.070 seconds
[2023-03-07 09:09:05,052] {processor.py:153} INFO - Started process (PID=13009) to work on /home/veri-pc/.local/lib/python3.10/site-packages/airflow/example_dags/example_complex.py
[2023-03-07 09:09:05,053] {processor.py:641} INFO - Processing file /home/veri-pc/.local/lib/python3.10/site-packages/airflow/example_dags/example_complex.py for tasks to queue
[2023-03-07 09:09:05,053] {logging_mixin.py:115} INFO - [2023-03-07 09:09:05,053] {dagbag.py:507} INFO - Filling up the DagBag from /home/veri-pc/.local/lib/python3.10/site-packages/airflow/example_dags/example_complex.py
[2023-03-07 09:09:05,065] {processor.py:651} INFO - DAG(s) dict_keys(['example_complex']) retrieved from /home/veri-pc/.local/lib/python3.10/site-packages/airflow/example_dags/example_complex.py
[2023-03-07 09:09:05,083] {logging_mixin.py:115} INFO - [2023-03-07 09:09:05,083] {dag.py:2379} INFO - Sync 1 DAGs
[2023-03-07 09:09:05,095] {logging_mixin.py:115} INFO - [2023-03-07 09:09:05,095] {dag.py:2927} INFO - Setting next_dagrun for example_complex to None, run_after=None
[2023-03-07 09:09:05,102] {processor.py:161} INFO - Processing /home/veri-pc/.local/lib/python3.10/site-packages/airflow/example_dags/example_complex.py took 0.053 seconds
[2023-03-07 09:10:02,187] {processor.py:153} INFO - Started process (PID=13218) to work on /home/veri-pc/.local/lib/python3.10/site-packages/airflow/example_dags/example_complex.py
[2023-03-07 09:10:02,188] {processor.py:641} INFO - Processing file /home/veri-pc/.local/lib/python3.10/site-packages/airflow/example_dags/example_complex.py for tasks to queue
[2023-03-07 09:10:02,189] {logging_mixin.py:115} INFO - [2023-03-07 09:10:02,189] {dagbag.py:507} INFO - Filling up the DagBag from /home/veri-pc/.local/lib/python3.10/site-packages/airflow/example_dags/example_complex.py
[2023-03-07 09:10:02,213] {processor.py:651} INFO - DAG(s) dict_keys(['example_complex']) retrieved from /home/veri-pc/.local/lib/python3.10/site-packages/airflow/example_dags/example_complex.py
[2023-03-07 09:10:02,229] {logging_mixin.py:115} INFO - [2023-03-07 09:10:02,229] {dag.py:2379} INFO - Sync 1 DAGs
[2023-03-07 09:10:02,240] {logging_mixin.py:115} INFO - [2023-03-07 09:10:02,240] {dag.py:2927} INFO - Setting next_dagrun for example_complex to None, run_after=None
[2023-03-07 09:10:02,248] {processor.py:161} INFO - Processing /home/veri-pc/.local/lib/python3.10/site-packages/airflow/example_dags/example_complex.py took 0.068 seconds
