[2023-03-07 08:41:01,750] {processor.py:153} INFO - Started process (PID=8189) to work on /home/veri-pc/.local/lib/python3.10/site-packages/airflow/example_dags/example_xcom.py
[2023-03-07 08:41:01,751] {processor.py:641} INFO - Processing file /home/veri-pc/.local/lib/python3.10/site-packages/airflow/example_dags/example_xcom.py for tasks to queue
[2023-03-07 08:41:01,752] {logging_mixin.py:115} INFO - [2023-03-07 08:41:01,752] {dagbag.py:507} INFO - Filling up the DagBag from /home/veri-pc/.local/lib/python3.10/site-packages/airflow/example_dags/example_xcom.py
[2023-03-07 08:41:01,783] {processor.py:651} INFO - DAG(s) dict_keys(['example_xcom']) retrieved from /home/veri-pc/.local/lib/python3.10/site-packages/airflow/example_dags/example_xcom.py
[2023-03-07 08:41:01,820] {logging_mixin.py:115} INFO - [2023-03-07 08:41:01,820] {manager.py:508} INFO - Created Permission View: can delete on DAG:example_xcom
[2023-03-07 08:41:01,826] {logging_mixin.py:115} INFO - [2023-03-07 08:41:01,826] {manager.py:508} INFO - Created Permission View: can read on DAG:example_xcom
[2023-03-07 08:41:01,830] {logging_mixin.py:115} INFO - [2023-03-07 08:41:01,830] {manager.py:508} INFO - Created Permission View: can edit on DAG:example_xcom
[2023-03-07 08:41:01,831] {logging_mixin.py:115} INFO - [2023-03-07 08:41:01,830] {dag.py:2379} INFO - Sync 1 DAGs
[2023-03-07 08:41:01,835] {logging_mixin.py:115} INFO - [2023-03-07 08:41:01,835] {dag.py:2398} INFO - Creating ORM DAG for example_xcom
[2023-03-07 08:41:01,841] {logging_mixin.py:115} INFO - [2023-03-07 08:41:01,841] {dag.py:2927} INFO - Setting next_dagrun for example_xcom to 2021-01-01T00:00:00+00:00, run_after=2021-01-01T00:00:00+00:00
[2023-03-07 08:41:01,851] {processor.py:161} INFO - Processing /home/veri-pc/.local/lib/python3.10/site-packages/airflow/example_dags/example_xcom.py took 0.108 seconds
[2023-03-07 08:41:34,832] {processor.py:153} INFO - Started process (PID=8260) to work on /home/veri-pc/.local/lib/python3.10/site-packages/airflow/example_dags/example_xcom.py
[2023-03-07 08:41:34,833] {processor.py:641} INFO - Processing file /home/veri-pc/.local/lib/python3.10/site-packages/airflow/example_dags/example_xcom.py for tasks to queue
[2023-03-07 08:41:34,834] {logging_mixin.py:115} INFO - [2023-03-07 08:41:34,834] {dagbag.py:507} INFO - Filling up the DagBag from /home/veri-pc/.local/lib/python3.10/site-packages/airflow/example_dags/example_xcom.py
[2023-03-07 08:41:34,866] {processor.py:651} INFO - DAG(s) dict_keys(['example_xcom']) retrieved from /home/veri-pc/.local/lib/python3.10/site-packages/airflow/example_dags/example_xcom.py
[2023-03-07 08:41:34,894] {logging_mixin.py:115} INFO - [2023-03-07 08:41:34,894] {dag.py:2379} INFO - Sync 1 DAGs
[2023-03-07 08:41:34,905] {logging_mixin.py:115} INFO - [2023-03-07 08:41:34,905] {dag.py:2927} INFO - Setting next_dagrun for example_xcom to 2021-01-01T00:00:00+00:00, run_after=2021-01-01T00:00:00+00:00
[2023-03-07 08:41:34,915] {processor.py:161} INFO - Processing /home/veri-pc/.local/lib/python3.10/site-packages/airflow/example_dags/example_xcom.py took 0.090 seconds
[2023-03-07 08:42:07,336] {processor.py:153} INFO - Started process (PID=8325) to work on /home/veri-pc/.local/lib/python3.10/site-packages/airflow/example_dags/example_xcom.py
[2023-03-07 08:42:07,338] {processor.py:641} INFO - Processing file /home/veri-pc/.local/lib/python3.10/site-packages/airflow/example_dags/example_xcom.py for tasks to queue
[2023-03-07 08:42:07,339] {logging_mixin.py:115} INFO - [2023-03-07 08:42:07,339] {dagbag.py:507} INFO - Filling up the DagBag from /home/veri-pc/.local/lib/python3.10/site-packages/airflow/example_dags/example_xcom.py
[2023-03-07 08:42:07,364] {processor.py:651} INFO - DAG(s) dict_keys(['example_xcom']) retrieved from /home/veri-pc/.local/lib/python3.10/site-packages/airflow/example_dags/example_xcom.py
[2023-03-07 08:42:07,374] {logging_mixin.py:115} INFO - [2023-03-07 08:42:07,374] {dag.py:2379} INFO - Sync 1 DAGs
[2023-03-07 08:42:07,384] {logging_mixin.py:115} INFO - [2023-03-07 08:42:07,384] {dag.py:2927} INFO - Setting next_dagrun for example_xcom to 2021-01-01T00:00:00+00:00, run_after=2021-01-01T00:00:00+00:00
[2023-03-07 08:42:07,392] {processor.py:161} INFO - Processing /home/veri-pc/.local/lib/python3.10/site-packages/airflow/example_dags/example_xcom.py took 0.062 seconds
[2023-03-07 08:42:39,333] {processor.py:153} INFO - Started process (PID=8392) to work on /home/veri-pc/.local/lib/python3.10/site-packages/airflow/example_dags/example_xcom.py
[2023-03-07 08:42:39,334] {processor.py:641} INFO - Processing file /home/veri-pc/.local/lib/python3.10/site-packages/airflow/example_dags/example_xcom.py for tasks to queue
[2023-03-07 08:42:39,334] {logging_mixin.py:115} INFO - [2023-03-07 08:42:39,334] {dagbag.py:507} INFO - Filling up the DagBag from /home/veri-pc/.local/lib/python3.10/site-packages/airflow/example_dags/example_xcom.py
[2023-03-07 08:42:39,346] {processor.py:651} INFO - DAG(s) dict_keys(['example_xcom']) retrieved from /home/veri-pc/.local/lib/python3.10/site-packages/airflow/example_dags/example_xcom.py
[2023-03-07 08:42:39,370] {logging_mixin.py:115} INFO - [2023-03-07 08:42:39,370] {dag.py:2379} INFO - Sync 1 DAGs
[2023-03-07 08:42:39,379] {logging_mixin.py:115} INFO - [2023-03-07 08:42:39,379] {dag.py:2927} INFO - Setting next_dagrun for example_xcom to 2021-01-01T00:00:00+00:00, run_after=2021-01-01T00:00:00+00:00
[2023-03-07 08:42:39,388] {processor.py:161} INFO - Processing /home/veri-pc/.local/lib/python3.10/site-packages/airflow/example_dags/example_xcom.py took 0.057 seconds
[2023-03-07 08:43:13,774] {processor.py:153} INFO - Started process (PID=8474) to work on /home/veri-pc/.local/lib/python3.10/site-packages/airflow/example_dags/example_xcom.py
[2023-03-07 08:43:13,775] {processor.py:641} INFO - Processing file /home/veri-pc/.local/lib/python3.10/site-packages/airflow/example_dags/example_xcom.py for tasks to queue
[2023-03-07 08:43:13,777] {logging_mixin.py:115} INFO - [2023-03-07 08:43:13,777] {dagbag.py:507} INFO - Filling up the DagBag from /home/veri-pc/.local/lib/python3.10/site-packages/airflow/example_dags/example_xcom.py
[2023-03-07 08:43:13,807] {processor.py:651} INFO - DAG(s) dict_keys(['example_xcom']) retrieved from /home/veri-pc/.local/lib/python3.10/site-packages/airflow/example_dags/example_xcom.py
[2023-03-07 08:43:13,833] {logging_mixin.py:115} INFO - [2023-03-07 08:43:13,833] {dag.py:2379} INFO - Sync 1 DAGs
[2023-03-07 08:43:13,842] {logging_mixin.py:115} INFO - [2023-03-07 08:43:13,842] {dag.py:2927} INFO - Setting next_dagrun for example_xcom to 2021-01-01T00:00:00+00:00, run_after=2021-01-01T00:00:00+00:00
[2023-03-07 08:43:13,850] {processor.py:161} INFO - Processing /home/veri-pc/.local/lib/python3.10/site-packages/airflow/example_dags/example_xcom.py took 0.083 seconds
[2023-03-07 08:43:47,310] {processor.py:153} INFO - Started process (PID=8536) to work on /home/veri-pc/.local/lib/python3.10/site-packages/airflow/example_dags/example_xcom.py
[2023-03-07 08:43:47,311] {processor.py:641} INFO - Processing file /home/veri-pc/.local/lib/python3.10/site-packages/airflow/example_dags/example_xcom.py for tasks to queue
[2023-03-07 08:43:47,313] {logging_mixin.py:115} INFO - [2023-03-07 08:43:47,313] {dagbag.py:507} INFO - Filling up the DagBag from /home/veri-pc/.local/lib/python3.10/site-packages/airflow/example_dags/example_xcom.py
[2023-03-07 08:43:47,346] {processor.py:651} INFO - DAG(s) dict_keys(['example_xcom']) retrieved from /home/veri-pc/.local/lib/python3.10/site-packages/airflow/example_dags/example_xcom.py
[2023-03-07 08:43:47,373] {logging_mixin.py:115} INFO - [2023-03-07 08:43:47,372] {dag.py:2379} INFO - Sync 1 DAGs
[2023-03-07 08:43:47,382] {logging_mixin.py:115} INFO - [2023-03-07 08:43:47,381] {dag.py:2927} INFO - Setting next_dagrun for example_xcom to 2021-01-01T00:00:00+00:00, run_after=2021-01-01T00:00:00+00:00
[2023-03-07 08:43:47,389] {processor.py:161} INFO - Processing /home/veri-pc/.local/lib/python3.10/site-packages/airflow/example_dags/example_xcom.py took 0.086 seconds
[2023-03-07 08:44:18,021] {processor.py:153} INFO - Started process (PID=8602) to work on /home/veri-pc/.local/lib/python3.10/site-packages/airflow/example_dags/example_xcom.py
[2023-03-07 08:44:18,022] {processor.py:641} INFO - Processing file /home/veri-pc/.local/lib/python3.10/site-packages/airflow/example_dags/example_xcom.py for tasks to queue
[2023-03-07 08:44:18,023] {logging_mixin.py:115} INFO - [2023-03-07 08:44:18,023] {dagbag.py:507} INFO - Filling up the DagBag from /home/veri-pc/.local/lib/python3.10/site-packages/airflow/example_dags/example_xcom.py
[2023-03-07 08:44:18,052] {processor.py:651} INFO - DAG(s) dict_keys(['example_xcom']) retrieved from /home/veri-pc/.local/lib/python3.10/site-packages/airflow/example_dags/example_xcom.py
[2023-03-07 08:44:18,079] {logging_mixin.py:115} INFO - [2023-03-07 08:44:18,078] {dag.py:2379} INFO - Sync 1 DAGs
[2023-03-07 08:44:18,087] {logging_mixin.py:115} INFO - [2023-03-07 08:44:18,087] {dag.py:2927} INFO - Setting next_dagrun for example_xcom to 2021-01-01T00:00:00+00:00, run_after=2021-01-01T00:00:00+00:00
[2023-03-07 08:44:18,095] {processor.py:161} INFO - Processing /home/veri-pc/.local/lib/python3.10/site-packages/airflow/example_dags/example_xcom.py took 0.081 seconds
[2023-03-07 08:44:51,807] {processor.py:153} INFO - Started process (PID=8677) to work on /home/veri-pc/.local/lib/python3.10/site-packages/airflow/example_dags/example_xcom.py
[2023-03-07 08:44:51,809] {processor.py:641} INFO - Processing file /home/veri-pc/.local/lib/python3.10/site-packages/airflow/example_dags/example_xcom.py for tasks to queue
[2023-03-07 08:44:51,810] {logging_mixin.py:115} INFO - [2023-03-07 08:44:51,810] {dagbag.py:507} INFO - Filling up the DagBag from /home/veri-pc/.local/lib/python3.10/site-packages/airflow/example_dags/example_xcom.py
[2023-03-07 08:44:51,841] {processor.py:651} INFO - DAG(s) dict_keys(['example_xcom']) retrieved from /home/veri-pc/.local/lib/python3.10/site-packages/airflow/example_dags/example_xcom.py
[2023-03-07 08:44:51,867] {logging_mixin.py:115} INFO - [2023-03-07 08:44:51,867] {dag.py:2379} INFO - Sync 1 DAGs
[2023-03-07 08:44:51,876] {logging_mixin.py:115} INFO - [2023-03-07 08:44:51,876] {dag.py:2927} INFO - Setting next_dagrun for example_xcom to 2021-01-01T00:00:00+00:00, run_after=2021-01-01T00:00:00+00:00
[2023-03-07 08:44:51,884] {processor.py:161} INFO - Processing /home/veri-pc/.local/lib/python3.10/site-packages/airflow/example_dags/example_xcom.py took 0.086 seconds
[2023-03-07 08:45:23,746] {processor.py:153} INFO - Started process (PID=8742) to work on /home/veri-pc/.local/lib/python3.10/site-packages/airflow/example_dags/example_xcom.py
[2023-03-07 08:45:23,747] {processor.py:641} INFO - Processing file /home/veri-pc/.local/lib/python3.10/site-packages/airflow/example_dags/example_xcom.py for tasks to queue
[2023-03-07 08:45:23,748] {logging_mixin.py:115} INFO - [2023-03-07 08:45:23,748] {dagbag.py:507} INFO - Filling up the DagBag from /home/veri-pc/.local/lib/python3.10/site-packages/airflow/example_dags/example_xcom.py
[2023-03-07 08:45:23,778] {processor.py:651} INFO - DAG(s) dict_keys(['example_xcom']) retrieved from /home/veri-pc/.local/lib/python3.10/site-packages/airflow/example_dags/example_xcom.py
[2023-03-07 08:45:23,789] {logging_mixin.py:115} INFO - [2023-03-07 08:45:23,789] {dag.py:2379} INFO - Sync 1 DAGs
[2023-03-07 08:45:23,800] {logging_mixin.py:115} INFO - [2023-03-07 08:45:23,800] {dag.py:2927} INFO - Setting next_dagrun for example_xcom to 2021-01-01T00:00:00+00:00, run_after=2021-01-01T00:00:00+00:00
[2023-03-07 08:45:23,807] {processor.py:161} INFO - Processing /home/veri-pc/.local/lib/python3.10/site-packages/airflow/example_dags/example_xcom.py took 0.065 seconds
[2023-03-07 08:45:59,288] {processor.py:153} INFO - Started process (PID=8826) to work on /home/veri-pc/.local/lib/python3.10/site-packages/airflow/example_dags/example_xcom.py
[2023-03-07 08:45:59,289] {processor.py:641} INFO - Processing file /home/veri-pc/.local/lib/python3.10/site-packages/airflow/example_dags/example_xcom.py for tasks to queue
[2023-03-07 08:45:59,291] {logging_mixin.py:115} INFO - [2023-03-07 08:45:59,290] {dagbag.py:507} INFO - Filling up the DagBag from /home/veri-pc/.local/lib/python3.10/site-packages/airflow/example_dags/example_xcom.py
[2023-03-07 08:45:59,320] {processor.py:651} INFO - DAG(s) dict_keys(['example_xcom']) retrieved from /home/veri-pc/.local/lib/python3.10/site-packages/airflow/example_dags/example_xcom.py
[2023-03-07 08:45:59,348] {logging_mixin.py:115} INFO - [2023-03-07 08:45:59,348] {dag.py:2379} INFO - Sync 1 DAGs
[2023-03-07 08:45:59,357] {logging_mixin.py:115} INFO - [2023-03-07 08:45:59,357] {dag.py:2927} INFO - Setting next_dagrun for example_xcom to 2021-01-01T00:00:00+00:00, run_after=2021-01-01T00:00:00+00:00
[2023-03-07 08:45:59,365] {processor.py:161} INFO - Processing /home/veri-pc/.local/lib/python3.10/site-packages/airflow/example_dags/example_xcom.py took 0.084 seconds
[2023-03-07 08:46:34,195] {processor.py:153} INFO - Started process (PID=8909) to work on /home/veri-pc/.local/lib/python3.10/site-packages/airflow/example_dags/example_xcom.py
[2023-03-07 08:46:34,196] {processor.py:641} INFO - Processing file /home/veri-pc/.local/lib/python3.10/site-packages/airflow/example_dags/example_xcom.py for tasks to queue
[2023-03-07 08:46:34,198] {logging_mixin.py:115} INFO - [2023-03-07 08:46:34,197] {dagbag.py:507} INFO - Filling up the DagBag from /home/veri-pc/.local/lib/python3.10/site-packages/airflow/example_dags/example_xcom.py
[2023-03-07 08:46:34,231] {processor.py:651} INFO - DAG(s) dict_keys(['example_xcom']) retrieved from /home/veri-pc/.local/lib/python3.10/site-packages/airflow/example_dags/example_xcom.py
[2023-03-07 08:46:34,241] {logging_mixin.py:115} INFO - [2023-03-07 08:46:34,241] {dag.py:2379} INFO - Sync 1 DAGs
[2023-03-07 08:46:34,252] {logging_mixin.py:115} INFO - [2023-03-07 08:46:34,252] {dag.py:2927} INFO - Setting next_dagrun for example_xcom to 2021-01-01T00:00:00+00:00, run_after=2021-01-01T00:00:00+00:00
[2023-03-07 08:46:34,259] {processor.py:161} INFO - Processing /home/veri-pc/.local/lib/python3.10/site-packages/airflow/example_dags/example_xcom.py took 0.073 seconds
[2023-03-07 08:47:08,114] {processor.py:153} INFO - Started process (PID=9003) to work on /home/veri-pc/.local/lib/python3.10/site-packages/airflow/example_dags/example_xcom.py
[2023-03-07 08:47:08,115] {processor.py:641} INFO - Processing file /home/veri-pc/.local/lib/python3.10/site-packages/airflow/example_dags/example_xcom.py for tasks to queue
[2023-03-07 08:47:08,116] {logging_mixin.py:115} INFO - [2023-03-07 08:47:08,116] {dagbag.py:507} INFO - Filling up the DagBag from /home/veri-pc/.local/lib/python3.10/site-packages/airflow/example_dags/example_xcom.py
[2023-03-07 08:47:08,146] {processor.py:651} INFO - DAG(s) dict_keys(['example_xcom']) retrieved from /home/veri-pc/.local/lib/python3.10/site-packages/airflow/example_dags/example_xcom.py
[2023-03-07 08:47:08,157] {logging_mixin.py:115} INFO - [2023-03-07 08:47:08,157] {dag.py:2379} INFO - Sync 1 DAGs
[2023-03-07 08:47:08,167] {logging_mixin.py:115} INFO - [2023-03-07 08:47:08,167] {dag.py:2927} INFO - Setting next_dagrun for example_xcom to 2021-01-01T00:00:00+00:00, run_after=2021-01-01T00:00:00+00:00
[2023-03-07 08:47:08,174] {processor.py:161} INFO - Processing /home/veri-pc/.local/lib/python3.10/site-packages/airflow/example_dags/example_xcom.py took 0.067 seconds
[2023-03-07 08:47:40,520] {processor.py:153} INFO - Started process (PID=9102) to work on /home/veri-pc/.local/lib/python3.10/site-packages/airflow/example_dags/example_xcom.py
[2023-03-07 08:47:40,522] {processor.py:641} INFO - Processing file /home/veri-pc/.local/lib/python3.10/site-packages/airflow/example_dags/example_xcom.py for tasks to queue
[2023-03-07 08:47:40,523] {logging_mixin.py:115} INFO - [2023-03-07 08:47:40,523] {dagbag.py:507} INFO - Filling up the DagBag from /home/veri-pc/.local/lib/python3.10/site-packages/airflow/example_dags/example_xcom.py
[2023-03-07 08:47:40,545] {processor.py:651} INFO - DAG(s) dict_keys(['example_xcom']) retrieved from /home/veri-pc/.local/lib/python3.10/site-packages/airflow/example_dags/example_xcom.py
[2023-03-07 08:47:40,555] {logging_mixin.py:115} INFO - [2023-03-07 08:47:40,555] {dag.py:2379} INFO - Sync 1 DAGs
[2023-03-07 08:47:40,566] {logging_mixin.py:115} INFO - [2023-03-07 08:47:40,566] {dag.py:2927} INFO - Setting next_dagrun for example_xcom to 2021-01-01T00:00:00+00:00, run_after=2021-01-01T00:00:00+00:00
[2023-03-07 08:47:40,573] {processor.py:161} INFO - Processing /home/veri-pc/.local/lib/python3.10/site-packages/airflow/example_dags/example_xcom.py took 0.061 seconds
[2023-03-07 08:48:15,144] {processor.py:153} INFO - Started process (PID=9182) to work on /home/veri-pc/.local/lib/python3.10/site-packages/airflow/example_dags/example_xcom.py
[2023-03-07 08:48:15,146] {processor.py:641} INFO - Processing file /home/veri-pc/.local/lib/python3.10/site-packages/airflow/example_dags/example_xcom.py for tasks to queue
[2023-03-07 08:48:15,147] {logging_mixin.py:115} INFO - [2023-03-07 08:48:15,147] {dagbag.py:507} INFO - Filling up the DagBag from /home/veri-pc/.local/lib/python3.10/site-packages/airflow/example_dags/example_xcom.py
[2023-03-07 08:48:15,176] {processor.py:651} INFO - DAG(s) dict_keys(['example_xcom']) retrieved from /home/veri-pc/.local/lib/python3.10/site-packages/airflow/example_dags/example_xcom.py
[2023-03-07 08:48:15,204] {logging_mixin.py:115} INFO - [2023-03-07 08:48:15,204] {dag.py:2379} INFO - Sync 1 DAGs
[2023-03-07 08:48:15,213] {logging_mixin.py:115} INFO - [2023-03-07 08:48:15,213] {dag.py:2927} INFO - Setting next_dagrun for example_xcom to 2021-01-01T00:00:00+00:00, run_after=2021-01-01T00:00:00+00:00
[2023-03-07 08:48:15,226] {processor.py:161} INFO - Processing /home/veri-pc/.local/lib/python3.10/site-packages/airflow/example_dags/example_xcom.py took 0.088 seconds
[2023-03-07 08:48:49,958] {processor.py:153} INFO - Started process (PID=9264) to work on /home/veri-pc/.local/lib/python3.10/site-packages/airflow/example_dags/example_xcom.py
[2023-03-07 08:48:49,958] {processor.py:641} INFO - Processing file /home/veri-pc/.local/lib/python3.10/site-packages/airflow/example_dags/example_xcom.py for tasks to queue
[2023-03-07 08:48:49,959] {logging_mixin.py:115} INFO - [2023-03-07 08:48:49,959] {dagbag.py:507} INFO - Filling up the DagBag from /home/veri-pc/.local/lib/python3.10/site-packages/airflow/example_dags/example_xcom.py
[2023-03-07 08:48:49,975] {processor.py:651} INFO - DAG(s) dict_keys(['example_xcom']) retrieved from /home/veri-pc/.local/lib/python3.10/site-packages/airflow/example_dags/example_xcom.py
[2023-03-07 08:48:50,009] {logging_mixin.py:115} INFO - [2023-03-07 08:48:50,009] {dag.py:2379} INFO - Sync 1 DAGs
[2023-03-07 08:48:50,018] {logging_mixin.py:115} INFO - [2023-03-07 08:48:50,018] {dag.py:2927} INFO - Setting next_dagrun for example_xcom to 2021-01-01T00:00:00+00:00, run_after=2021-01-01T00:00:00+00:00
[2023-03-07 08:48:50,027] {processor.py:161} INFO - Processing /home/veri-pc/.local/lib/python3.10/site-packages/airflow/example_dags/example_xcom.py took 0.072 seconds
[2023-03-07 08:49:21,795] {processor.py:153} INFO - Started process (PID=9351) to work on /home/veri-pc/.local/lib/python3.10/site-packages/airflow/example_dags/example_xcom.py
[2023-03-07 08:49:21,795] {processor.py:641} INFO - Processing file /home/veri-pc/.local/lib/python3.10/site-packages/airflow/example_dags/example_xcom.py for tasks to queue
[2023-03-07 08:49:21,796] {logging_mixin.py:115} INFO - [2023-03-07 08:49:21,796] {dagbag.py:507} INFO - Filling up the DagBag from /home/veri-pc/.local/lib/python3.10/site-packages/airflow/example_dags/example_xcom.py
[2023-03-07 08:49:21,807] {processor.py:651} INFO - DAG(s) dict_keys(['example_xcom']) retrieved from /home/veri-pc/.local/lib/python3.10/site-packages/airflow/example_dags/example_xcom.py
[2023-03-07 08:49:21,832] {logging_mixin.py:115} INFO - [2023-03-07 08:49:21,831] {dag.py:2379} INFO - Sync 1 DAGs
[2023-03-07 08:49:21,841] {logging_mixin.py:115} INFO - [2023-03-07 08:49:21,841] {dag.py:2927} INFO - Setting next_dagrun for example_xcom to 2021-01-01T00:00:00+00:00, run_after=2021-01-01T00:00:00+00:00
[2023-03-07 08:49:21,850] {processor.py:161} INFO - Processing /home/veri-pc/.local/lib/python3.10/site-packages/airflow/example_dags/example_xcom.py took 0.057 seconds
[2023-03-07 08:49:57,879] {processor.py:153} INFO - Started process (PID=9470) to work on /home/veri-pc/.local/lib/python3.10/site-packages/airflow/example_dags/example_xcom.py
[2023-03-07 08:49:57,880] {processor.py:641} INFO - Processing file /home/veri-pc/.local/lib/python3.10/site-packages/airflow/example_dags/example_xcom.py for tasks to queue
[2023-03-07 08:49:57,880] {logging_mixin.py:115} INFO - [2023-03-07 08:49:57,880] {dagbag.py:507} INFO - Filling up the DagBag from /home/veri-pc/.local/lib/python3.10/site-packages/airflow/example_dags/example_xcom.py
[2023-03-07 08:49:57,897] {processor.py:651} INFO - DAG(s) dict_keys(['example_xcom']) retrieved from /home/veri-pc/.local/lib/python3.10/site-packages/airflow/example_dags/example_xcom.py
[2023-03-07 08:49:57,909] {logging_mixin.py:115} INFO - [2023-03-07 08:49:57,909] {dag.py:2379} INFO - Sync 1 DAGs
[2023-03-07 08:49:57,930] {logging_mixin.py:115} INFO - [2023-03-07 08:49:57,929] {dag.py:2927} INFO - Setting next_dagrun for example_xcom to 2021-01-01T00:00:00+00:00, run_after=2021-01-01T00:00:00+00:00
[2023-03-07 08:49:57,944] {processor.py:161} INFO - Processing /home/veri-pc/.local/lib/python3.10/site-packages/airflow/example_dags/example_xcom.py took 0.068 seconds
[2023-03-07 08:50:29,821] {processor.py:153} INFO - Started process (PID=9545) to work on /home/veri-pc/.local/lib/python3.10/site-packages/airflow/example_dags/example_xcom.py
[2023-03-07 08:50:29,822] {processor.py:641} INFO - Processing file /home/veri-pc/.local/lib/python3.10/site-packages/airflow/example_dags/example_xcom.py for tasks to queue
[2023-03-07 08:50:29,823] {logging_mixin.py:115} INFO - [2023-03-07 08:50:29,823] {dagbag.py:507} INFO - Filling up the DagBag from /home/veri-pc/.local/lib/python3.10/site-packages/airflow/example_dags/example_xcom.py
[2023-03-07 08:50:29,852] {processor.py:651} INFO - DAG(s) dict_keys(['example_xcom']) retrieved from /home/veri-pc/.local/lib/python3.10/site-packages/airflow/example_dags/example_xcom.py
[2023-03-07 08:50:29,863] {logging_mixin.py:115} INFO - [2023-03-07 08:50:29,863] {dag.py:2379} INFO - Sync 1 DAGs
[2023-03-07 08:50:29,874] {logging_mixin.py:115} INFO - [2023-03-07 08:50:29,873] {dag.py:2927} INFO - Setting next_dagrun for example_xcom to 2021-01-01T00:00:00+00:00, run_after=2021-01-01T00:00:00+00:00
[2023-03-07 08:50:29,881] {processor.py:161} INFO - Processing /home/veri-pc/.local/lib/python3.10/site-packages/airflow/example_dags/example_xcom.py took 0.068 seconds
[2023-03-07 08:51:04,168] {processor.py:153} INFO - Started process (PID=9623) to work on /home/veri-pc/.local/lib/python3.10/site-packages/airflow/example_dags/example_xcom.py
[2023-03-07 08:51:04,169] {processor.py:641} INFO - Processing file /home/veri-pc/.local/lib/python3.10/site-packages/airflow/example_dags/example_xcom.py for tasks to queue
[2023-03-07 08:51:04,170] {logging_mixin.py:115} INFO - [2023-03-07 08:51:04,170] {dagbag.py:507} INFO - Filling up the DagBag from /home/veri-pc/.local/lib/python3.10/site-packages/airflow/example_dags/example_xcom.py
[2023-03-07 08:51:04,194] {processor.py:651} INFO - DAG(s) dict_keys(['example_xcom']) retrieved from /home/veri-pc/.local/lib/python3.10/site-packages/airflow/example_dags/example_xcom.py
[2023-03-07 08:51:04,224] {logging_mixin.py:115} INFO - [2023-03-07 08:51:04,224] {dag.py:2379} INFO - Sync 1 DAGs
[2023-03-07 08:51:04,235] {logging_mixin.py:115} INFO - [2023-03-07 08:51:04,235] {dag.py:2927} INFO - Setting next_dagrun for example_xcom to 2021-01-01T00:00:00+00:00, run_after=2021-01-01T00:00:00+00:00
[2023-03-07 08:51:04,247] {processor.py:161} INFO - Processing /home/veri-pc/.local/lib/python3.10/site-packages/airflow/example_dags/example_xcom.py took 0.087 seconds
[2023-03-07 08:51:35,756] {processor.py:153} INFO - Started process (PID=9732) to work on /home/veri-pc/.local/lib/python3.10/site-packages/airflow/example_dags/example_xcom.py
[2023-03-07 08:51:35,758] {processor.py:641} INFO - Processing file /home/veri-pc/.local/lib/python3.10/site-packages/airflow/example_dags/example_xcom.py for tasks to queue
[2023-03-07 08:51:35,759] {logging_mixin.py:115} INFO - [2023-03-07 08:51:35,759] {dagbag.py:507} INFO - Filling up the DagBag from /home/veri-pc/.local/lib/python3.10/site-packages/airflow/example_dags/example_xcom.py
[2023-03-07 08:51:35,782] {processor.py:651} INFO - DAG(s) dict_keys(['example_xcom']) retrieved from /home/veri-pc/.local/lib/python3.10/site-packages/airflow/example_dags/example_xcom.py
[2023-03-07 08:51:35,793] {logging_mixin.py:115} INFO - [2023-03-07 08:51:35,792] {dag.py:2379} INFO - Sync 1 DAGs
[2023-03-07 08:51:35,803] {logging_mixin.py:115} INFO - [2023-03-07 08:51:35,803] {dag.py:2927} INFO - Setting next_dagrun for example_xcom to 2021-01-01T00:00:00+00:00, run_after=2021-01-01T00:00:00+00:00
[2023-03-07 08:51:35,811] {processor.py:161} INFO - Processing /home/veri-pc/.local/lib/python3.10/site-packages/airflow/example_dags/example_xcom.py took 0.062 seconds
[2023-03-07 08:52:10,360] {processor.py:153} INFO - Started process (PID=9816) to work on /home/veri-pc/.local/lib/python3.10/site-packages/airflow/example_dags/example_xcom.py
[2023-03-07 08:52:10,361] {processor.py:641} INFO - Processing file /home/veri-pc/.local/lib/python3.10/site-packages/airflow/example_dags/example_xcom.py for tasks to queue
[2023-03-07 08:52:10,362] {logging_mixin.py:115} INFO - [2023-03-07 08:52:10,362] {dagbag.py:507} INFO - Filling up the DagBag from /home/veri-pc/.local/lib/python3.10/site-packages/airflow/example_dags/example_xcom.py
[2023-03-07 08:52:10,389] {processor.py:651} INFO - DAG(s) dict_keys(['example_xcom']) retrieved from /home/veri-pc/.local/lib/python3.10/site-packages/airflow/example_dags/example_xcom.py
[2023-03-07 08:52:10,401] {logging_mixin.py:115} INFO - [2023-03-07 08:52:10,401] {dag.py:2379} INFO - Sync 1 DAGs
[2023-03-07 08:52:10,411] {logging_mixin.py:115} INFO - [2023-03-07 08:52:10,411] {dag.py:2927} INFO - Setting next_dagrun for example_xcom to 2021-01-01T00:00:00+00:00, run_after=2021-01-01T00:00:00+00:00
[2023-03-07 08:52:10,419] {processor.py:161} INFO - Processing /home/veri-pc/.local/lib/python3.10/site-packages/airflow/example_dags/example_xcom.py took 0.063 seconds
[2023-03-07 08:52:43,946] {processor.py:153} INFO - Started process (PID=9905) to work on /home/veri-pc/.local/lib/python3.10/site-packages/airflow/example_dags/example_xcom.py
[2023-03-07 08:52:43,948] {processor.py:641} INFO - Processing file /home/veri-pc/.local/lib/python3.10/site-packages/airflow/example_dags/example_xcom.py for tasks to queue
[2023-03-07 08:52:43,949] {logging_mixin.py:115} INFO - [2023-03-07 08:52:43,949] {dagbag.py:507} INFO - Filling up the DagBag from /home/veri-pc/.local/lib/python3.10/site-packages/airflow/example_dags/example_xcom.py
[2023-03-07 08:52:43,961] {processor.py:651} INFO - DAG(s) dict_keys(['example_xcom']) retrieved from /home/veri-pc/.local/lib/python3.10/site-packages/airflow/example_dags/example_xcom.py
[2023-03-07 08:52:43,971] {logging_mixin.py:115} INFO - [2023-03-07 08:52:43,971] {dag.py:2379} INFO - Sync 1 DAGs
[2023-03-07 08:52:43,982] {logging_mixin.py:115} INFO - [2023-03-07 08:52:43,982] {dag.py:2927} INFO - Setting next_dagrun for example_xcom to 2021-01-01T00:00:00+00:00, run_after=2021-01-01T00:00:00+00:00
[2023-03-07 08:52:44,100] {processor.py:161} INFO - Processing /home/veri-pc/.local/lib/python3.10/site-packages/airflow/example_dags/example_xcom.py took 0.155 seconds
[2023-03-07 08:53:29,320] {processor.py:153} INFO - Started process (PID=10031) to work on /home/veri-pc/.local/lib/python3.10/site-packages/airflow/example_dags/example_xcom.py
[2023-03-07 08:53:29,322] {processor.py:641} INFO - Processing file /home/veri-pc/.local/lib/python3.10/site-packages/airflow/example_dags/example_xcom.py for tasks to queue
[2023-03-07 08:53:29,323] {logging_mixin.py:115} INFO - [2023-03-07 08:53:29,323] {dagbag.py:507} INFO - Filling up the DagBag from /home/veri-pc/.local/lib/python3.10/site-packages/airflow/example_dags/example_xcom.py
[2023-03-07 08:53:29,344] {processor.py:651} INFO - DAG(s) dict_keys(['example_xcom']) retrieved from /home/veri-pc/.local/lib/python3.10/site-packages/airflow/example_dags/example_xcom.py
[2023-03-07 08:53:29,354] {logging_mixin.py:115} INFO - [2023-03-07 08:53:29,354] {dag.py:2379} INFO - Sync 1 DAGs
[2023-03-07 08:53:29,366] {logging_mixin.py:115} INFO - [2023-03-07 08:53:29,366] {dag.py:2927} INFO - Setting next_dagrun for example_xcom to 2021-01-01T00:00:00+00:00, run_after=2021-01-01T00:00:00+00:00
[2023-03-07 08:53:29,376] {processor.py:161} INFO - Processing /home/veri-pc/.local/lib/python3.10/site-packages/airflow/example_dags/example_xcom.py took 0.063 seconds
[2023-03-07 08:54:01,029] {processor.py:153} INFO - Started process (PID=10108) to work on /home/veri-pc/.local/lib/python3.10/site-packages/airflow/example_dags/example_xcom.py
[2023-03-07 08:54:01,030] {processor.py:641} INFO - Processing file /home/veri-pc/.local/lib/python3.10/site-packages/airflow/example_dags/example_xcom.py for tasks to queue
[2023-03-07 08:54:01,030] {logging_mixin.py:115} INFO - [2023-03-07 08:54:01,030] {dagbag.py:507} INFO - Filling up the DagBag from /home/veri-pc/.local/lib/python3.10/site-packages/airflow/example_dags/example_xcom.py
[2023-03-07 08:54:01,051] {processor.py:651} INFO - DAG(s) dict_keys(['example_xcom']) retrieved from /home/veri-pc/.local/lib/python3.10/site-packages/airflow/example_dags/example_xcom.py
[2023-03-07 08:54:01,067] {logging_mixin.py:115} INFO - [2023-03-07 08:54:01,067] {dag.py:2379} INFO - Sync 1 DAGs
[2023-03-07 08:54:01,080] {logging_mixin.py:115} INFO - [2023-03-07 08:54:01,080] {dag.py:2927} INFO - Setting next_dagrun for example_xcom to 2021-01-01T00:00:00+00:00, run_after=2021-01-01T00:00:00+00:00
[2023-03-07 08:54:01,087] {processor.py:161} INFO - Processing /home/veri-pc/.local/lib/python3.10/site-packages/airflow/example_dags/example_xcom.py took 0.060 seconds
[2023-03-07 08:54:46,676] {processor.py:153} INFO - Started process (PID=10842) to work on /home/veri-pc/.local/lib/python3.10/site-packages/airflow/example_dags/example_xcom.py
[2023-03-07 08:54:46,678] {processor.py:641} INFO - Processing file /home/veri-pc/.local/lib/python3.10/site-packages/airflow/example_dags/example_xcom.py for tasks to queue
[2023-03-07 08:54:46,679] {logging_mixin.py:115} INFO - [2023-03-07 08:54:46,679] {dagbag.py:507} INFO - Filling up the DagBag from /home/veri-pc/.local/lib/python3.10/site-packages/airflow/example_dags/example_xcom.py
[2023-03-07 08:54:46,712] {processor.py:651} INFO - DAG(s) dict_keys(['example_xcom']) retrieved from /home/veri-pc/.local/lib/python3.10/site-packages/airflow/example_dags/example_xcom.py
[2023-03-07 08:54:46,739] {logging_mixin.py:115} INFO - [2023-03-07 08:54:46,739] {dag.py:2379} INFO - Sync 1 DAGs
[2023-03-07 08:54:46,750] {logging_mixin.py:115} INFO - [2023-03-07 08:54:46,750] {dag.py:2927} INFO - Setting next_dagrun for example_xcom to 2021-01-01T00:00:00+00:00, run_after=2021-01-01T00:00:00+00:00
[2023-03-07 08:54:46,760] {processor.py:161} INFO - Processing /home/veri-pc/.local/lib/python3.10/site-packages/airflow/example_dags/example_xcom.py took 0.089 seconds
[2023-03-07 08:55:19,162] {processor.py:153} INFO - Started process (PID=10923) to work on /home/veri-pc/.local/lib/python3.10/site-packages/airflow/example_dags/example_xcom.py
[2023-03-07 08:55:19,163] {processor.py:641} INFO - Processing file /home/veri-pc/.local/lib/python3.10/site-packages/airflow/example_dags/example_xcom.py for tasks to queue
[2023-03-07 08:55:19,165] {logging_mixin.py:115} INFO - [2023-03-07 08:55:19,164] {dagbag.py:507} INFO - Filling up the DagBag from /home/veri-pc/.local/lib/python3.10/site-packages/airflow/example_dags/example_xcom.py
[2023-03-07 08:55:19,190] {processor.py:651} INFO - DAG(s) dict_keys(['example_xcom']) retrieved from /home/veri-pc/.local/lib/python3.10/site-packages/airflow/example_dags/example_xcom.py
[2023-03-07 08:55:19,200] {logging_mixin.py:115} INFO - [2023-03-07 08:55:19,200] {dag.py:2379} INFO - Sync 1 DAGs
[2023-03-07 08:55:19,210] {logging_mixin.py:115} INFO - [2023-03-07 08:55:19,210] {dag.py:2927} INFO - Setting next_dagrun for example_xcom to 2021-01-01T00:00:00+00:00, run_after=2021-01-01T00:00:00+00:00
[2023-03-07 08:55:19,218] {processor.py:161} INFO - Processing /home/veri-pc/.local/lib/python3.10/site-packages/airflow/example_dags/example_xcom.py took 0.063 seconds
[2023-03-07 08:55:53,333] {processor.py:153} INFO - Started process (PID=10986) to work on /home/veri-pc/.local/lib/python3.10/site-packages/airflow/example_dags/example_xcom.py
[2023-03-07 08:55:53,334] {processor.py:641} INFO - Processing file /home/veri-pc/.local/lib/python3.10/site-packages/airflow/example_dags/example_xcom.py for tasks to queue
[2023-03-07 08:55:53,335] {logging_mixin.py:115} INFO - [2023-03-07 08:55:53,335] {dagbag.py:507} INFO - Filling up the DagBag from /home/veri-pc/.local/lib/python3.10/site-packages/airflow/example_dags/example_xcom.py
[2023-03-07 08:55:53,356] {processor.py:651} INFO - DAG(s) dict_keys(['example_xcom']) retrieved from /home/veri-pc/.local/lib/python3.10/site-packages/airflow/example_dags/example_xcom.py
[2023-03-07 08:55:53,366] {logging_mixin.py:115} INFO - [2023-03-07 08:55:53,366] {dag.py:2379} INFO - Sync 1 DAGs
[2023-03-07 08:55:53,376] {logging_mixin.py:115} INFO - [2023-03-07 08:55:53,376] {dag.py:2927} INFO - Setting next_dagrun for example_xcom to 2021-01-01T00:00:00+00:00, run_after=2021-01-01T00:00:00+00:00
[2023-03-07 08:55:53,384] {processor.py:161} INFO - Processing /home/veri-pc/.local/lib/python3.10/site-packages/airflow/example_dags/example_xcom.py took 0.055 seconds
[2023-03-07 09:02:06,296] {processor.py:153} INFO - Started process (PID=11896) to work on /home/veri-pc/.local/lib/python3.10/site-packages/airflow/example_dags/example_xcom.py
[2023-03-07 09:02:06,297] {processor.py:641} INFO - Processing file /home/veri-pc/.local/lib/python3.10/site-packages/airflow/example_dags/example_xcom.py for tasks to queue
[2023-03-07 09:02:06,299] {logging_mixin.py:115} INFO - [2023-03-07 09:02:06,298] {dagbag.py:507} INFO - Filling up the DagBag from /home/veri-pc/.local/lib/python3.10/site-packages/airflow/example_dags/example_xcom.py
[2023-03-07 09:02:06,339] {processor.py:651} INFO - DAG(s) dict_keys(['example_xcom']) retrieved from /home/veri-pc/.local/lib/python3.10/site-packages/airflow/example_dags/example_xcom.py
[2023-03-07 09:02:06,373] {logging_mixin.py:115} INFO - [2023-03-07 09:02:06,373] {dag.py:2379} INFO - Sync 1 DAGs
[2023-03-07 09:02:06,385] {logging_mixin.py:115} INFO - [2023-03-07 09:02:06,385] {dag.py:2927} INFO - Setting next_dagrun for example_xcom to 2021-01-01T00:00:00+00:00, run_after=2021-01-01T00:00:00+00:00
[2023-03-07 09:02:06,395] {processor.py:161} INFO - Processing /home/veri-pc/.local/lib/python3.10/site-packages/airflow/example_dags/example_xcom.py took 0.105 seconds
[2023-03-07 09:02:38,888] {processor.py:153} INFO - Started process (PID=11984) to work on /home/veri-pc/.local/lib/python3.10/site-packages/airflow/example_dags/example_xcom.py
[2023-03-07 09:02:38,888] {processor.py:641} INFO - Processing file /home/veri-pc/.local/lib/python3.10/site-packages/airflow/example_dags/example_xcom.py for tasks to queue
[2023-03-07 09:02:38,889] {logging_mixin.py:115} INFO - [2023-03-07 09:02:38,889] {dagbag.py:507} INFO - Filling up the DagBag from /home/veri-pc/.local/lib/python3.10/site-packages/airflow/example_dags/example_xcom.py
[2023-03-07 09:02:38,906] {processor.py:651} INFO - DAG(s) dict_keys(['example_xcom']) retrieved from /home/veri-pc/.local/lib/python3.10/site-packages/airflow/example_dags/example_xcom.py
[2023-03-07 09:02:38,936] {logging_mixin.py:115} INFO - [2023-03-07 09:02:38,936] {dag.py:2379} INFO - Sync 1 DAGs
[2023-03-07 09:02:38,946] {logging_mixin.py:115} INFO - [2023-03-07 09:02:38,946] {dag.py:2927} INFO - Setting next_dagrun for example_xcom to 2021-01-01T00:00:00+00:00, run_after=2021-01-01T00:00:00+00:00
[2023-03-07 09:02:38,955] {processor.py:161} INFO - Processing /home/veri-pc/.local/lib/python3.10/site-packages/airflow/example_dags/example_xcom.py took 0.070 seconds
[2023-03-07 09:03:11,975] {processor.py:153} INFO - Started process (PID=12076) to work on /home/veri-pc/.local/lib/python3.10/site-packages/airflow/example_dags/example_xcom.py
[2023-03-07 09:03:11,976] {processor.py:641} INFO - Processing file /home/veri-pc/.local/lib/python3.10/site-packages/airflow/example_dags/example_xcom.py for tasks to queue
[2023-03-07 09:03:11,976] {logging_mixin.py:115} INFO - [2023-03-07 09:03:11,976] {dagbag.py:507} INFO - Filling up the DagBag from /home/veri-pc/.local/lib/python3.10/site-packages/airflow/example_dags/example_xcom.py
[2023-03-07 09:03:11,991] {processor.py:651} INFO - DAG(s) dict_keys(['example_xcom']) retrieved from /home/veri-pc/.local/lib/python3.10/site-packages/airflow/example_dags/example_xcom.py
[2023-03-07 09:03:12,000] {logging_mixin.py:115} INFO - [2023-03-07 09:03:11,999] {dag.py:2379} INFO - Sync 1 DAGs
[2023-03-07 09:03:12,011] {logging_mixin.py:115} INFO - [2023-03-07 09:03:12,011] {dag.py:2927} INFO - Setting next_dagrun for example_xcom to 2021-01-01T00:00:00+00:00, run_after=2021-01-01T00:00:00+00:00
[2023-03-07 09:03:12,021] {processor.py:161} INFO - Processing /home/veri-pc/.local/lib/python3.10/site-packages/airflow/example_dags/example_xcom.py took 0.049 seconds
[2023-03-07 09:03:43,563] {processor.py:153} INFO - Started process (PID=12225) to work on /home/veri-pc/.local/lib/python3.10/site-packages/airflow/example_dags/example_xcom.py
[2023-03-07 09:03:43,564] {processor.py:641} INFO - Processing file /home/veri-pc/.local/lib/python3.10/site-packages/airflow/example_dags/example_xcom.py for tasks to queue
[2023-03-07 09:03:43,565] {logging_mixin.py:115} INFO - [2023-03-07 09:03:43,565] {dagbag.py:507} INFO - Filling up the DagBag from /home/veri-pc/.local/lib/python3.10/site-packages/airflow/example_dags/example_xcom.py
[2023-03-07 09:03:43,595] {processor.py:651} INFO - DAG(s) dict_keys(['example_xcom']) retrieved from /home/veri-pc/.local/lib/python3.10/site-packages/airflow/example_dags/example_xcom.py
[2023-03-07 09:03:43,606] {logging_mixin.py:115} INFO - [2023-03-07 09:03:43,606] {dag.py:2379} INFO - Sync 1 DAGs
[2023-03-07 09:03:43,617] {logging_mixin.py:115} INFO - [2023-03-07 09:03:43,617] {dag.py:2927} INFO - Setting next_dagrun for example_xcom to 2021-01-01T00:00:00+00:00, run_after=2021-01-01T00:00:00+00:00
[2023-03-07 09:03:43,624] {processor.py:161} INFO - Processing /home/veri-pc/.local/lib/python3.10/site-packages/airflow/example_dags/example_xcom.py took 0.066 seconds
[2023-03-07 09:04:16,360] {processor.py:153} INFO - Started process (PID=12309) to work on /home/veri-pc/.local/lib/python3.10/site-packages/airflow/example_dags/example_xcom.py
[2023-03-07 09:04:16,361] {processor.py:641} INFO - Processing file /home/veri-pc/.local/lib/python3.10/site-packages/airflow/example_dags/example_xcom.py for tasks to queue
[2023-03-07 09:04:16,361] {logging_mixin.py:115} INFO - [2023-03-07 09:04:16,361] {dagbag.py:507} INFO - Filling up the DagBag from /home/veri-pc/.local/lib/python3.10/site-packages/airflow/example_dags/example_xcom.py
[2023-03-07 09:04:16,377] {processor.py:651} INFO - DAG(s) dict_keys(['example_xcom']) retrieved from /home/veri-pc/.local/lib/python3.10/site-packages/airflow/example_dags/example_xcom.py
[2023-03-07 09:04:16,393] {logging_mixin.py:115} INFO - [2023-03-07 09:04:16,393] {dag.py:2379} INFO - Sync 1 DAGs
[2023-03-07 09:04:16,409] {logging_mixin.py:115} INFO - [2023-03-07 09:04:16,409] {dag.py:2927} INFO - Setting next_dagrun for example_xcom to 2021-01-01T00:00:00+00:00, run_after=2021-01-01T00:00:00+00:00
[2023-03-07 09:04:16,422] {processor.py:161} INFO - Processing /home/veri-pc/.local/lib/python3.10/site-packages/airflow/example_dags/example_xcom.py took 0.063 seconds
[2023-03-07 09:04:51,635] {processor.py:153} INFO - Started process (PID=12392) to work on /home/veri-pc/.local/lib/python3.10/site-packages/airflow/example_dags/example_xcom.py
[2023-03-07 09:04:51,635] {processor.py:641} INFO - Processing file /home/veri-pc/.local/lib/python3.10/site-packages/airflow/example_dags/example_xcom.py for tasks to queue
[2023-03-07 09:04:51,636] {logging_mixin.py:115} INFO - [2023-03-07 09:04:51,636] {dagbag.py:507} INFO - Filling up the DagBag from /home/veri-pc/.local/lib/python3.10/site-packages/airflow/example_dags/example_xcom.py
[2023-03-07 09:04:51,647] {processor.py:651} INFO - DAG(s) dict_keys(['example_xcom']) retrieved from /home/veri-pc/.local/lib/python3.10/site-packages/airflow/example_dags/example_xcom.py
[2023-03-07 09:04:51,658] {logging_mixin.py:115} INFO - [2023-03-07 09:04:51,658] {dag.py:2379} INFO - Sync 1 DAGs
[2023-03-07 09:04:51,669] {logging_mixin.py:115} INFO - [2023-03-07 09:04:51,669] {dag.py:2927} INFO - Setting next_dagrun for example_xcom to 2021-01-01T00:00:00+00:00, run_after=2021-01-01T00:00:00+00:00
[2023-03-07 09:04:51,678] {processor.py:161} INFO - Processing /home/veri-pc/.local/lib/python3.10/site-packages/airflow/example_dags/example_xcom.py took 0.045 seconds
[2023-03-07 09:05:25,257] {processor.py:153} INFO - Started process (PID=12469) to work on /home/veri-pc/.local/lib/python3.10/site-packages/airflow/example_dags/example_xcom.py
[2023-03-07 09:05:25,258] {processor.py:641} INFO - Processing file /home/veri-pc/.local/lib/python3.10/site-packages/airflow/example_dags/example_xcom.py for tasks to queue
[2023-03-07 09:05:25,259] {logging_mixin.py:115} INFO - [2023-03-07 09:05:25,258] {dagbag.py:507} INFO - Filling up the DagBag from /home/veri-pc/.local/lib/python3.10/site-packages/airflow/example_dags/example_xcom.py
[2023-03-07 09:05:25,270] {processor.py:651} INFO - DAG(s) dict_keys(['example_xcom']) retrieved from /home/veri-pc/.local/lib/python3.10/site-packages/airflow/example_dags/example_xcom.py
[2023-03-07 09:05:25,279] {logging_mixin.py:115} INFO - [2023-03-07 09:05:25,279] {dag.py:2379} INFO - Sync 1 DAGs
[2023-03-07 09:05:25,290] {logging_mixin.py:115} INFO - [2023-03-07 09:05:25,290] {dag.py:2927} INFO - Setting next_dagrun for example_xcom to 2021-01-01T00:00:00+00:00, run_after=2021-01-01T00:00:00+00:00
[2023-03-07 09:05:25,299] {processor.py:161} INFO - Processing /home/veri-pc/.local/lib/python3.10/site-packages/airflow/example_dags/example_xcom.py took 0.043 seconds
[2023-03-07 09:05:58,984] {processor.py:153} INFO - Started process (PID=12547) to work on /home/veri-pc/.local/lib/python3.10/site-packages/airflow/example_dags/example_xcom.py
[2023-03-07 09:05:58,985] {processor.py:641} INFO - Processing file /home/veri-pc/.local/lib/python3.10/site-packages/airflow/example_dags/example_xcom.py for tasks to queue
[2023-03-07 09:05:58,986] {logging_mixin.py:115} INFO - [2023-03-07 09:05:58,986] {dagbag.py:507} INFO - Filling up the DagBag from /home/veri-pc/.local/lib/python3.10/site-packages/airflow/example_dags/example_xcom.py
[2023-03-07 09:05:59,015] {processor.py:651} INFO - DAG(s) dict_keys(['example_xcom']) retrieved from /home/veri-pc/.local/lib/python3.10/site-packages/airflow/example_dags/example_xcom.py
[2023-03-07 09:05:59,036] {logging_mixin.py:115} INFO - [2023-03-07 09:05:59,036] {dag.py:2379} INFO - Sync 1 DAGs
[2023-03-07 09:05:59,053] {logging_mixin.py:115} INFO - [2023-03-07 09:05:59,053] {dag.py:2927} INFO - Setting next_dagrun for example_xcom to 2021-01-01T00:00:00+00:00, run_after=2021-01-01T00:00:00+00:00
[2023-03-07 09:05:59,066] {processor.py:161} INFO - Processing /home/veri-pc/.local/lib/python3.10/site-packages/airflow/example_dags/example_xcom.py took 0.087 seconds
[2023-03-07 09:06:32,319] {processor.py:153} INFO - Started process (PID=12611) to work on /home/veri-pc/.local/lib/python3.10/site-packages/airflow/example_dags/example_xcom.py
[2023-03-07 09:06:32,320] {processor.py:641} INFO - Processing file /home/veri-pc/.local/lib/python3.10/site-packages/airflow/example_dags/example_xcom.py for tasks to queue
[2023-03-07 09:06:32,322] {logging_mixin.py:115} INFO - [2023-03-07 09:06:32,321] {dagbag.py:507} INFO - Filling up the DagBag from /home/veri-pc/.local/lib/python3.10/site-packages/airflow/example_dags/example_xcom.py
[2023-03-07 09:06:32,352] {processor.py:651} INFO - DAG(s) dict_keys(['example_xcom']) retrieved from /home/veri-pc/.local/lib/python3.10/site-packages/airflow/example_dags/example_xcom.py
[2023-03-07 09:06:32,364] {logging_mixin.py:115} INFO - [2023-03-07 09:06:32,364] {dag.py:2379} INFO - Sync 1 DAGs
[2023-03-07 09:06:32,374] {logging_mixin.py:115} INFO - [2023-03-07 09:06:32,374] {dag.py:2927} INFO - Setting next_dagrun for example_xcom to 2021-01-01T00:00:00+00:00, run_after=2021-01-01T00:00:00+00:00
[2023-03-07 09:06:32,383] {processor.py:161} INFO - Processing /home/veri-pc/.local/lib/python3.10/site-packages/airflow/example_dags/example_xcom.py took 0.070 seconds
[2023-03-07 09:07:04,004] {processor.py:153} INFO - Started process (PID=12687) to work on /home/veri-pc/.local/lib/python3.10/site-packages/airflow/example_dags/example_xcom.py
[2023-03-07 09:07:04,005] {processor.py:641} INFO - Processing file /home/veri-pc/.local/lib/python3.10/site-packages/airflow/example_dags/example_xcom.py for tasks to queue
[2023-03-07 09:07:04,006] {logging_mixin.py:115} INFO - [2023-03-07 09:07:04,006] {dagbag.py:507} INFO - Filling up the DagBag from /home/veri-pc/.local/lib/python3.10/site-packages/airflow/example_dags/example_xcom.py
[2023-03-07 09:07:04,036] {processor.py:651} INFO - DAG(s) dict_keys(['example_xcom']) retrieved from /home/veri-pc/.local/lib/python3.10/site-packages/airflow/example_dags/example_xcom.py
[2023-03-07 09:07:04,065] {logging_mixin.py:115} INFO - [2023-03-07 09:07:04,064] {dag.py:2379} INFO - Sync 1 DAGs
[2023-03-07 09:07:04,075] {logging_mixin.py:115} INFO - [2023-03-07 09:07:04,074] {dag.py:2927} INFO - Setting next_dagrun for example_xcom to 2021-01-01T00:00:00+00:00, run_after=2021-01-01T00:00:00+00:00
[2023-03-07 09:07:04,085] {processor.py:161} INFO - Processing /home/veri-pc/.local/lib/python3.10/site-packages/airflow/example_dags/example_xcom.py took 0.090 seconds
[2023-03-07 09:07:38,149] {processor.py:153} INFO - Started process (PID=12760) to work on /home/veri-pc/.local/lib/python3.10/site-packages/airflow/example_dags/example_xcom.py
[2023-03-07 09:07:38,150] {processor.py:641} INFO - Processing file /home/veri-pc/.local/lib/python3.10/site-packages/airflow/example_dags/example_xcom.py for tasks to queue
[2023-03-07 09:07:38,151] {logging_mixin.py:115} INFO - [2023-03-07 09:07:38,151] {dagbag.py:507} INFO - Filling up the DagBag from /home/veri-pc/.local/lib/python3.10/site-packages/airflow/example_dags/example_xcom.py
[2023-03-07 09:07:38,181] {processor.py:651} INFO - DAG(s) dict_keys(['example_xcom']) retrieved from /home/veri-pc/.local/lib/python3.10/site-packages/airflow/example_dags/example_xcom.py
[2023-03-07 09:07:38,192] {logging_mixin.py:115} INFO - [2023-03-07 09:07:38,192] {dag.py:2379} INFO - Sync 1 DAGs
[2023-03-07 09:07:38,202] {logging_mixin.py:115} INFO - [2023-03-07 09:07:38,202] {dag.py:2927} INFO - Setting next_dagrun for example_xcom to 2021-01-01T00:00:00+00:00, run_after=2021-01-01T00:00:00+00:00
[2023-03-07 09:07:38,210] {processor.py:161} INFO - Processing /home/veri-pc/.local/lib/python3.10/site-packages/airflow/example_dags/example_xcom.py took 0.067 seconds
[2023-03-07 09:08:09,640] {processor.py:153} INFO - Started process (PID=12880) to work on /home/veri-pc/.local/lib/python3.10/site-packages/airflow/example_dags/example_xcom.py
[2023-03-07 09:08:09,641] {processor.py:641} INFO - Processing file /home/veri-pc/.local/lib/python3.10/site-packages/airflow/example_dags/example_xcom.py for tasks to queue
[2023-03-07 09:08:09,641] {logging_mixin.py:115} INFO - [2023-03-07 09:08:09,641] {dagbag.py:507} INFO - Filling up the DagBag from /home/veri-pc/.local/lib/python3.10/site-packages/airflow/example_dags/example_xcom.py
[2023-03-07 09:08:09,654] {processor.py:651} INFO - DAG(s) dict_keys(['example_xcom']) retrieved from /home/veri-pc/.local/lib/python3.10/site-packages/airflow/example_dags/example_xcom.py
[2023-03-07 09:08:09,662] {logging_mixin.py:115} INFO - [2023-03-07 09:08:09,662] {dag.py:2379} INFO - Sync 1 DAGs
[2023-03-07 09:08:09,672] {logging_mixin.py:115} INFO - [2023-03-07 09:08:09,672] {dag.py:2927} INFO - Setting next_dagrun for example_xcom to 2021-01-01T00:00:00+00:00, run_after=2021-01-01T00:00:00+00:00
[2023-03-07 09:08:09,679] {processor.py:161} INFO - Processing /home/veri-pc/.local/lib/python3.10/site-packages/airflow/example_dags/example_xcom.py took 0.041 seconds
[2023-03-07 09:08:41,621] {processor.py:153} INFO - Started process (PID=12949) to work on /home/veri-pc/.local/lib/python3.10/site-packages/airflow/example_dags/example_xcom.py
[2023-03-07 09:08:41,622] {processor.py:641} INFO - Processing file /home/veri-pc/.local/lib/python3.10/site-packages/airflow/example_dags/example_xcom.py for tasks to queue
[2023-03-07 09:08:41,624] {logging_mixin.py:115} INFO - [2023-03-07 09:08:41,623] {dagbag.py:507} INFO - Filling up the DagBag from /home/veri-pc/.local/lib/python3.10/site-packages/airflow/example_dags/example_xcom.py
[2023-03-07 09:08:41,658] {processor.py:651} INFO - DAG(s) dict_keys(['example_xcom']) retrieved from /home/veri-pc/.local/lib/python3.10/site-packages/airflow/example_dags/example_xcom.py
[2023-03-07 09:08:41,668] {logging_mixin.py:115} INFO - [2023-03-07 09:08:41,668] {dag.py:2379} INFO - Sync 1 DAGs
[2023-03-07 09:08:41,678] {logging_mixin.py:115} INFO - [2023-03-07 09:08:41,677] {dag.py:2927} INFO - Setting next_dagrun for example_xcom to 2021-01-01T00:00:00+00:00, run_after=2021-01-01T00:00:00+00:00
[2023-03-07 09:08:41,686] {processor.py:161} INFO - Processing /home/veri-pc/.local/lib/python3.10/site-packages/airflow/example_dags/example_xcom.py took 0.074 seconds
[2023-03-07 09:09:15,345] {processor.py:153} INFO - Started process (PID=13029) to work on /home/veri-pc/.local/lib/python3.10/site-packages/airflow/example_dags/example_xcom.py
[2023-03-07 09:09:15,346] {processor.py:641} INFO - Processing file /home/veri-pc/.local/lib/python3.10/site-packages/airflow/example_dags/example_xcom.py for tasks to queue
[2023-03-07 09:09:15,348] {logging_mixin.py:115} INFO - [2023-03-07 09:09:15,348] {dagbag.py:507} INFO - Filling up the DagBag from /home/veri-pc/.local/lib/python3.10/site-packages/airflow/example_dags/example_xcom.py
[2023-03-07 09:09:15,383] {processor.py:651} INFO - DAG(s) dict_keys(['example_xcom']) retrieved from /home/veri-pc/.local/lib/python3.10/site-packages/airflow/example_dags/example_xcom.py
[2023-03-07 09:09:15,398] {logging_mixin.py:115} INFO - [2023-03-07 09:09:15,398] {dag.py:2379} INFO - Sync 1 DAGs
[2023-03-07 09:09:15,411] {logging_mixin.py:115} INFO - [2023-03-07 09:09:15,411] {dag.py:2927} INFO - Setting next_dagrun for example_xcom to 2021-01-01T00:00:00+00:00, run_after=2021-01-01T00:00:00+00:00
[2023-03-07 09:09:15,421] {processor.py:161} INFO - Processing /home/veri-pc/.local/lib/python3.10/site-packages/airflow/example_dags/example_xcom.py took 0.082 seconds
[2023-03-07 09:10:08,448] {processor.py:153} INFO - Started process (PID=13229) to work on /home/veri-pc/.local/lib/python3.10/site-packages/airflow/example_dags/example_xcom.py
[2023-03-07 09:10:08,450] {processor.py:641} INFO - Processing file /home/veri-pc/.local/lib/python3.10/site-packages/airflow/example_dags/example_xcom.py for tasks to queue
[2023-03-07 09:10:08,451] {logging_mixin.py:115} INFO - [2023-03-07 09:10:08,450] {dagbag.py:507} INFO - Filling up the DagBag from /home/veri-pc/.local/lib/python3.10/site-packages/airflow/example_dags/example_xcom.py
[2023-03-07 09:10:08,479] {processor.py:651} INFO - DAG(s) dict_keys(['example_xcom']) retrieved from /home/veri-pc/.local/lib/python3.10/site-packages/airflow/example_dags/example_xcom.py
[2023-03-07 09:10:08,506] {logging_mixin.py:115} INFO - [2023-03-07 09:10:08,506] {dag.py:2379} INFO - Sync 1 DAGs
[2023-03-07 09:10:08,516] {logging_mixin.py:115} INFO - [2023-03-07 09:10:08,516] {dag.py:2927} INFO - Setting next_dagrun for example_xcom to 2021-01-01T00:00:00+00:00, run_after=2021-01-01T00:00:00+00:00
[2023-03-07 09:10:08,525] {processor.py:161} INFO - Processing /home/veri-pc/.local/lib/python3.10/site-packages/airflow/example_dags/example_xcom.py took 0.084 seconds
