[2023-03-07 12:08:33,640] {processor.py:153} INFO - Started process (PID=40756) to work on /home/veri-pc/.local/lib/python3.10/site-packages/airflow/example_dags/example_branch_operator_decorator.py
[2023-03-07 12:08:33,641] {processor.py:641} INFO - Processing file /home/veri-pc/.local/lib/python3.10/site-packages/airflow/example_dags/example_branch_operator_decorator.py for tasks to queue
[2023-03-07 12:08:33,643] {logging_mixin.py:115} INFO - [2023-03-07 12:08:33,643] {dagbag.py:507} INFO - Filling up the DagBag from /home/veri-pc/.local/lib/python3.10/site-packages/airflow/example_dags/example_branch_operator_decorator.py
[2023-03-07 12:08:33,681] {processor.py:651} INFO - DAG(s) dict_keys(['example_branch_python_operator_decorator']) retrieved from /home/veri-pc/.local/lib/python3.10/site-packages/airflow/example_dags/example_branch_operator_decorator.py
[2023-03-07 12:08:33,720] {logging_mixin.py:115} INFO - [2023-03-07 12:08:33,720] {manager.py:508} INFO - Created Permission View: can read on DAG:example_branch_python_operator_decorator
[2023-03-07 12:08:33,726] {logging_mixin.py:115} INFO - [2023-03-07 12:08:33,726] {manager.py:508} INFO - Created Permission View: can edit on DAG:example_branch_python_operator_decorator
[2023-03-07 12:08:33,731] {logging_mixin.py:115} INFO - [2023-03-07 12:08:33,731] {manager.py:508} INFO - Created Permission View: can delete on DAG:example_branch_python_operator_decorator
[2023-03-07 12:08:33,731] {logging_mixin.py:115} INFO - [2023-03-07 12:08:33,731] {dag.py:2379} INFO - Sync 1 DAGs
[2023-03-07 12:08:33,736] {logging_mixin.py:115} INFO - [2023-03-07 12:08:33,736] {dag.py:2398} INFO - Creating ORM DAG for example_branch_python_operator_decorator
[2023-03-07 12:08:33,743] {logging_mixin.py:115} INFO - [2023-03-07 12:08:33,743] {dag.py:2927} INFO - Setting next_dagrun for example_branch_python_operator_decorator to 2023-03-06T00:00:00+00:00, run_after=2023-03-07T00:00:00+00:00
[2023-03-07 12:08:33,754] {processor.py:161} INFO - Processing /home/veri-pc/.local/lib/python3.10/site-packages/airflow/example_dags/example_branch_operator_decorator.py took 0.122 seconds
[2023-03-07 12:09:07,054] {processor.py:153} INFO - Started process (PID=40847) to work on /home/veri-pc/.local/lib/python3.10/site-packages/airflow/example_dags/example_branch_operator_decorator.py
[2023-03-07 12:09:07,054] {processor.py:641} INFO - Processing file /home/veri-pc/.local/lib/python3.10/site-packages/airflow/example_dags/example_branch_operator_decorator.py for tasks to queue
[2023-03-07 12:09:07,055] {logging_mixin.py:115} INFO - [2023-03-07 12:09:07,054] {dagbag.py:507} INFO - Filling up the DagBag from /home/veri-pc/.local/lib/python3.10/site-packages/airflow/example_dags/example_branch_operator_decorator.py
[2023-03-07 12:09:07,069] {processor.py:651} INFO - DAG(s) dict_keys(['example_branch_python_operator_decorator']) retrieved from /home/veri-pc/.local/lib/python3.10/site-packages/airflow/example_dags/example_branch_operator_decorator.py
[2023-03-07 12:09:07,078] {logging_mixin.py:115} INFO - [2023-03-07 12:09:07,078] {dag.py:2379} INFO - Sync 1 DAGs
[2023-03-07 12:09:07,089] {logging_mixin.py:115} INFO - [2023-03-07 12:09:07,089] {dag.py:2927} INFO - Setting next_dagrun for example_branch_python_operator_decorator to 2023-03-06T00:00:00+00:00, run_after=2023-03-07T00:00:00+00:00
[2023-03-07 12:09:07,098] {processor.py:161} INFO - Processing /home/veri-pc/.local/lib/python3.10/site-packages/airflow/example_dags/example_branch_operator_decorator.py took 0.046 seconds
[2023-03-07 12:09:41,228] {processor.py:153} INFO - Started process (PID=40939) to work on /home/veri-pc/.local/lib/python3.10/site-packages/airflow/example_dags/example_branch_operator_decorator.py
[2023-03-07 12:09:41,230] {processor.py:641} INFO - Processing file /home/veri-pc/.local/lib/python3.10/site-packages/airflow/example_dags/example_branch_operator_decorator.py for tasks to queue
[2023-03-07 12:09:41,232] {logging_mixin.py:115} INFO - [2023-03-07 12:09:41,231] {dagbag.py:507} INFO - Filling up the DagBag from /home/veri-pc/.local/lib/python3.10/site-packages/airflow/example_dags/example_branch_operator_decorator.py
[2023-03-07 12:09:41,260] {processor.py:651} INFO - DAG(s) dict_keys(['example_branch_python_operator_decorator']) retrieved from /home/veri-pc/.local/lib/python3.10/site-packages/airflow/example_dags/example_branch_operator_decorator.py
[2023-03-07 12:09:41,271] {logging_mixin.py:115} INFO - [2023-03-07 12:09:41,271] {dag.py:2379} INFO - Sync 1 DAGs
[2023-03-07 12:09:41,281] {logging_mixin.py:115} INFO - [2023-03-07 12:09:41,281] {dag.py:2927} INFO - Setting next_dagrun for example_branch_python_operator_decorator to 2023-03-06T00:00:00+00:00, run_after=2023-03-07T00:00:00+00:00
[2023-03-07 12:09:41,290] {processor.py:161} INFO - Processing /home/veri-pc/.local/lib/python3.10/site-packages/airflow/example_dags/example_branch_operator_decorator.py took 0.070 seconds
[2023-03-07 12:10:16,171] {processor.py:153} INFO - Started process (PID=41012) to work on /home/veri-pc/.local/lib/python3.10/site-packages/airflow/example_dags/example_branch_operator_decorator.py
[2023-03-07 12:10:16,173] {processor.py:641} INFO - Processing file /home/veri-pc/.local/lib/python3.10/site-packages/airflow/example_dags/example_branch_operator_decorator.py for tasks to queue
[2023-03-07 12:10:16,174] {logging_mixin.py:115} INFO - [2023-03-07 12:10:16,174] {dagbag.py:507} INFO - Filling up the DagBag from /home/veri-pc/.local/lib/python3.10/site-packages/airflow/example_dags/example_branch_operator_decorator.py
[2023-03-07 12:10:16,206] {processor.py:651} INFO - DAG(s) dict_keys(['example_branch_python_operator_decorator']) retrieved from /home/veri-pc/.local/lib/python3.10/site-packages/airflow/example_dags/example_branch_operator_decorator.py
[2023-03-07 12:10:16,217] {logging_mixin.py:115} INFO - [2023-03-07 12:10:16,217] {dag.py:2379} INFO - Sync 1 DAGs
[2023-03-07 12:10:16,228] {logging_mixin.py:115} INFO - [2023-03-07 12:10:16,228] {dag.py:2927} INFO - Setting next_dagrun for example_branch_python_operator_decorator to 2023-03-06T00:00:00+00:00, run_after=2023-03-07T00:00:00+00:00
[2023-03-07 12:10:16,235] {processor.py:161} INFO - Processing /home/veri-pc/.local/lib/python3.10/site-packages/airflow/example_dags/example_branch_operator_decorator.py took 0.071 seconds
[2023-03-07 12:10:48,685] {processor.py:153} INFO - Started process (PID=41097) to work on /home/veri-pc/.local/lib/python3.10/site-packages/airflow/example_dags/example_branch_operator_decorator.py
[2023-03-07 12:10:48,686] {processor.py:641} INFO - Processing file /home/veri-pc/.local/lib/python3.10/site-packages/airflow/example_dags/example_branch_operator_decorator.py for tasks to queue
[2023-03-07 12:10:48,687] {logging_mixin.py:115} INFO - [2023-03-07 12:10:48,687] {dagbag.py:507} INFO - Filling up the DagBag from /home/veri-pc/.local/lib/python3.10/site-packages/airflow/example_dags/example_branch_operator_decorator.py
[2023-03-07 12:10:48,703] {processor.py:651} INFO - DAG(s) dict_keys(['example_branch_python_operator_decorator']) retrieved from /home/veri-pc/.local/lib/python3.10/site-packages/airflow/example_dags/example_branch_operator_decorator.py
[2023-03-07 12:10:48,712] {logging_mixin.py:115} INFO - [2023-03-07 12:10:48,712] {dag.py:2379} INFO - Sync 1 DAGs
[2023-03-07 12:10:48,723] {logging_mixin.py:115} INFO - [2023-03-07 12:10:48,723] {dag.py:2927} INFO - Setting next_dagrun for example_branch_python_operator_decorator to 2023-03-06T00:00:00+00:00, run_after=2023-03-07T00:00:00+00:00
[2023-03-07 12:10:48,730] {processor.py:161} INFO - Processing /home/veri-pc/.local/lib/python3.10/site-packages/airflow/example_dags/example_branch_operator_decorator.py took 0.048 seconds
[2023-03-07 12:11:23,670] {processor.py:153} INFO - Started process (PID=41206) to work on /home/veri-pc/.local/lib/python3.10/site-packages/airflow/example_dags/example_branch_operator_decorator.py
[2023-03-07 12:11:23,672] {processor.py:641} INFO - Processing file /home/veri-pc/.local/lib/python3.10/site-packages/airflow/example_dags/example_branch_operator_decorator.py for tasks to queue
[2023-03-07 12:11:23,673] {logging_mixin.py:115} INFO - [2023-03-07 12:11:23,673] {dagbag.py:507} INFO - Filling up the DagBag from /home/veri-pc/.local/lib/python3.10/site-packages/airflow/example_dags/example_branch_operator_decorator.py
[2023-03-07 12:11:23,726] {processor.py:651} INFO - DAG(s) dict_keys(['example_branch_python_operator_decorator']) retrieved from /home/veri-pc/.local/lib/python3.10/site-packages/airflow/example_dags/example_branch_operator_decorator.py
[2023-03-07 12:11:23,753] {logging_mixin.py:115} INFO - [2023-03-07 12:11:23,753] {dag.py:2379} INFO - Sync 1 DAGs
[2023-03-07 12:11:23,772] {logging_mixin.py:115} INFO - [2023-03-07 12:11:23,772] {dag.py:2927} INFO - Setting next_dagrun for example_branch_python_operator_decorator to 2023-03-06T00:00:00+00:00, run_after=2023-03-07T00:00:00+00:00
[2023-03-07 12:11:23,783] {processor.py:161} INFO - Processing /home/veri-pc/.local/lib/python3.10/site-packages/airflow/example_dags/example_branch_operator_decorator.py took 0.119 seconds
[2023-03-07 12:12:07,894] {processor.py:153} INFO - Started process (PID=41409) to work on /home/veri-pc/.local/lib/python3.10/site-packages/airflow/example_dags/example_branch_operator_decorator.py
[2023-03-07 12:12:07,894] {processor.py:641} INFO - Processing file /home/veri-pc/.local/lib/python3.10/site-packages/airflow/example_dags/example_branch_operator_decorator.py for tasks to queue
[2023-03-07 12:12:07,895] {logging_mixin.py:115} INFO - [2023-03-07 12:12:07,895] {dagbag.py:507} INFO - Filling up the DagBag from /home/veri-pc/.local/lib/python3.10/site-packages/airflow/example_dags/example_branch_operator_decorator.py
[2023-03-07 12:12:07,914] {processor.py:651} INFO - DAG(s) dict_keys(['example_branch_python_operator_decorator']) retrieved from /home/veri-pc/.local/lib/python3.10/site-packages/airflow/example_dags/example_branch_operator_decorator.py
[2023-03-07 12:12:07,925] {logging_mixin.py:115} INFO - [2023-03-07 12:12:07,925] {dag.py:2379} INFO - Sync 1 DAGs
[2023-03-07 12:12:07,937] {logging_mixin.py:115} INFO - [2023-03-07 12:12:07,937] {dag.py:2927} INFO - Setting next_dagrun for example_branch_python_operator_decorator to 2023-03-06T00:00:00+00:00, run_after=2023-03-07T00:00:00+00:00
[2023-03-07 12:12:07,944] {processor.py:161} INFO - Processing /home/veri-pc/.local/lib/python3.10/site-packages/airflow/example_dags/example_branch_operator_decorator.py took 0.053 seconds
[2023-03-07 12:12:44,222] {processor.py:153} INFO - Started process (PID=41513) to work on /home/veri-pc/.local/lib/python3.10/site-packages/airflow/example_dags/example_branch_operator_decorator.py
[2023-03-07 12:12:44,247] {processor.py:641} INFO - Processing file /home/veri-pc/.local/lib/python3.10/site-packages/airflow/example_dags/example_branch_operator_decorator.py for tasks to queue
[2023-03-07 12:12:44,247] {logging_mixin.py:115} INFO - [2023-03-07 12:12:44,247] {dagbag.py:507} INFO - Filling up the DagBag from /home/veri-pc/.local/lib/python3.10/site-packages/airflow/example_dags/example_branch_operator_decorator.py
[2023-03-07 12:12:44,259] {processor.py:651} INFO - DAG(s) dict_keys(['example_branch_python_operator_decorator']) retrieved from /home/veri-pc/.local/lib/python3.10/site-packages/airflow/example_dags/example_branch_operator_decorator.py
[2023-03-07 12:12:44,333] {logging_mixin.py:115} INFO - [2023-03-07 12:12:44,333] {dag.py:2379} INFO - Sync 1 DAGs
[2023-03-07 12:12:44,359] {logging_mixin.py:115} INFO - [2023-03-07 12:12:44,359] {dag.py:2927} INFO - Setting next_dagrun for example_branch_python_operator_decorator to 2023-03-06T00:00:00+00:00, run_after=2023-03-07T00:00:00+00:00
[2023-03-07 12:12:44,369] {processor.py:161} INFO - Processing /home/veri-pc/.local/lib/python3.10/site-packages/airflow/example_dags/example_branch_operator_decorator.py took 0.148 seconds
[2023-03-07 12:13:22,716] {processor.py:153} INFO - Started process (PID=41611) to work on /home/veri-pc/.local/lib/python3.10/site-packages/airflow/example_dags/example_branch_operator_decorator.py
[2023-03-07 12:13:22,717] {processor.py:641} INFO - Processing file /home/veri-pc/.local/lib/python3.10/site-packages/airflow/example_dags/example_branch_operator_decorator.py for tasks to queue
[2023-03-07 12:13:22,717] {logging_mixin.py:115} INFO - [2023-03-07 12:13:22,717] {dagbag.py:507} INFO - Filling up the DagBag from /home/veri-pc/.local/lib/python3.10/site-packages/airflow/example_dags/example_branch_operator_decorator.py
[2023-03-07 12:13:22,728] {processor.py:651} INFO - DAG(s) dict_keys(['example_branch_python_operator_decorator']) retrieved from /home/veri-pc/.local/lib/python3.10/site-packages/airflow/example_dags/example_branch_operator_decorator.py
[2023-03-07 12:13:22,742] {logging_mixin.py:115} INFO - [2023-03-07 12:13:22,742] {dag.py:2379} INFO - Sync 1 DAGs
[2023-03-07 12:13:22,757] {logging_mixin.py:115} INFO - [2023-03-07 12:13:22,757] {dag.py:2927} INFO - Setting next_dagrun for example_branch_python_operator_decorator to 2023-03-06T00:00:00+00:00, run_after=2023-03-07T00:00:00+00:00
[2023-03-07 12:13:22,770] {processor.py:161} INFO - Processing /home/veri-pc/.local/lib/python3.10/site-packages/airflow/example_dags/example_branch_operator_decorator.py took 0.056 seconds
