[2023-03-07 12:08:16,661] {processor.py:153} INFO - Started process (PID=40694) to work on /home/veri-pc/.local/lib/python3.10/site-packages/airflow/example_dags/example_sla_dag.py
[2023-03-07 12:08:16,661] {processor.py:641} INFO - Processing file /home/veri-pc/.local/lib/python3.10/site-packages/airflow/example_dags/example_sla_dag.py for tasks to queue
[2023-03-07 12:08:16,662] {logging_mixin.py:115} INFO - [2023-03-07 12:08:16,662] {dagbag.py:507} INFO - Filling up the DagBag from /home/veri-pc/.local/lib/python3.10/site-packages/airflow/example_dags/example_sla_dag.py
[2023-03-07 12:08:16,680] {processor.py:651} INFO - DAG(s) dict_keys(['example_sla_dag']) retrieved from /home/veri-pc/.local/lib/python3.10/site-packages/airflow/example_dags/example_sla_dag.py
[2023-03-07 12:08:16,734] {logging_mixin.py:115} INFO - [2023-03-07 12:08:16,734] {manager.py:508} INFO - Created Permission View: can read on DAG:example_sla_dag
[2023-03-07 12:08:16,745] {logging_mixin.py:115} INFO - [2023-03-07 12:08:16,745] {manager.py:508} INFO - Created Permission View: can edit on DAG:example_sla_dag
[2023-03-07 12:08:16,751] {logging_mixin.py:115} INFO - [2023-03-07 12:08:16,751] {manager.py:508} INFO - Created Permission View: can delete on DAG:example_sla_dag
[2023-03-07 12:08:16,751] {logging_mixin.py:115} INFO - [2023-03-07 12:08:16,751] {dag.py:2379} INFO - Sync 1 DAGs
[2023-03-07 12:08:16,759] {logging_mixin.py:115} INFO - [2023-03-07 12:08:16,759] {dag.py:2398} INFO - Creating ORM DAG for example_sla_dag
[2023-03-07 12:08:16,775] {logging_mixin.py:115} INFO - [2023-03-07 12:08:16,775] {dag.py:2927} INFO - Setting next_dagrun for example_sla_dag to 2023-03-07T15:06:00+00:00, run_after=2023-03-07T15:08:00+00:00
[2023-03-07 12:08:16,791] {processor.py:161} INFO - Processing /home/veri-pc/.local/lib/python3.10/site-packages/airflow/example_dags/example_sla_dag.py took 0.132 seconds
[2023-03-07 12:08:52,781] {processor.py:153} INFO - Started process (PID=40799) to work on /home/veri-pc/.local/lib/python3.10/site-packages/airflow/example_dags/example_sla_dag.py
[2023-03-07 12:08:52,782] {processor.py:641} INFO - Processing file /home/veri-pc/.local/lib/python3.10/site-packages/airflow/example_dags/example_sla_dag.py for tasks to queue
[2023-03-07 12:08:52,783] {logging_mixin.py:115} INFO - [2023-03-07 12:08:52,783] {dagbag.py:507} INFO - Filling up the DagBag from /home/veri-pc/.local/lib/python3.10/site-packages/airflow/example_dags/example_sla_dag.py
[2023-03-07 12:08:52,810] {processor.py:651} INFO - DAG(s) dict_keys(['example_sla_dag']) retrieved from /home/veri-pc/.local/lib/python3.10/site-packages/airflow/example_dags/example_sla_dag.py
[2023-03-07 12:08:52,820] {logging_mixin.py:115} INFO - [2023-03-07 12:08:52,820] {dag.py:2379} INFO - Sync 1 DAGs
[2023-03-07 12:08:52,833] {logging_mixin.py:115} INFO - [2023-03-07 12:08:52,833] {dag.py:2927} INFO - Setting next_dagrun for example_sla_dag to 2023-03-07T15:06:00+00:00, run_after=2023-03-07T15:08:00+00:00
[2023-03-07 12:08:52,841] {processor.py:161} INFO - Processing /home/veri-pc/.local/lib/python3.10/site-packages/airflow/example_dags/example_sla_dag.py took 0.064 seconds
[2023-03-07 12:09:24,748] {processor.py:153} INFO - Started process (PID=40885) to work on /home/veri-pc/.local/lib/python3.10/site-packages/airflow/example_dags/example_sla_dag.py
[2023-03-07 12:09:24,750] {processor.py:641} INFO - Processing file /home/veri-pc/.local/lib/python3.10/site-packages/airflow/example_dags/example_sla_dag.py for tasks to queue
[2023-03-07 12:09:24,751] {logging_mixin.py:115} INFO - [2023-03-07 12:09:24,751] {dagbag.py:507} INFO - Filling up the DagBag from /home/veri-pc/.local/lib/python3.10/site-packages/airflow/example_dags/example_sla_dag.py
[2023-03-07 12:09:24,782] {processor.py:651} INFO - DAG(s) dict_keys(['example_sla_dag']) retrieved from /home/veri-pc/.local/lib/python3.10/site-packages/airflow/example_dags/example_sla_dag.py
[2023-03-07 12:09:24,792] {logging_mixin.py:115} INFO - [2023-03-07 12:09:24,792] {dag.py:2379} INFO - Sync 1 DAGs
[2023-03-07 12:09:24,805] {logging_mixin.py:115} INFO - [2023-03-07 12:09:24,805] {dag.py:2927} INFO - Setting next_dagrun for example_sla_dag to 2023-03-07T15:06:00+00:00, run_after=2023-03-07T15:08:00+00:00
[2023-03-07 12:09:24,813] {processor.py:161} INFO - Processing /home/veri-pc/.local/lib/python3.10/site-packages/airflow/example_dags/example_sla_dag.py took 0.071 seconds
[2023-03-07 12:09:59,612] {processor.py:153} INFO - Started process (PID=40977) to work on /home/veri-pc/.local/lib/python3.10/site-packages/airflow/example_dags/example_sla_dag.py
[2023-03-07 12:09:59,613] {processor.py:641} INFO - Processing file /home/veri-pc/.local/lib/python3.10/site-packages/airflow/example_dags/example_sla_dag.py for tasks to queue
[2023-03-07 12:09:59,615] {logging_mixin.py:115} INFO - [2023-03-07 12:09:59,614] {dagbag.py:507} INFO - Filling up the DagBag from /home/veri-pc/.local/lib/python3.10/site-packages/airflow/example_dags/example_sla_dag.py
[2023-03-07 12:09:59,642] {processor.py:651} INFO - DAG(s) dict_keys(['example_sla_dag']) retrieved from /home/veri-pc/.local/lib/python3.10/site-packages/airflow/example_dags/example_sla_dag.py
[2023-03-07 12:09:59,652] {logging_mixin.py:115} INFO - [2023-03-07 12:09:59,652] {dag.py:2379} INFO - Sync 1 DAGs
[2023-03-07 12:09:59,665] {logging_mixin.py:115} INFO - [2023-03-07 12:09:59,665] {dag.py:2927} INFO - Setting next_dagrun for example_sla_dag to 2023-03-07T15:06:00+00:00, run_after=2023-03-07T15:08:00+00:00
[2023-03-07 12:09:59,672] {processor.py:161} INFO - Processing /home/veri-pc/.local/lib/python3.10/site-packages/airflow/example_dags/example_sla_dag.py took 0.066 seconds
[2023-03-07 12:10:33,073] {processor.py:153} INFO - Started process (PID=41064) to work on /home/veri-pc/.local/lib/python3.10/site-packages/airflow/example_dags/example_sla_dag.py
[2023-03-07 12:10:33,074] {processor.py:641} INFO - Processing file /home/veri-pc/.local/lib/python3.10/site-packages/airflow/example_dags/example_sla_dag.py for tasks to queue
[2023-03-07 12:10:33,075] {logging_mixin.py:115} INFO - [2023-03-07 12:10:33,075] {dagbag.py:507} INFO - Filling up the DagBag from /home/veri-pc/.local/lib/python3.10/site-packages/airflow/example_dags/example_sla_dag.py
[2023-03-07 12:10:33,105] {processor.py:651} INFO - DAG(s) dict_keys(['example_sla_dag']) retrieved from /home/veri-pc/.local/lib/python3.10/site-packages/airflow/example_dags/example_sla_dag.py
[2023-03-07 12:10:33,115] {logging_mixin.py:115} INFO - [2023-03-07 12:10:33,114] {dag.py:2379} INFO - Sync 1 DAGs
[2023-03-07 12:10:33,128] {logging_mixin.py:115} INFO - [2023-03-07 12:10:33,128] {dag.py:2927} INFO - Setting next_dagrun for example_sla_dag to 2023-03-07T15:08:00+00:00, run_after=2023-03-07T15:10:00+00:00
[2023-03-07 12:10:33,135] {processor.py:161} INFO - Processing /home/veri-pc/.local/lib/python3.10/site-packages/airflow/example_dags/example_sla_dag.py took 0.067 seconds
[2023-03-07 12:11:06,382] {processor.py:153} INFO - Started process (PID=41143) to work on /home/veri-pc/.local/lib/python3.10/site-packages/airflow/example_dags/example_sla_dag.py
[2023-03-07 12:11:06,383] {processor.py:641} INFO - Processing file /home/veri-pc/.local/lib/python3.10/site-packages/airflow/example_dags/example_sla_dag.py for tasks to queue
[2023-03-07 12:11:06,384] {logging_mixin.py:115} INFO - [2023-03-07 12:11:06,384] {dagbag.py:507} INFO - Filling up the DagBag from /home/veri-pc/.local/lib/python3.10/site-packages/airflow/example_dags/example_sla_dag.py
[2023-03-07 12:11:06,417] {processor.py:651} INFO - DAG(s) dict_keys(['example_sla_dag']) retrieved from /home/veri-pc/.local/lib/python3.10/site-packages/airflow/example_dags/example_sla_dag.py
[2023-03-07 12:11:06,427] {logging_mixin.py:115} INFO - [2023-03-07 12:11:06,427] {dag.py:2379} INFO - Sync 1 DAGs
[2023-03-07 12:11:06,440] {logging_mixin.py:115} INFO - [2023-03-07 12:11:06,440] {dag.py:2927} INFO - Setting next_dagrun for example_sla_dag to 2023-03-07T15:08:00+00:00, run_after=2023-03-07T15:10:00+00:00
[2023-03-07 12:11:06,447] {processor.py:161} INFO - Processing /home/veri-pc/.local/lib/python3.10/site-packages/airflow/example_dags/example_sla_dag.py took 0.072 seconds
[2023-03-07 12:11:52,740] {processor.py:153} INFO - Started process (PID=41375) to work on /home/veri-pc/.local/lib/python3.10/site-packages/airflow/example_dags/example_sla_dag.py
[2023-03-07 12:11:52,741] {processor.py:641} INFO - Processing file /home/veri-pc/.local/lib/python3.10/site-packages/airflow/example_dags/example_sla_dag.py for tasks to queue
[2023-03-07 12:11:52,742] {logging_mixin.py:115} INFO - [2023-03-07 12:11:52,741] {dagbag.py:507} INFO - Filling up the DagBag from /home/veri-pc/.local/lib/python3.10/site-packages/airflow/example_dags/example_sla_dag.py
[2023-03-07 12:11:52,757] {processor.py:651} INFO - DAG(s) dict_keys(['example_sla_dag']) retrieved from /home/veri-pc/.local/lib/python3.10/site-packages/airflow/example_dags/example_sla_dag.py
[2023-03-07 12:11:52,767] {logging_mixin.py:115} INFO - [2023-03-07 12:11:52,767] {dag.py:2379} INFO - Sync 1 DAGs
[2023-03-07 12:11:52,792] {logging_mixin.py:115} INFO - [2023-03-07 12:11:52,792] {dag.py:2927} INFO - Setting next_dagrun for example_sla_dag to 2023-03-07T15:08:00+00:00, run_after=2023-03-07T15:10:00+00:00
[2023-03-07 12:11:52,808] {processor.py:161} INFO - Processing /home/veri-pc/.local/lib/python3.10/site-packages/airflow/example_dags/example_sla_dag.py took 0.072 seconds
[2023-03-07 12:12:26,037] {processor.py:153} INFO - Started process (PID=41449) to work on /home/veri-pc/.local/lib/python3.10/site-packages/airflow/example_dags/example_sla_dag.py
[2023-03-07 12:12:26,039] {processor.py:641} INFO - Processing file /home/veri-pc/.local/lib/python3.10/site-packages/airflow/example_dags/example_sla_dag.py for tasks to queue
[2023-03-07 12:12:26,040] {logging_mixin.py:115} INFO - [2023-03-07 12:12:26,040] {dagbag.py:507} INFO - Filling up the DagBag from /home/veri-pc/.local/lib/python3.10/site-packages/airflow/example_dags/example_sla_dag.py
[2023-03-07 12:12:26,050] {processor.py:651} INFO - DAG(s) dict_keys(['example_sla_dag']) retrieved from /home/veri-pc/.local/lib/python3.10/site-packages/airflow/example_dags/example_sla_dag.py
[2023-03-07 12:12:26,058] {logging_mixin.py:115} INFO - [2023-03-07 12:12:26,058] {dag.py:2379} INFO - Sync 1 DAGs
[2023-03-07 12:12:26,070] {logging_mixin.py:115} INFO - [2023-03-07 12:12:26,070] {dag.py:2927} INFO - Setting next_dagrun for example_sla_dag to 2023-03-07T15:10:00+00:00, run_after=2023-03-07T15:12:00+00:00
[2023-03-07 12:12:26,138] {processor.py:161} INFO - Processing /home/veri-pc/.local/lib/python3.10/site-packages/airflow/example_dags/example_sla_dag.py took 0.102 seconds
[2023-03-07 12:13:06,161] {processor.py:153} INFO - Started process (PID=41574) to work on /home/veri-pc/.local/lib/python3.10/site-packages/airflow/example_dags/example_sla_dag.py
[2023-03-07 12:13:06,162] {processor.py:641} INFO - Processing file /home/veri-pc/.local/lib/python3.10/site-packages/airflow/example_dags/example_sla_dag.py for tasks to queue
[2023-03-07 12:13:06,162] {logging_mixin.py:115} INFO - [2023-03-07 12:13:06,162] {dagbag.py:507} INFO - Filling up the DagBag from /home/veri-pc/.local/lib/python3.10/site-packages/airflow/example_dags/example_sla_dag.py
[2023-03-07 12:13:06,180] {processor.py:651} INFO - DAG(s) dict_keys(['example_sla_dag']) retrieved from /home/veri-pc/.local/lib/python3.10/site-packages/airflow/example_dags/example_sla_dag.py
[2023-03-07 12:13:06,190] {logging_mixin.py:115} INFO - [2023-03-07 12:13:06,189] {dag.py:2379} INFO - Sync 1 DAGs
[2023-03-07 12:13:06,201] {logging_mixin.py:115} INFO - [2023-03-07 12:13:06,201] {dag.py:2927} INFO - Setting next_dagrun for example_sla_dag to 2023-03-07T15:10:00+00:00, run_after=2023-03-07T15:12:00+00:00
[2023-03-07 12:13:06,210] {processor.py:161} INFO - Processing /home/veri-pc/.local/lib/python3.10/site-packages/airflow/example_dags/example_sla_dag.py took 0.054 seconds
