[2023-03-07 08:40:48,726] {processor.py:153} INFO - Started process (PID=8154) to work on /home/veri-pc/.local/lib/python3.10/site-packages/airflow/example_dags/example_kubernetes_executor.py
[2023-03-07 08:40:48,727] {processor.py:641} INFO - Processing file /home/veri-pc/.local/lib/python3.10/site-packages/airflow/example_dags/example_kubernetes_executor.py for tasks to queue
[2023-03-07 08:40:48,727] {logging_mixin.py:115} INFO - [2023-03-07 08:40:48,727] {dagbag.py:507} INFO - Filling up the DagBag from /home/veri-pc/.local/lib/python3.10/site-packages/airflow/example_dags/example_kubernetes_executor.py
[2023-03-07 08:40:48,755] {logging_mixin.py:115} INFO - [2023-03-07 08:40:48,754] {example_kubernetes_executor.py:39} WARNING - The example_kubernetes_executor example DAG requires the kubernetes provider. Please install it with: pip install apache-airflow[cncf.kubernetes]
[2023-03-07 08:40:48,755] {processor.py:653} WARNING - No viable dags retrieved from /home/veri-pc/.local/lib/python3.10/site-packages/airflow/example_dags/example_kubernetes_executor.py
[2023-03-07 08:40:48,763] {processor.py:161} INFO - Processing /home/veri-pc/.local/lib/python3.10/site-packages/airflow/example_dags/example_kubernetes_executor.py took 0.038 seconds
[2023-03-07 08:41:21,146] {processor.py:153} INFO - Started process (PID=8236) to work on /home/veri-pc/.local/lib/python3.10/site-packages/airflow/example_dags/example_kubernetes_executor.py
[2023-03-07 08:41:21,148] {processor.py:641} INFO - Processing file /home/veri-pc/.local/lib/python3.10/site-packages/airflow/example_dags/example_kubernetes_executor.py for tasks to queue
[2023-03-07 08:41:21,149] {logging_mixin.py:115} INFO - [2023-03-07 08:41:21,149] {dagbag.py:507} INFO - Filling up the DagBag from /home/veri-pc/.local/lib/python3.10/site-packages/airflow/example_dags/example_kubernetes_executor.py
[2023-03-07 08:41:21,177] {logging_mixin.py:115} INFO - [2023-03-07 08:41:21,177] {example_kubernetes_executor.py:39} WARNING - The example_kubernetes_executor example DAG requires the kubernetes provider. Please install it with: pip install apache-airflow[cncf.kubernetes]
[2023-03-07 08:41:21,177] {processor.py:653} WARNING - No viable dags retrieved from /home/veri-pc/.local/lib/python3.10/site-packages/airflow/example_dags/example_kubernetes_executor.py
[2023-03-07 08:41:21,184] {processor.py:161} INFO - Processing /home/veri-pc/.local/lib/python3.10/site-packages/airflow/example_dags/example_kubernetes_executor.py took 0.045 seconds
[2023-03-07 08:41:54,277] {processor.py:153} INFO - Started process (PID=8297) to work on /home/veri-pc/.local/lib/python3.10/site-packages/airflow/example_dags/example_kubernetes_executor.py
[2023-03-07 08:41:54,278] {processor.py:641} INFO - Processing file /home/veri-pc/.local/lib/python3.10/site-packages/airflow/example_dags/example_kubernetes_executor.py for tasks to queue
[2023-03-07 08:41:54,280] {logging_mixin.py:115} INFO - [2023-03-07 08:41:54,279] {dagbag.py:507} INFO - Filling up the DagBag from /home/veri-pc/.local/lib/python3.10/site-packages/airflow/example_dags/example_kubernetes_executor.py
[2023-03-07 08:41:54,313] {logging_mixin.py:115} INFO - [2023-03-07 08:41:54,313] {example_kubernetes_executor.py:39} WARNING - The example_kubernetes_executor example DAG requires the kubernetes provider. Please install it with: pip install apache-airflow[cncf.kubernetes]
[2023-03-07 08:41:54,313] {processor.py:653} WARNING - No viable dags retrieved from /home/veri-pc/.local/lib/python3.10/site-packages/airflow/example_dags/example_kubernetes_executor.py
[2023-03-07 08:41:54,321] {processor.py:161} INFO - Processing /home/veri-pc/.local/lib/python3.10/site-packages/airflow/example_dags/example_kubernetes_executor.py took 0.051 seconds
[2023-03-07 08:42:27,598] {processor.py:153} INFO - Started process (PID=8365) to work on /home/veri-pc/.local/lib/python3.10/site-packages/airflow/example_dags/example_kubernetes_executor.py
[2023-03-07 08:42:27,599] {processor.py:641} INFO - Processing file /home/veri-pc/.local/lib/python3.10/site-packages/airflow/example_dags/example_kubernetes_executor.py for tasks to queue
[2023-03-07 08:42:27,600] {logging_mixin.py:115} INFO - [2023-03-07 08:42:27,600] {dagbag.py:507} INFO - Filling up the DagBag from /home/veri-pc/.local/lib/python3.10/site-packages/airflow/example_dags/example_kubernetes_executor.py
[2023-03-07 08:42:27,631] {logging_mixin.py:115} INFO - [2023-03-07 08:42:27,631] {example_kubernetes_executor.py:39} WARNING - The example_kubernetes_executor example DAG requires the kubernetes provider. Please install it with: pip install apache-airflow[cncf.kubernetes]
[2023-03-07 08:42:27,631] {processor.py:653} WARNING - No viable dags retrieved from /home/veri-pc/.local/lib/python3.10/site-packages/airflow/example_dags/example_kubernetes_executor.py
[2023-03-07 08:42:27,638] {processor.py:161} INFO - Processing /home/veri-pc/.local/lib/python3.10/site-packages/airflow/example_dags/example_kubernetes_executor.py took 0.047 seconds
[2023-03-07 08:42:59,886] {processor.py:153} INFO - Started process (PID=8431) to work on /home/veri-pc/.local/lib/python3.10/site-packages/airflow/example_dags/example_kubernetes_executor.py
[2023-03-07 08:42:59,887] {processor.py:641} INFO - Processing file /home/veri-pc/.local/lib/python3.10/site-packages/airflow/example_dags/example_kubernetes_executor.py for tasks to queue
[2023-03-07 08:42:59,887] {logging_mixin.py:115} INFO - [2023-03-07 08:42:59,887] {dagbag.py:507} INFO - Filling up the DagBag from /home/veri-pc/.local/lib/python3.10/site-packages/airflow/example_dags/example_kubernetes_executor.py
[2023-03-07 08:42:59,897] {logging_mixin.py:115} INFO - [2023-03-07 08:42:59,897] {example_kubernetes_executor.py:39} WARNING - The example_kubernetes_executor example DAG requires the kubernetes provider. Please install it with: pip install apache-airflow[cncf.kubernetes]
[2023-03-07 08:42:59,897] {processor.py:653} WARNING - No viable dags retrieved from /home/veri-pc/.local/lib/python3.10/site-packages/airflow/example_dags/example_kubernetes_executor.py
[2023-03-07 08:42:59,903] {processor.py:161} INFO - Processing /home/veri-pc/.local/lib/python3.10/site-packages/airflow/example_dags/example_kubernetes_executor.py took 0.018 seconds
[2023-03-07 08:43:34,758] {processor.py:153} INFO - Started process (PID=8513) to work on /home/veri-pc/.local/lib/python3.10/site-packages/airflow/example_dags/example_kubernetes_executor.py
[2023-03-07 08:43:34,759] {processor.py:641} INFO - Processing file /home/veri-pc/.local/lib/python3.10/site-packages/airflow/example_dags/example_kubernetes_executor.py for tasks to queue
[2023-03-07 08:43:34,759] {logging_mixin.py:115} INFO - [2023-03-07 08:43:34,759] {dagbag.py:507} INFO - Filling up the DagBag from /home/veri-pc/.local/lib/python3.10/site-packages/airflow/example_dags/example_kubernetes_executor.py
[2023-03-07 08:43:34,781] {logging_mixin.py:115} INFO - [2023-03-07 08:43:34,781] {example_kubernetes_executor.py:39} WARNING - The example_kubernetes_executor example DAG requires the kubernetes provider. Please install it with: pip install apache-airflow[cncf.kubernetes]
[2023-03-07 08:43:34,781] {processor.py:653} WARNING - No viable dags retrieved from /home/veri-pc/.local/lib/python3.10/site-packages/airflow/example_dags/example_kubernetes_executor.py
[2023-03-07 08:43:34,788] {processor.py:161} INFO - Processing /home/veri-pc/.local/lib/python3.10/site-packages/airflow/example_dags/example_kubernetes_executor.py took 0.033 seconds
[2023-03-07 08:44:05,618] {processor.py:153} INFO - Started process (PID=8576) to work on /home/veri-pc/.local/lib/python3.10/site-packages/airflow/example_dags/example_kubernetes_executor.py
[2023-03-07 08:44:05,620] {processor.py:641} INFO - Processing file /home/veri-pc/.local/lib/python3.10/site-packages/airflow/example_dags/example_kubernetes_executor.py for tasks to queue
[2023-03-07 08:44:05,621] {logging_mixin.py:115} INFO - [2023-03-07 08:44:05,621] {dagbag.py:507} INFO - Filling up the DagBag from /home/veri-pc/.local/lib/python3.10/site-packages/airflow/example_dags/example_kubernetes_executor.py
[2023-03-07 08:44:05,652] {logging_mixin.py:115} INFO - [2023-03-07 08:44:05,652] {example_kubernetes_executor.py:39} WARNING - The example_kubernetes_executor example DAG requires the kubernetes provider. Please install it with: pip install apache-airflow[cncf.kubernetes]
[2023-03-07 08:44:05,652] {processor.py:653} WARNING - No viable dags retrieved from /home/veri-pc/.local/lib/python3.10/site-packages/airflow/example_dags/example_kubernetes_executor.py
[2023-03-07 08:44:05,659] {processor.py:161} INFO - Processing /home/veri-pc/.local/lib/python3.10/site-packages/airflow/example_dags/example_kubernetes_executor.py took 0.046 seconds
[2023-03-07 08:44:38,284] {processor.py:153} INFO - Started process (PID=8655) to work on /home/veri-pc/.local/lib/python3.10/site-packages/airflow/example_dags/example_kubernetes_executor.py
[2023-03-07 08:44:38,285] {processor.py:641} INFO - Processing file /home/veri-pc/.local/lib/python3.10/site-packages/airflow/example_dags/example_kubernetes_executor.py for tasks to queue
[2023-03-07 08:44:38,287] {logging_mixin.py:115} INFO - [2023-03-07 08:44:38,287] {dagbag.py:507} INFO - Filling up the DagBag from /home/veri-pc/.local/lib/python3.10/site-packages/airflow/example_dags/example_kubernetes_executor.py
[2023-03-07 08:44:38,310] {logging_mixin.py:115} INFO - [2023-03-07 08:44:38,310] {example_kubernetes_executor.py:39} WARNING - The example_kubernetes_executor example DAG requires the kubernetes provider. Please install it with: pip install apache-airflow[cncf.kubernetes]
[2023-03-07 08:44:38,310] {processor.py:653} WARNING - No viable dags retrieved from /home/veri-pc/.local/lib/python3.10/site-packages/airflow/example_dags/example_kubernetes_executor.py
[2023-03-07 08:44:38,316] {processor.py:161} INFO - Processing /home/veri-pc/.local/lib/python3.10/site-packages/airflow/example_dags/example_kubernetes_executor.py took 0.039 seconds
[2023-03-07 08:45:10,925] {processor.py:153} INFO - Started process (PID=8721) to work on /home/veri-pc/.local/lib/python3.10/site-packages/airflow/example_dags/example_kubernetes_executor.py
[2023-03-07 08:45:10,926] {processor.py:641} INFO - Processing file /home/veri-pc/.local/lib/python3.10/site-packages/airflow/example_dags/example_kubernetes_executor.py for tasks to queue
[2023-03-07 08:45:10,926] {logging_mixin.py:115} INFO - [2023-03-07 08:45:10,926] {dagbag.py:507} INFO - Filling up the DagBag from /home/veri-pc/.local/lib/python3.10/site-packages/airflow/example_dags/example_kubernetes_executor.py
[2023-03-07 08:45:10,939] {logging_mixin.py:115} INFO - [2023-03-07 08:45:10,939] {example_kubernetes_executor.py:39} WARNING - The example_kubernetes_executor example DAG requires the kubernetes provider. Please install it with: pip install apache-airflow[cncf.kubernetes]
[2023-03-07 08:45:10,939] {processor.py:653} WARNING - No viable dags retrieved from /home/veri-pc/.local/lib/python3.10/site-packages/airflow/example_dags/example_kubernetes_executor.py
[2023-03-07 08:45:10,946] {processor.py:161} INFO - Processing /home/veri-pc/.local/lib/python3.10/site-packages/airflow/example_dags/example_kubernetes_executor.py took 0.023 seconds
[2023-03-07 08:45:43,149] {processor.py:153} INFO - Started process (PID=8786) to work on /home/veri-pc/.local/lib/python3.10/site-packages/airflow/example_dags/example_kubernetes_executor.py
[2023-03-07 08:45:43,150] {processor.py:641} INFO - Processing file /home/veri-pc/.local/lib/python3.10/site-packages/airflow/example_dags/example_kubernetes_executor.py for tasks to queue
[2023-03-07 08:45:43,151] {logging_mixin.py:115} INFO - [2023-03-07 08:45:43,151] {dagbag.py:507} INFO - Filling up the DagBag from /home/veri-pc/.local/lib/python3.10/site-packages/airflow/example_dags/example_kubernetes_executor.py
[2023-03-07 08:45:43,177] {logging_mixin.py:115} INFO - [2023-03-07 08:45:43,177] {example_kubernetes_executor.py:39} WARNING - The example_kubernetes_executor example DAG requires the kubernetes provider. Please install it with: pip install apache-airflow[cncf.kubernetes]
[2023-03-07 08:45:43,178] {processor.py:653} WARNING - No viable dags retrieved from /home/veri-pc/.local/lib/python3.10/site-packages/airflow/example_dags/example_kubernetes_executor.py
[2023-03-07 08:45:43,185] {processor.py:161} INFO - Processing /home/veri-pc/.local/lib/python3.10/site-packages/airflow/example_dags/example_kubernetes_executor.py took 0.044 seconds
[2023-03-07 08:46:17,265] {processor.py:153} INFO - Started process (PID=8861) to work on /home/veri-pc/.local/lib/python3.10/site-packages/airflow/example_dags/example_kubernetes_executor.py
[2023-03-07 08:46:17,267] {processor.py:641} INFO - Processing file /home/veri-pc/.local/lib/python3.10/site-packages/airflow/example_dags/example_kubernetes_executor.py for tasks to queue
[2023-03-07 08:46:17,269] {logging_mixin.py:115} INFO - [2023-03-07 08:46:17,269] {dagbag.py:507} INFO - Filling up the DagBag from /home/veri-pc/.local/lib/python3.10/site-packages/airflow/example_dags/example_kubernetes_executor.py
[2023-03-07 08:46:17,296] {logging_mixin.py:115} INFO - [2023-03-07 08:46:17,296] {example_kubernetes_executor.py:39} WARNING - The example_kubernetes_executor example DAG requires the kubernetes provider. Please install it with: pip install apache-airflow[cncf.kubernetes]
[2023-03-07 08:46:17,296] {processor.py:653} WARNING - No viable dags retrieved from /home/veri-pc/.local/lib/python3.10/site-packages/airflow/example_dags/example_kubernetes_executor.py
[2023-03-07 08:46:17,304] {processor.py:161} INFO - Processing /home/veri-pc/.local/lib/python3.10/site-packages/airflow/example_dags/example_kubernetes_executor.py took 0.046 seconds
[2023-03-07 08:46:49,207] {processor.py:153} INFO - Started process (PID=8946) to work on /home/veri-pc/.local/lib/python3.10/site-packages/airflow/example_dags/example_kubernetes_executor.py
[2023-03-07 08:46:49,208] {processor.py:641} INFO - Processing file /home/veri-pc/.local/lib/python3.10/site-packages/airflow/example_dags/example_kubernetes_executor.py for tasks to queue
[2023-03-07 08:46:49,209] {logging_mixin.py:115} INFO - [2023-03-07 08:46:49,209] {dagbag.py:507} INFO - Filling up the DagBag from /home/veri-pc/.local/lib/python3.10/site-packages/airflow/example_dags/example_kubernetes_executor.py
[2023-03-07 08:46:49,237] {logging_mixin.py:115} INFO - [2023-03-07 08:46:49,237] {example_kubernetes_executor.py:39} WARNING - The example_kubernetes_executor example DAG requires the kubernetes provider. Please install it with: pip install apache-airflow[cncf.kubernetes]
[2023-03-07 08:46:49,237] {processor.py:653} WARNING - No viable dags retrieved from /home/veri-pc/.local/lib/python3.10/site-packages/airflow/example_dags/example_kubernetes_executor.py
[2023-03-07 08:46:49,245] {processor.py:161} INFO - Processing /home/veri-pc/.local/lib/python3.10/site-packages/airflow/example_dags/example_kubernetes_executor.py took 0.045 seconds
[2023-03-07 08:47:21,530] {processor.py:153} INFO - Started process (PID=9032) to work on /home/veri-pc/.local/lib/python3.10/site-packages/airflow/example_dags/example_kubernetes_executor.py
[2023-03-07 08:47:21,531] {processor.py:641} INFO - Processing file /home/veri-pc/.local/lib/python3.10/site-packages/airflow/example_dags/example_kubernetes_executor.py for tasks to queue
[2023-03-07 08:47:21,531] {logging_mixin.py:115} INFO - [2023-03-07 08:47:21,531] {dagbag.py:507} INFO - Filling up the DagBag from /home/veri-pc/.local/lib/python3.10/site-packages/airflow/example_dags/example_kubernetes_executor.py
[2023-03-07 08:47:21,546] {logging_mixin.py:115} INFO - [2023-03-07 08:47:21,546] {example_kubernetes_executor.py:39} WARNING - The example_kubernetes_executor example DAG requires the kubernetes provider. Please install it with: pip install apache-airflow[cncf.kubernetes]
[2023-03-07 08:47:21,546] {processor.py:653} WARNING - No viable dags retrieved from /home/veri-pc/.local/lib/python3.10/site-packages/airflow/example_dags/example_kubernetes_executor.py
[2023-03-07 08:47:21,554] {processor.py:161} INFO - Processing /home/veri-pc/.local/lib/python3.10/site-packages/airflow/example_dags/example_kubernetes_executor.py took 0.027 seconds
[2023-03-07 08:47:54,601] {processor.py:153} INFO - Started process (PID=9129) to work on /home/veri-pc/.local/lib/python3.10/site-packages/airflow/example_dags/example_kubernetes_executor.py
[2023-03-07 08:47:54,601] {processor.py:641} INFO - Processing file /home/veri-pc/.local/lib/python3.10/site-packages/airflow/example_dags/example_kubernetes_executor.py for tasks to queue
[2023-03-07 08:47:54,602] {logging_mixin.py:115} INFO - [2023-03-07 08:47:54,602] {dagbag.py:507} INFO - Filling up the DagBag from /home/veri-pc/.local/lib/python3.10/site-packages/airflow/example_dags/example_kubernetes_executor.py
[2023-03-07 08:47:54,618] {logging_mixin.py:115} INFO - [2023-03-07 08:47:54,618] {example_kubernetes_executor.py:39} WARNING - The example_kubernetes_executor example DAG requires the kubernetes provider. Please install it with: pip install apache-airflow[cncf.kubernetes]
[2023-03-07 08:47:54,618] {processor.py:653} WARNING - No viable dags retrieved from /home/veri-pc/.local/lib/python3.10/site-packages/airflow/example_dags/example_kubernetes_executor.py
[2023-03-07 08:47:54,628] {processor.py:161} INFO - Processing /home/veri-pc/.local/lib/python3.10/site-packages/airflow/example_dags/example_kubernetes_executor.py took 0.030 seconds
[2023-03-07 08:48:27,122] {processor.py:153} INFO - Started process (PID=9208) to work on /home/veri-pc/.local/lib/python3.10/site-packages/airflow/example_dags/example_kubernetes_executor.py
[2023-03-07 08:48:27,123] {processor.py:641} INFO - Processing file /home/veri-pc/.local/lib/python3.10/site-packages/airflow/example_dags/example_kubernetes_executor.py for tasks to queue
[2023-03-07 08:48:27,124] {logging_mixin.py:115} INFO - [2023-03-07 08:48:27,124] {dagbag.py:507} INFO - Filling up the DagBag from /home/veri-pc/.local/lib/python3.10/site-packages/airflow/example_dags/example_kubernetes_executor.py
[2023-03-07 08:48:27,156] {logging_mixin.py:115} INFO - [2023-03-07 08:48:27,156] {example_kubernetes_executor.py:39} WARNING - The example_kubernetes_executor example DAG requires the kubernetes provider. Please install it with: pip install apache-airflow[cncf.kubernetes]
[2023-03-07 08:48:27,157] {processor.py:653} WARNING - No viable dags retrieved from /home/veri-pc/.local/lib/python3.10/site-packages/airflow/example_dags/example_kubernetes_executor.py
[2023-03-07 08:48:27,167] {processor.py:161} INFO - Processing /home/veri-pc/.local/lib/python3.10/site-packages/airflow/example_dags/example_kubernetes_executor.py took 0.052 seconds
[2023-03-07 08:48:57,975] {processor.py:153} INFO - Started process (PID=9283) to work on /home/veri-pc/.local/lib/python3.10/site-packages/airflow/example_dags/example_kubernetes_executor.py
[2023-03-07 08:48:57,976] {processor.py:641} INFO - Processing file /home/veri-pc/.local/lib/python3.10/site-packages/airflow/example_dags/example_kubernetes_executor.py for tasks to queue
[2023-03-07 08:48:57,977] {logging_mixin.py:115} INFO - [2023-03-07 08:48:57,977] {dagbag.py:507} INFO - Filling up the DagBag from /home/veri-pc/.local/lib/python3.10/site-packages/airflow/example_dags/example_kubernetes_executor.py
[2023-03-07 08:48:57,998] {logging_mixin.py:115} INFO - [2023-03-07 08:48:57,998] {example_kubernetes_executor.py:39} WARNING - The example_kubernetes_executor example DAG requires the kubernetes provider. Please install it with: pip install apache-airflow[cncf.kubernetes]
[2023-03-07 08:48:57,998] {processor.py:653} WARNING - No viable dags retrieved from /home/veri-pc/.local/lib/python3.10/site-packages/airflow/example_dags/example_kubernetes_executor.py
[2023-03-07 08:48:58,006] {processor.py:161} INFO - Processing /home/veri-pc/.local/lib/python3.10/site-packages/airflow/example_dags/example_kubernetes_executor.py took 0.037 seconds
[2023-03-07 08:49:31,066] {processor.py:153} INFO - Started process (PID=9370) to work on /home/veri-pc/.local/lib/python3.10/site-packages/airflow/example_dags/example_kubernetes_executor.py
[2023-03-07 08:49:31,067] {processor.py:641} INFO - Processing file /home/veri-pc/.local/lib/python3.10/site-packages/airflow/example_dags/example_kubernetes_executor.py for tasks to queue
[2023-03-07 08:49:31,068] {logging_mixin.py:115} INFO - [2023-03-07 08:49:31,067] {dagbag.py:507} INFO - Filling up the DagBag from /home/veri-pc/.local/lib/python3.10/site-packages/airflow/example_dags/example_kubernetes_executor.py
[2023-03-07 08:49:31,084] {logging_mixin.py:115} INFO - [2023-03-07 08:49:31,083] {example_kubernetes_executor.py:39} WARNING - The example_kubernetes_executor example DAG requires the kubernetes provider. Please install it with: pip install apache-airflow[cncf.kubernetes]
[2023-03-07 08:49:31,084] {processor.py:653} WARNING - No viable dags retrieved from /home/veri-pc/.local/lib/python3.10/site-packages/airflow/example_dags/example_kubernetes_executor.py
[2023-03-07 08:49:31,092] {processor.py:161} INFO - Processing /home/veri-pc/.local/lib/python3.10/site-packages/airflow/example_dags/example_kubernetes_executor.py took 0.029 seconds
[2023-03-07 08:50:04,604] {processor.py:153} INFO - Started process (PID=9479) to work on /home/veri-pc/.local/lib/python3.10/site-packages/airflow/example_dags/example_kubernetes_executor.py
[2023-03-07 08:50:04,605] {processor.py:641} INFO - Processing file /home/veri-pc/.local/lib/python3.10/site-packages/airflow/example_dags/example_kubernetes_executor.py for tasks to queue
[2023-03-07 08:50:04,606] {logging_mixin.py:115} INFO - [2023-03-07 08:50:04,605] {dagbag.py:507} INFO - Filling up the DagBag from /home/veri-pc/.local/lib/python3.10/site-packages/airflow/example_dags/example_kubernetes_executor.py
[2023-03-07 08:50:04,631] {logging_mixin.py:115} INFO - [2023-03-07 08:50:04,630] {example_kubernetes_executor.py:39} WARNING - The example_kubernetes_executor example DAG requires the kubernetes provider. Please install it with: pip install apache-airflow[cncf.kubernetes]
[2023-03-07 08:50:04,631] {processor.py:653} WARNING - No viable dags retrieved from /home/veri-pc/.local/lib/python3.10/site-packages/airflow/example_dags/example_kubernetes_executor.py
[2023-03-07 08:50:04,640] {processor.py:161} INFO - Processing /home/veri-pc/.local/lib/python3.10/site-packages/airflow/example_dags/example_kubernetes_executor.py took 0.041 seconds
[2023-03-07 08:50:35,561] {processor.py:153} INFO - Started process (PID=9557) to work on /home/veri-pc/.local/lib/python3.10/site-packages/airflow/example_dags/example_kubernetes_executor.py
[2023-03-07 08:50:35,561] {processor.py:641} INFO - Processing file /home/veri-pc/.local/lib/python3.10/site-packages/airflow/example_dags/example_kubernetes_executor.py for tasks to queue
[2023-03-07 08:50:35,562] {logging_mixin.py:115} INFO - [2023-03-07 08:50:35,562] {dagbag.py:507} INFO - Filling up the DagBag from /home/veri-pc/.local/lib/python3.10/site-packages/airflow/example_dags/example_kubernetes_executor.py
[2023-03-07 08:50:35,578] {logging_mixin.py:115} INFO - [2023-03-07 08:50:35,578] {example_kubernetes_executor.py:39} WARNING - The example_kubernetes_executor example DAG requires the kubernetes provider. Please install it with: pip install apache-airflow[cncf.kubernetes]
[2023-03-07 08:50:35,578] {processor.py:653} WARNING - No viable dags retrieved from /home/veri-pc/.local/lib/python3.10/site-packages/airflow/example_dags/example_kubernetes_executor.py
[2023-03-07 08:50:35,587] {processor.py:161} INFO - Processing /home/veri-pc/.local/lib/python3.10/site-packages/airflow/example_dags/example_kubernetes_executor.py took 0.029 seconds
[2023-03-07 08:51:09,825] {processor.py:153} INFO - Started process (PID=9642) to work on /home/veri-pc/.local/lib/python3.10/site-packages/airflow/example_dags/example_kubernetes_executor.py
[2023-03-07 08:51:09,826] {processor.py:641} INFO - Processing file /home/veri-pc/.local/lib/python3.10/site-packages/airflow/example_dags/example_kubernetes_executor.py for tasks to queue
[2023-03-07 08:51:09,828] {logging_mixin.py:115} INFO - [2023-03-07 08:51:09,827] {dagbag.py:507} INFO - Filling up the DagBag from /home/veri-pc/.local/lib/python3.10/site-packages/airflow/example_dags/example_kubernetes_executor.py
[2023-03-07 08:51:09,854] {logging_mixin.py:115} INFO - [2023-03-07 08:51:09,853] {example_kubernetes_executor.py:39} WARNING - The example_kubernetes_executor example DAG requires the kubernetes provider. Please install it with: pip install apache-airflow[cncf.kubernetes]
[2023-03-07 08:51:09,854] {processor.py:653} WARNING - No viable dags retrieved from /home/veri-pc/.local/lib/python3.10/site-packages/airflow/example_dags/example_kubernetes_executor.py
[2023-03-07 08:51:09,870] {processor.py:161} INFO - Processing /home/veri-pc/.local/lib/python3.10/site-packages/airflow/example_dags/example_kubernetes_executor.py took 0.050 seconds
[2023-03-07 08:51:40,531] {processor.py:153} INFO - Started process (PID=9742) to work on /home/veri-pc/.local/lib/python3.10/site-packages/airflow/example_dags/example_kubernetes_executor.py
[2023-03-07 08:51:40,532] {processor.py:641} INFO - Processing file /home/veri-pc/.local/lib/python3.10/site-packages/airflow/example_dags/example_kubernetes_executor.py for tasks to queue
[2023-03-07 08:51:40,532] {logging_mixin.py:115} INFO - [2023-03-07 08:51:40,532] {dagbag.py:507} INFO - Filling up the DagBag from /home/veri-pc/.local/lib/python3.10/site-packages/airflow/example_dags/example_kubernetes_executor.py
[2023-03-07 08:51:40,543] {logging_mixin.py:115} INFO - [2023-03-07 08:51:40,543] {example_kubernetes_executor.py:39} WARNING - The example_kubernetes_executor example DAG requires the kubernetes provider. Please install it with: pip install apache-airflow[cncf.kubernetes]
[2023-03-07 08:51:40,543] {processor.py:653} WARNING - No viable dags retrieved from /home/veri-pc/.local/lib/python3.10/site-packages/airflow/example_dags/example_kubernetes_executor.py
[2023-03-07 08:51:40,549] {processor.py:161} INFO - Processing /home/veri-pc/.local/lib/python3.10/site-packages/airflow/example_dags/example_kubernetes_executor.py took 0.020 seconds
[2023-03-07 08:52:13,923] {processor.py:153} INFO - Started process (PID=9827) to work on /home/veri-pc/.local/lib/python3.10/site-packages/airflow/example_dags/example_kubernetes_executor.py
[2023-03-07 08:52:13,924] {processor.py:641} INFO - Processing file /home/veri-pc/.local/lib/python3.10/site-packages/airflow/example_dags/example_kubernetes_executor.py for tasks to queue
[2023-03-07 08:52:13,926] {logging_mixin.py:115} INFO - [2023-03-07 08:52:13,925] {dagbag.py:507} INFO - Filling up the DagBag from /home/veri-pc/.local/lib/python3.10/site-packages/airflow/example_dags/example_kubernetes_executor.py
[2023-03-07 08:52:13,950] {logging_mixin.py:115} INFO - [2023-03-07 08:52:13,950] {example_kubernetes_executor.py:39} WARNING - The example_kubernetes_executor example DAG requires the kubernetes provider. Please install it with: pip install apache-airflow[cncf.kubernetes]
[2023-03-07 08:52:13,950] {processor.py:653} WARNING - No viable dags retrieved from /home/veri-pc/.local/lib/python3.10/site-packages/airflow/example_dags/example_kubernetes_executor.py
[2023-03-07 08:52:13,958] {processor.py:161} INFO - Processing /home/veri-pc/.local/lib/python3.10/site-packages/airflow/example_dags/example_kubernetes_executor.py took 0.039 seconds
[2023-03-07 08:52:48,097] {processor.py:153} INFO - Started process (PID=9923) to work on /home/veri-pc/.local/lib/python3.10/site-packages/airflow/example_dags/example_kubernetes_executor.py
[2023-03-07 08:52:48,098] {processor.py:641} INFO - Processing file /home/veri-pc/.local/lib/python3.10/site-packages/airflow/example_dags/example_kubernetes_executor.py for tasks to queue
[2023-03-07 08:52:48,099] {logging_mixin.py:115} INFO - [2023-03-07 08:52:48,099] {dagbag.py:507} INFO - Filling up the DagBag from /home/veri-pc/.local/lib/python3.10/site-packages/airflow/example_dags/example_kubernetes_executor.py
[2023-03-07 08:52:48,118] {logging_mixin.py:115} INFO - [2023-03-07 08:52:48,117] {example_kubernetes_executor.py:39} WARNING - The example_kubernetes_executor example DAG requires the kubernetes provider. Please install it with: pip install apache-airflow[cncf.kubernetes]
[2023-03-07 08:52:48,118] {processor.py:653} WARNING - No viable dags retrieved from /home/veri-pc/.local/lib/python3.10/site-packages/airflow/example_dags/example_kubernetes_executor.py
[2023-03-07 08:52:48,124] {processor.py:161} INFO - Processing /home/veri-pc/.local/lib/python3.10/site-packages/airflow/example_dags/example_kubernetes_executor.py took 0.033 seconds
[2023-03-07 08:53:26,757] {processor.py:153} INFO - Started process (PID=10021) to work on /home/veri-pc/.local/lib/python3.10/site-packages/airflow/example_dags/example_kubernetes_executor.py
[2023-03-07 08:53:26,758] {processor.py:641} INFO - Processing file /home/veri-pc/.local/lib/python3.10/site-packages/airflow/example_dags/example_kubernetes_executor.py for tasks to queue
[2023-03-07 08:53:26,758] {logging_mixin.py:115} INFO - [2023-03-07 08:53:26,758] {dagbag.py:507} INFO - Filling up the DagBag from /home/veri-pc/.local/lib/python3.10/site-packages/airflow/example_dags/example_kubernetes_executor.py
[2023-03-07 08:53:26,767] {logging_mixin.py:115} INFO - [2023-03-07 08:53:26,767] {example_kubernetes_executor.py:39} WARNING - The example_kubernetes_executor example DAG requires the kubernetes provider. Please install it with: pip install apache-airflow[cncf.kubernetes]
[2023-03-07 08:53:26,767] {processor.py:653} WARNING - No viable dags retrieved from /home/veri-pc/.local/lib/python3.10/site-packages/airflow/example_dags/example_kubernetes_executor.py
[2023-03-07 08:53:26,772] {processor.py:161} INFO - Processing /home/veri-pc/.local/lib/python3.10/site-packages/airflow/example_dags/example_kubernetes_executor.py took 0.017 seconds
[2023-03-07 08:53:57,607] {processor.py:153} INFO - Started process (PID=10093) to work on /home/veri-pc/.local/lib/python3.10/site-packages/airflow/example_dags/example_kubernetes_executor.py
[2023-03-07 08:53:57,608] {processor.py:641} INFO - Processing file /home/veri-pc/.local/lib/python3.10/site-packages/airflow/example_dags/example_kubernetes_executor.py for tasks to queue
[2023-03-07 08:53:57,609] {logging_mixin.py:115} INFO - [2023-03-07 08:53:57,609] {dagbag.py:507} INFO - Filling up the DagBag from /home/veri-pc/.local/lib/python3.10/site-packages/airflow/example_dags/example_kubernetes_executor.py
[2023-03-07 08:53:57,622] {logging_mixin.py:115} INFO - [2023-03-07 08:53:57,622] {example_kubernetes_executor.py:39} WARNING - The example_kubernetes_executor example DAG requires the kubernetes provider. Please install it with: pip install apache-airflow[cncf.kubernetes]
[2023-03-07 08:53:57,622] {processor.py:653} WARNING - No viable dags retrieved from /home/veri-pc/.local/lib/python3.10/site-packages/airflow/example_dags/example_kubernetes_executor.py
[2023-03-07 08:53:57,628] {processor.py:161} INFO - Processing /home/veri-pc/.local/lib/python3.10/site-packages/airflow/example_dags/example_kubernetes_executor.py took 0.024 seconds
[2023-03-07 08:54:35,288] {processor.py:153} INFO - Started process (PID=10495) to work on /home/veri-pc/.local/lib/python3.10/site-packages/airflow/example_dags/example_kubernetes_executor.py
[2023-03-07 08:54:35,289] {processor.py:641} INFO - Processing file /home/veri-pc/.local/lib/python3.10/site-packages/airflow/example_dags/example_kubernetes_executor.py for tasks to queue
[2023-03-07 08:54:35,290] {logging_mixin.py:115} INFO - [2023-03-07 08:54:35,290] {dagbag.py:507} INFO - Filling up the DagBag from /home/veri-pc/.local/lib/python3.10/site-packages/airflow/example_dags/example_kubernetes_executor.py
[2023-03-07 08:54:35,307] {logging_mixin.py:115} INFO - [2023-03-07 08:54:35,307] {example_kubernetes_executor.py:39} WARNING - The example_kubernetes_executor example DAG requires the kubernetes provider. Please install it with: pip install apache-airflow[cncf.kubernetes]
[2023-03-07 08:54:35,308] {processor.py:653} WARNING - No viable dags retrieved from /home/veri-pc/.local/lib/python3.10/site-packages/airflow/example_dags/example_kubernetes_executor.py
[2023-03-07 08:54:35,316] {processor.py:161} INFO - Processing /home/veri-pc/.local/lib/python3.10/site-packages/airflow/example_dags/example_kubernetes_executor.py took 0.031 seconds
[2023-03-07 08:55:06,023] {processor.py:153} INFO - Started process (PID=10887) to work on /home/veri-pc/.local/lib/python3.10/site-packages/airflow/example_dags/example_kubernetes_executor.py
[2023-03-07 08:55:06,024] {processor.py:641} INFO - Processing file /home/veri-pc/.local/lib/python3.10/site-packages/airflow/example_dags/example_kubernetes_executor.py for tasks to queue
[2023-03-07 08:55:06,025] {logging_mixin.py:115} INFO - [2023-03-07 08:55:06,025] {dagbag.py:507} INFO - Filling up the DagBag from /home/veri-pc/.local/lib/python3.10/site-packages/airflow/example_dags/example_kubernetes_executor.py
[2023-03-07 08:55:06,054] {logging_mixin.py:115} INFO - [2023-03-07 08:55:06,054] {example_kubernetes_executor.py:39} WARNING - The example_kubernetes_executor example DAG requires the kubernetes provider. Please install it with: pip install apache-airflow[cncf.kubernetes]
[2023-03-07 08:55:06,054] {processor.py:653} WARNING - No viable dags retrieved from /home/veri-pc/.local/lib/python3.10/site-packages/airflow/example_dags/example_kubernetes_executor.py
[2023-03-07 08:55:06,061] {processor.py:161} INFO - Processing /home/veri-pc/.local/lib/python3.10/site-packages/airflow/example_dags/example_kubernetes_executor.py took 0.045 seconds
[2023-03-07 08:55:39,651] {processor.py:153} INFO - Started process (PID=10954) to work on /home/veri-pc/.local/lib/python3.10/site-packages/airflow/example_dags/example_kubernetes_executor.py
[2023-03-07 08:55:39,652] {processor.py:641} INFO - Processing file /home/veri-pc/.local/lib/python3.10/site-packages/airflow/example_dags/example_kubernetes_executor.py for tasks to queue
[2023-03-07 08:55:39,652] {logging_mixin.py:115} INFO - [2023-03-07 08:55:39,652] {dagbag.py:507} INFO - Filling up the DagBag from /home/veri-pc/.local/lib/python3.10/site-packages/airflow/example_dags/example_kubernetes_executor.py
[2023-03-07 08:55:39,662] {logging_mixin.py:115} INFO - [2023-03-07 08:55:39,662] {example_kubernetes_executor.py:39} WARNING - The example_kubernetes_executor example DAG requires the kubernetes provider. Please install it with: pip install apache-airflow[cncf.kubernetes]
[2023-03-07 08:55:39,663] {processor.py:653} WARNING - No viable dags retrieved from /home/veri-pc/.local/lib/python3.10/site-packages/airflow/example_dags/example_kubernetes_executor.py
[2023-03-07 08:55:39,667] {processor.py:161} INFO - Processing /home/veri-pc/.local/lib/python3.10/site-packages/airflow/example_dags/example_kubernetes_executor.py took 0.018 seconds
[2023-03-07 08:56:13,873] {processor.py:153} INFO - Started process (PID=11031) to work on /home/veri-pc/.local/lib/python3.10/site-packages/airflow/example_dags/example_kubernetes_executor.py
[2023-03-07 08:56:13,875] {processor.py:641} INFO - Processing file /home/veri-pc/.local/lib/python3.10/site-packages/airflow/example_dags/example_kubernetes_executor.py for tasks to queue
[2023-03-07 08:56:13,876] {logging_mixin.py:115} INFO - [2023-03-07 08:56:13,876] {dagbag.py:507} INFO - Filling up the DagBag from /home/veri-pc/.local/lib/python3.10/site-packages/airflow/example_dags/example_kubernetes_executor.py
[2023-03-07 08:56:13,903] {logging_mixin.py:115} INFO - [2023-03-07 08:56:13,903] {example_kubernetes_executor.py:39} WARNING - The example_kubernetes_executor example DAG requires the kubernetes provider. Please install it with: pip install apache-airflow[cncf.kubernetes]
[2023-03-07 08:56:13,903] {processor.py:653} WARNING - No viable dags retrieved from /home/veri-pc/.local/lib/python3.10/site-packages/airflow/example_dags/example_kubernetes_executor.py
[2023-03-07 08:56:13,910] {processor.py:161} INFO - Processing /home/veri-pc/.local/lib/python3.10/site-packages/airflow/example_dags/example_kubernetes_executor.py took 0.044 seconds
[2023-03-07 09:01:54,894] {processor.py:153} INFO - Started process (PID=11867) to work on /home/veri-pc/.local/lib/python3.10/site-packages/airflow/example_dags/example_kubernetes_executor.py
[2023-03-07 09:01:54,895] {processor.py:641} INFO - Processing file /home/veri-pc/.local/lib/python3.10/site-packages/airflow/example_dags/example_kubernetes_executor.py for tasks to queue
[2023-03-07 09:01:54,895] {logging_mixin.py:115} INFO - [2023-03-07 09:01:54,895] {dagbag.py:507} INFO - Filling up the DagBag from /home/veri-pc/.local/lib/python3.10/site-packages/airflow/example_dags/example_kubernetes_executor.py
[2023-03-07 09:01:54,910] {logging_mixin.py:115} INFO - [2023-03-07 09:01:54,910] {example_kubernetes_executor.py:39} WARNING - The example_kubernetes_executor example DAG requires the kubernetes provider. Please install it with: pip install apache-airflow[cncf.kubernetes]
[2023-03-07 09:01:54,910] {processor.py:653} WARNING - No viable dags retrieved from /home/veri-pc/.local/lib/python3.10/site-packages/airflow/example_dags/example_kubernetes_executor.py
[2023-03-07 09:01:54,918] {processor.py:161} INFO - Processing /home/veri-pc/.local/lib/python3.10/site-packages/airflow/example_dags/example_kubernetes_executor.py took 0.025 seconds
[2023-03-07 09:02:25,748] {processor.py:153} INFO - Started process (PID=11956) to work on /home/veri-pc/.local/lib/python3.10/site-packages/airflow/example_dags/example_kubernetes_executor.py
[2023-03-07 09:02:25,749] {processor.py:641} INFO - Processing file /home/veri-pc/.local/lib/python3.10/site-packages/airflow/example_dags/example_kubernetes_executor.py for tasks to queue
[2023-03-07 09:02:25,749] {logging_mixin.py:115} INFO - [2023-03-07 09:02:25,749] {dagbag.py:507} INFO - Filling up the DagBag from /home/veri-pc/.local/lib/python3.10/site-packages/airflow/example_dags/example_kubernetes_executor.py
[2023-03-07 09:02:25,759] {logging_mixin.py:115} INFO - [2023-03-07 09:02:25,759] {example_kubernetes_executor.py:39} WARNING - The example_kubernetes_executor example DAG requires the kubernetes provider. Please install it with: pip install apache-airflow[cncf.kubernetes]
[2023-03-07 09:02:25,760] {processor.py:653} WARNING - No viable dags retrieved from /home/veri-pc/.local/lib/python3.10/site-packages/airflow/example_dags/example_kubernetes_executor.py
[2023-03-07 09:02:25,766] {processor.py:161} INFO - Processing /home/veri-pc/.local/lib/python3.10/site-packages/airflow/example_dags/example_kubernetes_executor.py took 0.020 seconds
[2023-03-07 09:02:59,273] {processor.py:153} INFO - Started process (PID=12032) to work on /home/veri-pc/.local/lib/python3.10/site-packages/airflow/example_dags/example_kubernetes_executor.py
[2023-03-07 09:02:59,274] {processor.py:641} INFO - Processing file /home/veri-pc/.local/lib/python3.10/site-packages/airflow/example_dags/example_kubernetes_executor.py for tasks to queue
[2023-03-07 09:02:59,275] {logging_mixin.py:115} INFO - [2023-03-07 09:02:59,275] {dagbag.py:507} INFO - Filling up the DagBag from /home/veri-pc/.local/lib/python3.10/site-packages/airflow/example_dags/example_kubernetes_executor.py
[2023-03-07 09:02:59,292] {logging_mixin.py:115} INFO - [2023-03-07 09:02:59,292] {example_kubernetes_executor.py:39} WARNING - The example_kubernetes_executor example DAG requires the kubernetes provider. Please install it with: pip install apache-airflow[cncf.kubernetes]
[2023-03-07 09:02:59,292] {processor.py:653} WARNING - No viable dags retrieved from /home/veri-pc/.local/lib/python3.10/site-packages/airflow/example_dags/example_kubernetes_executor.py
[2023-03-07 09:02:59,301] {processor.py:161} INFO - Processing /home/veri-pc/.local/lib/python3.10/site-packages/airflow/example_dags/example_kubernetes_executor.py took 0.033 seconds
[2023-03-07 09:03:31,373] {processor.py:153} INFO - Started process (PID=12199) to work on /home/veri-pc/.local/lib/python3.10/site-packages/airflow/example_dags/example_kubernetes_executor.py
[2023-03-07 09:03:31,375] {processor.py:641} INFO - Processing file /home/veri-pc/.local/lib/python3.10/site-packages/airflow/example_dags/example_kubernetes_executor.py for tasks to queue
[2023-03-07 09:03:31,375] {logging_mixin.py:115} INFO - [2023-03-07 09:03:31,375] {dagbag.py:507} INFO - Filling up the DagBag from /home/veri-pc/.local/lib/python3.10/site-packages/airflow/example_dags/example_kubernetes_executor.py
[2023-03-07 09:03:31,388] {logging_mixin.py:115} INFO - [2023-03-07 09:03:31,388] {example_kubernetes_executor.py:39} WARNING - The example_kubernetes_executor example DAG requires the kubernetes provider. Please install it with: pip install apache-airflow[cncf.kubernetes]
[2023-03-07 09:03:31,388] {processor.py:653} WARNING - No viable dags retrieved from /home/veri-pc/.local/lib/python3.10/site-packages/airflow/example_dags/example_kubernetes_executor.py
[2023-03-07 09:03:31,395] {processor.py:161} INFO - Processing /home/veri-pc/.local/lib/python3.10/site-packages/airflow/example_dags/example_kubernetes_executor.py took 0.024 seconds
[2023-03-07 09:04:04,333] {processor.py:153} INFO - Started process (PID=12280) to work on /home/veri-pc/.local/lib/python3.10/site-packages/airflow/example_dags/example_kubernetes_executor.py
[2023-03-07 09:04:04,334] {processor.py:641} INFO - Processing file /home/veri-pc/.local/lib/python3.10/site-packages/airflow/example_dags/example_kubernetes_executor.py for tasks to queue
[2023-03-07 09:04:04,336] {logging_mixin.py:115} INFO - [2023-03-07 09:04:04,336] {dagbag.py:507} INFO - Filling up the DagBag from /home/veri-pc/.local/lib/python3.10/site-packages/airflow/example_dags/example_kubernetes_executor.py
[2023-03-07 09:04:04,359] {logging_mixin.py:115} INFO - [2023-03-07 09:04:04,359] {example_kubernetes_executor.py:39} WARNING - The example_kubernetes_executor example DAG requires the kubernetes provider. Please install it with: pip install apache-airflow[cncf.kubernetes]
[2023-03-07 09:04:04,359] {processor.py:653} WARNING - No viable dags retrieved from /home/veri-pc/.local/lib/python3.10/site-packages/airflow/example_dags/example_kubernetes_executor.py
[2023-03-07 09:04:04,366] {processor.py:161} INFO - Processing /home/veri-pc/.local/lib/python3.10/site-packages/airflow/example_dags/example_kubernetes_executor.py took 0.040 seconds
[2023-03-07 09:04:38,085] {processor.py:153} INFO - Started process (PID=12360) to work on /home/veri-pc/.local/lib/python3.10/site-packages/airflow/example_dags/example_kubernetes_executor.py
[2023-03-07 09:04:38,086] {processor.py:641} INFO - Processing file /home/veri-pc/.local/lib/python3.10/site-packages/airflow/example_dags/example_kubernetes_executor.py for tasks to queue
[2023-03-07 09:04:38,087] {logging_mixin.py:115} INFO - [2023-03-07 09:04:38,087] {dagbag.py:507} INFO - Filling up the DagBag from /home/veri-pc/.local/lib/python3.10/site-packages/airflow/example_dags/example_kubernetes_executor.py
[2023-03-07 09:04:38,113] {logging_mixin.py:115} INFO - [2023-03-07 09:04:38,113] {example_kubernetes_executor.py:39} WARNING - The example_kubernetes_executor example DAG requires the kubernetes provider. Please install it with: pip install apache-airflow[cncf.kubernetes]
[2023-03-07 09:04:38,113] {processor.py:653} WARNING - No viable dags retrieved from /home/veri-pc/.local/lib/python3.10/site-packages/airflow/example_dags/example_kubernetes_executor.py
[2023-03-07 09:04:38,121] {processor.py:161} INFO - Processing /home/veri-pc/.local/lib/python3.10/site-packages/airflow/example_dags/example_kubernetes_executor.py took 0.043 seconds
[2023-03-07 09:05:12,128] {processor.py:153} INFO - Started process (PID=12448) to work on /home/veri-pc/.local/lib/python3.10/site-packages/airflow/example_dags/example_kubernetes_executor.py
[2023-03-07 09:05:12,128] {processor.py:641} INFO - Processing file /home/veri-pc/.local/lib/python3.10/site-packages/airflow/example_dags/example_kubernetes_executor.py for tasks to queue
[2023-03-07 09:05:12,129] {logging_mixin.py:115} INFO - [2023-03-07 09:05:12,129] {dagbag.py:507} INFO - Filling up the DagBag from /home/veri-pc/.local/lib/python3.10/site-packages/airflow/example_dags/example_kubernetes_executor.py
[2023-03-07 09:05:12,141] {logging_mixin.py:115} INFO - [2023-03-07 09:05:12,141] {example_kubernetes_executor.py:39} WARNING - The example_kubernetes_executor example DAG requires the kubernetes provider. Please install it with: pip install apache-airflow[cncf.kubernetes]
[2023-03-07 09:05:12,141] {processor.py:653} WARNING - No viable dags retrieved from /home/veri-pc/.local/lib/python3.10/site-packages/airflow/example_dags/example_kubernetes_executor.py
[2023-03-07 09:05:12,147] {processor.py:161} INFO - Processing /home/veri-pc/.local/lib/python3.10/site-packages/airflow/example_dags/example_kubernetes_executor.py took 0.021 seconds
[2023-03-07 09:05:43,570] {processor.py:153} INFO - Started process (PID=12509) to work on /home/veri-pc/.local/lib/python3.10/site-packages/airflow/example_dags/example_kubernetes_executor.py
[2023-03-07 09:05:43,571] {processor.py:641} INFO - Processing file /home/veri-pc/.local/lib/python3.10/site-packages/airflow/example_dags/example_kubernetes_executor.py for tasks to queue
[2023-03-07 09:05:43,573] {logging_mixin.py:115} INFO - [2023-03-07 09:05:43,572] {dagbag.py:507} INFO - Filling up the DagBag from /home/veri-pc/.local/lib/python3.10/site-packages/airflow/example_dags/example_kubernetes_executor.py
[2023-03-07 09:05:43,601] {logging_mixin.py:115} INFO - [2023-03-07 09:05:43,601] {example_kubernetes_executor.py:39} WARNING - The example_kubernetes_executor example DAG requires the kubernetes provider. Please install it with: pip install apache-airflow[cncf.kubernetes]
[2023-03-07 09:05:43,601] {processor.py:653} WARNING - No viable dags retrieved from /home/veri-pc/.local/lib/python3.10/site-packages/airflow/example_dags/example_kubernetes_executor.py
[2023-03-07 09:05:43,609] {processor.py:161} INFO - Processing /home/veri-pc/.local/lib/python3.10/site-packages/airflow/example_dags/example_kubernetes_executor.py took 0.045 seconds
[2023-03-07 09:06:18,322] {processor.py:153} INFO - Started process (PID=12587) to work on /home/veri-pc/.local/lib/python3.10/site-packages/airflow/example_dags/example_kubernetes_executor.py
[2023-03-07 09:06:18,323] {processor.py:641} INFO - Processing file /home/veri-pc/.local/lib/python3.10/site-packages/airflow/example_dags/example_kubernetes_executor.py for tasks to queue
[2023-03-07 09:06:18,325] {logging_mixin.py:115} INFO - [2023-03-07 09:06:18,324] {dagbag.py:507} INFO - Filling up the DagBag from /home/veri-pc/.local/lib/python3.10/site-packages/airflow/example_dags/example_kubernetes_executor.py
[2023-03-07 09:06:18,351] {logging_mixin.py:115} INFO - [2023-03-07 09:06:18,351] {example_kubernetes_executor.py:39} WARNING - The example_kubernetes_executor example DAG requires the kubernetes provider. Please install it with: pip install apache-airflow[cncf.kubernetes]
[2023-03-07 09:06:18,352] {processor.py:653} WARNING - No viable dags retrieved from /home/veri-pc/.local/lib/python3.10/site-packages/airflow/example_dags/example_kubernetes_executor.py
[2023-03-07 09:06:18,360] {processor.py:161} INFO - Processing /home/veri-pc/.local/lib/python3.10/site-packages/airflow/example_dags/example_kubernetes_executor.py took 0.044 seconds
[2023-03-07 09:06:49,721] {processor.py:153} INFO - Started process (PID=12650) to work on /home/veri-pc/.local/lib/python3.10/site-packages/airflow/example_dags/example_kubernetes_executor.py
[2023-03-07 09:06:49,723] {processor.py:641} INFO - Processing file /home/veri-pc/.local/lib/python3.10/site-packages/airflow/example_dags/example_kubernetes_executor.py for tasks to queue
[2023-03-07 09:06:49,724] {logging_mixin.py:115} INFO - [2023-03-07 09:06:49,723] {dagbag.py:507} INFO - Filling up the DagBag from /home/veri-pc/.local/lib/python3.10/site-packages/airflow/example_dags/example_kubernetes_executor.py
[2023-03-07 09:06:49,749] {logging_mixin.py:115} INFO - [2023-03-07 09:06:49,749] {example_kubernetes_executor.py:39} WARNING - The example_kubernetes_executor example DAG requires the kubernetes provider. Please install it with: pip install apache-airflow[cncf.kubernetes]
[2023-03-07 09:06:49,750] {processor.py:653} WARNING - No viable dags retrieved from /home/veri-pc/.local/lib/python3.10/site-packages/airflow/example_dags/example_kubernetes_executor.py
[2023-03-07 09:06:49,757] {processor.py:161} INFO - Processing /home/veri-pc/.local/lib/python3.10/site-packages/airflow/example_dags/example_kubernetes_executor.py took 0.043 seconds
[2023-03-07 09:07:23,418] {processor.py:153} INFO - Started process (PID=12730) to work on /home/veri-pc/.local/lib/python3.10/site-packages/airflow/example_dags/example_kubernetes_executor.py
[2023-03-07 09:07:23,420] {processor.py:641} INFO - Processing file /home/veri-pc/.local/lib/python3.10/site-packages/airflow/example_dags/example_kubernetes_executor.py for tasks to queue
[2023-03-07 09:07:23,421] {logging_mixin.py:115} INFO - [2023-03-07 09:07:23,421] {dagbag.py:507} INFO - Filling up the DagBag from /home/veri-pc/.local/lib/python3.10/site-packages/airflow/example_dags/example_kubernetes_executor.py
[2023-03-07 09:07:23,448] {logging_mixin.py:115} INFO - [2023-03-07 09:07:23,448] {example_kubernetes_executor.py:39} WARNING - The example_kubernetes_executor example DAG requires the kubernetes provider. Please install it with: pip install apache-airflow[cncf.kubernetes]
[2023-03-07 09:07:23,448] {processor.py:653} WARNING - No viable dags retrieved from /home/veri-pc/.local/lib/python3.10/site-packages/airflow/example_dags/example_kubernetes_executor.py
[2023-03-07 09:07:23,456] {processor.py:161} INFO - Processing /home/veri-pc/.local/lib/python3.10/site-packages/airflow/example_dags/example_kubernetes_executor.py took 0.044 seconds
[2023-03-07 09:07:55,353] {processor.py:153} INFO - Started process (PID=12847) to work on /home/veri-pc/.local/lib/python3.10/site-packages/airflow/example_dags/example_kubernetes_executor.py
[2023-03-07 09:07:55,354] {processor.py:641} INFO - Processing file /home/veri-pc/.local/lib/python3.10/site-packages/airflow/example_dags/example_kubernetes_executor.py for tasks to queue
[2023-03-07 09:07:55,355] {logging_mixin.py:115} INFO - [2023-03-07 09:07:55,355] {dagbag.py:507} INFO - Filling up the DagBag from /home/veri-pc/.local/lib/python3.10/site-packages/airflow/example_dags/example_kubernetes_executor.py
[2023-03-07 09:07:55,380] {logging_mixin.py:115} INFO - [2023-03-07 09:07:55,380] {example_kubernetes_executor.py:39} WARNING - The example_kubernetes_executor example DAG requires the kubernetes provider. Please install it with: pip install apache-airflow[cncf.kubernetes]
[2023-03-07 09:07:55,381] {processor.py:653} WARNING - No viable dags retrieved from /home/veri-pc/.local/lib/python3.10/site-packages/airflow/example_dags/example_kubernetes_executor.py
[2023-03-07 09:07:55,389] {processor.py:161} INFO - Processing /home/veri-pc/.local/lib/python3.10/site-packages/airflow/example_dags/example_kubernetes_executor.py took 0.042 seconds
[2023-03-07 09:08:27,334] {processor.py:153} INFO - Started process (PID=12920) to work on /home/veri-pc/.local/lib/python3.10/site-packages/airflow/example_dags/example_kubernetes_executor.py
[2023-03-07 09:08:27,335] {processor.py:641} INFO - Processing file /home/veri-pc/.local/lib/python3.10/site-packages/airflow/example_dags/example_kubernetes_executor.py for tasks to queue
[2023-03-07 09:08:27,336] {logging_mixin.py:115} INFO - [2023-03-07 09:08:27,336] {dagbag.py:507} INFO - Filling up the DagBag from /home/veri-pc/.local/lib/python3.10/site-packages/airflow/example_dags/example_kubernetes_executor.py
[2023-03-07 09:08:27,366] {logging_mixin.py:115} INFO - [2023-03-07 09:08:27,366] {example_kubernetes_executor.py:39} WARNING - The example_kubernetes_executor example DAG requires the kubernetes provider. Please install it with: pip install apache-airflow[cncf.kubernetes]
[2023-03-07 09:08:27,366] {processor.py:653} WARNING - No viable dags retrieved from /home/veri-pc/.local/lib/python3.10/site-packages/airflow/example_dags/example_kubernetes_executor.py
[2023-03-07 09:08:27,373] {processor.py:161} INFO - Processing /home/veri-pc/.local/lib/python3.10/site-packages/airflow/example_dags/example_kubernetes_executor.py took 0.046 seconds
[2023-03-07 09:08:58,061] {processor.py:153} INFO - Started process (PID=12999) to work on /home/veri-pc/.local/lib/python3.10/site-packages/airflow/example_dags/example_kubernetes_executor.py
[2023-03-07 09:08:58,062] {processor.py:641} INFO - Processing file /home/veri-pc/.local/lib/python3.10/site-packages/airflow/example_dags/example_kubernetes_executor.py for tasks to queue
[2023-03-07 09:08:58,063] {logging_mixin.py:115} INFO - [2023-03-07 09:08:58,063] {dagbag.py:507} INFO - Filling up the DagBag from /home/veri-pc/.local/lib/python3.10/site-packages/airflow/example_dags/example_kubernetes_executor.py
[2023-03-07 09:08:58,080] {logging_mixin.py:115} INFO - [2023-03-07 09:08:58,080] {example_kubernetes_executor.py:39} WARNING - The example_kubernetes_executor example DAG requires the kubernetes provider. Please install it with: pip install apache-airflow[cncf.kubernetes]
[2023-03-07 09:08:58,081] {processor.py:653} WARNING - No viable dags retrieved from /home/veri-pc/.local/lib/python3.10/site-packages/airflow/example_dags/example_kubernetes_executor.py
[2023-03-07 09:08:58,088] {processor.py:161} INFO - Processing /home/veri-pc/.local/lib/python3.10/site-packages/airflow/example_dags/example_kubernetes_executor.py took 0.031 seconds
[2023-03-07 09:09:31,597] {processor.py:153} INFO - Started process (PID=13086) to work on /home/veri-pc/.local/lib/python3.10/site-packages/airflow/example_dags/example_kubernetes_executor.py
[2023-03-07 09:09:31,599] {processor.py:641} INFO - Processing file /home/veri-pc/.local/lib/python3.10/site-packages/airflow/example_dags/example_kubernetes_executor.py for tasks to queue
[2023-03-07 09:09:31,600] {logging_mixin.py:115} INFO - [2023-03-07 09:09:31,600] {dagbag.py:507} INFO - Filling up the DagBag from /home/veri-pc/.local/lib/python3.10/site-packages/airflow/example_dags/example_kubernetes_executor.py
[2023-03-07 09:09:31,609] {logging_mixin.py:115} INFO - [2023-03-07 09:09:31,609] {example_kubernetes_executor.py:39} WARNING - The example_kubernetes_executor example DAG requires the kubernetes provider. Please install it with: pip install apache-airflow[cncf.kubernetes]
[2023-03-07 09:09:31,609] {processor.py:653} WARNING - No viable dags retrieved from /home/veri-pc/.local/lib/python3.10/site-packages/airflow/example_dags/example_kubernetes_executor.py
[2023-03-07 09:09:31,618] {processor.py:161} INFO - Processing /home/veri-pc/.local/lib/python3.10/site-packages/airflow/example_dags/example_kubernetes_executor.py took 0.024 seconds
[2023-03-07 09:09:57,036] {processor.py:153} INFO - Started process (PID=13204) to work on /home/veri-pc/.local/lib/python3.10/site-packages/airflow/example_dags/example_kubernetes_executor.py
[2023-03-07 09:09:57,037] {processor.py:641} INFO - Processing file /home/veri-pc/.local/lib/python3.10/site-packages/airflow/example_dags/example_kubernetes_executor.py for tasks to queue
[2023-03-07 09:09:57,037] {logging_mixin.py:115} INFO - [2023-03-07 09:09:57,037] {dagbag.py:507} INFO - Filling up the DagBag from /home/veri-pc/.local/lib/python3.10/site-packages/airflow/example_dags/example_kubernetes_executor.py
[2023-03-07 09:09:57,046] {logging_mixin.py:115} INFO - [2023-03-07 09:09:57,046] {example_kubernetes_executor.py:39} WARNING - The example_kubernetes_executor example DAG requires the kubernetes provider. Please install it with: pip install apache-airflow[cncf.kubernetes]
[2023-03-07 09:09:57,046] {processor.py:653} WARNING - No viable dags retrieved from /home/veri-pc/.local/lib/python3.10/site-packages/airflow/example_dags/example_kubernetes_executor.py
[2023-03-07 09:09:57,052] {processor.py:161} INFO - Processing /home/veri-pc/.local/lib/python3.10/site-packages/airflow/example_dags/example_kubernetes_executor.py took 0.017 seconds
