[2023-03-07 12:08:12,655] {processor.py:153} INFO - Started process (PID=40686) to work on /home/veri-pc/.local/lib/python3.10/site-packages/airflow/example_dags/example_task_group_decorator.py
[2023-03-07 12:08:12,656] {processor.py:641} INFO - Processing file /home/veri-pc/.local/lib/python3.10/site-packages/airflow/example_dags/example_task_group_decorator.py for tasks to queue
[2023-03-07 12:08:12,657] {logging_mixin.py:115} INFO - [2023-03-07 12:08:12,657] {dagbag.py:507} INFO - Filling up the DagBag from /home/veri-pc/.local/lib/python3.10/site-packages/airflow/example_dags/example_task_group_decorator.py
[2023-03-07 12:08:12,696] {processor.py:651} INFO - DAG(s) dict_keys(['example_task_group_decorator']) retrieved from /home/veri-pc/.local/lib/python3.10/site-packages/airflow/example_dags/example_task_group_decorator.py
[2023-03-07 12:08:12,734] {logging_mixin.py:115} INFO - [2023-03-07 12:08:12,734] {manager.py:508} INFO - Created Permission View: can read on DAG:example_task_group_decorator
[2023-03-07 12:08:12,741] {logging_mixin.py:115} INFO - [2023-03-07 12:08:12,741] {manager.py:508} INFO - Created Permission View: can edit on DAG:example_task_group_decorator
[2023-03-07 12:08:12,746] {logging_mixin.py:115} INFO - [2023-03-07 12:08:12,746] {manager.py:508} INFO - Created Permission View: can delete on DAG:example_task_group_decorator
[2023-03-07 12:08:12,746] {logging_mixin.py:115} INFO - [2023-03-07 12:08:12,746] {dag.py:2379} INFO - Sync 1 DAGs
[2023-03-07 12:08:12,752] {logging_mixin.py:115} INFO - [2023-03-07 12:08:12,752] {dag.py:2398} INFO - Creating ORM DAG for example_task_group_decorator
[2023-03-07 12:08:12,757] {logging_mixin.py:115} INFO - [2023-03-07 12:08:12,757] {dag.py:2927} INFO - Setting next_dagrun for example_task_group_decorator to 2023-03-06T15:08:12.756927+00:00, run_after=2023-03-07T15:08:12.756927+00:00
[2023-03-07 12:08:12,769] {processor.py:161} INFO - Processing /home/veri-pc/.local/lib/python3.10/site-packages/airflow/example_dags/example_task_group_decorator.py took 0.121 seconds
[2023-03-07 12:08:48,797] {processor.py:153} INFO - Started process (PID=40793) to work on /home/veri-pc/.local/lib/python3.10/site-packages/airflow/example_dags/example_task_group_decorator.py
[2023-03-07 12:08:48,798] {processor.py:641} INFO - Processing file /home/veri-pc/.local/lib/python3.10/site-packages/airflow/example_dags/example_task_group_decorator.py for tasks to queue
[2023-03-07 12:08:48,799] {logging_mixin.py:115} INFO - [2023-03-07 12:08:48,799] {dagbag.py:507} INFO - Filling up the DagBag from /home/veri-pc/.local/lib/python3.10/site-packages/airflow/example_dags/example_task_group_decorator.py
[2023-03-07 12:08:48,833] {processor.py:651} INFO - DAG(s) dict_keys(['example_task_group_decorator']) retrieved from /home/veri-pc/.local/lib/python3.10/site-packages/airflow/example_dags/example_task_group_decorator.py
[2023-03-07 12:08:48,860] {logging_mixin.py:115} INFO - [2023-03-07 12:08:48,860] {dag.py:2379} INFO - Sync 1 DAGs
[2023-03-07 12:08:48,869] {logging_mixin.py:115} INFO - [2023-03-07 12:08:48,869] {dag.py:2927} INFO - Setting next_dagrun for example_task_group_decorator to 2023-03-06T15:08:48.869599+00:00, run_after=2023-03-07T15:08:48.869599+00:00
[2023-03-07 12:08:48,880] {processor.py:161} INFO - Processing /home/veri-pc/.local/lib/python3.10/site-packages/airflow/example_dags/example_task_group_decorator.py took 0.089 seconds
[2023-03-07 12:09:20,956] {processor.py:153} INFO - Started process (PID=40878) to work on /home/veri-pc/.local/lib/python3.10/site-packages/airflow/example_dags/example_task_group_decorator.py
[2023-03-07 12:09:20,957] {processor.py:641} INFO - Processing file /home/veri-pc/.local/lib/python3.10/site-packages/airflow/example_dags/example_task_group_decorator.py for tasks to queue
[2023-03-07 12:09:20,958] {logging_mixin.py:115} INFO - [2023-03-07 12:09:20,958] {dagbag.py:507} INFO - Filling up the DagBag from /home/veri-pc/.local/lib/python3.10/site-packages/airflow/example_dags/example_task_group_decorator.py
[2023-03-07 12:09:20,998] {processor.py:651} INFO - DAG(s) dict_keys(['example_task_group_decorator']) retrieved from /home/veri-pc/.local/lib/python3.10/site-packages/airflow/example_dags/example_task_group_decorator.py
[2023-03-07 12:09:21,009] {logging_mixin.py:115} INFO - [2023-03-07 12:09:21,009] {dag.py:2379} INFO - Sync 1 DAGs
[2023-03-07 12:09:21,018] {logging_mixin.py:115} INFO - [2023-03-07 12:09:21,018] {dag.py:2927} INFO - Setting next_dagrun for example_task_group_decorator to 2023-03-06T15:09:21.018444+00:00, run_after=2023-03-07T15:09:21.018444+00:00
[2023-03-07 12:09:21,025] {processor.py:161} INFO - Processing /home/veri-pc/.local/lib/python3.10/site-packages/airflow/example_dags/example_task_group_decorator.py took 0.076 seconds
[2023-03-07 12:09:55,581] {processor.py:153} INFO - Started process (PID=40966) to work on /home/veri-pc/.local/lib/python3.10/site-packages/airflow/example_dags/example_task_group_decorator.py
[2023-03-07 12:09:55,582] {processor.py:641} INFO - Processing file /home/veri-pc/.local/lib/python3.10/site-packages/airflow/example_dags/example_task_group_decorator.py for tasks to queue
[2023-03-07 12:09:55,583] {logging_mixin.py:115} INFO - [2023-03-07 12:09:55,583] {dagbag.py:507} INFO - Filling up the DagBag from /home/veri-pc/.local/lib/python3.10/site-packages/airflow/example_dags/example_task_group_decorator.py
[2023-03-07 12:09:55,621] {processor.py:651} INFO - DAG(s) dict_keys(['example_task_group_decorator']) retrieved from /home/veri-pc/.local/lib/python3.10/site-packages/airflow/example_dags/example_task_group_decorator.py
[2023-03-07 12:09:55,632] {logging_mixin.py:115} INFO - [2023-03-07 12:09:55,632] {dag.py:2379} INFO - Sync 1 DAGs
[2023-03-07 12:09:55,642] {logging_mixin.py:115} INFO - [2023-03-07 12:09:55,642] {dag.py:2927} INFO - Setting next_dagrun for example_task_group_decorator to 2023-03-06T15:09:55.642066+00:00, run_after=2023-03-07T15:09:55.642066+00:00
[2023-03-07 12:09:55,650] {processor.py:161} INFO - Processing /home/veri-pc/.local/lib/python3.10/site-packages/airflow/example_dags/example_task_group_decorator.py took 0.076 seconds
[2023-03-07 12:10:29,322] {processor.py:153} INFO - Started process (PID=41049) to work on /home/veri-pc/.local/lib/python3.10/site-packages/airflow/example_dags/example_task_group_decorator.py
[2023-03-07 12:10:29,323] {processor.py:641} INFO - Processing file /home/veri-pc/.local/lib/python3.10/site-packages/airflow/example_dags/example_task_group_decorator.py for tasks to queue
[2023-03-07 12:10:29,323] {logging_mixin.py:115} INFO - [2023-03-07 12:10:29,323] {dagbag.py:507} INFO - Filling up the DagBag from /home/veri-pc/.local/lib/python3.10/site-packages/airflow/example_dags/example_task_group_decorator.py
[2023-03-07 12:10:29,344] {processor.py:651} INFO - DAG(s) dict_keys(['example_task_group_decorator']) retrieved from /home/veri-pc/.local/lib/python3.10/site-packages/airflow/example_dags/example_task_group_decorator.py
[2023-03-07 12:10:29,371] {logging_mixin.py:115} INFO - [2023-03-07 12:10:29,371] {dag.py:2379} INFO - Sync 1 DAGs
[2023-03-07 12:10:29,379] {logging_mixin.py:115} INFO - [2023-03-07 12:10:29,379] {dag.py:2927} INFO - Setting next_dagrun for example_task_group_decorator to 2023-03-06T15:10:29.379581+00:00, run_after=2023-03-07T15:10:29.379581+00:00
[2023-03-07 12:10:29,389] {processor.py:161} INFO - Processing /home/veri-pc/.local/lib/python3.10/site-packages/airflow/example_dags/example_task_group_decorator.py took 0.069 seconds
[2023-03-07 12:11:02,230] {processor.py:153} INFO - Started process (PID=41133) to work on /home/veri-pc/.local/lib/python3.10/site-packages/airflow/example_dags/example_task_group_decorator.py
[2023-03-07 12:11:02,231] {processor.py:641} INFO - Processing file /home/veri-pc/.local/lib/python3.10/site-packages/airflow/example_dags/example_task_group_decorator.py for tasks to queue
[2023-03-07 12:11:02,232] {logging_mixin.py:115} INFO - [2023-03-07 12:11:02,232] {dagbag.py:507} INFO - Filling up the DagBag from /home/veri-pc/.local/lib/python3.10/site-packages/airflow/example_dags/example_task_group_decorator.py
[2023-03-07 12:11:02,271] {processor.py:651} INFO - DAG(s) dict_keys(['example_task_group_decorator']) retrieved from /home/veri-pc/.local/lib/python3.10/site-packages/airflow/example_dags/example_task_group_decorator.py
[2023-03-07 12:11:02,297] {logging_mixin.py:115} INFO - [2023-03-07 12:11:02,297] {dag.py:2379} INFO - Sync 1 DAGs
[2023-03-07 12:11:02,306] {logging_mixin.py:115} INFO - [2023-03-07 12:11:02,306] {dag.py:2927} INFO - Setting next_dagrun for example_task_group_decorator to 2023-03-06T15:11:02.305920+00:00, run_after=2023-03-07T15:11:02.305920+00:00
[2023-03-07 12:11:02,315] {processor.py:161} INFO - Processing /home/veri-pc/.local/lib/python3.10/site-packages/airflow/example_dags/example_task_group_decorator.py took 0.092 seconds
[2023-03-07 12:11:49,892] {processor.py:153} INFO - Started process (PID=41360) to work on /home/veri-pc/.local/lib/python3.10/site-packages/airflow/example_dags/example_task_group_decorator.py
[2023-03-07 12:11:49,893] {processor.py:641} INFO - Processing file /home/veri-pc/.local/lib/python3.10/site-packages/airflow/example_dags/example_task_group_decorator.py for tasks to queue
[2023-03-07 12:11:49,894] {logging_mixin.py:115} INFO - [2023-03-07 12:11:49,894] {dagbag.py:507} INFO - Filling up the DagBag from /home/veri-pc/.local/lib/python3.10/site-packages/airflow/example_dags/example_task_group_decorator.py
[2023-03-07 12:11:49,930] {processor.py:651} INFO - DAG(s) dict_keys(['example_task_group_decorator']) retrieved from /home/veri-pc/.local/lib/python3.10/site-packages/airflow/example_dags/example_task_group_decorator.py
[2023-03-07 12:11:49,956] {logging_mixin.py:115} INFO - [2023-03-07 12:11:49,956] {dag.py:2379} INFO - Sync 1 DAGs
[2023-03-07 12:11:49,966] {logging_mixin.py:115} INFO - [2023-03-07 12:11:49,966] {dag.py:2927} INFO - Setting next_dagrun for example_task_group_decorator to 2023-03-06T15:11:49.966327+00:00, run_after=2023-03-07T15:11:49.966327+00:00
[2023-03-07 12:11:49,975] {processor.py:161} INFO - Processing /home/veri-pc/.local/lib/python3.10/site-packages/airflow/example_dags/example_task_group_decorator.py took 0.089 seconds
[2023-03-07 12:12:21,697] {processor.py:153} INFO - Started process (PID=41442) to work on /home/veri-pc/.local/lib/python3.10/site-packages/airflow/example_dags/example_task_group_decorator.py
[2023-03-07 12:12:21,698] {processor.py:641} INFO - Processing file /home/veri-pc/.local/lib/python3.10/site-packages/airflow/example_dags/example_task_group_decorator.py for tasks to queue
[2023-03-07 12:12:21,700] {logging_mixin.py:115} INFO - [2023-03-07 12:12:21,699] {dagbag.py:507} INFO - Filling up the DagBag from /home/veri-pc/.local/lib/python3.10/site-packages/airflow/example_dags/example_task_group_decorator.py
[2023-03-07 12:12:21,735] {processor.py:651} INFO - DAG(s) dict_keys(['example_task_group_decorator']) retrieved from /home/veri-pc/.local/lib/python3.10/site-packages/airflow/example_dags/example_task_group_decorator.py
[2023-03-07 12:12:21,762] {logging_mixin.py:115} INFO - [2023-03-07 12:12:21,762] {dag.py:2379} INFO - Sync 1 DAGs
[2023-03-07 12:12:21,771] {logging_mixin.py:115} INFO - [2023-03-07 12:12:21,771] {dag.py:2927} INFO - Setting next_dagrun for example_task_group_decorator to 2023-03-06T15:12:21.771764+00:00, run_after=2023-03-07T15:12:21.771764+00:00
[2023-03-07 12:12:21,779] {processor.py:161} INFO - Processing /home/veri-pc/.local/lib/python3.10/site-packages/airflow/example_dags/example_task_group_decorator.py took 0.088 seconds
[2023-03-07 12:13:00,609] {processor.py:153} INFO - Started process (PID=41554) to work on /home/veri-pc/.local/lib/python3.10/site-packages/airflow/example_dags/example_task_group_decorator.py
[2023-03-07 12:13:00,648] {processor.py:641} INFO - Processing file /home/veri-pc/.local/lib/python3.10/site-packages/airflow/example_dags/example_task_group_decorator.py for tasks to queue
[2023-03-07 12:13:00,649] {logging_mixin.py:115} INFO - [2023-03-07 12:13:00,649] {dagbag.py:507} INFO - Filling up the DagBag from /home/veri-pc/.local/lib/python3.10/site-packages/airflow/example_dags/example_task_group_decorator.py
[2023-03-07 12:13:00,690] {processor.py:651} INFO - DAG(s) dict_keys(['example_task_group_decorator']) retrieved from /home/veri-pc/.local/lib/python3.10/site-packages/airflow/example_dags/example_task_group_decorator.py
[2023-03-07 12:13:00,704] {logging_mixin.py:115} INFO - [2023-03-07 12:13:00,704] {dag.py:2379} INFO - Sync 1 DAGs
[2023-03-07 12:13:00,714] {logging_mixin.py:115} INFO - [2023-03-07 12:13:00,714] {dag.py:2927} INFO - Setting next_dagrun for example_task_group_decorator to 2023-03-06T15:13:00.714741+00:00, run_after=2023-03-07T15:13:00.714741+00:00
[2023-03-07 12:13:01,093] {processor.py:161} INFO - Processing /home/veri-pc/.local/lib/python3.10/site-packages/airflow/example_dags/example_task_group_decorator.py took 0.490 seconds
