[2023-03-07 12:08:02,427] {processor.py:153} INFO - Started process (PID=40511) to work on /home/veri-pc/.local/lib/python3.10/site-packages/airflow/example_dags/example_task_group.py
[2023-03-07 12:08:02,428] {processor.py:641} INFO - Processing file /home/veri-pc/.local/lib/python3.10/site-packages/airflow/example_dags/example_task_group.py for tasks to queue
[2023-03-07 12:08:02,429] {logging_mixin.py:115} INFO - [2023-03-07 12:08:02,429] {dagbag.py:507} INFO - Filling up the DagBag from /home/veri-pc/.local/lib/python3.10/site-packages/airflow/example_dags/example_task_group.py
[2023-03-07 12:08:02,448] {processor.py:651} INFO - DAG(s) dict_keys(['example_task_group']) retrieved from /home/veri-pc/.local/lib/python3.10/site-packages/airflow/example_dags/example_task_group.py
[2023-03-07 12:08:02,498] {logging_mixin.py:115} INFO - [2023-03-07 12:08:02,498] {manager.py:508} INFO - Created Permission View: can read on DAG:example_task_group
[2023-03-07 12:08:02,504] {logging_mixin.py:115} INFO - [2023-03-07 12:08:02,504] {manager.py:508} INFO - Created Permission View: can edit on DAG:example_task_group
[2023-03-07 12:08:02,509] {logging_mixin.py:115} INFO - [2023-03-07 12:08:02,509] {manager.py:508} INFO - Created Permission View: can delete on DAG:example_task_group
[2023-03-07 12:08:02,509] {logging_mixin.py:115} INFO - [2023-03-07 12:08:02,509] {dag.py:2379} INFO - Sync 1 DAGs
[2023-03-07 12:08:02,514] {logging_mixin.py:115} INFO - [2023-03-07 12:08:02,514] {dag.py:2398} INFO - Creating ORM DAG for example_task_group
[2023-03-07 12:08:02,519] {logging_mixin.py:115} INFO - [2023-03-07 12:08:02,519] {dag.py:2927} INFO - Setting next_dagrun for example_task_group to 2023-03-06T15:08:02.519290+00:00, run_after=2023-03-07T15:08:02.519290+00:00
[2023-03-07 12:08:02,530] {processor.py:161} INFO - Processing /home/veri-pc/.local/lib/python3.10/site-packages/airflow/example_dags/example_task_group.py took 0.110 seconds
[2023-03-07 12:08:39,268] {processor.py:153} INFO - Started process (PID=40767) to work on /home/veri-pc/.local/lib/python3.10/site-packages/airflow/example_dags/example_task_group.py
[2023-03-07 12:08:39,269] {processor.py:641} INFO - Processing file /home/veri-pc/.local/lib/python3.10/site-packages/airflow/example_dags/example_task_group.py for tasks to queue
[2023-03-07 12:08:39,270] {logging_mixin.py:115} INFO - [2023-03-07 12:08:39,270] {dagbag.py:507} INFO - Filling up the DagBag from /home/veri-pc/.local/lib/python3.10/site-packages/airflow/example_dags/example_task_group.py
[2023-03-07 12:08:39,290] {processor.py:651} INFO - DAG(s) dict_keys(['example_task_group']) retrieved from /home/veri-pc/.local/lib/python3.10/site-packages/airflow/example_dags/example_task_group.py
[2023-03-07 12:08:39,305] {logging_mixin.py:115} INFO - [2023-03-07 12:08:39,305] {dag.py:2379} INFO - Sync 1 DAGs
[2023-03-07 12:08:39,318] {logging_mixin.py:115} INFO - [2023-03-07 12:08:39,318] {dag.py:2927} INFO - Setting next_dagrun for example_task_group to 2023-03-06T15:08:39.318274+00:00, run_after=2023-03-07T15:08:39.318274+00:00
[2023-03-07 12:08:39,327] {processor.py:161} INFO - Processing /home/veri-pc/.local/lib/python3.10/site-packages/airflow/example_dags/example_task_group.py took 0.065 seconds
[2023-03-07 12:09:12,206] {processor.py:153} INFO - Started process (PID=40853) to work on /home/veri-pc/.local/lib/python3.10/site-packages/airflow/example_dags/example_task_group.py
[2023-03-07 12:09:12,208] {processor.py:641} INFO - Processing file /home/veri-pc/.local/lib/python3.10/site-packages/airflow/example_dags/example_task_group.py for tasks to queue
[2023-03-07 12:09:12,209] {logging_mixin.py:115} INFO - [2023-03-07 12:09:12,209] {dagbag.py:507} INFO - Filling up the DagBag from /home/veri-pc/.local/lib/python3.10/site-packages/airflow/example_dags/example_task_group.py
[2023-03-07 12:09:12,230] {processor.py:651} INFO - DAG(s) dict_keys(['example_task_group']) retrieved from /home/veri-pc/.local/lib/python3.10/site-packages/airflow/example_dags/example_task_group.py
[2023-03-07 12:09:12,245] {logging_mixin.py:115} INFO - [2023-03-07 12:09:12,245] {dag.py:2379} INFO - Sync 1 DAGs
[2023-03-07 12:09:12,257] {logging_mixin.py:115} INFO - [2023-03-07 12:09:12,257] {dag.py:2927} INFO - Setting next_dagrun for example_task_group to 2023-03-06T15:09:12.256987+00:00, run_after=2023-03-07T15:09:12.256987+00:00
[2023-03-07 12:09:12,264] {processor.py:161} INFO - Processing /home/veri-pc/.local/lib/python3.10/site-packages/airflow/example_dags/example_task_group.py took 0.065 seconds
[2023-03-07 12:09:45,901] {processor.py:153} INFO - Started process (PID=40946) to work on /home/veri-pc/.local/lib/python3.10/site-packages/airflow/example_dags/example_task_group.py
[2023-03-07 12:09:45,902] {processor.py:641} INFO - Processing file /home/veri-pc/.local/lib/python3.10/site-packages/airflow/example_dags/example_task_group.py for tasks to queue
[2023-03-07 12:09:45,903] {logging_mixin.py:115} INFO - [2023-03-07 12:09:45,903] {dagbag.py:507} INFO - Filling up the DagBag from /home/veri-pc/.local/lib/python3.10/site-packages/airflow/example_dags/example_task_group.py
[2023-03-07 12:09:45,923] {processor.py:651} INFO - DAG(s) dict_keys(['example_task_group']) retrieved from /home/veri-pc/.local/lib/python3.10/site-packages/airflow/example_dags/example_task_group.py
[2023-03-07 12:09:45,938] {logging_mixin.py:115} INFO - [2023-03-07 12:09:45,938] {dag.py:2379} INFO - Sync 1 DAGs
[2023-03-07 12:09:45,950] {logging_mixin.py:115} INFO - [2023-03-07 12:09:45,950] {dag.py:2927} INFO - Setting next_dagrun for example_task_group to 2023-03-06T15:09:45.950346+00:00, run_after=2023-03-07T15:09:45.950346+00:00
[2023-03-07 12:09:45,958] {processor.py:161} INFO - Processing /home/veri-pc/.local/lib/python3.10/site-packages/airflow/example_dags/example_task_group.py took 0.064 seconds
[2023-03-07 12:10:20,193] {processor.py:153} INFO - Started process (PID=41024) to work on /home/veri-pc/.local/lib/python3.10/site-packages/airflow/example_dags/example_task_group.py
[2023-03-07 12:10:20,194] {processor.py:641} INFO - Processing file /home/veri-pc/.local/lib/python3.10/site-packages/airflow/example_dags/example_task_group.py for tasks to queue
[2023-03-07 12:10:20,195] {logging_mixin.py:115} INFO - [2023-03-07 12:10:20,195] {dagbag.py:507} INFO - Filling up the DagBag from /home/veri-pc/.local/lib/python3.10/site-packages/airflow/example_dags/example_task_group.py
[2023-03-07 12:10:20,215] {processor.py:651} INFO - DAG(s) dict_keys(['example_task_group']) retrieved from /home/veri-pc/.local/lib/python3.10/site-packages/airflow/example_dags/example_task_group.py
[2023-03-07 12:10:20,229] {logging_mixin.py:115} INFO - [2023-03-07 12:10:20,229] {dag.py:2379} INFO - Sync 1 DAGs
[2023-03-07 12:10:20,241] {logging_mixin.py:115} INFO - [2023-03-07 12:10:20,241] {dag.py:2927} INFO - Setting next_dagrun for example_task_group to 2023-03-06T15:10:20.241362+00:00, run_after=2023-03-07T15:10:20.241362+00:00
[2023-03-07 12:10:20,249] {processor.py:161} INFO - Processing /home/veri-pc/.local/lib/python3.10/site-packages/airflow/example_dags/example_task_group.py took 0.063 seconds
[2023-03-07 12:10:53,228] {processor.py:153} INFO - Started process (PID=41116) to work on /home/veri-pc/.local/lib/python3.10/site-packages/airflow/example_dags/example_task_group.py
[2023-03-07 12:10:53,230] {processor.py:641} INFO - Processing file /home/veri-pc/.local/lib/python3.10/site-packages/airflow/example_dags/example_task_group.py for tasks to queue
[2023-03-07 12:10:53,231] {logging_mixin.py:115} INFO - [2023-03-07 12:10:53,230] {dagbag.py:507} INFO - Filling up the DagBag from /home/veri-pc/.local/lib/python3.10/site-packages/airflow/example_dags/example_task_group.py
[2023-03-07 12:10:53,250] {processor.py:651} INFO - DAG(s) dict_keys(['example_task_group']) retrieved from /home/veri-pc/.local/lib/python3.10/site-packages/airflow/example_dags/example_task_group.py
[2023-03-07 12:10:53,264] {logging_mixin.py:115} INFO - [2023-03-07 12:10:53,263] {dag.py:2379} INFO - Sync 1 DAGs
[2023-03-07 12:10:53,276] {logging_mixin.py:115} INFO - [2023-03-07 12:10:53,275] {dag.py:2927} INFO - Setting next_dagrun for example_task_group to 2023-03-06T15:10:53.275807+00:00, run_after=2023-03-07T15:10:53.275807+00:00
[2023-03-07 12:10:53,283] {processor.py:161} INFO - Processing /home/veri-pc/.local/lib/python3.10/site-packages/airflow/example_dags/example_task_group.py took 0.062 seconds
[2023-03-07 12:11:26,921] {processor.py:153} INFO - Started process (PID=41217) to work on /home/veri-pc/.local/lib/python3.10/site-packages/airflow/example_dags/example_task_group.py
[2023-03-07 12:11:26,922] {processor.py:641} INFO - Processing file /home/veri-pc/.local/lib/python3.10/site-packages/airflow/example_dags/example_task_group.py for tasks to queue
[2023-03-07 12:11:26,923] {logging_mixin.py:115} INFO - [2023-03-07 12:11:26,923] {dagbag.py:507} INFO - Filling up the DagBag from /home/veri-pc/.local/lib/python3.10/site-packages/airflow/example_dags/example_task_group.py
[2023-03-07 12:11:26,936] {processor.py:651} INFO - DAG(s) dict_keys(['example_task_group']) retrieved from /home/veri-pc/.local/lib/python3.10/site-packages/airflow/example_dags/example_task_group.py
[2023-03-07 12:11:26,950] {logging_mixin.py:115} INFO - [2023-03-07 12:11:26,950] {dag.py:2379} INFO - Sync 1 DAGs
[2023-03-07 12:11:26,965] {logging_mixin.py:115} INFO - [2023-03-07 12:11:26,965] {dag.py:2927} INFO - Setting next_dagrun for example_task_group to 2023-03-06T15:11:26.965182+00:00, run_after=2023-03-07T15:11:26.965182+00:00
[2023-03-07 12:11:26,974] {processor.py:161} INFO - Processing /home/veri-pc/.local/lib/python3.10/site-packages/airflow/example_dags/example_task_group.py took 0.058 seconds
[2023-03-07 12:11:41,042] {processor.py:153} INFO - Started process (PID=41338) to work on /home/veri-pc/.local/lib/python3.10/site-packages/airflow/example_dags/example_task_group.py
[2023-03-07 12:11:41,043] {processor.py:641} INFO - Processing file /home/veri-pc/.local/lib/python3.10/site-packages/airflow/example_dags/example_task_group.py for tasks to queue
[2023-03-07 12:11:41,044] {logging_mixin.py:115} INFO - [2023-03-07 12:11:41,044] {dagbag.py:507} INFO - Filling up the DagBag from /home/veri-pc/.local/lib/python3.10/site-packages/airflow/example_dags/example_task_group.py
[2023-03-07 12:11:41,055] {processor.py:651} INFO - DAG(s) dict_keys(['example_task_group']) retrieved from /home/veri-pc/.local/lib/python3.10/site-packages/airflow/example_dags/example_task_group.py
[2023-03-07 12:11:41,073] {logging_mixin.py:115} INFO - [2023-03-07 12:11:41,072] {dag.py:2379} INFO - Sync 1 DAGs
[2023-03-07 12:11:41,087] {logging_mixin.py:115} INFO - [2023-03-07 12:11:41,087] {dag.py:2927} INFO - Setting next_dagrun for example_task_group to 2023-03-06T15:11:41.086879+00:00, run_after=2023-03-07T15:11:41.086879+00:00
[2023-03-07 12:11:41,097] {processor.py:161} INFO - Processing /home/veri-pc/.local/lib/python3.10/site-packages/airflow/example_dags/example_task_group.py took 0.061 seconds
[2023-03-07 12:12:13,175] {processor.py:153} INFO - Started process (PID=41423) to work on /home/veri-pc/.local/lib/python3.10/site-packages/airflow/example_dags/example_task_group.py
[2023-03-07 12:12:13,176] {processor.py:641} INFO - Processing file /home/veri-pc/.local/lib/python3.10/site-packages/airflow/example_dags/example_task_group.py for tasks to queue
[2023-03-07 12:12:13,177] {logging_mixin.py:115} INFO - [2023-03-07 12:12:13,177] {dagbag.py:507} INFO - Filling up the DagBag from /home/veri-pc/.local/lib/python3.10/site-packages/airflow/example_dags/example_task_group.py
[2023-03-07 12:12:13,192] {processor.py:651} INFO - DAG(s) dict_keys(['example_task_group']) retrieved from /home/veri-pc/.local/lib/python3.10/site-packages/airflow/example_dags/example_task_group.py
[2023-03-07 12:12:13,209] {logging_mixin.py:115} INFO - [2023-03-07 12:12:13,209] {dag.py:2379} INFO - Sync 1 DAGs
[2023-03-07 12:12:13,221] {logging_mixin.py:115} INFO - [2023-03-07 12:12:13,221] {dag.py:2927} INFO - Setting next_dagrun for example_task_group to 2023-03-06T15:12:13.221139+00:00, run_after=2023-03-07T15:12:13.221139+00:00
[2023-03-07 12:12:13,230] {processor.py:161} INFO - Processing /home/veri-pc/.local/lib/python3.10/site-packages/airflow/example_dags/example_task_group.py took 0.062 seconds
[2023-03-07 12:12:48,684] {processor.py:153} INFO - Started process (PID=41522) to work on /home/veri-pc/.local/lib/python3.10/site-packages/airflow/example_dags/example_task_group.py
[2023-03-07 12:12:48,717] {processor.py:641} INFO - Processing file /home/veri-pc/.local/lib/python3.10/site-packages/airflow/example_dags/example_task_group.py for tasks to queue
[2023-03-07 12:12:48,718] {logging_mixin.py:115} INFO - [2023-03-07 12:12:48,718] {dagbag.py:507} INFO - Filling up the DagBag from /home/veri-pc/.local/lib/python3.10/site-packages/airflow/example_dags/example_task_group.py
[2023-03-07 12:12:48,735] {processor.py:651} INFO - DAG(s) dict_keys(['example_task_group']) retrieved from /home/veri-pc/.local/lib/python3.10/site-packages/airflow/example_dags/example_task_group.py
[2023-03-07 12:12:48,761] {logging_mixin.py:115} INFO - [2023-03-07 12:12:48,761] {dag.py:2379} INFO - Sync 1 DAGs
[2023-03-07 12:12:48,775] {logging_mixin.py:115} INFO - [2023-03-07 12:12:48,775] {dag.py:2927} INFO - Setting next_dagrun for example_task_group to 2023-03-06T15:12:48.774859+00:00, run_after=2023-03-07T15:12:48.774859+00:00
[2023-03-07 12:12:48,853] {processor.py:161} INFO - Processing /home/veri-pc/.local/lib/python3.10/site-packages/airflow/example_dags/example_task_group.py took 0.172 seconds
