[2023-03-07 12:08:17,894] {processor.py:153} INFO - Started process (PID=40697) to work on /home/veri-pc/.local/lib/python3.10/site-packages/airflow/example_dags/example_subdag_operator.py
[2023-03-07 12:08:17,895] {processor.py:641} INFO - Processing file /home/veri-pc/.local/lib/python3.10/site-packages/airflow/example_dags/example_subdag_operator.py for tasks to queue
[2023-03-07 12:08:17,895] {logging_mixin.py:115} INFO - [2023-03-07 12:08:17,895] {dagbag.py:507} INFO - Filling up the DagBag from /home/veri-pc/.local/lib/python3.10/site-packages/airflow/example_dags/example_subdag_operator.py
[2023-03-07 12:08:17,913] {processor.py:651} INFO - DAG(s) dict_keys(['example_subdag_operator.section-1', 'example_subdag_operator.section-2', 'example_subdag_operator']) retrieved from /home/veri-pc/.local/lib/python3.10/site-packages/airflow/example_dags/example_subdag_operator.py
[2023-03-07 12:08:17,974] {logging_mixin.py:115} INFO - [2023-03-07 12:08:17,973] {manager.py:508} INFO - Created Permission View: can read on DAG:example_subdag_operator
[2023-03-07 12:08:17,989] {logging_mixin.py:115} INFO - [2023-03-07 12:08:17,989] {manager.py:508} INFO - Created Permission View: can edit on DAG:example_subdag_operator
[2023-03-07 12:08:17,997] {logging_mixin.py:115} INFO - [2023-03-07 12:08:17,997] {manager.py:508} INFO - Created Permission View: can delete on DAG:example_subdag_operator
[2023-03-07 12:08:17,998] {logging_mixin.py:115} INFO - [2023-03-07 12:08:17,998] {dag.py:2379} INFO - Sync 3 DAGs
[2023-03-07 12:08:18,010] {logging_mixin.py:115} INFO - [2023-03-07 12:08:18,010] {dag.py:2398} INFO - Creating ORM DAG for example_subdag_operator
[2023-03-07 12:08:18,010] {logging_mixin.py:115} INFO - [2023-03-07 12:08:18,010] {dag.py:2398} INFO - Creating ORM DAG for example_subdag_operator.section-1
[2023-03-07 12:08:18,011] {logging_mixin.py:115} INFO - [2023-03-07 12:08:18,011] {dag.py:2398} INFO - Creating ORM DAG for example_subdag_operator.section-2
[2023-03-07 12:08:18,021] {logging_mixin.py:115} INFO - [2023-03-07 12:08:18,021] {dag.py:2927} INFO - Setting next_dagrun for example_subdag_operator to 2022-01-01T00:00:00+00:00, run_after=2022-01-01T00:00:00+00:00
[2023-03-07 12:08:18,026] {logging_mixin.py:115} INFO - [2023-03-07 12:08:18,026] {dag.py:2927} INFO - Setting next_dagrun for example_subdag_operator.section-1 to None, run_after=None
[2023-03-07 12:08:18,026] {logging_mixin.py:115} INFO - [2023-03-07 12:08:18,026] {dag.py:2927} INFO - Setting next_dagrun for example_subdag_operator.section-2 to None, run_after=None
[2023-03-07 12:08:18,031] {logging_mixin.py:115} INFO - [2023-03-07 12:08:18,031] {dag.py:2379} INFO - Sync 2 DAGs
[2023-03-07 12:08:18,035] {logging_mixin.py:115} INFO - [2023-03-07 12:08:18,035] {dag.py:2927} INFO - Setting next_dagrun for example_subdag_operator.section-1 to None, run_after=None
[2023-03-07 12:08:18,035] {logging_mixin.py:115} INFO - [2023-03-07 12:08:18,035] {dag.py:2927} INFO - Setting next_dagrun for example_subdag_operator.section-2 to None, run_after=None
[2023-03-07 12:08:18,045] {processor.py:161} INFO - Processing /home/veri-pc/.local/lib/python3.10/site-packages/airflow/example_dags/example_subdag_operator.py took 0.152 seconds
[2023-03-07 12:08:53,917] {processor.py:153} INFO - Started process (PID=40805) to work on /home/veri-pc/.local/lib/python3.10/site-packages/airflow/example_dags/example_subdag_operator.py
[2023-03-07 12:08:53,918] {processor.py:641} INFO - Processing file /home/veri-pc/.local/lib/python3.10/site-packages/airflow/example_dags/example_subdag_operator.py for tasks to queue
[2023-03-07 12:08:53,919] {logging_mixin.py:115} INFO - [2023-03-07 12:08:53,919] {dagbag.py:507} INFO - Filling up the DagBag from /home/veri-pc/.local/lib/python3.10/site-packages/airflow/example_dags/example_subdag_operator.py
[2023-03-07 12:08:53,950] {processor.py:651} INFO - DAG(s) dict_keys(['example_subdag_operator.section-1', 'example_subdag_operator.section-2', 'example_subdag_operator']) retrieved from /home/veri-pc/.local/lib/python3.10/site-packages/airflow/example_dags/example_subdag_operator.py
[2023-03-07 12:08:53,967] {logging_mixin.py:115} INFO - [2023-03-07 12:08:53,967] {dag.py:2379} INFO - Sync 3 DAGs
[2023-03-07 12:08:53,976] {logging_mixin.py:115} INFO - [2023-03-07 12:08:53,976] {dag.py:2927} INFO - Setting next_dagrun for example_subdag_operator to 2022-01-01T00:00:00+00:00, run_after=2022-01-01T00:00:00+00:00
[2023-03-07 12:08:53,977] {logging_mixin.py:115} INFO - [2023-03-07 12:08:53,977] {dag.py:2927} INFO - Setting next_dagrun for example_subdag_operator.section-1 to None, run_after=None
[2023-03-07 12:08:53,977] {logging_mixin.py:115} INFO - [2023-03-07 12:08:53,977] {dag.py:2927} INFO - Setting next_dagrun for example_subdag_operator.section-2 to None, run_after=None
[2023-03-07 12:08:53,979] {logging_mixin.py:115} INFO - [2023-03-07 12:08:53,979] {dag.py:2379} INFO - Sync 2 DAGs
[2023-03-07 12:08:53,982] {logging_mixin.py:115} INFO - [2023-03-07 12:08:53,982] {dag.py:2927} INFO - Setting next_dagrun for example_subdag_operator.section-1 to None, run_after=None
[2023-03-07 12:08:53,982] {logging_mixin.py:115} INFO - [2023-03-07 12:08:53,982] {dag.py:2927} INFO - Setting next_dagrun for example_subdag_operator.section-2 to None, run_after=None
[2023-03-07 12:08:53,988] {processor.py:161} INFO - Processing /home/veri-pc/.local/lib/python3.10/site-packages/airflow/example_dags/example_subdag_operator.py took 0.077 seconds
[2023-03-07 12:09:25,877] {processor.py:153} INFO - Started process (PID=40896) to work on /home/veri-pc/.local/lib/python3.10/site-packages/airflow/example_dags/example_subdag_operator.py
[2023-03-07 12:09:25,879] {processor.py:641} INFO - Processing file /home/veri-pc/.local/lib/python3.10/site-packages/airflow/example_dags/example_subdag_operator.py for tasks to queue
[2023-03-07 12:09:25,880] {logging_mixin.py:115} INFO - [2023-03-07 12:09:25,880] {dagbag.py:507} INFO - Filling up the DagBag from /home/veri-pc/.local/lib/python3.10/site-packages/airflow/example_dags/example_subdag_operator.py
[2023-03-07 12:09:25,913] {processor.py:651} INFO - DAG(s) dict_keys(['example_subdag_operator.section-1', 'example_subdag_operator.section-2', 'example_subdag_operator']) retrieved from /home/veri-pc/.local/lib/python3.10/site-packages/airflow/example_dags/example_subdag_operator.py
[2023-03-07 12:09:25,929] {logging_mixin.py:115} INFO - [2023-03-07 12:09:25,929] {dag.py:2379} INFO - Sync 3 DAGs
[2023-03-07 12:09:25,939] {logging_mixin.py:115} INFO - [2023-03-07 12:09:25,938] {dag.py:2927} INFO - Setting next_dagrun for example_subdag_operator to 2022-01-01T00:00:00+00:00, run_after=2022-01-01T00:00:00+00:00
[2023-03-07 12:09:25,939] {logging_mixin.py:115} INFO - [2023-03-07 12:09:25,939] {dag.py:2927} INFO - Setting next_dagrun for example_subdag_operator.section-1 to None, run_after=None
[2023-03-07 12:09:25,939] {logging_mixin.py:115} INFO - [2023-03-07 12:09:25,939] {dag.py:2927} INFO - Setting next_dagrun for example_subdag_operator.section-2 to None, run_after=None
[2023-03-07 12:09:25,942] {logging_mixin.py:115} INFO - [2023-03-07 12:09:25,942] {dag.py:2379} INFO - Sync 2 DAGs
[2023-03-07 12:09:25,944] {logging_mixin.py:115} INFO - [2023-03-07 12:09:25,944] {dag.py:2927} INFO - Setting next_dagrun for example_subdag_operator.section-1 to None, run_after=None
[2023-03-07 12:09:25,944] {logging_mixin.py:115} INFO - [2023-03-07 12:09:25,944] {dag.py:2927} INFO - Setting next_dagrun for example_subdag_operator.section-2 to None, run_after=None
[2023-03-07 12:09:25,949] {processor.py:161} INFO - Processing /home/veri-pc/.local/lib/python3.10/site-packages/airflow/example_dags/example_subdag_operator.py took 0.079 seconds
[2023-03-07 12:09:59,900] {processor.py:153} INFO - Started process (PID=40978) to work on /home/veri-pc/.local/lib/python3.10/site-packages/airflow/example_dags/example_subdag_operator.py
[2023-03-07 12:09:59,901] {processor.py:641} INFO - Processing file /home/veri-pc/.local/lib/python3.10/site-packages/airflow/example_dags/example_subdag_operator.py for tasks to queue
[2023-03-07 12:09:59,902] {logging_mixin.py:115} INFO - [2023-03-07 12:09:59,902] {dagbag.py:507} INFO - Filling up the DagBag from /home/veri-pc/.local/lib/python3.10/site-packages/airflow/example_dags/example_subdag_operator.py
[2023-03-07 12:09:59,932] {processor.py:651} INFO - DAG(s) dict_keys(['example_subdag_operator.section-1', 'example_subdag_operator.section-2', 'example_subdag_operator']) retrieved from /home/veri-pc/.local/lib/python3.10/site-packages/airflow/example_dags/example_subdag_operator.py
[2023-03-07 12:09:59,948] {logging_mixin.py:115} INFO - [2023-03-07 12:09:59,948] {dag.py:2379} INFO - Sync 3 DAGs
[2023-03-07 12:09:59,958] {logging_mixin.py:115} INFO - [2023-03-07 12:09:59,958] {dag.py:2927} INFO - Setting next_dagrun for example_subdag_operator to 2022-01-01T00:00:00+00:00, run_after=2022-01-01T00:00:00+00:00
[2023-03-07 12:09:59,958] {logging_mixin.py:115} INFO - [2023-03-07 12:09:59,958] {dag.py:2927} INFO - Setting next_dagrun for example_subdag_operator.section-1 to None, run_after=None
[2023-03-07 12:09:59,958] {logging_mixin.py:115} INFO - [2023-03-07 12:09:59,958] {dag.py:2927} INFO - Setting next_dagrun for example_subdag_operator.section-2 to None, run_after=None
[2023-03-07 12:09:59,961] {logging_mixin.py:115} INFO - [2023-03-07 12:09:59,961] {dag.py:2379} INFO - Sync 2 DAGs
[2023-03-07 12:09:59,963] {logging_mixin.py:115} INFO - [2023-03-07 12:09:59,963] {dag.py:2927} INFO - Setting next_dagrun for example_subdag_operator.section-1 to None, run_after=None
[2023-03-07 12:09:59,963] {logging_mixin.py:115} INFO - [2023-03-07 12:09:59,963] {dag.py:2927} INFO - Setting next_dagrun for example_subdag_operator.section-2 to None, run_after=None
[2023-03-07 12:09:59,968] {processor.py:161} INFO - Processing /home/veri-pc/.local/lib/python3.10/site-packages/airflow/example_dags/example_subdag_operator.py took 0.075 seconds
[2023-03-07 12:10:33,336] {processor.py:153} INFO - Started process (PID=41065) to work on /home/veri-pc/.local/lib/python3.10/site-packages/airflow/example_dags/example_subdag_operator.py
[2023-03-07 12:10:33,337] {processor.py:641} INFO - Processing file /home/veri-pc/.local/lib/python3.10/site-packages/airflow/example_dags/example_subdag_operator.py for tasks to queue
[2023-03-07 12:10:33,338] {logging_mixin.py:115} INFO - [2023-03-07 12:10:33,338] {dagbag.py:507} INFO - Filling up the DagBag from /home/veri-pc/.local/lib/python3.10/site-packages/airflow/example_dags/example_subdag_operator.py
[2023-03-07 12:10:33,360] {processor.py:651} INFO - DAG(s) dict_keys(['example_subdag_operator.section-1', 'example_subdag_operator.section-2', 'example_subdag_operator']) retrieved from /home/veri-pc/.local/lib/python3.10/site-packages/airflow/example_dags/example_subdag_operator.py
[2023-03-07 12:10:33,374] {logging_mixin.py:115} INFO - [2023-03-07 12:10:33,374] {dag.py:2379} INFO - Sync 3 DAGs
[2023-03-07 12:10:33,384] {logging_mixin.py:115} INFO - [2023-03-07 12:10:33,384] {dag.py:2927} INFO - Setting next_dagrun for example_subdag_operator to 2022-01-01T00:00:00+00:00, run_after=2022-01-01T00:00:00+00:00
[2023-03-07 12:10:33,384] {logging_mixin.py:115} INFO - [2023-03-07 12:10:33,384] {dag.py:2927} INFO - Setting next_dagrun for example_subdag_operator.section-1 to None, run_after=None
[2023-03-07 12:10:33,384] {logging_mixin.py:115} INFO - [2023-03-07 12:10:33,384] {dag.py:2927} INFO - Setting next_dagrun for example_subdag_operator.section-2 to None, run_after=None
[2023-03-07 12:10:33,387] {logging_mixin.py:115} INFO - [2023-03-07 12:10:33,387] {dag.py:2379} INFO - Sync 2 DAGs
[2023-03-07 12:10:33,389] {logging_mixin.py:115} INFO - [2023-03-07 12:10:33,389] {dag.py:2927} INFO - Setting next_dagrun for example_subdag_operator.section-1 to None, run_after=None
[2023-03-07 12:10:33,389] {logging_mixin.py:115} INFO - [2023-03-07 12:10:33,389] {dag.py:2927} INFO - Setting next_dagrun for example_subdag_operator.section-2 to None, run_after=None
[2023-03-07 12:10:33,395] {processor.py:161} INFO - Processing /home/veri-pc/.local/lib/python3.10/site-packages/airflow/example_dags/example_subdag_operator.py took 0.065 seconds
[2023-03-07 12:11:07,511] {processor.py:153} INFO - Started process (PID=41144) to work on /home/veri-pc/.local/lib/python3.10/site-packages/airflow/example_dags/example_subdag_operator.py
[2023-03-07 12:11:07,513] {processor.py:641} INFO - Processing file /home/veri-pc/.local/lib/python3.10/site-packages/airflow/example_dags/example_subdag_operator.py for tasks to queue
[2023-03-07 12:11:07,514] {logging_mixin.py:115} INFO - [2023-03-07 12:11:07,514] {dagbag.py:507} INFO - Filling up the DagBag from /home/veri-pc/.local/lib/python3.10/site-packages/airflow/example_dags/example_subdag_operator.py
[2023-03-07 12:11:07,545] {processor.py:651} INFO - DAG(s) dict_keys(['example_subdag_operator.section-1', 'example_subdag_operator.section-2', 'example_subdag_operator']) retrieved from /home/veri-pc/.local/lib/python3.10/site-packages/airflow/example_dags/example_subdag_operator.py
[2023-03-07 12:11:07,561] {logging_mixin.py:115} INFO - [2023-03-07 12:11:07,561] {dag.py:2379} INFO - Sync 3 DAGs
[2023-03-07 12:11:07,572] {logging_mixin.py:115} INFO - [2023-03-07 12:11:07,572] {dag.py:2927} INFO - Setting next_dagrun for example_subdag_operator to 2022-01-01T00:00:00+00:00, run_after=2022-01-01T00:00:00+00:00
[2023-03-07 12:11:07,572] {logging_mixin.py:115} INFO - [2023-03-07 12:11:07,572] {dag.py:2927} INFO - Setting next_dagrun for example_subdag_operator.section-1 to None, run_after=None
[2023-03-07 12:11:07,572] {logging_mixin.py:115} INFO - [2023-03-07 12:11:07,572] {dag.py:2927} INFO - Setting next_dagrun for example_subdag_operator.section-2 to None, run_after=None
[2023-03-07 12:11:07,575] {logging_mixin.py:115} INFO - [2023-03-07 12:11:07,575] {dag.py:2379} INFO - Sync 2 DAGs
[2023-03-07 12:11:07,577] {logging_mixin.py:115} INFO - [2023-03-07 12:11:07,577] {dag.py:2927} INFO - Setting next_dagrun for example_subdag_operator.section-1 to None, run_after=None
[2023-03-07 12:11:07,577] {logging_mixin.py:115} INFO - [2023-03-07 12:11:07,577] {dag.py:2927} INFO - Setting next_dagrun for example_subdag_operator.section-2 to None, run_after=None
[2023-03-07 12:11:07,585] {processor.py:161} INFO - Processing /home/veri-pc/.local/lib/python3.10/site-packages/airflow/example_dags/example_subdag_operator.py took 0.080 seconds
[2023-03-07 12:11:53,878] {processor.py:153} INFO - Started process (PID=41376) to work on /home/veri-pc/.local/lib/python3.10/site-packages/airflow/example_dags/example_subdag_operator.py
[2023-03-07 12:11:53,879] {processor.py:641} INFO - Processing file /home/veri-pc/.local/lib/python3.10/site-packages/airflow/example_dags/example_subdag_operator.py for tasks to queue
[2023-03-07 12:11:53,880] {logging_mixin.py:115} INFO - [2023-03-07 12:11:53,880] {dagbag.py:507} INFO - Filling up the DagBag from /home/veri-pc/.local/lib/python3.10/site-packages/airflow/example_dags/example_subdag_operator.py
[2023-03-07 12:11:53,910] {processor.py:651} INFO - DAG(s) dict_keys(['example_subdag_operator.section-1', 'example_subdag_operator.section-2', 'example_subdag_operator']) retrieved from /home/veri-pc/.local/lib/python3.10/site-packages/airflow/example_dags/example_subdag_operator.py
[2023-03-07 12:11:53,927] {logging_mixin.py:115} INFO - [2023-03-07 12:11:53,927] {dag.py:2379} INFO - Sync 3 DAGs
[2023-03-07 12:11:53,937] {logging_mixin.py:115} INFO - [2023-03-07 12:11:53,936] {dag.py:2927} INFO - Setting next_dagrun for example_subdag_operator to 2022-01-01T00:00:00+00:00, run_after=2022-01-01T00:00:00+00:00
[2023-03-07 12:11:53,937] {logging_mixin.py:115} INFO - [2023-03-07 12:11:53,937] {dag.py:2927} INFO - Setting next_dagrun for example_subdag_operator.section-1 to None, run_after=None
[2023-03-07 12:11:53,937] {logging_mixin.py:115} INFO - [2023-03-07 12:11:53,937] {dag.py:2927} INFO - Setting next_dagrun for example_subdag_operator.section-2 to None, run_after=None
[2023-03-07 12:11:53,940] {logging_mixin.py:115} INFO - [2023-03-07 12:11:53,940] {dag.py:2379} INFO - Sync 2 DAGs
[2023-03-07 12:11:53,942] {logging_mixin.py:115} INFO - [2023-03-07 12:11:53,942] {dag.py:2927} INFO - Setting next_dagrun for example_subdag_operator.section-1 to None, run_after=None
[2023-03-07 12:11:53,942] {logging_mixin.py:115} INFO - [2023-03-07 12:11:53,942] {dag.py:2927} INFO - Setting next_dagrun for example_subdag_operator.section-2 to None, run_after=None
[2023-03-07 12:11:53,948] {processor.py:161} INFO - Processing /home/veri-pc/.local/lib/python3.10/site-packages/airflow/example_dags/example_subdag_operator.py took 0.077 seconds
[2023-03-07 12:12:27,305] {processor.py:153} INFO - Started process (PID=41450) to work on /home/veri-pc/.local/lib/python3.10/site-packages/airflow/example_dags/example_subdag_operator.py
[2023-03-07 12:12:27,310] {processor.py:641} INFO - Processing file /home/veri-pc/.local/lib/python3.10/site-packages/airflow/example_dags/example_subdag_operator.py for tasks to queue
[2023-03-07 12:12:27,312] {logging_mixin.py:115} INFO - [2023-03-07 12:12:27,311] {dagbag.py:507} INFO - Filling up the DagBag from /home/veri-pc/.local/lib/python3.10/site-packages/airflow/example_dags/example_subdag_operator.py
[2023-03-07 12:12:27,340] {processor.py:651} INFO - DAG(s) dict_keys(['example_subdag_operator.section-1', 'example_subdag_operator.section-2', 'example_subdag_operator']) retrieved from /home/veri-pc/.local/lib/python3.10/site-packages/airflow/example_dags/example_subdag_operator.py
[2023-03-07 12:12:27,357] {logging_mixin.py:115} INFO - [2023-03-07 12:12:27,357] {dag.py:2379} INFO - Sync 3 DAGs
[2023-03-07 12:12:27,367] {logging_mixin.py:115} INFO - [2023-03-07 12:12:27,367] {dag.py:2927} INFO - Setting next_dagrun for example_subdag_operator to 2022-01-01T00:00:00+00:00, run_after=2022-01-01T00:00:00+00:00
[2023-03-07 12:12:27,367] {logging_mixin.py:115} INFO - [2023-03-07 12:12:27,367] {dag.py:2927} INFO - Setting next_dagrun for example_subdag_operator.section-1 to None, run_after=None
[2023-03-07 12:12:27,368] {logging_mixin.py:115} INFO - [2023-03-07 12:12:27,368] {dag.py:2927} INFO - Setting next_dagrun for example_subdag_operator.section-2 to None, run_after=None
[2023-03-07 12:12:27,371] {logging_mixin.py:115} INFO - [2023-03-07 12:12:27,371] {dag.py:2379} INFO - Sync 2 DAGs
[2023-03-07 12:12:27,373] {logging_mixin.py:115} INFO - [2023-03-07 12:12:27,373] {dag.py:2927} INFO - Setting next_dagrun for example_subdag_operator.section-1 to None, run_after=None
[2023-03-07 12:12:27,373] {logging_mixin.py:115} INFO - [2023-03-07 12:12:27,373] {dag.py:2927} INFO - Setting next_dagrun for example_subdag_operator.section-2 to None, run_after=None
[2023-03-07 12:12:27,440] {processor.py:161} INFO - Processing /home/veri-pc/.local/lib/python3.10/site-packages/airflow/example_dags/example_subdag_operator.py took 0.142 seconds
[2023-03-07 12:13:07,303] {processor.py:153} INFO - Started process (PID=41575) to work on /home/veri-pc/.local/lib/python3.10/site-packages/airflow/example_dags/example_subdag_operator.py
[2023-03-07 12:13:07,304] {processor.py:641} INFO - Processing file /home/veri-pc/.local/lib/python3.10/site-packages/airflow/example_dags/example_subdag_operator.py for tasks to queue
[2023-03-07 12:13:07,306] {logging_mixin.py:115} INFO - [2023-03-07 12:13:07,305] {dagbag.py:507} INFO - Filling up the DagBag from /home/veri-pc/.local/lib/python3.10/site-packages/airflow/example_dags/example_subdag_operator.py
[2023-03-07 12:13:07,336] {processor.py:651} INFO - DAG(s) dict_keys(['example_subdag_operator.section-1', 'example_subdag_operator.section-2', 'example_subdag_operator']) retrieved from /home/veri-pc/.local/lib/python3.10/site-packages/airflow/example_dags/example_subdag_operator.py
[2023-03-07 12:13:07,354] {logging_mixin.py:115} INFO - [2023-03-07 12:13:07,353] {dag.py:2379} INFO - Sync 3 DAGs
[2023-03-07 12:13:07,363] {logging_mixin.py:115} INFO - [2023-03-07 12:13:07,363] {dag.py:2927} INFO - Setting next_dagrun for example_subdag_operator to 2022-01-01T00:00:00+00:00, run_after=2022-01-01T00:00:00+00:00
[2023-03-07 12:13:07,363] {logging_mixin.py:115} INFO - [2023-03-07 12:13:07,363] {dag.py:2927} INFO - Setting next_dagrun for example_subdag_operator.section-1 to None, run_after=None
[2023-03-07 12:13:07,363] {logging_mixin.py:115} INFO - [2023-03-07 12:13:07,363] {dag.py:2927} INFO - Setting next_dagrun for example_subdag_operator.section-2 to None, run_after=None
[2023-03-07 12:13:07,366] {logging_mixin.py:115} INFO - [2023-03-07 12:13:07,366] {dag.py:2379} INFO - Sync 2 DAGs
[2023-03-07 12:13:07,368] {logging_mixin.py:115} INFO - [2023-03-07 12:13:07,368] {dag.py:2927} INFO - Setting next_dagrun for example_subdag_operator.section-1 to None, run_after=None
[2023-03-07 12:13:07,368] {logging_mixin.py:115} INFO - [2023-03-07 12:13:07,368] {dag.py:2927} INFO - Setting next_dagrun for example_subdag_operator.section-2 to None, run_after=None
[2023-03-07 12:13:07,374] {processor.py:161} INFO - Processing /home/veri-pc/.local/lib/python3.10/site-packages/airflow/example_dags/example_subdag_operator.py took 0.077 seconds
