[2023-03-07 08:40:35,931] {processor.py:153} INFO - Started process (PID=7986) to work on /home/veri-pc/.local/lib/python3.10/site-packages/airflow/example_dags/example_dag_decorator.py
[2023-03-07 08:40:35,932] {processor.py:641} INFO - Processing file /home/veri-pc/.local/lib/python3.10/site-packages/airflow/example_dags/example_dag_decorator.py for tasks to queue
[2023-03-07 08:40:35,933] {logging_mixin.py:115} INFO - [2023-03-07 08:40:35,933] {dagbag.py:507} INFO - Filling up the DagBag from /home/veri-pc/.local/lib/python3.10/site-packages/airflow/example_dags/example_dag_decorator.py
[2023-03-07 08:40:35,961] {processor.py:651} INFO - DAG(s) dict_keys(['example_dag_decorator']) retrieved from /home/veri-pc/.local/lib/python3.10/site-packages/airflow/example_dags/example_dag_decorator.py
[2023-03-07 08:40:36,033] {logging_mixin.py:115} INFO - [2023-03-07 08:40:36,033] {manager.py:508} INFO - Created Permission View: can delete on DAG:example_dag_decorator
[2023-03-07 08:40:36,045] {logging_mixin.py:115} INFO - [2023-03-07 08:40:36,045] {manager.py:508} INFO - Created Permission View: can read on DAG:example_dag_decorator
[2023-03-07 08:40:36,055] {logging_mixin.py:115} INFO - [2023-03-07 08:40:36,055] {manager.py:508} INFO - Created Permission View: can edit on DAG:example_dag_decorator
[2023-03-07 08:40:36,055] {logging_mixin.py:115} INFO - [2023-03-07 08:40:36,055] {dag.py:2379} INFO - Sync 1 DAGs
[2023-03-07 08:40:36,071] {logging_mixin.py:115} INFO - [2023-03-07 08:40:36,070] {dag.py:2398} INFO - Creating ORM DAG for example_dag_decorator
[2023-03-07 08:40:36,083] {logging_mixin.py:115} INFO - [2023-03-07 08:40:36,083] {dag.py:2927} INFO - Setting next_dagrun for example_dag_decorator to None, run_after=None
[2023-03-07 08:40:36,098] {processor.py:161} INFO - Processing /home/veri-pc/.local/lib/python3.10/site-packages/airflow/example_dags/example_dag_decorator.py took 0.170 seconds
[2023-03-07 08:41:10,865] {processor.py:153} INFO - Started process (PID=8208) to work on /home/veri-pc/.local/lib/python3.10/site-packages/airflow/example_dags/example_dag_decorator.py
[2023-03-07 08:41:10,866] {processor.py:641} INFO - Processing file /home/veri-pc/.local/lib/python3.10/site-packages/airflow/example_dags/example_dag_decorator.py for tasks to queue
[2023-03-07 08:41:10,866] {logging_mixin.py:115} INFO - [2023-03-07 08:41:10,866] {dagbag.py:507} INFO - Filling up the DagBag from /home/veri-pc/.local/lib/python3.10/site-packages/airflow/example_dags/example_dag_decorator.py
[2023-03-07 08:41:10,886] {processor.py:651} INFO - DAG(s) dict_keys(['example_dag_decorator']) retrieved from /home/veri-pc/.local/lib/python3.10/site-packages/airflow/example_dags/example_dag_decorator.py
[2023-03-07 08:41:10,913] {logging_mixin.py:115} INFO - [2023-03-07 08:41:10,913] {dag.py:2379} INFO - Sync 1 DAGs
[2023-03-07 08:41:10,922] {logging_mixin.py:115} INFO - [2023-03-07 08:41:10,922] {dag.py:2927} INFO - Setting next_dagrun for example_dag_decorator to None, run_after=None
[2023-03-07 08:41:10,935] {processor.py:161} INFO - Processing /home/veri-pc/.local/lib/python3.10/site-packages/airflow/example_dags/example_dag_decorator.py took 0.073 seconds
[2023-03-07 08:41:41,731] {processor.py:153} INFO - Started process (PID=8275) to work on /home/veri-pc/.local/lib/python3.10/site-packages/airflow/example_dags/example_dag_decorator.py
[2023-03-07 08:41:41,732] {processor.py:641} INFO - Processing file /home/veri-pc/.local/lib/python3.10/site-packages/airflow/example_dags/example_dag_decorator.py for tasks to queue
[2023-03-07 08:41:41,734] {logging_mixin.py:115} INFO - [2023-03-07 08:41:41,734] {dagbag.py:507} INFO - Filling up the DagBag from /home/veri-pc/.local/lib/python3.10/site-packages/airflow/example_dags/example_dag_decorator.py
[2023-03-07 08:41:41,771] {processor.py:651} INFO - DAG(s) dict_keys(['example_dag_decorator']) retrieved from /home/veri-pc/.local/lib/python3.10/site-packages/airflow/example_dags/example_dag_decorator.py
[2023-03-07 08:41:41,781] {logging_mixin.py:115} INFO - [2023-03-07 08:41:41,781] {dag.py:2379} INFO - Sync 1 DAGs
[2023-03-07 08:41:41,792] {logging_mixin.py:115} INFO - [2023-03-07 08:41:41,792] {dag.py:2927} INFO - Setting next_dagrun for example_dag_decorator to None, run_after=None
[2023-03-07 08:41:41,801] {processor.py:161} INFO - Processing /home/veri-pc/.local/lib/python3.10/site-packages/airflow/example_dags/example_dag_decorator.py took 0.076 seconds
[2023-03-07 08:42:14,762] {processor.py:153} INFO - Started process (PID=8342) to work on /home/veri-pc/.local/lib/python3.10/site-packages/airflow/example_dags/example_dag_decorator.py
[2023-03-07 08:42:14,764] {processor.py:641} INFO - Processing file /home/veri-pc/.local/lib/python3.10/site-packages/airflow/example_dags/example_dag_decorator.py for tasks to queue
[2023-03-07 08:42:14,765] {logging_mixin.py:115} INFO - [2023-03-07 08:42:14,765] {dagbag.py:507} INFO - Filling up the DagBag from /home/veri-pc/.local/lib/python3.10/site-packages/airflow/example_dags/example_dag_decorator.py
[2023-03-07 08:42:14,800] {processor.py:651} INFO - DAG(s) dict_keys(['example_dag_decorator']) retrieved from /home/veri-pc/.local/lib/python3.10/site-packages/airflow/example_dags/example_dag_decorator.py
[2023-03-07 08:42:14,810] {logging_mixin.py:115} INFO - [2023-03-07 08:42:14,810] {dag.py:2379} INFO - Sync 1 DAGs
[2023-03-07 08:42:14,820] {logging_mixin.py:115} INFO - [2023-03-07 08:42:14,820] {dag.py:2927} INFO - Setting next_dagrun for example_dag_decorator to None, run_after=None
[2023-03-07 08:42:14,829] {processor.py:161} INFO - Processing /home/veri-pc/.local/lib/python3.10/site-packages/airflow/example_dags/example_dag_decorator.py took 0.073 seconds
[2023-03-07 08:42:46,732] {processor.py:153} INFO - Started process (PID=8406) to work on /home/veri-pc/.local/lib/python3.10/site-packages/airflow/example_dags/example_dag_decorator.py
[2023-03-07 08:42:46,734] {processor.py:641} INFO - Processing file /home/veri-pc/.local/lib/python3.10/site-packages/airflow/example_dags/example_dag_decorator.py for tasks to queue
[2023-03-07 08:42:46,735] {logging_mixin.py:115} INFO - [2023-03-07 08:42:46,735] {dagbag.py:507} INFO - Filling up the DagBag from /home/veri-pc/.local/lib/python3.10/site-packages/airflow/example_dags/example_dag_decorator.py
[2023-03-07 08:42:46,779] {processor.py:651} INFO - DAG(s) dict_keys(['example_dag_decorator']) retrieved from /home/veri-pc/.local/lib/python3.10/site-packages/airflow/example_dags/example_dag_decorator.py
[2023-03-07 08:42:46,808] {logging_mixin.py:115} INFO - [2023-03-07 08:42:46,808] {dag.py:2379} INFO - Sync 1 DAGs
[2023-03-07 08:42:46,817] {logging_mixin.py:115} INFO - [2023-03-07 08:42:46,817] {dag.py:2927} INFO - Setting next_dagrun for example_dag_decorator to None, run_after=None
[2023-03-07 08:42:46,826] {processor.py:161} INFO - Processing /home/veri-pc/.local/lib/python3.10/site-packages/airflow/example_dags/example_dag_decorator.py took 0.100 seconds
[2023-03-07 08:43:20,587] {processor.py:153} INFO - Started process (PID=8489) to work on /home/veri-pc/.local/lib/python3.10/site-packages/airflow/example_dags/example_dag_decorator.py
[2023-03-07 08:43:20,589] {processor.py:641} INFO - Processing file /home/veri-pc/.local/lib/python3.10/site-packages/airflow/example_dags/example_dag_decorator.py for tasks to queue
[2023-03-07 08:43:20,590] {logging_mixin.py:115} INFO - [2023-03-07 08:43:20,590] {dagbag.py:507} INFO - Filling up the DagBag from /home/veri-pc/.local/lib/python3.10/site-packages/airflow/example_dags/example_dag_decorator.py
[2023-03-07 08:43:20,623] {processor.py:651} INFO - DAG(s) dict_keys(['example_dag_decorator']) retrieved from /home/veri-pc/.local/lib/python3.10/site-packages/airflow/example_dags/example_dag_decorator.py
[2023-03-07 08:43:20,633] {logging_mixin.py:115} INFO - [2023-03-07 08:43:20,633] {dag.py:2379} INFO - Sync 1 DAGs
[2023-03-07 08:43:20,642] {logging_mixin.py:115} INFO - [2023-03-07 08:43:20,642] {dag.py:2927} INFO - Setting next_dagrun for example_dag_decorator to None, run_after=None
[2023-03-07 08:43:20,649] {processor.py:161} INFO - Processing /home/veri-pc/.local/lib/python3.10/site-packages/airflow/example_dags/example_dag_decorator.py took 0.069 seconds
[2023-03-07 08:43:51,486] {processor.py:153} INFO - Started process (PID=8550) to work on /home/veri-pc/.local/lib/python3.10/site-packages/airflow/example_dags/example_dag_decorator.py
[2023-03-07 08:43:51,487] {processor.py:641} INFO - Processing file /home/veri-pc/.local/lib/python3.10/site-packages/airflow/example_dags/example_dag_decorator.py for tasks to queue
[2023-03-07 08:43:51,487] {logging_mixin.py:115} INFO - [2023-03-07 08:43:51,487] {dagbag.py:507} INFO - Filling up the DagBag from /home/veri-pc/.local/lib/python3.10/site-packages/airflow/example_dags/example_dag_decorator.py
[2023-03-07 08:43:51,509] {processor.py:651} INFO - DAG(s) dict_keys(['example_dag_decorator']) retrieved from /home/veri-pc/.local/lib/python3.10/site-packages/airflow/example_dags/example_dag_decorator.py
[2023-03-07 08:43:51,536] {logging_mixin.py:115} INFO - [2023-03-07 08:43:51,536] {dag.py:2379} INFO - Sync 1 DAGs
[2023-03-07 08:43:51,544] {logging_mixin.py:115} INFO - [2023-03-07 08:43:51,544] {dag.py:2927} INFO - Setting next_dagrun for example_dag_decorator to None, run_after=None
[2023-03-07 08:43:51,554] {processor.py:161} INFO - Processing /home/veri-pc/.local/lib/python3.10/site-packages/airflow/example_dags/example_dag_decorator.py took 0.070 seconds
[2023-03-07 08:44:22,898] {processor.py:153} INFO - Started process (PID=8620) to work on /home/veri-pc/.local/lib/python3.10/site-packages/airflow/example_dags/example_dag_decorator.py
[2023-03-07 08:44:22,899] {processor.py:641} INFO - Processing file /home/veri-pc/.local/lib/python3.10/site-packages/airflow/example_dags/example_dag_decorator.py for tasks to queue
[2023-03-07 08:44:22,901] {logging_mixin.py:115} INFO - [2023-03-07 08:44:22,900] {dagbag.py:507} INFO - Filling up the DagBag from /home/veri-pc/.local/lib/python3.10/site-packages/airflow/example_dags/example_dag_decorator.py
[2023-03-07 08:44:22,917] {processor.py:651} INFO - DAG(s) dict_keys(['example_dag_decorator']) retrieved from /home/veri-pc/.local/lib/python3.10/site-packages/airflow/example_dags/example_dag_decorator.py
[2023-03-07 08:44:22,940] {logging_mixin.py:115} INFO - [2023-03-07 08:44:22,940] {dag.py:2379} INFO - Sync 1 DAGs
[2023-03-07 08:44:22,951] {logging_mixin.py:115} INFO - [2023-03-07 08:44:22,951] {dag.py:2927} INFO - Setting next_dagrun for example_dag_decorator to None, run_after=None
[2023-03-07 08:44:22,962] {processor.py:161} INFO - Processing /home/veri-pc/.local/lib/python3.10/site-packages/airflow/example_dags/example_dag_decorator.py took 0.067 seconds
[2023-03-07 08:44:56,617] {processor.py:153} INFO - Started process (PID=8688) to work on /home/veri-pc/.local/lib/python3.10/site-packages/airflow/example_dags/example_dag_decorator.py
[2023-03-07 08:44:56,618] {processor.py:641} INFO - Processing file /home/veri-pc/.local/lib/python3.10/site-packages/airflow/example_dags/example_dag_decorator.py for tasks to queue
[2023-03-07 08:44:56,619] {logging_mixin.py:115} INFO - [2023-03-07 08:44:56,619] {dagbag.py:507} INFO - Filling up the DagBag from /home/veri-pc/.local/lib/python3.10/site-packages/airflow/example_dags/example_dag_decorator.py
[2023-03-07 08:44:56,654] {processor.py:651} INFO - DAG(s) dict_keys(['example_dag_decorator']) retrieved from /home/veri-pc/.local/lib/python3.10/site-packages/airflow/example_dags/example_dag_decorator.py
[2023-03-07 08:44:56,680] {logging_mixin.py:115} INFO - [2023-03-07 08:44:56,680] {dag.py:2379} INFO - Sync 1 DAGs
[2023-03-07 08:44:56,689] {logging_mixin.py:115} INFO - [2023-03-07 08:44:56,689] {dag.py:2927} INFO - Setting next_dagrun for example_dag_decorator to None, run_after=None
[2023-03-07 08:44:56,701] {processor.py:161} INFO - Processing /home/veri-pc/.local/lib/python3.10/site-packages/airflow/example_dags/example_dag_decorator.py took 0.090 seconds
[2023-03-07 08:45:27,161] {processor.py:153} INFO - Started process (PID=8758) to work on /home/veri-pc/.local/lib/python3.10/site-packages/airflow/example_dags/example_dag_decorator.py
[2023-03-07 08:45:27,162] {processor.py:641} INFO - Processing file /home/veri-pc/.local/lib/python3.10/site-packages/airflow/example_dags/example_dag_decorator.py for tasks to queue
[2023-03-07 08:45:27,164] {logging_mixin.py:115} INFO - [2023-03-07 08:45:27,164] {dagbag.py:507} INFO - Filling up the DagBag from /home/veri-pc/.local/lib/python3.10/site-packages/airflow/example_dags/example_dag_decorator.py
[2023-03-07 08:45:27,200] {processor.py:651} INFO - DAG(s) dict_keys(['example_dag_decorator']) retrieved from /home/veri-pc/.local/lib/python3.10/site-packages/airflow/example_dags/example_dag_decorator.py
[2023-03-07 08:45:27,210] {logging_mixin.py:115} INFO - [2023-03-07 08:45:27,210] {dag.py:2379} INFO - Sync 1 DAGs
[2023-03-07 08:45:27,219] {logging_mixin.py:115} INFO - [2023-03-07 08:45:27,219] {dag.py:2927} INFO - Setting next_dagrun for example_dag_decorator to None, run_after=None
[2023-03-07 08:45:27,227] {processor.py:161} INFO - Processing /home/veri-pc/.local/lib/python3.10/site-packages/airflow/example_dags/example_dag_decorator.py took 0.075 seconds
[2023-03-07 08:45:57,956] {processor.py:153} INFO - Started process (PID=8819) to work on /home/veri-pc/.local/lib/python3.10/site-packages/airflow/example_dags/example_dag_decorator.py
[2023-03-07 08:45:57,957] {processor.py:641} INFO - Processing file /home/veri-pc/.local/lib/python3.10/site-packages/airflow/example_dags/example_dag_decorator.py for tasks to queue
[2023-03-07 08:45:57,957] {logging_mixin.py:115} INFO - [2023-03-07 08:45:57,957] {dagbag.py:507} INFO - Filling up the DagBag from /home/veri-pc/.local/lib/python3.10/site-packages/airflow/example_dags/example_dag_decorator.py
[2023-03-07 08:45:57,984] {processor.py:651} INFO - DAG(s) dict_keys(['example_dag_decorator']) retrieved from /home/veri-pc/.local/lib/python3.10/site-packages/airflow/example_dags/example_dag_decorator.py
[2023-03-07 08:45:58,013] {logging_mixin.py:115} INFO - [2023-03-07 08:45:58,013] {dag.py:2379} INFO - Sync 1 DAGs
[2023-03-07 08:45:58,022] {logging_mixin.py:115} INFO - [2023-03-07 08:45:58,022] {dag.py:2927} INFO - Setting next_dagrun for example_dag_decorator to None, run_after=None
[2023-03-07 08:45:58,030] {processor.py:161} INFO - Processing /home/veri-pc/.local/lib/python3.10/site-packages/airflow/example_dags/example_dag_decorator.py took 0.077 seconds
[2023-03-07 08:46:29,265] {processor.py:153} INFO - Started process (PID=8897) to work on /home/veri-pc/.local/lib/python3.10/site-packages/airflow/example_dags/example_dag_decorator.py
[2023-03-07 08:46:29,266] {processor.py:641} INFO - Processing file /home/veri-pc/.local/lib/python3.10/site-packages/airflow/example_dags/example_dag_decorator.py for tasks to queue
[2023-03-07 08:46:29,266] {logging_mixin.py:115} INFO - [2023-03-07 08:46:29,266] {dagbag.py:507} INFO - Filling up the DagBag from /home/veri-pc/.local/lib/python3.10/site-packages/airflow/example_dags/example_dag_decorator.py
[2023-03-07 08:46:29,287] {processor.py:651} INFO - DAG(s) dict_keys(['example_dag_decorator']) retrieved from /home/veri-pc/.local/lib/python3.10/site-packages/airflow/example_dags/example_dag_decorator.py
[2023-03-07 08:46:29,298] {logging_mixin.py:115} INFO - [2023-03-07 08:46:29,298] {dag.py:2379} INFO - Sync 1 DAGs
[2023-03-07 08:46:29,308] {logging_mixin.py:115} INFO - [2023-03-07 08:46:29,308] {dag.py:2927} INFO - Setting next_dagrun for example_dag_decorator to None, run_after=None
[2023-03-07 08:46:29,316] {processor.py:161} INFO - Processing /home/veri-pc/.local/lib/python3.10/site-packages/airflow/example_dags/example_dag_decorator.py took 0.053 seconds
[2023-03-07 08:46:59,460] {processor.py:153} INFO - Started process (PID=8986) to work on /home/veri-pc/.local/lib/python3.10/site-packages/airflow/example_dags/example_dag_decorator.py
[2023-03-07 08:46:59,461] {processor.py:641} INFO - Processing file /home/veri-pc/.local/lib/python3.10/site-packages/airflow/example_dags/example_dag_decorator.py for tasks to queue
[2023-03-07 08:46:59,462] {logging_mixin.py:115} INFO - [2023-03-07 08:46:59,462] {dagbag.py:507} INFO - Filling up the DagBag from /home/veri-pc/.local/lib/python3.10/site-packages/airflow/example_dags/example_dag_decorator.py
[2023-03-07 08:46:59,475] {processor.py:651} INFO - DAG(s) dict_keys(['example_dag_decorator']) retrieved from /home/veri-pc/.local/lib/python3.10/site-packages/airflow/example_dags/example_dag_decorator.py
[2023-03-07 08:46:59,484] {logging_mixin.py:115} INFO - [2023-03-07 08:46:59,484] {dag.py:2379} INFO - Sync 1 DAGs
[2023-03-07 08:46:59,494] {logging_mixin.py:115} INFO - [2023-03-07 08:46:59,493] {dag.py:2927} INFO - Setting next_dagrun for example_dag_decorator to None, run_after=None
[2023-03-07 08:46:59,502] {processor.py:161} INFO - Processing /home/veri-pc/.local/lib/python3.10/site-packages/airflow/example_dags/example_dag_decorator.py took 0.043 seconds
[2023-03-07 08:47:31,780] {processor.py:153} INFO - Started process (PID=9053) to work on /home/veri-pc/.local/lib/python3.10/site-packages/airflow/example_dags/example_dag_decorator.py
[2023-03-07 08:47:31,781] {processor.py:641} INFO - Processing file /home/veri-pc/.local/lib/python3.10/site-packages/airflow/example_dags/example_dag_decorator.py for tasks to queue
[2023-03-07 08:47:31,782] {logging_mixin.py:115} INFO - [2023-03-07 08:47:31,781] {dagbag.py:507} INFO - Filling up the DagBag from /home/veri-pc/.local/lib/python3.10/site-packages/airflow/example_dags/example_dag_decorator.py
[2023-03-07 08:47:31,803] {processor.py:651} INFO - DAG(s) dict_keys(['example_dag_decorator']) retrieved from /home/veri-pc/.local/lib/python3.10/site-packages/airflow/example_dags/example_dag_decorator.py
[2023-03-07 08:47:31,811] {logging_mixin.py:115} INFO - [2023-03-07 08:47:31,811] {dag.py:2379} INFO - Sync 1 DAGs
[2023-03-07 08:47:31,820] {logging_mixin.py:115} INFO - [2023-03-07 08:47:31,820] {dag.py:2927} INFO - Setting next_dagrun for example_dag_decorator to None, run_after=None
[2023-03-07 08:47:31,829] {processor.py:161} INFO - Processing /home/veri-pc/.local/lib/python3.10/site-packages/airflow/example_dags/example_dag_decorator.py took 0.052 seconds
[2023-03-07 08:48:06,020] {processor.py:153} INFO - Started process (PID=9164) to work on /home/veri-pc/.local/lib/python3.10/site-packages/airflow/example_dags/example_dag_decorator.py
[2023-03-07 08:48:06,021] {processor.py:641} INFO - Processing file /home/veri-pc/.local/lib/python3.10/site-packages/airflow/example_dags/example_dag_decorator.py for tasks to queue
[2023-03-07 08:48:06,023] {logging_mixin.py:115} INFO - [2023-03-07 08:48:06,022] {dagbag.py:507} INFO - Filling up the DagBag from /home/veri-pc/.local/lib/python3.10/site-packages/airflow/example_dags/example_dag_decorator.py
[2023-03-07 08:48:06,068] {processor.py:651} INFO - DAG(s) dict_keys(['example_dag_decorator']) retrieved from /home/veri-pc/.local/lib/python3.10/site-packages/airflow/example_dags/example_dag_decorator.py
[2023-03-07 08:48:06,085] {logging_mixin.py:115} INFO - [2023-03-07 08:48:06,085] {dag.py:2379} INFO - Sync 1 DAGs
[2023-03-07 08:48:06,102] {logging_mixin.py:115} INFO - [2023-03-07 08:48:06,102] {dag.py:2927} INFO - Setting next_dagrun for example_dag_decorator to None, run_after=None
[2023-03-07 08:48:06,113] {processor.py:161} INFO - Processing /home/veri-pc/.local/lib/python3.10/site-packages/airflow/example_dags/example_dag_decorator.py took 0.101 seconds
[2023-03-07 08:48:37,439] {processor.py:153} INFO - Started process (PID=9234) to work on /home/veri-pc/.local/lib/python3.10/site-packages/airflow/example_dags/example_dag_decorator.py
[2023-03-07 08:48:37,440] {processor.py:641} INFO - Processing file /home/veri-pc/.local/lib/python3.10/site-packages/airflow/example_dags/example_dag_decorator.py for tasks to queue
[2023-03-07 08:48:37,441] {logging_mixin.py:115} INFO - [2023-03-07 08:48:37,441] {dagbag.py:507} INFO - Filling up the DagBag from /home/veri-pc/.local/lib/python3.10/site-packages/airflow/example_dags/example_dag_decorator.py
[2023-03-07 08:48:37,476] {processor.py:651} INFO - DAG(s) dict_keys(['example_dag_decorator']) retrieved from /home/veri-pc/.local/lib/python3.10/site-packages/airflow/example_dags/example_dag_decorator.py
[2023-03-07 08:48:37,502] {logging_mixin.py:115} INFO - [2023-03-07 08:48:37,502] {dag.py:2379} INFO - Sync 1 DAGs
[2023-03-07 08:48:37,511] {logging_mixin.py:115} INFO - [2023-03-07 08:48:37,511] {dag.py:2927} INFO - Setting next_dagrun for example_dag_decorator to None, run_after=None
[2023-03-07 08:48:37,519] {processor.py:161} INFO - Processing /home/veri-pc/.local/lib/python3.10/site-packages/airflow/example_dags/example_dag_decorator.py took 0.086 seconds
[2023-03-07 08:49:07,656] {processor.py:153} INFO - Started process (PID=9306) to work on /home/veri-pc/.local/lib/python3.10/site-packages/airflow/example_dags/example_dag_decorator.py
[2023-03-07 08:49:07,657] {processor.py:641} INFO - Processing file /home/veri-pc/.local/lib/python3.10/site-packages/airflow/example_dags/example_dag_decorator.py for tasks to queue
[2023-03-07 08:49:07,658] {logging_mixin.py:115} INFO - [2023-03-07 08:49:07,658] {dagbag.py:507} INFO - Filling up the DagBag from /home/veri-pc/.local/lib/python3.10/site-packages/airflow/example_dags/example_dag_decorator.py
[2023-03-07 08:49:07,690] {processor.py:651} INFO - DAG(s) dict_keys(['example_dag_decorator']) retrieved from /home/veri-pc/.local/lib/python3.10/site-packages/airflow/example_dags/example_dag_decorator.py
[2023-03-07 08:49:07,716] {logging_mixin.py:115} INFO - [2023-03-07 08:49:07,716] {dag.py:2379} INFO - Sync 1 DAGs
[2023-03-07 08:49:07,726] {logging_mixin.py:115} INFO - [2023-03-07 08:49:07,726] {dag.py:2927} INFO - Setting next_dagrun for example_dag_decorator to None, run_after=None
[2023-03-07 08:49:07,734] {processor.py:161} INFO - Processing /home/veri-pc/.local/lib/python3.10/site-packages/airflow/example_dags/example_dag_decorator.py took 0.086 seconds
[2023-03-07 08:49:39,419] {processor.py:153} INFO - Started process (PID=9394) to work on /home/veri-pc/.local/lib/python3.10/site-packages/airflow/example_dags/example_dag_decorator.py
[2023-03-07 08:49:39,420] {processor.py:641} INFO - Processing file /home/veri-pc/.local/lib/python3.10/site-packages/airflow/example_dags/example_dag_decorator.py for tasks to queue
[2023-03-07 08:49:39,421] {logging_mixin.py:115} INFO - [2023-03-07 08:49:39,420] {dagbag.py:507} INFO - Filling up the DagBag from /home/veri-pc/.local/lib/python3.10/site-packages/airflow/example_dags/example_dag_decorator.py
[2023-03-07 08:49:39,447] {processor.py:651} INFO - DAG(s) dict_keys(['example_dag_decorator']) retrieved from /home/veri-pc/.local/lib/python3.10/site-packages/airflow/example_dags/example_dag_decorator.py
[2023-03-07 08:49:39,457] {logging_mixin.py:115} INFO - [2023-03-07 08:49:39,457] {dag.py:2379} INFO - Sync 1 DAGs
[2023-03-07 08:49:39,467] {logging_mixin.py:115} INFO - [2023-03-07 08:49:39,467] {dag.py:2927} INFO - Setting next_dagrun for example_dag_decorator to None, run_after=None
[2023-03-07 08:49:39,474] {processor.py:161} INFO - Processing /home/veri-pc/.local/lib/python3.10/site-packages/airflow/example_dags/example_dag_decorator.py took 0.059 seconds
[2023-03-07 08:50:09,868] {processor.py:153} INFO - Started process (PID=9496) to work on /home/veri-pc/.local/lib/python3.10/site-packages/airflow/example_dags/example_dag_decorator.py
[2023-03-07 08:50:09,869] {processor.py:641} INFO - Processing file /home/veri-pc/.local/lib/python3.10/site-packages/airflow/example_dags/example_dag_decorator.py for tasks to queue
[2023-03-07 08:50:09,869] {logging_mixin.py:115} INFO - [2023-03-07 08:50:09,869] {dagbag.py:507} INFO - Filling up the DagBag from /home/veri-pc/.local/lib/python3.10/site-packages/airflow/example_dags/example_dag_decorator.py
[2023-03-07 08:50:09,887] {processor.py:651} INFO - DAG(s) dict_keys(['example_dag_decorator']) retrieved from /home/veri-pc/.local/lib/python3.10/site-packages/airflow/example_dags/example_dag_decorator.py
[2023-03-07 08:50:09,898] {logging_mixin.py:115} INFO - [2023-03-07 08:50:09,898] {dag.py:2379} INFO - Sync 1 DAGs
[2023-03-07 08:50:09,911] {logging_mixin.py:115} INFO - [2023-03-07 08:50:09,911] {dag.py:2927} INFO - Setting next_dagrun for example_dag_decorator to None, run_after=None
[2023-03-07 08:50:09,923] {processor.py:161} INFO - Processing /home/veri-pc/.local/lib/python3.10/site-packages/airflow/example_dags/example_dag_decorator.py took 0.058 seconds
[2023-03-07 08:50:41,853] {processor.py:153} INFO - Started process (PID=9570) to work on /home/veri-pc/.local/lib/python3.10/site-packages/airflow/example_dags/example_dag_decorator.py
[2023-03-07 08:50:41,853] {processor.py:641} INFO - Processing file /home/veri-pc/.local/lib/python3.10/site-packages/airflow/example_dags/example_dag_decorator.py for tasks to queue
[2023-03-07 08:50:41,854] {logging_mixin.py:115} INFO - [2023-03-07 08:50:41,854] {dagbag.py:507} INFO - Filling up the DagBag from /home/veri-pc/.local/lib/python3.10/site-packages/airflow/example_dags/example_dag_decorator.py
[2023-03-07 08:50:41,868] {processor.py:651} INFO - DAG(s) dict_keys(['example_dag_decorator']) retrieved from /home/veri-pc/.local/lib/python3.10/site-packages/airflow/example_dags/example_dag_decorator.py
[2023-03-07 08:50:41,893] {logging_mixin.py:115} INFO - [2023-03-07 08:50:41,893] {dag.py:2379} INFO - Sync 1 DAGs
[2023-03-07 08:50:41,903] {logging_mixin.py:115} INFO - [2023-03-07 08:50:41,903] {dag.py:2927} INFO - Setting next_dagrun for example_dag_decorator to None, run_after=None
[2023-03-07 08:50:41,911] {processor.py:161} INFO - Processing /home/veri-pc/.local/lib/python3.10/site-packages/airflow/example_dags/example_dag_decorator.py took 0.060 seconds
[2023-03-07 08:51:15,438] {processor.py:153} INFO - Started process (PID=9668) to work on /home/veri-pc/.local/lib/python3.10/site-packages/airflow/example_dags/example_dag_decorator.py
[2023-03-07 08:51:15,440] {processor.py:641} INFO - Processing file /home/veri-pc/.local/lib/python3.10/site-packages/airflow/example_dags/example_dag_decorator.py for tasks to queue
[2023-03-07 08:51:15,441] {logging_mixin.py:115} INFO - [2023-03-07 08:51:15,441] {dagbag.py:507} INFO - Filling up the DagBag from /home/veri-pc/.local/lib/python3.10/site-packages/airflow/example_dags/example_dag_decorator.py
[2023-03-07 08:51:15,474] {processor.py:651} INFO - DAG(s) dict_keys(['example_dag_decorator']) retrieved from /home/veri-pc/.local/lib/python3.10/site-packages/airflow/example_dags/example_dag_decorator.py
[2023-03-07 08:51:15,484] {logging_mixin.py:115} INFO - [2023-03-07 08:51:15,484] {dag.py:2379} INFO - Sync 1 DAGs
[2023-03-07 08:51:15,493] {logging_mixin.py:115} INFO - [2023-03-07 08:51:15,493] {dag.py:2927} INFO - Setting next_dagrun for example_dag_decorator to None, run_after=None
[2023-03-07 08:51:15,501] {processor.py:161} INFO - Processing /home/veri-pc/.local/lib/python3.10/site-packages/airflow/example_dags/example_dag_decorator.py took 0.070 seconds
[2023-03-07 08:51:47,514] {processor.py:153} INFO - Started process (PID=9767) to work on /home/veri-pc/.local/lib/python3.10/site-packages/airflow/example_dags/example_dag_decorator.py
[2023-03-07 08:51:47,515] {processor.py:641} INFO - Processing file /home/veri-pc/.local/lib/python3.10/site-packages/airflow/example_dags/example_dag_decorator.py for tasks to queue
[2023-03-07 08:51:47,515] {logging_mixin.py:115} INFO - [2023-03-07 08:51:47,515] {dagbag.py:507} INFO - Filling up the DagBag from /home/veri-pc/.local/lib/python3.10/site-packages/airflow/example_dags/example_dag_decorator.py
[2023-03-07 08:51:47,529] {processor.py:651} INFO - DAG(s) dict_keys(['example_dag_decorator']) retrieved from /home/veri-pc/.local/lib/python3.10/site-packages/airflow/example_dags/example_dag_decorator.py
[2023-03-07 08:51:47,558] {logging_mixin.py:115} INFO - [2023-03-07 08:51:47,558] {dag.py:2379} INFO - Sync 1 DAGs
[2023-03-07 08:51:47,569] {logging_mixin.py:115} INFO - [2023-03-07 08:51:47,569] {dag.py:2927} INFO - Setting next_dagrun for example_dag_decorator to None, run_after=None
[2023-03-07 08:51:47,578] {processor.py:161} INFO - Processing /home/veri-pc/.local/lib/python3.10/site-packages/airflow/example_dags/example_dag_decorator.py took 0.067 seconds
[2023-03-07 08:52:20,645] {processor.py:153} INFO - Started process (PID=9846) to work on /home/veri-pc/.local/lib/python3.10/site-packages/airflow/example_dags/example_dag_decorator.py
[2023-03-07 08:52:20,646] {processor.py:641} INFO - Processing file /home/veri-pc/.local/lib/python3.10/site-packages/airflow/example_dags/example_dag_decorator.py for tasks to queue
[2023-03-07 08:52:20,646] {logging_mixin.py:115} INFO - [2023-03-07 08:52:20,646] {dagbag.py:507} INFO - Filling up the DagBag from /home/veri-pc/.local/lib/python3.10/site-packages/airflow/example_dags/example_dag_decorator.py
[2023-03-07 08:52:20,666] {processor.py:651} INFO - DAG(s) dict_keys(['example_dag_decorator']) retrieved from /home/veri-pc/.local/lib/python3.10/site-packages/airflow/example_dags/example_dag_decorator.py
[2023-03-07 08:52:20,680] {logging_mixin.py:115} INFO - [2023-03-07 08:52:20,680] {dag.py:2379} INFO - Sync 1 DAGs
[2023-03-07 08:52:20,705] {logging_mixin.py:115} INFO - [2023-03-07 08:52:20,705] {dag.py:2927} INFO - Setting next_dagrun for example_dag_decorator to None, run_after=None
[2023-03-07 08:52:20,720] {processor.py:161} INFO - Processing /home/veri-pc/.local/lib/python3.10/site-packages/airflow/example_dags/example_dag_decorator.py took 0.078 seconds
[2023-03-07 08:52:54,530] {processor.py:153} INFO - Started process (PID=9938) to work on /home/veri-pc/.local/lib/python3.10/site-packages/airflow/example_dags/example_dag_decorator.py
[2023-03-07 08:52:54,533] {processor.py:641} INFO - Processing file /home/veri-pc/.local/lib/python3.10/site-packages/airflow/example_dags/example_dag_decorator.py for tasks to queue
[2023-03-07 08:52:54,534] {logging_mixin.py:115} INFO - [2023-03-07 08:52:54,534] {dagbag.py:507} INFO - Filling up the DagBag from /home/veri-pc/.local/lib/python3.10/site-packages/airflow/example_dags/example_dag_decorator.py
[2023-03-07 08:52:54,579] {processor.py:651} INFO - DAG(s) dict_keys(['example_dag_decorator']) retrieved from /home/veri-pc/.local/lib/python3.10/site-packages/airflow/example_dags/example_dag_decorator.py
[2023-03-07 08:52:54,590] {logging_mixin.py:115} INFO - [2023-03-07 08:52:54,589] {dag.py:2379} INFO - Sync 1 DAGs
[2023-03-07 08:52:54,600] {logging_mixin.py:115} INFO - [2023-03-07 08:52:54,600] {dag.py:2927} INFO - Setting next_dagrun for example_dag_decorator to None, run_after=None
[2023-03-07 08:52:54,659] {processor.py:161} INFO - Processing /home/veri-pc/.local/lib/python3.10/site-packages/airflow/example_dags/example_dag_decorator.py took 0.137 seconds
[2023-03-07 08:53:31,900] {processor.py:153} INFO - Started process (PID=10036) to work on /home/veri-pc/.local/lib/python3.10/site-packages/airflow/example_dags/example_dag_decorator.py
[2023-03-07 08:53:31,901] {processor.py:641} INFO - Processing file /home/veri-pc/.local/lib/python3.10/site-packages/airflow/example_dags/example_dag_decorator.py for tasks to queue
[2023-03-07 08:53:31,902] {logging_mixin.py:115} INFO - [2023-03-07 08:53:31,902] {dagbag.py:507} INFO - Filling up the DagBag from /home/veri-pc/.local/lib/python3.10/site-packages/airflow/example_dags/example_dag_decorator.py
[2023-03-07 08:53:31,925] {processor.py:651} INFO - DAG(s) dict_keys(['example_dag_decorator']) retrieved from /home/veri-pc/.local/lib/python3.10/site-packages/airflow/example_dags/example_dag_decorator.py
[2023-03-07 08:53:31,934] {logging_mixin.py:115} INFO - [2023-03-07 08:53:31,934] {dag.py:2379} INFO - Sync 1 DAGs
[2023-03-07 08:53:31,944] {logging_mixin.py:115} INFO - [2023-03-07 08:53:31,944] {dag.py:2927} INFO - Setting next_dagrun for example_dag_decorator to None, run_after=None
[2023-03-07 08:53:31,953] {processor.py:161} INFO - Processing /home/veri-pc/.local/lib/python3.10/site-packages/airflow/example_dags/example_dag_decorator.py took 0.056 seconds
[2023-03-07 08:54:02,773] {processor.py:153} INFO - Started process (PID=10111) to work on /home/veri-pc/.local/lib/python3.10/site-packages/airflow/example_dags/example_dag_decorator.py
[2023-03-07 08:54:02,773] {processor.py:641} INFO - Processing file /home/veri-pc/.local/lib/python3.10/site-packages/airflow/example_dags/example_dag_decorator.py for tasks to queue
[2023-03-07 08:54:02,774] {logging_mixin.py:115} INFO - [2023-03-07 08:54:02,774] {dagbag.py:507} INFO - Filling up the DagBag from /home/veri-pc/.local/lib/python3.10/site-packages/airflow/example_dags/example_dag_decorator.py
[2023-03-07 08:54:02,796] {processor.py:651} INFO - DAG(s) dict_keys(['example_dag_decorator']) retrieved from /home/veri-pc/.local/lib/python3.10/site-packages/airflow/example_dags/example_dag_decorator.py
[2023-03-07 08:54:02,807] {logging_mixin.py:115} INFO - [2023-03-07 08:54:02,807] {dag.py:2379} INFO - Sync 1 DAGs
[2023-03-07 08:54:02,817] {logging_mixin.py:115} INFO - [2023-03-07 08:54:02,817] {dag.py:2927} INFO - Setting next_dagrun for example_dag_decorator to None, run_after=None
[2023-03-07 08:54:02,826] {processor.py:161} INFO - Processing /home/veri-pc/.local/lib/python3.10/site-packages/airflow/example_dags/example_dag_decorator.py took 0.056 seconds
[2023-03-07 08:54:24,152] {processor.py:153} INFO - Started process (PID=10282) to work on /home/veri-pc/.local/lib/python3.10/site-packages/airflow/example_dags/example_dag_decorator.py
[2023-03-07 08:54:24,153] {processor.py:641} INFO - Processing file /home/veri-pc/.local/lib/python3.10/site-packages/airflow/example_dags/example_dag_decorator.py for tasks to queue
[2023-03-07 08:54:24,153] {logging_mixin.py:115} INFO - [2023-03-07 08:54:24,153] {dagbag.py:507} INFO - Filling up the DagBag from /home/veri-pc/.local/lib/python3.10/site-packages/airflow/example_dags/example_dag_decorator.py
[2023-03-07 08:54:24,178] {processor.py:651} INFO - DAG(s) dict_keys(['example_dag_decorator']) retrieved from /home/veri-pc/.local/lib/python3.10/site-packages/airflow/example_dags/example_dag_decorator.py
[2023-03-07 08:54:24,224] {logging_mixin.py:115} INFO - [2023-03-07 08:54:24,224] {dag.py:2379} INFO - Sync 1 DAGs
[2023-03-07 08:54:24,242] {logging_mixin.py:115} INFO - [2023-03-07 08:54:24,242] {dag.py:2927} INFO - Setting next_dagrun for example_dag_decorator to None, run_after=None
[2023-03-07 08:54:24,257] {processor.py:161} INFO - Processing /home/veri-pc/.local/lib/python3.10/site-packages/airflow/example_dags/example_dag_decorator.py took 0.108 seconds
[2023-03-07 08:54:54,686] {processor.py:153} INFO - Started process (PID=10855) to work on /home/veri-pc/.local/lib/python3.10/site-packages/airflow/example_dags/example_dag_decorator.py
[2023-03-07 08:54:54,688] {processor.py:641} INFO - Processing file /home/veri-pc/.local/lib/python3.10/site-packages/airflow/example_dags/example_dag_decorator.py for tasks to queue
[2023-03-07 08:54:54,689] {logging_mixin.py:115} INFO - [2023-03-07 08:54:54,689] {dagbag.py:507} INFO - Filling up the DagBag from /home/veri-pc/.local/lib/python3.10/site-packages/airflow/example_dags/example_dag_decorator.py
[2023-03-07 08:54:54,716] {processor.py:651} INFO - DAG(s) dict_keys(['example_dag_decorator']) retrieved from /home/veri-pc/.local/lib/python3.10/site-packages/airflow/example_dags/example_dag_decorator.py
[2023-03-07 08:54:54,747] {logging_mixin.py:115} INFO - [2023-03-07 08:54:54,747] {dag.py:2379} INFO - Sync 1 DAGs
[2023-03-07 08:54:54,761] {logging_mixin.py:115} INFO - [2023-03-07 08:54:54,761] {dag.py:2927} INFO - Setting next_dagrun for example_dag_decorator to None, run_after=None
[2023-03-07 08:54:54,768] {processor.py:161} INFO - Processing /home/veri-pc/.local/lib/python3.10/site-packages/airflow/example_dags/example_dag_decorator.py took 0.085 seconds
[2023-03-07 08:55:28,837] {processor.py:153} INFO - Started process (PID=10936) to work on /home/veri-pc/.local/lib/python3.10/site-packages/airflow/example_dags/example_dag_decorator.py
[2023-03-07 08:55:28,839] {processor.py:641} INFO - Processing file /home/veri-pc/.local/lib/python3.10/site-packages/airflow/example_dags/example_dag_decorator.py for tasks to queue
[2023-03-07 08:55:28,840] {logging_mixin.py:115} INFO - [2023-03-07 08:55:28,839] {dagbag.py:507} INFO - Filling up the DagBag from /home/veri-pc/.local/lib/python3.10/site-packages/airflow/example_dags/example_dag_decorator.py
[2023-03-07 08:55:28,859] {processor.py:651} INFO - DAG(s) dict_keys(['example_dag_decorator']) retrieved from /home/veri-pc/.local/lib/python3.10/site-packages/airflow/example_dags/example_dag_decorator.py
[2023-03-07 08:55:28,867] {logging_mixin.py:115} INFO - [2023-03-07 08:55:28,867] {dag.py:2379} INFO - Sync 1 DAGs
[2023-03-07 08:55:28,878] {logging_mixin.py:115} INFO - [2023-03-07 08:55:28,877] {dag.py:2927} INFO - Setting next_dagrun for example_dag_decorator to None, run_after=None
[2023-03-07 08:55:28,885] {processor.py:161} INFO - Processing /home/veri-pc/.local/lib/python3.10/site-packages/airflow/example_dags/example_dag_decorator.py took 0.055 seconds
[2023-03-07 08:56:00,194] {processor.py:153} INFO - Started process (PID=10999) to work on /home/veri-pc/.local/lib/python3.10/site-packages/airflow/example_dags/example_dag_decorator.py
[2023-03-07 08:56:00,195] {processor.py:641} INFO - Processing file /home/veri-pc/.local/lib/python3.10/site-packages/airflow/example_dags/example_dag_decorator.py for tasks to queue
[2023-03-07 08:56:00,195] {logging_mixin.py:115} INFO - [2023-03-07 08:56:00,195] {dagbag.py:507} INFO - Filling up the DagBag from /home/veri-pc/.local/lib/python3.10/site-packages/airflow/example_dags/example_dag_decorator.py
[2023-03-07 08:56:00,210] {processor.py:651} INFO - DAG(s) dict_keys(['example_dag_decorator']) retrieved from /home/veri-pc/.local/lib/python3.10/site-packages/airflow/example_dags/example_dag_decorator.py
[2023-03-07 08:56:00,219] {logging_mixin.py:115} INFO - [2023-03-07 08:56:00,219] {dag.py:2379} INFO - Sync 1 DAGs
[2023-03-07 08:56:00,230] {logging_mixin.py:115} INFO - [2023-03-07 08:56:00,230] {dag.py:2927} INFO - Setting next_dagrun for example_dag_decorator to None, run_after=None
[2023-03-07 08:56:00,239] {processor.py:161} INFO - Processing /home/veri-pc/.local/lib/python3.10/site-packages/airflow/example_dags/example_dag_decorator.py took 0.047 seconds
[2023-03-07 09:01:43,640] {processor.py:153} INFO - Started process (PID=11560) to work on /home/veri-pc/.local/lib/python3.10/site-packages/airflow/example_dags/example_dag_decorator.py
[2023-03-07 09:01:43,641] {processor.py:641} INFO - Processing file /home/veri-pc/.local/lib/python3.10/site-packages/airflow/example_dags/example_dag_decorator.py for tasks to queue
[2023-03-07 09:01:43,641] {logging_mixin.py:115} INFO - [2023-03-07 09:01:43,641] {dagbag.py:507} INFO - Filling up the DagBag from /home/veri-pc/.local/lib/python3.10/site-packages/airflow/example_dags/example_dag_decorator.py
[2023-03-07 09:01:43,657] {processor.py:651} INFO - DAG(s) dict_keys(['example_dag_decorator']) retrieved from /home/veri-pc/.local/lib/python3.10/site-packages/airflow/example_dags/example_dag_decorator.py
[2023-03-07 09:01:43,687] {logging_mixin.py:115} INFO - [2023-03-07 09:01:43,687] {dag.py:2379} INFO - Sync 1 DAGs
[2023-03-07 09:01:43,699] {logging_mixin.py:115} INFO - [2023-03-07 09:01:43,699] {dag.py:2927} INFO - Setting next_dagrun for example_dag_decorator to None, run_after=None
[2023-03-07 09:01:43,710] {processor.py:161} INFO - Processing /home/veri-pc/.local/lib/python3.10/site-packages/airflow/example_dags/example_dag_decorator.py took 0.072 seconds
[2023-03-07 09:02:15,478] {processor.py:153} INFO - Started process (PID=11925) to work on /home/veri-pc/.local/lib/python3.10/site-packages/airflow/example_dags/example_dag_decorator.py
[2023-03-07 09:02:15,478] {processor.py:641} INFO - Processing file /home/veri-pc/.local/lib/python3.10/site-packages/airflow/example_dags/example_dag_decorator.py for tasks to queue
[2023-03-07 09:02:15,479] {logging_mixin.py:115} INFO - [2023-03-07 09:02:15,479] {dagbag.py:507} INFO - Filling up the DagBag from /home/veri-pc/.local/lib/python3.10/site-packages/airflow/example_dags/example_dag_decorator.py
[2023-03-07 09:02:15,497] {processor.py:651} INFO - DAG(s) dict_keys(['example_dag_decorator']) retrieved from /home/veri-pc/.local/lib/python3.10/site-packages/airflow/example_dags/example_dag_decorator.py
[2023-03-07 09:02:15,529] {logging_mixin.py:115} INFO - [2023-03-07 09:02:15,529] {dag.py:2379} INFO - Sync 1 DAGs
[2023-03-07 09:02:15,543] {logging_mixin.py:115} INFO - [2023-03-07 09:02:15,543] {dag.py:2927} INFO - Setting next_dagrun for example_dag_decorator to None, run_after=None
[2023-03-07 09:02:15,555] {processor.py:161} INFO - Processing /home/veri-pc/.local/lib/python3.10/site-packages/airflow/example_dags/example_dag_decorator.py took 0.078 seconds
[2023-03-07 09:02:48,558] {processor.py:153} INFO - Started process (PID=12008) to work on /home/veri-pc/.local/lib/python3.10/site-packages/airflow/example_dags/example_dag_decorator.py
[2023-03-07 09:02:48,559] {processor.py:641} INFO - Processing file /home/veri-pc/.local/lib/python3.10/site-packages/airflow/example_dags/example_dag_decorator.py for tasks to queue
[2023-03-07 09:02:48,559] {logging_mixin.py:115} INFO - [2023-03-07 09:02:48,559] {dagbag.py:507} INFO - Filling up the DagBag from /home/veri-pc/.local/lib/python3.10/site-packages/airflow/example_dags/example_dag_decorator.py
[2023-03-07 09:02:48,580] {processor.py:651} INFO - DAG(s) dict_keys(['example_dag_decorator']) retrieved from /home/veri-pc/.local/lib/python3.10/site-packages/airflow/example_dags/example_dag_decorator.py
[2023-03-07 09:02:48,592] {logging_mixin.py:115} INFO - [2023-03-07 09:02:48,592] {dag.py:2379} INFO - Sync 1 DAGs
[2023-03-07 09:02:48,605] {logging_mixin.py:115} INFO - [2023-03-07 09:02:48,605] {dag.py:2927} INFO - Setting next_dagrun for example_dag_decorator to None, run_after=None
[2023-03-07 09:02:48,613] {processor.py:161} INFO - Processing /home/veri-pc/.local/lib/python3.10/site-packages/airflow/example_dags/example_dag_decorator.py took 0.057 seconds
[2023-03-07 09:03:19,381] {processor.py:153} INFO - Started process (PID=12153) to work on /home/veri-pc/.local/lib/python3.10/site-packages/airflow/example_dags/example_dag_decorator.py
[2023-03-07 09:03:19,384] {processor.py:641} INFO - Processing file /home/veri-pc/.local/lib/python3.10/site-packages/airflow/example_dags/example_dag_decorator.py for tasks to queue
[2023-03-07 09:03:19,384] {logging_mixin.py:115} INFO - [2023-03-07 09:03:19,384] {dagbag.py:507} INFO - Filling up the DagBag from /home/veri-pc/.local/lib/python3.10/site-packages/airflow/example_dags/example_dag_decorator.py
[2023-03-07 09:03:19,426] {processor.py:651} INFO - DAG(s) dict_keys(['example_dag_decorator']) retrieved from /home/veri-pc/.local/lib/python3.10/site-packages/airflow/example_dags/example_dag_decorator.py
[2023-03-07 09:03:19,445] {logging_mixin.py:115} INFO - [2023-03-07 09:03:19,445] {dag.py:2379} INFO - Sync 1 DAGs
[2023-03-07 09:03:19,463] {logging_mixin.py:115} INFO - [2023-03-07 09:03:19,463] {dag.py:2927} INFO - Setting next_dagrun for example_dag_decorator to None, run_after=None
[2023-03-07 09:03:19,482] {processor.py:161} INFO - Processing /home/veri-pc/.local/lib/python3.10/site-packages/airflow/example_dags/example_dag_decorator.py took 0.106 seconds
[2023-03-07 09:03:50,786] {processor.py:153} INFO - Started process (PID=12245) to work on /home/veri-pc/.local/lib/python3.10/site-packages/airflow/example_dags/example_dag_decorator.py
[2023-03-07 09:03:50,786] {processor.py:641} INFO - Processing file /home/veri-pc/.local/lib/python3.10/site-packages/airflow/example_dags/example_dag_decorator.py for tasks to queue
[2023-03-07 09:03:50,786] {logging_mixin.py:115} INFO - [2023-03-07 09:03:50,786] {dagbag.py:507} INFO - Filling up the DagBag from /home/veri-pc/.local/lib/python3.10/site-packages/airflow/example_dags/example_dag_decorator.py
[2023-03-07 09:03:50,800] {processor.py:651} INFO - DAG(s) dict_keys(['example_dag_decorator']) retrieved from /home/veri-pc/.local/lib/python3.10/site-packages/airflow/example_dags/example_dag_decorator.py
[2023-03-07 09:03:50,809] {logging_mixin.py:115} INFO - [2023-03-07 09:03:50,809] {dag.py:2379} INFO - Sync 1 DAGs
[2023-03-07 09:03:50,819] {logging_mixin.py:115} INFO - [2023-03-07 09:03:50,819] {dag.py:2927} INFO - Setting next_dagrun for example_dag_decorator to None, run_after=None
[2023-03-07 09:03:50,827] {processor.py:161} INFO - Processing /home/veri-pc/.local/lib/python3.10/site-packages/airflow/example_dags/example_dag_decorator.py took 0.043 seconds
[2023-03-07 09:04:21,514] {processor.py:153} INFO - Started process (PID=12321) to work on /home/veri-pc/.local/lib/python3.10/site-packages/airflow/example_dags/example_dag_decorator.py
[2023-03-07 09:04:21,515] {processor.py:641} INFO - Processing file /home/veri-pc/.local/lib/python3.10/site-packages/airflow/example_dags/example_dag_decorator.py for tasks to queue
[2023-03-07 09:04:21,516] {logging_mixin.py:115} INFO - [2023-03-07 09:04:21,516] {dagbag.py:507} INFO - Filling up the DagBag from /home/veri-pc/.local/lib/python3.10/site-packages/airflow/example_dags/example_dag_decorator.py
[2023-03-07 09:04:21,539] {processor.py:651} INFO - DAG(s) dict_keys(['example_dag_decorator']) retrieved from /home/veri-pc/.local/lib/python3.10/site-packages/airflow/example_dags/example_dag_decorator.py
[2023-03-07 09:04:21,552] {logging_mixin.py:115} INFO - [2023-03-07 09:04:21,551] {dag.py:2379} INFO - Sync 1 DAGs
[2023-03-07 09:04:21,571] {logging_mixin.py:115} INFO - [2023-03-07 09:04:21,571] {dag.py:2927} INFO - Setting next_dagrun for example_dag_decorator to None, run_after=None
[2023-03-07 09:04:21,581] {processor.py:161} INFO - Processing /home/veri-pc/.local/lib/python3.10/site-packages/airflow/example_dags/example_dag_decorator.py took 0.071 seconds
[2023-03-07 09:04:53,432] {processor.py:153} INFO - Started process (PID=12404) to work on /home/veri-pc/.local/lib/python3.10/site-packages/airflow/example_dags/example_dag_decorator.py
[2023-03-07 09:04:53,434] {processor.py:641} INFO - Processing file /home/veri-pc/.local/lib/python3.10/site-packages/airflow/example_dags/example_dag_decorator.py for tasks to queue
[2023-03-07 09:04:53,435] {logging_mixin.py:115} INFO - [2023-03-07 09:04:53,435] {dagbag.py:507} INFO - Filling up the DagBag from /home/veri-pc/.local/lib/python3.10/site-packages/airflow/example_dags/example_dag_decorator.py
[2023-03-07 09:04:53,467] {processor.py:651} INFO - DAG(s) dict_keys(['example_dag_decorator']) retrieved from /home/veri-pc/.local/lib/python3.10/site-packages/airflow/example_dags/example_dag_decorator.py
[2023-03-07 09:04:53,477] {logging_mixin.py:115} INFO - [2023-03-07 09:04:53,477] {dag.py:2379} INFO - Sync 1 DAGs
[2023-03-07 09:04:53,487] {logging_mixin.py:115} INFO - [2023-03-07 09:04:53,487] {dag.py:2927} INFO - Setting next_dagrun for example_dag_decorator to None, run_after=None
[2023-03-07 09:04:53,496] {processor.py:161} INFO - Processing /home/veri-pc/.local/lib/python3.10/site-packages/airflow/example_dags/example_dag_decorator.py took 0.070 seconds
[2023-03-07 09:05:25,414] {processor.py:153} INFO - Started process (PID=12470) to work on /home/veri-pc/.local/lib/python3.10/site-packages/airflow/example_dags/example_dag_decorator.py
[2023-03-07 09:05:25,415] {processor.py:641} INFO - Processing file /home/veri-pc/.local/lib/python3.10/site-packages/airflow/example_dags/example_dag_decorator.py for tasks to queue
[2023-03-07 09:05:25,415] {logging_mixin.py:115} INFO - [2023-03-07 09:05:25,415] {dagbag.py:507} INFO - Filling up the DagBag from /home/veri-pc/.local/lib/python3.10/site-packages/airflow/example_dags/example_dag_decorator.py
[2023-03-07 09:05:25,429] {processor.py:651} INFO - DAG(s) dict_keys(['example_dag_decorator']) retrieved from /home/veri-pc/.local/lib/python3.10/site-packages/airflow/example_dags/example_dag_decorator.py
[2023-03-07 09:05:25,437] {logging_mixin.py:115} INFO - [2023-03-07 09:05:25,437] {dag.py:2379} INFO - Sync 1 DAGs
[2023-03-07 09:05:25,446] {logging_mixin.py:115} INFO - [2023-03-07 09:05:25,446] {dag.py:2927} INFO - Setting next_dagrun for example_dag_decorator to None, run_after=None
[2023-03-07 09:05:25,454] {processor.py:161} INFO - Processing /home/veri-pc/.local/lib/python3.10/site-packages/airflow/example_dags/example_dag_decorator.py took 0.041 seconds
[2023-03-07 09:05:58,104] {processor.py:153} INFO - Started process (PID=12546) to work on /home/veri-pc/.local/lib/python3.10/site-packages/airflow/example_dags/example_dag_decorator.py
[2023-03-07 09:05:58,106] {processor.py:641} INFO - Processing file /home/veri-pc/.local/lib/python3.10/site-packages/airflow/example_dags/example_dag_decorator.py for tasks to queue
[2023-03-07 09:05:58,108] {logging_mixin.py:115} INFO - [2023-03-07 09:05:58,107] {dagbag.py:507} INFO - Filling up the DagBag from /home/veri-pc/.local/lib/python3.10/site-packages/airflow/example_dags/example_dag_decorator.py
[2023-03-07 09:05:58,138] {processor.py:651} INFO - DAG(s) dict_keys(['example_dag_decorator']) retrieved from /home/veri-pc/.local/lib/python3.10/site-packages/airflow/example_dags/example_dag_decorator.py
[2023-03-07 09:05:58,165] {logging_mixin.py:115} INFO - [2023-03-07 09:05:58,165] {dag.py:2379} INFO - Sync 1 DAGs
[2023-03-07 09:05:58,174] {logging_mixin.py:115} INFO - [2023-03-07 09:05:58,174] {dag.py:2927} INFO - Setting next_dagrun for example_dag_decorator to None, run_after=None
[2023-03-07 09:05:58,183] {processor.py:161} INFO - Processing /home/veri-pc/.local/lib/python3.10/site-packages/airflow/example_dags/example_dag_decorator.py took 0.085 seconds
[2023-03-07 09:06:31,191] {processor.py:153} INFO - Started process (PID=12610) to work on /home/veri-pc/.local/lib/python3.10/site-packages/airflow/example_dags/example_dag_decorator.py
[2023-03-07 09:06:31,192] {processor.py:641} INFO - Processing file /home/veri-pc/.local/lib/python3.10/site-packages/airflow/example_dags/example_dag_decorator.py for tasks to queue
[2023-03-07 09:06:31,194] {logging_mixin.py:115} INFO - [2023-03-07 09:06:31,194] {dagbag.py:507} INFO - Filling up the DagBag from /home/veri-pc/.local/lib/python3.10/site-packages/airflow/example_dags/example_dag_decorator.py
[2023-03-07 09:06:31,227] {processor.py:651} INFO - DAG(s) dict_keys(['example_dag_decorator']) retrieved from /home/veri-pc/.local/lib/python3.10/site-packages/airflow/example_dags/example_dag_decorator.py
[2023-03-07 09:06:31,238] {logging_mixin.py:115} INFO - [2023-03-07 09:06:31,238] {dag.py:2379} INFO - Sync 1 DAGs
[2023-03-07 09:06:31,248] {logging_mixin.py:115} INFO - [2023-03-07 09:06:31,248] {dag.py:2927} INFO - Setting next_dagrun for example_dag_decorator to None, run_after=None
[2023-03-07 09:06:31,255] {processor.py:161} INFO - Processing /home/veri-pc/.local/lib/python3.10/site-packages/airflow/example_dags/example_dag_decorator.py took 0.071 seconds
[2023-03-07 09:07:02,871] {processor.py:153} INFO - Started process (PID=12684) to work on /home/veri-pc/.local/lib/python3.10/site-packages/airflow/example_dags/example_dag_decorator.py
[2023-03-07 09:07:02,873] {processor.py:641} INFO - Processing file /home/veri-pc/.local/lib/python3.10/site-packages/airflow/example_dags/example_dag_decorator.py for tasks to queue
[2023-03-07 09:07:02,874] {logging_mixin.py:115} INFO - [2023-03-07 09:07:02,874] {dagbag.py:507} INFO - Filling up the DagBag from /home/veri-pc/.local/lib/python3.10/site-packages/airflow/example_dags/example_dag_decorator.py
[2023-03-07 09:07:02,908] {processor.py:651} INFO - DAG(s) dict_keys(['example_dag_decorator']) retrieved from /home/veri-pc/.local/lib/python3.10/site-packages/airflow/example_dags/example_dag_decorator.py
[2023-03-07 09:07:02,934] {logging_mixin.py:115} INFO - [2023-03-07 09:07:02,934] {dag.py:2379} INFO - Sync 1 DAGs
[2023-03-07 09:07:02,943] {logging_mixin.py:115} INFO - [2023-03-07 09:07:02,943] {dag.py:2927} INFO - Setting next_dagrun for example_dag_decorator to None, run_after=None
[2023-03-07 09:07:02,952] {processor.py:161} INFO - Processing /home/veri-pc/.local/lib/python3.10/site-packages/airflow/example_dags/example_dag_decorator.py took 0.088 seconds
[2023-03-07 09:07:33,695] {processor.py:153} INFO - Started process (PID=12749) to work on /home/veri-pc/.local/lib/python3.10/site-packages/airflow/example_dags/example_dag_decorator.py
[2023-03-07 09:07:33,697] {processor.py:641} INFO - Processing file /home/veri-pc/.local/lib/python3.10/site-packages/airflow/example_dags/example_dag_decorator.py for tasks to queue
[2023-03-07 09:07:33,698] {logging_mixin.py:115} INFO - [2023-03-07 09:07:33,698] {dagbag.py:507} INFO - Filling up the DagBag from /home/veri-pc/.local/lib/python3.10/site-packages/airflow/example_dags/example_dag_decorator.py
[2023-03-07 09:07:33,729] {processor.py:651} INFO - DAG(s) dict_keys(['example_dag_decorator']) retrieved from /home/veri-pc/.local/lib/python3.10/site-packages/airflow/example_dags/example_dag_decorator.py
[2023-03-07 09:07:33,739] {logging_mixin.py:115} INFO - [2023-03-07 09:07:33,739] {dag.py:2379} INFO - Sync 1 DAGs
[2023-03-07 09:07:33,748] {logging_mixin.py:115} INFO - [2023-03-07 09:07:33,748] {dag.py:2927} INFO - Setting next_dagrun for example_dag_decorator to None, run_after=None
[2023-03-07 09:07:33,755] {processor.py:161} INFO - Processing /home/veri-pc/.local/lib/python3.10/site-packages/airflow/example_dags/example_dag_decorator.py took 0.066 seconds
[2023-03-07 09:08:04,507] {processor.py:153} INFO - Started process (PID=12870) to work on /home/veri-pc/.local/lib/python3.10/site-packages/airflow/example_dags/example_dag_decorator.py
[2023-03-07 09:08:04,508] {processor.py:641} INFO - Processing file /home/veri-pc/.local/lib/python3.10/site-packages/airflow/example_dags/example_dag_decorator.py for tasks to queue
[2023-03-07 09:08:04,509] {logging_mixin.py:115} INFO - [2023-03-07 09:08:04,509] {dagbag.py:507} INFO - Filling up the DagBag from /home/veri-pc/.local/lib/python3.10/site-packages/airflow/example_dags/example_dag_decorator.py
[2023-03-07 09:08:04,543] {processor.py:651} INFO - DAG(s) dict_keys(['example_dag_decorator']) retrieved from /home/veri-pc/.local/lib/python3.10/site-packages/airflow/example_dags/example_dag_decorator.py
[2023-03-07 09:08:04,554] {logging_mixin.py:115} INFO - [2023-03-07 09:08:04,553] {dag.py:2379} INFO - Sync 1 DAGs
[2023-03-07 09:08:04,563] {logging_mixin.py:115} INFO - [2023-03-07 09:08:04,563] {dag.py:2927} INFO - Setting next_dagrun for example_dag_decorator to None, run_after=None
[2023-03-07 09:08:04,571] {processor.py:161} INFO - Processing /home/veri-pc/.local/lib/python3.10/site-packages/airflow/example_dags/example_dag_decorator.py took 0.070 seconds
[2023-03-07 09:08:37,615] {processor.py:153} INFO - Started process (PID=12944) to work on /home/veri-pc/.local/lib/python3.10/site-packages/airflow/example_dags/example_dag_decorator.py
[2023-03-07 09:08:37,617] {processor.py:641} INFO - Processing file /home/veri-pc/.local/lib/python3.10/site-packages/airflow/example_dags/example_dag_decorator.py for tasks to queue
[2023-03-07 09:08:37,619] {logging_mixin.py:115} INFO - [2023-03-07 09:08:37,619] {dagbag.py:507} INFO - Filling up the DagBag from /home/veri-pc/.local/lib/python3.10/site-packages/airflow/example_dags/example_dag_decorator.py
[2023-03-07 09:08:37,653] {processor.py:651} INFO - DAG(s) dict_keys(['example_dag_decorator']) retrieved from /home/veri-pc/.local/lib/python3.10/site-packages/airflow/example_dags/example_dag_decorator.py
[2023-03-07 09:08:37,663] {logging_mixin.py:115} INFO - [2023-03-07 09:08:37,663] {dag.py:2379} INFO - Sync 1 DAGs
[2023-03-07 09:08:37,672] {logging_mixin.py:115} INFO - [2023-03-07 09:08:37,672] {dag.py:2927} INFO - Setting next_dagrun for example_dag_decorator to None, run_after=None
[2023-03-07 09:08:37,680] {processor.py:161} INFO - Processing /home/veri-pc/.local/lib/python3.10/site-packages/airflow/example_dags/example_dag_decorator.py took 0.073 seconds
[2023-03-07 09:09:08,217] {processor.py:153} INFO - Started process (PID=13019) to work on /home/veri-pc/.local/lib/python3.10/site-packages/airflow/example_dags/example_dag_decorator.py
[2023-03-07 09:09:08,219] {processor.py:641} INFO - Processing file /home/veri-pc/.local/lib/python3.10/site-packages/airflow/example_dags/example_dag_decorator.py for tasks to queue
[2023-03-07 09:09:08,220] {logging_mixin.py:115} INFO - [2023-03-07 09:09:08,219] {dagbag.py:507} INFO - Filling up the DagBag from /home/veri-pc/.local/lib/python3.10/site-packages/airflow/example_dags/example_dag_decorator.py
[2023-03-07 09:09:08,256] {processor.py:651} INFO - DAG(s) dict_keys(['example_dag_decorator']) retrieved from /home/veri-pc/.local/lib/python3.10/site-packages/airflow/example_dags/example_dag_decorator.py
[2023-03-07 09:09:08,266] {logging_mixin.py:115} INFO - [2023-03-07 09:09:08,266] {dag.py:2379} INFO - Sync 1 DAGs
[2023-03-07 09:09:08,275] {logging_mixin.py:115} INFO - [2023-03-07 09:09:08,275] {dag.py:2927} INFO - Setting next_dagrun for example_dag_decorator to None, run_after=None
[2023-03-07 09:09:08,283] {processor.py:161} INFO - Processing /home/veri-pc/.local/lib/python3.10/site-packages/airflow/example_dags/example_dag_decorator.py took 0.072 seconds
[2023-03-07 09:09:46,892] {processor.py:153} INFO - Started process (PID=13182) to work on /home/veri-pc/.local/lib/python3.10/site-packages/airflow/example_dags/example_dag_decorator.py
[2023-03-07 09:09:46,893] {processor.py:641} INFO - Processing file /home/veri-pc/.local/lib/python3.10/site-packages/airflow/example_dags/example_dag_decorator.py for tasks to queue
[2023-03-07 09:09:46,894] {logging_mixin.py:115} INFO - [2023-03-07 09:09:46,894] {dagbag.py:507} INFO - Filling up the DagBag from /home/veri-pc/.local/lib/python3.10/site-packages/airflow/example_dags/example_dag_decorator.py
[2023-03-07 09:09:46,919] {processor.py:651} INFO - DAG(s) dict_keys(['example_dag_decorator']) retrieved from /home/veri-pc/.local/lib/python3.10/site-packages/airflow/example_dags/example_dag_decorator.py
[2023-03-07 09:09:46,965] {logging_mixin.py:115} INFO - [2023-03-07 09:09:46,965] {dag.py:2379} INFO - Sync 1 DAGs
[2023-03-07 09:09:46,985] {logging_mixin.py:115} INFO - [2023-03-07 09:09:46,984] {dag.py:2927} INFO - Setting next_dagrun for example_dag_decorator to None, run_after=None
[2023-03-07 09:09:47,000] {processor.py:161} INFO - Processing /home/veri-pc/.local/lib/python3.10/site-packages/airflow/example_dags/example_dag_decorator.py took 0.110 seconds
