[2023-03-07 12:08:08,944] {processor.py:153} INFO - Started process (PID=40672) to work on /home/veri-pc/.local/lib/python3.10/site-packages/airflow/example_dags/example_xcomargs.py
[2023-03-07 12:08:08,944] {processor.py:641} INFO - Processing file /home/veri-pc/.local/lib/python3.10/site-packages/airflow/example_dags/example_xcomargs.py for tasks to queue
[2023-03-07 12:08:08,945] {logging_mixin.py:115} INFO - [2023-03-07 12:08:08,945] {dagbag.py:507} INFO - Filling up the DagBag from /home/veri-pc/.local/lib/python3.10/site-packages/airflow/example_dags/example_xcomargs.py
[2023-03-07 12:08:08,960] {processor.py:651} INFO - DAG(s) dict_keys(['example_xcom_args', 'example_xcom_args_with_operators']) retrieved from /home/veri-pc/.local/lib/python3.10/site-packages/airflow/example_dags/example_xcomargs.py
[2023-03-07 12:08:08,997] {logging_mixin.py:115} INFO - [2023-03-07 12:08:08,997] {manager.py:508} INFO - Created Permission View: can read on DAG:example_xcom_args
[2023-03-07 12:08:09,003] {logging_mixin.py:115} INFO - [2023-03-07 12:08:09,003] {manager.py:508} INFO - Created Permission View: can edit on DAG:example_xcom_args
[2023-03-07 12:08:09,009] {logging_mixin.py:115} INFO - [2023-03-07 12:08:09,009] {manager.py:508} INFO - Created Permission View: can delete on DAG:example_xcom_args
[2023-03-07 12:08:09,020] {logging_mixin.py:115} INFO - [2023-03-07 12:08:09,020] {manager.py:508} INFO - Created Permission View: can read on DAG:example_xcom_args_with_operators
[2023-03-07 12:08:09,024] {logging_mixin.py:115} INFO - [2023-03-07 12:08:09,024] {manager.py:508} INFO - Created Permission View: can edit on DAG:example_xcom_args_with_operators
[2023-03-07 12:08:09,028] {logging_mixin.py:115} INFO - [2023-03-07 12:08:09,028] {manager.py:508} INFO - Created Permission View: can delete on DAG:example_xcom_args_with_operators
[2023-03-07 12:08:09,029] {logging_mixin.py:115} INFO - [2023-03-07 12:08:09,029] {dag.py:2379} INFO - Sync 2 DAGs
[2023-03-07 12:08:09,035] {logging_mixin.py:115} INFO - [2023-03-07 12:08:09,035] {dag.py:2398} INFO - Creating ORM DAG for example_xcom_args_with_operators
[2023-03-07 12:08:09,035] {logging_mixin.py:115} INFO - [2023-03-07 12:08:09,035] {dag.py:2398} INFO - Creating ORM DAG for example_xcom_args
[2023-03-07 12:08:09,043] {logging_mixin.py:115} INFO - [2023-03-07 12:08:09,043] {dag.py:2927} INFO - Setting next_dagrun for example_xcom_args to None, run_after=None
[2023-03-07 12:08:09,043] {logging_mixin.py:115} INFO - [2023-03-07 12:08:09,043] {dag.py:2927} INFO - Setting next_dagrun for example_xcom_args_with_operators to None, run_after=None
[2023-03-07 12:08:09,053] {processor.py:161} INFO - Processing /home/veri-pc/.local/lib/python3.10/site-packages/airflow/example_dags/example_xcomargs.py took 0.111 seconds
[2023-03-07 12:08:45,381] {processor.py:153} INFO - Started process (PID=40784) to work on /home/veri-pc/.local/lib/python3.10/site-packages/airflow/example_dags/example_xcomargs.py
[2023-03-07 12:08:45,381] {processor.py:641} INFO - Processing file /home/veri-pc/.local/lib/python3.10/site-packages/airflow/example_dags/example_xcomargs.py for tasks to queue
[2023-03-07 12:08:45,381] {logging_mixin.py:115} INFO - [2023-03-07 12:08:45,381] {dagbag.py:507} INFO - Filling up the DagBag from /home/veri-pc/.local/lib/python3.10/site-packages/airflow/example_dags/example_xcomargs.py
[2023-03-07 12:08:45,398] {processor.py:651} INFO - DAG(s) dict_keys(['example_xcom_args', 'example_xcom_args_with_operators']) retrieved from /home/veri-pc/.local/lib/python3.10/site-packages/airflow/example_dags/example_xcomargs.py
[2023-03-07 12:08:45,429] {logging_mixin.py:115} INFO - [2023-03-07 12:08:45,429] {dag.py:2379} INFO - Sync 2 DAGs
[2023-03-07 12:08:45,440] {logging_mixin.py:115} INFO - [2023-03-07 12:08:45,440] {dag.py:2927} INFO - Setting next_dagrun for example_xcom_args to None, run_after=None
[2023-03-07 12:08:45,440] {logging_mixin.py:115} INFO - [2023-03-07 12:08:45,440] {dag.py:2927} INFO - Setting next_dagrun for example_xcom_args_with_operators to None, run_after=None
[2023-03-07 12:08:45,448] {processor.py:161} INFO - Processing /home/veri-pc/.local/lib/python3.10/site-packages/airflow/example_dags/example_xcomargs.py took 0.068 seconds
[2023-03-07 12:09:18,480] {processor.py:153} INFO - Started process (PID=40868) to work on /home/veri-pc/.local/lib/python3.10/site-packages/airflow/example_dags/example_xcomargs.py
[2023-03-07 12:09:18,482] {processor.py:641} INFO - Processing file /home/veri-pc/.local/lib/python3.10/site-packages/airflow/example_dags/example_xcomargs.py for tasks to queue
[2023-03-07 12:09:18,483] {logging_mixin.py:115} INFO - [2023-03-07 12:09:18,483] {dagbag.py:507} INFO - Filling up the DagBag from /home/veri-pc/.local/lib/python3.10/site-packages/airflow/example_dags/example_xcomargs.py
[2023-03-07 12:09:18,516] {processor.py:651} INFO - DAG(s) dict_keys(['example_xcom_args', 'example_xcom_args_with_operators']) retrieved from /home/veri-pc/.local/lib/python3.10/site-packages/airflow/example_dags/example_xcomargs.py
[2023-03-07 12:09:18,527] {logging_mixin.py:115} INFO - [2023-03-07 12:09:18,527] {dag.py:2379} INFO - Sync 2 DAGs
[2023-03-07 12:09:18,537] {logging_mixin.py:115} INFO - [2023-03-07 12:09:18,537] {dag.py:2927} INFO - Setting next_dagrun for example_xcom_args to None, run_after=None
[2023-03-07 12:09:18,537] {logging_mixin.py:115} INFO - [2023-03-07 12:09:18,537] {dag.py:2927} INFO - Setting next_dagrun for example_xcom_args_with_operators to None, run_after=None
[2023-03-07 12:09:18,545] {processor.py:161} INFO - Processing /home/veri-pc/.local/lib/python3.10/site-packages/airflow/example_dags/example_xcomargs.py took 0.071 seconds
[2023-03-07 12:09:52,180] {processor.py:153} INFO - Started process (PID=40958) to work on /home/veri-pc/.local/lib/python3.10/site-packages/airflow/example_dags/example_xcomargs.py
[2023-03-07 12:09:52,182] {processor.py:641} INFO - Processing file /home/veri-pc/.local/lib/python3.10/site-packages/airflow/example_dags/example_xcomargs.py for tasks to queue
[2023-03-07 12:09:52,183] {logging_mixin.py:115} INFO - [2023-03-07 12:09:52,182] {dagbag.py:507} INFO - Filling up the DagBag from /home/veri-pc/.local/lib/python3.10/site-packages/airflow/example_dags/example_xcomargs.py
[2023-03-07 12:09:52,202] {processor.py:651} INFO - DAG(s) dict_keys(['example_xcom_args', 'example_xcom_args_with_operators']) retrieved from /home/veri-pc/.local/lib/python3.10/site-packages/airflow/example_dags/example_xcomargs.py
[2023-03-07 12:09:52,212] {logging_mixin.py:115} INFO - [2023-03-07 12:09:52,212] {dag.py:2379} INFO - Sync 2 DAGs
[2023-03-07 12:09:52,221] {logging_mixin.py:115} INFO - [2023-03-07 12:09:52,221] {dag.py:2927} INFO - Setting next_dagrun for example_xcom_args to None, run_after=None
[2023-03-07 12:09:52,221] {logging_mixin.py:115} INFO - [2023-03-07 12:09:52,221] {dag.py:2927} INFO - Setting next_dagrun for example_xcom_args_with_operators to None, run_after=None
[2023-03-07 12:09:52,229] {processor.py:161} INFO - Processing /home/veri-pc/.local/lib/python3.10/site-packages/airflow/example_dags/example_xcomargs.py took 0.053 seconds
[2023-03-07 12:10:26,463] {processor.py:153} INFO - Started process (PID=41039) to work on /home/veri-pc/.local/lib/python3.10/site-packages/airflow/example_dags/example_xcomargs.py
[2023-03-07 12:10:26,464] {processor.py:641} INFO - Processing file /home/veri-pc/.local/lib/python3.10/site-packages/airflow/example_dags/example_xcomargs.py for tasks to queue
[2023-03-07 12:10:26,465] {logging_mixin.py:115} INFO - [2023-03-07 12:10:26,465] {dagbag.py:507} INFO - Filling up the DagBag from /home/veri-pc/.local/lib/python3.10/site-packages/airflow/example_dags/example_xcomargs.py
[2023-03-07 12:10:26,499] {processor.py:651} INFO - DAG(s) dict_keys(['example_xcom_args', 'example_xcom_args_with_operators']) retrieved from /home/veri-pc/.local/lib/python3.10/site-packages/airflow/example_dags/example_xcomargs.py
[2023-03-07 12:10:26,528] {logging_mixin.py:115} INFO - [2023-03-07 12:10:26,528] {dag.py:2379} INFO - Sync 2 DAGs
[2023-03-07 12:10:26,536] {logging_mixin.py:115} INFO - [2023-03-07 12:10:26,536] {dag.py:2927} INFO - Setting next_dagrun for example_xcom_args to None, run_after=None
[2023-03-07 12:10:26,536] {logging_mixin.py:115} INFO - [2023-03-07 12:10:26,536] {dag.py:2927} INFO - Setting next_dagrun for example_xcom_args_with_operators to None, run_after=None
[2023-03-07 12:10:26,545] {processor.py:161} INFO - Processing /home/veri-pc/.local/lib/python3.10/site-packages/airflow/example_dags/example_xcomargs.py took 0.089 seconds
[2023-03-07 12:11:00,122] {processor.py:153} INFO - Started process (PID=41124) to work on /home/veri-pc/.local/lib/python3.10/site-packages/airflow/example_dags/example_xcomargs.py
[2023-03-07 12:11:00,123] {processor.py:641} INFO - Processing file /home/veri-pc/.local/lib/python3.10/site-packages/airflow/example_dags/example_xcomargs.py for tasks to queue
[2023-03-07 12:11:00,124] {logging_mixin.py:115} INFO - [2023-03-07 12:11:00,124] {dagbag.py:507} INFO - Filling up the DagBag from /home/veri-pc/.local/lib/python3.10/site-packages/airflow/example_dags/example_xcomargs.py
[2023-03-07 12:11:00,146] {processor.py:651} INFO - DAG(s) dict_keys(['example_xcom_args', 'example_xcom_args_with_operators']) retrieved from /home/veri-pc/.local/lib/python3.10/site-packages/airflow/example_dags/example_xcomargs.py
[2023-03-07 12:11:00,174] {logging_mixin.py:115} INFO - [2023-03-07 12:11:00,174] {dag.py:2379} INFO - Sync 2 DAGs
[2023-03-07 12:11:00,183] {logging_mixin.py:115} INFO - [2023-03-07 12:11:00,183] {dag.py:2927} INFO - Setting next_dagrun for example_xcom_args to None, run_after=None
[2023-03-07 12:11:00,184] {logging_mixin.py:115} INFO - [2023-03-07 12:11:00,184] {dag.py:2927} INFO - Setting next_dagrun for example_xcom_args_with_operators to None, run_after=None
[2023-03-07 12:11:00,194] {processor.py:161} INFO - Processing /home/veri-pc/.local/lib/python3.10/site-packages/airflow/example_dags/example_xcomargs.py took 0.078 seconds
[2023-03-07 12:11:47,146] {processor.py:153} INFO - Started process (PID=41350) to work on /home/veri-pc/.local/lib/python3.10/site-packages/airflow/example_dags/example_xcomargs.py
[2023-03-07 12:11:47,146] {processor.py:641} INFO - Processing file /home/veri-pc/.local/lib/python3.10/site-packages/airflow/example_dags/example_xcomargs.py for tasks to queue
[2023-03-07 12:11:47,147] {logging_mixin.py:115} INFO - [2023-03-07 12:11:47,147] {dagbag.py:507} INFO - Filling up the DagBag from /home/veri-pc/.local/lib/python3.10/site-packages/airflow/example_dags/example_xcomargs.py
[2023-03-07 12:11:47,169] {processor.py:651} INFO - DAG(s) dict_keys(['example_xcom_args', 'example_xcom_args_with_operators']) retrieved from /home/veri-pc/.local/lib/python3.10/site-packages/airflow/example_dags/example_xcomargs.py
[2023-03-07 12:11:47,209] {logging_mixin.py:115} INFO - [2023-03-07 12:11:47,209] {dag.py:2379} INFO - Sync 2 DAGs
[2023-03-07 12:11:47,226] {logging_mixin.py:115} INFO - [2023-03-07 12:11:47,226] {dag.py:2927} INFO - Setting next_dagrun for example_xcom_args to None, run_after=None
[2023-03-07 12:11:47,226] {logging_mixin.py:115} INFO - [2023-03-07 12:11:47,226] {dag.py:2927} INFO - Setting next_dagrun for example_xcom_args_with_operators to None, run_after=None
[2023-03-07 12:11:47,238] {processor.py:161} INFO - Processing /home/veri-pc/.local/lib/python3.10/site-packages/airflow/example_dags/example_xcomargs.py took 0.094 seconds
[2023-03-07 12:12:18,301] {processor.py:153} INFO - Started process (PID=41439) to work on /home/veri-pc/.local/lib/python3.10/site-packages/airflow/example_dags/example_xcomargs.py
[2023-03-07 12:12:18,302] {processor.py:641} INFO - Processing file /home/veri-pc/.local/lib/python3.10/site-packages/airflow/example_dags/example_xcomargs.py for tasks to queue
[2023-03-07 12:12:18,304] {logging_mixin.py:115} INFO - [2023-03-07 12:12:18,303] {dagbag.py:507} INFO - Filling up the DagBag from /home/veri-pc/.local/lib/python3.10/site-packages/airflow/example_dags/example_xcomargs.py
[2023-03-07 12:12:18,338] {processor.py:651} INFO - DAG(s) dict_keys(['example_xcom_args', 'example_xcom_args_with_operators']) retrieved from /home/veri-pc/.local/lib/python3.10/site-packages/airflow/example_dags/example_xcomargs.py
[2023-03-07 12:12:18,368] {logging_mixin.py:115} INFO - [2023-03-07 12:12:18,368] {dag.py:2379} INFO - Sync 2 DAGs
[2023-03-07 12:12:18,378] {logging_mixin.py:115} INFO - [2023-03-07 12:12:18,378] {dag.py:2927} INFO - Setting next_dagrun for example_xcom_args to None, run_after=None
[2023-03-07 12:12:18,378] {logging_mixin.py:115} INFO - [2023-03-07 12:12:18,378] {dag.py:2927} INFO - Setting next_dagrun for example_xcom_args_with_operators to None, run_after=None
[2023-03-07 12:12:18,387] {processor.py:161} INFO - Processing /home/veri-pc/.local/lib/python3.10/site-packages/airflow/example_dags/example_xcomargs.py took 0.091 seconds
[2023-03-07 12:12:56,620] {processor.py:153} INFO - Started process (PID=41543) to work on /home/veri-pc/.local/lib/python3.10/site-packages/airflow/example_dags/example_xcomargs.py
[2023-03-07 12:12:56,621] {processor.py:641} INFO - Processing file /home/veri-pc/.local/lib/python3.10/site-packages/airflow/example_dags/example_xcomargs.py for tasks to queue
[2023-03-07 12:12:56,622] {logging_mixin.py:115} INFO - [2023-03-07 12:12:56,621] {dagbag.py:507} INFO - Filling up the DagBag from /home/veri-pc/.local/lib/python3.10/site-packages/airflow/example_dags/example_xcomargs.py
[2023-03-07 12:12:56,641] {processor.py:651} INFO - DAG(s) dict_keys(['example_xcom_args', 'example_xcom_args_with_operators']) retrieved from /home/veri-pc/.local/lib/python3.10/site-packages/airflow/example_dags/example_xcomargs.py
[2023-03-07 12:12:56,653] {logging_mixin.py:115} INFO - [2023-03-07 12:12:56,653] {dag.py:2379} INFO - Sync 2 DAGs
[2023-03-07 12:12:56,667] {logging_mixin.py:115} INFO - [2023-03-07 12:12:56,667] {dag.py:2927} INFO - Setting next_dagrun for example_xcom_args to None, run_after=None
[2023-03-07 12:12:56,667] {logging_mixin.py:115} INFO - [2023-03-07 12:12:56,667] {dag.py:2927} INFO - Setting next_dagrun for example_xcom_args_with_operators to None, run_after=None
[2023-03-07 12:12:56,836] {processor.py:161} INFO - Processing /home/veri-pc/.local/lib/python3.10/site-packages/airflow/example_dags/example_xcomargs.py took 0.220 seconds
