[2023-03-07 12:08:19,429] {processor.py:153} INFO - Started process (PID=40707) to work on /home/veri-pc/.local/lib/python3.10/site-packages/airflow/example_dags/example_trigger_controller_dag.py
[2023-03-07 12:08:19,429] {processor.py:641} INFO - Processing file /home/veri-pc/.local/lib/python3.10/site-packages/airflow/example_dags/example_trigger_controller_dag.py for tasks to queue
[2023-03-07 12:08:19,430] {logging_mixin.py:115} INFO - [2023-03-07 12:08:19,429] {dagbag.py:507} INFO - Filling up the DagBag from /home/veri-pc/.local/lib/python3.10/site-packages/airflow/example_dags/example_trigger_controller_dag.py
[2023-03-07 12:08:19,438] {processor.py:651} INFO - DAG(s) dict_keys(['example_trigger_controller_dag']) retrieved from /home/veri-pc/.local/lib/python3.10/site-packages/airflow/example_dags/example_trigger_controller_dag.py
[2023-03-07 12:08:19,491] {logging_mixin.py:115} INFO - [2023-03-07 12:08:19,491] {manager.py:508} INFO - Created Permission View: can read on DAG:example_trigger_controller_dag
[2023-03-07 12:08:19,498] {logging_mixin.py:115} INFO - [2023-03-07 12:08:19,498] {manager.py:508} INFO - Created Permission View: can edit on DAG:example_trigger_controller_dag
[2023-03-07 12:08:19,505] {logging_mixin.py:115} INFO - [2023-03-07 12:08:19,505] {manager.py:508} INFO - Created Permission View: can delete on DAG:example_trigger_controller_dag
[2023-03-07 12:08:19,505] {logging_mixin.py:115} INFO - [2023-03-07 12:08:19,505] {dag.py:2379} INFO - Sync 1 DAGs
[2023-03-07 12:08:19,511] {logging_mixin.py:115} INFO - [2023-03-07 12:08:19,511] {dag.py:2398} INFO - Creating ORM DAG for example_trigger_controller_dag
[2023-03-07 12:08:19,517] {logging_mixin.py:115} INFO - [2023-03-07 12:08:19,516] {dag.py:2927} INFO - Setting next_dagrun for example_trigger_controller_dag to 2021-01-01T00:00:00+00:00, run_after=2021-01-01T00:00:00+00:00
[2023-03-07 12:08:19,531] {processor.py:161} INFO - Processing /home/veri-pc/.local/lib/python3.10/site-packages/airflow/example_dags/example_trigger_controller_dag.py took 0.106 seconds
[2023-03-07 12:08:55,651] {processor.py:153} INFO - Started process (PID=40811) to work on /home/veri-pc/.local/lib/python3.10/site-packages/airflow/example_dags/example_trigger_controller_dag.py
[2023-03-07 12:08:55,652] {processor.py:641} INFO - Processing file /home/veri-pc/.local/lib/python3.10/site-packages/airflow/example_dags/example_trigger_controller_dag.py for tasks to queue
[2023-03-07 12:08:55,652] {logging_mixin.py:115} INFO - [2023-03-07 12:08:55,652] {dagbag.py:507} INFO - Filling up the DagBag from /home/veri-pc/.local/lib/python3.10/site-packages/airflow/example_dags/example_trigger_controller_dag.py
[2023-03-07 12:08:55,658] {processor.py:651} INFO - DAG(s) dict_keys(['example_trigger_controller_dag']) retrieved from /home/veri-pc/.local/lib/python3.10/site-packages/airflow/example_dags/example_trigger_controller_dag.py
[2023-03-07 12:08:55,669] {logging_mixin.py:115} INFO - [2023-03-07 12:08:55,669] {dag.py:2379} INFO - Sync 1 DAGs
[2023-03-07 12:08:55,680] {logging_mixin.py:115} INFO - [2023-03-07 12:08:55,680] {dag.py:2927} INFO - Setting next_dagrun for example_trigger_controller_dag to 2021-01-01T00:00:00+00:00, run_after=2021-01-01T00:00:00+00:00
[2023-03-07 12:08:55,690] {processor.py:161} INFO - Processing /home/veri-pc/.local/lib/python3.10/site-packages/airflow/example_dags/example_trigger_controller_dag.py took 0.042 seconds
[2023-03-07 12:09:27,625] {processor.py:153} INFO - Started process (PID=40898) to work on /home/veri-pc/.local/lib/python3.10/site-packages/airflow/example_dags/example_trigger_controller_dag.py
[2023-03-07 12:09:27,627] {processor.py:641} INFO - Processing file /home/veri-pc/.local/lib/python3.10/site-packages/airflow/example_dags/example_trigger_controller_dag.py for tasks to queue
[2023-03-07 12:09:27,628] {logging_mixin.py:115} INFO - [2023-03-07 12:09:27,628] {dagbag.py:507} INFO - Filling up the DagBag from /home/veri-pc/.local/lib/python3.10/site-packages/airflow/example_dags/example_trigger_controller_dag.py
[2023-03-07 12:09:27,642] {processor.py:651} INFO - DAG(s) dict_keys(['example_trigger_controller_dag']) retrieved from /home/veri-pc/.local/lib/python3.10/site-packages/airflow/example_dags/example_trigger_controller_dag.py
[2023-03-07 12:09:27,661] {logging_mixin.py:115} INFO - [2023-03-07 12:09:27,661] {dag.py:2379} INFO - Sync 1 DAGs
[2023-03-07 12:09:27,674] {logging_mixin.py:115} INFO - [2023-03-07 12:09:27,674] {dag.py:2927} INFO - Setting next_dagrun for example_trigger_controller_dag to 2021-01-01T00:00:00+00:00, run_after=2021-01-01T00:00:00+00:00
[2023-03-07 12:09:27,682] {processor.py:161} INFO - Processing /home/veri-pc/.local/lib/python3.10/site-packages/airflow/example_dags/example_trigger_controller_dag.py took 0.064 seconds
[2023-03-07 12:10:01,480] {processor.py:153} INFO - Started process (PID=40980) to work on /home/veri-pc/.local/lib/python3.10/site-packages/airflow/example_dags/example_trigger_controller_dag.py
[2023-03-07 12:10:01,481] {processor.py:641} INFO - Processing file /home/veri-pc/.local/lib/python3.10/site-packages/airflow/example_dags/example_trigger_controller_dag.py for tasks to queue
[2023-03-07 12:10:01,481] {logging_mixin.py:115} INFO - [2023-03-07 12:10:01,481] {dagbag.py:507} INFO - Filling up the DagBag from /home/veri-pc/.local/lib/python3.10/site-packages/airflow/example_dags/example_trigger_controller_dag.py
[2023-03-07 12:10:01,487] {processor.py:651} INFO - DAG(s) dict_keys(['example_trigger_controller_dag']) retrieved from /home/veri-pc/.local/lib/python3.10/site-packages/airflow/example_dags/example_trigger_controller_dag.py
[2023-03-07 12:10:01,501] {logging_mixin.py:115} INFO - [2023-03-07 12:10:01,501] {dag.py:2379} INFO - Sync 1 DAGs
[2023-03-07 12:10:01,516] {logging_mixin.py:115} INFO - [2023-03-07 12:10:01,516] {dag.py:2927} INFO - Setting next_dagrun for example_trigger_controller_dag to 2021-01-01T00:00:00+00:00, run_after=2021-01-01T00:00:00+00:00
[2023-03-07 12:10:01,526] {processor.py:161} INFO - Processing /home/veri-pc/.local/lib/python3.10/site-packages/airflow/example_dags/example_trigger_controller_dag.py took 0.048 seconds
[2023-03-07 12:10:35,604] {processor.py:153} INFO - Started process (PID=41067) to work on /home/veri-pc/.local/lib/python3.10/site-packages/airflow/example_dags/example_trigger_controller_dag.py
[2023-03-07 12:10:35,606] {processor.py:641} INFO - Processing file /home/veri-pc/.local/lib/python3.10/site-packages/airflow/example_dags/example_trigger_controller_dag.py for tasks to queue
[2023-03-07 12:10:35,607] {logging_mixin.py:115} INFO - [2023-03-07 12:10:35,607] {dagbag.py:507} INFO - Filling up the DagBag from /home/veri-pc/.local/lib/python3.10/site-packages/airflow/example_dags/example_trigger_controller_dag.py
[2023-03-07 12:10:35,619] {processor.py:651} INFO - DAG(s) dict_keys(['example_trigger_controller_dag']) retrieved from /home/veri-pc/.local/lib/python3.10/site-packages/airflow/example_dags/example_trigger_controller_dag.py
[2023-03-07 12:10:35,635] {logging_mixin.py:115} INFO - [2023-03-07 12:10:35,635] {dag.py:2379} INFO - Sync 1 DAGs
[2023-03-07 12:10:35,648] {logging_mixin.py:115} INFO - [2023-03-07 12:10:35,647] {dag.py:2927} INFO - Setting next_dagrun for example_trigger_controller_dag to 2021-01-01T00:00:00+00:00, run_after=2021-01-01T00:00:00+00:00
[2023-03-07 12:10:35,656] {processor.py:161} INFO - Processing /home/veri-pc/.local/lib/python3.10/site-packages/airflow/example_dags/example_trigger_controller_dag.py took 0.058 seconds
[2023-03-07 12:11:09,251] {processor.py:153} INFO - Started process (PID=41146) to work on /home/veri-pc/.local/lib/python3.10/site-packages/airflow/example_dags/example_trigger_controller_dag.py
[2023-03-07 12:11:09,252] {processor.py:641} INFO - Processing file /home/veri-pc/.local/lib/python3.10/site-packages/airflow/example_dags/example_trigger_controller_dag.py for tasks to queue
[2023-03-07 12:11:09,253] {logging_mixin.py:115} INFO - [2023-03-07 12:11:09,253] {dagbag.py:507} INFO - Filling up the DagBag from /home/veri-pc/.local/lib/python3.10/site-packages/airflow/example_dags/example_trigger_controller_dag.py
[2023-03-07 12:11:09,263] {processor.py:651} INFO - DAG(s) dict_keys(['example_trigger_controller_dag']) retrieved from /home/veri-pc/.local/lib/python3.10/site-packages/airflow/example_dags/example_trigger_controller_dag.py
[2023-03-07 12:11:09,278] {logging_mixin.py:115} INFO - [2023-03-07 12:11:09,278] {dag.py:2379} INFO - Sync 1 DAGs
[2023-03-07 12:11:09,290] {logging_mixin.py:115} INFO - [2023-03-07 12:11:09,290] {dag.py:2927} INFO - Setting next_dagrun for example_trigger_controller_dag to 2021-01-01T00:00:00+00:00, run_after=2021-01-01T00:00:00+00:00
[2023-03-07 12:11:09,299] {processor.py:161} INFO - Processing /home/veri-pc/.local/lib/python3.10/site-packages/airflow/example_dags/example_trigger_controller_dag.py took 0.056 seconds
[2023-03-07 12:11:56,143] {processor.py:153} INFO - Started process (PID=41380) to work on /home/veri-pc/.local/lib/python3.10/site-packages/airflow/example_dags/example_trigger_controller_dag.py
[2023-03-07 12:11:56,144] {processor.py:641} INFO - Processing file /home/veri-pc/.local/lib/python3.10/site-packages/airflow/example_dags/example_trigger_controller_dag.py for tasks to queue
[2023-03-07 12:11:56,145] {logging_mixin.py:115} INFO - [2023-03-07 12:11:56,145] {dagbag.py:507} INFO - Filling up the DagBag from /home/veri-pc/.local/lib/python3.10/site-packages/airflow/example_dags/example_trigger_controller_dag.py
[2023-03-07 12:11:56,152] {processor.py:651} INFO - DAG(s) dict_keys(['example_trigger_controller_dag']) retrieved from /home/veri-pc/.local/lib/python3.10/site-packages/airflow/example_dags/example_trigger_controller_dag.py
[2023-03-07 12:11:56,176] {logging_mixin.py:115} INFO - [2023-03-07 12:11:56,175] {dag.py:2379} INFO - Sync 1 DAGs
[2023-03-07 12:11:56,190] {logging_mixin.py:115} INFO - [2023-03-07 12:11:56,190] {dag.py:2927} INFO - Setting next_dagrun for example_trigger_controller_dag to 2021-01-01T00:00:00+00:00, run_after=2021-01-01T00:00:00+00:00
[2023-03-07 12:11:56,198] {processor.py:161} INFO - Processing /home/veri-pc/.local/lib/python3.10/site-packages/airflow/example_dags/example_trigger_controller_dag.py took 0.061 seconds
[2023-03-07 12:12:28,678] {processor.py:153} INFO - Started process (PID=41459) to work on /home/veri-pc/.local/lib/python3.10/site-packages/airflow/example_dags/example_trigger_controller_dag.py
[2023-03-07 12:12:28,689] {processor.py:641} INFO - Processing file /home/veri-pc/.local/lib/python3.10/site-packages/airflow/example_dags/example_trigger_controller_dag.py for tasks to queue
[2023-03-07 12:12:28,689] {logging_mixin.py:115} INFO - [2023-03-07 12:12:28,689] {dagbag.py:507} INFO - Filling up the DagBag from /home/veri-pc/.local/lib/python3.10/site-packages/airflow/example_dags/example_trigger_controller_dag.py
[2023-03-07 12:12:28,691] {processor.py:651} INFO - DAG(s) dict_keys(['example_trigger_controller_dag']) retrieved from /home/veri-pc/.local/lib/python3.10/site-packages/airflow/example_dags/example_trigger_controller_dag.py
[2023-03-07 12:12:28,761] {logging_mixin.py:115} INFO - [2023-03-07 12:12:28,761] {dag.py:2379} INFO - Sync 1 DAGs
[2023-03-07 12:12:28,786] {logging_mixin.py:115} INFO - [2023-03-07 12:12:28,786] {dag.py:2927} INFO - Setting next_dagrun for example_trigger_controller_dag to 2021-01-01T00:00:00+00:00, run_after=2021-01-01T00:00:00+00:00
[2023-03-07 12:12:28,937] {processor.py:161} INFO - Processing /home/veri-pc/.local/lib/python3.10/site-packages/airflow/example_dags/example_trigger_controller_dag.py took 0.261 seconds
[2023-03-07 12:13:09,394] {processor.py:153} INFO - Started process (PID=41577) to work on /home/veri-pc/.local/lib/python3.10/site-packages/airflow/example_dags/example_trigger_controller_dag.py
[2023-03-07 12:13:09,395] {processor.py:641} INFO - Processing file /home/veri-pc/.local/lib/python3.10/site-packages/airflow/example_dags/example_trigger_controller_dag.py for tasks to queue
[2023-03-07 12:13:09,395] {logging_mixin.py:115} INFO - [2023-03-07 12:13:09,395] {dagbag.py:507} INFO - Filling up the DagBag from /home/veri-pc/.local/lib/python3.10/site-packages/airflow/example_dags/example_trigger_controller_dag.py
[2023-03-07 12:13:09,397] {processor.py:651} INFO - DAG(s) dict_keys(['example_trigger_controller_dag']) retrieved from /home/veri-pc/.local/lib/python3.10/site-packages/airflow/example_dags/example_trigger_controller_dag.py
[2023-03-07 12:13:09,406] {logging_mixin.py:115} INFO - [2023-03-07 12:13:09,406] {dag.py:2379} INFO - Sync 1 DAGs
[2023-03-07 12:13:09,416] {logging_mixin.py:115} INFO - [2023-03-07 12:13:09,416] {dag.py:2927} INFO - Setting next_dagrun for example_trigger_controller_dag to 2021-01-01T00:00:00+00:00, run_after=2021-01-01T00:00:00+00:00
[2023-03-07 12:13:09,425] {processor.py:161} INFO - Processing /home/veri-pc/.local/lib/python3.10/site-packages/airflow/example_dags/example_trigger_controller_dag.py took 0.031 seconds
