[2023-03-07 12:08:08,707] {processor.py:153} INFO - Started process (PID=40663) to work on /home/veri-pc/.local/lib/python3.10/site-packages/airflow/example_dags/example_short_circuit_operator.py
[2023-03-07 12:08:08,708] {processor.py:641} INFO - Processing file /home/veri-pc/.local/lib/python3.10/site-packages/airflow/example_dags/example_short_circuit_operator.py for tasks to queue
[2023-03-07 12:08:08,709] {logging_mixin.py:115} INFO - [2023-03-07 12:08:08,709] {dagbag.py:507} INFO - Filling up the DagBag from /home/veri-pc/.local/lib/python3.10/site-packages/airflow/example_dags/example_short_circuit_operator.py
[2023-03-07 12:08:08,728] {processor.py:651} INFO - DAG(s) dict_keys(['example_short_circuit_operator']) retrieved from /home/veri-pc/.local/lib/python3.10/site-packages/airflow/example_dags/example_short_circuit_operator.py
[2023-03-07 12:08:08,772] {logging_mixin.py:115} INFO - [2023-03-07 12:08:08,772] {manager.py:508} INFO - Created Permission View: can read on DAG:example_short_circuit_operator
[2023-03-07 12:08:08,779] {logging_mixin.py:115} INFO - [2023-03-07 12:08:08,779] {manager.py:508} INFO - Created Permission View: can edit on DAG:example_short_circuit_operator
[2023-03-07 12:08:08,786] {logging_mixin.py:115} INFO - [2023-03-07 12:08:08,786] {manager.py:508} INFO - Created Permission View: can delete on DAG:example_short_circuit_operator
[2023-03-07 12:08:08,786] {logging_mixin.py:115} INFO - [2023-03-07 12:08:08,786] {dag.py:2379} INFO - Sync 1 DAGs
[2023-03-07 12:08:08,792] {logging_mixin.py:115} INFO - [2023-03-07 12:08:08,792] {dag.py:2398} INFO - Creating ORM DAG for example_short_circuit_operator
[2023-03-07 12:08:08,799] {logging_mixin.py:115} INFO - [2023-03-07 12:08:08,798] {dag.py:2927} INFO - Setting next_dagrun for example_short_circuit_operator to 2023-03-06T15:08:08.798838+00:00, run_after=2023-03-07T15:08:08.798838+00:00
[2023-03-07 12:08:08,810] {processor.py:161} INFO - Processing /home/veri-pc/.local/lib/python3.10/site-packages/airflow/example_dags/example_short_circuit_operator.py took 0.107 seconds
[2023-03-07 12:08:44,260] {processor.py:153} INFO - Started process (PID=40783) to work on /home/veri-pc/.local/lib/python3.10/site-packages/airflow/example_dags/example_short_circuit_operator.py
[2023-03-07 12:08:44,261] {processor.py:641} INFO - Processing file /home/veri-pc/.local/lib/python3.10/site-packages/airflow/example_dags/example_short_circuit_operator.py for tasks to queue
[2023-03-07 12:08:44,262] {logging_mixin.py:115} INFO - [2023-03-07 12:08:44,261] {dagbag.py:507} INFO - Filling up the DagBag from /home/veri-pc/.local/lib/python3.10/site-packages/airflow/example_dags/example_short_circuit_operator.py
[2023-03-07 12:08:44,282] {processor.py:651} INFO - DAG(s) dict_keys(['example_short_circuit_operator']) retrieved from /home/veri-pc/.local/lib/python3.10/site-packages/airflow/example_dags/example_short_circuit_operator.py
[2023-03-07 12:08:44,299] {logging_mixin.py:115} INFO - [2023-03-07 12:08:44,298] {dag.py:2379} INFO - Sync 1 DAGs
[2023-03-07 12:08:44,312] {logging_mixin.py:115} INFO - [2023-03-07 12:08:44,312] {dag.py:2927} INFO - Setting next_dagrun for example_short_circuit_operator to 2023-03-06T15:08:44.312755+00:00, run_after=2023-03-07T15:08:44.312755+00:00
[2023-03-07 12:08:44,323] {processor.py:161} INFO - Processing /home/veri-pc/.local/lib/python3.10/site-packages/airflow/example_dags/example_short_circuit_operator.py took 0.068 seconds
[2023-03-07 12:09:17,351] {processor.py:153} INFO - Started process (PID=40867) to work on /home/veri-pc/.local/lib/python3.10/site-packages/airflow/example_dags/example_short_circuit_operator.py
[2023-03-07 12:09:17,353] {processor.py:641} INFO - Processing file /home/veri-pc/.local/lib/python3.10/site-packages/airflow/example_dags/example_short_circuit_operator.py for tasks to queue
[2023-03-07 12:09:17,354] {logging_mixin.py:115} INFO - [2023-03-07 12:09:17,354] {dagbag.py:507} INFO - Filling up the DagBag from /home/veri-pc/.local/lib/python3.10/site-packages/airflow/example_dags/example_short_circuit_operator.py
[2023-03-07 12:09:17,375] {processor.py:651} INFO - DAG(s) dict_keys(['example_short_circuit_operator']) retrieved from /home/veri-pc/.local/lib/python3.10/site-packages/airflow/example_dags/example_short_circuit_operator.py
[2023-03-07 12:09:17,389] {logging_mixin.py:115} INFO - [2023-03-07 12:09:17,389] {dag.py:2379} INFO - Sync 1 DAGs
[2023-03-07 12:09:17,400] {logging_mixin.py:115} INFO - [2023-03-07 12:09:17,400] {dag.py:2927} INFO - Setting next_dagrun for example_short_circuit_operator to 2023-03-06T15:09:17.400330+00:00, run_after=2023-03-07T15:09:17.400330+00:00
[2023-03-07 12:09:17,408] {processor.py:161} INFO - Processing /home/veri-pc/.local/lib/python3.10/site-packages/airflow/example_dags/example_short_circuit_operator.py took 0.064 seconds
[2023-03-07 12:09:51,356] {processor.py:153} INFO - Started process (PID=40957) to work on /home/veri-pc/.local/lib/python3.10/site-packages/airflow/example_dags/example_short_circuit_operator.py
[2023-03-07 12:09:51,357] {processor.py:641} INFO - Processing file /home/veri-pc/.local/lib/python3.10/site-packages/airflow/example_dags/example_short_circuit_operator.py for tasks to queue
[2023-03-07 12:09:51,358] {logging_mixin.py:115} INFO - [2023-03-07 12:09:51,358] {dagbag.py:507} INFO - Filling up the DagBag from /home/veri-pc/.local/lib/python3.10/site-packages/airflow/example_dags/example_short_circuit_operator.py
[2023-03-07 12:09:51,380] {processor.py:651} INFO - DAG(s) dict_keys(['example_short_circuit_operator']) retrieved from /home/veri-pc/.local/lib/python3.10/site-packages/airflow/example_dags/example_short_circuit_operator.py
[2023-03-07 12:09:51,394] {logging_mixin.py:115} INFO - [2023-03-07 12:09:51,394] {dag.py:2379} INFO - Sync 1 DAGs
[2023-03-07 12:09:51,406] {logging_mixin.py:115} INFO - [2023-03-07 12:09:51,406] {dag.py:2927} INFO - Setting next_dagrun for example_short_circuit_operator to 2023-03-06T15:09:51.406065+00:00, run_after=2023-03-07T15:09:51.406065+00:00
[2023-03-07 12:09:51,413] {processor.py:161} INFO - Processing /home/veri-pc/.local/lib/python3.10/site-packages/airflow/example_dags/example_short_circuit_operator.py took 0.064 seconds
[2023-03-07 12:10:25,333] {processor.py:153} INFO - Started process (PID=41038) to work on /home/veri-pc/.local/lib/python3.10/site-packages/airflow/example_dags/example_short_circuit_operator.py
[2023-03-07 12:10:25,335] {processor.py:641} INFO - Processing file /home/veri-pc/.local/lib/python3.10/site-packages/airflow/example_dags/example_short_circuit_operator.py for tasks to queue
[2023-03-07 12:10:25,336] {logging_mixin.py:115} INFO - [2023-03-07 12:10:25,336] {dagbag.py:507} INFO - Filling up the DagBag from /home/veri-pc/.local/lib/python3.10/site-packages/airflow/example_dags/example_short_circuit_operator.py
[2023-03-07 12:10:25,354] {processor.py:651} INFO - DAG(s) dict_keys(['example_short_circuit_operator']) retrieved from /home/veri-pc/.local/lib/python3.10/site-packages/airflow/example_dags/example_short_circuit_operator.py
[2023-03-07 12:10:25,368] {logging_mixin.py:115} INFO - [2023-03-07 12:10:25,368] {dag.py:2379} INFO - Sync 1 DAGs
[2023-03-07 12:10:25,379] {logging_mixin.py:115} INFO - [2023-03-07 12:10:25,379] {dag.py:2927} INFO - Setting next_dagrun for example_short_circuit_operator to 2023-03-06T15:10:25.379077+00:00, run_after=2023-03-07T15:10:25.379077+00:00
[2023-03-07 12:10:25,387] {processor.py:161} INFO - Processing /home/veri-pc/.local/lib/python3.10/site-packages/airflow/example_dags/example_short_circuit_operator.py took 0.060 seconds
[2023-03-07 12:10:58,978] {processor.py:153} INFO - Started process (PID=41122) to work on /home/veri-pc/.local/lib/python3.10/site-packages/airflow/example_dags/example_short_circuit_operator.py
[2023-03-07 12:10:58,980] {processor.py:641} INFO - Processing file /home/veri-pc/.local/lib/python3.10/site-packages/airflow/example_dags/example_short_circuit_operator.py for tasks to queue
[2023-03-07 12:10:58,982] {logging_mixin.py:115} INFO - [2023-03-07 12:10:58,981] {dagbag.py:507} INFO - Filling up the DagBag from /home/veri-pc/.local/lib/python3.10/site-packages/airflow/example_dags/example_short_circuit_operator.py
[2023-03-07 12:10:59,004] {processor.py:651} INFO - DAG(s) dict_keys(['example_short_circuit_operator']) retrieved from /home/veri-pc/.local/lib/python3.10/site-packages/airflow/example_dags/example_short_circuit_operator.py
[2023-03-07 12:10:59,015] {logging_mixin.py:115} INFO - [2023-03-07 12:10:59,015] {dag.py:2379} INFO - Sync 1 DAGs
[2023-03-07 12:10:59,025] {logging_mixin.py:115} INFO - [2023-03-07 12:10:59,025] {dag.py:2927} INFO - Setting next_dagrun for example_short_circuit_operator to 2023-03-06T15:10:59.025788+00:00, run_after=2023-03-07T15:10:59.025788+00:00
[2023-03-07 12:10:59,033] {processor.py:161} INFO - Processing /home/veri-pc/.local/lib/python3.10/site-packages/airflow/example_dags/example_short_circuit_operator.py took 0.062 seconds
[2023-03-07 12:11:46,001] {processor.py:153} INFO - Started process (PID=41347) to work on /home/veri-pc/.local/lib/python3.10/site-packages/airflow/example_dags/example_short_circuit_operator.py
[2023-03-07 12:11:46,002] {processor.py:641} INFO - Processing file /home/veri-pc/.local/lib/python3.10/site-packages/airflow/example_dags/example_short_circuit_operator.py for tasks to queue
[2023-03-07 12:11:46,002] {logging_mixin.py:115} INFO - [2023-03-07 12:11:46,002] {dagbag.py:507} INFO - Filling up the DagBag from /home/veri-pc/.local/lib/python3.10/site-packages/airflow/example_dags/example_short_circuit_operator.py
[2023-03-07 12:11:46,009] {processor.py:651} INFO - DAG(s) dict_keys(['example_short_circuit_operator']) retrieved from /home/veri-pc/.local/lib/python3.10/site-packages/airflow/example_dags/example_short_circuit_operator.py
[2023-03-07 12:11:46,034] {logging_mixin.py:115} INFO - [2023-03-07 12:11:46,034] {dag.py:2379} INFO - Sync 1 DAGs
[2023-03-07 12:11:46,065] {logging_mixin.py:115} INFO - [2023-03-07 12:11:46,064] {dag.py:2927} INFO - Setting next_dagrun for example_short_circuit_operator to 2023-03-06T15:11:46.064828+00:00, run_after=2023-03-07T15:11:46.064828+00:00
[2023-03-07 12:11:46,086] {processor.py:161} INFO - Processing /home/veri-pc/.local/lib/python3.10/site-packages/airflow/example_dags/example_short_circuit_operator.py took 0.088 seconds
[2023-03-07 12:12:18,036] {processor.py:153} INFO - Started process (PID=41437) to work on /home/veri-pc/.local/lib/python3.10/site-packages/airflow/example_dags/example_short_circuit_operator.py
[2023-03-07 12:12:18,038] {processor.py:641} INFO - Processing file /home/veri-pc/.local/lib/python3.10/site-packages/airflow/example_dags/example_short_circuit_operator.py for tasks to queue
[2023-03-07 12:12:18,040] {logging_mixin.py:115} INFO - [2023-03-07 12:12:18,039] {dagbag.py:507} INFO - Filling up the DagBag from /home/veri-pc/.local/lib/python3.10/site-packages/airflow/example_dags/example_short_circuit_operator.py
[2023-03-07 12:12:18,058] {processor.py:651} INFO - DAG(s) dict_keys(['example_short_circuit_operator']) retrieved from /home/veri-pc/.local/lib/python3.10/site-packages/airflow/example_dags/example_short_circuit_operator.py
[2023-03-07 12:12:18,074] {logging_mixin.py:115} INFO - [2023-03-07 12:12:18,074] {dag.py:2379} INFO - Sync 1 DAGs
[2023-03-07 12:12:18,086] {logging_mixin.py:115} INFO - [2023-03-07 12:12:18,086] {dag.py:2927} INFO - Setting next_dagrun for example_short_circuit_operator to 2023-03-06T15:12:18.086407+00:00, run_after=2023-03-07T15:12:18.086407+00:00
[2023-03-07 12:12:18,094] {processor.py:161} INFO - Processing /home/veri-pc/.local/lib/python3.10/site-packages/airflow/example_dags/example_short_circuit_operator.py took 0.064 seconds
[2023-03-07 12:12:54,887] {processor.py:153} INFO - Started process (PID=41540) to work on /home/veri-pc/.local/lib/python3.10/site-packages/airflow/example_dags/example_short_circuit_operator.py
[2023-03-07 12:12:54,890] {processor.py:641} INFO - Processing file /home/veri-pc/.local/lib/python3.10/site-packages/airflow/example_dags/example_short_circuit_operator.py for tasks to queue
[2023-03-07 12:12:54,890] {logging_mixin.py:115} INFO - [2023-03-07 12:12:54,890] {dagbag.py:507} INFO - Filling up the DagBag from /home/veri-pc/.local/lib/python3.10/site-packages/airflow/example_dags/example_short_circuit_operator.py
[2023-03-07 12:12:54,896] {processor.py:651} INFO - DAG(s) dict_keys(['example_short_circuit_operator']) retrieved from /home/veri-pc/.local/lib/python3.10/site-packages/airflow/example_dags/example_short_circuit_operator.py
[2023-03-07 12:12:55,334] {logging_mixin.py:115} INFO - [2023-03-07 12:12:55,334] {dag.py:2379} INFO - Sync 1 DAGs
[2023-03-07 12:12:55,345] {logging_mixin.py:115} INFO - [2023-03-07 12:12:55,345] {dag.py:2927} INFO - Setting next_dagrun for example_short_circuit_operator to 2023-03-06T15:12:55.345257+00:00, run_after=2023-03-07T15:12:55.345257+00:00
[2023-03-07 12:12:55,548] {processor.py:161} INFO - Processing /home/veri-pc/.local/lib/python3.10/site-packages/airflow/example_dags/example_short_circuit_operator.py took 0.663 seconds
