[2023-03-07 08:40:38,407] {processor.py:153} INFO - Started process (PID=7989) to work on /home/veri-pc/.local/lib/python3.10/site-packages/airflow/example_dags/example_nested_branch_dag.py
[2023-03-07 08:40:38,408] {processor.py:641} INFO - Processing file /home/veri-pc/.local/lib/python3.10/site-packages/airflow/example_dags/example_nested_branch_dag.py for tasks to queue
[2023-03-07 08:40:38,410] {logging_mixin.py:115} INFO - [2023-03-07 08:40:38,409] {dagbag.py:507} INFO - Filling up the DagBag from /home/veri-pc/.local/lib/python3.10/site-packages/airflow/example_dags/example_nested_branch_dag.py
[2023-03-07 08:40:38,431] {processor.py:651} INFO - DAG(s) dict_keys(['example_nested_branch_dag']) retrieved from /home/veri-pc/.local/lib/python3.10/site-packages/airflow/example_dags/example_nested_branch_dag.py
[2023-03-07 08:40:38,475] {logging_mixin.py:115} INFO - [2023-03-07 08:40:38,475] {manager.py:508} INFO - Created Permission View: can delete on DAG:example_nested_branch_dag
[2023-03-07 08:40:38,481] {logging_mixin.py:115} INFO - [2023-03-07 08:40:38,481] {manager.py:508} INFO - Created Permission View: can read on DAG:example_nested_branch_dag
[2023-03-07 08:40:38,487] {logging_mixin.py:115} INFO - [2023-03-07 08:40:38,487] {manager.py:508} INFO - Created Permission View: can edit on DAG:example_nested_branch_dag
[2023-03-07 08:40:38,487] {logging_mixin.py:115} INFO - [2023-03-07 08:40:38,487] {dag.py:2379} INFO - Sync 1 DAGs
[2023-03-07 08:40:38,491] {logging_mixin.py:115} INFO - [2023-03-07 08:40:38,491] {dag.py:2398} INFO - Creating ORM DAG for example_nested_branch_dag
[2023-03-07 08:40:38,497] {logging_mixin.py:115} INFO - [2023-03-07 08:40:38,497] {dag.py:2927} INFO - Setting next_dagrun for example_nested_branch_dag to 2023-03-06T00:00:00+00:00, run_after=2023-03-07T00:00:00+00:00
[2023-03-07 08:40:38,508] {processor.py:161} INFO - Processing /home/veri-pc/.local/lib/python3.10/site-packages/airflow/example_dags/example_nested_branch_dag.py took 0.109 seconds
[2023-03-07 08:41:13,142] {processor.py:153} INFO - Started process (PID=8210) to work on /home/veri-pc/.local/lib/python3.10/site-packages/airflow/example_dags/example_nested_branch_dag.py
[2023-03-07 08:41:13,143] {processor.py:641} INFO - Processing file /home/veri-pc/.local/lib/python3.10/site-packages/airflow/example_dags/example_nested_branch_dag.py for tasks to queue
[2023-03-07 08:41:13,145] {logging_mixin.py:115} INFO - [2023-03-07 08:41:13,144] {dagbag.py:507} INFO - Filling up the DagBag from /home/veri-pc/.local/lib/python3.10/site-packages/airflow/example_dags/example_nested_branch_dag.py
[2023-03-07 08:41:13,158] {processor.py:651} INFO - DAG(s) dict_keys(['example_nested_branch_dag']) retrieved from /home/veri-pc/.local/lib/python3.10/site-packages/airflow/example_dags/example_nested_branch_dag.py
[2023-03-07 08:41:13,170] {logging_mixin.py:115} INFO - [2023-03-07 08:41:13,170] {dag.py:2379} INFO - Sync 1 DAGs
[2023-03-07 08:41:13,181] {logging_mixin.py:115} INFO - [2023-03-07 08:41:13,181] {dag.py:2927} INFO - Setting next_dagrun for example_nested_branch_dag to 2023-03-06T00:00:00+00:00, run_after=2023-03-07T00:00:00+00:00
[2023-03-07 08:41:13,189] {processor.py:161} INFO - Processing /home/veri-pc/.local/lib/python3.10/site-packages/airflow/example_dags/example_nested_branch_dag.py took 0.053 seconds
[2023-03-07 08:41:45,934] {processor.py:153} INFO - Started process (PID=8279) to work on /home/veri-pc/.local/lib/python3.10/site-packages/airflow/example_dags/example_nested_branch_dag.py
[2023-03-07 08:41:45,934] {processor.py:641} INFO - Processing file /home/veri-pc/.local/lib/python3.10/site-packages/airflow/example_dags/example_nested_branch_dag.py for tasks to queue
[2023-03-07 08:41:45,935] {logging_mixin.py:115} INFO - [2023-03-07 08:41:45,935] {dagbag.py:507} INFO - Filling up the DagBag from /home/veri-pc/.local/lib/python3.10/site-packages/airflow/example_dags/example_nested_branch_dag.py
[2023-03-07 08:41:45,945] {processor.py:651} INFO - DAG(s) dict_keys(['example_nested_branch_dag']) retrieved from /home/veri-pc/.local/lib/python3.10/site-packages/airflow/example_dags/example_nested_branch_dag.py
[2023-03-07 08:41:45,957] {logging_mixin.py:115} INFO - [2023-03-07 08:41:45,957] {dag.py:2379} INFO - Sync 1 DAGs
[2023-03-07 08:41:45,968] {logging_mixin.py:115} INFO - [2023-03-07 08:41:45,968] {dag.py:2927} INFO - Setting next_dagrun for example_nested_branch_dag to 2023-03-06T00:00:00+00:00, run_after=2023-03-07T00:00:00+00:00
[2023-03-07 08:41:45,976] {processor.py:161} INFO - Processing /home/veri-pc/.local/lib/python3.10/site-packages/airflow/example_dags/example_nested_branch_dag.py took 0.045 seconds
[2023-03-07 08:42:17,593] {processor.py:153} INFO - Started process (PID=8346) to work on /home/veri-pc/.local/lib/python3.10/site-packages/airflow/example_dags/example_nested_branch_dag.py
[2023-03-07 08:42:17,594] {processor.py:641} INFO - Processing file /home/veri-pc/.local/lib/python3.10/site-packages/airflow/example_dags/example_nested_branch_dag.py for tasks to queue
[2023-03-07 08:42:17,594] {logging_mixin.py:115} INFO - [2023-03-07 08:42:17,594] {dagbag.py:507} INFO - Filling up the DagBag from /home/veri-pc/.local/lib/python3.10/site-packages/airflow/example_dags/example_nested_branch_dag.py
[2023-03-07 08:42:17,604] {processor.py:651} INFO - DAG(s) dict_keys(['example_nested_branch_dag']) retrieved from /home/veri-pc/.local/lib/python3.10/site-packages/airflow/example_dags/example_nested_branch_dag.py
[2023-03-07 08:42:17,615] {logging_mixin.py:115} INFO - [2023-03-07 08:42:17,615] {dag.py:2379} INFO - Sync 1 DAGs
[2023-03-07 08:42:17,630] {logging_mixin.py:115} INFO - [2023-03-07 08:42:17,630] {dag.py:2927} INFO - Setting next_dagrun for example_nested_branch_dag to 2023-03-06T00:00:00+00:00, run_after=2023-03-07T00:00:00+00:00
[2023-03-07 08:42:17,639] {processor.py:161} INFO - Processing /home/veri-pc/.local/lib/python3.10/site-packages/airflow/example_dags/example_nested_branch_dag.py took 0.048 seconds
[2023-03-07 08:42:48,487] {processor.py:153} INFO - Started process (PID=8411) to work on /home/veri-pc/.local/lib/python3.10/site-packages/airflow/example_dags/example_nested_branch_dag.py
[2023-03-07 08:42:48,488] {processor.py:641} INFO - Processing file /home/veri-pc/.local/lib/python3.10/site-packages/airflow/example_dags/example_nested_branch_dag.py for tasks to queue
[2023-03-07 08:42:48,489] {logging_mixin.py:115} INFO - [2023-03-07 08:42:48,489] {dagbag.py:507} INFO - Filling up the DagBag from /home/veri-pc/.local/lib/python3.10/site-packages/airflow/example_dags/example_nested_branch_dag.py
[2023-03-07 08:42:48,514] {processor.py:651} INFO - DAG(s) dict_keys(['example_nested_branch_dag']) retrieved from /home/veri-pc/.local/lib/python3.10/site-packages/airflow/example_dags/example_nested_branch_dag.py
[2023-03-07 08:42:48,528] {logging_mixin.py:115} INFO - [2023-03-07 08:42:48,528] {dag.py:2379} INFO - Sync 1 DAGs
[2023-03-07 08:42:48,541] {logging_mixin.py:115} INFO - [2023-03-07 08:42:48,540] {dag.py:2927} INFO - Setting next_dagrun for example_nested_branch_dag to 2023-03-06T00:00:00+00:00, run_after=2023-03-07T00:00:00+00:00
[2023-03-07 08:42:48,548] {processor.py:161} INFO - Processing /home/veri-pc/.local/lib/python3.10/site-packages/airflow/example_dags/example_nested_branch_dag.py took 0.067 seconds
[2023-03-07 08:43:22,369] {processor.py:153} INFO - Started process (PID=8491) to work on /home/veri-pc/.local/lib/python3.10/site-packages/airflow/example_dags/example_nested_branch_dag.py
[2023-03-07 08:43:22,370] {processor.py:641} INFO - Processing file /home/veri-pc/.local/lib/python3.10/site-packages/airflow/example_dags/example_nested_branch_dag.py for tasks to queue
[2023-03-07 08:43:22,371] {logging_mixin.py:115} INFO - [2023-03-07 08:43:22,371] {dagbag.py:507} INFO - Filling up the DagBag from /home/veri-pc/.local/lib/python3.10/site-packages/airflow/example_dags/example_nested_branch_dag.py
[2023-03-07 08:43:22,394] {processor.py:651} INFO - DAG(s) dict_keys(['example_nested_branch_dag']) retrieved from /home/veri-pc/.local/lib/python3.10/site-packages/airflow/example_dags/example_nested_branch_dag.py
[2023-03-07 08:43:22,407] {logging_mixin.py:115} INFO - [2023-03-07 08:43:22,407] {dag.py:2379} INFO - Sync 1 DAGs
[2023-03-07 08:43:22,420] {logging_mixin.py:115} INFO - [2023-03-07 08:43:22,420] {dag.py:2927} INFO - Setting next_dagrun for example_nested_branch_dag to 2023-03-06T00:00:00+00:00, run_after=2023-03-07T00:00:00+00:00
[2023-03-07 08:43:22,427] {processor.py:161} INFO - Processing /home/veri-pc/.local/lib/python3.10/site-packages/airflow/example_dags/example_nested_branch_dag.py took 0.065 seconds
[2023-03-07 08:43:54,887] {processor.py:153} INFO - Started process (PID=8554) to work on /home/veri-pc/.local/lib/python3.10/site-packages/airflow/example_dags/example_nested_branch_dag.py
[2023-03-07 08:43:54,888] {processor.py:641} INFO - Processing file /home/veri-pc/.local/lib/python3.10/site-packages/airflow/example_dags/example_nested_branch_dag.py for tasks to queue
[2023-03-07 08:43:54,890] {logging_mixin.py:115} INFO - [2023-03-07 08:43:54,889] {dagbag.py:507} INFO - Filling up the DagBag from /home/veri-pc/.local/lib/python3.10/site-packages/airflow/example_dags/example_nested_branch_dag.py
[2023-03-07 08:43:54,915] {processor.py:651} INFO - DAG(s) dict_keys(['example_nested_branch_dag']) retrieved from /home/veri-pc/.local/lib/python3.10/site-packages/airflow/example_dags/example_nested_branch_dag.py
[2023-03-07 08:43:54,928] {logging_mixin.py:115} INFO - [2023-03-07 08:43:54,928] {dag.py:2379} INFO - Sync 1 DAGs
[2023-03-07 08:43:54,941] {logging_mixin.py:115} INFO - [2023-03-07 08:43:54,941] {dag.py:2927} INFO - Setting next_dagrun for example_nested_branch_dag to 2023-03-06T00:00:00+00:00, run_after=2023-03-07T00:00:00+00:00
[2023-03-07 08:43:54,950] {processor.py:161} INFO - Processing /home/veri-pc/.local/lib/python3.10/site-packages/airflow/example_dags/example_nested_branch_dag.py took 0.071 seconds
[2023-03-07 08:44:26,175] {processor.py:153} INFO - Started process (PID=8626) to work on /home/veri-pc/.local/lib/python3.10/site-packages/airflow/example_dags/example_nested_branch_dag.py
[2023-03-07 08:44:26,176] {processor.py:641} INFO - Processing file /home/veri-pc/.local/lib/python3.10/site-packages/airflow/example_dags/example_nested_branch_dag.py for tasks to queue
[2023-03-07 08:44:26,178] {logging_mixin.py:115} INFO - [2023-03-07 08:44:26,177] {dagbag.py:507} INFO - Filling up the DagBag from /home/veri-pc/.local/lib/python3.10/site-packages/airflow/example_dags/example_nested_branch_dag.py
[2023-03-07 08:44:26,200] {processor.py:651} INFO - DAG(s) dict_keys(['example_nested_branch_dag']) retrieved from /home/veri-pc/.local/lib/python3.10/site-packages/airflow/example_dags/example_nested_branch_dag.py
[2023-03-07 08:44:26,213] {logging_mixin.py:115} INFO - [2023-03-07 08:44:26,213] {dag.py:2379} INFO - Sync 1 DAGs
[2023-03-07 08:44:26,227] {logging_mixin.py:115} INFO - [2023-03-07 08:44:26,227] {dag.py:2927} INFO - Setting next_dagrun for example_nested_branch_dag to 2023-03-06T00:00:00+00:00, run_after=2023-03-07T00:00:00+00:00
[2023-03-07 08:44:26,234] {processor.py:161} INFO - Processing /home/veri-pc/.local/lib/python3.10/site-packages/airflow/example_dags/example_nested_branch_dag.py took 0.066 seconds
[2023-03-07 08:44:58,075] {processor.py:153} INFO - Started process (PID=8691) to work on /home/veri-pc/.local/lib/python3.10/site-packages/airflow/example_dags/example_nested_branch_dag.py
[2023-03-07 08:44:58,077] {processor.py:641} INFO - Processing file /home/veri-pc/.local/lib/python3.10/site-packages/airflow/example_dags/example_nested_branch_dag.py for tasks to queue
[2023-03-07 08:44:58,078] {logging_mixin.py:115} INFO - [2023-03-07 08:44:58,078] {dagbag.py:507} INFO - Filling up the DagBag from /home/veri-pc/.local/lib/python3.10/site-packages/airflow/example_dags/example_nested_branch_dag.py
[2023-03-07 08:44:58,098] {processor.py:651} INFO - DAG(s) dict_keys(['example_nested_branch_dag']) retrieved from /home/veri-pc/.local/lib/python3.10/site-packages/airflow/example_dags/example_nested_branch_dag.py
[2023-03-07 08:44:58,111] {logging_mixin.py:115} INFO - [2023-03-07 08:44:58,111] {dag.py:2379} INFO - Sync 1 DAGs
[2023-03-07 08:44:58,123] {logging_mixin.py:115} INFO - [2023-03-07 08:44:58,123] {dag.py:2927} INFO - Setting next_dagrun for example_nested_branch_dag to 2023-03-06T00:00:00+00:00, run_after=2023-03-07T00:00:00+00:00
[2023-03-07 08:44:58,131] {processor.py:161} INFO - Processing /home/veri-pc/.local/lib/python3.10/site-packages/airflow/example_dags/example_nested_branch_dag.py took 0.062 seconds
[2023-03-07 08:45:30,030] {processor.py:153} INFO - Started process (PID=8765) to work on /home/veri-pc/.local/lib/python3.10/site-packages/airflow/example_dags/example_nested_branch_dag.py
[2023-03-07 08:45:30,032] {processor.py:641} INFO - Processing file /home/veri-pc/.local/lib/python3.10/site-packages/airflow/example_dags/example_nested_branch_dag.py for tasks to queue
[2023-03-07 08:45:30,033] {logging_mixin.py:115} INFO - [2023-03-07 08:45:30,032] {dagbag.py:507} INFO - Filling up the DagBag from /home/veri-pc/.local/lib/python3.10/site-packages/airflow/example_dags/example_nested_branch_dag.py
[2023-03-07 08:45:30,053] {processor.py:651} INFO - DAG(s) dict_keys(['example_nested_branch_dag']) retrieved from /home/veri-pc/.local/lib/python3.10/site-packages/airflow/example_dags/example_nested_branch_dag.py
[2023-03-07 08:45:30,066] {logging_mixin.py:115} INFO - [2023-03-07 08:45:30,066] {dag.py:2379} INFO - Sync 1 DAGs
[2023-03-07 08:45:30,078] {logging_mixin.py:115} INFO - [2023-03-07 08:45:30,078] {dag.py:2927} INFO - Setting next_dagrun for example_nested_branch_dag to 2023-03-06T00:00:00+00:00, run_after=2023-03-07T00:00:00+00:00
[2023-03-07 08:45:30,086] {processor.py:161} INFO - Processing /home/veri-pc/.local/lib/python3.10/site-packages/airflow/example_dags/example_nested_branch_dag.py took 0.063 seconds
[2023-03-07 08:46:02,717] {processor.py:153} INFO - Started process (PID=8830) to work on /home/veri-pc/.local/lib/python3.10/site-packages/airflow/example_dags/example_nested_branch_dag.py
[2023-03-07 08:46:02,719] {processor.py:641} INFO - Processing file /home/veri-pc/.local/lib/python3.10/site-packages/airflow/example_dags/example_nested_branch_dag.py for tasks to queue
[2023-03-07 08:46:02,720] {logging_mixin.py:115} INFO - [2023-03-07 08:46:02,720] {dagbag.py:507} INFO - Filling up the DagBag from /home/veri-pc/.local/lib/python3.10/site-packages/airflow/example_dags/example_nested_branch_dag.py
[2023-03-07 08:46:02,739] {processor.py:651} INFO - DAG(s) dict_keys(['example_nested_branch_dag']) retrieved from /home/veri-pc/.local/lib/python3.10/site-packages/airflow/example_dags/example_nested_branch_dag.py
[2023-03-07 08:46:02,754] {logging_mixin.py:115} INFO - [2023-03-07 08:46:02,753] {dag.py:2379} INFO - Sync 1 DAGs
[2023-03-07 08:46:02,766] {logging_mixin.py:115} INFO - [2023-03-07 08:46:02,766] {dag.py:2927} INFO - Setting next_dagrun for example_nested_branch_dag to 2023-03-06T00:00:00+00:00, run_after=2023-03-07T00:00:00+00:00
[2023-03-07 08:46:02,773] {processor.py:161} INFO - Processing /home/veri-pc/.local/lib/python3.10/site-packages/airflow/example_dags/example_nested_branch_dag.py took 0.063 seconds
[2023-03-07 08:46:33,068] {processor.py:153} INFO - Started process (PID=8908) to work on /home/veri-pc/.local/lib/python3.10/site-packages/airflow/example_dags/example_nested_branch_dag.py
[2023-03-07 08:46:33,070] {processor.py:641} INFO - Processing file /home/veri-pc/.local/lib/python3.10/site-packages/airflow/example_dags/example_nested_branch_dag.py for tasks to queue
[2023-03-07 08:46:33,071] {logging_mixin.py:115} INFO - [2023-03-07 08:46:33,071] {dagbag.py:507} INFO - Filling up the DagBag from /home/veri-pc/.local/lib/python3.10/site-packages/airflow/example_dags/example_nested_branch_dag.py
[2023-03-07 08:46:33,087] {processor.py:651} INFO - DAG(s) dict_keys(['example_nested_branch_dag']) retrieved from /home/veri-pc/.local/lib/python3.10/site-packages/airflow/example_dags/example_nested_branch_dag.py
[2023-03-07 08:46:33,100] {logging_mixin.py:115} INFO - [2023-03-07 08:46:33,100] {dag.py:2379} INFO - Sync 1 DAGs
[2023-03-07 08:46:33,113] {logging_mixin.py:115} INFO - [2023-03-07 08:46:33,113] {dag.py:2927} INFO - Setting next_dagrun for example_nested_branch_dag to 2023-03-06T00:00:00+00:00, run_after=2023-03-07T00:00:00+00:00
[2023-03-07 08:46:33,120] {processor.py:161} INFO - Processing /home/veri-pc/.local/lib/python3.10/site-packages/airflow/example_dags/example_nested_branch_dag.py took 0.058 seconds
[2023-03-07 08:47:04,465] {processor.py:153} INFO - Started process (PID=8997) to work on /home/veri-pc/.local/lib/python3.10/site-packages/airflow/example_dags/example_nested_branch_dag.py
[2023-03-07 08:47:04,466] {processor.py:641} INFO - Processing file /home/veri-pc/.local/lib/python3.10/site-packages/airflow/example_dags/example_nested_branch_dag.py for tasks to queue
[2023-03-07 08:47:04,468] {logging_mixin.py:115} INFO - [2023-03-07 08:47:04,468] {dagbag.py:507} INFO - Filling up the DagBag from /home/veri-pc/.local/lib/python3.10/site-packages/airflow/example_dags/example_nested_branch_dag.py
[2023-03-07 08:47:04,486] {processor.py:651} INFO - DAG(s) dict_keys(['example_nested_branch_dag']) retrieved from /home/veri-pc/.local/lib/python3.10/site-packages/airflow/example_dags/example_nested_branch_dag.py
[2023-03-07 08:47:04,499] {logging_mixin.py:115} INFO - [2023-03-07 08:47:04,499] {dag.py:2379} INFO - Sync 1 DAGs
[2023-03-07 08:47:04,512] {logging_mixin.py:115} INFO - [2023-03-07 08:47:04,512] {dag.py:2927} INFO - Setting next_dagrun for example_nested_branch_dag to 2023-03-06T00:00:00+00:00, run_after=2023-03-07T00:00:00+00:00
[2023-03-07 08:47:04,520] {processor.py:161} INFO - Processing /home/veri-pc/.local/lib/python3.10/site-packages/airflow/example_dags/example_nested_branch_dag.py took 0.061 seconds
[2023-03-07 08:47:35,768] {processor.py:153} INFO - Started process (PID=9068) to work on /home/veri-pc/.local/lib/python3.10/site-packages/airflow/example_dags/example_nested_branch_dag.py
[2023-03-07 08:47:35,769] {processor.py:641} INFO - Processing file /home/veri-pc/.local/lib/python3.10/site-packages/airflow/example_dags/example_nested_branch_dag.py for tasks to queue
[2023-03-07 08:47:35,769] {logging_mixin.py:115} INFO - [2023-03-07 08:47:35,769] {dagbag.py:507} INFO - Filling up the DagBag from /home/veri-pc/.local/lib/python3.10/site-packages/airflow/example_dags/example_nested_branch_dag.py
[2023-03-07 08:47:35,776] {processor.py:651} INFO - DAG(s) dict_keys(['example_nested_branch_dag']) retrieved from /home/veri-pc/.local/lib/python3.10/site-packages/airflow/example_dags/example_nested_branch_dag.py
[2023-03-07 08:47:35,787] {logging_mixin.py:115} INFO - [2023-03-07 08:47:35,787] {dag.py:2379} INFO - Sync 1 DAGs
[2023-03-07 08:47:35,801] {logging_mixin.py:115} INFO - [2023-03-07 08:47:35,801] {dag.py:2927} INFO - Setting next_dagrun for example_nested_branch_dag to 2023-03-06T00:00:00+00:00, run_after=2023-03-07T00:00:00+00:00
[2023-03-07 08:47:35,809] {processor.py:161} INFO - Processing /home/veri-pc/.local/lib/python3.10/site-packages/airflow/example_dags/example_nested_branch_dag.py took 0.043 seconds
[2023-03-07 08:48:07,759] {processor.py:153} INFO - Started process (PID=9168) to work on /home/veri-pc/.local/lib/python3.10/site-packages/airflow/example_dags/example_nested_branch_dag.py
[2023-03-07 08:48:07,760] {processor.py:641} INFO - Processing file /home/veri-pc/.local/lib/python3.10/site-packages/airflow/example_dags/example_nested_branch_dag.py for tasks to queue
[2023-03-07 08:48:07,761] {logging_mixin.py:115} INFO - [2023-03-07 08:48:07,761] {dagbag.py:507} INFO - Filling up the DagBag from /home/veri-pc/.local/lib/python3.10/site-packages/airflow/example_dags/example_nested_branch_dag.py
[2023-03-07 08:48:07,772] {processor.py:651} INFO - DAG(s) dict_keys(['example_nested_branch_dag']) retrieved from /home/veri-pc/.local/lib/python3.10/site-packages/airflow/example_dags/example_nested_branch_dag.py
[2023-03-07 08:48:07,785] {logging_mixin.py:115} INFO - [2023-03-07 08:48:07,785] {dag.py:2379} INFO - Sync 1 DAGs
[2023-03-07 08:48:07,798] {logging_mixin.py:115} INFO - [2023-03-07 08:48:07,798] {dag.py:2927} INFO - Setting next_dagrun for example_nested_branch_dag to 2023-03-06T00:00:00+00:00, run_after=2023-03-07T00:00:00+00:00
[2023-03-07 08:48:07,806] {processor.py:161} INFO - Processing /home/veri-pc/.local/lib/python3.10/site-packages/airflow/example_dags/example_nested_branch_dag.py took 0.052 seconds
[2023-03-07 08:48:41,290] {processor.py:153} INFO - Started process (PID=9245) to work on /home/veri-pc/.local/lib/python3.10/site-packages/airflow/example_dags/example_nested_branch_dag.py
[2023-03-07 08:48:41,291] {processor.py:641} INFO - Processing file /home/veri-pc/.local/lib/python3.10/site-packages/airflow/example_dags/example_nested_branch_dag.py for tasks to queue
[2023-03-07 08:48:41,292] {logging_mixin.py:115} INFO - [2023-03-07 08:48:41,292] {dagbag.py:507} INFO - Filling up the DagBag from /home/veri-pc/.local/lib/python3.10/site-packages/airflow/example_dags/example_nested_branch_dag.py
[2023-03-07 08:48:41,310] {processor.py:651} INFO - DAG(s) dict_keys(['example_nested_branch_dag']) retrieved from /home/veri-pc/.local/lib/python3.10/site-packages/airflow/example_dags/example_nested_branch_dag.py
[2023-03-07 08:48:41,328] {logging_mixin.py:115} INFO - [2023-03-07 08:48:41,328] {dag.py:2379} INFO - Sync 1 DAGs
[2023-03-07 08:48:41,343] {logging_mixin.py:115} INFO - [2023-03-07 08:48:41,342] {dag.py:2927} INFO - Setting next_dagrun for example_nested_branch_dag to 2023-03-06T00:00:00+00:00, run_after=2023-03-07T00:00:00+00:00
[2023-03-07 08:48:41,352] {processor.py:161} INFO - Processing /home/veri-pc/.local/lib/python3.10/site-packages/airflow/example_dags/example_nested_branch_dag.py took 0.066 seconds
[2023-03-07 08:49:12,814] {processor.py:153} INFO - Started process (PID=9321) to work on /home/veri-pc/.local/lib/python3.10/site-packages/airflow/example_dags/example_nested_branch_dag.py
[2023-03-07 08:49:12,815] {processor.py:641} INFO - Processing file /home/veri-pc/.local/lib/python3.10/site-packages/airflow/example_dags/example_nested_branch_dag.py for tasks to queue
[2023-03-07 08:49:12,816] {logging_mixin.py:115} INFO - [2023-03-07 08:49:12,816] {dagbag.py:507} INFO - Filling up the DagBag from /home/veri-pc/.local/lib/python3.10/site-packages/airflow/example_dags/example_nested_branch_dag.py
[2023-03-07 08:49:12,835] {processor.py:651} INFO - DAG(s) dict_keys(['example_nested_branch_dag']) retrieved from /home/veri-pc/.local/lib/python3.10/site-packages/airflow/example_dags/example_nested_branch_dag.py
[2023-03-07 08:49:12,850] {logging_mixin.py:115} INFO - [2023-03-07 08:49:12,850] {dag.py:2379} INFO - Sync 1 DAGs
[2023-03-07 08:49:12,863] {logging_mixin.py:115} INFO - [2023-03-07 08:49:12,863] {dag.py:2927} INFO - Setting next_dagrun for example_nested_branch_dag to 2023-03-06T00:00:00+00:00, run_after=2023-03-07T00:00:00+00:00
[2023-03-07 08:49:12,871] {processor.py:161} INFO - Processing /home/veri-pc/.local/lib/python3.10/site-packages/airflow/example_dags/example_nested_branch_dag.py took 0.064 seconds
[2023-03-07 08:49:43,217] {processor.py:153} INFO - Started process (PID=9416) to work on /home/veri-pc/.local/lib/python3.10/site-packages/airflow/example_dags/example_nested_branch_dag.py
[2023-03-07 08:49:43,218] {processor.py:641} INFO - Processing file /home/veri-pc/.local/lib/python3.10/site-packages/airflow/example_dags/example_nested_branch_dag.py for tasks to queue
[2023-03-07 08:49:43,218] {logging_mixin.py:115} INFO - [2023-03-07 08:49:43,218] {dagbag.py:507} INFO - Filling up the DagBag from /home/veri-pc/.local/lib/python3.10/site-packages/airflow/example_dags/example_nested_branch_dag.py
[2023-03-07 08:49:43,238] {processor.py:651} INFO - DAG(s) dict_keys(['example_nested_branch_dag']) retrieved from /home/veri-pc/.local/lib/python3.10/site-packages/airflow/example_dags/example_nested_branch_dag.py
[2023-03-07 08:49:43,258] {logging_mixin.py:115} INFO - [2023-03-07 08:49:43,258] {dag.py:2379} INFO - Sync 1 DAGs
[2023-03-07 08:49:43,295] {logging_mixin.py:115} INFO - [2023-03-07 08:49:43,295] {dag.py:2927} INFO - Setting next_dagrun for example_nested_branch_dag to 2023-03-06T00:00:00+00:00, run_after=2023-03-07T00:00:00+00:00
[2023-03-07 08:49:43,321] {processor.py:161} INFO - Processing /home/veri-pc/.local/lib/python3.10/site-packages/airflow/example_dags/example_nested_branch_dag.py took 0.112 seconds
[2023-03-07 08:50:15,004] {processor.py:153} INFO - Started process (PID=9509) to work on /home/veri-pc/.local/lib/python3.10/site-packages/airflow/example_dags/example_nested_branch_dag.py
[2023-03-07 08:50:15,005] {processor.py:641} INFO - Processing file /home/veri-pc/.local/lib/python3.10/site-packages/airflow/example_dags/example_nested_branch_dag.py for tasks to queue
[2023-03-07 08:50:15,005] {logging_mixin.py:115} INFO - [2023-03-07 08:50:15,005] {dagbag.py:507} INFO - Filling up the DagBag from /home/veri-pc/.local/lib/python3.10/site-packages/airflow/example_dags/example_nested_branch_dag.py
[2023-03-07 08:50:15,014] {processor.py:651} INFO - DAG(s) dict_keys(['example_nested_branch_dag']) retrieved from /home/veri-pc/.local/lib/python3.10/site-packages/airflow/example_dags/example_nested_branch_dag.py
[2023-03-07 08:50:15,029] {logging_mixin.py:115} INFO - [2023-03-07 08:50:15,028] {dag.py:2379} INFO - Sync 1 DAGs
[2023-03-07 08:50:15,050] {logging_mixin.py:115} INFO - [2023-03-07 08:50:15,050] {dag.py:2927} INFO - Setting next_dagrun for example_nested_branch_dag to 2023-03-06T00:00:00+00:00, run_after=2023-03-07T00:00:00+00:00
[2023-03-07 08:50:15,066] {processor.py:161} INFO - Processing /home/veri-pc/.local/lib/python3.10/site-packages/airflow/example_dags/example_nested_branch_dag.py took 0.065 seconds
[2023-03-07 08:50:47,046] {processor.py:153} INFO - Started process (PID=9589) to work on /home/veri-pc/.local/lib/python3.10/site-packages/airflow/example_dags/example_nested_branch_dag.py
[2023-03-07 08:50:47,047] {processor.py:641} INFO - Processing file /home/veri-pc/.local/lib/python3.10/site-packages/airflow/example_dags/example_nested_branch_dag.py for tasks to queue
[2023-03-07 08:50:47,048] {logging_mixin.py:115} INFO - [2023-03-07 08:50:47,048] {dagbag.py:507} INFO - Filling up the DagBag from /home/veri-pc/.local/lib/python3.10/site-packages/airflow/example_dags/example_nested_branch_dag.py
[2023-03-07 08:50:47,061] {processor.py:651} INFO - DAG(s) dict_keys(['example_nested_branch_dag']) retrieved from /home/veri-pc/.local/lib/python3.10/site-packages/airflow/example_dags/example_nested_branch_dag.py
[2023-03-07 08:50:47,077] {logging_mixin.py:115} INFO - [2023-03-07 08:50:47,077] {dag.py:2379} INFO - Sync 1 DAGs
[2023-03-07 08:50:47,091] {logging_mixin.py:115} INFO - [2023-03-07 08:50:47,091] {dag.py:2927} INFO - Setting next_dagrun for example_nested_branch_dag to 2023-03-06T00:00:00+00:00, run_after=2023-03-07T00:00:00+00:00
[2023-03-07 08:50:47,101] {processor.py:161} INFO - Processing /home/veri-pc/.local/lib/python3.10/site-packages/airflow/example_dags/example_nested_branch_dag.py took 0.058 seconds
[2023-03-07 08:51:20,110] {processor.py:153} INFO - Started process (PID=9682) to work on /home/veri-pc/.local/lib/python3.10/site-packages/airflow/example_dags/example_nested_branch_dag.py
[2023-03-07 08:51:20,111] {processor.py:641} INFO - Processing file /home/veri-pc/.local/lib/python3.10/site-packages/airflow/example_dags/example_nested_branch_dag.py for tasks to queue
[2023-03-07 08:51:20,113] {logging_mixin.py:115} INFO - [2023-03-07 08:51:20,112] {dagbag.py:507} INFO - Filling up the DagBag from /home/veri-pc/.local/lib/python3.10/site-packages/airflow/example_dags/example_nested_branch_dag.py
[2023-03-07 08:51:20,131] {processor.py:651} INFO - DAG(s) dict_keys(['example_nested_branch_dag']) retrieved from /home/veri-pc/.local/lib/python3.10/site-packages/airflow/example_dags/example_nested_branch_dag.py
[2023-03-07 08:51:20,146] {logging_mixin.py:115} INFO - [2023-03-07 08:51:20,146] {dag.py:2379} INFO - Sync 1 DAGs
[2023-03-07 08:51:20,158] {logging_mixin.py:115} INFO - [2023-03-07 08:51:20,158] {dag.py:2927} INFO - Setting next_dagrun for example_nested_branch_dag to 2023-03-06T00:00:00+00:00, run_after=2023-03-07T00:00:00+00:00
[2023-03-07 08:51:20,167] {processor.py:161} INFO - Processing /home/veri-pc/.local/lib/python3.10/site-packages/airflow/example_dags/example_nested_branch_dag.py took 0.063 seconds
[2023-03-07 08:51:52,037] {processor.py:153} INFO - Started process (PID=9779) to work on /home/veri-pc/.local/lib/python3.10/site-packages/airflow/example_dags/example_nested_branch_dag.py
[2023-03-07 08:51:52,038] {processor.py:641} INFO - Processing file /home/veri-pc/.local/lib/python3.10/site-packages/airflow/example_dags/example_nested_branch_dag.py for tasks to queue
[2023-03-07 08:51:52,039] {logging_mixin.py:115} INFO - [2023-03-07 08:51:52,038] {dagbag.py:507} INFO - Filling up the DagBag from /home/veri-pc/.local/lib/python3.10/site-packages/airflow/example_dags/example_nested_branch_dag.py
[2023-03-07 08:51:52,052] {processor.py:651} INFO - DAG(s) dict_keys(['example_nested_branch_dag']) retrieved from /home/veri-pc/.local/lib/python3.10/site-packages/airflow/example_dags/example_nested_branch_dag.py
[2023-03-07 08:51:52,061] {logging_mixin.py:115} INFO - [2023-03-07 08:51:52,061] {dag.py:2379} INFO - Sync 1 DAGs
[2023-03-07 08:51:52,074] {logging_mixin.py:115} INFO - [2023-03-07 08:51:52,074] {dag.py:2927} INFO - Setting next_dagrun for example_nested_branch_dag to 2023-03-06T00:00:00+00:00, run_after=2023-03-07T00:00:00+00:00
[2023-03-07 08:51:52,083] {processor.py:161} INFO - Processing /home/veri-pc/.local/lib/python3.10/site-packages/airflow/example_dags/example_nested_branch_dag.py took 0.048 seconds
[2023-03-07 08:52:25,188] {processor.py:153} INFO - Started process (PID=9860) to work on /home/veri-pc/.local/lib/python3.10/site-packages/airflow/example_dags/example_nested_branch_dag.py
[2023-03-07 08:52:25,189] {processor.py:641} INFO - Processing file /home/veri-pc/.local/lib/python3.10/site-packages/airflow/example_dags/example_nested_branch_dag.py for tasks to queue
[2023-03-07 08:52:25,190] {logging_mixin.py:115} INFO - [2023-03-07 08:52:25,190] {dagbag.py:507} INFO - Filling up the DagBag from /home/veri-pc/.local/lib/python3.10/site-packages/airflow/example_dags/example_nested_branch_dag.py
[2023-03-07 08:52:25,213] {processor.py:651} INFO - DAG(s) dict_keys(['example_nested_branch_dag']) retrieved from /home/veri-pc/.local/lib/python3.10/site-packages/airflow/example_dags/example_nested_branch_dag.py
[2023-03-07 08:52:25,267] {logging_mixin.py:115} INFO - [2023-03-07 08:52:25,267] {dag.py:2379} INFO - Sync 1 DAGs
[2023-03-07 08:52:25,297] {logging_mixin.py:115} INFO - [2023-03-07 08:52:25,297] {dag.py:2927} INFO - Setting next_dagrun for example_nested_branch_dag to 2023-03-06T00:00:00+00:00, run_after=2023-03-07T00:00:00+00:00
[2023-03-07 08:52:25,312] {processor.py:161} INFO - Processing /home/veri-pc/.local/lib/python3.10/site-packages/airflow/example_dags/example_nested_branch_dag.py took 0.126 seconds
[2023-03-07 08:52:59,898] {processor.py:153} INFO - Started process (PID=9960) to work on /home/veri-pc/.local/lib/python3.10/site-packages/airflow/example_dags/example_nested_branch_dag.py
[2023-03-07 08:52:59,930] {processor.py:641} INFO - Processing file /home/veri-pc/.local/lib/python3.10/site-packages/airflow/example_dags/example_nested_branch_dag.py for tasks to queue
[2023-03-07 08:52:59,931] {logging_mixin.py:115} INFO - [2023-03-07 08:52:59,931] {dagbag.py:507} INFO - Filling up the DagBag from /home/veri-pc/.local/lib/python3.10/site-packages/airflow/example_dags/example_nested_branch_dag.py
[2023-03-07 08:52:59,946] {processor.py:651} INFO - DAG(s) dict_keys(['example_nested_branch_dag']) retrieved from /home/veri-pc/.local/lib/python3.10/site-packages/airflow/example_dags/example_nested_branch_dag.py
[2023-03-07 08:52:59,970] {logging_mixin.py:115} INFO - [2023-03-07 08:52:59,970] {dag.py:2379} INFO - Sync 1 DAGs
[2023-03-07 08:53:00,004] {logging_mixin.py:115} INFO - [2023-03-07 08:53:00,004] {dag.py:2927} INFO - Setting next_dagrun for example_nested_branch_dag to 2023-03-06T00:00:00+00:00, run_after=2023-03-07T00:00:00+00:00
[2023-03-07 08:53:00,164] {processor.py:161} INFO - Processing /home/veri-pc/.local/lib/python3.10/site-packages/airflow/example_dags/example_nested_branch_dag.py took 0.267 seconds
[2023-03-07 08:53:34,174] {processor.py:153} INFO - Started process (PID=10038) to work on /home/veri-pc/.local/lib/python3.10/site-packages/airflow/example_dags/example_nested_branch_dag.py
[2023-03-07 08:53:34,176] {processor.py:641} INFO - Processing file /home/veri-pc/.local/lib/python3.10/site-packages/airflow/example_dags/example_nested_branch_dag.py for tasks to queue
[2023-03-07 08:53:34,177] {logging_mixin.py:115} INFO - [2023-03-07 08:53:34,177] {dagbag.py:507} INFO - Filling up the DagBag from /home/veri-pc/.local/lib/python3.10/site-packages/airflow/example_dags/example_nested_branch_dag.py
[2023-03-07 08:53:34,191] {processor.py:651} INFO - DAG(s) dict_keys(['example_nested_branch_dag']) retrieved from /home/veri-pc/.local/lib/python3.10/site-packages/airflow/example_dags/example_nested_branch_dag.py
[2023-03-07 08:53:34,204] {logging_mixin.py:115} INFO - [2023-03-07 08:53:34,204] {dag.py:2379} INFO - Sync 1 DAGs
[2023-03-07 08:53:34,216] {logging_mixin.py:115} INFO - [2023-03-07 08:53:34,216] {dag.py:2927} INFO - Setting next_dagrun for example_nested_branch_dag to 2023-03-06T00:00:00+00:00, run_after=2023-03-07T00:00:00+00:00
[2023-03-07 08:53:34,224] {processor.py:161} INFO - Processing /home/veri-pc/.local/lib/python3.10/site-packages/airflow/example_dags/example_nested_branch_dag.py took 0.057 seconds
[2023-03-07 08:54:06,176] {processor.py:153} INFO - Started process (PID=10122) to work on /home/veri-pc/.local/lib/python3.10/site-packages/airflow/example_dags/example_nested_branch_dag.py
[2023-03-07 08:54:06,177] {processor.py:641} INFO - Processing file /home/veri-pc/.local/lib/python3.10/site-packages/airflow/example_dags/example_nested_branch_dag.py for tasks to queue
[2023-03-07 08:54:06,178] {logging_mixin.py:115} INFO - [2023-03-07 08:54:06,178] {dagbag.py:507} INFO - Filling up the DagBag from /home/veri-pc/.local/lib/python3.10/site-packages/airflow/example_dags/example_nested_branch_dag.py
[2023-03-07 08:54:06,194] {processor.py:651} INFO - DAG(s) dict_keys(['example_nested_branch_dag']) retrieved from /home/veri-pc/.local/lib/python3.10/site-packages/airflow/example_dags/example_nested_branch_dag.py
[2023-03-07 08:54:06,212] {logging_mixin.py:115} INFO - [2023-03-07 08:54:06,212] {dag.py:2379} INFO - Sync 1 DAGs
[2023-03-07 08:54:06,229] {logging_mixin.py:115} INFO - [2023-03-07 08:54:06,228] {dag.py:2927} INFO - Setting next_dagrun for example_nested_branch_dag to 2023-03-06T00:00:00+00:00, run_after=2023-03-07T00:00:00+00:00
[2023-03-07 08:54:06,238] {processor.py:161} INFO - Processing /home/veri-pc/.local/lib/python3.10/site-packages/airflow/example_dags/example_nested_branch_dag.py took 0.067 seconds
[2023-03-07 08:54:26,519] {processor.py:153} INFO - Started process (PID=10287) to work on /home/veri-pc/.local/lib/python3.10/site-packages/airflow/example_dags/example_nested_branch_dag.py
[2023-03-07 08:54:26,520] {processor.py:641} INFO - Processing file /home/veri-pc/.local/lib/python3.10/site-packages/airflow/example_dags/example_nested_branch_dag.py for tasks to queue
[2023-03-07 08:54:26,520] {logging_mixin.py:115} INFO - [2023-03-07 08:54:26,520] {dagbag.py:507} INFO - Filling up the DagBag from /home/veri-pc/.local/lib/python3.10/site-packages/airflow/example_dags/example_nested_branch_dag.py
[2023-03-07 08:54:26,527] {processor.py:651} INFO - DAG(s) dict_keys(['example_nested_branch_dag']) retrieved from /home/veri-pc/.local/lib/python3.10/site-packages/airflow/example_dags/example_nested_branch_dag.py
[2023-03-07 08:54:26,536] {logging_mixin.py:115} INFO - [2023-03-07 08:54:26,536] {dag.py:2379} INFO - Sync 1 DAGs
[2023-03-07 08:54:26,548] {logging_mixin.py:115} INFO - [2023-03-07 08:54:26,548] {dag.py:2927} INFO - Setting next_dagrun for example_nested_branch_dag to 2023-03-06T00:00:00+00:00, run_after=2023-03-07T00:00:00+00:00
[2023-03-07 08:54:26,557] {processor.py:161} INFO - Processing /home/veri-pc/.local/lib/python3.10/site-packages/airflow/example_dags/example_nested_branch_dag.py took 0.039 seconds
[2023-03-07 08:54:56,960] {processor.py:153} INFO - Started process (PID=10871) to work on /home/veri-pc/.local/lib/python3.10/site-packages/airflow/example_dags/example_nested_branch_dag.py
[2023-03-07 08:54:56,961] {processor.py:641} INFO - Processing file /home/veri-pc/.local/lib/python3.10/site-packages/airflow/example_dags/example_nested_branch_dag.py for tasks to queue
[2023-03-07 08:54:56,962] {logging_mixin.py:115} INFO - [2023-03-07 08:54:56,962] {dagbag.py:507} INFO - Filling up the DagBag from /home/veri-pc/.local/lib/python3.10/site-packages/airflow/example_dags/example_nested_branch_dag.py
[2023-03-07 08:54:56,971] {processor.py:651} INFO - DAG(s) dict_keys(['example_nested_branch_dag']) retrieved from /home/veri-pc/.local/lib/python3.10/site-packages/airflow/example_dags/example_nested_branch_dag.py
[2023-03-07 08:54:56,994] {logging_mixin.py:115} INFO - [2023-03-07 08:54:56,994] {dag.py:2379} INFO - Sync 1 DAGs
[2023-03-07 08:54:57,018] {logging_mixin.py:115} INFO - [2023-03-07 08:54:57,018] {dag.py:2927} INFO - Setting next_dagrun for example_nested_branch_dag to 2023-03-06T00:00:00+00:00, run_after=2023-03-07T00:00:00+00:00
[2023-03-07 08:54:57,032] {processor.py:161} INFO - Processing /home/veri-pc/.local/lib/python3.10/site-packages/airflow/example_dags/example_nested_branch_dag.py took 0.078 seconds
[2023-03-07 08:55:30,578] {processor.py:153} INFO - Started process (PID=10943) to work on /home/veri-pc/.local/lib/python3.10/site-packages/airflow/example_dags/example_nested_branch_dag.py
[2023-03-07 08:55:30,579] {processor.py:641} INFO - Processing file /home/veri-pc/.local/lib/python3.10/site-packages/airflow/example_dags/example_nested_branch_dag.py for tasks to queue
[2023-03-07 08:55:30,580] {logging_mixin.py:115} INFO - [2023-03-07 08:55:30,580] {dagbag.py:507} INFO - Filling up the DagBag from /home/veri-pc/.local/lib/python3.10/site-packages/airflow/example_dags/example_nested_branch_dag.py
[2023-03-07 08:55:30,599] {processor.py:651} INFO - DAG(s) dict_keys(['example_nested_branch_dag']) retrieved from /home/veri-pc/.local/lib/python3.10/site-packages/airflow/example_dags/example_nested_branch_dag.py
[2023-03-07 08:55:30,614] {logging_mixin.py:115} INFO - [2023-03-07 08:55:30,614] {dag.py:2379} INFO - Sync 1 DAGs
[2023-03-07 08:55:30,629] {logging_mixin.py:115} INFO - [2023-03-07 08:55:30,629] {dag.py:2927} INFO - Setting next_dagrun for example_nested_branch_dag to 2023-03-06T00:00:00+00:00, run_after=2023-03-07T00:00:00+00:00
[2023-03-07 08:55:30,637] {processor.py:161} INFO - Processing /home/veri-pc/.local/lib/python3.10/site-packages/airflow/example_dags/example_nested_branch_dag.py took 0.065 seconds
[2023-03-07 08:56:04,216] {processor.py:153} INFO - Started process (PID=11009) to work on /home/veri-pc/.local/lib/python3.10/site-packages/airflow/example_dags/example_nested_branch_dag.py
[2023-03-07 08:56:04,217] {processor.py:641} INFO - Processing file /home/veri-pc/.local/lib/python3.10/site-packages/airflow/example_dags/example_nested_branch_dag.py for tasks to queue
[2023-03-07 08:56:04,218] {logging_mixin.py:115} INFO - [2023-03-07 08:56:04,218] {dagbag.py:507} INFO - Filling up the DagBag from /home/veri-pc/.local/lib/python3.10/site-packages/airflow/example_dags/example_nested_branch_dag.py
[2023-03-07 08:56:04,234] {processor.py:651} INFO - DAG(s) dict_keys(['example_nested_branch_dag']) retrieved from /home/veri-pc/.local/lib/python3.10/site-packages/airflow/example_dags/example_nested_branch_dag.py
[2023-03-07 08:56:04,256] {logging_mixin.py:115} INFO - [2023-03-07 08:56:04,256] {dag.py:2379} INFO - Sync 1 DAGs
[2023-03-07 08:56:04,272] {logging_mixin.py:115} INFO - [2023-03-07 08:56:04,271] {dag.py:2927} INFO - Setting next_dagrun for example_nested_branch_dag to 2023-03-06T00:00:00+00:00, run_after=2023-03-07T00:00:00+00:00
[2023-03-07 08:56:04,279] {processor.py:161} INFO - Processing /home/veri-pc/.local/lib/python3.10/site-packages/airflow/example_dags/example_nested_branch_dag.py took 0.069 seconds
[2023-03-07 09:01:45,932] {processor.py:153} INFO - Started process (PID=11564) to work on /home/veri-pc/.local/lib/python3.10/site-packages/airflow/example_dags/example_nested_branch_dag.py
[2023-03-07 09:01:45,933] {processor.py:641} INFO - Processing file /home/veri-pc/.local/lib/python3.10/site-packages/airflow/example_dags/example_nested_branch_dag.py for tasks to queue
[2023-03-07 09:01:45,934] {logging_mixin.py:115} INFO - [2023-03-07 09:01:45,934] {dagbag.py:507} INFO - Filling up the DagBag from /home/veri-pc/.local/lib/python3.10/site-packages/airflow/example_dags/example_nested_branch_dag.py
[2023-03-07 09:01:45,954] {processor.py:651} INFO - DAG(s) dict_keys(['example_nested_branch_dag']) retrieved from /home/veri-pc/.local/lib/python3.10/site-packages/airflow/example_dags/example_nested_branch_dag.py
[2023-03-07 09:01:45,968] {logging_mixin.py:115} INFO - [2023-03-07 09:01:45,968] {dag.py:2379} INFO - Sync 1 DAGs
[2023-03-07 09:01:45,981] {logging_mixin.py:115} INFO - [2023-03-07 09:01:45,981] {dag.py:2927} INFO - Setting next_dagrun for example_nested_branch_dag to 2023-03-06T00:00:00+00:00, run_after=2023-03-07T00:00:00+00:00
[2023-03-07 09:01:45,989] {processor.py:161} INFO - Processing /home/veri-pc/.local/lib/python3.10/site-packages/airflow/example_dags/example_nested_branch_dag.py took 0.064 seconds
[2023-03-07 09:02:17,735] {processor.py:153} INFO - Started process (PID=11931) to work on /home/veri-pc/.local/lib/python3.10/site-packages/airflow/example_dags/example_nested_branch_dag.py
[2023-03-07 09:02:17,736] {processor.py:641} INFO - Processing file /home/veri-pc/.local/lib/python3.10/site-packages/airflow/example_dags/example_nested_branch_dag.py for tasks to queue
[2023-03-07 09:02:17,737] {logging_mixin.py:115} INFO - [2023-03-07 09:02:17,737] {dagbag.py:507} INFO - Filling up the DagBag from /home/veri-pc/.local/lib/python3.10/site-packages/airflow/example_dags/example_nested_branch_dag.py
[2023-03-07 09:02:17,744] {processor.py:651} INFO - DAG(s) dict_keys(['example_nested_branch_dag']) retrieved from /home/veri-pc/.local/lib/python3.10/site-packages/airflow/example_dags/example_nested_branch_dag.py
[2023-03-07 09:02:17,756] {logging_mixin.py:115} INFO - [2023-03-07 09:02:17,756] {dag.py:2379} INFO - Sync 1 DAGs
[2023-03-07 09:02:17,770] {logging_mixin.py:115} INFO - [2023-03-07 09:02:17,769] {dag.py:2927} INFO - Setting next_dagrun for example_nested_branch_dag to 2023-03-06T00:00:00+00:00, run_after=2023-03-07T00:00:00+00:00
[2023-03-07 09:02:17,780] {processor.py:161} INFO - Processing /home/veri-pc/.local/lib/python3.10/site-packages/airflow/example_dags/example_nested_branch_dag.py took 0.046 seconds
[2023-03-07 09:02:50,296] {processor.py:153} INFO - Started process (PID=12010) to work on /home/veri-pc/.local/lib/python3.10/site-packages/airflow/example_dags/example_nested_branch_dag.py
[2023-03-07 09:02:50,296] {processor.py:641} INFO - Processing file /home/veri-pc/.local/lib/python3.10/site-packages/airflow/example_dags/example_nested_branch_dag.py for tasks to queue
[2023-03-07 09:02:50,297] {logging_mixin.py:115} INFO - [2023-03-07 09:02:50,297] {dagbag.py:507} INFO - Filling up the DagBag from /home/veri-pc/.local/lib/python3.10/site-packages/airflow/example_dags/example_nested_branch_dag.py
[2023-03-07 09:02:50,311] {processor.py:651} INFO - DAG(s) dict_keys(['example_nested_branch_dag']) retrieved from /home/veri-pc/.local/lib/python3.10/site-packages/airflow/example_dags/example_nested_branch_dag.py
[2023-03-07 09:02:50,325] {logging_mixin.py:115} INFO - [2023-03-07 09:02:50,325] {dag.py:2379} INFO - Sync 1 DAGs
[2023-03-07 09:02:50,338] {logging_mixin.py:115} INFO - [2023-03-07 09:02:50,338] {dag.py:2927} INFO - Setting next_dagrun for example_nested_branch_dag to 2023-03-06T00:00:00+00:00, run_after=2023-03-07T00:00:00+00:00
[2023-03-07 09:02:50,348] {processor.py:161} INFO - Processing /home/veri-pc/.local/lib/python3.10/site-packages/airflow/example_dags/example_nested_branch_dag.py took 0.057 seconds
[2023-03-07 09:03:23,383] {processor.py:153} INFO - Started process (PID=12174) to work on /home/veri-pc/.local/lib/python3.10/site-packages/airflow/example_dags/example_nested_branch_dag.py
[2023-03-07 09:03:23,384] {processor.py:641} INFO - Processing file /home/veri-pc/.local/lib/python3.10/site-packages/airflow/example_dags/example_nested_branch_dag.py for tasks to queue
[2023-03-07 09:03:23,384] {logging_mixin.py:115} INFO - [2023-03-07 09:03:23,384] {dagbag.py:507} INFO - Filling up the DagBag from /home/veri-pc/.local/lib/python3.10/site-packages/airflow/example_dags/example_nested_branch_dag.py
[2023-03-07 09:03:23,393] {processor.py:651} INFO - DAG(s) dict_keys(['example_nested_branch_dag']) retrieved from /home/veri-pc/.local/lib/python3.10/site-packages/airflow/example_dags/example_nested_branch_dag.py
[2023-03-07 09:03:23,409] {logging_mixin.py:115} INFO - [2023-03-07 09:03:23,409] {dag.py:2379} INFO - Sync 1 DAGs
[2023-03-07 09:03:23,428] {logging_mixin.py:115} INFO - [2023-03-07 09:03:23,428] {dag.py:2927} INFO - Setting next_dagrun for example_nested_branch_dag to 2023-03-06T00:00:00+00:00, run_after=2023-03-07T00:00:00+00:00
[2023-03-07 09:03:23,442] {processor.py:161} INFO - Processing /home/veri-pc/.local/lib/python3.10/site-packages/airflow/example_dags/example_nested_branch_dag.py took 0.062 seconds
[2023-03-07 09:03:55,327] {processor.py:153} INFO - Started process (PID=12255) to work on /home/veri-pc/.local/lib/python3.10/site-packages/airflow/example_dags/example_nested_branch_dag.py
[2023-03-07 09:03:55,329] {processor.py:641} INFO - Processing file /home/veri-pc/.local/lib/python3.10/site-packages/airflow/example_dags/example_nested_branch_dag.py for tasks to queue
[2023-03-07 09:03:55,330] {logging_mixin.py:115} INFO - [2023-03-07 09:03:55,330] {dagbag.py:507} INFO - Filling up the DagBag from /home/veri-pc/.local/lib/python3.10/site-packages/airflow/example_dags/example_nested_branch_dag.py
[2023-03-07 09:03:55,347] {processor.py:651} INFO - DAG(s) dict_keys(['example_nested_branch_dag']) retrieved from /home/veri-pc/.local/lib/python3.10/site-packages/airflow/example_dags/example_nested_branch_dag.py
[2023-03-07 09:03:55,363] {logging_mixin.py:115} INFO - [2023-03-07 09:03:55,363] {dag.py:2379} INFO - Sync 1 DAGs
[2023-03-07 09:03:55,377] {logging_mixin.py:115} INFO - [2023-03-07 09:03:55,377] {dag.py:2927} INFO - Setting next_dagrun for example_nested_branch_dag to 2023-03-06T00:00:00+00:00, run_after=2023-03-07T00:00:00+00:00
[2023-03-07 09:03:55,384] {processor.py:161} INFO - Processing /home/veri-pc/.local/lib/python3.10/site-packages/airflow/example_dags/example_nested_branch_dag.py took 0.061 seconds
[2023-03-07 09:04:26,674] {processor.py:153} INFO - Started process (PID=12333) to work on /home/veri-pc/.local/lib/python3.10/site-packages/airflow/example_dags/example_nested_branch_dag.py
[2023-03-07 09:04:26,675] {processor.py:641} INFO - Processing file /home/veri-pc/.local/lib/python3.10/site-packages/airflow/example_dags/example_nested_branch_dag.py for tasks to queue
[2023-03-07 09:04:26,675] {logging_mixin.py:115} INFO - [2023-03-07 09:04:26,675] {dagbag.py:507} INFO - Filling up the DagBag from /home/veri-pc/.local/lib/python3.10/site-packages/airflow/example_dags/example_nested_branch_dag.py
[2023-03-07 09:04:26,687] {processor.py:651} INFO - DAG(s) dict_keys(['example_nested_branch_dag']) retrieved from /home/veri-pc/.local/lib/python3.10/site-packages/airflow/example_dags/example_nested_branch_dag.py
[2023-03-07 09:04:26,700] {logging_mixin.py:115} INFO - [2023-03-07 09:04:26,700] {dag.py:2379} INFO - Sync 1 DAGs
[2023-03-07 09:04:26,714] {logging_mixin.py:115} INFO - [2023-03-07 09:04:26,714] {dag.py:2927} INFO - Setting next_dagrun for example_nested_branch_dag to 2023-03-06T00:00:00+00:00, run_after=2023-03-07T00:00:00+00:00
[2023-03-07 09:04:26,725] {processor.py:161} INFO - Processing /home/veri-pc/.local/lib/python3.10/site-packages/airflow/example_dags/example_nested_branch_dag.py took 0.053 seconds
[2023-03-07 09:04:58,456] {processor.py:153} INFO - Started process (PID=12420) to work on /home/veri-pc/.local/lib/python3.10/site-packages/airflow/example_dags/example_nested_branch_dag.py
[2023-03-07 09:04:58,457] {processor.py:641} INFO - Processing file /home/veri-pc/.local/lib/python3.10/site-packages/airflow/example_dags/example_nested_branch_dag.py for tasks to queue
[2023-03-07 09:04:58,458] {logging_mixin.py:115} INFO - [2023-03-07 09:04:58,457] {dagbag.py:507} INFO - Filling up the DagBag from /home/veri-pc/.local/lib/python3.10/site-packages/airflow/example_dags/example_nested_branch_dag.py
[2023-03-07 09:04:58,472] {processor.py:651} INFO - DAG(s) dict_keys(['example_nested_branch_dag']) retrieved from /home/veri-pc/.local/lib/python3.10/site-packages/airflow/example_dags/example_nested_branch_dag.py
[2023-03-07 09:04:58,497] {logging_mixin.py:115} INFO - [2023-03-07 09:04:58,497] {dag.py:2379} INFO - Sync 1 DAGs
[2023-03-07 09:04:58,530] {logging_mixin.py:115} INFO - [2023-03-07 09:04:58,530] {dag.py:2927} INFO - Setting next_dagrun for example_nested_branch_dag to 2023-03-06T00:00:00+00:00, run_after=2023-03-07T00:00:00+00:00
[2023-03-07 09:04:58,544] {processor.py:161} INFO - Processing /home/veri-pc/.local/lib/python3.10/site-packages/airflow/example_dags/example_nested_branch_dag.py took 0.092 seconds
[2023-03-07 09:05:29,495] {processor.py:153} INFO - Started process (PID=12484) to work on /home/veri-pc/.local/lib/python3.10/site-packages/airflow/example_dags/example_nested_branch_dag.py
[2023-03-07 09:05:29,495] {processor.py:641} INFO - Processing file /home/veri-pc/.local/lib/python3.10/site-packages/airflow/example_dags/example_nested_branch_dag.py for tasks to queue
[2023-03-07 09:05:29,496] {logging_mixin.py:115} INFO - [2023-03-07 09:05:29,496] {dagbag.py:507} INFO - Filling up the DagBag from /home/veri-pc/.local/lib/python3.10/site-packages/airflow/example_dags/example_nested_branch_dag.py
[2023-03-07 09:05:29,501] {processor.py:651} INFO - DAG(s) dict_keys(['example_nested_branch_dag']) retrieved from /home/veri-pc/.local/lib/python3.10/site-packages/airflow/example_dags/example_nested_branch_dag.py
[2023-03-07 09:05:29,510] {logging_mixin.py:115} INFO - [2023-03-07 09:05:29,510] {dag.py:2379} INFO - Sync 1 DAGs
[2023-03-07 09:05:29,521] {logging_mixin.py:115} INFO - [2023-03-07 09:05:29,521] {dag.py:2927} INFO - Setting next_dagrun for example_nested_branch_dag to 2023-03-06T00:00:00+00:00, run_after=2023-03-07T00:00:00+00:00
[2023-03-07 09:05:29,528] {processor.py:161} INFO - Processing /home/veri-pc/.local/lib/python3.10/site-packages/airflow/example_dags/example_nested_branch_dag.py took 0.035 seconds
[2023-03-07 09:06:03,174] {processor.py:153} INFO - Started process (PID=12558) to work on /home/veri-pc/.local/lib/python3.10/site-packages/airflow/example_dags/example_nested_branch_dag.py
[2023-03-07 09:06:03,175] {processor.py:641} INFO - Processing file /home/veri-pc/.local/lib/python3.10/site-packages/airflow/example_dags/example_nested_branch_dag.py for tasks to queue
[2023-03-07 09:06:03,175] {logging_mixin.py:115} INFO - [2023-03-07 09:06:03,175] {dagbag.py:507} INFO - Filling up the DagBag from /home/veri-pc/.local/lib/python3.10/site-packages/airflow/example_dags/example_nested_branch_dag.py
[2023-03-07 09:06:03,189] {processor.py:651} INFO - DAG(s) dict_keys(['example_nested_branch_dag']) retrieved from /home/veri-pc/.local/lib/python3.10/site-packages/airflow/example_dags/example_nested_branch_dag.py
[2023-03-07 09:06:03,218] {logging_mixin.py:115} INFO - [2023-03-07 09:06:03,218] {dag.py:2379} INFO - Sync 1 DAGs
[2023-03-07 09:06:03,256] {logging_mixin.py:115} INFO - [2023-03-07 09:06:03,256] {dag.py:2927} INFO - Setting next_dagrun for example_nested_branch_dag to 2023-03-06T00:00:00+00:00, run_after=2023-03-07T00:00:00+00:00
[2023-03-07 09:06:03,277] {processor.py:161} INFO - Processing /home/veri-pc/.local/lib/python3.10/site-packages/airflow/example_dags/example_nested_branch_dag.py took 0.109 seconds
[2023-03-07 09:06:36,062] {processor.py:153} INFO - Started process (PID=12621) to work on /home/veri-pc/.local/lib/python3.10/site-packages/airflow/example_dags/example_nested_branch_dag.py
[2023-03-07 09:06:36,064] {processor.py:641} INFO - Processing file /home/veri-pc/.local/lib/python3.10/site-packages/airflow/example_dags/example_nested_branch_dag.py for tasks to queue
[2023-03-07 09:06:36,065] {logging_mixin.py:115} INFO - [2023-03-07 09:06:36,065] {dagbag.py:507} INFO - Filling up the DagBag from /home/veri-pc/.local/lib/python3.10/site-packages/airflow/example_dags/example_nested_branch_dag.py
[2023-03-07 09:06:36,081] {processor.py:651} INFO - DAG(s) dict_keys(['example_nested_branch_dag']) retrieved from /home/veri-pc/.local/lib/python3.10/site-packages/airflow/example_dags/example_nested_branch_dag.py
[2023-03-07 09:06:36,095] {logging_mixin.py:115} INFO - [2023-03-07 09:06:36,095] {dag.py:2379} INFO - Sync 1 DAGs
[2023-03-07 09:06:36,109] {logging_mixin.py:115} INFO - [2023-03-07 09:06:36,109] {dag.py:2927} INFO - Setting next_dagrun for example_nested_branch_dag to 2023-03-06T00:00:00+00:00, run_after=2023-03-07T00:00:00+00:00
[2023-03-07 09:06:36,116] {processor.py:161} INFO - Processing /home/veri-pc/.local/lib/python3.10/site-packages/airflow/example_dags/example_nested_branch_dag.py took 0.060 seconds
[2023-03-07 09:07:07,756] {processor.py:153} INFO - Started process (PID=12700) to work on /home/veri-pc/.local/lib/python3.10/site-packages/airflow/example_dags/example_nested_branch_dag.py
[2023-03-07 09:07:07,757] {processor.py:641} INFO - Processing file /home/veri-pc/.local/lib/python3.10/site-packages/airflow/example_dags/example_nested_branch_dag.py for tasks to queue
[2023-03-07 09:07:07,758] {logging_mixin.py:115} INFO - [2023-03-07 09:07:07,758] {dagbag.py:507} INFO - Filling up the DagBag from /home/veri-pc/.local/lib/python3.10/site-packages/airflow/example_dags/example_nested_branch_dag.py
[2023-03-07 09:07:07,778] {processor.py:651} INFO - DAG(s) dict_keys(['example_nested_branch_dag']) retrieved from /home/veri-pc/.local/lib/python3.10/site-packages/airflow/example_dags/example_nested_branch_dag.py
[2023-03-07 09:07:07,792] {logging_mixin.py:115} INFO - [2023-03-07 09:07:07,792] {dag.py:2379} INFO - Sync 1 DAGs
[2023-03-07 09:07:07,805] {logging_mixin.py:115} INFO - [2023-03-07 09:07:07,805] {dag.py:2927} INFO - Setting next_dagrun for example_nested_branch_dag to 2023-03-06T00:00:00+00:00, run_after=2023-03-07T00:00:00+00:00
[2023-03-07 09:07:07,813] {processor.py:161} INFO - Processing /home/veri-pc/.local/lib/python3.10/site-packages/airflow/example_dags/example_nested_branch_dag.py took 0.063 seconds
[2023-03-07 09:07:41,552] {processor.py:153} INFO - Started process (PID=12809) to work on /home/veri-pc/.local/lib/python3.10/site-packages/airflow/example_dags/example_nested_branch_dag.py
[2023-03-07 09:07:41,553] {processor.py:641} INFO - Processing file /home/veri-pc/.local/lib/python3.10/site-packages/airflow/example_dags/example_nested_branch_dag.py for tasks to queue
[2023-03-07 09:07:41,553] {logging_mixin.py:115} INFO - [2023-03-07 09:07:41,553] {dagbag.py:507} INFO - Filling up the DagBag from /home/veri-pc/.local/lib/python3.10/site-packages/airflow/example_dags/example_nested_branch_dag.py
[2023-03-07 09:07:41,561] {processor.py:651} INFO - DAG(s) dict_keys(['example_nested_branch_dag']) retrieved from /home/veri-pc/.local/lib/python3.10/site-packages/airflow/example_dags/example_nested_branch_dag.py
[2023-03-07 09:07:41,574] {logging_mixin.py:115} INFO - [2023-03-07 09:07:41,574] {dag.py:2379} INFO - Sync 1 DAGs
[2023-03-07 09:07:41,589] {logging_mixin.py:115} INFO - [2023-03-07 09:07:41,589] {dag.py:2927} INFO - Setting next_dagrun for example_nested_branch_dag to 2023-03-06T00:00:00+00:00, run_after=2023-03-07T00:00:00+00:00
[2023-03-07 09:07:41,603] {processor.py:161} INFO - Processing /home/veri-pc/.local/lib/python3.10/site-packages/airflow/example_dags/example_nested_branch_dag.py took 0.055 seconds
[2023-03-07 09:08:12,517] {processor.py:153} INFO - Started process (PID=12896) to work on /home/veri-pc/.local/lib/python3.10/site-packages/airflow/example_dags/example_nested_branch_dag.py
[2023-03-07 09:08:12,518] {processor.py:641} INFO - Processing file /home/veri-pc/.local/lib/python3.10/site-packages/airflow/example_dags/example_nested_branch_dag.py for tasks to queue
[2023-03-07 09:08:12,519] {logging_mixin.py:115} INFO - [2023-03-07 09:08:12,519] {dagbag.py:507} INFO - Filling up the DagBag from /home/veri-pc/.local/lib/python3.10/site-packages/airflow/example_dags/example_nested_branch_dag.py
[2023-03-07 09:08:12,539] {processor.py:651} INFO - DAG(s) dict_keys(['example_nested_branch_dag']) retrieved from /home/veri-pc/.local/lib/python3.10/site-packages/airflow/example_dags/example_nested_branch_dag.py
[2023-03-07 09:08:12,554] {logging_mixin.py:115} INFO - [2023-03-07 09:08:12,554] {dag.py:2379} INFO - Sync 1 DAGs
[2023-03-07 09:08:12,566] {logging_mixin.py:115} INFO - [2023-03-07 09:08:12,566] {dag.py:2927} INFO - Setting next_dagrun for example_nested_branch_dag to 2023-03-06T00:00:00+00:00, run_after=2023-03-07T00:00:00+00:00
[2023-03-07 09:08:12,574] {processor.py:161} INFO - Processing /home/veri-pc/.local/lib/python3.10/site-packages/airflow/example_dags/example_nested_branch_dag.py took 0.063 seconds
[2023-03-07 09:08:42,743] {processor.py:153} INFO - Started process (PID=12950) to work on /home/veri-pc/.local/lib/python3.10/site-packages/airflow/example_dags/example_nested_branch_dag.py
[2023-03-07 09:08:42,744] {processor.py:641} INFO - Processing file /home/veri-pc/.local/lib/python3.10/site-packages/airflow/example_dags/example_nested_branch_dag.py for tasks to queue
[2023-03-07 09:08:42,746] {logging_mixin.py:115} INFO - [2023-03-07 09:08:42,745] {dagbag.py:507} INFO - Filling up the DagBag from /home/veri-pc/.local/lib/python3.10/site-packages/airflow/example_dags/example_nested_branch_dag.py
[2023-03-07 09:08:42,763] {processor.py:651} INFO - DAG(s) dict_keys(['example_nested_branch_dag']) retrieved from /home/veri-pc/.local/lib/python3.10/site-packages/airflow/example_dags/example_nested_branch_dag.py
[2023-03-07 09:08:42,778] {logging_mixin.py:115} INFO - [2023-03-07 09:08:42,778] {dag.py:2379} INFO - Sync 1 DAGs
[2023-03-07 09:08:42,791] {logging_mixin.py:115} INFO - [2023-03-07 09:08:42,791] {dag.py:2927} INFO - Setting next_dagrun for example_nested_branch_dag to 2023-03-06T00:00:00+00:00, run_after=2023-03-07T00:00:00+00:00
[2023-03-07 09:08:42,800] {processor.py:161} INFO - Processing /home/veri-pc/.local/lib/python3.10/site-packages/airflow/example_dags/example_nested_branch_dag.py took 0.062 seconds
[2023-03-07 09:09:14,208] {processor.py:153} INFO - Started process (PID=13027) to work on /home/veri-pc/.local/lib/python3.10/site-packages/airflow/example_dags/example_nested_branch_dag.py
[2023-03-07 09:09:14,209] {processor.py:641} INFO - Processing file /home/veri-pc/.local/lib/python3.10/site-packages/airflow/example_dags/example_nested_branch_dag.py for tasks to queue
[2023-03-07 09:09:14,210] {logging_mixin.py:115} INFO - [2023-03-07 09:09:14,210] {dagbag.py:507} INFO - Filling up the DagBag from /home/veri-pc/.local/lib/python3.10/site-packages/airflow/example_dags/example_nested_branch_dag.py
[2023-03-07 09:09:14,230] {processor.py:651} INFO - DAG(s) dict_keys(['example_nested_branch_dag']) retrieved from /home/veri-pc/.local/lib/python3.10/site-packages/airflow/example_dags/example_nested_branch_dag.py
[2023-03-07 09:09:14,245] {logging_mixin.py:115} INFO - [2023-03-07 09:09:14,245] {dag.py:2379} INFO - Sync 1 DAGs
[2023-03-07 09:09:14,258] {logging_mixin.py:115} INFO - [2023-03-07 09:09:14,257] {dag.py:2927} INFO - Setting next_dagrun for example_nested_branch_dag to 2023-03-06T00:00:00+00:00, run_after=2023-03-07T00:00:00+00:00
[2023-03-07 09:09:14,266] {processor.py:161} INFO - Processing /home/veri-pc/.local/lib/python3.10/site-packages/airflow/example_dags/example_nested_branch_dag.py took 0.065 seconds
[2023-03-07 09:09:49,403] {processor.py:153} INFO - Started process (PID=13186) to work on /home/veri-pc/.local/lib/python3.10/site-packages/airflow/example_dags/example_nested_branch_dag.py
[2023-03-07 09:09:49,404] {processor.py:641} INFO - Processing file /home/veri-pc/.local/lib/python3.10/site-packages/airflow/example_dags/example_nested_branch_dag.py for tasks to queue
[2023-03-07 09:09:49,404] {logging_mixin.py:115} INFO - [2023-03-07 09:09:49,404] {dagbag.py:507} INFO - Filling up the DagBag from /home/veri-pc/.local/lib/python3.10/site-packages/airflow/example_dags/example_nested_branch_dag.py
[2023-03-07 09:09:49,416] {processor.py:651} INFO - DAG(s) dict_keys(['example_nested_branch_dag']) retrieved from /home/veri-pc/.local/lib/python3.10/site-packages/airflow/example_dags/example_nested_branch_dag.py
[2023-03-07 09:09:49,427] {logging_mixin.py:115} INFO - [2023-03-07 09:09:49,427] {dag.py:2379} INFO - Sync 1 DAGs
[2023-03-07 09:09:49,445] {logging_mixin.py:115} INFO - [2023-03-07 09:09:49,445] {dag.py:2927} INFO - Setting next_dagrun for example_nested_branch_dag to 2023-03-06T00:00:00+00:00, run_after=2023-03-07T00:00:00+00:00
[2023-03-07 09:09:49,459] {processor.py:161} INFO - Processing /home/veri-pc/.local/lib/python3.10/site-packages/airflow/example_dags/example_nested_branch_dag.py took 0.059 seconds
