[2023-03-07 12:08:24,197] {processor.py:153} INFO - Started process (PID=40725) to work on /home/veri-pc/.local/lib/python3.10/site-packages/airflow/example_dags/example_branch_python_dop_operator_3.py
[2023-03-07 12:08:24,197] {processor.py:641} INFO - Processing file /home/veri-pc/.local/lib/python3.10/site-packages/airflow/example_dags/example_branch_python_dop_operator_3.py for tasks to queue
[2023-03-07 12:08:24,197] {logging_mixin.py:115} INFO - [2023-03-07 12:08:24,197] {dagbag.py:507} INFO - Filling up the DagBag from /home/veri-pc/.local/lib/python3.10/site-packages/airflow/example_dags/example_branch_python_dop_operator_3.py
[2023-03-07 12:08:24,212] {processor.py:651} INFO - DAG(s) dict_keys(['example_branch_dop_operator_v3']) retrieved from /home/veri-pc/.local/lib/python3.10/site-packages/airflow/example_dags/example_branch_python_dop_operator_3.py
[2023-03-07 12:08:24,271] {logging_mixin.py:115} INFO - [2023-03-07 12:08:24,270] {manager.py:508} INFO - Created Permission View: can read on DAG:example_branch_dop_operator_v3
[2023-03-07 12:08:24,279] {logging_mixin.py:115} INFO - [2023-03-07 12:08:24,279] {manager.py:508} INFO - Created Permission View: can edit on DAG:example_branch_dop_operator_v3
[2023-03-07 12:08:24,285] {logging_mixin.py:115} INFO - [2023-03-07 12:08:24,285] {manager.py:508} INFO - Created Permission View: can delete on DAG:example_branch_dop_operator_v3
[2023-03-07 12:08:24,285] {logging_mixin.py:115} INFO - [2023-03-07 12:08:24,285] {dag.py:2379} INFO - Sync 1 DAGs
[2023-03-07 12:08:24,293] {logging_mixin.py:115} INFO - [2023-03-07 12:08:24,293] {dag.py:2398} INFO - Creating ORM DAG for example_branch_dop_operator_v3
[2023-03-07 12:08:24,308] {logging_mixin.py:115} INFO - [2023-03-07 12:08:24,308] {dag.py:2927} INFO - Setting next_dagrun for example_branch_dop_operator_v3 to 2023-03-07T15:07:00+00:00, run_after=2023-03-07T15:08:00+00:00
[2023-03-07 12:08:24,325] {processor.py:161} INFO - Processing /home/veri-pc/.local/lib/python3.10/site-packages/airflow/example_dags/example_branch_python_dop_operator_3.py took 0.132 seconds
[2023-03-07 12:08:59,381] {processor.py:153} INFO - Started process (PID=40827) to work on /home/veri-pc/.local/lib/python3.10/site-packages/airflow/example_dags/example_branch_python_dop_operator_3.py
[2023-03-07 12:08:59,381] {processor.py:641} INFO - Processing file /home/veri-pc/.local/lib/python3.10/site-packages/airflow/example_dags/example_branch_python_dop_operator_3.py for tasks to queue
[2023-03-07 12:08:59,382] {logging_mixin.py:115} INFO - [2023-03-07 12:08:59,382] {dagbag.py:507} INFO - Filling up the DagBag from /home/veri-pc/.local/lib/python3.10/site-packages/airflow/example_dags/example_branch_python_dop_operator_3.py
[2023-03-07 12:08:59,390] {processor.py:651} INFO - DAG(s) dict_keys(['example_branch_dop_operator_v3']) retrieved from /home/veri-pc/.local/lib/python3.10/site-packages/airflow/example_dags/example_branch_python_dop_operator_3.py
[2023-03-07 12:08:59,399] {logging_mixin.py:115} INFO - [2023-03-07 12:08:59,399] {dag.py:2379} INFO - Sync 1 DAGs
[2023-03-07 12:08:59,414] {logging_mixin.py:115} INFO - [2023-03-07 12:08:59,414] {dag.py:2927} INFO - Setting next_dagrun for example_branch_dop_operator_v3 to 2023-03-07T15:07:00+00:00, run_after=2023-03-07T15:08:00+00:00
[2023-03-07 12:08:59,425] {processor.py:161} INFO - Processing /home/veri-pc/.local/lib/python3.10/site-packages/airflow/example_dags/example_branch_python_dop_operator_3.py took 0.046 seconds
[2023-03-07 12:09:31,087] {processor.py:153} INFO - Started process (PID=40908) to work on /home/veri-pc/.local/lib/python3.10/site-packages/airflow/example_dags/example_branch_python_dop_operator_3.py
[2023-03-07 12:09:31,088] {processor.py:641} INFO - Processing file /home/veri-pc/.local/lib/python3.10/site-packages/airflow/example_dags/example_branch_python_dop_operator_3.py for tasks to queue
[2023-03-07 12:09:31,089] {logging_mixin.py:115} INFO - [2023-03-07 12:09:31,089] {dagbag.py:507} INFO - Filling up the DagBag from /home/veri-pc/.local/lib/python3.10/site-packages/airflow/example_dags/example_branch_python_dop_operator_3.py
[2023-03-07 12:09:31,112] {processor.py:651} INFO - DAG(s) dict_keys(['example_branch_dop_operator_v3']) retrieved from /home/veri-pc/.local/lib/python3.10/site-packages/airflow/example_dags/example_branch_python_dop_operator_3.py
[2023-03-07 12:09:31,125] {logging_mixin.py:115} INFO - [2023-03-07 12:09:31,125] {dag.py:2379} INFO - Sync 1 DAGs
[2023-03-07 12:09:31,139] {logging_mixin.py:115} INFO - [2023-03-07 12:09:31,139] {dag.py:2927} INFO - Setting next_dagrun for example_branch_dop_operator_v3 to 2023-03-07T15:08:00+00:00, run_after=2023-03-07T15:09:00+00:00
[2023-03-07 12:09:31,148] {processor.py:161} INFO - Processing /home/veri-pc/.local/lib/python3.10/site-packages/airflow/example_dags/example_branch_python_dop_operator_3.py took 0.068 seconds
[2023-03-07 12:10:05,925] {processor.py:153} INFO - Started process (PID=40986) to work on /home/veri-pc/.local/lib/python3.10/site-packages/airflow/example_dags/example_branch_python_dop_operator_3.py
[2023-03-07 12:10:05,927] {processor.py:641} INFO - Processing file /home/veri-pc/.local/lib/python3.10/site-packages/airflow/example_dags/example_branch_python_dop_operator_3.py for tasks to queue
[2023-03-07 12:10:05,928] {logging_mixin.py:115} INFO - [2023-03-07 12:10:05,927] {dagbag.py:507} INFO - Filling up the DagBag from /home/veri-pc/.local/lib/python3.10/site-packages/airflow/example_dags/example_branch_python_dop_operator_3.py
[2023-03-07 12:10:05,953] {processor.py:651} INFO - DAG(s) dict_keys(['example_branch_dop_operator_v3']) retrieved from /home/veri-pc/.local/lib/python3.10/site-packages/airflow/example_dags/example_branch_python_dop_operator_3.py
[2023-03-07 12:10:05,966] {logging_mixin.py:115} INFO - [2023-03-07 12:10:05,966] {dag.py:2379} INFO - Sync 1 DAGs
[2023-03-07 12:10:05,980] {logging_mixin.py:115} INFO - [2023-03-07 12:10:05,980] {dag.py:2927} INFO - Setting next_dagrun for example_branch_dop_operator_v3 to 2023-03-07T15:09:00+00:00, run_after=2023-03-07T15:10:00+00:00
[2023-03-07 12:10:05,988] {processor.py:161} INFO - Processing /home/veri-pc/.local/lib/python3.10/site-packages/airflow/example_dags/example_branch_python_dop_operator_3.py took 0.069 seconds
[2023-03-07 12:10:39,610] {processor.py:153} INFO - Started process (PID=41078) to work on /home/veri-pc/.local/lib/python3.10/site-packages/airflow/example_dags/example_branch_python_dop_operator_3.py
[2023-03-07 12:10:39,611] {processor.py:641} INFO - Processing file /home/veri-pc/.local/lib/python3.10/site-packages/airflow/example_dags/example_branch_python_dop_operator_3.py for tasks to queue
[2023-03-07 12:10:39,613] {logging_mixin.py:115} INFO - [2023-03-07 12:10:39,612] {dagbag.py:507} INFO - Filling up the DagBag from /home/veri-pc/.local/lib/python3.10/site-packages/airflow/example_dags/example_branch_python_dop_operator_3.py
[2023-03-07 12:10:39,631] {processor.py:651} INFO - DAG(s) dict_keys(['example_branch_dop_operator_v3']) retrieved from /home/veri-pc/.local/lib/python3.10/site-packages/airflow/example_dags/example_branch_python_dop_operator_3.py
[2023-03-07 12:10:39,642] {logging_mixin.py:115} INFO - [2023-03-07 12:10:39,642] {dag.py:2379} INFO - Sync 1 DAGs
[2023-03-07 12:10:39,656] {logging_mixin.py:115} INFO - [2023-03-07 12:10:39,656] {dag.py:2927} INFO - Setting next_dagrun for example_branch_dop_operator_v3 to 2023-03-07T15:09:00+00:00, run_after=2023-03-07T15:10:00+00:00
[2023-03-07 12:10:39,665] {processor.py:161} INFO - Processing /home/veri-pc/.local/lib/python3.10/site-packages/airflow/example_dags/example_branch_python_dop_operator_3.py took 0.062 seconds
[2023-03-07 12:11:13,521] {processor.py:153} INFO - Started process (PID=41156) to work on /home/veri-pc/.local/lib/python3.10/site-packages/airflow/example_dags/example_branch_python_dop_operator_3.py
[2023-03-07 12:11:13,522] {processor.py:641} INFO - Processing file /home/veri-pc/.local/lib/python3.10/site-packages/airflow/example_dags/example_branch_python_dop_operator_3.py for tasks to queue
[2023-03-07 12:11:13,523] {logging_mixin.py:115} INFO - [2023-03-07 12:11:13,523] {dagbag.py:507} INFO - Filling up the DagBag from /home/veri-pc/.local/lib/python3.10/site-packages/airflow/example_dags/example_branch_python_dop_operator_3.py
[2023-03-07 12:11:13,548] {processor.py:651} INFO - DAG(s) dict_keys(['example_branch_dop_operator_v3']) retrieved from /home/veri-pc/.local/lib/python3.10/site-packages/airflow/example_dags/example_branch_python_dop_operator_3.py
[2023-03-07 12:11:13,560] {logging_mixin.py:115} INFO - [2023-03-07 12:11:13,560] {dag.py:2379} INFO - Sync 1 DAGs
[2023-03-07 12:11:13,575] {logging_mixin.py:115} INFO - [2023-03-07 12:11:13,575] {dag.py:2927} INFO - Setting next_dagrun for example_branch_dop_operator_v3 to 2023-03-07T15:10:00+00:00, run_after=2023-03-07T15:11:00+00:00
[2023-03-07 12:11:13,582] {processor.py:161} INFO - Processing /home/veri-pc/.local/lib/python3.10/site-packages/airflow/example_dags/example_branch_python_dop_operator_3.py took 0.069 seconds
[2023-03-07 12:12:00,028] {processor.py:153} INFO - Started process (PID=41390) to work on /home/veri-pc/.local/lib/python3.10/site-packages/airflow/example_dags/example_branch_python_dop_operator_3.py
[2023-03-07 12:12:00,028] {processor.py:641} INFO - Processing file /home/veri-pc/.local/lib/python3.10/site-packages/airflow/example_dags/example_branch_python_dop_operator_3.py for tasks to queue
[2023-03-07 12:12:00,029] {logging_mixin.py:115} INFO - [2023-03-07 12:12:00,028] {dagbag.py:507} INFO - Filling up the DagBag from /home/veri-pc/.local/lib/python3.10/site-packages/airflow/example_dags/example_branch_python_dop_operator_3.py
[2023-03-07 12:12:00,034] {processor.py:651} INFO - DAG(s) dict_keys(['example_branch_dop_operator_v3']) retrieved from /home/veri-pc/.local/lib/python3.10/site-packages/airflow/example_dags/example_branch_python_dop_operator_3.py
[2023-03-07 12:12:00,043] {logging_mixin.py:115} INFO - [2023-03-07 12:12:00,043] {dag.py:2379} INFO - Sync 1 DAGs
[2023-03-07 12:12:00,057] {logging_mixin.py:115} INFO - [2023-03-07 12:12:00,057] {dag.py:2927} INFO - Setting next_dagrun for example_branch_dop_operator_v3 to 2023-03-07T15:11:00+00:00, run_after=2023-03-07T15:12:00+00:00
[2023-03-07 12:12:00,065] {processor.py:161} INFO - Processing /home/veri-pc/.local/lib/python3.10/site-packages/airflow/example_dags/example_branch_python_dop_operator_3.py took 0.039 seconds
[2023-03-07 12:12:33,657] {processor.py:153} INFO - Started process (PID=41466) to work on /home/veri-pc/.local/lib/python3.10/site-packages/airflow/example_dags/example_branch_python_dop_operator_3.py
[2023-03-07 12:12:33,663] {processor.py:641} INFO - Processing file /home/veri-pc/.local/lib/python3.10/site-packages/airflow/example_dags/example_branch_python_dop_operator_3.py for tasks to queue
[2023-03-07 12:12:33,664] {logging_mixin.py:115} INFO - [2023-03-07 12:12:33,664] {dagbag.py:507} INFO - Filling up the DagBag from /home/veri-pc/.local/lib/python3.10/site-packages/airflow/example_dags/example_branch_python_dop_operator_3.py
[2023-03-07 12:12:33,682] {processor.py:651} INFO - DAG(s) dict_keys(['example_branch_dop_operator_v3']) retrieved from /home/veri-pc/.local/lib/python3.10/site-packages/airflow/example_dags/example_branch_python_dop_operator_3.py
[2023-03-07 12:12:33,699] {logging_mixin.py:115} INFO - [2023-03-07 12:12:33,699] {dag.py:2379} INFO - Sync 1 DAGs
[2023-03-07 12:12:33,715] {logging_mixin.py:115} INFO - [2023-03-07 12:12:33,715] {dag.py:2927} INFO - Setting next_dagrun for example_branch_dop_operator_v3 to 2023-03-07T15:11:00+00:00, run_after=2023-03-07T15:12:00+00:00
[2023-03-07 12:12:33,787] {processor.py:161} INFO - Processing /home/veri-pc/.local/lib/python3.10/site-packages/airflow/example_dags/example_branch_python_dop_operator_3.py took 0.135 seconds
[2023-03-07 12:13:12,436] {processor.py:153} INFO - Started process (PID=41582) to work on /home/veri-pc/.local/lib/python3.10/site-packages/airflow/example_dags/example_branch_python_dop_operator_3.py
[2023-03-07 12:13:12,438] {processor.py:641} INFO - Processing file /home/veri-pc/.local/lib/python3.10/site-packages/airflow/example_dags/example_branch_python_dop_operator_3.py for tasks to queue
[2023-03-07 12:13:12,439] {logging_mixin.py:115} INFO - [2023-03-07 12:13:12,439] {dagbag.py:507} INFO - Filling up the DagBag from /home/veri-pc/.local/lib/python3.10/site-packages/airflow/example_dags/example_branch_python_dop_operator_3.py
[2023-03-07 12:13:12,458] {processor.py:651} INFO - DAG(s) dict_keys(['example_branch_dop_operator_v3']) retrieved from /home/veri-pc/.local/lib/python3.10/site-packages/airflow/example_dags/example_branch_python_dop_operator_3.py
[2023-03-07 12:13:12,472] {logging_mixin.py:115} INFO - [2023-03-07 12:13:12,472] {dag.py:2379} INFO - Sync 1 DAGs
[2023-03-07 12:13:12,488] {logging_mixin.py:115} INFO - [2023-03-07 12:13:12,488] {dag.py:2927} INFO - Setting next_dagrun for example_branch_dop_operator_v3 to 2023-03-07T15:12:00+00:00, run_after=2023-03-07T15:13:00+00:00
[2023-03-07 12:13:12,495] {processor.py:161} INFO - Processing /home/veri-pc/.local/lib/python3.10/site-packages/airflow/example_dags/example_branch_python_dop_operator_3.py took 0.066 seconds
