[2023-03-07 08:40:47,479] {processor.py:153} INFO - Started process (PID=8150) to work on /home/veri-pc/.local/lib/python3.10/site-packages/airflow/example_dags/example_latest_only.py
[2023-03-07 08:40:47,480] {processor.py:641} INFO - Processing file /home/veri-pc/.local/lib/python3.10/site-packages/airflow/example_dags/example_latest_only.py for tasks to queue
[2023-03-07 08:40:47,481] {logging_mixin.py:115} INFO - [2023-03-07 08:40:47,481] {dagbag.py:507} INFO - Filling up the DagBag from /home/veri-pc/.local/lib/python3.10/site-packages/airflow/example_dags/example_latest_only.py
[2023-03-07 08:40:47,498] {processor.py:651} INFO - DAG(s) dict_keys(['latest_only']) retrieved from /home/veri-pc/.local/lib/python3.10/site-packages/airflow/example_dags/example_latest_only.py
[2023-03-07 08:40:47,543] {logging_mixin.py:115} INFO - [2023-03-07 08:40:47,542] {manager.py:508} INFO - Created Permission View: can delete on DAG:latest_only
[2023-03-07 08:40:47,548] {logging_mixin.py:115} INFO - [2023-03-07 08:40:47,548] {manager.py:508} INFO - Created Permission View: can read on DAG:latest_only
[2023-03-07 08:40:47,553] {logging_mixin.py:115} INFO - [2023-03-07 08:40:47,553] {manager.py:508} INFO - Created Permission View: can edit on DAG:latest_only
[2023-03-07 08:40:47,553] {logging_mixin.py:115} INFO - [2023-03-07 08:40:47,553] {dag.py:2379} INFO - Sync 1 DAGs
[2023-03-07 08:40:47,557] {logging_mixin.py:115} INFO - [2023-03-07 08:40:47,557] {dag.py:2398} INFO - Creating ORM DAG for latest_only
[2023-03-07 08:40:47,563] {logging_mixin.py:115} INFO - [2023-03-07 08:40:47,563] {dag.py:2927} INFO - Setting next_dagrun for latest_only to 2023-03-07T07:40:47.563323+00:00, run_after=2023-03-07T11:40:47.563323+00:00
[2023-03-07 08:40:47,572] {processor.py:161} INFO - Processing /home/veri-pc/.local/lib/python3.10/site-packages/airflow/example_dags/example_latest_only.py took 0.101 seconds
[2023-03-07 08:41:20,173] {processor.py:153} INFO - Started process (PID=8235) to work on /home/veri-pc/.local/lib/python3.10/site-packages/airflow/example_dags/example_latest_only.py
[2023-03-07 08:41:20,174] {processor.py:641} INFO - Processing file /home/veri-pc/.local/lib/python3.10/site-packages/airflow/example_dags/example_latest_only.py for tasks to queue
[2023-03-07 08:41:20,176] {logging_mixin.py:115} INFO - [2023-03-07 08:41:20,176] {dagbag.py:507} INFO - Filling up the DagBag from /home/veri-pc/.local/lib/python3.10/site-packages/airflow/example_dags/example_latest_only.py
[2023-03-07 08:41:20,191] {processor.py:651} INFO - DAG(s) dict_keys(['latest_only']) retrieved from /home/veri-pc/.local/lib/python3.10/site-packages/airflow/example_dags/example_latest_only.py
[2023-03-07 08:41:20,205] {logging_mixin.py:115} INFO - [2023-03-07 08:41:20,205] {dag.py:2379} INFO - Sync 1 DAGs
[2023-03-07 08:41:20,216] {logging_mixin.py:115} INFO - [2023-03-07 08:41:20,216] {dag.py:2927} INFO - Setting next_dagrun for latest_only to 2023-03-07T07:41:20.216716+00:00, run_after=2023-03-07T11:41:20.216716+00:00
[2023-03-07 08:41:20,224] {processor.py:161} INFO - Processing /home/veri-pc/.local/lib/python3.10/site-packages/airflow/example_dags/example_latest_only.py took 0.059 seconds
[2023-03-07 08:41:53,138] {processor.py:153} INFO - Started process (PID=8296) to work on /home/veri-pc/.local/lib/python3.10/site-packages/airflow/example_dags/example_latest_only.py
[2023-03-07 08:41:53,139] {processor.py:641} INFO - Processing file /home/veri-pc/.local/lib/python3.10/site-packages/airflow/example_dags/example_latest_only.py for tasks to queue
[2023-03-07 08:41:53,140] {logging_mixin.py:115} INFO - [2023-03-07 08:41:53,140] {dagbag.py:507} INFO - Filling up the DagBag from /home/veri-pc/.local/lib/python3.10/site-packages/airflow/example_dags/example_latest_only.py
[2023-03-07 08:41:53,151] {processor.py:651} INFO - DAG(s) dict_keys(['latest_only']) retrieved from /home/veri-pc/.local/lib/python3.10/site-packages/airflow/example_dags/example_latest_only.py
[2023-03-07 08:41:53,168] {logging_mixin.py:115} INFO - [2023-03-07 08:41:53,168] {dag.py:2379} INFO - Sync 1 DAGs
[2023-03-07 08:41:53,181] {logging_mixin.py:115} INFO - [2023-03-07 08:41:53,181] {dag.py:2927} INFO - Setting next_dagrun for latest_only to 2023-03-07T07:41:53.181527+00:00, run_after=2023-03-07T11:41:53.181527+00:00
[2023-03-07 08:41:53,190] {processor.py:161} INFO - Processing /home/veri-pc/.local/lib/python3.10/site-packages/airflow/example_dags/example_latest_only.py took 0.055 seconds
[2023-03-07 08:42:26,467] {processor.py:153} INFO - Started process (PID=8364) to work on /home/veri-pc/.local/lib/python3.10/site-packages/airflow/example_dags/example_latest_only.py
[2023-03-07 08:42:26,469] {processor.py:641} INFO - Processing file /home/veri-pc/.local/lib/python3.10/site-packages/airflow/example_dags/example_latest_only.py for tasks to queue
[2023-03-07 08:42:26,470] {logging_mixin.py:115} INFO - [2023-03-07 08:42:26,470] {dagbag.py:507} INFO - Filling up the DagBag from /home/veri-pc/.local/lib/python3.10/site-packages/airflow/example_dags/example_latest_only.py
[2023-03-07 08:42:26,486] {processor.py:651} INFO - DAG(s) dict_keys(['latest_only']) retrieved from /home/veri-pc/.local/lib/python3.10/site-packages/airflow/example_dags/example_latest_only.py
[2023-03-07 08:42:26,500] {logging_mixin.py:115} INFO - [2023-03-07 08:42:26,500] {dag.py:2379} INFO - Sync 1 DAGs
[2023-03-07 08:42:26,512] {logging_mixin.py:115} INFO - [2023-03-07 08:42:26,512] {dag.py:2927} INFO - Setting next_dagrun for latest_only to 2023-03-07T07:42:26.512655+00:00, run_after=2023-03-07T11:42:26.512655+00:00
[2023-03-07 08:42:26,520] {processor.py:161} INFO - Processing /home/veri-pc/.local/lib/python3.10/site-packages/airflow/example_dags/example_latest_only.py took 0.059 seconds
[2023-03-07 08:42:58,766] {processor.py:153} INFO - Started process (PID=8430) to work on /home/veri-pc/.local/lib/python3.10/site-packages/airflow/example_dags/example_latest_only.py
[2023-03-07 08:42:58,767] {processor.py:641} INFO - Processing file /home/veri-pc/.local/lib/python3.10/site-packages/airflow/example_dags/example_latest_only.py for tasks to queue
[2023-03-07 08:42:58,769] {logging_mixin.py:115} INFO - [2023-03-07 08:42:58,768] {dagbag.py:507} INFO - Filling up the DagBag from /home/veri-pc/.local/lib/python3.10/site-packages/airflow/example_dags/example_latest_only.py
[2023-03-07 08:42:58,786] {processor.py:651} INFO - DAG(s) dict_keys(['latest_only']) retrieved from /home/veri-pc/.local/lib/python3.10/site-packages/airflow/example_dags/example_latest_only.py
[2023-03-07 08:42:58,800] {logging_mixin.py:115} INFO - [2023-03-07 08:42:58,800] {dag.py:2379} INFO - Sync 1 DAGs
[2023-03-07 08:42:58,814] {logging_mixin.py:115} INFO - [2023-03-07 08:42:58,814] {dag.py:2927} INFO - Setting next_dagrun for latest_only to 2023-03-07T07:42:58.814392+00:00, run_after=2023-03-07T11:42:58.814392+00:00
[2023-03-07 08:42:58,824] {processor.py:161} INFO - Processing /home/veri-pc/.local/lib/python3.10/site-packages/airflow/example_dags/example_latest_only.py took 0.064 seconds
[2023-03-07 08:43:34,159] {processor.py:153} INFO - Started process (PID=8512) to work on /home/veri-pc/.local/lib/python3.10/site-packages/airflow/example_dags/example_latest_only.py
[2023-03-07 08:43:34,161] {processor.py:641} INFO - Processing file /home/veri-pc/.local/lib/python3.10/site-packages/airflow/example_dags/example_latest_only.py for tasks to queue
[2023-03-07 08:43:34,162] {logging_mixin.py:115} INFO - [2023-03-07 08:43:34,162] {dagbag.py:507} INFO - Filling up the DagBag from /home/veri-pc/.local/lib/python3.10/site-packages/airflow/example_dags/example_latest_only.py
[2023-03-07 08:43:34,180] {processor.py:651} INFO - DAG(s) dict_keys(['latest_only']) retrieved from /home/veri-pc/.local/lib/python3.10/site-packages/airflow/example_dags/example_latest_only.py
[2023-03-07 08:43:34,195] {logging_mixin.py:115} INFO - [2023-03-07 08:43:34,195] {dag.py:2379} INFO - Sync 1 DAGs
[2023-03-07 08:43:34,208] {logging_mixin.py:115} INFO - [2023-03-07 08:43:34,208] {dag.py:2927} INFO - Setting next_dagrun for latest_only to 2023-03-07T07:43:34.208110+00:00, run_after=2023-03-07T11:43:34.208110+00:00
[2023-03-07 08:43:34,216] {processor.py:161} INFO - Processing /home/veri-pc/.local/lib/python3.10/site-packages/airflow/example_dags/example_latest_only.py took 0.063 seconds
[2023-03-07 08:44:05,016] {processor.py:153} INFO - Started process (PID=8575) to work on /home/veri-pc/.local/lib/python3.10/site-packages/airflow/example_dags/example_latest_only.py
[2023-03-07 08:44:05,018] {processor.py:641} INFO - Processing file /home/veri-pc/.local/lib/python3.10/site-packages/airflow/example_dags/example_latest_only.py for tasks to queue
[2023-03-07 08:44:05,019] {logging_mixin.py:115} INFO - [2023-03-07 08:44:05,019] {dagbag.py:507} INFO - Filling up the DagBag from /home/veri-pc/.local/lib/python3.10/site-packages/airflow/example_dags/example_latest_only.py
[2023-03-07 08:44:05,035] {processor.py:651} INFO - DAG(s) dict_keys(['latest_only']) retrieved from /home/veri-pc/.local/lib/python3.10/site-packages/airflow/example_dags/example_latest_only.py
[2023-03-07 08:44:05,048] {logging_mixin.py:115} INFO - [2023-03-07 08:44:05,048] {dag.py:2379} INFO - Sync 1 DAGs
[2023-03-07 08:44:05,061] {logging_mixin.py:115} INFO - [2023-03-07 08:44:05,061] {dag.py:2927} INFO - Setting next_dagrun for latest_only to 2023-03-07T07:44:05.061098+00:00, run_after=2023-03-07T11:44:05.061098+00:00
[2023-03-07 08:44:05,085] {processor.py:161} INFO - Processing /home/veri-pc/.local/lib/python3.10/site-packages/airflow/example_dags/example_latest_only.py took 0.076 seconds
[2023-03-07 08:44:38,050] {processor.py:153} INFO - Started process (PID=8654) to work on /home/veri-pc/.local/lib/python3.10/site-packages/airflow/example_dags/example_latest_only.py
[2023-03-07 08:44:38,051] {processor.py:641} INFO - Processing file /home/veri-pc/.local/lib/python3.10/site-packages/airflow/example_dags/example_latest_only.py for tasks to queue
[2023-03-07 08:44:38,053] {logging_mixin.py:115} INFO - [2023-03-07 08:44:38,052] {dagbag.py:507} INFO - Filling up the DagBag from /home/veri-pc/.local/lib/python3.10/site-packages/airflow/example_dags/example_latest_only.py
[2023-03-07 08:44:38,068] {processor.py:651} INFO - DAG(s) dict_keys(['latest_only']) retrieved from /home/veri-pc/.local/lib/python3.10/site-packages/airflow/example_dags/example_latest_only.py
[2023-03-07 08:44:38,082] {logging_mixin.py:115} INFO - [2023-03-07 08:44:38,082] {dag.py:2379} INFO - Sync 1 DAGs
[2023-03-07 08:44:38,094] {logging_mixin.py:115} INFO - [2023-03-07 08:44:38,094] {dag.py:2927} INFO - Setting next_dagrun for latest_only to 2023-03-07T07:44:38.094410+00:00, run_after=2023-03-07T11:44:38.094410+00:00
[2023-03-07 08:44:38,102] {processor.py:161} INFO - Processing /home/veri-pc/.local/lib/python3.10/site-packages/airflow/example_dags/example_latest_only.py took 0.058 seconds
[2023-03-07 08:45:09,811] {processor.py:153} INFO - Started process (PID=8719) to work on /home/veri-pc/.local/lib/python3.10/site-packages/airflow/example_dags/example_latest_only.py
[2023-03-07 08:45:09,812] {processor.py:641} INFO - Processing file /home/veri-pc/.local/lib/python3.10/site-packages/airflow/example_dags/example_latest_only.py for tasks to queue
[2023-03-07 08:45:09,813] {logging_mixin.py:115} INFO - [2023-03-07 08:45:09,813] {dagbag.py:507} INFO - Filling up the DagBag from /home/veri-pc/.local/lib/python3.10/site-packages/airflow/example_dags/example_latest_only.py
[2023-03-07 08:45:09,830] {processor.py:651} INFO - DAG(s) dict_keys(['latest_only']) retrieved from /home/veri-pc/.local/lib/python3.10/site-packages/airflow/example_dags/example_latest_only.py
[2023-03-07 08:45:09,844] {logging_mixin.py:115} INFO - [2023-03-07 08:45:09,844] {dag.py:2379} INFO - Sync 1 DAGs
[2023-03-07 08:45:09,857] {logging_mixin.py:115} INFO - [2023-03-07 08:45:09,857] {dag.py:2927} INFO - Setting next_dagrun for latest_only to 2023-03-07T07:45:09.856976+00:00, run_after=2023-03-07T11:45:09.856976+00:00
[2023-03-07 08:45:09,864] {processor.py:161} INFO - Processing /home/veri-pc/.local/lib/python3.10/site-packages/airflow/example_dags/example_latest_only.py took 0.060 seconds
[2023-03-07 08:45:41,286] {processor.py:153} INFO - Started process (PID=8784) to work on /home/veri-pc/.local/lib/python3.10/site-packages/airflow/example_dags/example_latest_only.py
[2023-03-07 08:45:41,288] {processor.py:641} INFO - Processing file /home/veri-pc/.local/lib/python3.10/site-packages/airflow/example_dags/example_latest_only.py for tasks to queue
[2023-03-07 08:45:41,289] {logging_mixin.py:115} INFO - [2023-03-07 08:45:41,288] {dagbag.py:507} INFO - Filling up the DagBag from /home/veri-pc/.local/lib/python3.10/site-packages/airflow/example_dags/example_latest_only.py
[2023-03-07 08:45:41,299] {processor.py:651} INFO - DAG(s) dict_keys(['latest_only']) retrieved from /home/veri-pc/.local/lib/python3.10/site-packages/airflow/example_dags/example_latest_only.py
[2023-03-07 08:45:41,314] {logging_mixin.py:115} INFO - [2023-03-07 08:45:41,314] {dag.py:2379} INFO - Sync 1 DAGs
[2023-03-07 08:45:41,327] {logging_mixin.py:115} INFO - [2023-03-07 08:45:41,327] {dag.py:2927} INFO - Setting next_dagrun for latest_only to 2023-03-07T07:45:41.327093+00:00, run_after=2023-03-07T11:45:41.327093+00:00
[2023-03-07 08:45:41,334] {processor.py:161} INFO - Processing /home/veri-pc/.local/lib/python3.10/site-packages/airflow/example_dags/example_latest_only.py took 0.055 seconds
[2023-03-07 08:46:16,137] {processor.py:153} INFO - Started process (PID=8855) to work on /home/veri-pc/.local/lib/python3.10/site-packages/airflow/example_dags/example_latest_only.py
[2023-03-07 08:46:16,138] {processor.py:641} INFO - Processing file /home/veri-pc/.local/lib/python3.10/site-packages/airflow/example_dags/example_latest_only.py for tasks to queue
[2023-03-07 08:46:16,140] {logging_mixin.py:115} INFO - [2023-03-07 08:46:16,140] {dagbag.py:507} INFO - Filling up the DagBag from /home/veri-pc/.local/lib/python3.10/site-packages/airflow/example_dags/example_latest_only.py
[2023-03-07 08:46:16,153] {processor.py:651} INFO - DAG(s) dict_keys(['latest_only']) retrieved from /home/veri-pc/.local/lib/python3.10/site-packages/airflow/example_dags/example_latest_only.py
[2023-03-07 08:46:16,171] {logging_mixin.py:115} INFO - [2023-03-07 08:46:16,171] {dag.py:2379} INFO - Sync 1 DAGs
[2023-03-07 08:46:16,184] {logging_mixin.py:115} INFO - [2023-03-07 08:46:16,184] {dag.py:2927} INFO - Setting next_dagrun for latest_only to 2023-03-07T07:46:16.184150+00:00, run_after=2023-03-07T11:46:16.184150+00:00
[2023-03-07 08:46:16,194] {processor.py:161} INFO - Processing /home/veri-pc/.local/lib/python3.10/site-packages/airflow/example_dags/example_latest_only.py took 0.064 seconds
[2023-03-07 08:46:48,075] {processor.py:153} INFO - Started process (PID=8945) to work on /home/veri-pc/.local/lib/python3.10/site-packages/airflow/example_dags/example_latest_only.py
[2023-03-07 08:46:48,076] {processor.py:641} INFO - Processing file /home/veri-pc/.local/lib/python3.10/site-packages/airflow/example_dags/example_latest_only.py for tasks to queue
[2023-03-07 08:46:48,077] {logging_mixin.py:115} INFO - [2023-03-07 08:46:48,077] {dagbag.py:507} INFO - Filling up the DagBag from /home/veri-pc/.local/lib/python3.10/site-packages/airflow/example_dags/example_latest_only.py
[2023-03-07 08:46:48,084] {processor.py:651} INFO - DAG(s) dict_keys(['latest_only']) retrieved from /home/veri-pc/.local/lib/python3.10/site-packages/airflow/example_dags/example_latest_only.py
[2023-03-07 08:46:48,098] {logging_mixin.py:115} INFO - [2023-03-07 08:46:48,098] {dag.py:2379} INFO - Sync 1 DAGs
[2023-03-07 08:46:48,110] {logging_mixin.py:115} INFO - [2023-03-07 08:46:48,110] {dag.py:2927} INFO - Setting next_dagrun for latest_only to 2023-03-07T07:46:48.110330+00:00, run_after=2023-03-07T11:46:48.110330+00:00
[2023-03-07 08:46:48,117] {processor.py:161} INFO - Processing /home/veri-pc/.local/lib/python3.10/site-packages/airflow/example_dags/example_latest_only.py took 0.049 seconds
[2023-03-07 08:47:20,382] {processor.py:153} INFO - Started process (PID=9031) to work on /home/veri-pc/.local/lib/python3.10/site-packages/airflow/example_dags/example_latest_only.py
[2023-03-07 08:47:20,383] {processor.py:641} INFO - Processing file /home/veri-pc/.local/lib/python3.10/site-packages/airflow/example_dags/example_latest_only.py for tasks to queue
[2023-03-07 08:47:20,383] {logging_mixin.py:115} INFO - [2023-03-07 08:47:20,383] {dagbag.py:507} INFO - Filling up the DagBag from /home/veri-pc/.local/lib/python3.10/site-packages/airflow/example_dags/example_latest_only.py
[2023-03-07 08:47:20,386] {processor.py:651} INFO - DAG(s) dict_keys(['latest_only']) retrieved from /home/veri-pc/.local/lib/python3.10/site-packages/airflow/example_dags/example_latest_only.py
[2023-03-07 08:47:20,394] {logging_mixin.py:115} INFO - [2023-03-07 08:47:20,394] {dag.py:2379} INFO - Sync 1 DAGs
[2023-03-07 08:47:20,403] {logging_mixin.py:115} INFO - [2023-03-07 08:47:20,403] {dag.py:2927} INFO - Setting next_dagrun for latest_only to 2023-03-07T07:47:20.403525+00:00, run_after=2023-03-07T11:47:20.403525+00:00
[2023-03-07 08:47:20,410] {processor.py:161} INFO - Processing /home/veri-pc/.local/lib/python3.10/site-packages/airflow/example_dags/example_latest_only.py took 0.030 seconds
[2023-03-07 08:47:51,197] {processor.py:153} INFO - Started process (PID=9124) to work on /home/veri-pc/.local/lib/python3.10/site-packages/airflow/example_dags/example_latest_only.py
[2023-03-07 08:47:51,198] {processor.py:641} INFO - Processing file /home/veri-pc/.local/lib/python3.10/site-packages/airflow/example_dags/example_latest_only.py for tasks to queue
[2023-03-07 08:47:51,198] {logging_mixin.py:115} INFO - [2023-03-07 08:47:51,198] {dagbag.py:507} INFO - Filling up the DagBag from /home/veri-pc/.local/lib/python3.10/site-packages/airflow/example_dags/example_latest_only.py
[2023-03-07 08:47:51,205] {processor.py:651} INFO - DAG(s) dict_keys(['latest_only']) retrieved from /home/veri-pc/.local/lib/python3.10/site-packages/airflow/example_dags/example_latest_only.py
[2023-03-07 08:47:51,225] {logging_mixin.py:115} INFO - [2023-03-07 08:47:51,224] {dag.py:2379} INFO - Sync 1 DAGs
[2023-03-07 08:47:51,239] {logging_mixin.py:115} INFO - [2023-03-07 08:47:51,239] {dag.py:2927} INFO - Setting next_dagrun for latest_only to 2023-03-07T07:47:51.239436+00:00, run_after=2023-03-07T11:47:51.239436+00:00
[2023-03-07 08:47:51,249] {processor.py:161} INFO - Processing /home/veri-pc/.local/lib/python3.10/site-packages/airflow/example_dags/example_latest_only.py took 0.057 seconds
[2023-03-07 08:48:24,864] {processor.py:153} INFO - Started process (PID=9205) to work on /home/veri-pc/.local/lib/python3.10/site-packages/airflow/example_dags/example_latest_only.py
[2023-03-07 08:48:24,865] {processor.py:641} INFO - Processing file /home/veri-pc/.local/lib/python3.10/site-packages/airflow/example_dags/example_latest_only.py for tasks to queue
[2023-03-07 08:48:24,866] {logging_mixin.py:115} INFO - [2023-03-07 08:48:24,866] {dagbag.py:507} INFO - Filling up the DagBag from /home/veri-pc/.local/lib/python3.10/site-packages/airflow/example_dags/example_latest_only.py
[2023-03-07 08:48:24,876] {processor.py:651} INFO - DAG(s) dict_keys(['latest_only']) retrieved from /home/veri-pc/.local/lib/python3.10/site-packages/airflow/example_dags/example_latest_only.py
[2023-03-07 08:48:24,894] {logging_mixin.py:115} INFO - [2023-03-07 08:48:24,894] {dag.py:2379} INFO - Sync 1 DAGs
[2023-03-07 08:48:24,908] {logging_mixin.py:115} INFO - [2023-03-07 08:48:24,908] {dag.py:2927} INFO - Setting next_dagrun for latest_only to 2023-03-07T07:48:24.907996+00:00, run_after=2023-03-07T11:48:24.907996+00:00
[2023-03-07 08:48:24,916] {processor.py:161} INFO - Processing /home/veri-pc/.local/lib/python3.10/site-packages/airflow/example_dags/example_latest_only.py took 0.058 seconds
[2023-03-07 08:48:57,388] {processor.py:153} INFO - Started process (PID=9282) to work on /home/veri-pc/.local/lib/python3.10/site-packages/airflow/example_dags/example_latest_only.py
[2023-03-07 08:48:57,388] {processor.py:641} INFO - Processing file /home/veri-pc/.local/lib/python3.10/site-packages/airflow/example_dags/example_latest_only.py for tasks to queue
[2023-03-07 08:48:57,389] {logging_mixin.py:115} INFO - [2023-03-07 08:48:57,389] {dagbag.py:507} INFO - Filling up the DagBag from /home/veri-pc/.local/lib/python3.10/site-packages/airflow/example_dags/example_latest_only.py
[2023-03-07 08:48:57,396] {processor.py:651} INFO - DAG(s) dict_keys(['latest_only']) retrieved from /home/veri-pc/.local/lib/python3.10/site-packages/airflow/example_dags/example_latest_only.py
[2023-03-07 08:48:57,409] {logging_mixin.py:115} INFO - [2023-03-07 08:48:57,409] {dag.py:2379} INFO - Sync 1 DAGs
[2023-03-07 08:48:57,420] {logging_mixin.py:115} INFO - [2023-03-07 08:48:57,420] {dag.py:2927} INFO - Setting next_dagrun for latest_only to 2023-03-07T07:48:57.420290+00:00, run_after=2023-03-07T11:48:57.420290+00:00
[2023-03-07 08:48:57,428] {processor.py:161} INFO - Processing /home/veri-pc/.local/lib/python3.10/site-packages/airflow/example_dags/example_latest_only.py took 0.044 seconds
[2023-03-07 08:49:29,934] {processor.py:153} INFO - Started process (PID=9368) to work on /home/veri-pc/.local/lib/python3.10/site-packages/airflow/example_dags/example_latest_only.py
[2023-03-07 08:49:29,935] {processor.py:641} INFO - Processing file /home/veri-pc/.local/lib/python3.10/site-packages/airflow/example_dags/example_latest_only.py for tasks to queue
[2023-03-07 08:49:29,935] {logging_mixin.py:115} INFO - [2023-03-07 08:49:29,935] {dagbag.py:507} INFO - Filling up the DagBag from /home/veri-pc/.local/lib/python3.10/site-packages/airflow/example_dags/example_latest_only.py
[2023-03-07 08:49:29,938] {processor.py:651} INFO - DAG(s) dict_keys(['latest_only']) retrieved from /home/veri-pc/.local/lib/python3.10/site-packages/airflow/example_dags/example_latest_only.py
[2023-03-07 08:49:29,951] {logging_mixin.py:115} INFO - [2023-03-07 08:49:29,951] {dag.py:2379} INFO - Sync 1 DAGs
[2023-03-07 08:49:29,963] {logging_mixin.py:115} INFO - [2023-03-07 08:49:29,963] {dag.py:2927} INFO - Setting next_dagrun for latest_only to 2023-03-07T07:49:29.963271+00:00, run_after=2023-03-07T11:49:29.963271+00:00
[2023-03-07 08:49:29,974] {processor.py:161} INFO - Processing /home/veri-pc/.local/lib/python3.10/site-packages/airflow/example_dags/example_latest_only.py took 0.042 seconds
[2023-03-07 08:50:02,333] {processor.py:153} INFO - Started process (PID=9477) to work on /home/veri-pc/.local/lib/python3.10/site-packages/airflow/example_dags/example_latest_only.py
[2023-03-07 08:50:02,334] {processor.py:641} INFO - Processing file /home/veri-pc/.local/lib/python3.10/site-packages/airflow/example_dags/example_latest_only.py for tasks to queue
[2023-03-07 08:50:02,334] {logging_mixin.py:115} INFO - [2023-03-07 08:50:02,334] {dagbag.py:507} INFO - Filling up the DagBag from /home/veri-pc/.local/lib/python3.10/site-packages/airflow/example_dags/example_latest_only.py
[2023-03-07 08:50:02,337] {processor.py:651} INFO - DAG(s) dict_keys(['latest_only']) retrieved from /home/veri-pc/.local/lib/python3.10/site-packages/airflow/example_dags/example_latest_only.py
[2023-03-07 08:50:02,346] {logging_mixin.py:115} INFO - [2023-03-07 08:50:02,346] {dag.py:2379} INFO - Sync 1 DAGs
[2023-03-07 08:50:02,356] {logging_mixin.py:115} INFO - [2023-03-07 08:50:02,356] {dag.py:2927} INFO - Setting next_dagrun for latest_only to 2023-03-07T07:50:02.356409+00:00, run_after=2023-03-07T11:50:02.356409+00:00
[2023-03-07 08:50:02,365] {processor.py:161} INFO - Processing /home/veri-pc/.local/lib/python3.10/site-packages/airflow/example_dags/example_latest_only.py took 0.033 seconds
[2023-03-07 08:50:34,921] {processor.py:153} INFO - Started process (PID=9556) to work on /home/veri-pc/.local/lib/python3.10/site-packages/airflow/example_dags/example_latest_only.py
[2023-03-07 08:50:34,922] {processor.py:641} INFO - Processing file /home/veri-pc/.local/lib/python3.10/site-packages/airflow/example_dags/example_latest_only.py for tasks to queue
[2023-03-07 08:50:34,923] {logging_mixin.py:115} INFO - [2023-03-07 08:50:34,922] {dagbag.py:507} INFO - Filling up the DagBag from /home/veri-pc/.local/lib/python3.10/site-packages/airflow/example_dags/example_latest_only.py
[2023-03-07 08:50:34,927] {processor.py:651} INFO - DAG(s) dict_keys(['latest_only']) retrieved from /home/veri-pc/.local/lib/python3.10/site-packages/airflow/example_dags/example_latest_only.py
[2023-03-07 08:50:34,941] {logging_mixin.py:115} INFO - [2023-03-07 08:50:34,941] {dag.py:2379} INFO - Sync 1 DAGs
[2023-03-07 08:50:34,955] {logging_mixin.py:115} INFO - [2023-03-07 08:50:34,955] {dag.py:2927} INFO - Setting next_dagrun for latest_only to 2023-03-07T07:50:34.955610+00:00, run_after=2023-03-07T11:50:34.955610+00:00
[2023-03-07 08:50:34,965] {processor.py:161} INFO - Processing /home/veri-pc/.local/lib/python3.10/site-packages/airflow/example_dags/example_latest_only.py took 0.047 seconds
[2023-03-07 08:51:08,700] {processor.py:153} INFO - Started process (PID=9636) to work on /home/veri-pc/.local/lib/python3.10/site-packages/airflow/example_dags/example_latest_only.py
[2023-03-07 08:51:08,702] {processor.py:641} INFO - Processing file /home/veri-pc/.local/lib/python3.10/site-packages/airflow/example_dags/example_latest_only.py for tasks to queue
[2023-03-07 08:51:08,703] {logging_mixin.py:115} INFO - [2023-03-07 08:51:08,702] {dagbag.py:507} INFO - Filling up the DagBag from /home/veri-pc/.local/lib/python3.10/site-packages/airflow/example_dags/example_latest_only.py
[2023-03-07 08:51:08,713] {processor.py:651} INFO - DAG(s) dict_keys(['latest_only']) retrieved from /home/veri-pc/.local/lib/python3.10/site-packages/airflow/example_dags/example_latest_only.py
[2023-03-07 08:51:08,731] {logging_mixin.py:115} INFO - [2023-03-07 08:51:08,730] {dag.py:2379} INFO - Sync 1 DAGs
[2023-03-07 08:51:08,743] {logging_mixin.py:115} INFO - [2023-03-07 08:51:08,743] {dag.py:2927} INFO - Setting next_dagrun for latest_only to 2023-03-07T07:51:08.743329+00:00, run_after=2023-03-07T11:51:08.743329+00:00
[2023-03-07 08:51:08,751] {processor.py:161} INFO - Processing /home/veri-pc/.local/lib/python3.10/site-packages/airflow/example_dags/example_latest_only.py took 0.057 seconds
[2023-03-07 08:51:39,501] {processor.py:153} INFO - Started process (PID=9740) to work on /home/veri-pc/.local/lib/python3.10/site-packages/airflow/example_dags/example_latest_only.py
[2023-03-07 08:51:39,501] {processor.py:641} INFO - Processing file /home/veri-pc/.local/lib/python3.10/site-packages/airflow/example_dags/example_latest_only.py for tasks to queue
[2023-03-07 08:51:39,502] {logging_mixin.py:115} INFO - [2023-03-07 08:51:39,502] {dagbag.py:507} INFO - Filling up the DagBag from /home/veri-pc/.local/lib/python3.10/site-packages/airflow/example_dags/example_latest_only.py
[2023-03-07 08:51:39,506] {processor.py:651} INFO - DAG(s) dict_keys(['latest_only']) retrieved from /home/veri-pc/.local/lib/python3.10/site-packages/airflow/example_dags/example_latest_only.py
[2023-03-07 08:51:39,522] {logging_mixin.py:115} INFO - [2023-03-07 08:51:39,522] {dag.py:2379} INFO - Sync 1 DAGs
[2023-03-07 08:51:39,569] {logging_mixin.py:115} INFO - [2023-03-07 08:51:39,569] {dag.py:2927} INFO - Setting next_dagrun for latest_only to 2023-03-07T07:51:39.568921+00:00, run_after=2023-03-07T11:51:39.568921+00:00
[2023-03-07 08:51:39,590] {processor.py:161} INFO - Processing /home/veri-pc/.local/lib/python3.10/site-packages/airflow/example_dags/example_latest_only.py took 0.091 seconds
[2023-03-07 08:52:13,226] {processor.py:153} INFO - Started process (PID=9824) to work on /home/veri-pc/.local/lib/python3.10/site-packages/airflow/example_dags/example_latest_only.py
[2023-03-07 08:52:13,227] {processor.py:641} INFO - Processing file /home/veri-pc/.local/lib/python3.10/site-packages/airflow/example_dags/example_latest_only.py for tasks to queue
[2023-03-07 08:52:13,228] {logging_mixin.py:115} INFO - [2023-03-07 08:52:13,228] {dagbag.py:507} INFO - Filling up the DagBag from /home/veri-pc/.local/lib/python3.10/site-packages/airflow/example_dags/example_latest_only.py
[2023-03-07 08:52:13,231] {processor.py:651} INFO - DAG(s) dict_keys(['latest_only']) retrieved from /home/veri-pc/.local/lib/python3.10/site-packages/airflow/example_dags/example_latest_only.py
[2023-03-07 08:52:13,241] {logging_mixin.py:115} INFO - [2023-03-07 08:52:13,241] {dag.py:2379} INFO - Sync 1 DAGs
[2023-03-07 08:52:13,253] {logging_mixin.py:115} INFO - [2023-03-07 08:52:13,253] {dag.py:2927} INFO - Setting next_dagrun for latest_only to 2023-03-07T07:52:13.253157+00:00, run_after=2023-03-07T11:52:13.253157+00:00
[2023-03-07 08:52:13,264] {processor.py:161} INFO - Processing /home/veri-pc/.local/lib/python3.10/site-packages/airflow/example_dags/example_latest_only.py took 0.042 seconds
[2023-03-07 08:52:46,836] {processor.py:153} INFO - Started process (PID=9920) to work on /home/veri-pc/.local/lib/python3.10/site-packages/airflow/example_dags/example_latest_only.py
[2023-03-07 08:52:46,837] {processor.py:641} INFO - Processing file /home/veri-pc/.local/lib/python3.10/site-packages/airflow/example_dags/example_latest_only.py for tasks to queue
[2023-03-07 08:52:46,838] {logging_mixin.py:115} INFO - [2023-03-07 08:52:46,838] {dagbag.py:507} INFO - Filling up the DagBag from /home/veri-pc/.local/lib/python3.10/site-packages/airflow/example_dags/example_latest_only.py
[2023-03-07 08:52:46,847] {processor.py:651} INFO - DAG(s) dict_keys(['latest_only']) retrieved from /home/veri-pc/.local/lib/python3.10/site-packages/airflow/example_dags/example_latest_only.py
[2023-03-07 08:52:46,869] {logging_mixin.py:115} INFO - [2023-03-07 08:52:46,869] {dag.py:2379} INFO - Sync 1 DAGs
[2023-03-07 08:52:46,888] {logging_mixin.py:115} INFO - [2023-03-07 08:52:46,887] {dag.py:2927} INFO - Setting next_dagrun for latest_only to 2023-03-07T07:52:46.887734+00:00, run_after=2023-03-07T11:52:46.887734+00:00
[2023-03-07 08:52:46,956] {processor.py:161} INFO - Processing /home/veri-pc/.local/lib/python3.10/site-packages/airflow/example_dags/example_latest_only.py took 0.124 seconds
[2023-03-07 08:53:26,241] {processor.py:153} INFO - Started process (PID=10019) to work on /home/veri-pc/.local/lib/python3.10/site-packages/airflow/example_dags/example_latest_only.py
[2023-03-07 08:53:26,242] {processor.py:641} INFO - Processing file /home/veri-pc/.local/lib/python3.10/site-packages/airflow/example_dags/example_latest_only.py for tasks to queue
[2023-03-07 08:53:26,244] {logging_mixin.py:115} INFO - [2023-03-07 08:53:26,244] {dagbag.py:507} INFO - Filling up the DagBag from /home/veri-pc/.local/lib/python3.10/site-packages/airflow/example_dags/example_latest_only.py
[2023-03-07 08:53:26,256] {processor.py:651} INFO - DAG(s) dict_keys(['latest_only']) retrieved from /home/veri-pc/.local/lib/python3.10/site-packages/airflow/example_dags/example_latest_only.py
[2023-03-07 08:53:26,273] {logging_mixin.py:115} INFO - [2023-03-07 08:53:26,273] {dag.py:2379} INFO - Sync 1 DAGs
[2023-03-07 08:53:26,286] {logging_mixin.py:115} INFO - [2023-03-07 08:53:26,286] {dag.py:2927} INFO - Setting next_dagrun for latest_only to 2023-03-07T07:53:26.286228+00:00, run_after=2023-03-07T11:53:26.286228+00:00
[2023-03-07 08:53:26,294] {processor.py:161} INFO - Processing /home/veri-pc/.local/lib/python3.10/site-packages/airflow/example_dags/example_latest_only.py took 0.061 seconds
[2023-03-07 08:53:57,318] {processor.py:153} INFO - Started process (PID=10092) to work on /home/veri-pc/.local/lib/python3.10/site-packages/airflow/example_dags/example_latest_only.py
[2023-03-07 08:53:57,319] {processor.py:641} INFO - Processing file /home/veri-pc/.local/lib/python3.10/site-packages/airflow/example_dags/example_latest_only.py for tasks to queue
[2023-03-07 08:53:57,319] {logging_mixin.py:115} INFO - [2023-03-07 08:53:57,319] {dagbag.py:507} INFO - Filling up the DagBag from /home/veri-pc/.local/lib/python3.10/site-packages/airflow/example_dags/example_latest_only.py
[2023-03-07 08:53:57,322] {processor.py:651} INFO - DAG(s) dict_keys(['latest_only']) retrieved from /home/veri-pc/.local/lib/python3.10/site-packages/airflow/example_dags/example_latest_only.py
[2023-03-07 08:53:57,331] {logging_mixin.py:115} INFO - [2023-03-07 08:53:57,331] {dag.py:2379} INFO - Sync 1 DAGs
[2023-03-07 08:53:57,343] {logging_mixin.py:115} INFO - [2023-03-07 08:53:57,343] {dag.py:2927} INFO - Setting next_dagrun for latest_only to 2023-03-07T07:53:57.343472+00:00, run_after=2023-03-07T11:53:57.343472+00:00
[2023-03-07 08:53:57,351] {processor.py:161} INFO - Processing /home/veri-pc/.local/lib/python3.10/site-packages/airflow/example_dags/example_latest_only.py took 0.035 seconds
[2023-03-07 08:54:34,146] {processor.py:153} INFO - Started process (PID=10468) to work on /home/veri-pc/.local/lib/python3.10/site-packages/airflow/example_dags/example_latest_only.py
[2023-03-07 08:54:34,147] {processor.py:641} INFO - Processing file /home/veri-pc/.local/lib/python3.10/site-packages/airflow/example_dags/example_latest_only.py for tasks to queue
[2023-03-07 08:54:34,147] {logging_mixin.py:115} INFO - [2023-03-07 08:54:34,147] {dagbag.py:507} INFO - Filling up the DagBag from /home/veri-pc/.local/lib/python3.10/site-packages/airflow/example_dags/example_latest_only.py
[2023-03-07 08:54:34,151] {processor.py:651} INFO - DAG(s) dict_keys(['latest_only']) retrieved from /home/veri-pc/.local/lib/python3.10/site-packages/airflow/example_dags/example_latest_only.py
[2023-03-07 08:54:34,176] {logging_mixin.py:115} INFO - [2023-03-07 08:54:34,176] {dag.py:2379} INFO - Sync 1 DAGs
[2023-03-07 08:54:34,200] {logging_mixin.py:115} INFO - [2023-03-07 08:54:34,200] {dag.py:2927} INFO - Setting next_dagrun for latest_only to 2023-03-07T07:54:34.200491+00:00, run_after=2023-03-07T11:54:34.200491+00:00
[2023-03-07 08:54:34,220] {processor.py:161} INFO - Processing /home/veri-pc/.local/lib/python3.10/site-packages/airflow/example_dags/example_latest_only.py took 0.080 seconds
[2023-03-07 08:55:04,895] {processor.py:153} INFO - Started process (PID=10885) to work on /home/veri-pc/.local/lib/python3.10/site-packages/airflow/example_dags/example_latest_only.py
[2023-03-07 08:55:04,896] {processor.py:641} INFO - Processing file /home/veri-pc/.local/lib/python3.10/site-packages/airflow/example_dags/example_latest_only.py for tasks to queue
[2023-03-07 08:55:04,898] {logging_mixin.py:115} INFO - [2023-03-07 08:55:04,898] {dagbag.py:507} INFO - Filling up the DagBag from /home/veri-pc/.local/lib/python3.10/site-packages/airflow/example_dags/example_latest_only.py
[2023-03-07 08:55:04,908] {processor.py:651} INFO - DAG(s) dict_keys(['latest_only']) retrieved from /home/veri-pc/.local/lib/python3.10/site-packages/airflow/example_dags/example_latest_only.py
[2023-03-07 08:55:04,924] {logging_mixin.py:115} INFO - [2023-03-07 08:55:04,924] {dag.py:2379} INFO - Sync 1 DAGs
[2023-03-07 08:55:04,936] {logging_mixin.py:115} INFO - [2023-03-07 08:55:04,936] {dag.py:2927} INFO - Setting next_dagrun for latest_only to 2023-03-07T07:55:04.936464+00:00, run_after=2023-03-07T11:55:04.936464+00:00
[2023-03-07 08:55:04,944] {processor.py:161} INFO - Processing /home/veri-pc/.local/lib/python3.10/site-packages/airflow/example_dags/example_latest_only.py took 0.056 seconds
[2023-03-07 08:55:38,534] {processor.py:153} INFO - Started process (PID=10953) to work on /home/veri-pc/.local/lib/python3.10/site-packages/airflow/example_dags/example_latest_only.py
[2023-03-07 08:55:38,536] {processor.py:641} INFO - Processing file /home/veri-pc/.local/lib/python3.10/site-packages/airflow/example_dags/example_latest_only.py for tasks to queue
[2023-03-07 08:55:38,537] {logging_mixin.py:115} INFO - [2023-03-07 08:55:38,537] {dagbag.py:507} INFO - Filling up the DagBag from /home/veri-pc/.local/lib/python3.10/site-packages/airflow/example_dags/example_latest_only.py
[2023-03-07 08:55:38,548] {processor.py:651} INFO - DAG(s) dict_keys(['latest_only']) retrieved from /home/veri-pc/.local/lib/python3.10/site-packages/airflow/example_dags/example_latest_only.py
[2023-03-07 08:55:38,565] {logging_mixin.py:115} INFO - [2023-03-07 08:55:38,565] {dag.py:2379} INFO - Sync 1 DAGs
[2023-03-07 08:55:38,578] {logging_mixin.py:115} INFO - [2023-03-07 08:55:38,578] {dag.py:2927} INFO - Setting next_dagrun for latest_only to 2023-03-07T07:55:38.578693+00:00, run_after=2023-03-07T11:55:38.578693+00:00
[2023-03-07 08:55:38,588] {processor.py:161} INFO - Processing /home/veri-pc/.local/lib/python3.10/site-packages/airflow/example_dags/example_latest_only.py took 0.062 seconds
[2023-03-07 08:56:12,741] {processor.py:153} INFO - Started process (PID=11029) to work on /home/veri-pc/.local/lib/python3.10/site-packages/airflow/example_dags/example_latest_only.py
[2023-03-07 08:56:12,742] {processor.py:641} INFO - Processing file /home/veri-pc/.local/lib/python3.10/site-packages/airflow/example_dags/example_latest_only.py for tasks to queue
[2023-03-07 08:56:12,744] {logging_mixin.py:115} INFO - [2023-03-07 08:56:12,743] {dagbag.py:507} INFO - Filling up the DagBag from /home/veri-pc/.local/lib/python3.10/site-packages/airflow/example_dags/example_latest_only.py
[2023-03-07 08:56:12,756] {processor.py:651} INFO - DAG(s) dict_keys(['latest_only']) retrieved from /home/veri-pc/.local/lib/python3.10/site-packages/airflow/example_dags/example_latest_only.py
[2023-03-07 08:56:12,775] {logging_mixin.py:115} INFO - [2023-03-07 08:56:12,775] {dag.py:2379} INFO - Sync 1 DAGs
[2023-03-07 08:56:12,788] {logging_mixin.py:115} INFO - [2023-03-07 08:56:12,788] {dag.py:2927} INFO - Setting next_dagrun for latest_only to 2023-03-07T07:56:12.788346+00:00, run_after=2023-03-07T11:56:12.788346+00:00
[2023-03-07 08:56:12,796] {processor.py:161} INFO - Processing /home/veri-pc/.local/lib/python3.10/site-packages/airflow/example_dags/example_latest_only.py took 0.061 seconds
[2023-03-07 09:01:53,761] {processor.py:153} INFO - Started process (PID=11866) to work on /home/veri-pc/.local/lib/python3.10/site-packages/airflow/example_dags/example_latest_only.py
[2023-03-07 09:01:53,762] {processor.py:641} INFO - Processing file /home/veri-pc/.local/lib/python3.10/site-packages/airflow/example_dags/example_latest_only.py for tasks to queue
[2023-03-07 09:01:53,762] {logging_mixin.py:115} INFO - [2023-03-07 09:01:53,762] {dagbag.py:507} INFO - Filling up the DagBag from /home/veri-pc/.local/lib/python3.10/site-packages/airflow/example_dags/example_latest_only.py
[2023-03-07 09:01:53,766] {processor.py:651} INFO - DAG(s) dict_keys(['latest_only']) retrieved from /home/veri-pc/.local/lib/python3.10/site-packages/airflow/example_dags/example_latest_only.py
[2023-03-07 09:01:53,780] {logging_mixin.py:115} INFO - [2023-03-07 09:01:53,780] {dag.py:2379} INFO - Sync 1 DAGs
[2023-03-07 09:01:53,797] {logging_mixin.py:115} INFO - [2023-03-07 09:01:53,797] {dag.py:2927} INFO - Setting next_dagrun for latest_only to 2023-03-07T08:01:53.797407+00:00, run_after=2023-03-07T12:01:53.797407+00:00
[2023-03-07 09:01:53,811] {processor.py:161} INFO - Processing /home/veri-pc/.local/lib/python3.10/site-packages/airflow/example_dags/example_latest_only.py took 0.052 seconds
[2023-03-07 09:02:24,617] {processor.py:153} INFO - Started process (PID=11949) to work on /home/veri-pc/.local/lib/python3.10/site-packages/airflow/example_dags/example_latest_only.py
[2023-03-07 09:02:24,618] {processor.py:641} INFO - Processing file /home/veri-pc/.local/lib/python3.10/site-packages/airflow/example_dags/example_latest_only.py for tasks to queue
[2023-03-07 09:02:24,618] {logging_mixin.py:115} INFO - [2023-03-07 09:02:24,618] {dagbag.py:507} INFO - Filling up the DagBag from /home/veri-pc/.local/lib/python3.10/site-packages/airflow/example_dags/example_latest_only.py
[2023-03-07 09:02:24,622] {processor.py:651} INFO - DAG(s) dict_keys(['latest_only']) retrieved from /home/veri-pc/.local/lib/python3.10/site-packages/airflow/example_dags/example_latest_only.py
[2023-03-07 09:02:24,632] {logging_mixin.py:115} INFO - [2023-03-07 09:02:24,632] {dag.py:2379} INFO - Sync 1 DAGs
[2023-03-07 09:02:24,646] {logging_mixin.py:115} INFO - [2023-03-07 09:02:24,646] {dag.py:2927} INFO - Setting next_dagrun for latest_only to 2023-03-07T08:02:24.646404+00:00, run_after=2023-03-07T12:02:24.646404+00:00
[2023-03-07 09:02:24,657] {processor.py:161} INFO - Processing /home/veri-pc/.local/lib/python3.10/site-packages/airflow/example_dags/example_latest_only.py took 0.042 seconds
[2023-03-07 09:02:58,126] {processor.py:153} INFO - Started process (PID=12031) to work on /home/veri-pc/.local/lib/python3.10/site-packages/airflow/example_dags/example_latest_only.py
[2023-03-07 09:02:58,127] {processor.py:641} INFO - Processing file /home/veri-pc/.local/lib/python3.10/site-packages/airflow/example_dags/example_latest_only.py for tasks to queue
[2023-03-07 09:02:58,127] {logging_mixin.py:115} INFO - [2023-03-07 09:02:58,127] {dagbag.py:507} INFO - Filling up the DagBag from /home/veri-pc/.local/lib/python3.10/site-packages/airflow/example_dags/example_latest_only.py
[2023-03-07 09:02:58,132] {processor.py:651} INFO - DAG(s) dict_keys(['latest_only']) retrieved from /home/veri-pc/.local/lib/python3.10/site-packages/airflow/example_dags/example_latest_only.py
[2023-03-07 09:02:58,147] {logging_mixin.py:115} INFO - [2023-03-07 09:02:58,147] {dag.py:2379} INFO - Sync 1 DAGs
[2023-03-07 09:02:58,164] {logging_mixin.py:115} INFO - [2023-03-07 09:02:58,164] {dag.py:2927} INFO - Setting next_dagrun for latest_only to 2023-03-07T08:02:58.164310+00:00, run_after=2023-03-07T12:02:58.164310+00:00
[2023-03-07 09:02:58,177] {processor.py:161} INFO - Processing /home/veri-pc/.local/lib/python3.10/site-packages/airflow/example_dags/example_latest_only.py took 0.053 seconds
[2023-03-07 09:03:30,239] {processor.py:153} INFO - Started process (PID=12197) to work on /home/veri-pc/.local/lib/python3.10/site-packages/airflow/example_dags/example_latest_only.py
[2023-03-07 09:03:30,239] {processor.py:641} INFO - Processing file /home/veri-pc/.local/lib/python3.10/site-packages/airflow/example_dags/example_latest_only.py for tasks to queue
[2023-03-07 09:03:30,240] {logging_mixin.py:115} INFO - [2023-03-07 09:03:30,240] {dagbag.py:507} INFO - Filling up the DagBag from /home/veri-pc/.local/lib/python3.10/site-packages/airflow/example_dags/example_latest_only.py
[2023-03-07 09:03:30,243] {processor.py:651} INFO - DAG(s) dict_keys(['latest_only']) retrieved from /home/veri-pc/.local/lib/python3.10/site-packages/airflow/example_dags/example_latest_only.py
[2023-03-07 09:03:30,258] {logging_mixin.py:115} INFO - [2023-03-07 09:03:30,257] {dag.py:2379} INFO - Sync 1 DAGs
[2023-03-07 09:03:30,272] {logging_mixin.py:115} INFO - [2023-03-07 09:03:30,272] {dag.py:2927} INFO - Setting next_dagrun for latest_only to 2023-03-07T08:03:30.271850+00:00, run_after=2023-03-07T12:03:30.271850+00:00
[2023-03-07 09:03:30,286] {processor.py:161} INFO - Processing /home/veri-pc/.local/lib/python3.10/site-packages/airflow/example_dags/example_latest_only.py took 0.049 seconds
[2023-03-07 09:04:03,230] {processor.py:153} INFO - Started process (PID=12278) to work on /home/veri-pc/.local/lib/python3.10/site-packages/airflow/example_dags/example_latest_only.py
[2023-03-07 09:04:03,231] {processor.py:641} INFO - Processing file /home/veri-pc/.local/lib/python3.10/site-packages/airflow/example_dags/example_latest_only.py for tasks to queue
[2023-03-07 09:04:03,232] {logging_mixin.py:115} INFO - [2023-03-07 09:04:03,232] {dagbag.py:507} INFO - Filling up the DagBag from /home/veri-pc/.local/lib/python3.10/site-packages/airflow/example_dags/example_latest_only.py
[2023-03-07 09:04:03,245] {processor.py:651} INFO - DAG(s) dict_keys(['latest_only']) retrieved from /home/veri-pc/.local/lib/python3.10/site-packages/airflow/example_dags/example_latest_only.py
[2023-03-07 09:04:03,266] {logging_mixin.py:115} INFO - [2023-03-07 09:04:03,266] {dag.py:2379} INFO - Sync 1 DAGs
[2023-03-07 09:04:03,280] {logging_mixin.py:115} INFO - [2023-03-07 09:04:03,280] {dag.py:2927} INFO - Setting next_dagrun for latest_only to 2023-03-07T08:04:03.279850+00:00, run_after=2023-03-07T12:04:03.279850+00:00
[2023-03-07 09:04:03,287] {processor.py:161} INFO - Processing /home/veri-pc/.local/lib/python3.10/site-packages/airflow/example_dags/example_latest_only.py took 0.064 seconds
[2023-03-07 09:04:36,939] {processor.py:153} INFO - Started process (PID=12359) to work on /home/veri-pc/.local/lib/python3.10/site-packages/airflow/example_dags/example_latest_only.py
[2023-03-07 09:04:36,940] {processor.py:641} INFO - Processing file /home/veri-pc/.local/lib/python3.10/site-packages/airflow/example_dags/example_latest_only.py for tasks to queue
[2023-03-07 09:04:36,940] {logging_mixin.py:115} INFO - [2023-03-07 09:04:36,940] {dagbag.py:507} INFO - Filling up the DagBag from /home/veri-pc/.local/lib/python3.10/site-packages/airflow/example_dags/example_latest_only.py
[2023-03-07 09:04:36,944] {processor.py:651} INFO - DAG(s) dict_keys(['latest_only']) retrieved from /home/veri-pc/.local/lib/python3.10/site-packages/airflow/example_dags/example_latest_only.py
[2023-03-07 09:04:36,958] {logging_mixin.py:115} INFO - [2023-03-07 09:04:36,958] {dag.py:2379} INFO - Sync 1 DAGs
[2023-03-07 09:04:36,971] {logging_mixin.py:115} INFO - [2023-03-07 09:04:36,971] {dag.py:2927} INFO - Setting next_dagrun for latest_only to 2023-03-07T08:04:36.971566+00:00, run_after=2023-03-07T12:04:36.971566+00:00
[2023-03-07 09:04:36,979] {processor.py:161} INFO - Processing /home/veri-pc/.local/lib/python3.10/site-packages/airflow/example_dags/example_latest_only.py took 0.043 seconds
[2023-03-07 09:05:10,994] {processor.py:153} INFO - Started process (PID=12446) to work on /home/veri-pc/.local/lib/python3.10/site-packages/airflow/example_dags/example_latest_only.py
[2023-03-07 09:05:10,995] {processor.py:641} INFO - Processing file /home/veri-pc/.local/lib/python3.10/site-packages/airflow/example_dags/example_latest_only.py for tasks to queue
[2023-03-07 09:05:10,995] {logging_mixin.py:115} INFO - [2023-03-07 09:05:10,995] {dagbag.py:507} INFO - Filling up the DagBag from /home/veri-pc/.local/lib/python3.10/site-packages/airflow/example_dags/example_latest_only.py
[2023-03-07 09:05:11,001] {processor.py:651} INFO - DAG(s) dict_keys(['latest_only']) retrieved from /home/veri-pc/.local/lib/python3.10/site-packages/airflow/example_dags/example_latest_only.py
[2023-03-07 09:05:11,015] {logging_mixin.py:115} INFO - [2023-03-07 09:05:11,015] {dag.py:2379} INFO - Sync 1 DAGs
[2023-03-07 09:05:11,032] {logging_mixin.py:115} INFO - [2023-03-07 09:05:11,032] {dag.py:2927} INFO - Setting next_dagrun for latest_only to 2023-03-07T08:05:11.032558+00:00, run_after=2023-03-07T12:05:11.032558+00:00
[2023-03-07 09:05:11,045] {processor.py:161} INFO - Processing /home/veri-pc/.local/lib/python3.10/site-packages/airflow/example_dags/example_latest_only.py took 0.052 seconds
[2023-03-07 09:05:42,964] {processor.py:153} INFO - Started process (PID=12508) to work on /home/veri-pc/.local/lib/python3.10/site-packages/airflow/example_dags/example_latest_only.py
[2023-03-07 09:05:42,965] {processor.py:641} INFO - Processing file /home/veri-pc/.local/lib/python3.10/site-packages/airflow/example_dags/example_latest_only.py for tasks to queue
[2023-03-07 09:05:42,967] {logging_mixin.py:115} INFO - [2023-03-07 09:05:42,966] {dagbag.py:507} INFO - Filling up the DagBag from /home/veri-pc/.local/lib/python3.10/site-packages/airflow/example_dags/example_latest_only.py
[2023-03-07 09:05:42,979] {processor.py:651} INFO - DAG(s) dict_keys(['latest_only']) retrieved from /home/veri-pc/.local/lib/python3.10/site-packages/airflow/example_dags/example_latest_only.py
[2023-03-07 09:05:42,996] {logging_mixin.py:115} INFO - [2023-03-07 09:05:42,996] {dag.py:2379} INFO - Sync 1 DAGs
[2023-03-07 09:05:43,006] {logging_mixin.py:115} INFO - [2023-03-07 09:05:43,006] {dag.py:2927} INFO - Setting next_dagrun for latest_only to 2023-03-07T08:05:43.006496+00:00, run_after=2023-03-07T12:05:43.006496+00:00
[2023-03-07 09:05:43,013] {processor.py:161} INFO - Processing /home/veri-pc/.local/lib/python3.10/site-packages/airflow/example_dags/example_latest_only.py took 0.057 seconds
[2023-03-07 09:06:17,194] {processor.py:153} INFO - Started process (PID=12586) to work on /home/veri-pc/.local/lib/python3.10/site-packages/airflow/example_dags/example_latest_only.py
[2023-03-07 09:06:17,195] {processor.py:641} INFO - Processing file /home/veri-pc/.local/lib/python3.10/site-packages/airflow/example_dags/example_latest_only.py for tasks to queue
[2023-03-07 09:06:17,197] {logging_mixin.py:115} INFO - [2023-03-07 09:06:17,196] {dagbag.py:507} INFO - Filling up the DagBag from /home/veri-pc/.local/lib/python3.10/site-packages/airflow/example_dags/example_latest_only.py
[2023-03-07 09:06:17,206] {processor.py:651} INFO - DAG(s) dict_keys(['latest_only']) retrieved from /home/veri-pc/.local/lib/python3.10/site-packages/airflow/example_dags/example_latest_only.py
[2023-03-07 09:06:17,221] {logging_mixin.py:115} INFO - [2023-03-07 09:06:17,221] {dag.py:2379} INFO - Sync 1 DAGs
[2023-03-07 09:06:17,233] {logging_mixin.py:115} INFO - [2023-03-07 09:06:17,233] {dag.py:2927} INFO - Setting next_dagrun for latest_only to 2023-03-07T08:06:17.233286+00:00, run_after=2023-03-07T12:06:17.233286+00:00
[2023-03-07 09:06:17,241] {processor.py:161} INFO - Processing /home/veri-pc/.local/lib/python3.10/site-packages/airflow/example_dags/example_latest_only.py took 0.054 seconds
[2023-03-07 09:06:48,591] {processor.py:153} INFO - Started process (PID=12649) to work on /home/veri-pc/.local/lib/python3.10/site-packages/airflow/example_dags/example_latest_only.py
[2023-03-07 09:06:48,592] {processor.py:641} INFO - Processing file /home/veri-pc/.local/lib/python3.10/site-packages/airflow/example_dags/example_latest_only.py for tasks to queue
[2023-03-07 09:06:48,593] {logging_mixin.py:115} INFO - [2023-03-07 09:06:48,593] {dagbag.py:507} INFO - Filling up the DagBag from /home/veri-pc/.local/lib/python3.10/site-packages/airflow/example_dags/example_latest_only.py
[2023-03-07 09:06:48,605] {processor.py:651} INFO - DAG(s) dict_keys(['latest_only']) retrieved from /home/veri-pc/.local/lib/python3.10/site-packages/airflow/example_dags/example_latest_only.py
[2023-03-07 09:06:48,623] {logging_mixin.py:115} INFO - [2023-03-07 09:06:48,623] {dag.py:2379} INFO - Sync 1 DAGs
[2023-03-07 09:06:48,638] {logging_mixin.py:115} INFO - [2023-03-07 09:06:48,637] {dag.py:2927} INFO - Setting next_dagrun for latest_only to 2023-03-07T08:06:48.637833+00:00, run_after=2023-03-07T12:06:48.637833+00:00
[2023-03-07 09:06:48,646] {processor.py:161} INFO - Processing /home/veri-pc/.local/lib/python3.10/site-packages/airflow/example_dags/example_latest_only.py took 0.061 seconds
[2023-03-07 09:07:22,291] {processor.py:153} INFO - Started process (PID=12729) to work on /home/veri-pc/.local/lib/python3.10/site-packages/airflow/example_dags/example_latest_only.py
[2023-03-07 09:07:22,292] {processor.py:641} INFO - Processing file /home/veri-pc/.local/lib/python3.10/site-packages/airflow/example_dags/example_latest_only.py for tasks to queue
[2023-03-07 09:07:22,293] {logging_mixin.py:115} INFO - [2023-03-07 09:07:22,293] {dagbag.py:507} INFO - Filling up the DagBag from /home/veri-pc/.local/lib/python3.10/site-packages/airflow/example_dags/example_latest_only.py
[2023-03-07 09:07:22,306] {processor.py:651} INFO - DAG(s) dict_keys(['latest_only']) retrieved from /home/veri-pc/.local/lib/python3.10/site-packages/airflow/example_dags/example_latest_only.py
[2023-03-07 09:07:22,324] {logging_mixin.py:115} INFO - [2023-03-07 09:07:22,324] {dag.py:2379} INFO - Sync 1 DAGs
[2023-03-07 09:07:22,337] {logging_mixin.py:115} INFO - [2023-03-07 09:07:22,337] {dag.py:2927} INFO - Setting next_dagrun for latest_only to 2023-03-07T08:07:22.337325+00:00, run_after=2023-03-07T12:07:22.337325+00:00
[2023-03-07 09:07:22,345] {processor.py:161} INFO - Processing /home/veri-pc/.local/lib/python3.10/site-packages/airflow/example_dags/example_latest_only.py took 0.061 seconds
[2023-03-07 09:07:53,093] {processor.py:153} INFO - Started process (PID=12843) to work on /home/veri-pc/.local/lib/python3.10/site-packages/airflow/example_dags/example_latest_only.py
[2023-03-07 09:07:53,095] {processor.py:641} INFO - Processing file /home/veri-pc/.local/lib/python3.10/site-packages/airflow/example_dags/example_latest_only.py for tasks to queue
[2023-03-07 09:07:53,096] {logging_mixin.py:115} INFO - [2023-03-07 09:07:53,096] {dagbag.py:507} INFO - Filling up the DagBag from /home/veri-pc/.local/lib/python3.10/site-packages/airflow/example_dags/example_latest_only.py
[2023-03-07 09:07:53,108] {processor.py:651} INFO - DAG(s) dict_keys(['latest_only']) retrieved from /home/veri-pc/.local/lib/python3.10/site-packages/airflow/example_dags/example_latest_only.py
[2023-03-07 09:07:53,126] {logging_mixin.py:115} INFO - [2023-03-07 09:07:53,125] {dag.py:2379} INFO - Sync 1 DAGs
[2023-03-07 09:07:53,139] {logging_mixin.py:115} INFO - [2023-03-07 09:07:53,138] {dag.py:2927} INFO - Setting next_dagrun for latest_only to 2023-03-07T08:07:53.138728+00:00, run_after=2023-03-07T12:07:53.138728+00:00
[2023-03-07 09:07:53,147] {processor.py:161} INFO - Processing /home/veri-pc/.local/lib/python3.10/site-packages/airflow/example_dags/example_latest_only.py took 0.060 seconds
[2023-03-07 09:08:25,071] {processor.py:153} INFO - Started process (PID=12918) to work on /home/veri-pc/.local/lib/python3.10/site-packages/airflow/example_dags/example_latest_only.py
[2023-03-07 09:08:25,072] {processor.py:641} INFO - Processing file /home/veri-pc/.local/lib/python3.10/site-packages/airflow/example_dags/example_latest_only.py for tasks to queue
[2023-03-07 09:08:25,073] {logging_mixin.py:115} INFO - [2023-03-07 09:08:25,073] {dagbag.py:507} INFO - Filling up the DagBag from /home/veri-pc/.local/lib/python3.10/site-packages/airflow/example_dags/example_latest_only.py
[2023-03-07 09:08:25,083] {processor.py:651} INFO - DAG(s) dict_keys(['latest_only']) retrieved from /home/veri-pc/.local/lib/python3.10/site-packages/airflow/example_dags/example_latest_only.py
[2023-03-07 09:08:25,104] {logging_mixin.py:115} INFO - [2023-03-07 09:08:25,104] {dag.py:2379} INFO - Sync 1 DAGs
[2023-03-07 09:08:25,118] {logging_mixin.py:115} INFO - [2023-03-07 09:08:25,118] {dag.py:2927} INFO - Setting next_dagrun for latest_only to 2023-03-07T08:08:25.118038+00:00, run_after=2023-03-07T12:08:25.118038+00:00
[2023-03-07 09:08:25,126] {processor.py:161} INFO - Processing /home/veri-pc/.local/lib/python3.10/site-packages/airflow/example_dags/example_latest_only.py took 0.060 seconds
[2023-03-07 09:08:57,048] {processor.py:153} INFO - Started process (PID=12998) to work on /home/veri-pc/.local/lib/python3.10/site-packages/airflow/example_dags/example_latest_only.py
[2023-03-07 09:08:57,049] {processor.py:641} INFO - Processing file /home/veri-pc/.local/lib/python3.10/site-packages/airflow/example_dags/example_latest_only.py for tasks to queue
[2023-03-07 09:08:57,049] {logging_mixin.py:115} INFO - [2023-03-07 09:08:57,049] {dagbag.py:507} INFO - Filling up the DagBag from /home/veri-pc/.local/lib/python3.10/site-packages/airflow/example_dags/example_latest_only.py
[2023-03-07 09:08:57,054] {processor.py:651} INFO - DAG(s) dict_keys(['latest_only']) retrieved from /home/veri-pc/.local/lib/python3.10/site-packages/airflow/example_dags/example_latest_only.py
[2023-03-07 09:08:57,068] {logging_mixin.py:115} INFO - [2023-03-07 09:08:57,068] {dag.py:2379} INFO - Sync 1 DAGs
[2023-03-07 09:08:57,085] {logging_mixin.py:115} INFO - [2023-03-07 09:08:57,084] {dag.py:2927} INFO - Setting next_dagrun for latest_only to 2023-03-07T08:08:57.084765+00:00, run_after=2023-03-07T12:08:57.084765+00:00
[2023-03-07 09:08:57,094] {processor.py:161} INFO - Processing /home/veri-pc/.local/lib/python3.10/site-packages/airflow/example_dags/example_latest_only.py took 0.048 seconds
[2023-03-07 09:09:30,739] {processor.py:153} INFO - Started process (PID=13072) to work on /home/veri-pc/.local/lib/python3.10/site-packages/airflow/example_dags/example_latest_only.py
[2023-03-07 09:09:30,739] {processor.py:641} INFO - Processing file /home/veri-pc/.local/lib/python3.10/site-packages/airflow/example_dags/example_latest_only.py for tasks to queue
[2023-03-07 09:09:30,740] {logging_mixin.py:115} INFO - [2023-03-07 09:09:30,740] {dagbag.py:507} INFO - Filling up the DagBag from /home/veri-pc/.local/lib/python3.10/site-packages/airflow/example_dags/example_latest_only.py
[2023-03-07 09:09:30,747] {processor.py:651} INFO - DAG(s) dict_keys(['latest_only']) retrieved from /home/veri-pc/.local/lib/python3.10/site-packages/airflow/example_dags/example_latest_only.py
[2023-03-07 09:09:30,770] {logging_mixin.py:115} INFO - [2023-03-07 09:09:30,770] {dag.py:2379} INFO - Sync 1 DAGs
[2023-03-07 09:09:30,800] {logging_mixin.py:115} INFO - [2023-03-07 09:09:30,800] {dag.py:2927} INFO - Setting next_dagrun for latest_only to 2023-03-07T08:09:30.799872+00:00, run_after=2023-03-07T12:09:30.799872+00:00
[2023-03-07 09:09:30,823] {processor.py:161} INFO - Processing /home/veri-pc/.local/lib/python3.10/site-packages/airflow/example_dags/example_latest_only.py took 0.087 seconds
[2023-03-07 09:09:55,907] {processor.py:153} INFO - Started process (PID=13199) to work on /home/veri-pc/.local/lib/python3.10/site-packages/airflow/example_dags/example_latest_only.py
[2023-03-07 09:09:55,908] {processor.py:641} INFO - Processing file /home/veri-pc/.local/lib/python3.10/site-packages/airflow/example_dags/example_latest_only.py for tasks to queue
[2023-03-07 09:09:55,908] {logging_mixin.py:115} INFO - [2023-03-07 09:09:55,908] {dagbag.py:507} INFO - Filling up the DagBag from /home/veri-pc/.local/lib/python3.10/site-packages/airflow/example_dags/example_latest_only.py
[2023-03-07 09:09:55,911] {processor.py:651} INFO - DAG(s) dict_keys(['latest_only']) retrieved from /home/veri-pc/.local/lib/python3.10/site-packages/airflow/example_dags/example_latest_only.py
[2023-03-07 09:09:55,922] {logging_mixin.py:115} INFO - [2023-03-07 09:09:55,922] {dag.py:2379} INFO - Sync 1 DAGs
[2023-03-07 09:09:55,935] {logging_mixin.py:115} INFO - [2023-03-07 09:09:55,935] {dag.py:2927} INFO - Setting next_dagrun for latest_only to 2023-03-07T08:09:55.935348+00:00, run_after=2023-03-07T12:09:55.935348+00:00
[2023-03-07 09:09:55,943] {processor.py:161} INFO - Processing /home/veri-pc/.local/lib/python3.10/site-packages/airflow/example_dags/example_latest_only.py took 0.037 seconds
