[2023-03-07 08:40:50,213] {processor.py:153} INFO - Started process (PID=8160) to work on /home/veri-pc/.local/lib/python3.10/site-packages/airflow/example_dags/example_skip_dag.py
[2023-03-07 08:40:50,214] {processor.py:641} INFO - Processing file /home/veri-pc/.local/lib/python3.10/site-packages/airflow/example_dags/example_skip_dag.py for tasks to queue
[2023-03-07 08:40:50,215] {logging_mixin.py:115} INFO - [2023-03-07 08:40:50,215] {dagbag.py:507} INFO - Filling up the DagBag from /home/veri-pc/.local/lib/python3.10/site-packages/airflow/example_dags/example_skip_dag.py
[2023-03-07 08:40:50,232] {processor.py:651} INFO - DAG(s) dict_keys(['example_skip_dag']) retrieved from /home/veri-pc/.local/lib/python3.10/site-packages/airflow/example_dags/example_skip_dag.py
[2023-03-07 08:40:50,277] {logging_mixin.py:115} INFO - [2023-03-07 08:40:50,276] {manager.py:508} INFO - Created Permission View: can delete on DAG:example_skip_dag
[2023-03-07 08:40:50,284] {logging_mixin.py:115} INFO - [2023-03-07 08:40:50,284] {manager.py:508} INFO - Created Permission View: can read on DAG:example_skip_dag
[2023-03-07 08:40:50,289] {logging_mixin.py:115} INFO - [2023-03-07 08:40:50,289] {manager.py:508} INFO - Created Permission View: can edit on DAG:example_skip_dag
[2023-03-07 08:40:50,289] {logging_mixin.py:115} INFO - [2023-03-07 08:40:50,289] {dag.py:2379} INFO - Sync 1 DAGs
[2023-03-07 08:40:50,293] {logging_mixin.py:115} INFO - [2023-03-07 08:40:50,293] {dag.py:2398} INFO - Creating ORM DAG for example_skip_dag
[2023-03-07 08:40:50,299] {logging_mixin.py:115} INFO - [2023-03-07 08:40:50,299] {dag.py:2927} INFO - Setting next_dagrun for example_skip_dag to 2023-03-06T11:40:50.298930+00:00, run_after=2023-03-07T11:40:50.298930+00:00
[2023-03-07 08:40:50,308] {processor.py:161} INFO - Processing /home/veri-pc/.local/lib/python3.10/site-packages/airflow/example_dags/example_skip_dag.py took 0.102 seconds
[2023-03-07 08:41:23,406] {processor.py:153} INFO - Started process (PID=8238) to work on /home/veri-pc/.local/lib/python3.10/site-packages/airflow/example_dags/example_skip_dag.py
[2023-03-07 08:41:23,406] {processor.py:641} INFO - Processing file /home/veri-pc/.local/lib/python3.10/site-packages/airflow/example_dags/example_skip_dag.py for tasks to queue
[2023-03-07 08:41:23,407] {logging_mixin.py:115} INFO - [2023-03-07 08:41:23,407] {dagbag.py:507} INFO - Filling up the DagBag from /home/veri-pc/.local/lib/python3.10/site-packages/airflow/example_dags/example_skip_dag.py
[2023-03-07 08:41:23,414] {processor.py:651} INFO - DAG(s) dict_keys(['example_skip_dag']) retrieved from /home/veri-pc/.local/lib/python3.10/site-packages/airflow/example_dags/example_skip_dag.py
[2023-03-07 08:41:23,427] {logging_mixin.py:115} INFO - [2023-03-07 08:41:23,427] {dag.py:2379} INFO - Sync 1 DAGs
[2023-03-07 08:41:23,439] {logging_mixin.py:115} INFO - [2023-03-07 08:41:23,439] {dag.py:2927} INFO - Setting next_dagrun for example_skip_dag to 2023-03-06T11:41:23.438976+00:00, run_after=2023-03-07T11:41:23.438976+00:00
[2023-03-07 08:41:23,446] {processor.py:161} INFO - Processing /home/veri-pc/.local/lib/python3.10/site-packages/airflow/example_dags/example_skip_dag.py took 0.043 seconds
[2023-03-07 08:41:56,075] {processor.py:153} INFO - Started process (PID=8299) to work on /home/veri-pc/.local/lib/python3.10/site-packages/airflow/example_dags/example_skip_dag.py
[2023-03-07 08:41:56,077] {processor.py:641} INFO - Processing file /home/veri-pc/.local/lib/python3.10/site-packages/airflow/example_dags/example_skip_dag.py for tasks to queue
[2023-03-07 08:41:56,078] {logging_mixin.py:115} INFO - [2023-03-07 08:41:56,078] {dagbag.py:507} INFO - Filling up the DagBag from /home/veri-pc/.local/lib/python3.10/site-packages/airflow/example_dags/example_skip_dag.py
[2023-03-07 08:41:56,096] {processor.py:651} INFO - DAG(s) dict_keys(['example_skip_dag']) retrieved from /home/veri-pc/.local/lib/python3.10/site-packages/airflow/example_dags/example_skip_dag.py
[2023-03-07 08:41:56,113] {logging_mixin.py:115} INFO - [2023-03-07 08:41:56,112] {dag.py:2379} INFO - Sync 1 DAGs
[2023-03-07 08:41:56,127] {logging_mixin.py:115} INFO - [2023-03-07 08:41:56,127] {dag.py:2927} INFO - Setting next_dagrun for example_skip_dag to 2023-03-06T11:41:56.127643+00:00, run_after=2023-03-07T11:41:56.127643+00:00
[2023-03-07 08:41:56,135] {processor.py:161} INFO - Processing /home/veri-pc/.local/lib/python3.10/site-packages/airflow/example_dags/example_skip_dag.py took 0.066 seconds
[2023-03-07 08:42:29,028] {processor.py:153} INFO - Started process (PID=8368) to work on /home/veri-pc/.local/lib/python3.10/site-packages/airflow/example_dags/example_skip_dag.py
[2023-03-07 08:42:29,030] {processor.py:641} INFO - Processing file /home/veri-pc/.local/lib/python3.10/site-packages/airflow/example_dags/example_skip_dag.py for tasks to queue
[2023-03-07 08:42:29,032] {logging_mixin.py:115} INFO - [2023-03-07 08:42:29,031] {dagbag.py:507} INFO - Filling up the DagBag from /home/veri-pc/.local/lib/python3.10/site-packages/airflow/example_dags/example_skip_dag.py
[2023-03-07 08:42:29,048] {processor.py:651} INFO - DAG(s) dict_keys(['example_skip_dag']) retrieved from /home/veri-pc/.local/lib/python3.10/site-packages/airflow/example_dags/example_skip_dag.py
[2023-03-07 08:42:29,063] {logging_mixin.py:115} INFO - [2023-03-07 08:42:29,063] {dag.py:2379} INFO - Sync 1 DAGs
[2023-03-07 08:42:29,075] {logging_mixin.py:115} INFO - [2023-03-07 08:42:29,075] {dag.py:2927} INFO - Setting next_dagrun for example_skip_dag to 2023-03-06T11:42:29.075014+00:00, run_after=2023-03-07T11:42:29.075014+00:00
[2023-03-07 08:42:29,082] {processor.py:161} INFO - Processing /home/veri-pc/.local/lib/python3.10/site-packages/airflow/example_dags/example_skip_dag.py took 0.060 seconds
[2023-03-07 08:43:02,192] {processor.py:153} INFO - Started process (PID=8433) to work on /home/veri-pc/.local/lib/python3.10/site-packages/airflow/example_dags/example_skip_dag.py
[2023-03-07 08:43:02,193] {processor.py:641} INFO - Processing file /home/veri-pc/.local/lib/python3.10/site-packages/airflow/example_dags/example_skip_dag.py for tasks to queue
[2023-03-07 08:43:02,194] {logging_mixin.py:115} INFO - [2023-03-07 08:43:02,194] {dagbag.py:507} INFO - Filling up the DagBag from /home/veri-pc/.local/lib/python3.10/site-packages/airflow/example_dags/example_skip_dag.py
[2023-03-07 08:43:02,203] {processor.py:651} INFO - DAG(s) dict_keys(['example_skip_dag']) retrieved from /home/veri-pc/.local/lib/python3.10/site-packages/airflow/example_dags/example_skip_dag.py
[2023-03-07 08:43:02,216] {logging_mixin.py:115} INFO - [2023-03-07 08:43:02,216] {dag.py:2379} INFO - Sync 1 DAGs
[2023-03-07 08:43:02,228] {logging_mixin.py:115} INFO - [2023-03-07 08:43:02,227] {dag.py:2927} INFO - Setting next_dagrun for example_skip_dag to 2023-03-06T11:43:02.227779+00:00, run_after=2023-03-07T11:43:02.227779+00:00
[2023-03-07 08:43:02,235] {processor.py:161} INFO - Processing /home/veri-pc/.local/lib/python3.10/site-packages/airflow/example_dags/example_skip_dag.py took 0.049 seconds
[2023-03-07 08:43:36,368] {processor.py:153} INFO - Started process (PID=8515) to work on /home/veri-pc/.local/lib/python3.10/site-packages/airflow/example_dags/example_skip_dag.py
[2023-03-07 08:43:36,370] {processor.py:641} INFO - Processing file /home/veri-pc/.local/lib/python3.10/site-packages/airflow/example_dags/example_skip_dag.py for tasks to queue
[2023-03-07 08:43:36,371] {logging_mixin.py:115} INFO - [2023-03-07 08:43:36,371] {dagbag.py:507} INFO - Filling up the DagBag from /home/veri-pc/.local/lib/python3.10/site-packages/airflow/example_dags/example_skip_dag.py
[2023-03-07 08:43:36,387] {processor.py:651} INFO - DAG(s) dict_keys(['example_skip_dag']) retrieved from /home/veri-pc/.local/lib/python3.10/site-packages/airflow/example_dags/example_skip_dag.py
[2023-03-07 08:43:36,402] {logging_mixin.py:115} INFO - [2023-03-07 08:43:36,402] {dag.py:2379} INFO - Sync 1 DAGs
[2023-03-07 08:43:36,414] {logging_mixin.py:115} INFO - [2023-03-07 08:43:36,414] {dag.py:2927} INFO - Setting next_dagrun for example_skip_dag to 2023-03-06T11:43:36.414660+00:00, run_after=2023-03-07T11:43:36.414660+00:00
[2023-03-07 08:43:36,423] {processor.py:161} INFO - Processing /home/veri-pc/.local/lib/python3.10/site-packages/airflow/example_dags/example_skip_dag.py took 0.061 seconds
[2023-03-07 08:44:07,747] {processor.py:153} INFO - Started process (PID=8579) to work on /home/veri-pc/.local/lib/python3.10/site-packages/airflow/example_dags/example_skip_dag.py
[2023-03-07 08:44:07,747] {processor.py:641} INFO - Processing file /home/veri-pc/.local/lib/python3.10/site-packages/airflow/example_dags/example_skip_dag.py for tasks to queue
[2023-03-07 08:44:07,748] {logging_mixin.py:115} INFO - [2023-03-07 08:44:07,748] {dagbag.py:507} INFO - Filling up the DagBag from /home/veri-pc/.local/lib/python3.10/site-packages/airflow/example_dags/example_skip_dag.py
[2023-03-07 08:44:07,756] {processor.py:651} INFO - DAG(s) dict_keys(['example_skip_dag']) retrieved from /home/veri-pc/.local/lib/python3.10/site-packages/airflow/example_dags/example_skip_dag.py
[2023-03-07 08:44:07,768] {logging_mixin.py:115} INFO - [2023-03-07 08:44:07,768] {dag.py:2379} INFO - Sync 1 DAGs
[2023-03-07 08:44:07,780] {logging_mixin.py:115} INFO - [2023-03-07 08:44:07,780] {dag.py:2927} INFO - Setting next_dagrun for example_skip_dag to 2023-03-06T11:44:07.780133+00:00, run_after=2023-03-07T11:44:07.780133+00:00
[2023-03-07 08:44:07,789] {processor.py:161} INFO - Processing /home/veri-pc/.local/lib/python3.10/site-packages/airflow/example_dags/example_skip_dag.py took 0.045 seconds
[2023-03-07 08:44:40,544] {processor.py:153} INFO - Started process (PID=8657) to work on /home/veri-pc/.local/lib/python3.10/site-packages/airflow/example_dags/example_skip_dag.py
[2023-03-07 08:44:40,545] {processor.py:641} INFO - Processing file /home/veri-pc/.local/lib/python3.10/site-packages/airflow/example_dags/example_skip_dag.py for tasks to queue
[2023-03-07 08:44:40,547] {logging_mixin.py:115} INFO - [2023-03-07 08:44:40,546] {dagbag.py:507} INFO - Filling up the DagBag from /home/veri-pc/.local/lib/python3.10/site-packages/airflow/example_dags/example_skip_dag.py
[2023-03-07 08:44:40,560] {processor.py:651} INFO - DAG(s) dict_keys(['example_skip_dag']) retrieved from /home/veri-pc/.local/lib/python3.10/site-packages/airflow/example_dags/example_skip_dag.py
[2023-03-07 08:44:40,575] {logging_mixin.py:115} INFO - [2023-03-07 08:44:40,575] {dag.py:2379} INFO - Sync 1 DAGs
[2023-03-07 08:44:40,587] {logging_mixin.py:115} INFO - [2023-03-07 08:44:40,587] {dag.py:2927} INFO - Setting next_dagrun for example_skip_dag to 2023-03-06T11:44:40.586879+00:00, run_after=2023-03-07T11:44:40.586879+00:00
[2023-03-07 08:44:40,594] {processor.py:161} INFO - Processing /home/veri-pc/.local/lib/python3.10/site-packages/airflow/example_dags/example_skip_dag.py took 0.056 seconds
[2023-03-07 08:45:12,300] {processor.py:153} INFO - Started process (PID=8723) to work on /home/veri-pc/.local/lib/python3.10/site-packages/airflow/example_dags/example_skip_dag.py
[2023-03-07 08:45:12,300] {processor.py:641} INFO - Processing file /home/veri-pc/.local/lib/python3.10/site-packages/airflow/example_dags/example_skip_dag.py for tasks to queue
[2023-03-07 08:45:12,301] {logging_mixin.py:115} INFO - [2023-03-07 08:45:12,301] {dagbag.py:507} INFO - Filling up the DagBag from /home/veri-pc/.local/lib/python3.10/site-packages/airflow/example_dags/example_skip_dag.py
[2023-03-07 08:45:12,308] {processor.py:651} INFO - DAG(s) dict_keys(['example_skip_dag']) retrieved from /home/veri-pc/.local/lib/python3.10/site-packages/airflow/example_dags/example_skip_dag.py
[2023-03-07 08:45:12,320] {logging_mixin.py:115} INFO - [2023-03-07 08:45:12,319] {dag.py:2379} INFO - Sync 1 DAGs
[2023-03-07 08:45:12,332] {logging_mixin.py:115} INFO - [2023-03-07 08:45:12,332] {dag.py:2927} INFO - Setting next_dagrun for example_skip_dag to 2023-03-06T11:45:12.331818+00:00, run_after=2023-03-07T11:45:12.331818+00:00
[2023-03-07 08:45:12,339] {processor.py:161} INFO - Processing /home/veri-pc/.local/lib/python3.10/site-packages/airflow/example_dags/example_skip_dag.py took 0.041 seconds
[2023-03-07 08:45:45,423] {processor.py:153} INFO - Started process (PID=8791) to work on /home/veri-pc/.local/lib/python3.10/site-packages/airflow/example_dags/example_skip_dag.py
[2023-03-07 08:45:45,425] {processor.py:641} INFO - Processing file /home/veri-pc/.local/lib/python3.10/site-packages/airflow/example_dags/example_skip_dag.py for tasks to queue
[2023-03-07 08:45:45,426] {logging_mixin.py:115} INFO - [2023-03-07 08:45:45,426] {dagbag.py:507} INFO - Filling up the DagBag from /home/veri-pc/.local/lib/python3.10/site-packages/airflow/example_dags/example_skip_dag.py
[2023-03-07 08:45:45,438] {processor.py:651} INFO - DAG(s) dict_keys(['example_skip_dag']) retrieved from /home/veri-pc/.local/lib/python3.10/site-packages/airflow/example_dags/example_skip_dag.py
[2023-03-07 08:45:45,457] {logging_mixin.py:115} INFO - [2023-03-07 08:45:45,457] {dag.py:2379} INFO - Sync 1 DAGs
[2023-03-07 08:45:45,470] {logging_mixin.py:115} INFO - [2023-03-07 08:45:45,470] {dag.py:2927} INFO - Setting next_dagrun for example_skip_dag to 2023-03-06T11:45:45.470129+00:00, run_after=2023-03-07T11:45:45.470129+00:00
[2023-03-07 08:45:45,478] {processor.py:161} INFO - Processing /home/veri-pc/.local/lib/python3.10/site-packages/airflow/example_dags/example_skip_dag.py took 0.061 seconds
[2023-03-07 08:46:18,994] {processor.py:153} INFO - Started process (PID=8864) to work on /home/veri-pc/.local/lib/python3.10/site-packages/airflow/example_dags/example_skip_dag.py
[2023-03-07 08:46:18,995] {processor.py:641} INFO - Processing file /home/veri-pc/.local/lib/python3.10/site-packages/airflow/example_dags/example_skip_dag.py for tasks to queue
[2023-03-07 08:46:18,995] {logging_mixin.py:115} INFO - [2023-03-07 08:46:18,995] {dagbag.py:507} INFO - Filling up the DagBag from /home/veri-pc/.local/lib/python3.10/site-packages/airflow/example_dags/example_skip_dag.py
[2023-03-07 08:46:19,000] {processor.py:651} INFO - DAG(s) dict_keys(['example_skip_dag']) retrieved from /home/veri-pc/.local/lib/python3.10/site-packages/airflow/example_dags/example_skip_dag.py
[2023-03-07 08:46:19,012] {logging_mixin.py:115} INFO - [2023-03-07 08:46:19,012] {dag.py:2379} INFO - Sync 1 DAGs
[2023-03-07 08:46:19,023] {logging_mixin.py:115} INFO - [2023-03-07 08:46:19,023] {dag.py:2927} INFO - Setting next_dagrun for example_skip_dag to 2023-03-06T11:46:19.023159+00:00, run_after=2023-03-07T11:46:19.023159+00:00
[2023-03-07 08:46:19,030] {processor.py:161} INFO - Processing /home/veri-pc/.local/lib/python3.10/site-packages/airflow/example_dags/example_skip_dag.py took 0.040 seconds
[2023-03-07 08:46:50,948] {processor.py:153} INFO - Started process (PID=8954) to work on /home/veri-pc/.local/lib/python3.10/site-packages/airflow/example_dags/example_skip_dag.py
[2023-03-07 08:46:50,950] {processor.py:641} INFO - Processing file /home/veri-pc/.local/lib/python3.10/site-packages/airflow/example_dags/example_skip_dag.py for tasks to queue
[2023-03-07 08:46:50,952] {logging_mixin.py:115} INFO - [2023-03-07 08:46:50,951] {dagbag.py:507} INFO - Filling up the DagBag from /home/veri-pc/.local/lib/python3.10/site-packages/airflow/example_dags/example_skip_dag.py
[2023-03-07 08:46:50,963] {processor.py:651} INFO - DAG(s) dict_keys(['example_skip_dag']) retrieved from /home/veri-pc/.local/lib/python3.10/site-packages/airflow/example_dags/example_skip_dag.py
[2023-03-07 08:46:50,980] {logging_mixin.py:115} INFO - [2023-03-07 08:46:50,979] {dag.py:2379} INFO - Sync 1 DAGs
[2023-03-07 08:46:50,992] {logging_mixin.py:115} INFO - [2023-03-07 08:46:50,992] {dag.py:2927} INFO - Setting next_dagrun for example_skip_dag to 2023-03-06T11:46:50.992065+00:00, run_after=2023-03-07T11:46:50.992065+00:00
[2023-03-07 08:46:51,000] {processor.py:161} INFO - Processing /home/veri-pc/.local/lib/python3.10/site-packages/airflow/example_dags/example_skip_dag.py took 0.059 seconds
[2023-03-07 08:47:24,380] {processor.py:153} INFO - Started process (PID=9042) to work on /home/veri-pc/.local/lib/python3.10/site-packages/airflow/example_dags/example_skip_dag.py
[2023-03-07 08:47:24,381] {processor.py:641} INFO - Processing file /home/veri-pc/.local/lib/python3.10/site-packages/airflow/example_dags/example_skip_dag.py for tasks to queue
[2023-03-07 08:47:24,383] {logging_mixin.py:115} INFO - [2023-03-07 08:47:24,382] {dagbag.py:507} INFO - Filling up the DagBag from /home/veri-pc/.local/lib/python3.10/site-packages/airflow/example_dags/example_skip_dag.py
[2023-03-07 08:47:24,394] {processor.py:651} INFO - DAG(s) dict_keys(['example_skip_dag']) retrieved from /home/veri-pc/.local/lib/python3.10/site-packages/airflow/example_dags/example_skip_dag.py
[2023-03-07 08:47:24,413] {logging_mixin.py:115} INFO - [2023-03-07 08:47:24,413] {dag.py:2379} INFO - Sync 1 DAGs
[2023-03-07 08:47:24,425] {logging_mixin.py:115} INFO - [2023-03-07 08:47:24,424] {dag.py:2927} INFO - Setting next_dagrun for example_skip_dag to 2023-03-06T11:47:24.424819+00:00, run_after=2023-03-07T11:47:24.424819+00:00
[2023-03-07 08:47:24,432] {processor.py:161} INFO - Processing /home/veri-pc/.local/lib/python3.10/site-packages/airflow/example_dags/example_skip_dag.py took 0.059 seconds
[2023-03-07 08:47:56,325] {processor.py:153} INFO - Started process (PID=9138) to work on /home/veri-pc/.local/lib/python3.10/site-packages/airflow/example_dags/example_skip_dag.py
[2023-03-07 08:47:56,326] {processor.py:641} INFO - Processing file /home/veri-pc/.local/lib/python3.10/site-packages/airflow/example_dags/example_skip_dag.py for tasks to queue
[2023-03-07 08:47:56,326] {logging_mixin.py:115} INFO - [2023-03-07 08:47:56,326] {dagbag.py:507} INFO - Filling up the DagBag from /home/veri-pc/.local/lib/python3.10/site-packages/airflow/example_dags/example_skip_dag.py
[2023-03-07 08:47:56,333] {processor.py:651} INFO - DAG(s) dict_keys(['example_skip_dag']) retrieved from /home/veri-pc/.local/lib/python3.10/site-packages/airflow/example_dags/example_skip_dag.py
[2023-03-07 08:47:56,345] {logging_mixin.py:115} INFO - [2023-03-07 08:47:56,345] {dag.py:2379} INFO - Sync 1 DAGs
[2023-03-07 08:47:56,359] {logging_mixin.py:115} INFO - [2023-03-07 08:47:56,359] {dag.py:2927} INFO - Setting next_dagrun for example_skip_dag to 2023-03-06T11:47:56.359466+00:00, run_after=2023-03-07T11:47:56.359466+00:00
[2023-03-07 08:47:56,370] {processor.py:161} INFO - Processing /home/veri-pc/.local/lib/python3.10/site-packages/airflow/example_dags/example_skip_dag.py took 0.048 seconds
[2023-03-07 08:48:29,398] {processor.py:153} INFO - Started process (PID=9222) to work on /home/veri-pc/.local/lib/python3.10/site-packages/airflow/example_dags/example_skip_dag.py
[2023-03-07 08:48:29,399] {processor.py:641} INFO - Processing file /home/veri-pc/.local/lib/python3.10/site-packages/airflow/example_dags/example_skip_dag.py for tasks to queue
[2023-03-07 08:48:29,400] {logging_mixin.py:115} INFO - [2023-03-07 08:48:29,400] {dagbag.py:507} INFO - Filling up the DagBag from /home/veri-pc/.local/lib/python3.10/site-packages/airflow/example_dags/example_skip_dag.py
[2023-03-07 08:48:29,411] {processor.py:651} INFO - DAG(s) dict_keys(['example_skip_dag']) retrieved from /home/veri-pc/.local/lib/python3.10/site-packages/airflow/example_dags/example_skip_dag.py
[2023-03-07 08:48:29,429] {logging_mixin.py:115} INFO - [2023-03-07 08:48:29,429] {dag.py:2379} INFO - Sync 1 DAGs
[2023-03-07 08:48:29,441] {logging_mixin.py:115} INFO - [2023-03-07 08:48:29,441] {dag.py:2927} INFO - Setting next_dagrun for example_skip_dag to 2023-03-06T11:48:29.441716+00:00, run_after=2023-03-07T11:48:29.441716+00:00
[2023-03-07 08:48:29,449] {processor.py:161} INFO - Processing /home/veri-pc/.local/lib/python3.10/site-packages/airflow/example_dags/example_skip_dag.py took 0.057 seconds
[2023-03-07 08:49:01,376] {processor.py:153} INFO - Started process (PID=9292) to work on /home/veri-pc/.local/lib/python3.10/site-packages/airflow/example_dags/example_skip_dag.py
[2023-03-07 08:49:01,378] {processor.py:641} INFO - Processing file /home/veri-pc/.local/lib/python3.10/site-packages/airflow/example_dags/example_skip_dag.py for tasks to queue
[2023-03-07 08:49:01,379] {logging_mixin.py:115} INFO - [2023-03-07 08:49:01,379] {dagbag.py:507} INFO - Filling up the DagBag from /home/veri-pc/.local/lib/python3.10/site-packages/airflow/example_dags/example_skip_dag.py
[2023-03-07 08:49:01,385] {processor.py:651} INFO - DAG(s) dict_keys(['example_skip_dag']) retrieved from /home/veri-pc/.local/lib/python3.10/site-packages/airflow/example_dags/example_skip_dag.py
[2023-03-07 08:49:01,401] {logging_mixin.py:115} INFO - [2023-03-07 08:49:01,401] {dag.py:2379} INFO - Sync 1 DAGs
[2023-03-07 08:49:01,413] {logging_mixin.py:115} INFO - [2023-03-07 08:49:01,413] {dag.py:2927} INFO - Setting next_dagrun for example_skip_dag to 2023-03-06T11:49:01.413618+00:00, run_after=2023-03-07T11:49:01.413618+00:00
[2023-03-07 08:49:01,421] {processor.py:161} INFO - Processing /home/veri-pc/.local/lib/python3.10/site-packages/airflow/example_dags/example_skip_dag.py took 0.049 seconds
[2023-03-07 08:49:33,065] {processor.py:153} INFO - Started process (PID=9378) to work on /home/veri-pc/.local/lib/python3.10/site-packages/airflow/example_dags/example_skip_dag.py
[2023-03-07 08:49:33,066] {processor.py:641} INFO - Processing file /home/veri-pc/.local/lib/python3.10/site-packages/airflow/example_dags/example_skip_dag.py for tasks to queue
[2023-03-07 08:49:33,066] {logging_mixin.py:115} INFO - [2023-03-07 08:49:33,066] {dagbag.py:507} INFO - Filling up the DagBag from /home/veri-pc/.local/lib/python3.10/site-packages/airflow/example_dags/example_skip_dag.py
[2023-03-07 08:49:33,071] {processor.py:651} INFO - DAG(s) dict_keys(['example_skip_dag']) retrieved from /home/veri-pc/.local/lib/python3.10/site-packages/airflow/example_dags/example_skip_dag.py
[2023-03-07 08:49:33,089] {logging_mixin.py:115} INFO - [2023-03-07 08:49:33,089] {dag.py:2379} INFO - Sync 1 DAGs
[2023-03-07 08:49:33,103] {logging_mixin.py:115} INFO - [2023-03-07 08:49:33,103] {dag.py:2927} INFO - Setting next_dagrun for example_skip_dag to 2023-03-06T11:49:33.103415+00:00, run_after=2023-03-07T11:49:33.103415+00:00
[2023-03-07 08:49:33,112] {processor.py:161} INFO - Processing /home/veri-pc/.local/lib/python3.10/site-packages/airflow/example_dags/example_skip_dag.py took 0.050 seconds
[2023-03-07 08:50:05,872] {processor.py:153} INFO - Started process (PID=9488) to work on /home/veri-pc/.local/lib/python3.10/site-packages/airflow/example_dags/example_skip_dag.py
[2023-03-07 08:50:05,873] {processor.py:641} INFO - Processing file /home/veri-pc/.local/lib/python3.10/site-packages/airflow/example_dags/example_skip_dag.py for tasks to queue
[2023-03-07 08:50:05,874] {logging_mixin.py:115} INFO - [2023-03-07 08:50:05,874] {dagbag.py:507} INFO - Filling up the DagBag from /home/veri-pc/.local/lib/python3.10/site-packages/airflow/example_dags/example_skip_dag.py
[2023-03-07 08:50:05,880] {processor.py:651} INFO - DAG(s) dict_keys(['example_skip_dag']) retrieved from /home/veri-pc/.local/lib/python3.10/site-packages/airflow/example_dags/example_skip_dag.py
[2023-03-07 08:50:05,900] {logging_mixin.py:115} INFO - [2023-03-07 08:50:05,899] {dag.py:2379} INFO - Sync 1 DAGs
[2023-03-07 08:50:05,914] {logging_mixin.py:115} INFO - [2023-03-07 08:50:05,914] {dag.py:2927} INFO - Setting next_dagrun for example_skip_dag to 2023-03-06T11:50:05.914698+00:00, run_after=2023-03-07T11:50:05.914698+00:00
[2023-03-07 08:50:05,924] {processor.py:161} INFO - Processing /home/veri-pc/.local/lib/python3.10/site-packages/airflow/example_dags/example_skip_dag.py took 0.055 seconds
[2023-03-07 08:50:39,902] {processor.py:153} INFO - Started process (PID=9568) to work on /home/veri-pc/.local/lib/python3.10/site-packages/airflow/example_dags/example_skip_dag.py
[2023-03-07 08:50:39,903] {processor.py:641} INFO - Processing file /home/veri-pc/.local/lib/python3.10/site-packages/airflow/example_dags/example_skip_dag.py for tasks to queue
[2023-03-07 08:50:39,904] {logging_mixin.py:115} INFO - [2023-03-07 08:50:39,904] {dagbag.py:507} INFO - Filling up the DagBag from /home/veri-pc/.local/lib/python3.10/site-packages/airflow/example_dags/example_skip_dag.py
[2023-03-07 08:50:39,912] {processor.py:651} INFO - DAG(s) dict_keys(['example_skip_dag']) retrieved from /home/veri-pc/.local/lib/python3.10/site-packages/airflow/example_dags/example_skip_dag.py
[2023-03-07 08:50:39,925] {logging_mixin.py:115} INFO - [2023-03-07 08:50:39,925] {dag.py:2379} INFO - Sync 1 DAGs
[2023-03-07 08:50:39,935] {logging_mixin.py:115} INFO - [2023-03-07 08:50:39,935] {dag.py:2927} INFO - Setting next_dagrun for example_skip_dag to 2023-03-06T11:50:39.935316+00:00, run_after=2023-03-07T11:50:39.935316+00:00
[2023-03-07 08:50:39,944] {processor.py:161} INFO - Processing /home/veri-pc/.local/lib/python3.10/site-packages/airflow/example_dags/example_skip_dag.py took 0.046 seconds
[2023-03-07 08:51:12,704] {processor.py:153} INFO - Started process (PID=9647) to work on /home/veri-pc/.local/lib/python3.10/site-packages/airflow/example_dags/example_skip_dag.py
[2023-03-07 08:51:12,706] {processor.py:641} INFO - Processing file /home/veri-pc/.local/lib/python3.10/site-packages/airflow/example_dags/example_skip_dag.py for tasks to queue
[2023-03-07 08:51:12,707] {logging_mixin.py:115} INFO - [2023-03-07 08:51:12,707] {dagbag.py:507} INFO - Filling up the DagBag from /home/veri-pc/.local/lib/python3.10/site-packages/airflow/example_dags/example_skip_dag.py
[2023-03-07 08:51:12,718] {processor.py:651} INFO - DAG(s) dict_keys(['example_skip_dag']) retrieved from /home/veri-pc/.local/lib/python3.10/site-packages/airflow/example_dags/example_skip_dag.py
[2023-03-07 08:51:12,736] {logging_mixin.py:115} INFO - [2023-03-07 08:51:12,736] {dag.py:2379} INFO - Sync 1 DAGs
[2023-03-07 08:51:12,749] {logging_mixin.py:115} INFO - [2023-03-07 08:51:12,749] {dag.py:2927} INFO - Setting next_dagrun for example_skip_dag to 2023-03-06T11:51:12.749723+00:00, run_after=2023-03-07T11:51:12.749723+00:00
[2023-03-07 08:51:12,757] {processor.py:161} INFO - Processing /home/veri-pc/.local/lib/python3.10/site-packages/airflow/example_dags/example_skip_dag.py took 0.060 seconds
[2023-03-07 08:51:44,652] {processor.py:153} INFO - Started process (PID=9759) to work on /home/veri-pc/.local/lib/python3.10/site-packages/airflow/example_dags/example_skip_dag.py
[2023-03-07 08:51:44,653] {processor.py:641} INFO - Processing file /home/veri-pc/.local/lib/python3.10/site-packages/airflow/example_dags/example_skip_dag.py for tasks to queue
[2023-03-07 08:51:44,654] {logging_mixin.py:115} INFO - [2023-03-07 08:51:44,653] {dagbag.py:507} INFO - Filling up the DagBag from /home/veri-pc/.local/lib/python3.10/site-packages/airflow/example_dags/example_skip_dag.py
[2023-03-07 08:51:44,663] {processor.py:651} INFO - DAG(s) dict_keys(['example_skip_dag']) retrieved from /home/veri-pc/.local/lib/python3.10/site-packages/airflow/example_dags/example_skip_dag.py
[2023-03-07 08:51:44,681] {logging_mixin.py:115} INFO - [2023-03-07 08:51:44,681] {dag.py:2379} INFO - Sync 1 DAGs
[2023-03-07 08:51:44,699] {logging_mixin.py:115} INFO - [2023-03-07 08:51:44,699] {dag.py:2927} INFO - Setting next_dagrun for example_skip_dag to 2023-03-06T11:51:44.698961+00:00, run_after=2023-03-07T11:51:44.698961+00:00
[2023-03-07 08:51:44,709] {processor.py:161} INFO - Processing /home/veri-pc/.local/lib/python3.10/site-packages/airflow/example_dags/example_skip_dag.py took 0.060 seconds
[2023-03-07 08:52:18,388] {processor.py:153} INFO - Started process (PID=9841) to work on /home/veri-pc/.local/lib/python3.10/site-packages/airflow/example_dags/example_skip_dag.py
[2023-03-07 08:52:18,389] {processor.py:641} INFO - Processing file /home/veri-pc/.local/lib/python3.10/site-packages/airflow/example_dags/example_skip_dag.py for tasks to queue
[2023-03-07 08:52:18,391] {logging_mixin.py:115} INFO - [2023-03-07 08:52:18,390] {dagbag.py:507} INFO - Filling up the DagBag from /home/veri-pc/.local/lib/python3.10/site-packages/airflow/example_dags/example_skip_dag.py
[2023-03-07 08:52:18,402] {processor.py:651} INFO - DAG(s) dict_keys(['example_skip_dag']) retrieved from /home/veri-pc/.local/lib/python3.10/site-packages/airflow/example_dags/example_skip_dag.py
[2023-03-07 08:52:18,419] {logging_mixin.py:115} INFO - [2023-03-07 08:52:18,419] {dag.py:2379} INFO - Sync 1 DAGs
[2023-03-07 08:52:18,432] {logging_mixin.py:115} INFO - [2023-03-07 08:52:18,432] {dag.py:2927} INFO - Setting next_dagrun for example_skip_dag to 2023-03-06T11:52:18.431988+00:00, run_after=2023-03-07T11:52:18.431988+00:00
[2023-03-07 08:52:18,440] {processor.py:161} INFO - Processing /home/veri-pc/.local/lib/python3.10/site-packages/airflow/example_dags/example_skip_dag.py took 0.059 seconds
[2023-03-07 08:52:52,911] {processor.py:153} INFO - Started process (PID=9935) to work on /home/veri-pc/.local/lib/python3.10/site-packages/airflow/example_dags/example_skip_dag.py
[2023-03-07 08:52:52,912] {processor.py:641} INFO - Processing file /home/veri-pc/.local/lib/python3.10/site-packages/airflow/example_dags/example_skip_dag.py for tasks to queue
[2023-03-07 08:52:52,913] {logging_mixin.py:115} INFO - [2023-03-07 08:52:52,913] {dagbag.py:507} INFO - Filling up the DagBag from /home/veri-pc/.local/lib/python3.10/site-packages/airflow/example_dags/example_skip_dag.py
[2023-03-07 08:52:52,922] {processor.py:651} INFO - DAG(s) dict_keys(['example_skip_dag']) retrieved from /home/veri-pc/.local/lib/python3.10/site-packages/airflow/example_dags/example_skip_dag.py
[2023-03-07 08:52:52,944] {logging_mixin.py:115} INFO - [2023-03-07 08:52:52,944] {dag.py:2379} INFO - Sync 1 DAGs
[2023-03-07 08:52:52,958] {logging_mixin.py:115} INFO - [2023-03-07 08:52:52,958] {dag.py:2927} INFO - Setting next_dagrun for example_skip_dag to 2023-03-06T11:52:52.958692+00:00, run_after=2023-03-07T11:52:52.958692+00:00
[2023-03-07 08:52:53,008] {processor.py:161} INFO - Processing /home/veri-pc/.local/lib/python3.10/site-packages/airflow/example_dags/example_skip_dag.py took 0.101 seconds
[2023-03-07 08:53:28,176] {processor.py:153} INFO - Started process (PID=10023) to work on /home/veri-pc/.local/lib/python3.10/site-packages/airflow/example_dags/example_skip_dag.py
[2023-03-07 08:53:28,177] {processor.py:641} INFO - Processing file /home/veri-pc/.local/lib/python3.10/site-packages/airflow/example_dags/example_skip_dag.py for tasks to queue
[2023-03-07 08:53:28,177] {logging_mixin.py:115} INFO - [2023-03-07 08:53:28,177] {dagbag.py:507} INFO - Filling up the DagBag from /home/veri-pc/.local/lib/python3.10/site-packages/airflow/example_dags/example_skip_dag.py
[2023-03-07 08:53:28,182] {processor.py:651} INFO - DAG(s) dict_keys(['example_skip_dag']) retrieved from /home/veri-pc/.local/lib/python3.10/site-packages/airflow/example_dags/example_skip_dag.py
[2023-03-07 08:53:28,200] {logging_mixin.py:115} INFO - [2023-03-07 08:53:28,200] {dag.py:2379} INFO - Sync 1 DAGs
[2023-03-07 08:53:28,218] {logging_mixin.py:115} INFO - [2023-03-07 08:53:28,218] {dag.py:2927} INFO - Setting next_dagrun for example_skip_dag to 2023-03-06T11:53:28.218526+00:00, run_after=2023-03-07T11:53:28.218526+00:00
[2023-03-07 08:53:28,227] {processor.py:161} INFO - Processing /home/veri-pc/.local/lib/python3.10/site-packages/airflow/example_dags/example_skip_dag.py took 0.053 seconds
[2023-03-07 08:53:59,909] {processor.py:153} INFO - Started process (PID=10102) to work on /home/veri-pc/.local/lib/python3.10/site-packages/airflow/example_dags/example_skip_dag.py
[2023-03-07 08:53:59,910] {processor.py:641} INFO - Processing file /home/veri-pc/.local/lib/python3.10/site-packages/airflow/example_dags/example_skip_dag.py for tasks to queue
[2023-03-07 08:53:59,911] {logging_mixin.py:115} INFO - [2023-03-07 08:53:59,911] {dagbag.py:507} INFO - Filling up the DagBag from /home/veri-pc/.local/lib/python3.10/site-packages/airflow/example_dags/example_skip_dag.py
[2023-03-07 08:53:59,920] {processor.py:651} INFO - DAG(s) dict_keys(['example_skip_dag']) retrieved from /home/veri-pc/.local/lib/python3.10/site-packages/airflow/example_dags/example_skip_dag.py
[2023-03-07 08:53:59,942] {logging_mixin.py:115} INFO - [2023-03-07 08:53:59,942] {dag.py:2379} INFO - Sync 1 DAGs
[2023-03-07 08:53:59,957] {logging_mixin.py:115} INFO - [2023-03-07 08:53:59,957] {dag.py:2927} INFO - Setting next_dagrun for example_skip_dag to 2023-03-06T11:53:59.957586+00:00, run_after=2023-03-07T11:53:59.957586+00:00
[2023-03-07 08:53:59,966] {processor.py:161} INFO - Processing /home/veri-pc/.local/lib/python3.10/site-packages/airflow/example_dags/example_skip_dag.py took 0.061 seconds
[2023-03-07 08:54:37,651] {processor.py:153} INFO - Started process (PID=10589) to work on /home/veri-pc/.local/lib/python3.10/site-packages/airflow/example_dags/example_skip_dag.py
[2023-03-07 08:54:37,651] {processor.py:641} INFO - Processing file /home/veri-pc/.local/lib/python3.10/site-packages/airflow/example_dags/example_skip_dag.py for tasks to queue
[2023-03-07 08:54:37,652] {logging_mixin.py:115} INFO - [2023-03-07 08:54:37,651] {dagbag.py:507} INFO - Filling up the DagBag from /home/veri-pc/.local/lib/python3.10/site-packages/airflow/example_dags/example_skip_dag.py
[2023-03-07 08:54:37,654] {processor.py:651} INFO - DAG(s) dict_keys(['example_skip_dag']) retrieved from /home/veri-pc/.local/lib/python3.10/site-packages/airflow/example_dags/example_skip_dag.py
[2023-03-07 08:54:37,663] {logging_mixin.py:115} INFO - [2023-03-07 08:54:37,663] {dag.py:2379} INFO - Sync 1 DAGs
[2023-03-07 08:54:37,674] {logging_mixin.py:115} INFO - [2023-03-07 08:54:37,674] {dag.py:2927} INFO - Setting next_dagrun for example_skip_dag to 2023-03-06T11:54:37.674160+00:00, run_after=2023-03-07T11:54:37.674160+00:00
[2023-03-07 08:54:37,682] {processor.py:161} INFO - Processing /home/veri-pc/.local/lib/python3.10/site-packages/airflow/example_dags/example_skip_dag.py took 0.033 seconds
[2023-03-07 08:55:08,258] {processor.py:153} INFO - Started process (PID=10895) to work on /home/veri-pc/.local/lib/python3.10/site-packages/airflow/example_dags/example_skip_dag.py
[2023-03-07 08:55:08,260] {processor.py:641} INFO - Processing file /home/veri-pc/.local/lib/python3.10/site-packages/airflow/example_dags/example_skip_dag.py for tasks to queue
[2023-03-07 08:55:08,261] {logging_mixin.py:115} INFO - [2023-03-07 08:55:08,261] {dagbag.py:507} INFO - Filling up the DagBag from /home/veri-pc/.local/lib/python3.10/site-packages/airflow/example_dags/example_skip_dag.py
[2023-03-07 08:55:08,272] {processor.py:651} INFO - DAG(s) dict_keys(['example_skip_dag']) retrieved from /home/veri-pc/.local/lib/python3.10/site-packages/airflow/example_dags/example_skip_dag.py
[2023-03-07 08:55:08,289] {logging_mixin.py:115} INFO - [2023-03-07 08:55:08,289] {dag.py:2379} INFO - Sync 1 DAGs
[2023-03-07 08:55:08,302] {logging_mixin.py:115} INFO - [2023-03-07 08:55:08,301] {dag.py:2927} INFO - Setting next_dagrun for example_skip_dag to 2023-03-06T11:55:08.301766+00:00, run_after=2023-03-07T11:55:08.301766+00:00
[2023-03-07 08:55:08,310] {processor.py:161} INFO - Processing /home/veri-pc/.local/lib/python3.10/site-packages/airflow/example_dags/example_skip_dag.py took 0.058 seconds
[2023-03-07 08:55:41,930] {processor.py:153} INFO - Started process (PID=10968) to work on /home/veri-pc/.local/lib/python3.10/site-packages/airflow/example_dags/example_skip_dag.py
[2023-03-07 08:55:41,931] {processor.py:641} INFO - Processing file /home/veri-pc/.local/lib/python3.10/site-packages/airflow/example_dags/example_skip_dag.py for tasks to queue
[2023-03-07 08:55:41,933] {logging_mixin.py:115} INFO - [2023-03-07 08:55:41,932] {dagbag.py:507} INFO - Filling up the DagBag from /home/veri-pc/.local/lib/python3.10/site-packages/airflow/example_dags/example_skip_dag.py
[2023-03-07 08:55:41,943] {processor.py:651} INFO - DAG(s) dict_keys(['example_skip_dag']) retrieved from /home/veri-pc/.local/lib/python3.10/site-packages/airflow/example_dags/example_skip_dag.py
[2023-03-07 08:55:41,959] {logging_mixin.py:115} INFO - [2023-03-07 08:55:41,959] {dag.py:2379} INFO - Sync 1 DAGs
[2023-03-07 08:55:41,969] {logging_mixin.py:115} INFO - [2023-03-07 08:55:41,969] {dag.py:2927} INFO - Setting next_dagrun for example_skip_dag to 2023-03-06T11:55:41.969059+00:00, run_after=2023-03-07T11:55:41.969059+00:00
[2023-03-07 08:55:41,978] {processor.py:161} INFO - Processing /home/veri-pc/.local/lib/python3.10/site-packages/airflow/example_dags/example_skip_dag.py took 0.055 seconds
[2023-03-07 08:56:15,463] {processor.py:153} INFO - Started process (PID=11033) to work on /home/veri-pc/.local/lib/python3.10/site-packages/airflow/example_dags/example_skip_dag.py
[2023-03-07 08:56:15,464] {processor.py:641} INFO - Processing file /home/veri-pc/.local/lib/python3.10/site-packages/airflow/example_dags/example_skip_dag.py for tasks to queue
[2023-03-07 08:56:15,464] {logging_mixin.py:115} INFO - [2023-03-07 08:56:15,464] {dagbag.py:507} INFO - Filling up the DagBag from /home/veri-pc/.local/lib/python3.10/site-packages/airflow/example_dags/example_skip_dag.py
[2023-03-07 08:56:15,467] {processor.py:651} INFO - DAG(s) dict_keys(['example_skip_dag']) retrieved from /home/veri-pc/.local/lib/python3.10/site-packages/airflow/example_dags/example_skip_dag.py
[2023-03-07 08:56:15,477] {logging_mixin.py:115} INFO - [2023-03-07 08:56:15,477] {dag.py:2379} INFO - Sync 1 DAGs
[2023-03-07 08:56:15,488] {logging_mixin.py:115} INFO - [2023-03-07 08:56:15,488] {dag.py:2927} INFO - Setting next_dagrun for example_skip_dag to 2023-03-06T11:56:15.488275+00:00, run_after=2023-03-07T11:56:15.488275+00:00
[2023-03-07 08:56:15,495] {processor.py:161} INFO - Processing /home/veri-pc/.local/lib/python3.10/site-packages/airflow/example_dags/example_skip_dag.py took 0.034 seconds
[2023-03-07 09:01:57,166] {processor.py:153} INFO - Started process (PID=11869) to work on /home/veri-pc/.local/lib/python3.10/site-packages/airflow/example_dags/example_skip_dag.py
[2023-03-07 09:01:57,168] {processor.py:641} INFO - Processing file /home/veri-pc/.local/lib/python3.10/site-packages/airflow/example_dags/example_skip_dag.py for tasks to queue
[2023-03-07 09:01:57,169] {logging_mixin.py:115} INFO - [2023-03-07 09:01:57,169] {dagbag.py:507} INFO - Filling up the DagBag from /home/veri-pc/.local/lib/python3.10/site-packages/airflow/example_dags/example_skip_dag.py
[2023-03-07 09:01:57,181] {processor.py:651} INFO - DAG(s) dict_keys(['example_skip_dag']) retrieved from /home/veri-pc/.local/lib/python3.10/site-packages/airflow/example_dags/example_skip_dag.py
[2023-03-07 09:01:57,202] {logging_mixin.py:115} INFO - [2023-03-07 09:01:57,202] {dag.py:2379} INFO - Sync 1 DAGs
[2023-03-07 09:01:57,215] {logging_mixin.py:115} INFO - [2023-03-07 09:01:57,215] {dag.py:2927} INFO - Setting next_dagrun for example_skip_dag to 2023-03-06T12:01:57.215596+00:00, run_after=2023-03-07T12:01:57.215596+00:00
[2023-03-07 09:01:57,224] {processor.py:161} INFO - Processing /home/veri-pc/.local/lib/python3.10/site-packages/airflow/example_dags/example_skip_dag.py took 0.063 seconds
[2023-03-07 09:02:27,838] {processor.py:153} INFO - Started process (PID=11960) to work on /home/veri-pc/.local/lib/python3.10/site-packages/airflow/example_dags/example_skip_dag.py
[2023-03-07 09:02:27,838] {processor.py:641} INFO - Processing file /home/veri-pc/.local/lib/python3.10/site-packages/airflow/example_dags/example_skip_dag.py for tasks to queue
[2023-03-07 09:02:27,839] {logging_mixin.py:115} INFO - [2023-03-07 09:02:27,839] {dagbag.py:507} INFO - Filling up the DagBag from /home/veri-pc/.local/lib/python3.10/site-packages/airflow/example_dags/example_skip_dag.py
[2023-03-07 09:02:27,846] {processor.py:651} INFO - DAG(s) dict_keys(['example_skip_dag']) retrieved from /home/veri-pc/.local/lib/python3.10/site-packages/airflow/example_dags/example_skip_dag.py
[2023-03-07 09:02:27,866] {logging_mixin.py:115} INFO - [2023-03-07 09:02:27,866] {dag.py:2379} INFO - Sync 1 DAGs
[2023-03-07 09:02:27,880] {logging_mixin.py:115} INFO - [2023-03-07 09:02:27,880] {dag.py:2927} INFO - Setting next_dagrun for example_skip_dag to 2023-03-06T12:02:27.879918+00:00, run_after=2023-03-07T12:02:27.879918+00:00
[2023-03-07 09:02:27,891] {processor.py:161} INFO - Processing /home/veri-pc/.local/lib/python3.10/site-packages/airflow/example_dags/example_skip_dag.py took 0.057 seconds
[2023-03-07 09:03:00,574] {processor.py:153} INFO - Started process (PID=12035) to work on /home/veri-pc/.local/lib/python3.10/site-packages/airflow/example_dags/example_skip_dag.py
[2023-03-07 09:03:00,575] {processor.py:641} INFO - Processing file /home/veri-pc/.local/lib/python3.10/site-packages/airflow/example_dags/example_skip_dag.py for tasks to queue
[2023-03-07 09:03:00,575] {logging_mixin.py:115} INFO - [2023-03-07 09:03:00,575] {dagbag.py:507} INFO - Filling up the DagBag from /home/veri-pc/.local/lib/python3.10/site-packages/airflow/example_dags/example_skip_dag.py
[2023-03-07 09:03:00,578] {processor.py:651} INFO - DAG(s) dict_keys(['example_skip_dag']) retrieved from /home/veri-pc/.local/lib/python3.10/site-packages/airflow/example_dags/example_skip_dag.py
[2023-03-07 09:03:00,587] {logging_mixin.py:115} INFO - [2023-03-07 09:03:00,587] {dag.py:2379} INFO - Sync 1 DAGs
[2023-03-07 09:03:00,596] {logging_mixin.py:115} INFO - [2023-03-07 09:03:00,596] {dag.py:2927} INFO - Setting next_dagrun for example_skip_dag to 2023-03-06T12:03:00.596664+00:00, run_after=2023-03-07T12:03:00.596664+00:00
[2023-03-07 09:03:00,604] {processor.py:161} INFO - Processing /home/veri-pc/.local/lib/python3.10/site-packages/airflow/example_dags/example_skip_dag.py took 0.031 seconds
[2023-03-07 09:03:33,639] {processor.py:153} INFO - Started process (PID=12206) to work on /home/veri-pc/.local/lib/python3.10/site-packages/airflow/example_dags/example_skip_dag.py
[2023-03-07 09:03:33,641] {processor.py:641} INFO - Processing file /home/veri-pc/.local/lib/python3.10/site-packages/airflow/example_dags/example_skip_dag.py for tasks to queue
[2023-03-07 09:03:33,642] {logging_mixin.py:115} INFO - [2023-03-07 09:03:33,641] {dagbag.py:507} INFO - Filling up the DagBag from /home/veri-pc/.local/lib/python3.10/site-packages/airflow/example_dags/example_skip_dag.py
[2023-03-07 09:03:33,650] {processor.py:651} INFO - DAG(s) dict_keys(['example_skip_dag']) retrieved from /home/veri-pc/.local/lib/python3.10/site-packages/airflow/example_dags/example_skip_dag.py
[2023-03-07 09:03:33,667] {logging_mixin.py:115} INFO - [2023-03-07 09:03:33,667] {dag.py:2379} INFO - Sync 1 DAGs
[2023-03-07 09:03:33,679] {logging_mixin.py:115} INFO - [2023-03-07 09:03:33,679] {dag.py:2927} INFO - Setting next_dagrun for example_skip_dag to 2023-03-06T12:03:33.679334+00:00, run_after=2023-03-07T12:03:33.679334+00:00
[2023-03-07 09:03:33,687] {processor.py:161} INFO - Processing /home/veri-pc/.local/lib/python3.10/site-packages/airflow/example_dags/example_skip_dag.py took 0.053 seconds
[2023-03-07 09:04:06,099] {processor.py:153} INFO - Started process (PID=12282) to work on /home/veri-pc/.local/lib/python3.10/site-packages/airflow/example_dags/example_skip_dag.py
[2023-03-07 09:04:06,100] {processor.py:641} INFO - Processing file /home/veri-pc/.local/lib/python3.10/site-packages/airflow/example_dags/example_skip_dag.py for tasks to queue
[2023-03-07 09:04:06,102] {logging_mixin.py:115} INFO - [2023-03-07 09:04:06,101] {dagbag.py:507} INFO - Filling up the DagBag from /home/veri-pc/.local/lib/python3.10/site-packages/airflow/example_dags/example_skip_dag.py
[2023-03-07 09:04:06,114] {processor.py:651} INFO - DAG(s) dict_keys(['example_skip_dag']) retrieved from /home/veri-pc/.local/lib/python3.10/site-packages/airflow/example_dags/example_skip_dag.py
[2023-03-07 09:04:06,132] {logging_mixin.py:115} INFO - [2023-03-07 09:04:06,132] {dag.py:2379} INFO - Sync 1 DAGs
[2023-03-07 09:04:06,145] {logging_mixin.py:115} INFO - [2023-03-07 09:04:06,145] {dag.py:2927} INFO - Setting next_dagrun for example_skip_dag to 2023-03-06T12:04:06.145541+00:00, run_after=2023-03-07T12:04:06.145541+00:00
[2023-03-07 09:04:06,154] {processor.py:161} INFO - Processing /home/veri-pc/.local/lib/python3.10/site-packages/airflow/example_dags/example_skip_dag.py took 0.061 seconds
[2023-03-07 09:04:40,337] {processor.py:153} INFO - Started process (PID=12362) to work on /home/veri-pc/.local/lib/python3.10/site-packages/airflow/example_dags/example_skip_dag.py
[2023-03-07 09:04:40,338] {processor.py:641} INFO - Processing file /home/veri-pc/.local/lib/python3.10/site-packages/airflow/example_dags/example_skip_dag.py for tasks to queue
[2023-03-07 09:04:40,338] {logging_mixin.py:115} INFO - [2023-03-07 09:04:40,338] {dagbag.py:507} INFO - Filling up the DagBag from /home/veri-pc/.local/lib/python3.10/site-packages/airflow/example_dags/example_skip_dag.py
[2023-03-07 09:04:40,342] {processor.py:651} INFO - DAG(s) dict_keys(['example_skip_dag']) retrieved from /home/veri-pc/.local/lib/python3.10/site-packages/airflow/example_dags/example_skip_dag.py
[2023-03-07 09:04:40,356] {logging_mixin.py:115} INFO - [2023-03-07 09:04:40,356] {dag.py:2379} INFO - Sync 1 DAGs
[2023-03-07 09:04:40,370] {logging_mixin.py:115} INFO - [2023-03-07 09:04:40,370] {dag.py:2927} INFO - Setting next_dagrun for example_skip_dag to 2023-03-06T12:04:40.370070+00:00, run_after=2023-03-07T12:04:40.370070+00:00
[2023-03-07 09:04:40,378] {processor.py:161} INFO - Processing /home/veri-pc/.local/lib/python3.10/site-packages/airflow/example_dags/example_skip_dag.py took 0.043 seconds
[2023-03-07 09:05:13,881] {processor.py:153} INFO - Started process (PID=12450) to work on /home/veri-pc/.local/lib/python3.10/site-packages/airflow/example_dags/example_skip_dag.py
[2023-03-07 09:05:13,883] {processor.py:641} INFO - Processing file /home/veri-pc/.local/lib/python3.10/site-packages/airflow/example_dags/example_skip_dag.py for tasks to queue
[2023-03-07 09:05:13,884] {logging_mixin.py:115} INFO - [2023-03-07 09:05:13,884] {dagbag.py:507} INFO - Filling up the DagBag from /home/veri-pc/.local/lib/python3.10/site-packages/airflow/example_dags/example_skip_dag.py
[2023-03-07 09:05:13,897] {processor.py:651} INFO - DAG(s) dict_keys(['example_skip_dag']) retrieved from /home/veri-pc/.local/lib/python3.10/site-packages/airflow/example_dags/example_skip_dag.py
[2023-03-07 09:05:13,924] {logging_mixin.py:115} INFO - [2023-03-07 09:05:13,924] {dag.py:2379} INFO - Sync 1 DAGs
[2023-03-07 09:05:13,939] {logging_mixin.py:115} INFO - [2023-03-07 09:05:13,939] {dag.py:2927} INFO - Setting next_dagrun for example_skip_dag to 2023-03-06T12:05:13.939249+00:00, run_after=2023-03-07T12:05:13.939249+00:00
[2023-03-07 09:05:13,947] {processor.py:161} INFO - Processing /home/veri-pc/.local/lib/python3.10/site-packages/airflow/example_dags/example_skip_dag.py took 0.072 seconds
[2023-03-07 09:05:45,681] {processor.py:153} INFO - Started process (PID=12511) to work on /home/veri-pc/.local/lib/python3.10/site-packages/airflow/example_dags/example_skip_dag.py
[2023-03-07 09:05:45,682] {processor.py:641} INFO - Processing file /home/veri-pc/.local/lib/python3.10/site-packages/airflow/example_dags/example_skip_dag.py for tasks to queue
[2023-03-07 09:05:45,682] {logging_mixin.py:115} INFO - [2023-03-07 09:05:45,682] {dagbag.py:507} INFO - Filling up the DagBag from /home/veri-pc/.local/lib/python3.10/site-packages/airflow/example_dags/example_skip_dag.py
[2023-03-07 09:05:45,686] {processor.py:651} INFO - DAG(s) dict_keys(['example_skip_dag']) retrieved from /home/veri-pc/.local/lib/python3.10/site-packages/airflow/example_dags/example_skip_dag.py
[2023-03-07 09:05:45,695] {logging_mixin.py:115} INFO - [2023-03-07 09:05:45,695] {dag.py:2379} INFO - Sync 1 DAGs
[2023-03-07 09:05:45,706] {logging_mixin.py:115} INFO - [2023-03-07 09:05:45,706] {dag.py:2927} INFO - Setting next_dagrun for example_skip_dag to 2023-03-06T12:05:45.706396+00:00, run_after=2023-03-07T12:05:45.706396+00:00
[2023-03-07 09:05:45,713] {processor.py:161} INFO - Processing /home/veri-pc/.local/lib/python3.10/site-packages/airflow/example_dags/example_skip_dag.py took 0.035 seconds
[2023-03-07 09:06:20,648] {processor.py:153} INFO - Started process (PID=12589) to work on /home/veri-pc/.local/lib/python3.10/site-packages/airflow/example_dags/example_skip_dag.py
[2023-03-07 09:06:20,649] {processor.py:641} INFO - Processing file /home/veri-pc/.local/lib/python3.10/site-packages/airflow/example_dags/example_skip_dag.py for tasks to queue
[2023-03-07 09:06:20,650] {logging_mixin.py:115} INFO - [2023-03-07 09:06:20,650] {dagbag.py:507} INFO - Filling up the DagBag from /home/veri-pc/.local/lib/python3.10/site-packages/airflow/example_dags/example_skip_dag.py
[2023-03-07 09:06:20,662] {processor.py:651} INFO - DAG(s) dict_keys(['example_skip_dag']) retrieved from /home/veri-pc/.local/lib/python3.10/site-packages/airflow/example_dags/example_skip_dag.py
[2023-03-07 09:06:20,679] {logging_mixin.py:115} INFO - [2023-03-07 09:06:20,679] {dag.py:2379} INFO - Sync 1 DAGs
[2023-03-07 09:06:20,692] {logging_mixin.py:115} INFO - [2023-03-07 09:06:20,692] {dag.py:2927} INFO - Setting next_dagrun for example_skip_dag to 2023-03-06T12:06:20.692049+00:00, run_after=2023-03-07T12:06:20.692049+00:00
[2023-03-07 09:06:20,700] {processor.py:161} INFO - Processing /home/veri-pc/.local/lib/python3.10/site-packages/airflow/example_dags/example_skip_dag.py took 0.059 seconds
[2023-03-07 09:06:51,453] {processor.py:153} INFO - Started process (PID=12653) to work on /home/veri-pc/.local/lib/python3.10/site-packages/airflow/example_dags/example_skip_dag.py
[2023-03-07 09:06:51,453] {processor.py:641} INFO - Processing file /home/veri-pc/.local/lib/python3.10/site-packages/airflow/example_dags/example_skip_dag.py for tasks to queue
[2023-03-07 09:06:51,454] {logging_mixin.py:115} INFO - [2023-03-07 09:06:51,454] {dagbag.py:507} INFO - Filling up the DagBag from /home/veri-pc/.local/lib/python3.10/site-packages/airflow/example_dags/example_skip_dag.py
[2023-03-07 09:06:51,458] {processor.py:651} INFO - DAG(s) dict_keys(['example_skip_dag']) retrieved from /home/veri-pc/.local/lib/python3.10/site-packages/airflow/example_dags/example_skip_dag.py
[2023-03-07 09:06:51,471] {logging_mixin.py:115} INFO - [2023-03-07 09:06:51,471] {dag.py:2379} INFO - Sync 1 DAGs
[2023-03-07 09:06:51,485] {logging_mixin.py:115} INFO - [2023-03-07 09:06:51,484] {dag.py:2927} INFO - Setting next_dagrun for example_skip_dag to 2023-03-06T12:06:51.484817+00:00, run_after=2023-03-07T12:06:51.484817+00:00
[2023-03-07 09:06:51,493] {processor.py:161} INFO - Processing /home/veri-pc/.local/lib/python3.10/site-packages/airflow/example_dags/example_skip_dag.py took 0.042 seconds
[2023-03-07 09:07:25,685] {processor.py:153} INFO - Started process (PID=12733) to work on /home/veri-pc/.local/lib/python3.10/site-packages/airflow/example_dags/example_skip_dag.py
[2023-03-07 09:07:25,686] {processor.py:641} INFO - Processing file /home/veri-pc/.local/lib/python3.10/site-packages/airflow/example_dags/example_skip_dag.py for tasks to queue
[2023-03-07 09:07:25,688] {logging_mixin.py:115} INFO - [2023-03-07 09:07:25,687] {dagbag.py:507} INFO - Filling up the DagBag from /home/veri-pc/.local/lib/python3.10/site-packages/airflow/example_dags/example_skip_dag.py
[2023-03-07 09:07:25,700] {processor.py:651} INFO - DAG(s) dict_keys(['example_skip_dag']) retrieved from /home/veri-pc/.local/lib/python3.10/site-packages/airflow/example_dags/example_skip_dag.py
[2023-03-07 09:07:25,719] {logging_mixin.py:115} INFO - [2023-03-07 09:07:25,719] {dag.py:2379} INFO - Sync 1 DAGs
[2023-03-07 09:07:25,733] {logging_mixin.py:115} INFO - [2023-03-07 09:07:25,733] {dag.py:2927} INFO - Setting next_dagrun for example_skip_dag to 2023-03-06T12:07:25.733420+00:00, run_after=2023-03-07T12:07:25.733420+00:00
[2023-03-07 09:07:25,741] {processor.py:161} INFO - Processing /home/veri-pc/.local/lib/python3.10/site-packages/airflow/example_dags/example_skip_dag.py took 0.063 seconds
[2023-03-07 09:07:57,091] {processor.py:153} INFO - Started process (PID=12849) to work on /home/veri-pc/.local/lib/python3.10/site-packages/airflow/example_dags/example_skip_dag.py
[2023-03-07 09:07:57,092] {processor.py:641} INFO - Processing file /home/veri-pc/.local/lib/python3.10/site-packages/airflow/example_dags/example_skip_dag.py for tasks to queue
[2023-03-07 09:07:57,093] {logging_mixin.py:115} INFO - [2023-03-07 09:07:57,093] {dagbag.py:507} INFO - Filling up the DagBag from /home/veri-pc/.local/lib/python3.10/site-packages/airflow/example_dags/example_skip_dag.py
[2023-03-07 09:07:57,105] {processor.py:651} INFO - DAG(s) dict_keys(['example_skip_dag']) retrieved from /home/veri-pc/.local/lib/python3.10/site-packages/airflow/example_dags/example_skip_dag.py
[2023-03-07 09:07:57,125] {logging_mixin.py:115} INFO - [2023-03-07 09:07:57,125] {dag.py:2379} INFO - Sync 1 DAGs
[2023-03-07 09:07:57,137] {logging_mixin.py:115} INFO - [2023-03-07 09:07:57,137] {dag.py:2927} INFO - Setting next_dagrun for example_skip_dag to 2023-03-06T12:07:57.137758+00:00, run_after=2023-03-07T12:07:57.137758+00:00
[2023-03-07 09:07:57,146] {processor.py:161} INFO - Processing /home/veri-pc/.local/lib/python3.10/site-packages/airflow/example_dags/example_skip_dag.py took 0.061 seconds
[2023-03-07 09:08:27,947] {processor.py:153} INFO - Started process (PID=12922) to work on /home/veri-pc/.local/lib/python3.10/site-packages/airflow/example_dags/example_skip_dag.py
[2023-03-07 09:08:27,948] {processor.py:641} INFO - Processing file /home/veri-pc/.local/lib/python3.10/site-packages/airflow/example_dags/example_skip_dag.py for tasks to queue
[2023-03-07 09:08:27,949] {logging_mixin.py:115} INFO - [2023-03-07 09:08:27,949] {dagbag.py:507} INFO - Filling up the DagBag from /home/veri-pc/.local/lib/python3.10/site-packages/airflow/example_dags/example_skip_dag.py
[2023-03-07 09:08:27,961] {processor.py:651} INFO - DAG(s) dict_keys(['example_skip_dag']) retrieved from /home/veri-pc/.local/lib/python3.10/site-packages/airflow/example_dags/example_skip_dag.py
[2023-03-07 09:08:27,980] {logging_mixin.py:115} INFO - [2023-03-07 09:08:27,980] {dag.py:2379} INFO - Sync 1 DAGs
[2023-03-07 09:08:27,992] {logging_mixin.py:115} INFO - [2023-03-07 09:08:27,992] {dag.py:2927} INFO - Setting next_dagrun for example_skip_dag to 2023-03-06T12:08:27.992680+00:00, run_after=2023-03-07T12:08:27.992680+00:00
[2023-03-07 09:08:28,000] {processor.py:161} INFO - Processing /home/veri-pc/.local/lib/python3.10/site-packages/airflow/example_dags/example_skip_dag.py took 0.059 seconds
[2023-03-07 09:08:59,929] {processor.py:153} INFO - Started process (PID=13001) to work on /home/veri-pc/.local/lib/python3.10/site-packages/airflow/example_dags/example_skip_dag.py
[2023-03-07 09:08:59,930] {processor.py:641} INFO - Processing file /home/veri-pc/.local/lib/python3.10/site-packages/airflow/example_dags/example_skip_dag.py for tasks to queue
[2023-03-07 09:08:59,931] {logging_mixin.py:115} INFO - [2023-03-07 09:08:59,931] {dagbag.py:507} INFO - Filling up the DagBag from /home/veri-pc/.local/lib/python3.10/site-packages/airflow/example_dags/example_skip_dag.py
[2023-03-07 09:08:59,942] {processor.py:651} INFO - DAG(s) dict_keys(['example_skip_dag']) retrieved from /home/veri-pc/.local/lib/python3.10/site-packages/airflow/example_dags/example_skip_dag.py
[2023-03-07 09:08:59,960] {logging_mixin.py:115} INFO - [2023-03-07 09:08:59,960] {dag.py:2379} INFO - Sync 1 DAGs
[2023-03-07 09:08:59,973] {logging_mixin.py:115} INFO - [2023-03-07 09:08:59,973] {dag.py:2927} INFO - Setting next_dagrun for example_skip_dag to 2023-03-06T12:08:59.973122+00:00, run_after=2023-03-07T12:08:59.973122+00:00
[2023-03-07 09:08:59,981] {processor.py:161} INFO - Processing /home/veri-pc/.local/lib/python3.10/site-packages/airflow/example_dags/example_skip_dag.py took 0.059 seconds
[2023-03-07 09:09:59,335] {processor.py:153} INFO - Started process (PID=13212) to work on /home/veri-pc/.local/lib/python3.10/site-packages/airflow/example_dags/example_skip_dag.py
[2023-03-07 09:09:59,337] {processor.py:641} INFO - Processing file /home/veri-pc/.local/lib/python3.10/site-packages/airflow/example_dags/example_skip_dag.py for tasks to queue
[2023-03-07 09:09:59,338] {logging_mixin.py:115} INFO - [2023-03-07 09:09:59,338] {dagbag.py:507} INFO - Filling up the DagBag from /home/veri-pc/.local/lib/python3.10/site-packages/airflow/example_dags/example_skip_dag.py
[2023-03-07 09:09:59,347] {processor.py:651} INFO - DAG(s) dict_keys(['example_skip_dag']) retrieved from /home/veri-pc/.local/lib/python3.10/site-packages/airflow/example_dags/example_skip_dag.py
[2023-03-07 09:09:59,369] {logging_mixin.py:115} INFO - [2023-03-07 09:09:59,369] {dag.py:2379} INFO - Sync 1 DAGs
[2023-03-07 09:09:59,384] {logging_mixin.py:115} INFO - [2023-03-07 09:09:59,384] {dag.py:2927} INFO - Setting next_dagrun for example_skip_dag to 2023-03-06T12:09:59.383865+00:00, run_after=2023-03-07T12:09:59.383865+00:00
[2023-03-07 09:09:59,392] {processor.py:161} INFO - Processing /home/veri-pc/.local/lib/python3.10/site-packages/airflow/example_dags/example_skip_dag.py took 0.062 seconds
