[2023-03-07 08:40:57,836] {processor.py:153} INFO - Started process (PID=8177) to work on /home/veri-pc/.local/lib/python3.10/site-packages/airflow/example_dags/tutorial_etl_dag.py
[2023-03-07 08:40:57,836] {processor.py:641} INFO - Processing file /home/veri-pc/.local/lib/python3.10/site-packages/airflow/example_dags/tutorial_etl_dag.py for tasks to queue
[2023-03-07 08:40:57,837] {logging_mixin.py:115} INFO - [2023-03-07 08:40:57,837] {dagbag.py:507} INFO - Filling up the DagBag from /home/veri-pc/.local/lib/python3.10/site-packages/airflow/example_dags/tutorial_etl_dag.py
[2023-03-07 08:40:57,844] {processor.py:651} INFO - DAG(s) dict_keys(['tutorial_etl_dag']) retrieved from /home/veri-pc/.local/lib/python3.10/site-packages/airflow/example_dags/tutorial_etl_dag.py
[2023-03-07 08:40:57,881] {logging_mixin.py:115} INFO - [2023-03-07 08:40:57,881] {manager.py:508} INFO - Created Permission View: can delete on DAG:tutorial_etl_dag
[2023-03-07 08:40:57,887] {logging_mixin.py:115} INFO - [2023-03-07 08:40:57,887] {manager.py:508} INFO - Created Permission View: can read on DAG:tutorial_etl_dag
[2023-03-07 08:40:57,892] {logging_mixin.py:115} INFO - [2023-03-07 08:40:57,892] {manager.py:508} INFO - Created Permission View: can edit on DAG:tutorial_etl_dag
[2023-03-07 08:40:57,892] {logging_mixin.py:115} INFO - [2023-03-07 08:40:57,892] {dag.py:2379} INFO - Sync 1 DAGs
[2023-03-07 08:40:57,897] {logging_mixin.py:115} INFO - [2023-03-07 08:40:57,896] {dag.py:2398} INFO - Creating ORM DAG for tutorial_etl_dag
[2023-03-07 08:40:57,905] {logging_mixin.py:115} INFO - [2023-03-07 08:40:57,905] {dag.py:2927} INFO - Setting next_dagrun for tutorial_etl_dag to None, run_after=None
[2023-03-07 08:40:57,914] {processor.py:161} INFO - Processing /home/veri-pc/.local/lib/python3.10/site-packages/airflow/example_dags/tutorial_etl_dag.py took 0.080 seconds
[2023-03-07 08:41:30,802] {processor.py:153} INFO - Started process (PID=8254) to work on /home/veri-pc/.local/lib/python3.10/site-packages/airflow/example_dags/tutorial_etl_dag.py
[2023-03-07 08:41:30,802] {processor.py:641} INFO - Processing file /home/veri-pc/.local/lib/python3.10/site-packages/airflow/example_dags/tutorial_etl_dag.py for tasks to queue
[2023-03-07 08:41:30,803] {logging_mixin.py:115} INFO - [2023-03-07 08:41:30,803] {dagbag.py:507} INFO - Filling up the DagBag from /home/veri-pc/.local/lib/python3.10/site-packages/airflow/example_dags/tutorial_etl_dag.py
[2023-03-07 08:41:30,814] {processor.py:651} INFO - DAG(s) dict_keys(['tutorial_etl_dag']) retrieved from /home/veri-pc/.local/lib/python3.10/site-packages/airflow/example_dags/tutorial_etl_dag.py
[2023-03-07 08:41:30,828] {logging_mixin.py:115} INFO - [2023-03-07 08:41:30,828] {dag.py:2379} INFO - Sync 1 DAGs
[2023-03-07 08:41:30,842] {logging_mixin.py:115} INFO - [2023-03-07 08:41:30,842] {dag.py:2927} INFO - Setting next_dagrun for tutorial_etl_dag to None, run_after=None
[2023-03-07 08:41:30,851] {processor.py:161} INFO - Processing /home/veri-pc/.local/lib/python3.10/site-packages/airflow/example_dags/tutorial_etl_dag.py took 0.052 seconds
[2023-03-07 08:42:03,427] {processor.py:153} INFO - Started process (PID=8320) to work on /home/veri-pc/.local/lib/python3.10/site-packages/airflow/example_dags/tutorial_etl_dag.py
[2023-03-07 08:42:03,428] {processor.py:641} INFO - Processing file /home/veri-pc/.local/lib/python3.10/site-packages/airflow/example_dags/tutorial_etl_dag.py for tasks to queue
[2023-03-07 08:42:03,429] {logging_mixin.py:115} INFO - [2023-03-07 08:42:03,429] {dagbag.py:507} INFO - Filling up the DagBag from /home/veri-pc/.local/lib/python3.10/site-packages/airflow/example_dags/tutorial_etl_dag.py
[2023-03-07 08:42:03,451] {processor.py:651} INFO - DAG(s) dict_keys(['tutorial_etl_dag']) retrieved from /home/veri-pc/.local/lib/python3.10/site-packages/airflow/example_dags/tutorial_etl_dag.py
[2023-03-07 08:42:03,465] {logging_mixin.py:115} INFO - [2023-03-07 08:42:03,465] {dag.py:2379} INFO - Sync 1 DAGs
[2023-03-07 08:42:03,478] {logging_mixin.py:115} INFO - [2023-03-07 08:42:03,478] {dag.py:2927} INFO - Setting next_dagrun for tutorial_etl_dag to None, run_after=None
[2023-03-07 08:42:03,486] {processor.py:161} INFO - Processing /home/veri-pc/.local/lib/python3.10/site-packages/airflow/example_dags/tutorial_etl_dag.py took 0.065 seconds
[2023-03-07 08:42:35,818] {processor.py:153} INFO - Started process (PID=8388) to work on /home/veri-pc/.local/lib/python3.10/site-packages/airflow/example_dags/tutorial_etl_dag.py
[2023-03-07 08:42:35,818] {processor.py:641} INFO - Processing file /home/veri-pc/.local/lib/python3.10/site-packages/airflow/example_dags/tutorial_etl_dag.py for tasks to queue
[2023-03-07 08:42:35,819] {logging_mixin.py:115} INFO - [2023-03-07 08:42:35,819] {dagbag.py:507} INFO - Filling up the DagBag from /home/veri-pc/.local/lib/python3.10/site-packages/airflow/example_dags/tutorial_etl_dag.py
[2023-03-07 08:42:35,824] {processor.py:651} INFO - DAG(s) dict_keys(['tutorial_etl_dag']) retrieved from /home/veri-pc/.local/lib/python3.10/site-packages/airflow/example_dags/tutorial_etl_dag.py
[2023-03-07 08:42:35,831] {logging_mixin.py:115} INFO - [2023-03-07 08:42:35,831] {dag.py:2379} INFO - Sync 1 DAGs
[2023-03-07 08:42:35,841] {logging_mixin.py:115} INFO - [2023-03-07 08:42:35,841] {dag.py:2927} INFO - Setting next_dagrun for tutorial_etl_dag to None, run_after=None
[2023-03-07 08:42:35,849] {processor.py:161} INFO - Processing /home/veri-pc/.local/lib/python3.10/site-packages/airflow/example_dags/tutorial_etl_dag.py took 0.033 seconds
[2023-03-07 08:43:09,176] {processor.py:153} INFO - Started process (PID=8464) to work on /home/veri-pc/.local/lib/python3.10/site-packages/airflow/example_dags/tutorial_etl_dag.py
[2023-03-07 08:43:09,177] {processor.py:641} INFO - Processing file /home/veri-pc/.local/lib/python3.10/site-packages/airflow/example_dags/tutorial_etl_dag.py for tasks to queue
[2023-03-07 08:43:09,179] {logging_mixin.py:115} INFO - [2023-03-07 08:43:09,178] {dagbag.py:507} INFO - Filling up the DagBag from /home/veri-pc/.local/lib/python3.10/site-packages/airflow/example_dags/tutorial_etl_dag.py
[2023-03-07 08:43:09,197] {processor.py:651} INFO - DAG(s) dict_keys(['tutorial_etl_dag']) retrieved from /home/veri-pc/.local/lib/python3.10/site-packages/airflow/example_dags/tutorial_etl_dag.py
[2023-03-07 08:43:09,210] {logging_mixin.py:115} INFO - [2023-03-07 08:43:09,210] {dag.py:2379} INFO - Sync 1 DAGs
[2023-03-07 08:43:09,222] {logging_mixin.py:115} INFO - [2023-03-07 08:43:09,222] {dag.py:2927} INFO - Setting next_dagrun for tutorial_etl_dag to None, run_after=None
[2023-03-07 08:43:09,230] {processor.py:161} INFO - Processing /home/veri-pc/.local/lib/python3.10/site-packages/airflow/example_dags/tutorial_etl_dag.py took 0.061 seconds
[2023-03-07 08:43:43,302] {processor.py:153} INFO - Started process (PID=8530) to work on /home/veri-pc/.local/lib/python3.10/site-packages/airflow/example_dags/tutorial_etl_dag.py
[2023-03-07 08:43:43,304] {processor.py:641} INFO - Processing file /home/veri-pc/.local/lib/python3.10/site-packages/airflow/example_dags/tutorial_etl_dag.py for tasks to queue
[2023-03-07 08:43:43,305] {logging_mixin.py:115} INFO - [2023-03-07 08:43:43,305] {dagbag.py:507} INFO - Filling up the DagBag from /home/veri-pc/.local/lib/python3.10/site-packages/airflow/example_dags/tutorial_etl_dag.py
[2023-03-07 08:43:43,328] {processor.py:651} INFO - DAG(s) dict_keys(['tutorial_etl_dag']) retrieved from /home/veri-pc/.local/lib/python3.10/site-packages/airflow/example_dags/tutorial_etl_dag.py
[2023-03-07 08:43:43,342] {logging_mixin.py:115} INFO - [2023-03-07 08:43:43,342] {dag.py:2379} INFO - Sync 1 DAGs
[2023-03-07 08:43:43,353] {logging_mixin.py:115} INFO - [2023-03-07 08:43:43,353] {dag.py:2927} INFO - Setting next_dagrun for tutorial_etl_dag to None, run_after=None
[2023-03-07 08:43:43,360] {processor.py:161} INFO - Processing /home/veri-pc/.local/lib/python3.10/site-packages/airflow/example_dags/tutorial_etl_dag.py took 0.065 seconds
[2023-03-07 08:44:14,164] {processor.py:153} INFO - Started process (PID=8595) to work on /home/veri-pc/.local/lib/python3.10/site-packages/airflow/example_dags/tutorial_etl_dag.py
[2023-03-07 08:44:14,165] {processor.py:641} INFO - Processing file /home/veri-pc/.local/lib/python3.10/site-packages/airflow/example_dags/tutorial_etl_dag.py for tasks to queue
[2023-03-07 08:44:14,167] {logging_mixin.py:115} INFO - [2023-03-07 08:44:14,166] {dagbag.py:507} INFO - Filling up the DagBag from /home/veri-pc/.local/lib/python3.10/site-packages/airflow/example_dags/tutorial_etl_dag.py
[2023-03-07 08:44:14,183] {processor.py:651} INFO - DAG(s) dict_keys(['tutorial_etl_dag']) retrieved from /home/veri-pc/.local/lib/python3.10/site-packages/airflow/example_dags/tutorial_etl_dag.py
[2023-03-07 08:44:14,196] {logging_mixin.py:115} INFO - [2023-03-07 08:44:14,196] {dag.py:2379} INFO - Sync 1 DAGs
[2023-03-07 08:44:14,208] {logging_mixin.py:115} INFO - [2023-03-07 08:44:14,208] {dag.py:2927} INFO - Setting next_dagrun for tutorial_etl_dag to None, run_after=None
[2023-03-07 08:44:14,216] {processor.py:161} INFO - Processing /home/veri-pc/.local/lib/python3.10/site-packages/airflow/example_dags/tutorial_etl_dag.py took 0.058 seconds
[2023-03-07 08:44:47,881] {processor.py:153} INFO - Started process (PID=8671) to work on /home/veri-pc/.local/lib/python3.10/site-packages/airflow/example_dags/tutorial_etl_dag.py
[2023-03-07 08:44:47,883] {processor.py:641} INFO - Processing file /home/veri-pc/.local/lib/python3.10/site-packages/airflow/example_dags/tutorial_etl_dag.py for tasks to queue
[2023-03-07 08:44:47,884] {logging_mixin.py:115} INFO - [2023-03-07 08:44:47,884] {dagbag.py:507} INFO - Filling up the DagBag from /home/veri-pc/.local/lib/python3.10/site-packages/airflow/example_dags/tutorial_etl_dag.py
[2023-03-07 08:44:47,894] {processor.py:651} INFO - DAG(s) dict_keys(['tutorial_etl_dag']) retrieved from /home/veri-pc/.local/lib/python3.10/site-packages/airflow/example_dags/tutorial_etl_dag.py
[2023-03-07 08:44:47,904] {logging_mixin.py:115} INFO - [2023-03-07 08:44:47,904] {dag.py:2379} INFO - Sync 1 DAGs
[2023-03-07 08:44:47,915] {logging_mixin.py:115} INFO - [2023-03-07 08:44:47,915] {dag.py:2927} INFO - Setting next_dagrun for tutorial_etl_dag to None, run_after=None
[2023-03-07 08:44:47,923] {processor.py:161} INFO - Processing /home/veri-pc/.local/lib/python3.10/site-packages/airflow/example_dags/tutorial_etl_dag.py took 0.048 seconds
[2023-03-07 08:45:18,810] {processor.py:153} INFO - Started process (PID=8736) to work on /home/veri-pc/.local/lib/python3.10/site-packages/airflow/example_dags/tutorial_etl_dag.py
[2023-03-07 08:45:18,811] {processor.py:641} INFO - Processing file /home/veri-pc/.local/lib/python3.10/site-packages/airflow/example_dags/tutorial_etl_dag.py for tasks to queue
[2023-03-07 08:45:18,812] {logging_mixin.py:115} INFO - [2023-03-07 08:45:18,812] {dagbag.py:507} INFO - Filling up the DagBag from /home/veri-pc/.local/lib/python3.10/site-packages/airflow/example_dags/tutorial_etl_dag.py
[2023-03-07 08:45:18,834] {processor.py:651} INFO - DAG(s) dict_keys(['tutorial_etl_dag']) retrieved from /home/veri-pc/.local/lib/python3.10/site-packages/airflow/example_dags/tutorial_etl_dag.py
[2023-03-07 08:45:18,848] {logging_mixin.py:115} INFO - [2023-03-07 08:45:18,848] {dag.py:2379} INFO - Sync 1 DAGs
[2023-03-07 08:45:18,860] {logging_mixin.py:115} INFO - [2023-03-07 08:45:18,860] {dag.py:2927} INFO - Setting next_dagrun for tutorial_etl_dag to None, run_after=None
[2023-03-07 08:45:18,868] {processor.py:161} INFO - Processing /home/veri-pc/.local/lib/python3.10/site-packages/airflow/example_dags/tutorial_etl_dag.py took 0.065 seconds
[2023-03-07 08:45:52,464] {processor.py:153} INFO - Started process (PID=8812) to work on /home/veri-pc/.local/lib/python3.10/site-packages/airflow/example_dags/tutorial_etl_dag.py
[2023-03-07 08:45:52,465] {processor.py:641} INFO - Processing file /home/veri-pc/.local/lib/python3.10/site-packages/airflow/example_dags/tutorial_etl_dag.py for tasks to queue
[2023-03-07 08:45:52,467] {logging_mixin.py:115} INFO - [2023-03-07 08:45:52,467] {dagbag.py:507} INFO - Filling up the DagBag from /home/veri-pc/.local/lib/python3.10/site-packages/airflow/example_dags/tutorial_etl_dag.py
[2023-03-07 08:45:52,480] {processor.py:651} INFO - DAG(s) dict_keys(['tutorial_etl_dag']) retrieved from /home/veri-pc/.local/lib/python3.10/site-packages/airflow/example_dags/tutorial_etl_dag.py
[2023-03-07 08:45:52,494] {logging_mixin.py:115} INFO - [2023-03-07 08:45:52,494] {dag.py:2379} INFO - Sync 1 DAGs
[2023-03-07 08:45:52,506] {logging_mixin.py:115} INFO - [2023-03-07 08:45:52,506] {dag.py:2927} INFO - Setting next_dagrun for tutorial_etl_dag to None, run_after=None
[2023-03-07 08:45:52,513] {processor.py:161} INFO - Processing /home/veri-pc/.local/lib/python3.10/site-packages/airflow/example_dags/tutorial_etl_dag.py took 0.057 seconds
[2023-03-07 08:46:27,551] {processor.py:153} INFO - Started process (PID=8894) to work on /home/veri-pc/.local/lib/python3.10/site-packages/airflow/example_dags/tutorial_etl_dag.py
[2023-03-07 08:46:27,552] {processor.py:641} INFO - Processing file /home/veri-pc/.local/lib/python3.10/site-packages/airflow/example_dags/tutorial_etl_dag.py for tasks to queue
[2023-03-07 08:46:27,553] {logging_mixin.py:115} INFO - [2023-03-07 08:46:27,553] {dagbag.py:507} INFO - Filling up the DagBag from /home/veri-pc/.local/lib/python3.10/site-packages/airflow/example_dags/tutorial_etl_dag.py
[2023-03-07 08:46:27,567] {processor.py:651} INFO - DAG(s) dict_keys(['tutorial_etl_dag']) retrieved from /home/veri-pc/.local/lib/python3.10/site-packages/airflow/example_dags/tutorial_etl_dag.py
[2023-03-07 08:46:27,584] {logging_mixin.py:115} INFO - [2023-03-07 08:46:27,584] {dag.py:2379} INFO - Sync 1 DAGs
[2023-03-07 08:46:27,596] {logging_mixin.py:115} INFO - [2023-03-07 08:46:27,595] {dag.py:2927} INFO - Setting next_dagrun for tutorial_etl_dag to None, run_after=None
[2023-03-07 08:46:27,603] {processor.py:161} INFO - Processing /home/veri-pc/.local/lib/python3.10/site-packages/airflow/example_dags/tutorial_etl_dag.py took 0.059 seconds
[2023-03-07 08:47:01,069] {processor.py:153} INFO - Started process (PID=8989) to work on /home/veri-pc/.local/lib/python3.10/site-packages/airflow/example_dags/tutorial_etl_dag.py
[2023-03-07 08:47:01,070] {processor.py:641} INFO - Processing file /home/veri-pc/.local/lib/python3.10/site-packages/airflow/example_dags/tutorial_etl_dag.py for tasks to queue
[2023-03-07 08:47:01,070] {logging_mixin.py:115} INFO - [2023-03-07 08:47:01,070] {dagbag.py:507} INFO - Filling up the DagBag from /home/veri-pc/.local/lib/python3.10/site-packages/airflow/example_dags/tutorial_etl_dag.py
[2023-03-07 08:47:01,075] {processor.py:651} INFO - DAG(s) dict_keys(['tutorial_etl_dag']) retrieved from /home/veri-pc/.local/lib/python3.10/site-packages/airflow/example_dags/tutorial_etl_dag.py
[2023-03-07 08:47:01,085] {logging_mixin.py:115} INFO - [2023-03-07 08:47:01,085] {dag.py:2379} INFO - Sync 1 DAGs
[2023-03-07 08:47:01,096] {logging_mixin.py:115} INFO - [2023-03-07 08:47:01,096] {dag.py:2927} INFO - Setting next_dagrun for tutorial_etl_dag to None, run_after=None
[2023-03-07 08:47:01,104] {processor.py:161} INFO - Processing /home/veri-pc/.local/lib/python3.10/site-packages/airflow/example_dags/tutorial_etl_dag.py took 0.037 seconds
[2023-03-07 08:47:34,047] {processor.py:153} INFO - Started process (PID=9066) to work on /home/veri-pc/.local/lib/python3.10/site-packages/airflow/example_dags/tutorial_etl_dag.py
[2023-03-07 08:47:34,048] {processor.py:641} INFO - Processing file /home/veri-pc/.local/lib/python3.10/site-packages/airflow/example_dags/tutorial_etl_dag.py for tasks to queue
[2023-03-07 08:47:34,049] {logging_mixin.py:115} INFO - [2023-03-07 08:47:34,049] {dagbag.py:507} INFO - Filling up the DagBag from /home/veri-pc/.local/lib/python3.10/site-packages/airflow/example_dags/tutorial_etl_dag.py
[2023-03-07 08:47:34,063] {processor.py:651} INFO - DAG(s) dict_keys(['tutorial_etl_dag']) retrieved from /home/veri-pc/.local/lib/python3.10/site-packages/airflow/example_dags/tutorial_etl_dag.py
[2023-03-07 08:47:34,079] {logging_mixin.py:115} INFO - [2023-03-07 08:47:34,079] {dag.py:2379} INFO - Sync 1 DAGs
[2023-03-07 08:47:34,092] {logging_mixin.py:115} INFO - [2023-03-07 08:47:34,092] {dag.py:2927} INFO - Setting next_dagrun for tutorial_etl_dag to None, run_after=None
[2023-03-07 08:47:34,100] {processor.py:161} INFO - Processing /home/veri-pc/.local/lib/python3.10/site-packages/airflow/example_dags/tutorial_etl_dag.py took 0.060 seconds
[2023-03-07 08:48:09,733] {processor.py:153} INFO - Started process (PID=9170) to work on /home/veri-pc/.local/lib/python3.10/site-packages/airflow/example_dags/tutorial_etl_dag.py
[2023-03-07 08:48:09,734] {processor.py:641} INFO - Processing file /home/veri-pc/.local/lib/python3.10/site-packages/airflow/example_dags/tutorial_etl_dag.py for tasks to queue
[2023-03-07 08:48:09,735] {logging_mixin.py:115} INFO - [2023-03-07 08:48:09,734] {dagbag.py:507} INFO - Filling up the DagBag from /home/veri-pc/.local/lib/python3.10/site-packages/airflow/example_dags/tutorial_etl_dag.py
[2023-03-07 08:48:09,749] {processor.py:651} INFO - DAG(s) dict_keys(['tutorial_etl_dag']) retrieved from /home/veri-pc/.local/lib/python3.10/site-packages/airflow/example_dags/tutorial_etl_dag.py
[2023-03-07 08:48:09,766] {logging_mixin.py:115} INFO - [2023-03-07 08:48:09,765] {dag.py:2379} INFO - Sync 1 DAGs
[2023-03-07 08:48:09,780] {logging_mixin.py:115} INFO - [2023-03-07 08:48:09,780] {dag.py:2927} INFO - Setting next_dagrun for tutorial_etl_dag to None, run_after=None
[2023-03-07 08:48:09,788] {processor.py:161} INFO - Processing /home/veri-pc/.local/lib/python3.10/site-packages/airflow/example_dags/tutorial_etl_dag.py took 0.062 seconds
[2023-03-07 08:48:43,690] {processor.py:153} INFO - Started process (PID=9248) to work on /home/veri-pc/.local/lib/python3.10/site-packages/airflow/example_dags/tutorial_etl_dag.py
[2023-03-07 08:48:43,690] {processor.py:641} INFO - Processing file /home/veri-pc/.local/lib/python3.10/site-packages/airflow/example_dags/tutorial_etl_dag.py for tasks to queue
[2023-03-07 08:48:43,691] {logging_mixin.py:115} INFO - [2023-03-07 08:48:43,691] {dagbag.py:507} INFO - Filling up the DagBag from /home/veri-pc/.local/lib/python3.10/site-packages/airflow/example_dags/tutorial_etl_dag.py
[2023-03-07 08:48:43,696] {processor.py:651} INFO - DAG(s) dict_keys(['tutorial_etl_dag']) retrieved from /home/veri-pc/.local/lib/python3.10/site-packages/airflow/example_dags/tutorial_etl_dag.py
[2023-03-07 08:48:43,707] {logging_mixin.py:115} INFO - [2023-03-07 08:48:43,707] {dag.py:2379} INFO - Sync 1 DAGs
[2023-03-07 08:48:43,720] {logging_mixin.py:115} INFO - [2023-03-07 08:48:43,720] {dag.py:2927} INFO - Setting next_dagrun for tutorial_etl_dag to None, run_after=None
[2023-03-07 08:48:43,729] {processor.py:161} INFO - Processing /home/veri-pc/.local/lib/python3.10/site-packages/airflow/example_dags/tutorial_etl_dag.py took 0.041 seconds
[2023-03-07 08:49:15,665] {processor.py:153} INFO - Started process (PID=9325) to work on /home/veri-pc/.local/lib/python3.10/site-packages/airflow/example_dags/tutorial_etl_dag.py
[2023-03-07 08:49:15,666] {processor.py:641} INFO - Processing file /home/veri-pc/.local/lib/python3.10/site-packages/airflow/example_dags/tutorial_etl_dag.py for tasks to queue
[2023-03-07 08:49:15,666] {logging_mixin.py:115} INFO - [2023-03-07 08:49:15,666] {dagbag.py:507} INFO - Filling up the DagBag from /home/veri-pc/.local/lib/python3.10/site-packages/airflow/example_dags/tutorial_etl_dag.py
[2023-03-07 08:49:15,673] {processor.py:651} INFO - DAG(s) dict_keys(['tutorial_etl_dag']) retrieved from /home/veri-pc/.local/lib/python3.10/site-packages/airflow/example_dags/tutorial_etl_dag.py
[2023-03-07 08:49:15,688] {logging_mixin.py:115} INFO - [2023-03-07 08:49:15,688] {dag.py:2379} INFO - Sync 1 DAGs
[2023-03-07 08:49:15,702] {logging_mixin.py:115} INFO - [2023-03-07 08:49:15,702] {dag.py:2927} INFO - Setting next_dagrun for tutorial_etl_dag to None, run_after=None
[2023-03-07 08:49:15,711] {processor.py:161} INFO - Processing /home/veri-pc/.local/lib/python3.10/site-packages/airflow/example_dags/tutorial_etl_dag.py took 0.048 seconds
[2023-03-07 08:49:49,389] {processor.py:153} INFO - Started process (PID=9435) to work on /home/veri-pc/.local/lib/python3.10/site-packages/airflow/example_dags/tutorial_etl_dag.py
[2023-03-07 08:49:49,390] {processor.py:641} INFO - Processing file /home/veri-pc/.local/lib/python3.10/site-packages/airflow/example_dags/tutorial_etl_dag.py for tasks to queue
[2023-03-07 08:49:49,391] {logging_mixin.py:115} INFO - [2023-03-07 08:49:49,391] {dagbag.py:507} INFO - Filling up the DagBag from /home/veri-pc/.local/lib/python3.10/site-packages/airflow/example_dags/tutorial_etl_dag.py
[2023-03-07 08:49:49,402] {processor.py:651} INFO - DAG(s) dict_keys(['tutorial_etl_dag']) retrieved from /home/veri-pc/.local/lib/python3.10/site-packages/airflow/example_dags/tutorial_etl_dag.py
[2023-03-07 08:49:49,415] {logging_mixin.py:115} INFO - [2023-03-07 08:49:49,415] {dag.py:2379} INFO - Sync 1 DAGs
[2023-03-07 08:49:49,428] {logging_mixin.py:115} INFO - [2023-03-07 08:49:49,428] {dag.py:2927} INFO - Setting next_dagrun for tutorial_etl_dag to None, run_after=None
[2023-03-07 08:49:49,437] {processor.py:161} INFO - Processing /home/veri-pc/.local/lib/python3.10/site-packages/airflow/example_dags/tutorial_etl_dag.py took 0.055 seconds
[2023-03-07 08:50:21,285] {processor.py:153} INFO - Started process (PID=9522) to work on /home/veri-pc/.local/lib/python3.10/site-packages/airflow/example_dags/tutorial_etl_dag.py
[2023-03-07 08:50:21,286] {processor.py:641} INFO - Processing file /home/veri-pc/.local/lib/python3.10/site-packages/airflow/example_dags/tutorial_etl_dag.py for tasks to queue
[2023-03-07 08:50:21,287] {logging_mixin.py:115} INFO - [2023-03-07 08:50:21,286] {dagbag.py:507} INFO - Filling up the DagBag from /home/veri-pc/.local/lib/python3.10/site-packages/airflow/example_dags/tutorial_etl_dag.py
[2023-03-07 08:50:21,299] {processor.py:651} INFO - DAG(s) dict_keys(['tutorial_etl_dag']) retrieved from /home/veri-pc/.local/lib/python3.10/site-packages/airflow/example_dags/tutorial_etl_dag.py
[2023-03-07 08:50:21,316] {logging_mixin.py:115} INFO - [2023-03-07 08:50:21,315] {dag.py:2379} INFO - Sync 1 DAGs
[2023-03-07 08:50:21,328] {logging_mixin.py:115} INFO - [2023-03-07 08:50:21,328] {dag.py:2927} INFO - Setting next_dagrun for tutorial_etl_dag to None, run_after=None
[2023-03-07 08:50:21,336] {processor.py:161} INFO - Processing /home/veri-pc/.local/lib/python3.10/site-packages/airflow/example_dags/tutorial_etl_dag.py took 0.057 seconds
[2023-03-07 08:50:58,440] {processor.py:153} INFO - Started process (PID=9613) to work on /home/veri-pc/.local/lib/python3.10/site-packages/airflow/example_dags/tutorial_etl_dag.py
[2023-03-07 08:50:58,441] {processor.py:641} INFO - Processing file /home/veri-pc/.local/lib/python3.10/site-packages/airflow/example_dags/tutorial_etl_dag.py for tasks to queue
[2023-03-07 08:50:58,442] {logging_mixin.py:115} INFO - [2023-03-07 08:50:58,442] {dagbag.py:507} INFO - Filling up the DagBag from /home/veri-pc/.local/lib/python3.10/site-packages/airflow/example_dags/tutorial_etl_dag.py
[2023-03-07 08:50:58,451] {processor.py:651} INFO - DAG(s) dict_keys(['tutorial_etl_dag']) retrieved from /home/veri-pc/.local/lib/python3.10/site-packages/airflow/example_dags/tutorial_etl_dag.py
[2023-03-07 08:50:58,463] {logging_mixin.py:115} INFO - [2023-03-07 08:50:58,463] {dag.py:2379} INFO - Sync 1 DAGs
[2023-03-07 08:50:58,475] {logging_mixin.py:115} INFO - [2023-03-07 08:50:58,475] {dag.py:2927} INFO - Setting next_dagrun for tutorial_etl_dag to None, run_after=None
[2023-03-07 08:50:58,483] {processor.py:161} INFO - Processing /home/veri-pc/.local/lib/python3.10/site-packages/airflow/example_dags/tutorial_etl_dag.py took 0.048 seconds
[2023-03-07 08:51:30,368] {processor.py:153} INFO - Started process (PID=9713) to work on /home/veri-pc/.local/lib/python3.10/site-packages/airflow/example_dags/tutorial_etl_dag.py
[2023-03-07 08:51:30,369] {processor.py:641} INFO - Processing file /home/veri-pc/.local/lib/python3.10/site-packages/airflow/example_dags/tutorial_etl_dag.py for tasks to queue
[2023-03-07 08:51:30,371] {logging_mixin.py:115} INFO - [2023-03-07 08:51:30,370] {dagbag.py:507} INFO - Filling up the DagBag from /home/veri-pc/.local/lib/python3.10/site-packages/airflow/example_dags/tutorial_etl_dag.py
[2023-03-07 08:51:30,381] {processor.py:651} INFO - DAG(s) dict_keys(['tutorial_etl_dag']) retrieved from /home/veri-pc/.local/lib/python3.10/site-packages/airflow/example_dags/tutorial_etl_dag.py
[2023-03-07 08:51:30,393] {logging_mixin.py:115} INFO - [2023-03-07 08:51:30,393] {dag.py:2379} INFO - Sync 1 DAGs
[2023-03-07 08:51:30,406] {logging_mixin.py:115} INFO - [2023-03-07 08:51:30,406] {dag.py:2927} INFO - Setting next_dagrun for tutorial_etl_dag to None, run_after=None
[2023-03-07 08:51:30,418] {processor.py:161} INFO - Processing /home/veri-pc/.local/lib/python3.10/site-packages/airflow/example_dags/tutorial_etl_dag.py took 0.056 seconds
[2023-03-07 08:52:04,936] {processor.py:153} INFO - Started process (PID=9810) to work on /home/veri-pc/.local/lib/python3.10/site-packages/airflow/example_dags/tutorial_etl_dag.py
[2023-03-07 08:52:04,937] {processor.py:641} INFO - Processing file /home/veri-pc/.local/lib/python3.10/site-packages/airflow/example_dags/tutorial_etl_dag.py for tasks to queue
[2023-03-07 08:52:04,938] {logging_mixin.py:115} INFO - [2023-03-07 08:52:04,938] {dagbag.py:507} INFO - Filling up the DagBag from /home/veri-pc/.local/lib/python3.10/site-packages/airflow/example_dags/tutorial_etl_dag.py
[2023-03-07 08:52:04,949] {processor.py:651} INFO - DAG(s) dict_keys(['tutorial_etl_dag']) retrieved from /home/veri-pc/.local/lib/python3.10/site-packages/airflow/example_dags/tutorial_etl_dag.py
[2023-03-07 08:52:04,969] {logging_mixin.py:115} INFO - [2023-03-07 08:52:04,969] {dag.py:2379} INFO - Sync 1 DAGs
[2023-03-07 08:52:04,987] {logging_mixin.py:115} INFO - [2023-03-07 08:52:04,987] {dag.py:2927} INFO - Setting next_dagrun for tutorial_etl_dag to None, run_after=None
[2023-03-07 08:52:05,000] {processor.py:161} INFO - Processing /home/veri-pc/.local/lib/python3.10/site-packages/airflow/example_dags/tutorial_etl_dag.py took 0.072 seconds
[2023-03-07 08:52:38,711] {processor.py:153} INFO - Started process (PID=9896) to work on /home/veri-pc/.local/lib/python3.10/site-packages/airflow/example_dags/tutorial_etl_dag.py
[2023-03-07 08:52:38,712] {processor.py:641} INFO - Processing file /home/veri-pc/.local/lib/python3.10/site-packages/airflow/example_dags/tutorial_etl_dag.py for tasks to queue
[2023-03-07 08:52:38,712] {logging_mixin.py:115} INFO - [2023-03-07 08:52:38,712] {dagbag.py:507} INFO - Filling up the DagBag from /home/veri-pc/.local/lib/python3.10/site-packages/airflow/example_dags/tutorial_etl_dag.py
[2023-03-07 08:52:38,718] {processor.py:651} INFO - DAG(s) dict_keys(['tutorial_etl_dag']) retrieved from /home/veri-pc/.local/lib/python3.10/site-packages/airflow/example_dags/tutorial_etl_dag.py
[2023-03-07 08:52:38,729] {logging_mixin.py:115} INFO - [2023-03-07 08:52:38,729] {dag.py:2379} INFO - Sync 1 DAGs
[2023-03-07 08:52:38,740] {logging_mixin.py:115} INFO - [2023-03-07 08:52:38,740] {dag.py:2927} INFO - Setting next_dagrun for tutorial_etl_dag to None, run_after=None
[2023-03-07 08:52:38,749] {processor.py:161} INFO - Processing /home/veri-pc/.local/lib/python3.10/site-packages/airflow/example_dags/tutorial_etl_dag.py took 0.042 seconds
[2023-03-07 08:53:19,440] {processor.py:153} INFO - Started process (PID=10012) to work on /home/veri-pc/.local/lib/python3.10/site-packages/airflow/example_dags/tutorial_etl_dag.py
[2023-03-07 08:53:19,441] {processor.py:641} INFO - Processing file /home/veri-pc/.local/lib/python3.10/site-packages/airflow/example_dags/tutorial_etl_dag.py for tasks to queue
[2023-03-07 08:53:19,442] {logging_mixin.py:115} INFO - [2023-03-07 08:53:19,442] {dagbag.py:507} INFO - Filling up the DagBag from /home/veri-pc/.local/lib/python3.10/site-packages/airflow/example_dags/tutorial_etl_dag.py
[2023-03-07 08:53:19,447] {processor.py:651} INFO - DAG(s) dict_keys(['tutorial_etl_dag']) retrieved from /home/veri-pc/.local/lib/python3.10/site-packages/airflow/example_dags/tutorial_etl_dag.py
[2023-03-07 08:53:19,456] {logging_mixin.py:115} INFO - [2023-03-07 08:53:19,456] {dag.py:2379} INFO - Sync 1 DAGs
[2023-03-07 08:53:19,468] {logging_mixin.py:115} INFO - [2023-03-07 08:53:19,468] {dag.py:2927} INFO - Setting next_dagrun for tutorial_etl_dag to None, run_after=None
[2023-03-07 08:53:19,475] {processor.py:161} INFO - Processing /home/veri-pc/.local/lib/python3.10/site-packages/airflow/example_dags/tutorial_etl_dag.py took 0.037 seconds
[2023-03-07 08:53:51,850] {processor.py:153} INFO - Started process (PID=10079) to work on /home/veri-pc/.local/lib/python3.10/site-packages/airflow/example_dags/tutorial_etl_dag.py
[2023-03-07 08:53:51,850] {processor.py:641} INFO - Processing file /home/veri-pc/.local/lib/python3.10/site-packages/airflow/example_dags/tutorial_etl_dag.py for tasks to queue
[2023-03-07 08:53:51,851] {logging_mixin.py:115} INFO - [2023-03-07 08:53:51,851] {dagbag.py:507} INFO - Filling up the DagBag from /home/veri-pc/.local/lib/python3.10/site-packages/airflow/example_dags/tutorial_etl_dag.py
[2023-03-07 08:53:51,855] {processor.py:651} INFO - DAG(s) dict_keys(['tutorial_etl_dag']) retrieved from /home/veri-pc/.local/lib/python3.10/site-packages/airflow/example_dags/tutorial_etl_dag.py
[2023-03-07 08:53:51,864] {logging_mixin.py:115} INFO - [2023-03-07 08:53:51,864] {dag.py:2379} INFO - Sync 1 DAGs
[2023-03-07 08:53:51,877] {logging_mixin.py:115} INFO - [2023-03-07 08:53:51,877] {dag.py:2927} INFO - Setting next_dagrun for tutorial_etl_dag to None, run_after=None
[2023-03-07 08:53:51,886] {processor.py:161} INFO - Processing /home/veri-pc/.local/lib/python3.10/site-packages/airflow/example_dags/tutorial_etl_dag.py took 0.038 seconds
[2023-03-07 08:54:43,135] {processor.py:153} INFO - Started process (PID=10738) to work on /home/veri-pc/.local/lib/python3.10/site-packages/airflow/example_dags/tutorial_etl_dag.py
[2023-03-07 08:54:43,135] {processor.py:641} INFO - Processing file /home/veri-pc/.local/lib/python3.10/site-packages/airflow/example_dags/tutorial_etl_dag.py for tasks to queue
[2023-03-07 08:54:43,136] {logging_mixin.py:115} INFO - [2023-03-07 08:54:43,136] {dagbag.py:507} INFO - Filling up the DagBag from /home/veri-pc/.local/lib/python3.10/site-packages/airflow/example_dags/tutorial_etl_dag.py
[2023-03-07 08:54:43,145] {processor.py:651} INFO - DAG(s) dict_keys(['tutorial_etl_dag']) retrieved from /home/veri-pc/.local/lib/python3.10/site-packages/airflow/example_dags/tutorial_etl_dag.py
[2023-03-07 08:54:43,155] {logging_mixin.py:115} INFO - [2023-03-07 08:54:43,154] {dag.py:2379} INFO - Sync 1 DAGs
[2023-03-07 08:54:43,169] {logging_mixin.py:115} INFO - [2023-03-07 08:54:43,169] {dag.py:2927} INFO - Setting next_dagrun for tutorial_etl_dag to None, run_after=None
[2023-03-07 08:54:43,182] {processor.py:161} INFO - Processing /home/veri-pc/.local/lib/python3.10/site-packages/airflow/example_dags/tutorial_etl_dag.py took 0.049 seconds
[2023-03-07 08:55:15,163] {processor.py:153} INFO - Started process (PID=10907) to work on /home/veri-pc/.local/lib/python3.10/site-packages/airflow/example_dags/tutorial_etl_dag.py
[2023-03-07 08:55:15,164] {processor.py:641} INFO - Processing file /home/veri-pc/.local/lib/python3.10/site-packages/airflow/example_dags/tutorial_etl_dag.py for tasks to queue
[2023-03-07 08:55:15,166] {logging_mixin.py:115} INFO - [2023-03-07 08:55:15,165] {dagbag.py:507} INFO - Filling up the DagBag from /home/veri-pc/.local/lib/python3.10/site-packages/airflow/example_dags/tutorial_etl_dag.py
[2023-03-07 08:55:15,177] {processor.py:651} INFO - DAG(s) dict_keys(['tutorial_etl_dag']) retrieved from /home/veri-pc/.local/lib/python3.10/site-packages/airflow/example_dags/tutorial_etl_dag.py
[2023-03-07 08:55:15,191] {logging_mixin.py:115} INFO - [2023-03-07 08:55:15,191] {dag.py:2379} INFO - Sync 1 DAGs
[2023-03-07 08:55:15,203] {logging_mixin.py:115} INFO - [2023-03-07 08:55:15,203] {dag.py:2927} INFO - Setting next_dagrun for tutorial_etl_dag to None, run_after=None
[2023-03-07 08:55:15,210] {processor.py:161} INFO - Processing /home/veri-pc/.local/lib/python3.10/site-packages/airflow/example_dags/tutorial_etl_dag.py took 0.054 seconds
[2023-03-07 08:55:49,336] {processor.py:153} INFO - Started process (PID=10976) to work on /home/veri-pc/.local/lib/python3.10/site-packages/airflow/example_dags/tutorial_etl_dag.py
[2023-03-07 08:55:49,337] {processor.py:641} INFO - Processing file /home/veri-pc/.local/lib/python3.10/site-packages/airflow/example_dags/tutorial_etl_dag.py for tasks to queue
[2023-03-07 08:55:49,339] {logging_mixin.py:115} INFO - [2023-03-07 08:55:49,339] {dagbag.py:507} INFO - Filling up the DagBag from /home/veri-pc/.local/lib/python3.10/site-packages/airflow/example_dags/tutorial_etl_dag.py
[2023-03-07 08:55:49,350] {processor.py:651} INFO - DAG(s) dict_keys(['tutorial_etl_dag']) retrieved from /home/veri-pc/.local/lib/python3.10/site-packages/airflow/example_dags/tutorial_etl_dag.py
[2023-03-07 08:55:49,364] {logging_mixin.py:115} INFO - [2023-03-07 08:55:49,364] {dag.py:2379} INFO - Sync 1 DAGs
[2023-03-07 08:55:49,376] {logging_mixin.py:115} INFO - [2023-03-07 08:55:49,376] {dag.py:2927} INFO - Setting next_dagrun for tutorial_etl_dag to None, run_after=None
[2023-03-07 08:55:49,383] {processor.py:161} INFO - Processing /home/veri-pc/.local/lib/python3.10/site-packages/airflow/example_dags/tutorial_etl_dag.py took 0.054 seconds
[2023-03-07 09:02:02,758] {processor.py:153} INFO - Started process (PID=11879) to work on /home/veri-pc/.local/lib/python3.10/site-packages/airflow/example_dags/tutorial_etl_dag.py
[2023-03-07 09:02:02,758] {processor.py:641} INFO - Processing file /home/veri-pc/.local/lib/python3.10/site-packages/airflow/example_dags/tutorial_etl_dag.py for tasks to queue
[2023-03-07 09:02:02,759] {logging_mixin.py:115} INFO - [2023-03-07 09:02:02,759] {dagbag.py:507} INFO - Filling up the DagBag from /home/veri-pc/.local/lib/python3.10/site-packages/airflow/example_dags/tutorial_etl_dag.py
[2023-03-07 09:02:02,763] {processor.py:651} INFO - DAG(s) dict_keys(['tutorial_etl_dag']) retrieved from /home/veri-pc/.local/lib/python3.10/site-packages/airflow/example_dags/tutorial_etl_dag.py
[2023-03-07 09:02:02,776] {logging_mixin.py:115} INFO - [2023-03-07 09:02:02,776] {dag.py:2379} INFO - Sync 1 DAGs
[2023-03-07 09:02:02,790] {logging_mixin.py:115} INFO - [2023-03-07 09:02:02,790] {dag.py:2927} INFO - Setting next_dagrun for tutorial_etl_dag to None, run_after=None
[2023-03-07 09:02:02,797] {processor.py:161} INFO - Processing /home/veri-pc/.local/lib/python3.10/site-packages/airflow/example_dags/tutorial_etl_dag.py took 0.041 seconds
[2023-03-07 09:02:34,888] {processor.py:153} INFO - Started process (PID=11975) to work on /home/veri-pc/.local/lib/python3.10/site-packages/airflow/example_dags/tutorial_etl_dag.py
[2023-03-07 09:02:34,888] {processor.py:641} INFO - Processing file /home/veri-pc/.local/lib/python3.10/site-packages/airflow/example_dags/tutorial_etl_dag.py for tasks to queue
[2023-03-07 09:02:34,889] {logging_mixin.py:115} INFO - [2023-03-07 09:02:34,889] {dagbag.py:507} INFO - Filling up the DagBag from /home/veri-pc/.local/lib/python3.10/site-packages/airflow/example_dags/tutorial_etl_dag.py
[2023-03-07 09:02:34,893] {processor.py:651} INFO - DAG(s) dict_keys(['tutorial_etl_dag']) retrieved from /home/veri-pc/.local/lib/python3.10/site-packages/airflow/example_dags/tutorial_etl_dag.py
[2023-03-07 09:02:34,903] {logging_mixin.py:115} INFO - [2023-03-07 09:02:34,903] {dag.py:2379} INFO - Sync 1 DAGs
[2023-03-07 09:02:34,913] {logging_mixin.py:115} INFO - [2023-03-07 09:02:34,913] {dag.py:2927} INFO - Setting next_dagrun for tutorial_etl_dag to None, run_after=None
[2023-03-07 09:02:34,921] {processor.py:161} INFO - Processing /home/veri-pc/.local/lib/python3.10/site-packages/airflow/example_dags/tutorial_etl_dag.py took 0.037 seconds
[2023-03-07 09:03:07,995] {processor.py:153} INFO - Started process (PID=12056) to work on /home/veri-pc/.local/lib/python3.10/site-packages/airflow/example_dags/tutorial_etl_dag.py
[2023-03-07 09:03:07,996] {processor.py:641} INFO - Processing file /home/veri-pc/.local/lib/python3.10/site-packages/airflow/example_dags/tutorial_etl_dag.py for tasks to queue
[2023-03-07 09:03:07,996] {logging_mixin.py:115} INFO - [2023-03-07 09:03:07,996] {dagbag.py:507} INFO - Filling up the DagBag from /home/veri-pc/.local/lib/python3.10/site-packages/airflow/example_dags/tutorial_etl_dag.py
[2023-03-07 09:03:08,005] {processor.py:651} INFO - DAG(s) dict_keys(['tutorial_etl_dag']) retrieved from /home/veri-pc/.local/lib/python3.10/site-packages/airflow/example_dags/tutorial_etl_dag.py
[2023-03-07 09:03:08,017] {logging_mixin.py:115} INFO - [2023-03-07 09:03:08,017] {dag.py:2379} INFO - Sync 1 DAGs
[2023-03-07 09:03:08,033] {logging_mixin.py:115} INFO - [2023-03-07 09:03:08,033] {dag.py:2927} INFO - Setting next_dagrun for tutorial_etl_dag to None, run_after=None
[2023-03-07 09:03:08,046] {processor.py:161} INFO - Processing /home/veri-pc/.local/lib/python3.10/site-packages/airflow/example_dags/tutorial_etl_dag.py took 0.053 seconds
[2023-03-07 09:03:39,900] {processor.py:153} INFO - Started process (PID=12219) to work on /home/veri-pc/.local/lib/python3.10/site-packages/airflow/example_dags/tutorial_etl_dag.py
[2023-03-07 09:03:39,901] {processor.py:641} INFO - Processing file /home/veri-pc/.local/lib/python3.10/site-packages/airflow/example_dags/tutorial_etl_dag.py for tasks to queue
[2023-03-07 09:03:39,901] {logging_mixin.py:115} INFO - [2023-03-07 09:03:39,901] {dagbag.py:507} INFO - Filling up the DagBag from /home/veri-pc/.local/lib/python3.10/site-packages/airflow/example_dags/tutorial_etl_dag.py
[2023-03-07 09:03:39,907] {processor.py:651} INFO - DAG(s) dict_keys(['tutorial_etl_dag']) retrieved from /home/veri-pc/.local/lib/python3.10/site-packages/airflow/example_dags/tutorial_etl_dag.py
[2023-03-07 09:03:39,919] {logging_mixin.py:115} INFO - [2023-03-07 09:03:39,919] {dag.py:2379} INFO - Sync 1 DAGs
[2023-03-07 09:03:39,930] {logging_mixin.py:115} INFO - [2023-03-07 09:03:39,930] {dag.py:2927} INFO - Setting next_dagrun for tutorial_etl_dag to None, run_after=None
[2023-03-07 09:03:39,938] {processor.py:161} INFO - Processing /home/veri-pc/.local/lib/python3.10/site-packages/airflow/example_dags/tutorial_etl_dag.py took 0.040 seconds
[2023-03-07 09:04:13,549] {processor.py:153} INFO - Started process (PID=12298) to work on /home/veri-pc/.local/lib/python3.10/site-packages/airflow/example_dags/tutorial_etl_dag.py
[2023-03-07 09:04:13,550] {processor.py:641} INFO - Processing file /home/veri-pc/.local/lib/python3.10/site-packages/airflow/example_dags/tutorial_etl_dag.py for tasks to queue
[2023-03-07 09:04:13,550] {logging_mixin.py:115} INFO - [2023-03-07 09:04:13,550] {dagbag.py:507} INFO - Filling up the DagBag from /home/veri-pc/.local/lib/python3.10/site-packages/airflow/example_dags/tutorial_etl_dag.py
[2023-03-07 09:04:13,558] {processor.py:651} INFO - DAG(s) dict_keys(['tutorial_etl_dag']) retrieved from /home/veri-pc/.local/lib/python3.10/site-packages/airflow/example_dags/tutorial_etl_dag.py
[2023-03-07 09:04:13,574] {logging_mixin.py:115} INFO - [2023-03-07 09:04:13,574] {dag.py:2379} INFO - Sync 1 DAGs
[2023-03-07 09:04:13,591] {logging_mixin.py:115} INFO - [2023-03-07 09:04:13,591] {dag.py:2927} INFO - Setting next_dagrun for tutorial_etl_dag to None, run_after=None
[2023-03-07 09:04:13,620] {processor.py:161} INFO - Processing /home/veri-pc/.local/lib/python3.10/site-packages/airflow/example_dags/tutorial_etl_dag.py took 0.074 seconds
[2023-03-07 09:04:47,115] {processor.py:153} INFO - Started process (PID=12382) to work on /home/veri-pc/.local/lib/python3.10/site-packages/airflow/example_dags/tutorial_etl_dag.py
[2023-03-07 09:04:47,116] {processor.py:641} INFO - Processing file /home/veri-pc/.local/lib/python3.10/site-packages/airflow/example_dags/tutorial_etl_dag.py for tasks to queue
[2023-03-07 09:04:47,116] {logging_mixin.py:115} INFO - [2023-03-07 09:04:47,116] {dagbag.py:507} INFO - Filling up the DagBag from /home/veri-pc/.local/lib/python3.10/site-packages/airflow/example_dags/tutorial_etl_dag.py
[2023-03-07 09:04:47,120] {processor.py:651} INFO - DAG(s) dict_keys(['tutorial_etl_dag']) retrieved from /home/veri-pc/.local/lib/python3.10/site-packages/airflow/example_dags/tutorial_etl_dag.py
[2023-03-07 09:04:47,129] {logging_mixin.py:115} INFO - [2023-03-07 09:04:47,129] {dag.py:2379} INFO - Sync 1 DAGs
[2023-03-07 09:04:47,138] {logging_mixin.py:115} INFO - [2023-03-07 09:04:47,138] {dag.py:2927} INFO - Setting next_dagrun for tutorial_etl_dag to None, run_after=None
[2023-03-07 09:04:47,147] {processor.py:161} INFO - Processing /home/veri-pc/.local/lib/python3.10/site-packages/airflow/example_dags/tutorial_etl_dag.py took 0.033 seconds
[2023-03-07 09:05:20,143] {processor.py:153} INFO - Started process (PID=12463) to work on /home/veri-pc/.local/lib/python3.10/site-packages/airflow/example_dags/tutorial_etl_dag.py
[2023-03-07 09:05:20,144] {processor.py:641} INFO - Processing file /home/veri-pc/.local/lib/python3.10/site-packages/airflow/example_dags/tutorial_etl_dag.py for tasks to queue
[2023-03-07 09:05:20,145] {logging_mixin.py:115} INFO - [2023-03-07 09:05:20,145] {dagbag.py:507} INFO - Filling up the DagBag from /home/veri-pc/.local/lib/python3.10/site-packages/airflow/example_dags/tutorial_etl_dag.py
[2023-03-07 09:05:20,160] {processor.py:651} INFO - DAG(s) dict_keys(['tutorial_etl_dag']) retrieved from /home/veri-pc/.local/lib/python3.10/site-packages/airflow/example_dags/tutorial_etl_dag.py
[2023-03-07 09:05:20,177] {logging_mixin.py:115} INFO - [2023-03-07 09:05:20,177] {dag.py:2379} INFO - Sync 1 DAGs
[2023-03-07 09:05:20,189] {logging_mixin.py:115} INFO - [2023-03-07 09:05:20,189] {dag.py:2927} INFO - Setting next_dagrun for tutorial_etl_dag to None, run_after=None
[2023-03-07 09:05:20,197] {processor.py:161} INFO - Processing /home/veri-pc/.local/lib/python3.10/site-packages/airflow/example_dags/tutorial_etl_dag.py took 0.061 seconds
[2023-03-07 09:05:53,244] {processor.py:153} INFO - Started process (PID=12535) to work on /home/veri-pc/.local/lib/python3.10/site-packages/airflow/example_dags/tutorial_etl_dag.py
[2023-03-07 09:05:53,245] {processor.py:641} INFO - Processing file /home/veri-pc/.local/lib/python3.10/site-packages/airflow/example_dags/tutorial_etl_dag.py for tasks to queue
[2023-03-07 09:05:53,246] {logging_mixin.py:115} INFO - [2023-03-07 09:05:53,246] {dagbag.py:507} INFO - Filling up the DagBag from /home/veri-pc/.local/lib/python3.10/site-packages/airflow/example_dags/tutorial_etl_dag.py
[2023-03-07 09:05:53,260] {processor.py:651} INFO - DAG(s) dict_keys(['tutorial_etl_dag']) retrieved from /home/veri-pc/.local/lib/python3.10/site-packages/airflow/example_dags/tutorial_etl_dag.py
[2023-03-07 09:05:53,275] {logging_mixin.py:115} INFO - [2023-03-07 09:05:53,275] {dag.py:2379} INFO - Sync 1 DAGs
[2023-03-07 09:05:53,290] {logging_mixin.py:115} INFO - [2023-03-07 09:05:53,290] {dag.py:2927} INFO - Setting next_dagrun for tutorial_etl_dag to None, run_after=None
[2023-03-07 09:05:53,298] {processor.py:161} INFO - Processing /home/veri-pc/.local/lib/python3.10/site-packages/airflow/example_dags/tutorial_etl_dag.py took 0.061 seconds
[2023-03-07 09:06:28,450] {processor.py:153} INFO - Started process (PID=12605) to work on /home/veri-pc/.local/lib/python3.10/site-packages/airflow/example_dags/tutorial_etl_dag.py
[2023-03-07 09:06:28,452] {processor.py:641} INFO - Processing file /home/veri-pc/.local/lib/python3.10/site-packages/airflow/example_dags/tutorial_etl_dag.py for tasks to queue
[2023-03-07 09:06:28,453] {logging_mixin.py:115} INFO - [2023-03-07 09:06:28,453] {dagbag.py:507} INFO - Filling up the DagBag from /home/veri-pc/.local/lib/python3.10/site-packages/airflow/example_dags/tutorial_etl_dag.py
[2023-03-07 09:06:28,469] {processor.py:651} INFO - DAG(s) dict_keys(['tutorial_etl_dag']) retrieved from /home/veri-pc/.local/lib/python3.10/site-packages/airflow/example_dags/tutorial_etl_dag.py
[2023-03-07 09:06:28,488] {logging_mixin.py:115} INFO - [2023-03-07 09:06:28,488] {dag.py:2379} INFO - Sync 1 DAGs
[2023-03-07 09:06:28,501] {logging_mixin.py:115} INFO - [2023-03-07 09:06:28,501] {dag.py:2927} INFO - Setting next_dagrun for tutorial_etl_dag to None, run_after=None
[2023-03-07 09:06:28,509] {processor.py:161} INFO - Processing /home/veri-pc/.local/lib/python3.10/site-packages/airflow/example_dags/tutorial_etl_dag.py took 0.065 seconds
[2023-03-07 09:06:59,862] {processor.py:153} INFO - Started process (PID=12671) to work on /home/veri-pc/.local/lib/python3.10/site-packages/airflow/example_dags/tutorial_etl_dag.py
[2023-03-07 09:06:59,864] {processor.py:641} INFO - Processing file /home/veri-pc/.local/lib/python3.10/site-packages/airflow/example_dags/tutorial_etl_dag.py for tasks to queue
[2023-03-07 09:06:59,865] {logging_mixin.py:115} INFO - [2023-03-07 09:06:59,865] {dagbag.py:507} INFO - Filling up the DagBag from /home/veri-pc/.local/lib/python3.10/site-packages/airflow/example_dags/tutorial_etl_dag.py
[2023-03-07 09:06:59,881] {processor.py:651} INFO - DAG(s) dict_keys(['tutorial_etl_dag']) retrieved from /home/veri-pc/.local/lib/python3.10/site-packages/airflow/example_dags/tutorial_etl_dag.py
[2023-03-07 09:06:59,898] {logging_mixin.py:115} INFO - [2023-03-07 09:06:59,898] {dag.py:2379} INFO - Sync 1 DAGs
[2023-03-07 09:06:59,910] {logging_mixin.py:115} INFO - [2023-03-07 09:06:59,910] {dag.py:2927} INFO - Setting next_dagrun for tutorial_etl_dag to None, run_after=None
[2023-03-07 09:06:59,918] {processor.py:161} INFO - Processing /home/veri-pc/.local/lib/python3.10/site-packages/airflow/example_dags/tutorial_etl_dag.py took 0.062 seconds
[2023-03-07 09:07:32,564] {processor.py:153} INFO - Started process (PID=12748) to work on /home/veri-pc/.local/lib/python3.10/site-packages/airflow/example_dags/tutorial_etl_dag.py
[2023-03-07 09:07:32,565] {processor.py:641} INFO - Processing file /home/veri-pc/.local/lib/python3.10/site-packages/airflow/example_dags/tutorial_etl_dag.py for tasks to queue
[2023-03-07 09:07:32,567] {logging_mixin.py:115} INFO - [2023-03-07 09:07:32,567] {dagbag.py:507} INFO - Filling up the DagBag from /home/veri-pc/.local/lib/python3.10/site-packages/airflow/example_dags/tutorial_etl_dag.py
[2023-03-07 09:07:32,584] {processor.py:651} INFO - DAG(s) dict_keys(['tutorial_etl_dag']) retrieved from /home/veri-pc/.local/lib/python3.10/site-packages/airflow/example_dags/tutorial_etl_dag.py
[2023-03-07 09:07:32,600] {logging_mixin.py:115} INFO - [2023-03-07 09:07:32,600] {dag.py:2379} INFO - Sync 1 DAGs
[2023-03-07 09:07:32,613] {logging_mixin.py:115} INFO - [2023-03-07 09:07:32,612] {dag.py:2927} INFO - Setting next_dagrun for tutorial_etl_dag to None, run_after=None
[2023-03-07 09:07:32,620] {processor.py:161} INFO - Processing /home/veri-pc/.local/lib/python3.10/site-packages/airflow/example_dags/tutorial_etl_dag.py took 0.063 seconds
[2023-03-07 09:08:03,359] {processor.py:153} INFO - Started process (PID=12868) to work on /home/veri-pc/.local/lib/python3.10/site-packages/airflow/example_dags/tutorial_etl_dag.py
[2023-03-07 09:08:03,359] {processor.py:641} INFO - Processing file /home/veri-pc/.local/lib/python3.10/site-packages/airflow/example_dags/tutorial_etl_dag.py for tasks to queue
[2023-03-07 09:08:03,360] {logging_mixin.py:115} INFO - [2023-03-07 09:08:03,360] {dagbag.py:507} INFO - Filling up the DagBag from /home/veri-pc/.local/lib/python3.10/site-packages/airflow/example_dags/tutorial_etl_dag.py
[2023-03-07 09:08:03,368] {processor.py:651} INFO - DAG(s) dict_keys(['tutorial_etl_dag']) retrieved from /home/veri-pc/.local/lib/python3.10/site-packages/airflow/example_dags/tutorial_etl_dag.py
[2023-03-07 09:08:03,377] {logging_mixin.py:115} INFO - [2023-03-07 09:08:03,377] {dag.py:2379} INFO - Sync 1 DAGs
[2023-03-07 09:08:03,391] {logging_mixin.py:115} INFO - [2023-03-07 09:08:03,391] {dag.py:2927} INFO - Setting next_dagrun for tutorial_etl_dag to None, run_after=None
[2023-03-07 09:08:03,401] {processor.py:161} INFO - Processing /home/veri-pc/.local/lib/python3.10/site-packages/airflow/example_dags/tutorial_etl_dag.py took 0.044 seconds
[2023-03-07 09:08:36,482] {processor.py:153} INFO - Started process (PID=12938) to work on /home/veri-pc/.local/lib/python3.10/site-packages/airflow/example_dags/tutorial_etl_dag.py
[2023-03-07 09:08:36,483] {processor.py:641} INFO - Processing file /home/veri-pc/.local/lib/python3.10/site-packages/airflow/example_dags/tutorial_etl_dag.py for tasks to queue
[2023-03-07 09:08:36,484] {logging_mixin.py:115} INFO - [2023-03-07 09:08:36,484] {dagbag.py:507} INFO - Filling up the DagBag from /home/veri-pc/.local/lib/python3.10/site-packages/airflow/example_dags/tutorial_etl_dag.py
[2023-03-07 09:08:36,501] {processor.py:651} INFO - DAG(s) dict_keys(['tutorial_etl_dag']) retrieved from /home/veri-pc/.local/lib/python3.10/site-packages/airflow/example_dags/tutorial_etl_dag.py
[2023-03-07 09:08:36,519] {logging_mixin.py:115} INFO - [2023-03-07 09:08:36,519] {dag.py:2379} INFO - Sync 1 DAGs
[2023-03-07 09:08:36,532] {logging_mixin.py:115} INFO - [2023-03-07 09:08:36,531] {dag.py:2927} INFO - Setting next_dagrun for tutorial_etl_dag to None, run_after=None
[2023-03-07 09:08:36,539] {processor.py:161} INFO - Processing /home/veri-pc/.local/lib/python3.10/site-packages/airflow/example_dags/tutorial_etl_dag.py took 0.063 seconds
[2023-03-07 09:09:09,067] {processor.py:153} INFO - Started process (PID=13020) to work on /home/veri-pc/.local/lib/python3.10/site-packages/airflow/example_dags/tutorial_etl_dag.py
[2023-03-07 09:09:09,069] {processor.py:641} INFO - Processing file /home/veri-pc/.local/lib/python3.10/site-packages/airflow/example_dags/tutorial_etl_dag.py for tasks to queue
[2023-03-07 09:09:09,070] {logging_mixin.py:115} INFO - [2023-03-07 09:09:09,070] {dagbag.py:507} INFO - Filling up the DagBag from /home/veri-pc/.local/lib/python3.10/site-packages/airflow/example_dags/tutorial_etl_dag.py
[2023-03-07 09:09:09,083] {processor.py:651} INFO - DAG(s) dict_keys(['tutorial_etl_dag']) retrieved from /home/veri-pc/.local/lib/python3.10/site-packages/airflow/example_dags/tutorial_etl_dag.py
[2023-03-07 09:09:09,098] {logging_mixin.py:115} INFO - [2023-03-07 09:09:09,097] {dag.py:2379} INFO - Sync 1 DAGs
[2023-03-07 09:09:09,109] {logging_mixin.py:115} INFO - [2023-03-07 09:09:09,109] {dag.py:2927} INFO - Setting next_dagrun for tutorial_etl_dag to None, run_after=None
[2023-03-07 09:09:09,117] {processor.py:161} INFO - Processing /home/veri-pc/.local/lib/python3.10/site-packages/airflow/example_dags/tutorial_etl_dag.py took 0.057 seconds
[2023-03-07 09:10:05,574] {processor.py:153} INFO - Started process (PID=13222) to work on /home/veri-pc/.local/lib/python3.10/site-packages/airflow/example_dags/tutorial_etl_dag.py
[2023-03-07 09:10:05,576] {processor.py:641} INFO - Processing file /home/veri-pc/.local/lib/python3.10/site-packages/airflow/example_dags/tutorial_etl_dag.py for tasks to queue
[2023-03-07 09:10:05,577] {logging_mixin.py:115} INFO - [2023-03-07 09:10:05,577] {dagbag.py:507} INFO - Filling up the DagBag from /home/veri-pc/.local/lib/python3.10/site-packages/airflow/example_dags/tutorial_etl_dag.py
[2023-03-07 09:10:05,591] {processor.py:651} INFO - DAG(s) dict_keys(['tutorial_etl_dag']) retrieved from /home/veri-pc/.local/lib/python3.10/site-packages/airflow/example_dags/tutorial_etl_dag.py
[2023-03-07 09:10:05,607] {logging_mixin.py:115} INFO - [2023-03-07 09:10:05,606] {dag.py:2379} INFO - Sync 1 DAGs
[2023-03-07 09:10:05,621] {logging_mixin.py:115} INFO - [2023-03-07 09:10:05,621] {dag.py:2927} INFO - Setting next_dagrun for tutorial_etl_dag to None, run_after=None
[2023-03-07 09:10:05,629] {processor.py:161} INFO - Processing /home/veri-pc/.local/lib/python3.10/site-packages/airflow/example_dags/tutorial_etl_dag.py took 0.062 seconds
