[2023-03-07 12:08:14,177] {processor.py:153} INFO - Started process (PID=40688) to work on /home/veri-pc/.local/lib/python3.10/site-packages/airflow/example_dags/tutorial_taskflow_api_etl.py
[2023-03-07 12:08:14,177] {processor.py:641} INFO - Processing file /home/veri-pc/.local/lib/python3.10/site-packages/airflow/example_dags/tutorial_taskflow_api_etl.py for tasks to queue
[2023-03-07 12:08:14,177] {logging_mixin.py:115} INFO - [2023-03-07 12:08:14,177] {dagbag.py:507} INFO - Filling up the DagBag from /home/veri-pc/.local/lib/python3.10/site-packages/airflow/example_dags/tutorial_taskflow_api_etl.py
[2023-03-07 12:08:14,192] {processor.py:651} INFO - DAG(s) dict_keys(['tutorial_taskflow_api_etl']) retrieved from /home/veri-pc/.local/lib/python3.10/site-packages/airflow/example_dags/tutorial_taskflow_api_etl.py
[2023-03-07 12:08:14,235] {logging_mixin.py:115} INFO - [2023-03-07 12:08:14,235] {manager.py:508} INFO - Created Permission View: can read on DAG:tutorial_taskflow_api_etl
[2023-03-07 12:08:14,246] {logging_mixin.py:115} INFO - [2023-03-07 12:08:14,246] {manager.py:508} INFO - Created Permission View: can edit on DAG:tutorial_taskflow_api_etl
[2023-03-07 12:08:14,251] {logging_mixin.py:115} INFO - [2023-03-07 12:08:14,251] {manager.py:508} INFO - Created Permission View: can delete on DAG:tutorial_taskflow_api_etl
[2023-03-07 12:08:14,252] {logging_mixin.py:115} INFO - [2023-03-07 12:08:14,252] {dag.py:2379} INFO - Sync 1 DAGs
[2023-03-07 12:08:14,260] {logging_mixin.py:115} INFO - [2023-03-07 12:08:14,260] {dag.py:2398} INFO - Creating ORM DAG for tutorial_taskflow_api_etl
[2023-03-07 12:08:14,267] {logging_mixin.py:115} INFO - [2023-03-07 12:08:14,267] {dag.py:2927} INFO - Setting next_dagrun for tutorial_taskflow_api_etl to None, run_after=None
[2023-03-07 12:08:14,279] {processor.py:161} INFO - Processing /home/veri-pc/.local/lib/python3.10/site-packages/airflow/example_dags/tutorial_taskflow_api_etl.py took 0.104 seconds
[2023-03-07 12:08:50,521] {processor.py:153} INFO - Started process (PID=40795) to work on /home/veri-pc/.local/lib/python3.10/site-packages/airflow/example_dags/tutorial_taskflow_api_etl.py
[2023-03-07 12:08:50,522] {processor.py:641} INFO - Processing file /home/veri-pc/.local/lib/python3.10/site-packages/airflow/example_dags/tutorial_taskflow_api_etl.py for tasks to queue
[2023-03-07 12:08:50,523] {logging_mixin.py:115} INFO - [2023-03-07 12:08:50,523] {dagbag.py:507} INFO - Filling up the DagBag from /home/veri-pc/.local/lib/python3.10/site-packages/airflow/example_dags/tutorial_taskflow_api_etl.py
[2023-03-07 12:08:50,552] {processor.py:651} INFO - DAG(s) dict_keys(['tutorial_taskflow_api_etl']) retrieved from /home/veri-pc/.local/lib/python3.10/site-packages/airflow/example_dags/tutorial_taskflow_api_etl.py
[2023-03-07 12:08:50,581] {logging_mixin.py:115} INFO - [2023-03-07 12:08:50,580] {dag.py:2379} INFO - Sync 1 DAGs
[2023-03-07 12:08:50,589] {logging_mixin.py:115} INFO - [2023-03-07 12:08:50,589] {dag.py:2927} INFO - Setting next_dagrun for tutorial_taskflow_api_etl to None, run_after=None
[2023-03-07 12:08:50,597] {processor.py:161} INFO - Processing /home/veri-pc/.local/lib/python3.10/site-packages/airflow/example_dags/tutorial_taskflow_api_etl.py took 0.080 seconds
[2023-03-07 12:09:22,488] {processor.py:153} INFO - Started process (PID=40880) to work on /home/veri-pc/.local/lib/python3.10/site-packages/airflow/example_dags/tutorial_taskflow_api_etl.py
[2023-03-07 12:09:22,489] {processor.py:641} INFO - Processing file /home/veri-pc/.local/lib/python3.10/site-packages/airflow/example_dags/tutorial_taskflow_api_etl.py for tasks to queue
[2023-03-07 12:09:22,491] {logging_mixin.py:115} INFO - [2023-03-07 12:09:22,491] {dagbag.py:507} INFO - Filling up the DagBag from /home/veri-pc/.local/lib/python3.10/site-packages/airflow/example_dags/tutorial_taskflow_api_etl.py
[2023-03-07 12:09:22,527] {processor.py:651} INFO - DAG(s) dict_keys(['tutorial_taskflow_api_etl']) retrieved from /home/veri-pc/.local/lib/python3.10/site-packages/airflow/example_dags/tutorial_taskflow_api_etl.py
[2023-03-07 12:09:22,537] {logging_mixin.py:115} INFO - [2023-03-07 12:09:22,537] {dag.py:2379} INFO - Sync 1 DAGs
[2023-03-07 12:09:22,548] {logging_mixin.py:115} INFO - [2023-03-07 12:09:22,548] {dag.py:2927} INFO - Setting next_dagrun for tutorial_taskflow_api_etl to None, run_after=None
[2023-03-07 12:09:22,556] {processor.py:161} INFO - Processing /home/veri-pc/.local/lib/python3.10/site-packages/airflow/example_dags/tutorial_taskflow_api_etl.py took 0.074 seconds
[2023-03-07 12:09:57,329] {processor.py:153} INFO - Started process (PID=40974) to work on /home/veri-pc/.local/lib/python3.10/site-packages/airflow/example_dags/tutorial_taskflow_api_etl.py
[2023-03-07 12:09:57,330] {processor.py:641} INFO - Processing file /home/veri-pc/.local/lib/python3.10/site-packages/airflow/example_dags/tutorial_taskflow_api_etl.py for tasks to queue
[2023-03-07 12:09:57,331] {logging_mixin.py:115} INFO - [2023-03-07 12:09:57,331] {dagbag.py:507} INFO - Filling up the DagBag from /home/veri-pc/.local/lib/python3.10/site-packages/airflow/example_dags/tutorial_taskflow_api_etl.py
[2023-03-07 12:09:57,356] {processor.py:651} INFO - DAG(s) dict_keys(['tutorial_taskflow_api_etl']) retrieved from /home/veri-pc/.local/lib/python3.10/site-packages/airflow/example_dags/tutorial_taskflow_api_etl.py
[2023-03-07 12:09:57,365] {logging_mixin.py:115} INFO - [2023-03-07 12:09:57,365] {dag.py:2379} INFO - Sync 1 DAGs
[2023-03-07 12:09:57,375] {logging_mixin.py:115} INFO - [2023-03-07 12:09:57,375] {dag.py:2927} INFO - Setting next_dagrun for tutorial_taskflow_api_etl to None, run_after=None
[2023-03-07 12:09:57,382] {processor.py:161} INFO - Processing /home/veri-pc/.local/lib/python3.10/site-packages/airflow/example_dags/tutorial_taskflow_api_etl.py took 0.061 seconds
[2023-03-07 12:10:30,755] {processor.py:153} INFO - Started process (PID=41056) to work on /home/veri-pc/.local/lib/python3.10/site-packages/airflow/example_dags/tutorial_taskflow_api_etl.py
[2023-03-07 12:10:30,757] {processor.py:641} INFO - Processing file /home/veri-pc/.local/lib/python3.10/site-packages/airflow/example_dags/tutorial_taskflow_api_etl.py for tasks to queue
[2023-03-07 12:10:30,758] {logging_mixin.py:115} INFO - [2023-03-07 12:10:30,757] {dagbag.py:507} INFO - Filling up the DagBag from /home/veri-pc/.local/lib/python3.10/site-packages/airflow/example_dags/tutorial_taskflow_api_etl.py
[2023-03-07 12:10:30,789] {processor.py:651} INFO - DAG(s) dict_keys(['tutorial_taskflow_api_etl']) retrieved from /home/veri-pc/.local/lib/python3.10/site-packages/airflow/example_dags/tutorial_taskflow_api_etl.py
[2023-03-07 12:10:30,819] {logging_mixin.py:115} INFO - [2023-03-07 12:10:30,819] {dag.py:2379} INFO - Sync 1 DAGs
[2023-03-07 12:10:30,829] {logging_mixin.py:115} INFO - [2023-03-07 12:10:30,829] {dag.py:2927} INFO - Setting next_dagrun for tutorial_taskflow_api_etl to None, run_after=None
[2023-03-07 12:10:30,840] {processor.py:161} INFO - Processing /home/veri-pc/.local/lib/python3.10/site-packages/airflow/example_dags/tutorial_taskflow_api_etl.py took 0.091 seconds
[2023-03-07 12:11:04,116] {processor.py:153} INFO - Started process (PID=41140) to work on /home/veri-pc/.local/lib/python3.10/site-packages/airflow/example_dags/tutorial_taskflow_api_etl.py
[2023-03-07 12:11:04,117] {processor.py:641} INFO - Processing file /home/veri-pc/.local/lib/python3.10/site-packages/airflow/example_dags/tutorial_taskflow_api_etl.py for tasks to queue
[2023-03-07 12:11:04,118] {logging_mixin.py:115} INFO - [2023-03-07 12:11:04,118] {dagbag.py:507} INFO - Filling up the DagBag from /home/veri-pc/.local/lib/python3.10/site-packages/airflow/example_dags/tutorial_taskflow_api_etl.py
[2023-03-07 12:11:04,146] {processor.py:651} INFO - DAG(s) dict_keys(['tutorial_taskflow_api_etl']) retrieved from /home/veri-pc/.local/lib/python3.10/site-packages/airflow/example_dags/tutorial_taskflow_api_etl.py
[2023-03-07 12:11:04,175] {logging_mixin.py:115} INFO - [2023-03-07 12:11:04,175] {dag.py:2379} INFO - Sync 1 DAGs
[2023-03-07 12:11:04,184] {logging_mixin.py:115} INFO - [2023-03-07 12:11:04,184] {dag.py:2927} INFO - Setting next_dagrun for tutorial_taskflow_api_etl to None, run_after=None
[2023-03-07 12:11:04,193] {processor.py:161} INFO - Processing /home/veri-pc/.local/lib/python3.10/site-packages/airflow/example_dags/tutorial_taskflow_api_etl.py took 0.086 seconds
[2023-03-07 12:11:52,144] {processor.py:153} INFO - Started process (PID=41367) to work on /home/veri-pc/.local/lib/python3.10/site-packages/airflow/example_dags/tutorial_taskflow_api_etl.py
[2023-03-07 12:11:52,145] {processor.py:641} INFO - Processing file /home/veri-pc/.local/lib/python3.10/site-packages/airflow/example_dags/tutorial_taskflow_api_etl.py for tasks to queue
[2023-03-07 12:11:52,145] {logging_mixin.py:115} INFO - [2023-03-07 12:11:52,145] {dagbag.py:507} INFO - Filling up the DagBag from /home/veri-pc/.local/lib/python3.10/site-packages/airflow/example_dags/tutorial_taskflow_api_etl.py
[2023-03-07 12:11:52,166] {processor.py:651} INFO - DAG(s) dict_keys(['tutorial_taskflow_api_etl']) retrieved from /home/veri-pc/.local/lib/python3.10/site-packages/airflow/example_dags/tutorial_taskflow_api_etl.py
[2023-03-07 12:11:52,198] {logging_mixin.py:115} INFO - [2023-03-07 12:11:52,198] {dag.py:2379} INFO - Sync 1 DAGs
[2023-03-07 12:11:52,211] {logging_mixin.py:115} INFO - [2023-03-07 12:11:52,211] {dag.py:2927} INFO - Setting next_dagrun for tutorial_taskflow_api_etl to None, run_after=None
[2023-03-07 12:11:52,224] {processor.py:161} INFO - Processing /home/veri-pc/.local/lib/python3.10/site-packages/airflow/example_dags/tutorial_taskflow_api_etl.py took 0.082 seconds
[2023-03-07 12:12:23,434] {processor.py:153} INFO - Started process (PID=41445) to work on /home/veri-pc/.local/lib/python3.10/site-packages/airflow/example_dags/tutorial_taskflow_api_etl.py
[2023-03-07 12:12:23,435] {processor.py:641} INFO - Processing file /home/veri-pc/.local/lib/python3.10/site-packages/airflow/example_dags/tutorial_taskflow_api_etl.py for tasks to queue
[2023-03-07 12:12:23,436] {logging_mixin.py:115} INFO - [2023-03-07 12:12:23,436] {dagbag.py:507} INFO - Filling up the DagBag from /home/veri-pc/.local/lib/python3.10/site-packages/airflow/example_dags/tutorial_taskflow_api_etl.py
[2023-03-07 12:12:23,475] {processor.py:651} INFO - DAG(s) dict_keys(['tutorial_taskflow_api_etl']) retrieved from /home/veri-pc/.local/lib/python3.10/site-packages/airflow/example_dags/tutorial_taskflow_api_etl.py
[2023-03-07 12:12:23,506] {logging_mixin.py:115} INFO - [2023-03-07 12:12:23,506] {dag.py:2379} INFO - Sync 1 DAGs
[2023-03-07 12:12:23,515] {logging_mixin.py:115} INFO - [2023-03-07 12:12:23,515] {dag.py:2927} INFO - Setting next_dagrun for tutorial_taskflow_api_etl to None, run_after=None
[2023-03-07 12:12:23,523] {processor.py:161} INFO - Processing /home/veri-pc/.local/lib/python3.10/site-packages/airflow/example_dags/tutorial_taskflow_api_etl.py took 0.096 seconds
[2023-03-07 12:13:04,046] {processor.py:153} INFO - Started process (PID=41571) to work on /home/veri-pc/.local/lib/python3.10/site-packages/airflow/example_dags/tutorial_taskflow_api_etl.py
[2023-03-07 12:13:04,053] {processor.py:641} INFO - Processing file /home/veri-pc/.local/lib/python3.10/site-packages/airflow/example_dags/tutorial_taskflow_api_etl.py for tasks to queue
[2023-03-07 12:13:04,054] {logging_mixin.py:115} INFO - [2023-03-07 12:13:04,054] {dagbag.py:507} INFO - Filling up the DagBag from /home/veri-pc/.local/lib/python3.10/site-packages/airflow/example_dags/tutorial_taskflow_api_etl.py
[2023-03-07 12:13:04,085] {processor.py:651} INFO - DAG(s) dict_keys(['tutorial_taskflow_api_etl']) retrieved from /home/veri-pc/.local/lib/python3.10/site-packages/airflow/example_dags/tutorial_taskflow_api_etl.py
[2023-03-07 12:13:04,100] {logging_mixin.py:115} INFO - [2023-03-07 12:13:04,100] {dag.py:2379} INFO - Sync 1 DAGs
[2023-03-07 12:13:04,110] {logging_mixin.py:115} INFO - [2023-03-07 12:13:04,110] {dag.py:2927} INFO - Setting next_dagrun for tutorial_taskflow_api_etl to None, run_after=None
[2023-03-07 12:13:04,309] {processor.py:161} INFO - Processing /home/veri-pc/.local/lib/python3.10/site-packages/airflow/example_dags/tutorial_taskflow_api_etl.py took 0.270 seconds
