[2023-03-07 12:08:07,465] {processor.py:153} INFO - Started process (PID=40661) to work on /home/veri-pc/.local/lib/python3.10/site-packages/airflow/example_dags/tutorial.py
[2023-03-07 12:08:07,467] {processor.py:641} INFO - Processing file /home/veri-pc/.local/lib/python3.10/site-packages/airflow/example_dags/tutorial.py for tasks to queue
[2023-03-07 12:08:07,468] {logging_mixin.py:115} INFO - [2023-03-07 12:08:07,468] {dagbag.py:507} INFO - Filling up the DagBag from /home/veri-pc/.local/lib/python3.10/site-packages/airflow/example_dags/tutorial.py
[2023-03-07 12:08:07,484] {processor.py:651} INFO - DAG(s) dict_keys(['tutorial']) retrieved from /home/veri-pc/.local/lib/python3.10/site-packages/airflow/example_dags/tutorial.py
[2023-03-07 12:08:07,533] {logging_mixin.py:115} INFO - [2023-03-07 12:08:07,533] {manager.py:508} INFO - Created Permission View: can read on DAG:tutorial
[2023-03-07 12:08:07,540] {logging_mixin.py:115} INFO - [2023-03-07 12:08:07,540] {manager.py:508} INFO - Created Permission View: can edit on DAG:tutorial
[2023-03-07 12:08:07,545] {logging_mixin.py:115} INFO - [2023-03-07 12:08:07,545] {manager.py:508} INFO - Created Permission View: can delete on DAG:tutorial
[2023-03-07 12:08:07,545] {logging_mixin.py:115} INFO - [2023-03-07 12:08:07,545] {dag.py:2379} INFO - Sync 1 DAGs
[2023-03-07 12:08:07,550] {logging_mixin.py:115} INFO - [2023-03-07 12:08:07,550] {dag.py:2398} INFO - Creating ORM DAG for tutorial
[2023-03-07 12:08:07,555] {logging_mixin.py:115} INFO - [2023-03-07 12:08:07,555] {dag.py:2927} INFO - Setting next_dagrun for tutorial to 2023-03-06T15:08:07.555730+00:00, run_after=2023-03-07T15:08:07.555730+00:00
[2023-03-07 12:08:07,566] {processor.py:161} INFO - Processing /home/veri-pc/.local/lib/python3.10/site-packages/airflow/example_dags/tutorial.py took 0.107 seconds
[2023-03-07 12:08:43,748] {processor.py:153} INFO - Started process (PID=40781) to work on /home/veri-pc/.local/lib/python3.10/site-packages/airflow/example_dags/tutorial.py
[2023-03-07 12:08:43,749] {processor.py:641} INFO - Processing file /home/veri-pc/.local/lib/python3.10/site-packages/airflow/example_dags/tutorial.py for tasks to queue
[2023-03-07 12:08:43,751] {logging_mixin.py:115} INFO - [2023-03-07 12:08:43,750] {dagbag.py:507} INFO - Filling up the DagBag from /home/veri-pc/.local/lib/python3.10/site-packages/airflow/example_dags/tutorial.py
[2023-03-07 12:08:43,765] {processor.py:651} INFO - DAG(s) dict_keys(['tutorial']) retrieved from /home/veri-pc/.local/lib/python3.10/site-packages/airflow/example_dags/tutorial.py
[2023-03-07 12:08:43,780] {logging_mixin.py:115} INFO - [2023-03-07 12:08:43,780] {dag.py:2379} INFO - Sync 1 DAGs
[2023-03-07 12:08:43,793] {logging_mixin.py:115} INFO - [2023-03-07 12:08:43,793] {dag.py:2927} INFO - Setting next_dagrun for tutorial to 2023-03-06T15:08:43.793043+00:00, run_after=2023-03-07T15:08:43.793043+00:00
[2023-03-07 12:08:43,801] {processor.py:161} INFO - Processing /home/veri-pc/.local/lib/python3.10/site-packages/airflow/example_dags/tutorial.py took 0.059 seconds
[2023-03-07 12:09:16,197] {processor.py:153} INFO - Started process (PID=40864) to work on /home/veri-pc/.local/lib/python3.10/site-packages/airflow/example_dags/tutorial.py
[2023-03-07 12:09:16,198] {processor.py:641} INFO - Processing file /home/veri-pc/.local/lib/python3.10/site-packages/airflow/example_dags/tutorial.py for tasks to queue
[2023-03-07 12:09:16,198] {logging_mixin.py:115} INFO - [2023-03-07 12:09:16,198] {dagbag.py:507} INFO - Filling up the DagBag from /home/veri-pc/.local/lib/python3.10/site-packages/airflow/example_dags/tutorial.py
[2023-03-07 12:09:16,206] {processor.py:651} INFO - DAG(s) dict_keys(['tutorial']) retrieved from /home/veri-pc/.local/lib/python3.10/site-packages/airflow/example_dags/tutorial.py
[2023-03-07 12:09:16,218] {logging_mixin.py:115} INFO - [2023-03-07 12:09:16,218] {dag.py:2379} INFO - Sync 1 DAGs
[2023-03-07 12:09:16,229] {logging_mixin.py:115} INFO - [2023-03-07 12:09:16,229] {dag.py:2927} INFO - Setting next_dagrun for tutorial to 2023-03-06T15:09:16.229299+00:00, run_after=2023-03-07T15:09:16.229299+00:00
[2023-03-07 12:09:16,237] {processor.py:161} INFO - Processing /home/veri-pc/.local/lib/python3.10/site-packages/airflow/example_dags/tutorial.py took 0.043 seconds
[2023-03-07 12:09:50,225] {processor.py:153} INFO - Started process (PID=40956) to work on /home/veri-pc/.local/lib/python3.10/site-packages/airflow/example_dags/tutorial.py
[2023-03-07 12:09:50,227] {processor.py:641} INFO - Processing file /home/veri-pc/.local/lib/python3.10/site-packages/airflow/example_dags/tutorial.py for tasks to queue
[2023-03-07 12:09:50,228] {logging_mixin.py:115} INFO - [2023-03-07 12:09:50,228] {dagbag.py:507} INFO - Filling up the DagBag from /home/veri-pc/.local/lib/python3.10/site-packages/airflow/example_dags/tutorial.py
[2023-03-07 12:09:50,242] {processor.py:651} INFO - DAG(s) dict_keys(['tutorial']) retrieved from /home/veri-pc/.local/lib/python3.10/site-packages/airflow/example_dags/tutorial.py
[2023-03-07 12:09:50,254] {logging_mixin.py:115} INFO - [2023-03-07 12:09:50,254] {dag.py:2379} INFO - Sync 1 DAGs
[2023-03-07 12:09:50,266] {logging_mixin.py:115} INFO - [2023-03-07 12:09:50,266] {dag.py:2927} INFO - Setting next_dagrun for tutorial to 2023-03-06T15:09:50.266162+00:00, run_after=2023-03-07T15:09:50.266162+00:00
[2023-03-07 12:09:50,273] {processor.py:161} INFO - Processing /home/veri-pc/.local/lib/python3.10/site-packages/airflow/example_dags/tutorial.py took 0.056 seconds
[2023-03-07 12:10:24,203] {processor.py:153} INFO - Started process (PID=41037) to work on /home/veri-pc/.local/lib/python3.10/site-packages/airflow/example_dags/tutorial.py
[2023-03-07 12:10:24,205] {processor.py:641} INFO - Processing file /home/veri-pc/.local/lib/python3.10/site-packages/airflow/example_dags/tutorial.py for tasks to queue
[2023-03-07 12:10:24,206] {logging_mixin.py:115} INFO - [2023-03-07 12:10:24,206] {dagbag.py:507} INFO - Filling up the DagBag from /home/veri-pc/.local/lib/python3.10/site-packages/airflow/example_dags/tutorial.py
[2023-03-07 12:10:24,223] {processor.py:651} INFO - DAG(s) dict_keys(['tutorial']) retrieved from /home/veri-pc/.local/lib/python3.10/site-packages/airflow/example_dags/tutorial.py
[2023-03-07 12:10:24,241] {logging_mixin.py:115} INFO - [2023-03-07 12:10:24,241] {dag.py:2379} INFO - Sync 1 DAGs
[2023-03-07 12:10:24,253] {logging_mixin.py:115} INFO - [2023-03-07 12:10:24,253] {dag.py:2927} INFO - Setting next_dagrun for tutorial to 2023-03-06T15:10:24.253570+00:00, run_after=2023-03-07T15:10:24.253570+00:00
[2023-03-07 12:10:24,262] {processor.py:161} INFO - Processing /home/veri-pc/.local/lib/python3.10/site-packages/airflow/example_dags/tutorial.py took 0.065 seconds
[2023-03-07 12:10:57,242] {processor.py:153} INFO - Started process (PID=41120) to work on /home/veri-pc/.local/lib/python3.10/site-packages/airflow/example_dags/tutorial.py
[2023-03-07 12:10:57,243] {processor.py:641} INFO - Processing file /home/veri-pc/.local/lib/python3.10/site-packages/airflow/example_dags/tutorial.py for tasks to queue
[2023-03-07 12:10:57,244] {logging_mixin.py:115} INFO - [2023-03-07 12:10:57,244] {dagbag.py:507} INFO - Filling up the DagBag from /home/veri-pc/.local/lib/python3.10/site-packages/airflow/example_dags/tutorial.py
[2023-03-07 12:10:57,261] {processor.py:651} INFO - DAG(s) dict_keys(['tutorial']) retrieved from /home/veri-pc/.local/lib/python3.10/site-packages/airflow/example_dags/tutorial.py
[2023-03-07 12:10:57,276] {logging_mixin.py:115} INFO - [2023-03-07 12:10:57,276] {dag.py:2379} INFO - Sync 1 DAGs
[2023-03-07 12:10:57,288] {logging_mixin.py:115} INFO - [2023-03-07 12:10:57,288] {dag.py:2927} INFO - Setting next_dagrun for tutorial to 2023-03-06T15:10:57.288253+00:00, run_after=2023-03-07T15:10:57.288253+00:00
[2023-03-07 12:10:57,295] {processor.py:161} INFO - Processing /home/veri-pc/.local/lib/python3.10/site-packages/airflow/example_dags/tutorial.py took 0.062 seconds
[2023-03-07 12:11:44,863] {processor.py:153} INFO - Started process (PID=41346) to work on /home/veri-pc/.local/lib/python3.10/site-packages/airflow/example_dags/tutorial.py
[2023-03-07 12:11:44,864] {processor.py:641} INFO - Processing file /home/veri-pc/.local/lib/python3.10/site-packages/airflow/example_dags/tutorial.py for tasks to queue
[2023-03-07 12:11:44,864] {logging_mixin.py:115} INFO - [2023-03-07 12:11:44,864] {dagbag.py:507} INFO - Filling up the DagBag from /home/veri-pc/.local/lib/python3.10/site-packages/airflow/example_dags/tutorial.py
[2023-03-07 12:11:44,870] {processor.py:651} INFO - DAG(s) dict_keys(['tutorial']) retrieved from /home/veri-pc/.local/lib/python3.10/site-packages/airflow/example_dags/tutorial.py
[2023-03-07 12:11:44,880] {logging_mixin.py:115} INFO - [2023-03-07 12:11:44,880] {dag.py:2379} INFO - Sync 1 DAGs
[2023-03-07 12:11:44,895] {logging_mixin.py:115} INFO - [2023-03-07 12:11:44,895] {dag.py:2927} INFO - Setting next_dagrun for tutorial to 2023-03-06T15:11:44.895531+00:00, run_after=2023-03-07T15:11:44.895531+00:00
[2023-03-07 12:11:44,907] {processor.py:161} INFO - Processing /home/veri-pc/.local/lib/python3.10/site-packages/airflow/example_dags/tutorial.py took 0.045 seconds
[2023-03-07 12:12:17,706] {processor.py:153} INFO - Started process (PID=41430) to work on /home/veri-pc/.local/lib/python3.10/site-packages/airflow/example_dags/tutorial.py
[2023-03-07 12:12:17,706] {processor.py:641} INFO - Processing file /home/veri-pc/.local/lib/python3.10/site-packages/airflow/example_dags/tutorial.py for tasks to queue
[2023-03-07 12:12:17,707] {logging_mixin.py:115} INFO - [2023-03-07 12:12:17,707] {dagbag.py:507} INFO - Filling up the DagBag from /home/veri-pc/.local/lib/python3.10/site-packages/airflow/example_dags/tutorial.py
[2023-03-07 12:12:17,715] {processor.py:651} INFO - DAG(s) dict_keys(['tutorial']) retrieved from /home/veri-pc/.local/lib/python3.10/site-packages/airflow/example_dags/tutorial.py
[2023-03-07 12:12:17,730] {logging_mixin.py:115} INFO - [2023-03-07 12:12:17,730] {dag.py:2379} INFO - Sync 1 DAGs
[2023-03-07 12:12:17,744] {logging_mixin.py:115} INFO - [2023-03-07 12:12:17,744] {dag.py:2927} INFO - Setting next_dagrun for tutorial to 2023-03-06T15:12:17.744161+00:00, run_after=2023-03-07T15:12:17.744161+00:00
[2023-03-07 12:12:17,755] {processor.py:161} INFO - Processing /home/veri-pc/.local/lib/python3.10/site-packages/airflow/example_dags/tutorial.py took 0.053 seconds
[2023-03-07 12:12:54,281] {processor.py:153} INFO - Started process (PID=41539) to work on /home/veri-pc/.local/lib/python3.10/site-packages/airflow/example_dags/tutorial.py
[2023-03-07 12:12:54,282] {processor.py:641} INFO - Processing file /home/veri-pc/.local/lib/python3.10/site-packages/airflow/example_dags/tutorial.py for tasks to queue
[2023-03-07 12:12:54,283] {logging_mixin.py:115} INFO - [2023-03-07 12:12:54,283] {dagbag.py:507} INFO - Filling up the DagBag from /home/veri-pc/.local/lib/python3.10/site-packages/airflow/example_dags/tutorial.py
[2023-03-07 12:12:54,291] {processor.py:651} INFO - DAG(s) dict_keys(['tutorial']) retrieved from /home/veri-pc/.local/lib/python3.10/site-packages/airflow/example_dags/tutorial.py
[2023-03-07 12:12:54,308] {logging_mixin.py:115} INFO - [2023-03-07 12:12:54,307] {dag.py:2379} INFO - Sync 1 DAGs
[2023-03-07 12:12:54,323] {logging_mixin.py:115} INFO - [2023-03-07 12:12:54,323] {dag.py:2927} INFO - Setting next_dagrun for tutorial to 2023-03-06T15:12:54.323022+00:00, run_after=2023-03-07T15:12:54.323022+00:00
[2023-03-07 12:12:54,515] {processor.py:161} INFO - Processing /home/veri-pc/.local/lib/python3.10/site-packages/airflow/example_dags/tutorial.py took 0.241 seconds
