[2023-03-07 08:40:51,481] {processor.py:153} INFO - Started process (PID=8161) to work on /home/veri-pc/.local/lib/python3.10/site-packages/airflow/example_dags/tutorial_taskflow_api_etl_virtualenv.py
[2023-03-07 08:40:51,482] {processor.py:641} INFO - Processing file /home/veri-pc/.local/lib/python3.10/site-packages/airflow/example_dags/tutorial_taskflow_api_etl_virtualenv.py for tasks to queue
[2023-03-07 08:40:51,484] {logging_mixin.py:115} INFO - [2023-03-07 08:40:51,483] {dagbag.py:507} INFO - Filling up the DagBag from /home/veri-pc/.local/lib/python3.10/site-packages/airflow/example_dags/tutorial_taskflow_api_etl_virtualenv.py
[2023-03-07 08:40:51,515] {processor.py:651} INFO - DAG(s) dict_keys(['tutorial_taskflow_api_etl_virtualenv']) retrieved from /home/veri-pc/.local/lib/python3.10/site-packages/airflow/example_dags/tutorial_taskflow_api_etl_virtualenv.py
[2023-03-07 08:40:51,553] {logging_mixin.py:115} INFO - [2023-03-07 08:40:51,553] {manager.py:508} INFO - Created Permission View: can delete on DAG:tutorial_taskflow_api_etl_virtualenv
[2023-03-07 08:40:51,559] {logging_mixin.py:115} INFO - [2023-03-07 08:40:51,559] {manager.py:508} INFO - Created Permission View: can read on DAG:tutorial_taskflow_api_etl_virtualenv
[2023-03-07 08:40:51,564] {logging_mixin.py:115} INFO - [2023-03-07 08:40:51,563] {manager.py:508} INFO - Created Permission View: can edit on DAG:tutorial_taskflow_api_etl_virtualenv
[2023-03-07 08:40:51,564] {logging_mixin.py:115} INFO - [2023-03-07 08:40:51,564] {dag.py:2379} INFO - Sync 1 DAGs
[2023-03-07 08:40:51,568] {logging_mixin.py:115} INFO - [2023-03-07 08:40:51,568] {dag.py:2398} INFO - Creating ORM DAG for tutorial_taskflow_api_etl_virtualenv
[2023-03-07 08:40:51,574] {logging_mixin.py:115} INFO - [2023-03-07 08:40:51,574] {dag.py:2927} INFO - Setting next_dagrun for tutorial_taskflow_api_etl_virtualenv to None, run_after=None
[2023-03-07 08:40:51,582] {processor.py:161} INFO - Processing /home/veri-pc/.local/lib/python3.10/site-packages/airflow/example_dags/tutorial_taskflow_api_etl_virtualenv.py took 0.108 seconds
[2023-03-07 08:41:24,548] {processor.py:153} INFO - Started process (PID=8240) to work on /home/veri-pc/.local/lib/python3.10/site-packages/airflow/example_dags/tutorial_taskflow_api_etl_virtualenv.py
[2023-03-07 08:41:24,550] {processor.py:641} INFO - Processing file /home/veri-pc/.local/lib/python3.10/site-packages/airflow/example_dags/tutorial_taskflow_api_etl_virtualenv.py for tasks to queue
[2023-03-07 08:41:24,551] {logging_mixin.py:115} INFO - [2023-03-07 08:41:24,551] {dagbag.py:507} INFO - Filling up the DagBag from /home/veri-pc/.local/lib/python3.10/site-packages/airflow/example_dags/tutorial_taskflow_api_etl_virtualenv.py
[2023-03-07 08:41:24,583] {processor.py:651} INFO - DAG(s) dict_keys(['tutorial_taskflow_api_etl_virtualenv']) retrieved from /home/veri-pc/.local/lib/python3.10/site-packages/airflow/example_dags/tutorial_taskflow_api_etl_virtualenv.py
[2023-03-07 08:41:24,609] {logging_mixin.py:115} INFO - [2023-03-07 08:41:24,609] {dag.py:2379} INFO - Sync 1 DAGs
[2023-03-07 08:41:24,618] {logging_mixin.py:115} INFO - [2023-03-07 08:41:24,618] {dag.py:2927} INFO - Setting next_dagrun for tutorial_taskflow_api_etl_virtualenv to None, run_after=None
[2023-03-07 08:41:24,626] {processor.py:161} INFO - Processing /home/veri-pc/.local/lib/python3.10/site-packages/airflow/example_dags/tutorial_taskflow_api_etl_virtualenv.py took 0.084 seconds
[2023-03-07 08:41:57,150] {processor.py:153} INFO - Started process (PID=8300) to work on /home/veri-pc/.local/lib/python3.10/site-packages/airflow/example_dags/tutorial_taskflow_api_etl_virtualenv.py
[2023-03-07 08:41:57,152] {processor.py:641} INFO - Processing file /home/veri-pc/.local/lib/python3.10/site-packages/airflow/example_dags/tutorial_taskflow_api_etl_virtualenv.py for tasks to queue
[2023-03-07 08:41:57,154] {logging_mixin.py:115} INFO - [2023-03-07 08:41:57,153] {dagbag.py:507} INFO - Filling up the DagBag from /home/veri-pc/.local/lib/python3.10/site-packages/airflow/example_dags/tutorial_taskflow_api_etl_virtualenv.py
[2023-03-07 08:41:57,191] {processor.py:651} INFO - DAG(s) dict_keys(['tutorial_taskflow_api_etl_virtualenv']) retrieved from /home/veri-pc/.local/lib/python3.10/site-packages/airflow/example_dags/tutorial_taskflow_api_etl_virtualenv.py
[2023-03-07 08:41:57,202] {logging_mixin.py:115} INFO - [2023-03-07 08:41:57,202] {dag.py:2379} INFO - Sync 1 DAGs
[2023-03-07 08:41:57,213] {logging_mixin.py:115} INFO - [2023-03-07 08:41:57,213] {dag.py:2927} INFO - Setting next_dagrun for tutorial_taskflow_api_etl_virtualenv to None, run_after=None
[2023-03-07 08:41:57,221] {processor.py:161} INFO - Processing /home/veri-pc/.local/lib/python3.10/site-packages/airflow/example_dags/tutorial_taskflow_api_etl_virtualenv.py took 0.079 seconds
[2023-03-07 08:42:30,159] {processor.py:153} INFO - Started process (PID=8369) to work on /home/veri-pc/.local/lib/python3.10/site-packages/airflow/example_dags/tutorial_taskflow_api_etl_virtualenv.py
[2023-03-07 08:42:30,160] {processor.py:641} INFO - Processing file /home/veri-pc/.local/lib/python3.10/site-packages/airflow/example_dags/tutorial_taskflow_api_etl_virtualenv.py for tasks to queue
[2023-03-07 08:42:30,161] {logging_mixin.py:115} INFO - [2023-03-07 08:42:30,161] {dagbag.py:507} INFO - Filling up the DagBag from /home/veri-pc/.local/lib/python3.10/site-packages/airflow/example_dags/tutorial_taskflow_api_etl_virtualenv.py
[2023-03-07 08:42:30,190] {processor.py:651} INFO - DAG(s) dict_keys(['tutorial_taskflow_api_etl_virtualenv']) retrieved from /home/veri-pc/.local/lib/python3.10/site-packages/airflow/example_dags/tutorial_taskflow_api_etl_virtualenv.py
[2023-03-07 08:42:30,200] {logging_mixin.py:115} INFO - [2023-03-07 08:42:30,200] {dag.py:2379} INFO - Sync 1 DAGs
[2023-03-07 08:42:30,210] {logging_mixin.py:115} INFO - [2023-03-07 08:42:30,210] {dag.py:2927} INFO - Setting next_dagrun for tutorial_taskflow_api_etl_virtualenv to None, run_after=None
[2023-03-07 08:42:30,218] {processor.py:161} INFO - Processing /home/veri-pc/.local/lib/python3.10/site-packages/airflow/example_dags/tutorial_taskflow_api_etl_virtualenv.py took 0.063 seconds
[2023-03-07 08:43:03,324] {processor.py:153} INFO - Started process (PID=8434) to work on /home/veri-pc/.local/lib/python3.10/site-packages/airflow/example_dags/tutorial_taskflow_api_etl_virtualenv.py
[2023-03-07 08:43:03,326] {processor.py:641} INFO - Processing file /home/veri-pc/.local/lib/python3.10/site-packages/airflow/example_dags/tutorial_taskflow_api_etl_virtualenv.py for tasks to queue
[2023-03-07 08:43:03,327] {logging_mixin.py:115} INFO - [2023-03-07 08:43:03,327] {dagbag.py:507} INFO - Filling up the DagBag from /home/veri-pc/.local/lib/python3.10/site-packages/airflow/example_dags/tutorial_taskflow_api_etl_virtualenv.py
[2023-03-07 08:43:03,361] {processor.py:651} INFO - DAG(s) dict_keys(['tutorial_taskflow_api_etl_virtualenv']) retrieved from /home/veri-pc/.local/lib/python3.10/site-packages/airflow/example_dags/tutorial_taskflow_api_etl_virtualenv.py
[2023-03-07 08:43:03,389] {logging_mixin.py:115} INFO - [2023-03-07 08:43:03,389] {dag.py:2379} INFO - Sync 1 DAGs
[2023-03-07 08:43:03,398] {logging_mixin.py:115} INFO - [2023-03-07 08:43:03,397] {dag.py:2927} INFO - Setting next_dagrun for tutorial_taskflow_api_etl_virtualenv to None, run_after=None
[2023-03-07 08:43:03,406] {processor.py:161} INFO - Processing /home/veri-pc/.local/lib/python3.10/site-packages/airflow/example_dags/tutorial_taskflow_api_etl_virtualenv.py took 0.088 seconds
[2023-03-07 08:43:37,502] {processor.py:153} INFO - Started process (PID=8516) to work on /home/veri-pc/.local/lib/python3.10/site-packages/airflow/example_dags/tutorial_taskflow_api_etl_virtualenv.py
[2023-03-07 08:43:37,503] {processor.py:641} INFO - Processing file /home/veri-pc/.local/lib/python3.10/site-packages/airflow/example_dags/tutorial_taskflow_api_etl_virtualenv.py for tasks to queue
[2023-03-07 08:43:37,504] {logging_mixin.py:115} INFO - [2023-03-07 08:43:37,504] {dagbag.py:507} INFO - Filling up the DagBag from /home/veri-pc/.local/lib/python3.10/site-packages/airflow/example_dags/tutorial_taskflow_api_etl_virtualenv.py
[2023-03-07 08:43:37,535] {processor.py:651} INFO - DAG(s) dict_keys(['tutorial_taskflow_api_etl_virtualenv']) retrieved from /home/veri-pc/.local/lib/python3.10/site-packages/airflow/example_dags/tutorial_taskflow_api_etl_virtualenv.py
[2023-03-07 08:43:37,563] {logging_mixin.py:115} INFO - [2023-03-07 08:43:37,563] {dag.py:2379} INFO - Sync 1 DAGs
[2023-03-07 08:43:37,572] {logging_mixin.py:115} INFO - [2023-03-07 08:43:37,572] {dag.py:2927} INFO - Setting next_dagrun for tutorial_taskflow_api_etl_virtualenv to None, run_after=None
[2023-03-07 08:43:37,581] {processor.py:161} INFO - Processing /home/veri-pc/.local/lib/python3.10/site-packages/airflow/example_dags/tutorial_taskflow_api_etl_virtualenv.py took 0.086 seconds
[2023-03-07 08:44:07,876] {processor.py:153} INFO - Started process (PID=8580) to work on /home/veri-pc/.local/lib/python3.10/site-packages/airflow/example_dags/tutorial_taskflow_api_etl_virtualenv.py
[2023-03-07 08:44:07,876] {processor.py:641} INFO - Processing file /home/veri-pc/.local/lib/python3.10/site-packages/airflow/example_dags/tutorial_taskflow_api_etl_virtualenv.py for tasks to queue
[2023-03-07 08:44:07,877] {logging_mixin.py:115} INFO - [2023-03-07 08:44:07,877] {dagbag.py:507} INFO - Filling up the DagBag from /home/veri-pc/.local/lib/python3.10/site-packages/airflow/example_dags/tutorial_taskflow_api_etl_virtualenv.py
[2023-03-07 08:44:07,889] {processor.py:651} INFO - DAG(s) dict_keys(['tutorial_taskflow_api_etl_virtualenv']) retrieved from /home/veri-pc/.local/lib/python3.10/site-packages/airflow/example_dags/tutorial_taskflow_api_etl_virtualenv.py
[2023-03-07 08:44:07,920] {logging_mixin.py:115} INFO - [2023-03-07 08:44:07,920] {dag.py:2379} INFO - Sync 1 DAGs
[2023-03-07 08:44:07,931] {logging_mixin.py:115} INFO - [2023-03-07 08:44:07,931] {dag.py:2927} INFO - Setting next_dagrun for tutorial_taskflow_api_etl_virtualenv to None, run_after=None
[2023-03-07 08:44:07,939] {processor.py:161} INFO - Processing /home/veri-pc/.local/lib/python3.10/site-packages/airflow/example_dags/tutorial_taskflow_api_etl_virtualenv.py took 0.065 seconds
[2023-03-07 08:44:41,608] {processor.py:153} INFO - Started process (PID=8658) to work on /home/veri-pc/.local/lib/python3.10/site-packages/airflow/example_dags/tutorial_taskflow_api_etl_virtualenv.py
[2023-03-07 08:44:41,609] {processor.py:641} INFO - Processing file /home/veri-pc/.local/lib/python3.10/site-packages/airflow/example_dags/tutorial_taskflow_api_etl_virtualenv.py for tasks to queue
[2023-03-07 08:44:41,610] {logging_mixin.py:115} INFO - [2023-03-07 08:44:41,610] {dagbag.py:507} INFO - Filling up the DagBag from /home/veri-pc/.local/lib/python3.10/site-packages/airflow/example_dags/tutorial_taskflow_api_etl_virtualenv.py
[2023-03-07 08:44:41,633] {processor.py:651} INFO - DAG(s) dict_keys(['tutorial_taskflow_api_etl_virtualenv']) retrieved from /home/veri-pc/.local/lib/python3.10/site-packages/airflow/example_dags/tutorial_taskflow_api_etl_virtualenv.py
[2023-03-07 08:44:41,657] {logging_mixin.py:115} INFO - [2023-03-07 08:44:41,657] {dag.py:2379} INFO - Sync 1 DAGs
[2023-03-07 08:44:41,666] {logging_mixin.py:115} INFO - [2023-03-07 08:44:41,666] {dag.py:2927} INFO - Setting next_dagrun for tutorial_taskflow_api_etl_virtualenv to None, run_after=None
[2023-03-07 08:44:41,674] {processor.py:161} INFO - Processing /home/veri-pc/.local/lib/python3.10/site-packages/airflow/example_dags/tutorial_taskflow_api_etl_virtualenv.py took 0.072 seconds
[2023-03-07 08:45:13,454] {processor.py:153} INFO - Started process (PID=8724) to work on /home/veri-pc/.local/lib/python3.10/site-packages/airflow/example_dags/tutorial_taskflow_api_etl_virtualenv.py
[2023-03-07 08:45:13,455] {processor.py:641} INFO - Processing file /home/veri-pc/.local/lib/python3.10/site-packages/airflow/example_dags/tutorial_taskflow_api_etl_virtualenv.py for tasks to queue
[2023-03-07 08:45:13,456] {logging_mixin.py:115} INFO - [2023-03-07 08:45:13,456] {dagbag.py:507} INFO - Filling up the DagBag from /home/veri-pc/.local/lib/python3.10/site-packages/airflow/example_dags/tutorial_taskflow_api_etl_virtualenv.py
[2023-03-07 08:45:13,488] {processor.py:651} INFO - DAG(s) dict_keys(['tutorial_taskflow_api_etl_virtualenv']) retrieved from /home/veri-pc/.local/lib/python3.10/site-packages/airflow/example_dags/tutorial_taskflow_api_etl_virtualenv.py
[2023-03-07 08:45:13,498] {logging_mixin.py:115} INFO - [2023-03-07 08:45:13,498] {dag.py:2379} INFO - Sync 1 DAGs
[2023-03-07 08:45:13,509] {logging_mixin.py:115} INFO - [2023-03-07 08:45:13,508] {dag.py:2927} INFO - Setting next_dagrun for tutorial_taskflow_api_etl_virtualenv to None, run_after=None
[2023-03-07 08:45:13,517] {processor.py:161} INFO - Processing /home/veri-pc/.local/lib/python3.10/site-packages/airflow/example_dags/tutorial_taskflow_api_etl_virtualenv.py took 0.069 seconds
[2023-03-07 08:45:46,557] {processor.py:153} INFO - Started process (PID=8799) to work on /home/veri-pc/.local/lib/python3.10/site-packages/airflow/example_dags/tutorial_taskflow_api_etl_virtualenv.py
[2023-03-07 08:45:46,558] {processor.py:641} INFO - Processing file /home/veri-pc/.local/lib/python3.10/site-packages/airflow/example_dags/tutorial_taskflow_api_etl_virtualenv.py for tasks to queue
[2023-03-07 08:45:46,559] {logging_mixin.py:115} INFO - [2023-03-07 08:45:46,559] {dagbag.py:507} INFO - Filling up the DagBag from /home/veri-pc/.local/lib/python3.10/site-packages/airflow/example_dags/tutorial_taskflow_api_etl_virtualenv.py
[2023-03-07 08:45:46,587] {processor.py:651} INFO - DAG(s) dict_keys(['tutorial_taskflow_api_etl_virtualenv']) retrieved from /home/veri-pc/.local/lib/python3.10/site-packages/airflow/example_dags/tutorial_taskflow_api_etl_virtualenv.py
[2023-03-07 08:45:46,616] {logging_mixin.py:115} INFO - [2023-03-07 08:45:46,616] {dag.py:2379} INFO - Sync 1 DAGs
[2023-03-07 08:45:46,625] {logging_mixin.py:115} INFO - [2023-03-07 08:45:46,625] {dag.py:2927} INFO - Setting next_dagrun for tutorial_taskflow_api_etl_virtualenv to None, run_after=None
[2023-03-07 08:45:46,636] {processor.py:161} INFO - Processing /home/veri-pc/.local/lib/python3.10/site-packages/airflow/example_dags/tutorial_taskflow_api_etl_virtualenv.py took 0.086 seconds
[2023-03-07 08:46:20,685] {processor.py:153} INFO - Started process (PID=8871) to work on /home/veri-pc/.local/lib/python3.10/site-packages/airflow/example_dags/tutorial_taskflow_api_etl_virtualenv.py
[2023-03-07 08:46:20,686] {processor.py:641} INFO - Processing file /home/veri-pc/.local/lib/python3.10/site-packages/airflow/example_dags/tutorial_taskflow_api_etl_virtualenv.py for tasks to queue
[2023-03-07 08:46:20,687] {logging_mixin.py:115} INFO - [2023-03-07 08:46:20,687] {dagbag.py:507} INFO - Filling up the DagBag from /home/veri-pc/.local/lib/python3.10/site-packages/airflow/example_dags/tutorial_taskflow_api_etl_virtualenv.py
[2023-03-07 08:46:20,710] {processor.py:651} INFO - DAG(s) dict_keys(['tutorial_taskflow_api_etl_virtualenv']) retrieved from /home/veri-pc/.local/lib/python3.10/site-packages/airflow/example_dags/tutorial_taskflow_api_etl_virtualenv.py
[2023-03-07 08:46:20,721] {logging_mixin.py:115} INFO - [2023-03-07 08:46:20,721] {dag.py:2379} INFO - Sync 1 DAGs
[2023-03-07 08:46:20,731] {logging_mixin.py:115} INFO - [2023-03-07 08:46:20,731] {dag.py:2927} INFO - Setting next_dagrun for tutorial_taskflow_api_etl_virtualenv to None, run_after=None
[2023-03-07 08:46:20,739] {processor.py:161} INFO - Processing /home/veri-pc/.local/lib/python3.10/site-packages/airflow/example_dags/tutorial_taskflow_api_etl_virtualenv.py took 0.061 seconds
[2023-03-07 08:46:52,974] {processor.py:153} INFO - Started process (PID=8963) to work on /home/veri-pc/.local/lib/python3.10/site-packages/airflow/example_dags/tutorial_taskflow_api_etl_virtualenv.py
[2023-03-07 08:46:52,975] {processor.py:641} INFO - Processing file /home/veri-pc/.local/lib/python3.10/site-packages/airflow/example_dags/tutorial_taskflow_api_etl_virtualenv.py for tasks to queue
[2023-03-07 08:46:52,976] {logging_mixin.py:115} INFO - [2023-03-07 08:46:52,975] {dagbag.py:507} INFO - Filling up the DagBag from /home/veri-pc/.local/lib/python3.10/site-packages/airflow/example_dags/tutorial_taskflow_api_etl_virtualenv.py
[2023-03-07 08:46:52,999] {processor.py:651} INFO - DAG(s) dict_keys(['tutorial_taskflow_api_etl_virtualenv']) retrieved from /home/veri-pc/.local/lib/python3.10/site-packages/airflow/example_dags/tutorial_taskflow_api_etl_virtualenv.py
[2023-03-07 08:46:53,012] {logging_mixin.py:115} INFO - [2023-03-07 08:46:53,012] {dag.py:2379} INFO - Sync 1 DAGs
[2023-03-07 08:46:53,023] {logging_mixin.py:115} INFO - [2023-03-07 08:46:53,023] {dag.py:2927} INFO - Setting next_dagrun for tutorial_taskflow_api_etl_virtualenv to None, run_after=None
[2023-03-07 08:46:53,032] {processor.py:161} INFO - Processing /home/veri-pc/.local/lib/python3.10/site-packages/airflow/example_dags/tutorial_taskflow_api_etl_virtualenv.py took 0.061 seconds
[2023-03-07 08:47:25,508] {processor.py:153} INFO - Started process (PID=9043) to work on /home/veri-pc/.local/lib/python3.10/site-packages/airflow/example_dags/tutorial_taskflow_api_etl_virtualenv.py
[2023-03-07 08:47:25,510] {processor.py:641} INFO - Processing file /home/veri-pc/.local/lib/python3.10/site-packages/airflow/example_dags/tutorial_taskflow_api_etl_virtualenv.py for tasks to queue
[2023-03-07 08:47:25,511] {logging_mixin.py:115} INFO - [2023-03-07 08:47:25,511] {dagbag.py:507} INFO - Filling up the DagBag from /home/veri-pc/.local/lib/python3.10/site-packages/airflow/example_dags/tutorial_taskflow_api_etl_virtualenv.py
[2023-03-07 08:47:25,538] {processor.py:651} INFO - DAG(s) dict_keys(['tutorial_taskflow_api_etl_virtualenv']) retrieved from /home/veri-pc/.local/lib/python3.10/site-packages/airflow/example_dags/tutorial_taskflow_api_etl_virtualenv.py
[2023-03-07 08:47:25,549] {logging_mixin.py:115} INFO - [2023-03-07 08:47:25,549] {dag.py:2379} INFO - Sync 1 DAGs
[2023-03-07 08:47:25,559] {logging_mixin.py:115} INFO - [2023-03-07 08:47:25,559] {dag.py:2927} INFO - Setting next_dagrun for tutorial_taskflow_api_etl_virtualenv to None, run_after=None
[2023-03-07 08:47:25,567] {processor.py:161} INFO - Processing /home/veri-pc/.local/lib/python3.10/site-packages/airflow/example_dags/tutorial_taskflow_api_etl_virtualenv.py took 0.066 seconds
[2023-03-07 08:47:58,596] {processor.py:153} INFO - Started process (PID=9140) to work on /home/veri-pc/.local/lib/python3.10/site-packages/airflow/example_dags/tutorial_taskflow_api_etl_virtualenv.py
[2023-03-07 08:47:58,597] {processor.py:641} INFO - Processing file /home/veri-pc/.local/lib/python3.10/site-packages/airflow/example_dags/tutorial_taskflow_api_etl_virtualenv.py for tasks to queue
[2023-03-07 08:47:58,598] {logging_mixin.py:115} INFO - [2023-03-07 08:47:58,598] {dagbag.py:507} INFO - Filling up the DagBag from /home/veri-pc/.local/lib/python3.10/site-packages/airflow/example_dags/tutorial_taskflow_api_etl_virtualenv.py
[2023-03-07 08:47:58,618] {processor.py:651} INFO - DAG(s) dict_keys(['tutorial_taskflow_api_etl_virtualenv']) retrieved from /home/veri-pc/.local/lib/python3.10/site-packages/airflow/example_dags/tutorial_taskflow_api_etl_virtualenv.py
[2023-03-07 08:47:58,629] {logging_mixin.py:115} INFO - [2023-03-07 08:47:58,629] {dag.py:2379} INFO - Sync 1 DAGs
[2023-03-07 08:47:58,640] {logging_mixin.py:115} INFO - [2023-03-07 08:47:58,640] {dag.py:2927} INFO - Setting next_dagrun for tutorial_taskflow_api_etl_virtualenv to None, run_after=None
[2023-03-07 08:47:58,652] {processor.py:161} INFO - Processing /home/veri-pc/.local/lib/python3.10/site-packages/airflow/example_dags/tutorial_taskflow_api_etl_virtualenv.py took 0.060 seconds
[2023-03-07 08:48:33,439] {processor.py:153} INFO - Started process (PID=9228) to work on /home/veri-pc/.local/lib/python3.10/site-packages/airflow/example_dags/tutorial_taskflow_api_etl_virtualenv.py
[2023-03-07 08:48:33,440] {processor.py:641} INFO - Processing file /home/veri-pc/.local/lib/python3.10/site-packages/airflow/example_dags/tutorial_taskflow_api_etl_virtualenv.py for tasks to queue
[2023-03-07 08:48:33,441] {logging_mixin.py:115} INFO - [2023-03-07 08:48:33,441] {dagbag.py:507} INFO - Filling up the DagBag from /home/veri-pc/.local/lib/python3.10/site-packages/airflow/example_dags/tutorial_taskflow_api_etl_virtualenv.py
[2023-03-07 08:48:33,473] {processor.py:651} INFO - DAG(s) dict_keys(['tutorial_taskflow_api_etl_virtualenv']) retrieved from /home/veri-pc/.local/lib/python3.10/site-packages/airflow/example_dags/tutorial_taskflow_api_etl_virtualenv.py
[2023-03-07 08:48:33,507] {logging_mixin.py:115} INFO - [2023-03-07 08:48:33,507] {dag.py:2379} INFO - Sync 1 DAGs
[2023-03-07 08:48:33,515] {logging_mixin.py:115} INFO - [2023-03-07 08:48:33,515] {dag.py:2927} INFO - Setting next_dagrun for tutorial_taskflow_api_etl_virtualenv to None, run_after=None
[2023-03-07 08:48:33,524] {processor.py:161} INFO - Processing /home/veri-pc/.local/lib/python3.10/site-packages/airflow/example_dags/tutorial_taskflow_api_etl_virtualenv.py took 0.093 seconds
[2023-03-07 08:49:04,256] {processor.py:153} INFO - Started process (PID=9296) to work on /home/veri-pc/.local/lib/python3.10/site-packages/airflow/example_dags/tutorial_taskflow_api_etl_virtualenv.py
[2023-03-07 08:49:04,258] {processor.py:641} INFO - Processing file /home/veri-pc/.local/lib/python3.10/site-packages/airflow/example_dags/tutorial_taskflow_api_etl_virtualenv.py for tasks to queue
[2023-03-07 08:49:04,258] {logging_mixin.py:115} INFO - [2023-03-07 08:49:04,258] {dagbag.py:507} INFO - Filling up the DagBag from /home/veri-pc/.local/lib/python3.10/site-packages/airflow/example_dags/tutorial_taskflow_api_etl_virtualenv.py
[2023-03-07 08:49:04,274] {processor.py:651} INFO - DAG(s) dict_keys(['tutorial_taskflow_api_etl_virtualenv']) retrieved from /home/veri-pc/.local/lib/python3.10/site-packages/airflow/example_dags/tutorial_taskflow_api_etl_virtualenv.py
[2023-03-07 08:49:04,300] {logging_mixin.py:115} INFO - [2023-03-07 08:49:04,300] {dag.py:2379} INFO - Sync 1 DAGs
[2023-03-07 08:49:04,310] {logging_mixin.py:115} INFO - [2023-03-07 08:49:04,309] {dag.py:2927} INFO - Setting next_dagrun for tutorial_taskflow_api_etl_virtualenv to None, run_after=None
[2023-03-07 08:49:04,318] {processor.py:161} INFO - Processing /home/veri-pc/.local/lib/python3.10/site-packages/airflow/example_dags/tutorial_taskflow_api_etl_virtualenv.py took 0.065 seconds
[2023-03-07 08:49:37,369] {processor.py:153} INFO - Started process (PID=9390) to work on /home/veri-pc/.local/lib/python3.10/site-packages/airflow/example_dags/tutorial_taskflow_api_etl_virtualenv.py
[2023-03-07 08:49:37,371] {processor.py:641} INFO - Processing file /home/veri-pc/.local/lib/python3.10/site-packages/airflow/example_dags/tutorial_taskflow_api_etl_virtualenv.py for tasks to queue
[2023-03-07 08:49:37,372] {logging_mixin.py:115} INFO - [2023-03-07 08:49:37,372] {dagbag.py:507} INFO - Filling up the DagBag from /home/veri-pc/.local/lib/python3.10/site-packages/airflow/example_dags/tutorial_taskflow_api_etl_virtualenv.py
[2023-03-07 08:49:37,398] {processor.py:651} INFO - DAG(s) dict_keys(['tutorial_taskflow_api_etl_virtualenv']) retrieved from /home/veri-pc/.local/lib/python3.10/site-packages/airflow/example_dags/tutorial_taskflow_api_etl_virtualenv.py
[2023-03-07 08:49:37,410] {logging_mixin.py:115} INFO - [2023-03-07 08:49:37,409] {dag.py:2379} INFO - Sync 1 DAGs
[2023-03-07 08:49:37,420] {logging_mixin.py:115} INFO - [2023-03-07 08:49:37,420] {dag.py:2927} INFO - Setting next_dagrun for tutorial_taskflow_api_etl_virtualenv to None, run_after=None
[2023-03-07 08:49:37,427] {processor.py:161} INFO - Processing /home/veri-pc/.local/lib/python3.10/site-packages/airflow/example_dags/tutorial_taskflow_api_etl_virtualenv.py took 0.064 seconds
[2023-03-07 08:50:09,260] {processor.py:153} INFO - Started process (PID=9493) to work on /home/veri-pc/.local/lib/python3.10/site-packages/airflow/example_dags/tutorial_taskflow_api_etl_virtualenv.py
[2023-03-07 08:50:09,262] {processor.py:641} INFO - Processing file /home/veri-pc/.local/lib/python3.10/site-packages/airflow/example_dags/tutorial_taskflow_api_etl_virtualenv.py for tasks to queue
[2023-03-07 08:50:09,263] {logging_mixin.py:115} INFO - [2023-03-07 08:50:09,263] {dagbag.py:507} INFO - Filling up the DagBag from /home/veri-pc/.local/lib/python3.10/site-packages/airflow/example_dags/tutorial_taskflow_api_etl_virtualenv.py
[2023-03-07 08:50:09,294] {processor.py:651} INFO - DAG(s) dict_keys(['tutorial_taskflow_api_etl_virtualenv']) retrieved from /home/veri-pc/.local/lib/python3.10/site-packages/airflow/example_dags/tutorial_taskflow_api_etl_virtualenv.py
[2023-03-07 08:50:09,304] {logging_mixin.py:115} INFO - [2023-03-07 08:50:09,304] {dag.py:2379} INFO - Sync 1 DAGs
[2023-03-07 08:50:09,314] {logging_mixin.py:115} INFO - [2023-03-07 08:50:09,314] {dag.py:2927} INFO - Setting next_dagrun for tutorial_taskflow_api_etl_virtualenv to None, run_after=None
[2023-03-07 08:50:09,322] {processor.py:161} INFO - Processing /home/veri-pc/.local/lib/python3.10/site-packages/airflow/example_dags/tutorial_taskflow_api_etl_virtualenv.py took 0.068 seconds
[2023-03-07 08:50:42,772] {processor.py:153} INFO - Started process (PID=9573) to work on /home/veri-pc/.local/lib/python3.10/site-packages/airflow/example_dags/tutorial_taskflow_api_etl_virtualenv.py
[2023-03-07 08:50:42,773] {processor.py:641} INFO - Processing file /home/veri-pc/.local/lib/python3.10/site-packages/airflow/example_dags/tutorial_taskflow_api_etl_virtualenv.py for tasks to queue
[2023-03-07 08:50:42,773] {logging_mixin.py:115} INFO - [2023-03-07 08:50:42,773] {dagbag.py:507} INFO - Filling up the DagBag from /home/veri-pc/.local/lib/python3.10/site-packages/airflow/example_dags/tutorial_taskflow_api_etl_virtualenv.py
[2023-03-07 08:50:42,799] {processor.py:651} INFO - DAG(s) dict_keys(['tutorial_taskflow_api_etl_virtualenv']) retrieved from /home/veri-pc/.local/lib/python3.10/site-packages/airflow/example_dags/tutorial_taskflow_api_etl_virtualenv.py
[2023-03-07 08:50:42,828] {logging_mixin.py:115} INFO - [2023-03-07 08:50:42,828] {dag.py:2379} INFO - Sync 1 DAGs
[2023-03-07 08:50:42,837] {logging_mixin.py:115} INFO - [2023-03-07 08:50:42,837] {dag.py:2927} INFO - Setting next_dagrun for tutorial_taskflow_api_etl_virtualenv to None, run_after=None
[2023-03-07 08:50:42,846] {processor.py:161} INFO - Processing /home/veri-pc/.local/lib/python3.10/site-packages/airflow/example_dags/tutorial_taskflow_api_etl_virtualenv.py took 0.078 seconds
[2023-03-07 08:51:16,568] {processor.py:153} INFO - Started process (PID=9670) to work on /home/veri-pc/.local/lib/python3.10/site-packages/airflow/example_dags/tutorial_taskflow_api_etl_virtualenv.py
[2023-03-07 08:51:16,569] {processor.py:641} INFO - Processing file /home/veri-pc/.local/lib/python3.10/site-packages/airflow/example_dags/tutorial_taskflow_api_etl_virtualenv.py for tasks to queue
[2023-03-07 08:51:16,570] {logging_mixin.py:115} INFO - [2023-03-07 08:51:16,570] {dagbag.py:507} INFO - Filling up the DagBag from /home/veri-pc/.local/lib/python3.10/site-packages/airflow/example_dags/tutorial_taskflow_api_etl_virtualenv.py
[2023-03-07 08:51:16,590] {processor.py:651} INFO - DAG(s) dict_keys(['tutorial_taskflow_api_etl_virtualenv']) retrieved from /home/veri-pc/.local/lib/python3.10/site-packages/airflow/example_dags/tutorial_taskflow_api_etl_virtualenv.py
[2023-03-07 08:51:16,600] {logging_mixin.py:115} INFO - [2023-03-07 08:51:16,600] {dag.py:2379} INFO - Sync 1 DAGs
[2023-03-07 08:51:16,611] {logging_mixin.py:115} INFO - [2023-03-07 08:51:16,611] {dag.py:2927} INFO - Setting next_dagrun for tutorial_taskflow_api_etl_virtualenv to None, run_after=None
[2023-03-07 08:51:16,619] {processor.py:161} INFO - Processing /home/veri-pc/.local/lib/python3.10/site-packages/airflow/example_dags/tutorial_taskflow_api_etl_virtualenv.py took 0.058 seconds
[2023-03-07 08:51:48,658] {processor.py:153} INFO - Started process (PID=9775) to work on /home/veri-pc/.local/lib/python3.10/site-packages/airflow/example_dags/tutorial_taskflow_api_etl_virtualenv.py
[2023-03-07 08:51:48,659] {processor.py:641} INFO - Processing file /home/veri-pc/.local/lib/python3.10/site-packages/airflow/example_dags/tutorial_taskflow_api_etl_virtualenv.py for tasks to queue
[2023-03-07 08:51:48,659] {logging_mixin.py:115} INFO - [2023-03-07 08:51:48,659] {dagbag.py:507} INFO - Filling up the DagBag from /home/veri-pc/.local/lib/python3.10/site-packages/airflow/example_dags/tutorial_taskflow_api_etl_virtualenv.py
[2023-03-07 08:51:48,675] {processor.py:651} INFO - DAG(s) dict_keys(['tutorial_taskflow_api_etl_virtualenv']) retrieved from /home/veri-pc/.local/lib/python3.10/site-packages/airflow/example_dags/tutorial_taskflow_api_etl_virtualenv.py
[2023-03-07 08:51:48,686] {logging_mixin.py:115} INFO - [2023-03-07 08:51:48,686] {dag.py:2379} INFO - Sync 1 DAGs
[2023-03-07 08:51:48,698] {logging_mixin.py:115} INFO - [2023-03-07 08:51:48,698] {dag.py:2927} INFO - Setting next_dagrun for tutorial_taskflow_api_etl_virtualenv to None, run_after=None
[2023-03-07 08:51:48,706] {processor.py:161} INFO - Processing /home/veri-pc/.local/lib/python3.10/site-packages/airflow/example_dags/tutorial_taskflow_api_etl_virtualenv.py took 0.049 seconds
[2023-03-07 08:52:21,779] {processor.py:153} INFO - Started process (PID=9847) to work on /home/veri-pc/.local/lib/python3.10/site-packages/airflow/example_dags/tutorial_taskflow_api_etl_virtualenv.py
[2023-03-07 08:52:21,779] {processor.py:641} INFO - Processing file /home/veri-pc/.local/lib/python3.10/site-packages/airflow/example_dags/tutorial_taskflow_api_etl_virtualenv.py for tasks to queue
[2023-03-07 08:52:21,780] {logging_mixin.py:115} INFO - [2023-03-07 08:52:21,780] {dagbag.py:507} INFO - Filling up the DagBag from /home/veri-pc/.local/lib/python3.10/site-packages/airflow/example_dags/tutorial_taskflow_api_etl_virtualenv.py
[2023-03-07 08:52:21,795] {processor.py:651} INFO - DAG(s) dict_keys(['tutorial_taskflow_api_etl_virtualenv']) retrieved from /home/veri-pc/.local/lib/python3.10/site-packages/airflow/example_dags/tutorial_taskflow_api_etl_virtualenv.py
[2023-03-07 08:52:21,807] {logging_mixin.py:115} INFO - [2023-03-07 08:52:21,807] {dag.py:2379} INFO - Sync 1 DAGs
[2023-03-07 08:52:21,827] {logging_mixin.py:115} INFO - [2023-03-07 08:52:21,827] {dag.py:2927} INFO - Setting next_dagrun for tutorial_taskflow_api_etl_virtualenv to None, run_after=None
[2023-03-07 08:52:21,837] {processor.py:161} INFO - Processing /home/veri-pc/.local/lib/python3.10/site-packages/airflow/example_dags/tutorial_taskflow_api_etl_virtualenv.py took 0.063 seconds
[2023-03-07 08:52:56,417] {processor.py:153} INFO - Started process (PID=9953) to work on /home/veri-pc/.local/lib/python3.10/site-packages/airflow/example_dags/tutorial_taskflow_api_etl_virtualenv.py
[2023-03-07 08:52:56,423] {processor.py:641} INFO - Processing file /home/veri-pc/.local/lib/python3.10/site-packages/airflow/example_dags/tutorial_taskflow_api_etl_virtualenv.py for tasks to queue
[2023-03-07 08:52:56,424] {logging_mixin.py:115} INFO - [2023-03-07 08:52:56,424] {dagbag.py:507} INFO - Filling up the DagBag from /home/veri-pc/.local/lib/python3.10/site-packages/airflow/example_dags/tutorial_taskflow_api_etl_virtualenv.py
[2023-03-07 08:52:56,441] {processor.py:651} INFO - DAG(s) dict_keys(['tutorial_taskflow_api_etl_virtualenv']) retrieved from /home/veri-pc/.local/lib/python3.10/site-packages/airflow/example_dags/tutorial_taskflow_api_etl_virtualenv.py
[2023-03-07 08:52:56,452] {logging_mixin.py:115} INFO - [2023-03-07 08:52:56,452] {dag.py:2379} INFO - Sync 1 DAGs
[2023-03-07 08:52:56,464] {logging_mixin.py:115} INFO - [2023-03-07 08:52:56,464] {dag.py:2927} INFO - Setting next_dagrun for tutorial_taskflow_api_etl_virtualenv to None, run_after=None
[2023-03-07 08:52:56,611] {processor.py:161} INFO - Processing /home/veri-pc/.local/lib/python3.10/site-packages/airflow/example_dags/tutorial_taskflow_api_etl_virtualenv.py took 0.198 seconds
[2023-03-07 08:53:36,429] {processor.py:153} INFO - Started process (PID=10042) to work on /home/veri-pc/.local/lib/python3.10/site-packages/airflow/example_dags/tutorial_taskflow_api_etl_virtualenv.py
[2023-03-07 08:53:36,430] {processor.py:641} INFO - Processing file /home/veri-pc/.local/lib/python3.10/site-packages/airflow/example_dags/tutorial_taskflow_api_etl_virtualenv.py for tasks to queue
[2023-03-07 08:53:36,430] {logging_mixin.py:115} INFO - [2023-03-07 08:53:36,430] {dagbag.py:507} INFO - Filling up the DagBag from /home/veri-pc/.local/lib/python3.10/site-packages/airflow/example_dags/tutorial_taskflow_api_etl_virtualenv.py
[2023-03-07 08:53:36,453] {processor.py:651} INFO - DAG(s) dict_keys(['tutorial_taskflow_api_etl_virtualenv']) retrieved from /home/veri-pc/.local/lib/python3.10/site-packages/airflow/example_dags/tutorial_taskflow_api_etl_virtualenv.py
[2023-03-07 08:53:36,464] {logging_mixin.py:115} INFO - [2023-03-07 08:53:36,464] {dag.py:2379} INFO - Sync 1 DAGs
[2023-03-07 08:53:36,474] {logging_mixin.py:115} INFO - [2023-03-07 08:53:36,474] {dag.py:2927} INFO - Setting next_dagrun for tutorial_taskflow_api_etl_virtualenv to None, run_after=None
[2023-03-07 08:53:36,482] {processor.py:161} INFO - Processing /home/veri-pc/.local/lib/python3.10/site-packages/airflow/example_dags/tutorial_taskflow_api_etl_virtualenv.py took 0.058 seconds
[2023-03-07 08:54:07,905] {processor.py:153} INFO - Started process (PID=10124) to work on /home/veri-pc/.local/lib/python3.10/site-packages/airflow/example_dags/tutorial_taskflow_api_etl_virtualenv.py
[2023-03-07 08:54:07,906] {processor.py:641} INFO - Processing file /home/veri-pc/.local/lib/python3.10/site-packages/airflow/example_dags/tutorial_taskflow_api_etl_virtualenv.py for tasks to queue
[2023-03-07 08:54:07,906] {logging_mixin.py:115} INFO - [2023-03-07 08:54:07,906] {dagbag.py:507} INFO - Filling up the DagBag from /home/veri-pc/.local/lib/python3.10/site-packages/airflow/example_dags/tutorial_taskflow_api_etl_virtualenv.py
[2023-03-07 08:54:07,916] {processor.py:651} INFO - DAG(s) dict_keys(['tutorial_taskflow_api_etl_virtualenv']) retrieved from /home/veri-pc/.local/lib/python3.10/site-packages/airflow/example_dags/tutorial_taskflow_api_etl_virtualenv.py
[2023-03-07 08:54:07,924] {logging_mixin.py:115} INFO - [2023-03-07 08:54:07,924] {dag.py:2379} INFO - Sync 1 DAGs
[2023-03-07 08:54:07,935] {logging_mixin.py:115} INFO - [2023-03-07 08:54:07,935] {dag.py:2927} INFO - Setting next_dagrun for tutorial_taskflow_api_etl_virtualenv to None, run_after=None
[2023-03-07 08:54:07,943] {processor.py:161} INFO - Processing /home/veri-pc/.local/lib/python3.10/site-packages/airflow/example_dags/tutorial_taskflow_api_etl_virtualenv.py took 0.039 seconds
[2023-03-07 08:54:37,967] {processor.py:153} INFO - Started process (PID=10592) to work on /home/veri-pc/.local/lib/python3.10/site-packages/airflow/example_dags/tutorial_taskflow_api_etl_virtualenv.py
[2023-03-07 08:54:37,967] {processor.py:641} INFO - Processing file /home/veri-pc/.local/lib/python3.10/site-packages/airflow/example_dags/tutorial_taskflow_api_etl_virtualenv.py for tasks to queue
[2023-03-07 08:54:37,968] {logging_mixin.py:115} INFO - [2023-03-07 08:54:37,968] {dagbag.py:507} INFO - Filling up the DagBag from /home/veri-pc/.local/lib/python3.10/site-packages/airflow/example_dags/tutorial_taskflow_api_etl_virtualenv.py
[2023-03-07 08:54:37,982] {processor.py:651} INFO - DAG(s) dict_keys(['tutorial_taskflow_api_etl_virtualenv']) retrieved from /home/veri-pc/.local/lib/python3.10/site-packages/airflow/example_dags/tutorial_taskflow_api_etl_virtualenv.py
[2023-03-07 08:54:38,032] {logging_mixin.py:115} INFO - [2023-03-07 08:54:38,031] {dag.py:2379} INFO - Sync 1 DAGs
[2023-03-07 08:54:38,049] {logging_mixin.py:115} INFO - [2023-03-07 08:54:38,049] {dag.py:2927} INFO - Setting next_dagrun for tutorial_taskflow_api_etl_virtualenv to None, run_after=None
[2023-03-07 08:54:38,064] {processor.py:161} INFO - Processing /home/veri-pc/.local/lib/python3.10/site-packages/airflow/example_dags/tutorial_taskflow_api_etl_virtualenv.py took 0.098 seconds
[2023-03-07 08:55:08,893] {processor.py:153} INFO - Started process (PID=10896) to work on /home/veri-pc/.local/lib/python3.10/site-packages/airflow/example_dags/tutorial_taskflow_api_etl_virtualenv.py
[2023-03-07 08:55:08,895] {processor.py:641} INFO - Processing file /home/veri-pc/.local/lib/python3.10/site-packages/airflow/example_dags/tutorial_taskflow_api_etl_virtualenv.py for tasks to queue
[2023-03-07 08:55:08,896] {logging_mixin.py:115} INFO - [2023-03-07 08:55:08,896] {dagbag.py:507} INFO - Filling up the DagBag from /home/veri-pc/.local/lib/python3.10/site-packages/airflow/example_dags/tutorial_taskflow_api_etl_virtualenv.py
[2023-03-07 08:55:08,919] {processor.py:651} INFO - DAG(s) dict_keys(['tutorial_taskflow_api_etl_virtualenv']) retrieved from /home/veri-pc/.local/lib/python3.10/site-packages/airflow/example_dags/tutorial_taskflow_api_etl_virtualenv.py
[2023-03-07 08:55:08,946] {logging_mixin.py:115} INFO - [2023-03-07 08:55:08,946] {dag.py:2379} INFO - Sync 1 DAGs
[2023-03-07 08:55:08,954] {logging_mixin.py:115} INFO - [2023-03-07 08:55:08,954] {dag.py:2927} INFO - Setting next_dagrun for tutorial_taskflow_api_etl_virtualenv to None, run_after=None
[2023-03-07 08:55:08,964] {processor.py:161} INFO - Processing /home/veri-pc/.local/lib/python3.10/site-packages/airflow/example_dags/tutorial_taskflow_api_etl_virtualenv.py took 0.078 seconds
[2023-03-07 08:55:43,061] {processor.py:153} INFO - Started process (PID=10969) to work on /home/veri-pc/.local/lib/python3.10/site-packages/airflow/example_dags/tutorial_taskflow_api_etl_virtualenv.py
[2023-03-07 08:55:43,063] {processor.py:641} INFO - Processing file /home/veri-pc/.local/lib/python3.10/site-packages/airflow/example_dags/tutorial_taskflow_api_etl_virtualenv.py for tasks to queue
[2023-03-07 08:55:43,064] {logging_mixin.py:115} INFO - [2023-03-07 08:55:43,064] {dagbag.py:507} INFO - Filling up the DagBag from /home/veri-pc/.local/lib/python3.10/site-packages/airflow/example_dags/tutorial_taskflow_api_etl_virtualenv.py
[2023-03-07 08:55:43,089] {processor.py:651} INFO - DAG(s) dict_keys(['tutorial_taskflow_api_etl_virtualenv']) retrieved from /home/veri-pc/.local/lib/python3.10/site-packages/airflow/example_dags/tutorial_taskflow_api_etl_virtualenv.py
[2023-03-07 08:55:43,099] {logging_mixin.py:115} INFO - [2023-03-07 08:55:43,099] {dag.py:2379} INFO - Sync 1 DAGs
[2023-03-07 08:55:43,110] {logging_mixin.py:115} INFO - [2023-03-07 08:55:43,110] {dag.py:2927} INFO - Setting next_dagrun for tutorial_taskflow_api_etl_virtualenv to None, run_after=None
[2023-03-07 08:55:43,140] {processor.py:161} INFO - Processing /home/veri-pc/.local/lib/python3.10/site-packages/airflow/example_dags/tutorial_taskflow_api_etl_virtualenv.py took 0.085 seconds
[2023-03-07 08:56:16,629] {processor.py:153} INFO - Started process (PID=11034) to work on /home/veri-pc/.local/lib/python3.10/site-packages/airflow/example_dags/tutorial_taskflow_api_etl_virtualenv.py
[2023-03-07 08:56:16,630] {processor.py:641} INFO - Processing file /home/veri-pc/.local/lib/python3.10/site-packages/airflow/example_dags/tutorial_taskflow_api_etl_virtualenv.py for tasks to queue
[2023-03-07 08:56:16,631] {logging_mixin.py:115} INFO - [2023-03-07 08:56:16,631] {dagbag.py:507} INFO - Filling up the DagBag from /home/veri-pc/.local/lib/python3.10/site-packages/airflow/example_dags/tutorial_taskflow_api_etl_virtualenv.py
[2023-03-07 08:56:16,662] {processor.py:651} INFO - DAG(s) dict_keys(['tutorial_taskflow_api_etl_virtualenv']) retrieved from /home/veri-pc/.local/lib/python3.10/site-packages/airflow/example_dags/tutorial_taskflow_api_etl_virtualenv.py
[2023-03-07 08:56:16,674] {logging_mixin.py:115} INFO - [2023-03-07 08:56:16,674] {dag.py:2379} INFO - Sync 1 DAGs
[2023-03-07 08:56:16,685] {logging_mixin.py:115} INFO - [2023-03-07 08:56:16,685] {dag.py:2927} INFO - Setting next_dagrun for tutorial_taskflow_api_etl_virtualenv to None, run_after=None
[2023-03-07 08:56:16,692] {processor.py:161} INFO - Processing /home/veri-pc/.local/lib/python3.10/site-packages/airflow/example_dags/tutorial_taskflow_api_etl_virtualenv.py took 0.070 seconds
[2023-03-07 09:01:57,496] {processor.py:153} INFO - Started process (PID=11870) to work on /home/veri-pc/.local/lib/python3.10/site-packages/airflow/example_dags/tutorial_taskflow_api_etl_virtualenv.py
[2023-03-07 09:01:57,498] {processor.py:641} INFO - Processing file /home/veri-pc/.local/lib/python3.10/site-packages/airflow/example_dags/tutorial_taskflow_api_etl_virtualenv.py for tasks to queue
[2023-03-07 09:01:57,499] {logging_mixin.py:115} INFO - [2023-03-07 09:01:57,499] {dagbag.py:507} INFO - Filling up the DagBag from /home/veri-pc/.local/lib/python3.10/site-packages/airflow/example_dags/tutorial_taskflow_api_etl_virtualenv.py
[2023-03-07 09:01:57,529] {processor.py:651} INFO - DAG(s) dict_keys(['tutorial_taskflow_api_etl_virtualenv']) retrieved from /home/veri-pc/.local/lib/python3.10/site-packages/airflow/example_dags/tutorial_taskflow_api_etl_virtualenv.py
[2023-03-07 09:01:57,557] {logging_mixin.py:115} INFO - [2023-03-07 09:01:57,557] {dag.py:2379} INFO - Sync 1 DAGs
[2023-03-07 09:01:57,566] {logging_mixin.py:115} INFO - [2023-03-07 09:01:57,566] {dag.py:2927} INFO - Setting next_dagrun for tutorial_taskflow_api_etl_virtualenv to None, run_after=None
[2023-03-07 09:01:57,575] {processor.py:161} INFO - Processing /home/veri-pc/.local/lib/python3.10/site-packages/airflow/example_dags/tutorial_taskflow_api_etl_virtualenv.py took 0.085 seconds
[2023-03-07 09:02:28,620] {processor.py:153} INFO - Started process (PID=11961) to work on /home/veri-pc/.local/lib/python3.10/site-packages/airflow/example_dags/tutorial_taskflow_api_etl_virtualenv.py
[2023-03-07 09:02:28,621] {processor.py:641} INFO - Processing file /home/veri-pc/.local/lib/python3.10/site-packages/airflow/example_dags/tutorial_taskflow_api_etl_virtualenv.py for tasks to queue
[2023-03-07 09:02:28,622] {logging_mixin.py:115} INFO - [2023-03-07 09:02:28,622] {dagbag.py:507} INFO - Filling up the DagBag from /home/veri-pc/.local/lib/python3.10/site-packages/airflow/example_dags/tutorial_taskflow_api_etl_virtualenv.py
[2023-03-07 09:02:28,646] {processor.py:651} INFO - DAG(s) dict_keys(['tutorial_taskflow_api_etl_virtualenv']) retrieved from /home/veri-pc/.local/lib/python3.10/site-packages/airflow/example_dags/tutorial_taskflow_api_etl_virtualenv.py
[2023-03-07 09:02:28,680] {logging_mixin.py:115} INFO - [2023-03-07 09:02:28,680] {dag.py:2379} INFO - Sync 1 DAGs
[2023-03-07 09:02:28,692] {logging_mixin.py:115} INFO - [2023-03-07 09:02:28,691] {dag.py:2927} INFO - Setting next_dagrun for tutorial_taskflow_api_etl_virtualenv to None, run_after=None
[2023-03-07 09:02:28,701] {processor.py:161} INFO - Processing /home/veri-pc/.local/lib/python3.10/site-packages/airflow/example_dags/tutorial_taskflow_api_etl_virtualenv.py took 0.084 seconds
[2023-03-07 09:03:01,722] {processor.py:153} INFO - Started process (PID=12037) to work on /home/veri-pc/.local/lib/python3.10/site-packages/airflow/example_dags/tutorial_taskflow_api_etl_virtualenv.py
[2023-03-07 09:03:01,722] {processor.py:641} INFO - Processing file /home/veri-pc/.local/lib/python3.10/site-packages/airflow/example_dags/tutorial_taskflow_api_etl_virtualenv.py for tasks to queue
[2023-03-07 09:03:01,723] {logging_mixin.py:115} INFO - [2023-03-07 09:03:01,723] {dagbag.py:507} INFO - Filling up the DagBag from /home/veri-pc/.local/lib/python3.10/site-packages/airflow/example_dags/tutorial_taskflow_api_etl_virtualenv.py
[2023-03-07 09:03:01,749] {processor.py:651} INFO - DAG(s) dict_keys(['tutorial_taskflow_api_etl_virtualenv']) retrieved from /home/veri-pc/.local/lib/python3.10/site-packages/airflow/example_dags/tutorial_taskflow_api_etl_virtualenv.py
[2023-03-07 09:03:01,762] {logging_mixin.py:115} INFO - [2023-03-07 09:03:01,762] {dag.py:2379} INFO - Sync 1 DAGs
[2023-03-07 09:03:01,773] {logging_mixin.py:115} INFO - [2023-03-07 09:03:01,773] {dag.py:2927} INFO - Setting next_dagrun for tutorial_taskflow_api_etl_virtualenv to None, run_after=None
[2023-03-07 09:03:01,781] {processor.py:161} INFO - Processing /home/veri-pc/.local/lib/python3.10/site-packages/airflow/example_dags/tutorial_taskflow_api_etl_virtualenv.py took 0.063 seconds
[2023-03-07 09:03:33,962] {processor.py:153} INFO - Started process (PID=12207) to work on /home/veri-pc/.local/lib/python3.10/site-packages/airflow/example_dags/tutorial_taskflow_api_etl_virtualenv.py
[2023-03-07 09:03:33,963] {processor.py:641} INFO - Processing file /home/veri-pc/.local/lib/python3.10/site-packages/airflow/example_dags/tutorial_taskflow_api_etl_virtualenv.py for tasks to queue
[2023-03-07 09:03:33,964] {logging_mixin.py:115} INFO - [2023-03-07 09:03:33,964] {dagbag.py:507} INFO - Filling up the DagBag from /home/veri-pc/.local/lib/python3.10/site-packages/airflow/example_dags/tutorial_taskflow_api_etl_virtualenv.py
[2023-03-07 09:03:33,995] {processor.py:651} INFO - DAG(s) dict_keys(['tutorial_taskflow_api_etl_virtualenv']) retrieved from /home/veri-pc/.local/lib/python3.10/site-packages/airflow/example_dags/tutorial_taskflow_api_etl_virtualenv.py
[2023-03-07 09:03:34,023] {logging_mixin.py:115} INFO - [2023-03-07 09:03:34,023] {dag.py:2379} INFO - Sync 1 DAGs
[2023-03-07 09:03:34,032] {logging_mixin.py:115} INFO - [2023-03-07 09:03:34,032] {dag.py:2927} INFO - Setting next_dagrun for tutorial_taskflow_api_etl_virtualenv to None, run_after=None
[2023-03-07 09:03:34,040] {processor.py:161} INFO - Processing /home/veri-pc/.local/lib/python3.10/site-packages/airflow/example_dags/tutorial_taskflow_api_etl_virtualenv.py took 0.084 seconds
[2023-03-07 09:04:07,233] {processor.py:153} INFO - Started process (PID=12283) to work on /home/veri-pc/.local/lib/python3.10/site-packages/airflow/example_dags/tutorial_taskflow_api_etl_virtualenv.py
[2023-03-07 09:04:07,234] {processor.py:641} INFO - Processing file /home/veri-pc/.local/lib/python3.10/site-packages/airflow/example_dags/tutorial_taskflow_api_etl_virtualenv.py for tasks to queue
[2023-03-07 09:04:07,235] {logging_mixin.py:115} INFO - [2023-03-07 09:04:07,234] {dagbag.py:507} INFO - Filling up the DagBag from /home/veri-pc/.local/lib/python3.10/site-packages/airflow/example_dags/tutorial_taskflow_api_etl_virtualenv.py
[2023-03-07 09:04:07,254] {processor.py:651} INFO - DAG(s) dict_keys(['tutorial_taskflow_api_etl_virtualenv']) retrieved from /home/veri-pc/.local/lib/python3.10/site-packages/airflow/example_dags/tutorial_taskflow_api_etl_virtualenv.py
[2023-03-07 09:04:07,301] {logging_mixin.py:115} INFO - [2023-03-07 09:04:07,301] {dag.py:2379} INFO - Sync 1 DAGs
[2023-03-07 09:04:07,313] {logging_mixin.py:115} INFO - [2023-03-07 09:04:07,313] {dag.py:2927} INFO - Setting next_dagrun for tutorial_taskflow_api_etl_virtualenv to None, run_after=None
[2023-03-07 09:04:07,325] {processor.py:161} INFO - Processing /home/veri-pc/.local/lib/python3.10/site-packages/airflow/example_dags/tutorial_taskflow_api_etl_virtualenv.py took 0.097 seconds
[2023-03-07 09:04:41,496] {processor.py:153} INFO - Started process (PID=12365) to work on /home/veri-pc/.local/lib/python3.10/site-packages/airflow/example_dags/tutorial_taskflow_api_etl_virtualenv.py
[2023-03-07 09:04:41,497] {processor.py:641} INFO - Processing file /home/veri-pc/.local/lib/python3.10/site-packages/airflow/example_dags/tutorial_taskflow_api_etl_virtualenv.py for tasks to queue
[2023-03-07 09:04:41,498] {logging_mixin.py:115} INFO - [2023-03-07 09:04:41,498] {dagbag.py:507} INFO - Filling up the DagBag from /home/veri-pc/.local/lib/python3.10/site-packages/airflow/example_dags/tutorial_taskflow_api_etl_virtualenv.py
[2023-03-07 09:04:41,518] {processor.py:651} INFO - DAG(s) dict_keys(['tutorial_taskflow_api_etl_virtualenv']) retrieved from /home/veri-pc/.local/lib/python3.10/site-packages/airflow/example_dags/tutorial_taskflow_api_etl_virtualenv.py
[2023-03-07 09:04:41,528] {logging_mixin.py:115} INFO - [2023-03-07 09:04:41,528] {dag.py:2379} INFO - Sync 1 DAGs
[2023-03-07 09:04:41,538] {logging_mixin.py:115} INFO - [2023-03-07 09:04:41,538] {dag.py:2927} INFO - Setting next_dagrun for tutorial_taskflow_api_etl_virtualenv to None, run_after=None
[2023-03-07 09:04:41,546] {processor.py:161} INFO - Processing /home/veri-pc/.local/lib/python3.10/site-packages/airflow/example_dags/tutorial_taskflow_api_etl_virtualenv.py took 0.057 seconds
[2023-03-07 09:05:14,379] {processor.py:153} INFO - Started process (PID=12451) to work on /home/veri-pc/.local/lib/python3.10/site-packages/airflow/example_dags/tutorial_taskflow_api_etl_virtualenv.py
[2023-03-07 09:05:14,380] {processor.py:641} INFO - Processing file /home/veri-pc/.local/lib/python3.10/site-packages/airflow/example_dags/tutorial_taskflow_api_etl_virtualenv.py for tasks to queue
[2023-03-07 09:05:14,381] {logging_mixin.py:115} INFO - [2023-03-07 09:05:14,381] {dagbag.py:507} INFO - Filling up the DagBag from /home/veri-pc/.local/lib/python3.10/site-packages/airflow/example_dags/tutorial_taskflow_api_etl_virtualenv.py
[2023-03-07 09:05:14,409] {processor.py:651} INFO - DAG(s) dict_keys(['tutorial_taskflow_api_etl_virtualenv']) retrieved from /home/veri-pc/.local/lib/python3.10/site-packages/airflow/example_dags/tutorial_taskflow_api_etl_virtualenv.py
[2023-03-07 09:05:14,419] {logging_mixin.py:115} INFO - [2023-03-07 09:05:14,419] {dag.py:2379} INFO - Sync 1 DAGs
[2023-03-07 09:05:14,432] {logging_mixin.py:115} INFO - [2023-03-07 09:05:14,432] {dag.py:2927} INFO - Setting next_dagrun for tutorial_taskflow_api_etl_virtualenv to None, run_after=None
[2023-03-07 09:05:14,439] {processor.py:161} INFO - Processing /home/veri-pc/.local/lib/python3.10/site-packages/airflow/example_dags/tutorial_taskflow_api_etl_virtualenv.py took 0.067 seconds
[2023-03-07 09:05:46,844] {processor.py:153} INFO - Started process (PID=12518) to work on /home/veri-pc/.local/lib/python3.10/site-packages/airflow/example_dags/tutorial_taskflow_api_etl_virtualenv.py
[2023-03-07 09:05:46,846] {processor.py:641} INFO - Processing file /home/veri-pc/.local/lib/python3.10/site-packages/airflow/example_dags/tutorial_taskflow_api_etl_virtualenv.py for tasks to queue
[2023-03-07 09:05:46,847] {logging_mixin.py:115} INFO - [2023-03-07 09:05:46,846] {dagbag.py:507} INFO - Filling up the DagBag from /home/veri-pc/.local/lib/python3.10/site-packages/airflow/example_dags/tutorial_taskflow_api_etl_virtualenv.py
[2023-03-07 09:05:46,873] {processor.py:651} INFO - DAG(s) dict_keys(['tutorial_taskflow_api_etl_virtualenv']) retrieved from /home/veri-pc/.local/lib/python3.10/site-packages/airflow/example_dags/tutorial_taskflow_api_etl_virtualenv.py
[2023-03-07 09:05:46,884] {logging_mixin.py:115} INFO - [2023-03-07 09:05:46,884] {dag.py:2379} INFO - Sync 1 DAGs
[2023-03-07 09:05:46,895] {logging_mixin.py:115} INFO - [2023-03-07 09:05:46,895] {dag.py:2927} INFO - Setting next_dagrun for tutorial_taskflow_api_etl_virtualenv to None, run_after=None
[2023-03-07 09:05:46,902] {processor.py:161} INFO - Processing /home/veri-pc/.local/lib/python3.10/site-packages/airflow/example_dags/tutorial_taskflow_api_etl_virtualenv.py took 0.065 seconds
[2023-03-07 09:06:21,776] {processor.py:153} INFO - Started process (PID=12590) to work on /home/veri-pc/.local/lib/python3.10/site-packages/airflow/example_dags/tutorial_taskflow_api_etl_virtualenv.py
[2023-03-07 09:06:21,777] {processor.py:641} INFO - Processing file /home/veri-pc/.local/lib/python3.10/site-packages/airflow/example_dags/tutorial_taskflow_api_etl_virtualenv.py for tasks to queue
[2023-03-07 09:06:21,779] {logging_mixin.py:115} INFO - [2023-03-07 09:06:21,778] {dagbag.py:507} INFO - Filling up the DagBag from /home/veri-pc/.local/lib/python3.10/site-packages/airflow/example_dags/tutorial_taskflow_api_etl_virtualenv.py
[2023-03-07 09:06:21,809] {processor.py:651} INFO - DAG(s) dict_keys(['tutorial_taskflow_api_etl_virtualenv']) retrieved from /home/veri-pc/.local/lib/python3.10/site-packages/airflow/example_dags/tutorial_taskflow_api_etl_virtualenv.py
[2023-03-07 09:06:21,820] {logging_mixin.py:115} INFO - [2023-03-07 09:06:21,820] {dag.py:2379} INFO - Sync 1 DAGs
[2023-03-07 09:06:21,831] {logging_mixin.py:115} INFO - [2023-03-07 09:06:21,831] {dag.py:2927} INFO - Setting next_dagrun for tutorial_taskflow_api_etl_virtualenv to None, run_after=None
[2023-03-07 09:06:21,838] {processor.py:161} INFO - Processing /home/veri-pc/.local/lib/python3.10/site-packages/airflow/example_dags/tutorial_taskflow_api_etl_virtualenv.py took 0.068 seconds
[2023-03-07 09:06:52,600] {processor.py:153} INFO - Started process (PID=12655) to work on /home/veri-pc/.local/lib/python3.10/site-packages/airflow/example_dags/tutorial_taskflow_api_etl_virtualenv.py
[2023-03-07 09:06:52,601] {processor.py:641} INFO - Processing file /home/veri-pc/.local/lib/python3.10/site-packages/airflow/example_dags/tutorial_taskflow_api_etl_virtualenv.py for tasks to queue
[2023-03-07 09:06:52,602] {logging_mixin.py:115} INFO - [2023-03-07 09:06:52,602] {dagbag.py:507} INFO - Filling up the DagBag from /home/veri-pc/.local/lib/python3.10/site-packages/airflow/example_dags/tutorial_taskflow_api_etl_virtualenv.py
[2023-03-07 09:06:52,628] {processor.py:651} INFO - DAG(s) dict_keys(['tutorial_taskflow_api_etl_virtualenv']) retrieved from /home/veri-pc/.local/lib/python3.10/site-packages/airflow/example_dags/tutorial_taskflow_api_etl_virtualenv.py
[2023-03-07 09:06:52,656] {logging_mixin.py:115} INFO - [2023-03-07 09:06:52,656] {dag.py:2379} INFO - Sync 1 DAGs
[2023-03-07 09:06:52,664] {logging_mixin.py:115} INFO - [2023-03-07 09:06:52,664] {dag.py:2927} INFO - Setting next_dagrun for tutorial_taskflow_api_etl_virtualenv to None, run_after=None
[2023-03-07 09:06:52,673] {processor.py:161} INFO - Processing /home/veri-pc/.local/lib/python3.10/site-packages/airflow/example_dags/tutorial_taskflow_api_etl_virtualenv.py took 0.080 seconds
[2023-03-07 09:07:26,290] {processor.py:153} INFO - Started process (PID=12734) to work on /home/veri-pc/.local/lib/python3.10/site-packages/airflow/example_dags/tutorial_taskflow_api_etl_virtualenv.py
[2023-03-07 09:07:26,291] {processor.py:641} INFO - Processing file /home/veri-pc/.local/lib/python3.10/site-packages/airflow/example_dags/tutorial_taskflow_api_etl_virtualenv.py for tasks to queue
[2023-03-07 09:07:26,293] {logging_mixin.py:115} INFO - [2023-03-07 09:07:26,292] {dagbag.py:507} INFO - Filling up the DagBag from /home/veri-pc/.local/lib/python3.10/site-packages/airflow/example_dags/tutorial_taskflow_api_etl_virtualenv.py
[2023-03-07 09:07:26,322] {processor.py:651} INFO - DAG(s) dict_keys(['tutorial_taskflow_api_etl_virtualenv']) retrieved from /home/veri-pc/.local/lib/python3.10/site-packages/airflow/example_dags/tutorial_taskflow_api_etl_virtualenv.py
[2023-03-07 09:07:26,333] {logging_mixin.py:115} INFO - [2023-03-07 09:07:26,333] {dag.py:2379} INFO - Sync 1 DAGs
[2023-03-07 09:07:26,343] {logging_mixin.py:115} INFO - [2023-03-07 09:07:26,343] {dag.py:2927} INFO - Setting next_dagrun for tutorial_taskflow_api_etl_virtualenv to None, run_after=None
[2023-03-07 09:07:26,351] {processor.py:161} INFO - Processing /home/veri-pc/.local/lib/python3.10/site-packages/airflow/example_dags/tutorial_taskflow_api_etl_virtualenv.py took 0.067 seconds
[2023-03-07 09:07:57,272] {processor.py:153} INFO - Started process (PID=12850) to work on /home/veri-pc/.local/lib/python3.10/site-packages/airflow/example_dags/tutorial_taskflow_api_etl_virtualenv.py
[2023-03-07 09:07:57,274] {processor.py:641} INFO - Processing file /home/veri-pc/.local/lib/python3.10/site-packages/airflow/example_dags/tutorial_taskflow_api_etl_virtualenv.py for tasks to queue
[2023-03-07 09:07:57,275] {logging_mixin.py:115} INFO - [2023-03-07 09:07:57,274] {dagbag.py:507} INFO - Filling up the DagBag from /home/veri-pc/.local/lib/python3.10/site-packages/airflow/example_dags/tutorial_taskflow_api_etl_virtualenv.py
[2023-03-07 09:07:57,307] {processor.py:651} INFO - DAG(s) dict_keys(['tutorial_taskflow_api_etl_virtualenv']) retrieved from /home/veri-pc/.local/lib/python3.10/site-packages/airflow/example_dags/tutorial_taskflow_api_etl_virtualenv.py
[2023-03-07 09:07:57,320] {logging_mixin.py:115} INFO - [2023-03-07 09:07:57,320] {dag.py:2379} INFO - Sync 1 DAGs
[2023-03-07 09:07:57,331] {logging_mixin.py:115} INFO - [2023-03-07 09:07:57,331] {dag.py:2927} INFO - Setting next_dagrun for tutorial_taskflow_api_etl_virtualenv to None, run_after=None
[2023-03-07 09:07:57,338] {processor.py:161} INFO - Processing /home/veri-pc/.local/lib/python3.10/site-packages/airflow/example_dags/tutorial_taskflow_api_etl_virtualenv.py took 0.071 seconds
[2023-03-07 09:08:29,087] {processor.py:153} INFO - Started process (PID=12923) to work on /home/veri-pc/.local/lib/python3.10/site-packages/airflow/example_dags/tutorial_taskflow_api_etl_virtualenv.py
[2023-03-07 09:08:29,088] {processor.py:641} INFO - Processing file /home/veri-pc/.local/lib/python3.10/site-packages/airflow/example_dags/tutorial_taskflow_api_etl_virtualenv.py for tasks to queue
[2023-03-07 09:08:29,089] {logging_mixin.py:115} INFO - [2023-03-07 09:08:29,089] {dagbag.py:507} INFO - Filling up the DagBag from /home/veri-pc/.local/lib/python3.10/site-packages/airflow/example_dags/tutorial_taskflow_api_etl_virtualenv.py
[2023-03-07 09:08:29,121] {processor.py:651} INFO - DAG(s) dict_keys(['tutorial_taskflow_api_etl_virtualenv']) retrieved from /home/veri-pc/.local/lib/python3.10/site-packages/airflow/example_dags/tutorial_taskflow_api_etl_virtualenv.py
[2023-03-07 09:08:29,132] {logging_mixin.py:115} INFO - [2023-03-07 09:08:29,132] {dag.py:2379} INFO - Sync 1 DAGs
[2023-03-07 09:08:29,143] {logging_mixin.py:115} INFO - [2023-03-07 09:08:29,143] {dag.py:2927} INFO - Setting next_dagrun for tutorial_taskflow_api_etl_virtualenv to None, run_after=None
[2023-03-07 09:08:29,150] {processor.py:161} INFO - Processing /home/veri-pc/.local/lib/python3.10/site-packages/airflow/example_dags/tutorial_taskflow_api_etl_virtualenv.py took 0.070 seconds
[2023-03-07 09:09:02,526] {processor.py:153} INFO - Started process (PID=13006) to work on /home/veri-pc/.local/lib/python3.10/site-packages/airflow/example_dags/tutorial_taskflow_api_etl_virtualenv.py
[2023-03-07 09:09:02,527] {processor.py:641} INFO - Processing file /home/veri-pc/.local/lib/python3.10/site-packages/airflow/example_dags/tutorial_taskflow_api_etl_virtualenv.py for tasks to queue
[2023-03-07 09:09:02,528] {logging_mixin.py:115} INFO - [2023-03-07 09:09:02,528] {dagbag.py:507} INFO - Filling up the DagBag from /home/veri-pc/.local/lib/python3.10/site-packages/airflow/example_dags/tutorial_taskflow_api_etl_virtualenv.py
[2023-03-07 09:09:02,557] {processor.py:651} INFO - DAG(s) dict_keys(['tutorial_taskflow_api_etl_virtualenv']) retrieved from /home/veri-pc/.local/lib/python3.10/site-packages/airflow/example_dags/tutorial_taskflow_api_etl_virtualenv.py
[2023-03-07 09:09:02,568] {logging_mixin.py:115} INFO - [2023-03-07 09:09:02,568] {dag.py:2379} INFO - Sync 1 DAGs
[2023-03-07 09:09:02,578] {logging_mixin.py:115} INFO - [2023-03-07 09:09:02,578] {dag.py:2927} INFO - Setting next_dagrun for tutorial_taskflow_api_etl_virtualenv to None, run_after=None
[2023-03-07 09:09:02,585] {processor.py:161} INFO - Processing /home/veri-pc/.local/lib/python3.10/site-packages/airflow/example_dags/tutorial_taskflow_api_etl_virtualenv.py took 0.066 seconds
[2023-03-07 09:10:00,475] {processor.py:153} INFO - Started process (PID=13213) to work on /home/veri-pc/.local/lib/python3.10/site-packages/airflow/example_dags/tutorial_taskflow_api_etl_virtualenv.py
[2023-03-07 09:10:00,476] {processor.py:641} INFO - Processing file /home/veri-pc/.local/lib/python3.10/site-packages/airflow/example_dags/tutorial_taskflow_api_etl_virtualenv.py for tasks to queue
[2023-03-07 09:10:00,477] {logging_mixin.py:115} INFO - [2023-03-07 09:10:00,477] {dagbag.py:507} INFO - Filling up the DagBag from /home/veri-pc/.local/lib/python3.10/site-packages/airflow/example_dags/tutorial_taskflow_api_etl_virtualenv.py
[2023-03-07 09:10:00,502] {processor.py:651} INFO - DAG(s) dict_keys(['tutorial_taskflow_api_etl_virtualenv']) retrieved from /home/veri-pc/.local/lib/python3.10/site-packages/airflow/example_dags/tutorial_taskflow_api_etl_virtualenv.py
[2023-03-07 09:10:00,534] {logging_mixin.py:115} INFO - [2023-03-07 09:10:00,534] {dag.py:2379} INFO - Sync 1 DAGs
[2023-03-07 09:10:00,543] {logging_mixin.py:115} INFO - [2023-03-07 09:10:00,543] {dag.py:2927} INFO - Setting next_dagrun for tutorial_taskflow_api_etl_virtualenv to None, run_after=None
[2023-03-07 09:10:00,557] {processor.py:161} INFO - Processing /home/veri-pc/.local/lib/python3.10/site-packages/airflow/example_dags/tutorial_taskflow_api_etl_virtualenv.py took 0.089 seconds
