[2023-03-07 12:08:20,679] {processor.py:153} INFO - Started process (PID=40708) to work on /home/veri-pc/.local/lib/python3.10/site-packages/airflow/example_dags/plugins/workday.py
[2023-03-07 12:08:20,680] {processor.py:641} INFO - Processing file /home/veri-pc/.local/lib/python3.10/site-packages/airflow/example_dags/plugins/workday.py for tasks to queue
[2023-03-07 12:08:20,680] {logging_mixin.py:115} INFO - [2023-03-07 12:08:20,680] {dagbag.py:507} INFO - Filling up the DagBag from /home/veri-pc/.local/lib/python3.10/site-packages/airflow/example_dags/plugins/workday.py
[2023-03-07 12:08:20,681] {processor.py:653} WARNING - No viable dags retrieved from /home/veri-pc/.local/lib/python3.10/site-packages/airflow/example_dags/plugins/workday.py
[2023-03-07 12:08:20,696] {processor.py:161} INFO - Processing /home/veri-pc/.local/lib/python3.10/site-packages/airflow/example_dags/plugins/workday.py took 0.020 seconds
[2023-03-07 12:08:56,798] {processor.py:153} INFO - Started process (PID=40817) to work on /home/veri-pc/.local/lib/python3.10/site-packages/airflow/example_dags/plugins/workday.py
[2023-03-07 12:08:56,799] {processor.py:641} INFO - Processing file /home/veri-pc/.local/lib/python3.10/site-packages/airflow/example_dags/plugins/workday.py for tasks to queue
[2023-03-07 12:08:56,800] {logging_mixin.py:115} INFO - [2023-03-07 12:08:56,800] {dagbag.py:507} INFO - Filling up the DagBag from /home/veri-pc/.local/lib/python3.10/site-packages/airflow/example_dags/plugins/workday.py
[2023-03-07 12:08:56,804] {processor.py:653} WARNING - No viable dags retrieved from /home/veri-pc/.local/lib/python3.10/site-packages/airflow/example_dags/plugins/workday.py
[2023-03-07 12:08:56,819] {processor.py:161} INFO - Processing /home/veri-pc/.local/lib/python3.10/site-packages/airflow/example_dags/plugins/workday.py took 0.028 seconds
[2023-03-07 12:09:28,755] {processor.py:153} INFO - Started process (PID=40899) to work on /home/veri-pc/.local/lib/python3.10/site-packages/airflow/example_dags/plugins/workday.py
[2023-03-07 12:09:28,756] {processor.py:641} INFO - Processing file /home/veri-pc/.local/lib/python3.10/site-packages/airflow/example_dags/plugins/workday.py for tasks to queue
[2023-03-07 12:09:28,758] {logging_mixin.py:115} INFO - [2023-03-07 12:09:28,757] {dagbag.py:507} INFO - Filling up the DagBag from /home/veri-pc/.local/lib/python3.10/site-packages/airflow/example_dags/plugins/workday.py
[2023-03-07 12:09:28,762] {processor.py:653} WARNING - No viable dags retrieved from /home/veri-pc/.local/lib/python3.10/site-packages/airflow/example_dags/plugins/workday.py
[2023-03-07 12:09:28,783] {processor.py:161} INFO - Processing /home/veri-pc/.local/lib/python3.10/site-packages/airflow/example_dags/plugins/workday.py took 0.034 seconds
[2023-03-07 12:10:02,470] {processor.py:153} INFO - Started process (PID=40982) to work on /home/veri-pc/.local/lib/python3.10/site-packages/airflow/example_dags/plugins/workday.py
[2023-03-07 12:10:02,471] {processor.py:641} INFO - Processing file /home/veri-pc/.local/lib/python3.10/site-packages/airflow/example_dags/plugins/workday.py for tasks to queue
[2023-03-07 12:10:02,471] {logging_mixin.py:115} INFO - [2023-03-07 12:10:02,471] {dagbag.py:507} INFO - Filling up the DagBag from /home/veri-pc/.local/lib/python3.10/site-packages/airflow/example_dags/plugins/workday.py
[2023-03-07 12:10:02,473] {processor.py:653} WARNING - No viable dags retrieved from /home/veri-pc/.local/lib/python3.10/site-packages/airflow/example_dags/plugins/workday.py
[2023-03-07 12:10:02,484] {processor.py:161} INFO - Processing /home/veri-pc/.local/lib/python3.10/site-packages/airflow/example_dags/plugins/workday.py took 0.018 seconds
[2023-03-07 12:10:36,736] {processor.py:153} INFO - Started process (PID=41070) to work on /home/veri-pc/.local/lib/python3.10/site-packages/airflow/example_dags/plugins/workday.py
[2023-03-07 12:10:36,738] {processor.py:641} INFO - Processing file /home/veri-pc/.local/lib/python3.10/site-packages/airflow/example_dags/plugins/workday.py for tasks to queue
[2023-03-07 12:10:36,739] {logging_mixin.py:115} INFO - [2023-03-07 12:10:36,739] {dagbag.py:507} INFO - Filling up the DagBag from /home/veri-pc/.local/lib/python3.10/site-packages/airflow/example_dags/plugins/workday.py
[2023-03-07 12:10:36,744] {processor.py:653} WARNING - No viable dags retrieved from /home/veri-pc/.local/lib/python3.10/site-packages/airflow/example_dags/plugins/workday.py
[2023-03-07 12:10:36,764] {processor.py:161} INFO - Processing /home/veri-pc/.local/lib/python3.10/site-packages/airflow/example_dags/plugins/workday.py took 0.034 seconds
[2023-03-07 12:11:10,391] {processor.py:153} INFO - Started process (PID=41147) to work on /home/veri-pc/.local/lib/python3.10/site-packages/airflow/example_dags/plugins/workday.py
[2023-03-07 12:11:10,392] {processor.py:641} INFO - Processing file /home/veri-pc/.local/lib/python3.10/site-packages/airflow/example_dags/plugins/workday.py for tasks to queue
[2023-03-07 12:11:10,393] {logging_mixin.py:115} INFO - [2023-03-07 12:11:10,393] {dagbag.py:507} INFO - Filling up the DagBag from /home/veri-pc/.local/lib/python3.10/site-packages/airflow/example_dags/plugins/workday.py
[2023-03-07 12:11:10,397] {processor.py:653} WARNING - No viable dags retrieved from /home/veri-pc/.local/lib/python3.10/site-packages/airflow/example_dags/plugins/workday.py
[2023-03-07 12:11:10,422] {processor.py:161} INFO - Processing /home/veri-pc/.local/lib/python3.10/site-packages/airflow/example_dags/plugins/workday.py took 0.038 seconds
[2023-03-07 12:11:57,272] {processor.py:153} INFO - Started process (PID=41381) to work on /home/veri-pc/.local/lib/python3.10/site-packages/airflow/example_dags/plugins/workday.py
[2023-03-07 12:11:57,273] {processor.py:641} INFO - Processing file /home/veri-pc/.local/lib/python3.10/site-packages/airflow/example_dags/plugins/workday.py for tasks to queue
[2023-03-07 12:11:57,274] {logging_mixin.py:115} INFO - [2023-03-07 12:11:57,274] {dagbag.py:507} INFO - Filling up the DagBag from /home/veri-pc/.local/lib/python3.10/site-packages/airflow/example_dags/plugins/workday.py
[2023-03-07 12:11:57,279] {processor.py:653} WARNING - No viable dags retrieved from /home/veri-pc/.local/lib/python3.10/site-packages/airflow/example_dags/plugins/workday.py
[2023-03-07 12:11:57,298] {processor.py:161} INFO - Processing /home/veri-pc/.local/lib/python3.10/site-packages/airflow/example_dags/plugins/workday.py took 0.032 seconds
[2023-03-07 12:12:30,046] {processor.py:153} INFO - Started process (PID=41461) to work on /home/veri-pc/.local/lib/python3.10/site-packages/airflow/example_dags/plugins/workday.py
[2023-03-07 12:12:30,047] {processor.py:641} INFO - Processing file /home/veri-pc/.local/lib/python3.10/site-packages/airflow/example_dags/plugins/workday.py for tasks to queue
[2023-03-07 12:12:30,049] {logging_mixin.py:115} INFO - [2023-03-07 12:12:30,048] {dagbag.py:507} INFO - Filling up the DagBag from /home/veri-pc/.local/lib/python3.10/site-packages/airflow/example_dags/plugins/workday.py
[2023-03-07 12:12:30,052] {processor.py:653} WARNING - No viable dags retrieved from /home/veri-pc/.local/lib/python3.10/site-packages/airflow/example_dags/plugins/workday.py
[2023-03-07 12:12:30,065] {processor.py:161} INFO - Processing /home/veri-pc/.local/lib/python3.10/site-packages/airflow/example_dags/plugins/workday.py took 0.026 seconds
[2023-03-07 12:13:09,606] {processor.py:153} INFO - Started process (PID=41578) to work on /home/veri-pc/.local/lib/python3.10/site-packages/airflow/example_dags/plugins/workday.py
[2023-03-07 12:13:09,607] {processor.py:641} INFO - Processing file /home/veri-pc/.local/lib/python3.10/site-packages/airflow/example_dags/plugins/workday.py for tasks to queue
[2023-03-07 12:13:09,608] {logging_mixin.py:115} INFO - [2023-03-07 12:13:09,608] {dagbag.py:507} INFO - Filling up the DagBag from /home/veri-pc/.local/lib/python3.10/site-packages/airflow/example_dags/plugins/workday.py
[2023-03-07 12:13:09,612] {processor.py:653} WARNING - No viable dags retrieved from /home/veri-pc/.local/lib/python3.10/site-packages/airflow/example_dags/plugins/workday.py
[2023-03-07 12:13:09,629] {processor.py:161} INFO - Processing /home/veri-pc/.local/lib/python3.10/site-packages/airflow/example_dags/plugins/workday.py took 0.029 seconds
