[2023-03-08 02:51:02,789] {taskinstance.py:1159} INFO - Dependencies all met for <TaskInstance: meu_primeiro_dag.executa_codigo scheduled__2023-03-08T05:50:00+00:00 [queued]>
[2023-03-08 02:51:02,793] {taskinstance.py:1159} INFO - Dependencies all met for <TaskInstance: meu_primeiro_dag.executa_codigo scheduled__2023-03-08T05:50:00+00:00 [queued]>
[2023-03-08 02:51:02,793] {taskinstance.py:1356} INFO - 
--------------------------------------------------------------------------------
[2023-03-08 02:51:02,793] {taskinstance.py:1357} INFO - Starting attempt 1 of 1
[2023-03-08 02:51:02,793] {taskinstance.py:1358} INFO - 
--------------------------------------------------------------------------------
[2023-03-08 02:51:02,801] {taskinstance.py:1377} INFO - Executing <Task(PythonOperator): executa_codigo> on 2023-03-08 05:50:00+00:00
[2023-03-08 02:51:02,803] {standard_task_runner.py:52} INFO - Started process 163077 to run task
[2023-03-08 02:51:02,804] {standard_task_runner.py:79} INFO - Running: ['airflow', 'tasks', 'run', 'meu_primeiro_dag', 'executa_codigo', 'scheduled__2023-03-08T05:50:00+00:00', '--job-id', '1019', '--raw', '--subdir', 'DAGS_FOLDER/cotacao_dolar.py', '--cfg-path', '/tmp/tmpb_64d28j', '--error-file', '/tmp/tmpkg7no9f0']
[2023-03-08 02:51:02,805] {standard_task_runner.py:80} INFO - Job 1019: Subtask executa_codigo
[2023-03-08 02:51:02,824] {task_command.py:370} INFO - Running <TaskInstance: meu_primeiro_dag.executa_codigo scheduled__2023-03-08T05:50:00+00:00 [running]> on host veripc-System-Product-Name
[2023-03-08 02:51:02,853] {taskinstance.py:1569} INFO - Exporting the following env vars:
AIRFLOW_CTX_DAG_OWNER=airflow
AIRFLOW_CTX_DAG_ID=meu_primeiro_dag
AIRFLOW_CTX_TASK_ID=executa_codigo
AIRFLOW_CTX_EXECUTION_DATE=2023-03-08T05:50:00+00:00
AIRFLOW_CTX_TRY_NUMBER=1
AIRFLOW_CTX_DAG_RUN_ID=scheduled__2023-03-08T05:50:00+00:00
[2023-03-08 02:51:03,051] {python.py:173} INFO - Done. Returned value was: O Id da cotação é ID: 640822471063cb461de45f39
[2023-03-08 02:51:03,067] {taskinstance.py:1395} INFO - Marking task as SUCCESS. dag_id=meu_primeiro_dag, task_id=executa_codigo, execution_date=20230308T055000, start_date=20230308T055102, end_date=20230308T055103
[2023-03-08 02:51:03,097] {local_task_job.py:156} INFO - Task exited with return code 0
[2023-03-08 02:51:03,108] {local_task_job.py:273} INFO - 0 downstream tasks scheduled from follow-on schedule check
