[2023-03-07 22:29:01,878] {taskinstance.py:1159} INFO - Dependencies all met for <TaskInstance: meu_primeiro_dag.executa_codigo scheduled__2023-03-08T01:28:00+00:00 [queued]>
[2023-03-07 22:29:01,881] {taskinstance.py:1159} INFO - Dependencies all met for <TaskInstance: meu_primeiro_dag.executa_codigo scheduled__2023-03-08T01:28:00+00:00 [queued]>
[2023-03-07 22:29:01,882] {taskinstance.py:1356} INFO - 
--------------------------------------------------------------------------------
[2023-03-07 22:29:01,882] {taskinstance.py:1357} INFO - Starting attempt 1 of 1
[2023-03-07 22:29:01,882] {taskinstance.py:1358} INFO - 
--------------------------------------------------------------------------------
[2023-03-07 22:29:01,889] {taskinstance.py:1377} INFO - Executing <Task(PythonOperator): executa_codigo> on 2023-03-08 01:28:00+00:00
[2023-03-07 22:29:01,891] {standard_task_runner.py:52} INFO - Started process 128921 to run task
[2023-03-07 22:29:01,893] {standard_task_runner.py:79} INFO - Running: ['airflow', 'tasks', 'run', 'meu_primeiro_dag', 'executa_codigo', 'scheduled__2023-03-08T01:28:00+00:00', '--job-id', '757', '--raw', '--subdir', 'DAGS_FOLDER/cotacao_dolar.py', '--cfg-path', '/tmp/tmpi4eom0y4', '--error-file', '/tmp/tmpp_0z1gii']
[2023-03-07 22:29:01,893] {standard_task_runner.py:80} INFO - Job 757: Subtask executa_codigo
[2023-03-07 22:29:01,913] {task_command.py:370} INFO - Running <TaskInstance: meu_primeiro_dag.executa_codigo scheduled__2023-03-08T01:28:00+00:00 [running]> on host veripc-System-Product-Name
[2023-03-07 22:29:01,941] {taskinstance.py:1569} INFO - Exporting the following env vars:
AIRFLOW_CTX_DAG_OWNER=airflow
AIRFLOW_CTX_DAG_ID=meu_primeiro_dag
AIRFLOW_CTX_TASK_ID=executa_codigo
AIRFLOW_CTX_EXECUTION_DATE=2023-03-08T01:28:00+00:00
AIRFLOW_CTX_TRY_NUMBER=1
AIRFLOW_CTX_DAG_RUN_ID=scheduled__2023-03-08T01:28:00+00:00
[2023-03-07 22:29:02,130] {python.py:173} INFO - Done. Returned value was: O Id da cotação é ID: 6407e4de00e2bd1efbb7a085
[2023-03-07 22:29:02,149] {taskinstance.py:1395} INFO - Marking task as SUCCESS. dag_id=meu_primeiro_dag, task_id=executa_codigo, execution_date=20230308T012800, start_date=20230308T012901, end_date=20230308T012902
[2023-03-07 22:29:02,185] {local_task_job.py:156} INFO - Task exited with return code 0
[2023-03-07 22:29:02,195] {local_task_job.py:273} INFO - 0 downstream tasks scheduled from follow-on schedule check
