[2023-03-07 19:01:02,720] {taskinstance.py:1159} INFO - Dependencies all met for <TaskInstance: meu_primeiro_dag.executa_codigo scheduled__2023-03-07T22:00:00+00:00 [queued]>
[2023-03-07 19:01:02,724] {taskinstance.py:1159} INFO - Dependencies all met for <TaskInstance: meu_primeiro_dag.executa_codigo scheduled__2023-03-07T22:00:00+00:00 [queued]>
[2023-03-07 19:01:02,724] {taskinstance.py:1356} INFO - 
--------------------------------------------------------------------------------
[2023-03-07 19:01:02,724] {taskinstance.py:1357} INFO - Starting attempt 1 of 1
[2023-03-07 19:01:02,724] {taskinstance.py:1358} INFO - 
--------------------------------------------------------------------------------
[2023-03-07 19:01:02,731] {taskinstance.py:1377} INFO - Executing <Task(PythonOperator): executa_codigo> on 2023-03-07 22:00:00+00:00
[2023-03-07 19:01:02,733] {standard_task_runner.py:52} INFO - Started process 102263 to run task
[2023-03-07 19:01:02,735] {standard_task_runner.py:79} INFO - Running: ['airflow', 'tasks', 'run', 'meu_primeiro_dag', 'executa_codigo', 'scheduled__2023-03-07T22:00:00+00:00', '--job-id', '549', '--raw', '--subdir', 'DAGS_FOLDER/cotacao_dolar.py', '--cfg-path', '/tmp/tmp_4xkhr8i', '--error-file', '/tmp/tmpo9fb38go']
[2023-03-07 19:01:02,735] {standard_task_runner.py:80} INFO - Job 549: Subtask executa_codigo
[2023-03-07 19:01:02,753] {task_command.py:370} INFO - Running <TaskInstance: meu_primeiro_dag.executa_codigo scheduled__2023-03-07T22:00:00+00:00 [running]> on host veripc-System-Product-Name
[2023-03-07 19:01:02,782] {taskinstance.py:1569} INFO - Exporting the following env vars:
AIRFLOW_CTX_DAG_OWNER=airflow
AIRFLOW_CTX_DAG_ID=meu_primeiro_dag
AIRFLOW_CTX_TASK_ID=executa_codigo
AIRFLOW_CTX_EXECUTION_DATE=2023-03-07T22:00:00+00:00
AIRFLOW_CTX_TRY_NUMBER=1
AIRFLOW_CTX_DAG_RUN_ID=scheduled__2023-03-07T22:00:00+00:00
[2023-03-07 19:01:02,997] {python.py:173} INFO - Done. Returned value was: O Id da cotação é ID: 6407b41e61dfb79c3f103d52
[2023-03-07 19:01:03,013] {taskinstance.py:1395} INFO - Marking task as SUCCESS. dag_id=meu_primeiro_dag, task_id=executa_codigo, execution_date=20230307T220000, start_date=20230307T220102, end_date=20230307T220103
[2023-03-07 19:01:03,027] {local_task_job.py:156} INFO - Task exited with return code 0
[2023-03-07 19:01:03,040] {local_task_job.py:273} INFO - 0 downstream tasks scheduled from follow-on schedule check
