[2023-03-07 14:28:49,506] {taskinstance.py:1159} INFO - Dependencies all met for <TaskInstance: meu_primeiro_dag.Executando scheduled__2023-03-06T00:53:00+00:00 [queued]>
[2023-03-07 14:28:49,509] {taskinstance.py:1159} INFO - Dependencies all met for <TaskInstance: meu_primeiro_dag.Executando scheduled__2023-03-06T00:53:00+00:00 [queued]>
[2023-03-07 14:28:49,509] {taskinstance.py:1356} INFO - 
--------------------------------------------------------------------------------
[2023-03-07 14:28:49,509] {taskinstance.py:1357} INFO - Starting attempt 1 of 1
[2023-03-07 14:28:49,509] {taskinstance.py:1358} INFO - 
--------------------------------------------------------------------------------
[2023-03-07 14:28:49,517] {taskinstance.py:1377} INFO - Executing <Task(PythonOperator): Executando> on 2023-03-06 00:53:00+00:00
[2023-03-07 14:28:49,519] {standard_task_runner.py:52} INFO - Started process 63387 to run task
[2023-03-07 14:28:49,521] {standard_task_runner.py:79} INFO - Running: ['airflow', 'tasks', 'run', 'meu_primeiro_dag', 'Executando', 'scheduled__2023-03-06T00:53:00+00:00', '--job-id', '66', '--raw', '--subdir', 'DAGS_FOLDER/cotacao_dolar.py', '--cfg-path', '/tmp/tmpeq6zg3lp', '--error-file', '/tmp/tmp49zsdo1i']
[2023-03-07 14:28:49,521] {standard_task_runner.py:80} INFO - Job 66: Subtask Executando
[2023-03-07 14:28:49,542] {task_command.py:370} INFO - Running <TaskInstance: meu_primeiro_dag.Executando scheduled__2023-03-06T00:53:00+00:00 [running]> on host veripc-System-Product-Name
[2023-03-07 14:28:49,572] {taskinstance.py:1569} INFO - Exporting the following env vars:
AIRFLOW_CTX_DAG_OWNER=airflow
AIRFLOW_CTX_DAG_ID=meu_primeiro_dag
AIRFLOW_CTX_TASK_ID=Executando
AIRFLOW_CTX_EXECUTION_DATE=2023-03-06T00:53:00+00:00
AIRFLOW_CTX_TRY_NUMBER=1
AIRFLOW_CTX_DAG_RUN_ID=scheduled__2023-03-06T00:53:00+00:00
[2023-03-07 14:28:49,572] {python.py:173} INFO - Done. Returned value was: None
[2023-03-07 14:28:49,576] {taskinstance.py:1395} INFO - Marking task as SUCCESS. dag_id=meu_primeiro_dag, task_id=Executando, execution_date=20230306T005300, start_date=20230307T172849, end_date=20230307T172849
[2023-03-07 14:28:49,612] {local_task_job.py:156} INFO - Task exited with return code 0
[2023-03-07 14:28:49,621] {local_task_job.py:273} INFO - 0 downstream tasks scheduled from follow-on schedule check
