[2023-03-07 14:50:30,989] {taskinstance.py:1159} INFO - Dependencies all met for <TaskInstance: meu_primeiro_dag.executa_codigo scheduled__2023-03-07T17:33:00+00:00 [queued]>
[2023-03-07 14:50:30,992] {taskinstance.py:1159} INFO - Dependencies all met for <TaskInstance: meu_primeiro_dag.executa_codigo scheduled__2023-03-07T17:33:00+00:00 [queued]>
[2023-03-07 14:50:30,992] {taskinstance.py:1356} INFO - 
--------------------------------------------------------------------------------
[2023-03-07 14:50:30,992] {taskinstance.py:1357} INFO - Starting attempt 1 of 1
[2023-03-07 14:50:30,992] {taskinstance.py:1358} INFO - 
--------------------------------------------------------------------------------
[2023-03-07 14:50:31,000] {taskinstance.py:1377} INFO - Executing <Task(PythonOperator): executa_codigo> on 2023-03-07 17:33:00+00:00
[2023-03-07 14:50:31,002] {standard_task_runner.py:52} INFO - Started process 68973 to run task
[2023-03-07 14:50:31,003] {standard_task_runner.py:79} INFO - Running: ['airflow', 'tasks', 'run', 'meu_primeiro_dag', 'executa_codigo', 'scheduled__2023-03-07T17:33:00+00:00', '--job-id', '280', '--raw', '--subdir', 'DAGS_FOLDER/cotacao_dolar.py', '--cfg-path', '/tmp/tmpzb03ejwr', '--error-file', '/tmp/tmpc8ksjhr1']
[2023-03-07 14:50:31,004] {standard_task_runner.py:80} INFO - Job 280: Subtask executa_codigo
[2023-03-07 14:50:31,023] {task_command.py:370} INFO - Running <TaskInstance: meu_primeiro_dag.executa_codigo scheduled__2023-03-07T17:33:00+00:00 [running]> on host veripc-System-Product-Name
[2023-03-07 14:50:31,052] {taskinstance.py:1569} INFO - Exporting the following env vars:
AIRFLOW_CTX_DAG_OWNER=airflow
AIRFLOW_CTX_DAG_ID=meu_primeiro_dag
AIRFLOW_CTX_TASK_ID=executa_codigo
AIRFLOW_CTX_EXECUTION_DATE=2023-03-07T17:33:00+00:00
AIRFLOW_CTX_TRY_NUMBER=1
AIRFLOW_CTX_DAG_RUN_ID=scheduled__2023-03-07T17:33:00+00:00
[2023-03-07 14:50:31,344] {python.py:173} INFO - Done. Returned value was: O Id da cotação é ID: 64077967a7b4d3d4de3d9cce
[2023-03-07 14:50:31,358] {taskinstance.py:1395} INFO - Marking task as SUCCESS. dag_id=meu_primeiro_dag, task_id=executa_codigo, execution_date=20230307T173300, start_date=20230307T175030, end_date=20230307T175031
[2023-03-07 14:50:31,376] {local_task_job.py:156} INFO - Task exited with return code 0
[2023-03-07 14:50:31,385] {local_task_job.py:273} INFO - 0 downstream tasks scheduled from follow-on schedule check
