[2023-03-07 14:50:25,259] {taskinstance.py:1159} INFO - Dependencies all met for <TaskInstance: meu_primeiro_dag.executa_codigo scheduled__2023-03-07T17:30:00+00:00 [queued]>
[2023-03-07 14:50:25,263] {taskinstance.py:1159} INFO - Dependencies all met for <TaskInstance: meu_primeiro_dag.executa_codigo scheduled__2023-03-07T17:30:00+00:00 [queued]>
[2023-03-07 14:50:25,263] {taskinstance.py:1356} INFO - 
--------------------------------------------------------------------------------
[2023-03-07 14:50:25,263] {taskinstance.py:1357} INFO - Starting attempt 1 of 1
[2023-03-07 14:50:25,263] {taskinstance.py:1358} INFO - 
--------------------------------------------------------------------------------
[2023-03-07 14:50:25,271] {taskinstance.py:1377} INFO - Executing <Task(PythonOperator): executa_codigo> on 2023-03-07 17:30:00+00:00
[2023-03-07 14:50:25,273] {standard_task_runner.py:52} INFO - Started process 68920 to run task
[2023-03-07 14:50:25,275] {standard_task_runner.py:79} INFO - Running: ['airflow', 'tasks', 'run', 'meu_primeiro_dag', 'executa_codigo', 'scheduled__2023-03-07T17:30:00+00:00', '--job-id', '277', '--raw', '--subdir', 'DAGS_FOLDER/cotacao_dolar.py', '--cfg-path', '/tmp/tmp3sdyf2z8', '--error-file', '/tmp/tmpcw_tj_vt']
[2023-03-07 14:50:25,276] {standard_task_runner.py:80} INFO - Job 277: Subtask executa_codigo
[2023-03-07 14:50:25,295] {task_command.py:370} INFO - Running <TaskInstance: meu_primeiro_dag.executa_codigo scheduled__2023-03-07T17:30:00+00:00 [running]> on host veripc-System-Product-Name
[2023-03-07 14:50:25,324] {taskinstance.py:1569} INFO - Exporting the following env vars:
AIRFLOW_CTX_DAG_OWNER=airflow
AIRFLOW_CTX_DAG_ID=meu_primeiro_dag
AIRFLOW_CTX_TASK_ID=executa_codigo
AIRFLOW_CTX_EXECUTION_DATE=2023-03-07T17:30:00+00:00
AIRFLOW_CTX_TRY_NUMBER=1
AIRFLOW_CTX_DAG_RUN_ID=scheduled__2023-03-07T17:30:00+00:00
[2023-03-07 14:50:25,563] {python.py:173} INFO - Done. Returned value was: O Id da cotação é ID: 640779617c8756c6299b0bf7
[2023-03-07 14:50:25,573] {taskinstance.py:1395} INFO - Marking task as SUCCESS. dag_id=meu_primeiro_dag, task_id=executa_codigo, execution_date=20230307T173000, start_date=20230307T175025, end_date=20230307T175025
[2023-03-07 14:50:25,607] {local_task_job.py:156} INFO - Task exited with return code 0
[2023-03-07 14:50:25,620] {local_task_job.py:273} INFO - 0 downstream tasks scheduled from follow-on schedule check
