[2023-03-07 20:23:01,968] {taskinstance.py:1159} INFO - Dependencies all met for <TaskInstance: meu_primeiro_dag.executa_codigo scheduled__2023-03-07T23:22:00+00:00 [queued]>
[2023-03-07 20:23:01,972] {taskinstance.py:1159} INFO - Dependencies all met for <TaskInstance: meu_primeiro_dag.executa_codigo scheduled__2023-03-07T23:22:00+00:00 [queued]>
[2023-03-07 20:23:01,972] {taskinstance.py:1356} INFO - 
--------------------------------------------------------------------------------
[2023-03-07 20:23:01,972] {taskinstance.py:1357} INFO - Starting attempt 1 of 1
[2023-03-07 20:23:01,972] {taskinstance.py:1358} INFO - 
--------------------------------------------------------------------------------
[2023-03-07 20:23:01,980] {taskinstance.py:1377} INFO - Executing <Task(PythonOperator): executa_codigo> on 2023-03-07 23:22:00+00:00
[2023-03-07 20:23:01,982] {standard_task_runner.py:52} INFO - Started process 112786 to run task
[2023-03-07 20:23:01,983] {standard_task_runner.py:79} INFO - Running: ['airflow', 'tasks', 'run', 'meu_primeiro_dag', 'executa_codigo', 'scheduled__2023-03-07T23:22:00+00:00', '--job-id', '631', '--raw', '--subdir', 'DAGS_FOLDER/cotacao_dolar.py', '--cfg-path', '/tmp/tmp6rvb7jgi', '--error-file', '/tmp/tmp0p0j1569']
[2023-03-07 20:23:01,984] {standard_task_runner.py:80} INFO - Job 631: Subtask executa_codigo
[2023-03-07 20:23:02,003] {task_command.py:370} INFO - Running <TaskInstance: meu_primeiro_dag.executa_codigo scheduled__2023-03-07T23:22:00+00:00 [running]> on host veripc-System-Product-Name
[2023-03-07 20:23:02,078] {taskinstance.py:1569} INFO - Exporting the following env vars:
AIRFLOW_CTX_DAG_OWNER=airflow
AIRFLOW_CTX_DAG_ID=meu_primeiro_dag
AIRFLOW_CTX_TASK_ID=executa_codigo
AIRFLOW_CTX_EXECUTION_DATE=2023-03-07T23:22:00+00:00
AIRFLOW_CTX_TRY_NUMBER=1
AIRFLOW_CTX_DAG_RUN_ID=scheduled__2023-03-07T23:22:00+00:00
[2023-03-07 20:23:02,273] {python.py:173} INFO - Done. Returned value was: O Id da cotação é ID: 6407c7562dc1765fb4ef32b9
[2023-03-07 20:23:02,282] {taskinstance.py:1395} INFO - Marking task as SUCCESS. dag_id=meu_primeiro_dag, task_id=executa_codigo, execution_date=20230307T232200, start_date=20230307T232301, end_date=20230307T232302
[2023-03-07 20:23:02,316] {local_task_job.py:156} INFO - Task exited with return code 0
[2023-03-07 20:23:02,326] {local_task_job.py:273} INFO - 0 downstream tasks scheduled from follow-on schedule check
