[2023-03-07 14:59:02,274] {taskinstance.py:1159} INFO - Dependencies all met for <TaskInstance: meu_primeiro_dag.executa_codigo scheduled__2023-03-07T17:58:00+00:00 [queued]>
[2023-03-07 14:59:02,278] {taskinstance.py:1159} INFO - Dependencies all met for <TaskInstance: meu_primeiro_dag.executa_codigo scheduled__2023-03-07T17:58:00+00:00 [queued]>
[2023-03-07 14:59:02,278] {taskinstance.py:1356} INFO - 
--------------------------------------------------------------------------------
[2023-03-07 14:59:02,278] {taskinstance.py:1357} INFO - Starting attempt 1 of 1
[2023-03-07 14:59:02,278] {taskinstance.py:1358} INFO - 
--------------------------------------------------------------------------------
[2023-03-07 14:59:02,287] {taskinstance.py:1377} INFO - Executing <Task(PythonOperator): executa_codigo> on 2023-03-07 17:58:00+00:00
[2023-03-07 14:59:02,288] {standard_task_runner.py:52} INFO - Started process 70599 to run task
[2023-03-07 14:59:02,291] {standard_task_runner.py:79} INFO - Running: ['airflow', 'tasks', 'run', 'meu_primeiro_dag', 'executa_codigo', 'scheduled__2023-03-07T17:58:00+00:00', '--job-id', '305', '--raw', '--subdir', 'DAGS_FOLDER/cotacao_dolar.py', '--cfg-path', '/tmp/tmpl1zb7y44', '--error-file', '/tmp/tmpel01oy8l']
[2023-03-07 14:59:02,291] {standard_task_runner.py:80} INFO - Job 305: Subtask executa_codigo
[2023-03-07 14:59:02,313] {task_command.py:370} INFO - Running <TaskInstance: meu_primeiro_dag.executa_codigo scheduled__2023-03-07T17:58:00+00:00 [running]> on host veripc-System-Product-Name
[2023-03-07 14:59:02,344] {taskinstance.py:1569} INFO - Exporting the following env vars:
AIRFLOW_CTX_DAG_OWNER=airflow
AIRFLOW_CTX_DAG_ID=meu_primeiro_dag
AIRFLOW_CTX_TASK_ID=executa_codigo
AIRFLOW_CTX_EXECUTION_DATE=2023-03-07T17:58:00+00:00
AIRFLOW_CTX_TRY_NUMBER=1
AIRFLOW_CTX_DAG_RUN_ID=scheduled__2023-03-07T17:58:00+00:00
[2023-03-07 14:59:02,638] {python.py:173} INFO - Done. Returned value was: O Id da cotação é ID: 64077b666bd2cb066d8db87c
[2023-03-07 14:59:02,653] {taskinstance.py:1395} INFO - Marking task as SUCCESS. dag_id=meu_primeiro_dag, task_id=executa_codigo, execution_date=20230307T175800, start_date=20230307T175902, end_date=20230307T175902
[2023-03-07 14:59:02,663] {local_task_job.py:156} INFO - Task exited with return code 0
[2023-03-07 14:59:02,672] {local_task_job.py:273} INFO - 0 downstream tasks scheduled from follow-on schedule check
