[2023-03-07 15:58:02,904] {taskinstance.py:1159} INFO - Dependencies all met for <TaskInstance: meu_primeiro_dag.executa_codigo scheduled__2023-03-07T18:57:00+00:00 [queued]>
[2023-03-07 15:58:02,907] {taskinstance.py:1159} INFO - Dependencies all met for <TaskInstance: meu_primeiro_dag.executa_codigo scheduled__2023-03-07T18:57:00+00:00 [queued]>
[2023-03-07 15:58:02,908] {taskinstance.py:1356} INFO - 
--------------------------------------------------------------------------------
[2023-03-07 15:58:02,908] {taskinstance.py:1357} INFO - Starting attempt 1 of 1
[2023-03-07 15:58:02,908] {taskinstance.py:1358} INFO - 
--------------------------------------------------------------------------------
[2023-03-07 15:58:02,915] {taskinstance.py:1377} INFO - Executing <Task(PythonOperator): executa_codigo> on 2023-03-07 18:57:00+00:00
[2023-03-07 15:58:02,916] {standard_task_runner.py:52} INFO - Started process 78826 to run task
[2023-03-07 15:58:02,918] {standard_task_runner.py:79} INFO - Running: ['airflow', 'tasks', 'run', 'meu_primeiro_dag', 'executa_codigo', 'scheduled__2023-03-07T18:57:00+00:00', '--job-id', '366', '--raw', '--subdir', 'DAGS_FOLDER/cotacao_dolar.py', '--cfg-path', '/tmp/tmphic6cshw', '--error-file', '/tmp/tmpl3amqyuw']
[2023-03-07 15:58:02,919] {standard_task_runner.py:80} INFO - Job 366: Subtask executa_codigo
[2023-03-07 15:58:02,937] {task_command.py:370} INFO - Running <TaskInstance: meu_primeiro_dag.executa_codigo scheduled__2023-03-07T18:57:00+00:00 [running]> on host veripc-System-Product-Name
[2023-03-07 15:58:02,965] {taskinstance.py:1569} INFO - Exporting the following env vars:
AIRFLOW_CTX_DAG_OWNER=airflow
AIRFLOW_CTX_DAG_ID=meu_primeiro_dag
AIRFLOW_CTX_TASK_ID=executa_codigo
AIRFLOW_CTX_EXECUTION_DATE=2023-03-07T18:57:00+00:00
AIRFLOW_CTX_TRY_NUMBER=1
AIRFLOW_CTX_DAG_RUN_ID=scheduled__2023-03-07T18:57:00+00:00
[2023-03-07 15:58:03,259] {python.py:173} INFO - Done. Returned value was: O Id da cotação é ID: 6407893b30ada683d9b49cab
[2023-03-07 15:58:03,272] {taskinstance.py:1395} INFO - Marking task as SUCCESS. dag_id=meu_primeiro_dag, task_id=executa_codigo, execution_date=20230307T185700, start_date=20230307T185802, end_date=20230307T185803
[2023-03-07 15:58:03,291] {local_task_job.py:156} INFO - Task exited with return code 0
[2023-03-07 15:58:03,299] {local_task_job.py:273} INFO - 0 downstream tasks scheduled from follow-on schedule check
