[2023-03-08 01:35:01,983] {taskinstance.py:1159} INFO - Dependencies all met for <TaskInstance: meu_primeiro_dag.executa_codigo scheduled__2023-03-08T04:34:00+00:00 [queued]>
[2023-03-08 01:35:01,987] {taskinstance.py:1159} INFO - Dependencies all met for <TaskInstance: meu_primeiro_dag.executa_codigo scheduled__2023-03-08T04:34:00+00:00 [queued]>
[2023-03-08 01:35:01,987] {taskinstance.py:1356} INFO - 
--------------------------------------------------------------------------------
[2023-03-08 01:35:01,987] {taskinstance.py:1357} INFO - Starting attempt 1 of 1
[2023-03-08 01:35:01,987] {taskinstance.py:1358} INFO - 
--------------------------------------------------------------------------------
[2023-03-08 01:35:01,995] {taskinstance.py:1377} INFO - Executing <Task(PythonOperator): executa_codigo> on 2023-03-08 04:34:00+00:00
[2023-03-08 01:35:01,997] {standard_task_runner.py:52} INFO - Started process 153762 to run task
[2023-03-08 01:35:01,999] {standard_task_runner.py:79} INFO - Running: ['airflow', 'tasks', 'run', 'meu_primeiro_dag', 'executa_codigo', 'scheduled__2023-03-08T04:34:00+00:00', '--job-id', '943', '--raw', '--subdir', 'DAGS_FOLDER/cotacao_dolar.py', '--cfg-path', '/tmp/tmp8__pmdj6', '--error-file', '/tmp/tmppd6oybeu']
[2023-03-08 01:35:01,999] {standard_task_runner.py:80} INFO - Job 943: Subtask executa_codigo
[2023-03-08 01:35:02,018] {task_command.py:370} INFO - Running <TaskInstance: meu_primeiro_dag.executa_codigo scheduled__2023-03-08T04:34:00+00:00 [running]> on host veripc-System-Product-Name
[2023-03-08 01:35:02,047] {taskinstance.py:1569} INFO - Exporting the following env vars:
AIRFLOW_CTX_DAG_OWNER=airflow
AIRFLOW_CTX_DAG_ID=meu_primeiro_dag
AIRFLOW_CTX_TASK_ID=executa_codigo
AIRFLOW_CTX_EXECUTION_DATE=2023-03-08T04:34:00+00:00
AIRFLOW_CTX_TRY_NUMBER=1
AIRFLOW_CTX_DAG_RUN_ID=scheduled__2023-03-08T04:34:00+00:00
[2023-03-08 01:35:02,231] {python.py:173} INFO - Done. Returned value was: O Id da cotação é ID: 64081076aaaff6b8d38d4d65
[2023-03-08 01:35:02,240] {taskinstance.py:1395} INFO - Marking task as SUCCESS. dag_id=meu_primeiro_dag, task_id=executa_codigo, execution_date=20230308T043400, start_date=20230308T043501, end_date=20230308T043502
[2023-03-08 01:35:02,251] {local_task_job.py:156} INFO - Task exited with return code 0
[2023-03-08 01:35:02,259] {local_task_job.py:273} INFO - 0 downstream tasks scheduled from follow-on schedule check
