[2023-03-07 14:28:52,621] {taskinstance.py:1159} INFO - Dependencies all met for <TaskInstance: meu_primeiro_dag.Executando scheduled__2023-03-06T00:55:00+00:00 [queued]>
[2023-03-07 14:28:52,624] {taskinstance.py:1159} INFO - Dependencies all met for <TaskInstance: meu_primeiro_dag.Executando scheduled__2023-03-06T00:55:00+00:00 [queued]>
[2023-03-07 14:28:52,625] {taskinstance.py:1356} INFO - 
--------------------------------------------------------------------------------
[2023-03-07 14:28:52,625] {taskinstance.py:1357} INFO - Starting attempt 1 of 1
[2023-03-07 14:28:52,625] {taskinstance.py:1358} INFO - 
--------------------------------------------------------------------------------
[2023-03-07 14:28:52,632] {taskinstance.py:1377} INFO - Executing <Task(PythonOperator): Executando> on 2023-03-06 00:55:00+00:00
[2023-03-07 14:28:52,634] {standard_task_runner.py:52} INFO - Started process 63397 to run task
[2023-03-07 14:28:52,636] {standard_task_runner.py:79} INFO - Running: ['airflow', 'tasks', 'run', 'meu_primeiro_dag', 'Executando', 'scheduled__2023-03-06T00:55:00+00:00', '--job-id', '68', '--raw', '--subdir', 'DAGS_FOLDER/cotacao_dolar.py', '--cfg-path', '/tmp/tmpc5_qd4zc', '--error-file', '/tmp/tmpvjw6zwma']
[2023-03-07 14:28:52,636] {standard_task_runner.py:80} INFO - Job 68: Subtask Executando
[2023-03-07 14:28:52,659] {task_command.py:370} INFO - Running <TaskInstance: meu_primeiro_dag.Executando scheduled__2023-03-06T00:55:00+00:00 [running]> on host veripc-System-Product-Name
[2023-03-07 14:28:52,691] {taskinstance.py:1569} INFO - Exporting the following env vars:
AIRFLOW_CTX_DAG_OWNER=airflow
AIRFLOW_CTX_DAG_ID=meu_primeiro_dag
AIRFLOW_CTX_TASK_ID=Executando
AIRFLOW_CTX_EXECUTION_DATE=2023-03-06T00:55:00+00:00
AIRFLOW_CTX_TRY_NUMBER=1
AIRFLOW_CTX_DAG_RUN_ID=scheduled__2023-03-06T00:55:00+00:00
[2023-03-07 14:28:52,691] {python.py:173} INFO - Done. Returned value was: None
[2023-03-07 14:28:52,695] {taskinstance.py:1395} INFO - Marking task as SUCCESS. dag_id=meu_primeiro_dag, task_id=Executando, execution_date=20230306T005500, start_date=20230307T172852, end_date=20230307T172852
[2023-03-07 14:28:52,727] {local_task_job.py:156} INFO - Task exited with return code 0
[2023-03-07 14:28:52,737] {local_task_job.py:273} INFO - 0 downstream tasks scheduled from follow-on schedule check
