[2023-03-07 14:48:23,429] {taskinstance.py:1159} INFO - Dependencies all met for <TaskInstance: meu_primeiro_dag.executa_codigo scheduled__2023-03-06T10:17:00+00:00 [queued]>
[2023-03-07 14:48:23,435] {taskinstance.py:1159} INFO - Dependencies all met for <TaskInstance: meu_primeiro_dag.executa_codigo scheduled__2023-03-06T10:17:00+00:00 [queued]>
[2023-03-07 14:48:23,435] {taskinstance.py:1356} INFO - 
--------------------------------------------------------------------------------
[2023-03-07 14:48:23,435] {taskinstance.py:1357} INFO - Starting attempt 1 of 1
[2023-03-07 14:48:23,435] {taskinstance.py:1358} INFO - 
--------------------------------------------------------------------------------
[2023-03-07 14:48:23,444] {taskinstance.py:1377} INFO - Executing <Task(PythonOperator): executa_codigo> on 2023-03-06 10:17:00+00:00
[2023-03-07 14:48:23,446] {standard_task_runner.py:52} INFO - Started process 68047 to run task
[2023-03-07 14:48:23,451] {standard_task_runner.py:79} INFO - Running: ['airflow', 'tasks', 'run', 'meu_primeiro_dag', 'executa_codigo', 'scheduled__2023-03-06T10:17:00+00:00', '--job-id', '233', '--raw', '--subdir', 'DAGS_FOLDER/cotacao_dolar.py', '--cfg-path', '/tmp/tmprzxoy682', '--error-file', '/tmp/tmp674bunr4']
[2023-03-07 14:48:23,452] {standard_task_runner.py:80} INFO - Job 233: Subtask executa_codigo
[2023-03-07 14:48:23,486] {task_command.py:370} INFO - Running <TaskInstance: meu_primeiro_dag.executa_codigo scheduled__2023-03-06T10:17:00+00:00 [running]> on host veripc-System-Product-Name
[2023-03-07 14:48:23,532] {taskinstance.py:1569} INFO - Exporting the following env vars:
AIRFLOW_CTX_DAG_OWNER=airflow
AIRFLOW_CTX_DAG_ID=meu_primeiro_dag
AIRFLOW_CTX_TASK_ID=executa_codigo
AIRFLOW_CTX_EXECUTION_DATE=2023-03-06T10:17:00+00:00
AIRFLOW_CTX_TRY_NUMBER=1
AIRFLOW_CTX_DAG_RUN_ID=scheduled__2023-03-06T10:17:00+00:00
[2023-03-07 14:48:23,765] {python.py:173} INFO - Done. Returned value was: O Id da cotação é ID: 640778e7982280854d80755b
[2023-03-07 14:48:23,774] {taskinstance.py:1395} INFO - Marking task as SUCCESS. dag_id=meu_primeiro_dag, task_id=executa_codigo, execution_date=20230306T101700, start_date=20230307T174823, end_date=20230307T174823
[2023-03-07 14:48:23,823] {local_task_job.py:156} INFO - Task exited with return code 0
[2023-03-07 14:48:23,836] {local_task_job.py:273} INFO - 0 downstream tasks scheduled from follow-on schedule check
