[2023-03-07 14:45:56,874] {taskinstance.py:1159} INFO - Dependencies all met for <TaskInstance: meu_primeiro_dag.executa_codigo scheduled__2023-03-06T01:18:00+00:00 [queued]>
[2023-03-07 14:45:56,878] {taskinstance.py:1159} INFO - Dependencies all met for <TaskInstance: meu_primeiro_dag.executa_codigo scheduled__2023-03-06T01:18:00+00:00 [queued]>
[2023-03-07 14:45:56,878] {taskinstance.py:1356} INFO - 
--------------------------------------------------------------------------------
[2023-03-07 14:45:56,878] {taskinstance.py:1357} INFO - Starting attempt 1 of 1
[2023-03-07 14:45:56,878] {taskinstance.py:1358} INFO - 
--------------------------------------------------------------------------------
[2023-03-07 14:45:56,889] {taskinstance.py:1377} INFO - Executing <Task(PythonOperator): executa_codigo> on 2023-03-06 01:18:00+00:00
[2023-03-07 14:45:56,891] {standard_task_runner.py:52} INFO - Started process 66807 to run task
[2023-03-07 14:45:56,893] {standard_task_runner.py:79} INFO - Running: ['airflow', 'tasks', 'run', 'meu_primeiro_dag', 'executa_codigo', 'scheduled__2023-03-06T01:18:00+00:00', '--job-id', '166', '--raw', '--subdir', 'DAGS_FOLDER/cotacao_dolar.py', '--cfg-path', '/tmp/tmpimrfzyro', '--error-file', '/tmp/tmp3p6hnrxl']
[2023-03-07 14:45:56,893] {standard_task_runner.py:80} INFO - Job 166: Subtask executa_codigo
[2023-03-07 14:45:56,913] {task_command.py:370} INFO - Running <TaskInstance: meu_primeiro_dag.executa_codigo scheduled__2023-03-06T01:18:00+00:00 [running]> on host veripc-System-Product-Name
[2023-03-07 14:45:56,943] {taskinstance.py:1569} INFO - Exporting the following env vars:
AIRFLOW_CTX_DAG_OWNER=airflow
AIRFLOW_CTX_DAG_ID=meu_primeiro_dag
AIRFLOW_CTX_TASK_ID=executa_codigo
AIRFLOW_CTX_EXECUTION_DATE=2023-03-06T01:18:00+00:00
AIRFLOW_CTX_TRY_NUMBER=1
AIRFLOW_CTX_DAG_RUN_ID=scheduled__2023-03-06T01:18:00+00:00
[2023-03-07 14:45:57,184] {python.py:173} INFO - Done. Returned value was: O Id da cotação é ID: 640778550a6bd761d2b26437
[2023-03-07 14:45:57,196] {taskinstance.py:1395} INFO - Marking task as SUCCESS. dag_id=meu_primeiro_dag, task_id=executa_codigo, execution_date=20230306T011800, start_date=20230307T174556, end_date=20230307T174557
[2023-03-07 14:45:57,225] {local_task_job.py:156} INFO - Task exited with return code 0
[2023-03-07 14:45:57,234] {local_task_job.py:273} INFO - 0 downstream tasks scheduled from follow-on schedule check
