[2023-03-08 07:03:02,959] {taskinstance.py:1159} INFO - Dependencies all met for <TaskInstance: meu_primeiro_dag.executa_codigo scheduled__2023-03-08T10:02:00+00:00 [queued]>
[2023-03-08 07:03:02,963] {taskinstance.py:1159} INFO - Dependencies all met for <TaskInstance: meu_primeiro_dag.executa_codigo scheduled__2023-03-08T10:02:00+00:00 [queued]>
[2023-03-08 07:03:02,963] {taskinstance.py:1356} INFO - 
--------------------------------------------------------------------------------
[2023-03-08 07:03:02,963] {taskinstance.py:1357} INFO - Starting attempt 1 of 1
[2023-03-08 07:03:02,963] {taskinstance.py:1358} INFO - 
--------------------------------------------------------------------------------
[2023-03-08 07:03:02,971] {taskinstance.py:1377} INFO - Executing <Task(PythonOperator): executa_codigo> on 2023-03-08 10:02:00+00:00
[2023-03-08 07:03:02,973] {standard_task_runner.py:52} INFO - Started process 201526 to run task
[2023-03-08 07:03:02,975] {standard_task_runner.py:79} INFO - Running: ['airflow', 'tasks', 'run', 'meu_primeiro_dag', 'executa_codigo', 'scheduled__2023-03-08T10:02:00+00:00', '--job-id', '1271', '--raw', '--subdir', 'DAGS_FOLDER/cotacao_dolar.py', '--cfg-path', '/tmp/tmp9lm93lu7', '--error-file', '/tmp/tmpyd5vh2ao']
[2023-03-08 07:03:02,976] {standard_task_runner.py:80} INFO - Job 1271: Subtask executa_codigo
[2023-03-08 07:03:02,995] {task_command.py:370} INFO - Running <TaskInstance: meu_primeiro_dag.executa_codigo scheduled__2023-03-08T10:02:00+00:00 [running]> on host veripc-System-Product-Name
[2023-03-08 07:03:03,026] {taskinstance.py:1569} INFO - Exporting the following env vars:
AIRFLOW_CTX_DAG_OWNER=airflow
AIRFLOW_CTX_DAG_ID=meu_primeiro_dag
AIRFLOW_CTX_TASK_ID=executa_codigo
AIRFLOW_CTX_EXECUTION_DATE=2023-03-08T10:02:00+00:00
AIRFLOW_CTX_TRY_NUMBER=1
AIRFLOW_CTX_DAG_RUN_ID=scheduled__2023-03-08T10:02:00+00:00
[2023-03-08 07:03:03,229] {python.py:173} INFO - Done. Returned value was: O Id da cotação é ID: 64085d571fd435a3d9b3b872
[2023-03-08 07:03:03,246] {taskinstance.py:1395} INFO - Marking task as SUCCESS. dag_id=meu_primeiro_dag, task_id=executa_codigo, execution_date=20230308T100200, start_date=20230308T100302, end_date=20230308T100303
[2023-03-08 07:03:03,267] {local_task_job.py:156} INFO - Task exited with return code 0
[2023-03-08 07:03:03,278] {local_task_job.py:273} INFO - 0 downstream tasks scheduled from follow-on schedule check
