[2023-03-08 06:31:02,364] {taskinstance.py:1159} INFO - Dependencies all met for <TaskInstance: meu_primeiro_dag.executa_codigo scheduled__2023-03-08T09:30:00+00:00 [queued]>
[2023-03-08 06:31:02,368] {taskinstance.py:1159} INFO - Dependencies all met for <TaskInstance: meu_primeiro_dag.executa_codigo scheduled__2023-03-08T09:30:00+00:00 [queued]>
[2023-03-08 06:31:02,368] {taskinstance.py:1356} INFO - 
--------------------------------------------------------------------------------
[2023-03-08 06:31:02,368] {taskinstance.py:1357} INFO - Starting attempt 1 of 1
[2023-03-08 06:31:02,368] {taskinstance.py:1358} INFO - 
--------------------------------------------------------------------------------
[2023-03-08 06:31:02,376] {taskinstance.py:1377} INFO - Executing <Task(PythonOperator): executa_codigo> on 2023-03-08 09:30:00+00:00
[2023-03-08 06:31:02,377] {standard_task_runner.py:52} INFO - Started process 190547 to run task
[2023-03-08 06:31:02,380] {standard_task_runner.py:79} INFO - Running: ['airflow', 'tasks', 'run', 'meu_primeiro_dag', 'executa_codigo', 'scheduled__2023-03-08T09:30:00+00:00', '--job-id', '1239', '--raw', '--subdir', 'DAGS_FOLDER/cotacao_dolar.py', '--cfg-path', '/tmp/tmp3g2nhde8', '--error-file', '/tmp/tmp0sn4h55p']
[2023-03-08 06:31:02,380] {standard_task_runner.py:80} INFO - Job 1239: Subtask executa_codigo
[2023-03-08 06:31:02,402] {task_command.py:370} INFO - Running <TaskInstance: meu_primeiro_dag.executa_codigo scheduled__2023-03-08T09:30:00+00:00 [running]> on host veripc-System-Product-Name
[2023-03-08 06:31:02,436] {taskinstance.py:1569} INFO - Exporting the following env vars:
AIRFLOW_CTX_DAG_OWNER=airflow
AIRFLOW_CTX_DAG_ID=meu_primeiro_dag
AIRFLOW_CTX_TASK_ID=executa_codigo
AIRFLOW_CTX_EXECUTION_DATE=2023-03-08T09:30:00+00:00
AIRFLOW_CTX_TRY_NUMBER=1
AIRFLOW_CTX_DAG_RUN_ID=scheduled__2023-03-08T09:30:00+00:00
[2023-03-08 06:31:02,617] {python.py:173} INFO - Done. Returned value was: O Id da cotação é ID: 640855d61cc8dc15890f3369
[2023-03-08 06:31:02,627] {taskinstance.py:1395} INFO - Marking task as SUCCESS. dag_id=meu_primeiro_dag, task_id=executa_codigo, execution_date=20230308T093000, start_date=20230308T093102, end_date=20230308T093102
[2023-03-08 06:31:02,672] {local_task_job.py:156} INFO - Task exited with return code 0
[2023-03-08 06:31:02,686] {local_task_job.py:273} INFO - 0 downstream tasks scheduled from follow-on schedule check
