[2023-03-08 01:56:01,846] {taskinstance.py:1159} INFO - Dependencies all met for <TaskInstance: meu_primeiro_dag.executa_codigo scheduled__2023-03-08T04:55:00+00:00 [queued]>
[2023-03-08 01:56:01,850] {taskinstance.py:1159} INFO - Dependencies all met for <TaskInstance: meu_primeiro_dag.executa_codigo scheduled__2023-03-08T04:55:00+00:00 [queued]>
[2023-03-08 01:56:01,850] {taskinstance.py:1356} INFO - 
--------------------------------------------------------------------------------
[2023-03-08 01:56:01,850] {taskinstance.py:1357} INFO - Starting attempt 1 of 1
[2023-03-08 01:56:01,850] {taskinstance.py:1358} INFO - 
--------------------------------------------------------------------------------
[2023-03-08 01:56:01,859] {taskinstance.py:1377} INFO - Executing <Task(PythonOperator): executa_codigo> on 2023-03-08 04:55:00+00:00
[2023-03-08 01:56:01,860] {standard_task_runner.py:52} INFO - Started process 156333 to run task
[2023-03-08 01:56:01,862] {standard_task_runner.py:79} INFO - Running: ['airflow', 'tasks', 'run', 'meu_primeiro_dag', 'executa_codigo', 'scheduled__2023-03-08T04:55:00+00:00', '--job-id', '964', '--raw', '--subdir', 'DAGS_FOLDER/cotacao_dolar.py', '--cfg-path', '/tmp/tmppb8nopov', '--error-file', '/tmp/tmp1a92he9v']
[2023-03-08 01:56:01,862] {standard_task_runner.py:80} INFO - Job 964: Subtask executa_codigo
[2023-03-08 01:56:01,882] {task_command.py:370} INFO - Running <TaskInstance: meu_primeiro_dag.executa_codigo scheduled__2023-03-08T04:55:00+00:00 [running]> on host veripc-System-Product-Name
[2023-03-08 01:56:01,913] {taskinstance.py:1569} INFO - Exporting the following env vars:
AIRFLOW_CTX_DAG_OWNER=airflow
AIRFLOW_CTX_DAG_ID=meu_primeiro_dag
AIRFLOW_CTX_TASK_ID=executa_codigo
AIRFLOW_CTX_EXECUTION_DATE=2023-03-08T04:55:00+00:00
AIRFLOW_CTX_TRY_NUMBER=1
AIRFLOW_CTX_DAG_RUN_ID=scheduled__2023-03-08T04:55:00+00:00
[2023-03-08 01:56:02,092] {python.py:173} INFO - Done. Returned value was: O Id da cotação é ID: 64081562e239cbd94fab55dd
[2023-03-08 01:56:02,110] {taskinstance.py:1395} INFO - Marking task as SUCCESS. dag_id=meu_primeiro_dag, task_id=executa_codigo, execution_date=20230308T045500, start_date=20230308T045601, end_date=20230308T045602
[2023-03-08 01:56:02,154] {local_task_job.py:156} INFO - Task exited with return code 0
[2023-03-08 01:56:02,170] {local_task_job.py:273} INFO - 0 downstream tasks scheduled from follow-on schedule check
