[2023-03-08 06:11:02,663] {taskinstance.py:1159} INFO - Dependencies all met for <TaskInstance: meu_primeiro_dag.executa_codigo scheduled__2023-03-08T09:10:00+00:00 [queued]>
[2023-03-08 06:11:02,667] {taskinstance.py:1159} INFO - Dependencies all met for <TaskInstance: meu_primeiro_dag.executa_codigo scheduled__2023-03-08T09:10:00+00:00 [queued]>
[2023-03-08 06:11:02,667] {taskinstance.py:1356} INFO - 
--------------------------------------------------------------------------------
[2023-03-08 06:11:02,667] {taskinstance.py:1357} INFO - Starting attempt 1 of 1
[2023-03-08 06:11:02,667] {taskinstance.py:1358} INFO - 
--------------------------------------------------------------------------------
[2023-03-08 06:11:02,687] {taskinstance.py:1377} INFO - Executing <Task(PythonOperator): executa_codigo> on 2023-03-08 09:10:00+00:00
[2023-03-08 06:11:02,689] {standard_task_runner.py:52} INFO - Started process 187324 to run task
[2023-03-08 06:11:02,691] {standard_task_runner.py:79} INFO - Running: ['airflow', 'tasks', 'run', 'meu_primeiro_dag', 'executa_codigo', 'scheduled__2023-03-08T09:10:00+00:00', '--job-id', '1219', '--raw', '--subdir', 'DAGS_FOLDER/cotacao_dolar.py', '--cfg-path', '/tmp/tmprif5stsc', '--error-file', '/tmp/tmp6r5hq_0j']
[2023-03-08 06:11:02,691] {standard_task_runner.py:80} INFO - Job 1219: Subtask executa_codigo
[2023-03-08 06:11:02,710] {task_command.py:370} INFO - Running <TaskInstance: meu_primeiro_dag.executa_codigo scheduled__2023-03-08T09:10:00+00:00 [running]> on host veripc-System-Product-Name
[2023-03-08 06:11:02,740] {taskinstance.py:1569} INFO - Exporting the following env vars:
AIRFLOW_CTX_DAG_OWNER=airflow
AIRFLOW_CTX_DAG_ID=meu_primeiro_dag
AIRFLOW_CTX_TASK_ID=executa_codigo
AIRFLOW_CTX_EXECUTION_DATE=2023-03-08T09:10:00+00:00
AIRFLOW_CTX_TRY_NUMBER=1
AIRFLOW_CTX_DAG_RUN_ID=scheduled__2023-03-08T09:10:00+00:00
[2023-03-08 06:11:02,917] {python.py:173} INFO - Done. Returned value was: O Id da cotação é ID: 64085126362d4f2ddfc153bc
[2023-03-08 06:11:02,926] {taskinstance.py:1395} INFO - Marking task as SUCCESS. dag_id=meu_primeiro_dag, task_id=executa_codigo, execution_date=20230308T091000, start_date=20230308T091102, end_date=20230308T091102
[2023-03-08 06:11:02,942] {local_task_job.py:156} INFO - Task exited with return code 0
[2023-03-08 06:11:02,952] {local_task_job.py:273} INFO - 0 downstream tasks scheduled from follow-on schedule check
