[2023-03-07 14:28:34,472] {taskinstance.py:1159} INFO - Dependencies all met for <TaskInstance: meu_primeiro_dag.Executando scheduled__2023-03-06T00:45:00+00:00 [queued]>
[2023-03-07 14:28:34,475] {taskinstance.py:1159} INFO - Dependencies all met for <TaskInstance: meu_primeiro_dag.Executando scheduled__2023-03-06T00:45:00+00:00 [queued]>
[2023-03-07 14:28:34,475] {taskinstance.py:1356} INFO - 
--------------------------------------------------------------------------------
[2023-03-07 14:28:34,475] {taskinstance.py:1357} INFO - Starting attempt 1 of 1
[2023-03-07 14:28:34,476] {taskinstance.py:1358} INFO - 
--------------------------------------------------------------------------------
[2023-03-07 14:28:34,484] {taskinstance.py:1377} INFO - Executing <Task(PythonOperator): Executando> on 2023-03-06 00:45:00+00:00
[2023-03-07 14:28:34,486] {standard_task_runner.py:52} INFO - Started process 63318 to run task
[2023-03-07 14:28:34,487] {standard_task_runner.py:79} INFO - Running: ['airflow', 'tasks', 'run', 'meu_primeiro_dag', 'Executando', 'scheduled__2023-03-06T00:45:00+00:00', '--job-id', '58', '--raw', '--subdir', 'DAGS_FOLDER/cotacao_dolar.py', '--cfg-path', '/tmp/tmpbuiuz21m', '--error-file', '/tmp/tmpqkxd67pd']
[2023-03-07 14:28:34,488] {standard_task_runner.py:80} INFO - Job 58: Subtask Executando
[2023-03-07 14:28:34,511] {task_command.py:370} INFO - Running <TaskInstance: meu_primeiro_dag.Executando scheduled__2023-03-06T00:45:00+00:00 [running]> on host veripc-System-Product-Name
[2023-03-07 14:28:34,538] {taskinstance.py:1569} INFO - Exporting the following env vars:
AIRFLOW_CTX_DAG_OWNER=airflow
AIRFLOW_CTX_DAG_ID=meu_primeiro_dag
AIRFLOW_CTX_TASK_ID=Executando
AIRFLOW_CTX_EXECUTION_DATE=2023-03-06T00:45:00+00:00
AIRFLOW_CTX_TRY_NUMBER=1
AIRFLOW_CTX_DAG_RUN_ID=scheduled__2023-03-06T00:45:00+00:00
[2023-03-07 14:28:34,538] {python.py:173} INFO - Done. Returned value was: None
[2023-03-07 14:28:34,543] {taskinstance.py:1395} INFO - Marking task as SUCCESS. dag_id=meu_primeiro_dag, task_id=Executando, execution_date=20230306T004500, start_date=20230307T172834, end_date=20230307T172834
[2023-03-07 14:28:34,579] {local_task_job.py:156} INFO - Task exited with return code 0
[2023-03-07 14:28:34,589] {local_task_job.py:273} INFO - 0 downstream tasks scheduled from follow-on schedule check
