[2023-03-07 14:48:34,624] {taskinstance.py:1159} INFO - Dependencies all met for <TaskInstance: meu_primeiro_dag.executa_codigo scheduled__2023-03-06T15:17:00+00:00 [queued]>
[2023-03-07 14:48:34,628] {taskinstance.py:1159} INFO - Dependencies all met for <TaskInstance: meu_primeiro_dag.executa_codigo scheduled__2023-03-06T15:17:00+00:00 [queued]>
[2023-03-07 14:48:34,628] {taskinstance.py:1356} INFO - 
--------------------------------------------------------------------------------
[2023-03-07 14:48:34,628] {taskinstance.py:1357} INFO - Starting attempt 1 of 1
[2023-03-07 14:48:34,628] {taskinstance.py:1358} INFO - 
--------------------------------------------------------------------------------
[2023-03-07 14:48:34,636] {taskinstance.py:1377} INFO - Executing <Task(PythonOperator): executa_codigo> on 2023-03-06 15:17:00+00:00
[2023-03-07 14:48:34,638] {standard_task_runner.py:52} INFO - Started process 68140 to run task
[2023-03-07 14:48:34,640] {standard_task_runner.py:79} INFO - Running: ['airflow', 'tasks', 'run', 'meu_primeiro_dag', 'executa_codigo', 'scheduled__2023-03-06T15:17:00+00:00', '--job-id', '238', '--raw', '--subdir', 'DAGS_FOLDER/cotacao_dolar.py', '--cfg-path', '/tmp/tmpg814gk_0', '--error-file', '/tmp/tmpalqbg12t']
[2023-03-07 14:48:34,640] {standard_task_runner.py:80} INFO - Job 238: Subtask executa_codigo
[2023-03-07 14:48:34,660] {task_command.py:370} INFO - Running <TaskInstance: meu_primeiro_dag.executa_codigo scheduled__2023-03-06T15:17:00+00:00 [running]> on host veripc-System-Product-Name
[2023-03-07 14:48:34,688] {taskinstance.py:1569} INFO - Exporting the following env vars:
AIRFLOW_CTX_DAG_OWNER=airflow
AIRFLOW_CTX_DAG_ID=meu_primeiro_dag
AIRFLOW_CTX_TASK_ID=executa_codigo
AIRFLOW_CTX_EXECUTION_DATE=2023-03-06T15:17:00+00:00
AIRFLOW_CTX_TRY_NUMBER=1
AIRFLOW_CTX_DAG_RUN_ID=scheduled__2023-03-06T15:17:00+00:00
[2023-03-07 14:48:34,882] {python.py:173} INFO - Done. Returned value was: O Id da cotação é ID: 640778f21e0fec7fcd7685c7
[2023-03-07 14:48:34,890] {taskinstance.py:1395} INFO - Marking task as SUCCESS. dag_id=meu_primeiro_dag, task_id=executa_codigo, execution_date=20230306T151700, start_date=20230307T174834, end_date=20230307T174834
[2023-03-07 14:48:34,932] {local_task_job.py:156} INFO - Task exited with return code 0
[2023-03-07 14:48:34,941] {local_task_job.py:273} INFO - 0 downstream tasks scheduled from follow-on schedule check
