[2023-03-07 15:09:02,277] {taskinstance.py:1159} INFO - Dependencies all met for <TaskInstance: meu_primeiro_dag.executa_codigo scheduled__2023-03-07T18:08:00+00:00 [queued]>
[2023-03-07 15:09:02,280] {taskinstance.py:1159} INFO - Dependencies all met for <TaskInstance: meu_primeiro_dag.executa_codigo scheduled__2023-03-07T18:08:00+00:00 [queued]>
[2023-03-07 15:09:02,280] {taskinstance.py:1356} INFO - 
--------------------------------------------------------------------------------
[2023-03-07 15:09:02,280] {taskinstance.py:1357} INFO - Starting attempt 1 of 1
[2023-03-07 15:09:02,281] {taskinstance.py:1358} INFO - 
--------------------------------------------------------------------------------
[2023-03-07 15:09:02,289] {taskinstance.py:1377} INFO - Executing <Task(PythonOperator): executa_codigo> on 2023-03-07 18:08:00+00:00
[2023-03-07 15:09:02,290] {standard_task_runner.py:52} INFO - Started process 72169 to run task
[2023-03-07 15:09:02,292] {standard_task_runner.py:79} INFO - Running: ['airflow', 'tasks', 'run', 'meu_primeiro_dag', 'executa_codigo', 'scheduled__2023-03-07T18:08:00+00:00', '--job-id', '315', '--raw', '--subdir', 'DAGS_FOLDER/cotacao_dolar.py', '--cfg-path', '/tmp/tmpgd5vm3go', '--error-file', '/tmp/tmpb2g51qjv']
[2023-03-07 15:09:02,293] {standard_task_runner.py:80} INFO - Job 315: Subtask executa_codigo
[2023-03-07 15:09:02,312] {task_command.py:370} INFO - Running <TaskInstance: meu_primeiro_dag.executa_codigo scheduled__2023-03-07T18:08:00+00:00 [running]> on host veripc-System-Product-Name
[2023-03-07 15:09:02,340] {taskinstance.py:1569} INFO - Exporting the following env vars:
AIRFLOW_CTX_DAG_OWNER=airflow
AIRFLOW_CTX_DAG_ID=meu_primeiro_dag
AIRFLOW_CTX_TASK_ID=executa_codigo
AIRFLOW_CTX_EXECUTION_DATE=2023-03-07T18:08:00+00:00
AIRFLOW_CTX_TRY_NUMBER=1
AIRFLOW_CTX_DAG_RUN_ID=scheduled__2023-03-07T18:08:00+00:00
[2023-03-07 15:09:02,591] {python.py:173} INFO - Done. Returned value was: O Id da cotação é ID: 64077dbe1a280bde008e74ef
[2023-03-07 15:09:02,603] {taskinstance.py:1395} INFO - Marking task as SUCCESS. dag_id=meu_primeiro_dag, task_id=executa_codigo, execution_date=20230307T180800, start_date=20230307T180902, end_date=20230307T180902
[2023-03-07 15:09:02,624] {local_task_job.py:156} INFO - Task exited with return code 0
[2023-03-07 15:09:02,633] {local_task_job.py:273} INFO - 0 downstream tasks scheduled from follow-on schedule check
