[2023-03-08 07:58:02,697] {taskinstance.py:1159} INFO - Dependencies all met for <TaskInstance: meu_primeiro_dag.executa_codigo scheduled__2023-03-08T10:57:00+00:00 [queued]>
[2023-03-08 07:58:02,701] {taskinstance.py:1159} INFO - Dependencies all met for <TaskInstance: meu_primeiro_dag.executa_codigo scheduled__2023-03-08T10:57:00+00:00 [queued]>
[2023-03-08 07:58:02,701] {taskinstance.py:1356} INFO - 
--------------------------------------------------------------------------------
[2023-03-08 07:58:02,701] {taskinstance.py:1357} INFO - Starting attempt 1 of 1
[2023-03-08 07:58:02,701] {taskinstance.py:1358} INFO - 
--------------------------------------------------------------------------------
[2023-03-08 07:58:02,714] {taskinstance.py:1377} INFO - Executing <Task(PythonOperator): executa_codigo> on 2023-03-08 10:57:00+00:00
[2023-03-08 07:58:02,715] {standard_task_runner.py:52} INFO - Started process 208072 to run task
[2023-03-08 07:58:02,718] {standard_task_runner.py:79} INFO - Running: ['airflow', 'tasks', 'run', 'meu_primeiro_dag', 'executa_codigo', 'scheduled__2023-03-08T10:57:00+00:00', '--job-id', '1326', '--raw', '--subdir', 'DAGS_FOLDER/cotacao_dolar.py', '--cfg-path', '/tmp/tmp9kz3xbke', '--error-file', '/tmp/tmpr3g79m_4']
[2023-03-08 07:58:02,718] {standard_task_runner.py:80} INFO - Job 1326: Subtask executa_codigo
[2023-03-08 07:58:02,737] {task_command.py:370} INFO - Running <TaskInstance: meu_primeiro_dag.executa_codigo scheduled__2023-03-08T10:57:00+00:00 [running]> on host veripc-System-Product-Name
[2023-03-08 07:58:02,767] {taskinstance.py:1569} INFO - Exporting the following env vars:
AIRFLOW_CTX_DAG_OWNER=airflow
AIRFLOW_CTX_DAG_ID=meu_primeiro_dag
AIRFLOW_CTX_TASK_ID=executa_codigo
AIRFLOW_CTX_EXECUTION_DATE=2023-03-08T10:57:00+00:00
AIRFLOW_CTX_TRY_NUMBER=1
AIRFLOW_CTX_DAG_RUN_ID=scheduled__2023-03-08T10:57:00+00:00
[2023-03-08 07:58:02,975] {python.py:173} INFO - Done. Returned value was: O Id da cotação é ID: 64086a3a26b7bcb50c47e8aa
[2023-03-08 07:58:02,990] {taskinstance.py:1395} INFO - Marking task as SUCCESS. dag_id=meu_primeiro_dag, task_id=executa_codigo, execution_date=20230308T105700, start_date=20230308T105802, end_date=20230308T105802
[2023-03-08 07:58:03,010] {local_task_job.py:156} INFO - Task exited with return code 0
[2023-03-08 07:58:03,023] {local_task_job.py:273} INFO - 0 downstream tasks scheduled from follow-on schedule check
