[2023-03-08 06:47:01,962] {taskinstance.py:1159} INFO - Dependencies all met for <TaskInstance: meu_primeiro_dag.executa_codigo scheduled__2023-03-08T09:46:00+00:00 [queued]>
[2023-03-08 06:47:01,966] {taskinstance.py:1159} INFO - Dependencies all met for <TaskInstance: meu_primeiro_dag.executa_codigo scheduled__2023-03-08T09:46:00+00:00 [queued]>
[2023-03-08 06:47:01,966] {taskinstance.py:1356} INFO - 
--------------------------------------------------------------------------------
[2023-03-08 06:47:01,966] {taskinstance.py:1357} INFO - Starting attempt 1 of 1
[2023-03-08 06:47:01,966] {taskinstance.py:1358} INFO - 
--------------------------------------------------------------------------------
[2023-03-08 06:47:01,976] {taskinstance.py:1377} INFO - Executing <Task(PythonOperator): executa_codigo> on 2023-03-08 09:46:00+00:00
[2023-03-08 06:47:01,977] {standard_task_runner.py:52} INFO - Started process 192577 to run task
[2023-03-08 06:47:01,979] {standard_task_runner.py:79} INFO - Running: ['airflow', 'tasks', 'run', 'meu_primeiro_dag', 'executa_codigo', 'scheduled__2023-03-08T09:46:00+00:00', '--job-id', '1255', '--raw', '--subdir', 'DAGS_FOLDER/cotacao_dolar.py', '--cfg-path', '/tmp/tmpo8q97nkx', '--error-file', '/tmp/tmphgymylc9']
[2023-03-08 06:47:01,980] {standard_task_runner.py:80} INFO - Job 1255: Subtask executa_codigo
[2023-03-08 06:47:01,998] {task_command.py:370} INFO - Running <TaskInstance: meu_primeiro_dag.executa_codigo scheduled__2023-03-08T09:46:00+00:00 [running]> on host veripc-System-Product-Name
[2023-03-08 06:47:02,027] {taskinstance.py:1569} INFO - Exporting the following env vars:
AIRFLOW_CTX_DAG_OWNER=airflow
AIRFLOW_CTX_DAG_ID=meu_primeiro_dag
AIRFLOW_CTX_TASK_ID=executa_codigo
AIRFLOW_CTX_EXECUTION_DATE=2023-03-08T09:46:00+00:00
AIRFLOW_CTX_TRY_NUMBER=1
AIRFLOW_CTX_DAG_RUN_ID=scheduled__2023-03-08T09:46:00+00:00
[2023-03-08 06:47:02,214] {python.py:173} INFO - Done. Returned value was: O Id da cotação é ID: 6408599636f45c0977ccf4d1
[2023-03-08 06:47:02,227] {taskinstance.py:1395} INFO - Marking task as SUCCESS. dag_id=meu_primeiro_dag, task_id=executa_codigo, execution_date=20230308T094600, start_date=20230308T094701, end_date=20230308T094702
[2023-03-08 06:47:02,271] {local_task_job.py:156} INFO - Task exited with return code 0
[2023-03-08 06:47:02,282] {local_task_job.py:273} INFO - 0 downstream tasks scheduled from follow-on schedule check
