[2023-03-07 14:47:21,409] {taskinstance.py:1159} INFO - Dependencies all met for <TaskInstance: meu_primeiro_dag.executa_codigo scheduled__2023-03-06T01:59:00+00:00 [queued]>
[2023-03-07 14:47:21,413] {taskinstance.py:1159} INFO - Dependencies all met for <TaskInstance: meu_primeiro_dag.executa_codigo scheduled__2023-03-06T01:59:00+00:00 [queued]>
[2023-03-07 14:47:21,413] {taskinstance.py:1356} INFO - 
--------------------------------------------------------------------------------
[2023-03-07 14:47:21,413] {taskinstance.py:1357} INFO - Starting attempt 1 of 1
[2023-03-07 14:47:21,413] {taskinstance.py:1358} INFO - 
--------------------------------------------------------------------------------
[2023-03-07 14:47:21,421] {taskinstance.py:1377} INFO - Executing <Task(PythonOperator): executa_codigo> on 2023-03-06 01:59:00+00:00
[2023-03-07 14:47:21,423] {standard_task_runner.py:52} INFO - Started process 67548 to run task
[2023-03-07 14:47:21,424] {standard_task_runner.py:79} INFO - Running: ['airflow', 'tasks', 'run', 'meu_primeiro_dag', 'executa_codigo', 'scheduled__2023-03-06T01:59:00+00:00', '--job-id', '207', '--raw', '--subdir', 'DAGS_FOLDER/cotacao_dolar.py', '--cfg-path', '/tmp/tmp3303d8jb', '--error-file', '/tmp/tmpzdxyxid7']
[2023-03-07 14:47:21,425] {standard_task_runner.py:80} INFO - Job 207: Subtask executa_codigo
[2023-03-07 14:47:21,444] {task_command.py:370} INFO - Running <TaskInstance: meu_primeiro_dag.executa_codigo scheduled__2023-03-06T01:59:00+00:00 [running]> on host veripc-System-Product-Name
[2023-03-07 14:47:21,473] {taskinstance.py:1569} INFO - Exporting the following env vars:
AIRFLOW_CTX_DAG_OWNER=airflow
AIRFLOW_CTX_DAG_ID=meu_primeiro_dag
AIRFLOW_CTX_TASK_ID=executa_codigo
AIRFLOW_CTX_EXECUTION_DATE=2023-03-06T01:59:00+00:00
AIRFLOW_CTX_TRY_NUMBER=1
AIRFLOW_CTX_DAG_RUN_ID=scheduled__2023-03-06T01:59:00+00:00
[2023-03-07 14:47:21,725] {python.py:173} INFO - Done. Returned value was: O Id da cotação é ID: 640778a93e2a94cc736ea66c
[2023-03-07 14:47:21,739] {taskinstance.py:1395} INFO - Marking task as SUCCESS. dag_id=meu_primeiro_dag, task_id=executa_codigo, execution_date=20230306T015900, start_date=20230307T174721, end_date=20230307T174721
[2023-03-07 14:47:21,756] {local_task_job.py:156} INFO - Task exited with return code 0
[2023-03-07 14:47:21,766] {local_task_job.py:273} INFO - 0 downstream tasks scheduled from follow-on schedule check
