[2023-03-07 14:44:44,764] {taskinstance.py:1159} INFO - Dependencies all met for <TaskInstance: meu_primeiro_dag.executa_codigo scheduled__2023-03-06T00:47:00+00:00 [queued]>
[2023-03-07 14:44:44,767] {taskinstance.py:1159} INFO - Dependencies all met for <TaskInstance: meu_primeiro_dag.executa_codigo scheduled__2023-03-06T00:47:00+00:00 [queued]>
[2023-03-07 14:44:44,768] {taskinstance.py:1356} INFO - 
--------------------------------------------------------------------------------
[2023-03-07 14:44:44,768] {taskinstance.py:1357} INFO - Starting attempt 1 of 1
[2023-03-07 14:44:44,768] {taskinstance.py:1358} INFO - 
--------------------------------------------------------------------------------
[2023-03-07 14:44:44,775] {taskinstance.py:1377} INFO - Executing <Task(PythonOperator): executa_codigo> on 2023-03-06 00:47:00+00:00
[2023-03-07 14:44:44,777] {standard_task_runner.py:52} INFO - Started process 66217 to run task
[2023-03-07 14:44:44,779] {standard_task_runner.py:79} INFO - Running: ['airflow', 'tasks', 'run', 'meu_primeiro_dag', 'executa_codigo', 'scheduled__2023-03-06T00:47:00+00:00', '--job-id', '135', '--raw', '--subdir', 'DAGS_FOLDER/cotacao_dolar.py', '--cfg-path', '/tmp/tmpssvf_4zn', '--error-file', '/tmp/tmpsj4rmpmx']
[2023-03-07 14:44:44,779] {standard_task_runner.py:80} INFO - Job 135: Subtask executa_codigo
[2023-03-07 14:44:44,799] {task_command.py:370} INFO - Running <TaskInstance: meu_primeiro_dag.executa_codigo scheduled__2023-03-06T00:47:00+00:00 [running]> on host veripc-System-Product-Name
[2023-03-07 14:44:44,828] {taskinstance.py:1569} INFO - Exporting the following env vars:
AIRFLOW_CTX_DAG_OWNER=airflow
AIRFLOW_CTX_DAG_ID=meu_primeiro_dag
AIRFLOW_CTX_TASK_ID=executa_codigo
AIRFLOW_CTX_EXECUTION_DATE=2023-03-06T00:47:00+00:00
AIRFLOW_CTX_TRY_NUMBER=1
AIRFLOW_CTX_DAG_RUN_ID=scheduled__2023-03-06T00:47:00+00:00
[2023-03-07 14:44:45,074] {python.py:173} INFO - Done. Returned value was: O Id da cotação é ID: 6407780d2c6c99ab84c6936f
[2023-03-07 14:44:45,084] {taskinstance.py:1395} INFO - Marking task as SUCCESS. dag_id=meu_primeiro_dag, task_id=executa_codigo, execution_date=20230306T004700, start_date=20230307T174444, end_date=20230307T174445
[2023-03-07 14:44:45,111] {local_task_job.py:156} INFO - Task exited with return code 0
[2023-03-07 14:44:45,121] {local_task_job.py:273} INFO - 0 downstream tasks scheduled from follow-on schedule check
