[2023-03-08 02:07:02,864] {taskinstance.py:1159} INFO - Dependencies all met for <TaskInstance: meu_primeiro_dag.executa_codigo scheduled__2023-03-08T05:06:00+00:00 [queued]>
[2023-03-08 02:07:02,868] {taskinstance.py:1159} INFO - Dependencies all met for <TaskInstance: meu_primeiro_dag.executa_codigo scheduled__2023-03-08T05:06:00+00:00 [queued]>
[2023-03-08 02:07:02,868] {taskinstance.py:1356} INFO - 
--------------------------------------------------------------------------------
[2023-03-08 02:07:02,868] {taskinstance.py:1357} INFO - Starting attempt 1 of 1
[2023-03-08 02:07:02,868] {taskinstance.py:1358} INFO - 
--------------------------------------------------------------------------------
[2023-03-08 02:07:02,878] {taskinstance.py:1377} INFO - Executing <Task(PythonOperator): executa_codigo> on 2023-03-08 05:06:00+00:00
[2023-03-08 02:07:02,880] {standard_task_runner.py:52} INFO - Started process 157713 to run task
[2023-03-08 02:07:02,882] {standard_task_runner.py:79} INFO - Running: ['airflow', 'tasks', 'run', 'meu_primeiro_dag', 'executa_codigo', 'scheduled__2023-03-08T05:06:00+00:00', '--job-id', '975', '--raw', '--subdir', 'DAGS_FOLDER/cotacao_dolar.py', '--cfg-path', '/tmp/tmpvydaa4ii', '--error-file', '/tmp/tmp54ufot2w']
[2023-03-08 02:07:02,882] {standard_task_runner.py:80} INFO - Job 975: Subtask executa_codigo
[2023-03-08 02:07:02,901] {task_command.py:370} INFO - Running <TaskInstance: meu_primeiro_dag.executa_codigo scheduled__2023-03-08T05:06:00+00:00 [running]> on host veripc-System-Product-Name
[2023-03-08 02:07:02,931] {taskinstance.py:1569} INFO - Exporting the following env vars:
AIRFLOW_CTX_DAG_OWNER=airflow
AIRFLOW_CTX_DAG_ID=meu_primeiro_dag
AIRFLOW_CTX_TASK_ID=executa_codigo
AIRFLOW_CTX_EXECUTION_DATE=2023-03-08T05:06:00+00:00
AIRFLOW_CTX_TRY_NUMBER=1
AIRFLOW_CTX_DAG_RUN_ID=scheduled__2023-03-08T05:06:00+00:00
[2023-03-08 02:07:03,096] {python.py:173} INFO - Done. Returned value was: O Id da cotação é ID: 640817f789209eae5db6a3a8
[2023-03-08 02:07:03,105] {taskinstance.py:1395} INFO - Marking task as SUCCESS. dag_id=meu_primeiro_dag, task_id=executa_codigo, execution_date=20230308T050600, start_date=20230308T050702, end_date=20230308T050703
[2023-03-08 02:07:03,134] {local_task_job.py:156} INFO - Task exited with return code 0
[2023-03-08 02:07:03,144] {local_task_job.py:273} INFO - 0 downstream tasks scheduled from follow-on schedule check
