[2023-03-08 06:19:01,853] {taskinstance.py:1159} INFO - Dependencies all met for <TaskInstance: meu_primeiro_dag.executa_codigo scheduled__2023-03-08T09:18:00+00:00 [queued]>
[2023-03-08 06:19:01,857] {taskinstance.py:1159} INFO - Dependencies all met for <TaskInstance: meu_primeiro_dag.executa_codigo scheduled__2023-03-08T09:18:00+00:00 [queued]>
[2023-03-08 06:19:01,857] {taskinstance.py:1356} INFO - 
--------------------------------------------------------------------------------
[2023-03-08 06:19:01,857] {taskinstance.py:1357} INFO - Starting attempt 1 of 1
[2023-03-08 06:19:01,857] {taskinstance.py:1358} INFO - 
--------------------------------------------------------------------------------
[2023-03-08 06:19:01,867] {taskinstance.py:1377} INFO - Executing <Task(PythonOperator): executa_codigo> on 2023-03-08 09:18:00+00:00
[2023-03-08 06:19:01,868] {standard_task_runner.py:52} INFO - Started process 188274 to run task
[2023-03-08 06:19:01,870] {standard_task_runner.py:79} INFO - Running: ['airflow', 'tasks', 'run', 'meu_primeiro_dag', 'executa_codigo', 'scheduled__2023-03-08T09:18:00+00:00', '--job-id', '1227', '--raw', '--subdir', 'DAGS_FOLDER/cotacao_dolar.py', '--cfg-path', '/tmp/tmppiieg3y4', '--error-file', '/tmp/tmp8im9_7__']
[2023-03-08 06:19:01,871] {standard_task_runner.py:80} INFO - Job 1227: Subtask executa_codigo
[2023-03-08 06:19:01,889] {task_command.py:370} INFO - Running <TaskInstance: meu_primeiro_dag.executa_codigo scheduled__2023-03-08T09:18:00+00:00 [running]> on host veripc-System-Product-Name
[2023-03-08 06:19:01,919] {taskinstance.py:1569} INFO - Exporting the following env vars:
AIRFLOW_CTX_DAG_OWNER=airflow
AIRFLOW_CTX_DAG_ID=meu_primeiro_dag
AIRFLOW_CTX_TASK_ID=executa_codigo
AIRFLOW_CTX_EXECUTION_DATE=2023-03-08T09:18:00+00:00
AIRFLOW_CTX_TRY_NUMBER=1
AIRFLOW_CTX_DAG_RUN_ID=scheduled__2023-03-08T09:18:00+00:00
[2023-03-08 06:19:02,107] {python.py:173} INFO - Done. Returned value was: O Id da cotação é ID: 64085306c43e10aa1ae9342f
[2023-03-08 06:19:02,126] {taskinstance.py:1395} INFO - Marking task as SUCCESS. dag_id=meu_primeiro_dag, task_id=executa_codigo, execution_date=20230308T091800, start_date=20230308T091901, end_date=20230308T091902
[2023-03-08 06:19:02,162] {local_task_job.py:156} INFO - Task exited with return code 0
[2023-03-08 06:19:02,176] {local_task_job.py:273} INFO - 0 downstream tasks scheduled from follow-on schedule check
