[2023-03-08 06:24:02,642] {taskinstance.py:1159} INFO - Dependencies all met for <TaskInstance: meu_primeiro_dag.executa_codigo scheduled__2023-03-08T09:23:00+00:00 [queued]>
[2023-03-08 06:24:02,646] {taskinstance.py:1159} INFO - Dependencies all met for <TaskInstance: meu_primeiro_dag.executa_codigo scheduled__2023-03-08T09:23:00+00:00 [queued]>
[2023-03-08 06:24:02,646] {taskinstance.py:1356} INFO - 
--------------------------------------------------------------------------------
[2023-03-08 06:24:02,646] {taskinstance.py:1357} INFO - Starting attempt 1 of 1
[2023-03-08 06:24:02,647] {taskinstance.py:1358} INFO - 
--------------------------------------------------------------------------------
[2023-03-08 06:24:02,656] {taskinstance.py:1377} INFO - Executing <Task(PythonOperator): executa_codigo> on 2023-03-08 09:23:00+00:00
[2023-03-08 06:24:02,658] {standard_task_runner.py:52} INFO - Started process 188849 to run task
[2023-03-08 06:24:02,660] {standard_task_runner.py:79} INFO - Running: ['airflow', 'tasks', 'run', 'meu_primeiro_dag', 'executa_codigo', 'scheduled__2023-03-08T09:23:00+00:00', '--job-id', '1232', '--raw', '--subdir', 'DAGS_FOLDER/cotacao_dolar.py', '--cfg-path', '/tmp/tmplvbjtgol', '--error-file', '/tmp/tmp3u4k5h2g']
[2023-03-08 06:24:02,660] {standard_task_runner.py:80} INFO - Job 1232: Subtask executa_codigo
[2023-03-08 06:24:02,679] {task_command.py:370} INFO - Running <TaskInstance: meu_primeiro_dag.executa_codigo scheduled__2023-03-08T09:23:00+00:00 [running]> on host veripc-System-Product-Name
[2023-03-08 06:24:02,708] {taskinstance.py:1569} INFO - Exporting the following env vars:
AIRFLOW_CTX_DAG_OWNER=airflow
AIRFLOW_CTX_DAG_ID=meu_primeiro_dag
AIRFLOW_CTX_TASK_ID=executa_codigo
AIRFLOW_CTX_EXECUTION_DATE=2023-03-08T09:23:00+00:00
AIRFLOW_CTX_TRY_NUMBER=1
AIRFLOW_CTX_DAG_RUN_ID=scheduled__2023-03-08T09:23:00+00:00
[2023-03-08 06:24:02,894] {python.py:173} INFO - Done. Returned value was: O Id da cotação é ID: 640854320a85f43fe8bd30d5
[2023-03-08 06:24:02,912] {taskinstance.py:1395} INFO - Marking task as SUCCESS. dag_id=meu_primeiro_dag, task_id=executa_codigo, execution_date=20230308T092300, start_date=20230308T092402, end_date=20230308T092402
[2023-03-08 06:24:02,952] {local_task_job.py:156} INFO - Task exited with return code 0
[2023-03-08 06:24:02,962] {local_task_job.py:273} INFO - 0 downstream tasks scheduled from follow-on schedule check
