[2023-03-07 14:52:01,903] {taskinstance.py:1159} INFO - Dependencies all met for <TaskInstance: meu_primeiro_dag.executa_codigo scheduled__2023-03-07T17:51:00+00:00 [queued]>
[2023-03-07 14:52:01,906] {taskinstance.py:1159} INFO - Dependencies all met for <TaskInstance: meu_primeiro_dag.executa_codigo scheduled__2023-03-07T17:51:00+00:00 [queued]>
[2023-03-07 14:52:01,906] {taskinstance.py:1356} INFO - 
--------------------------------------------------------------------------------
[2023-03-07 14:52:01,906] {taskinstance.py:1357} INFO - Starting attempt 1 of 1
[2023-03-07 14:52:01,906] {taskinstance.py:1358} INFO - 
--------------------------------------------------------------------------------
[2023-03-07 14:52:01,914] {taskinstance.py:1377} INFO - Executing <Task(PythonOperator): executa_codigo> on 2023-03-07 17:51:00+00:00
[2023-03-07 14:52:01,916] {standard_task_runner.py:52} INFO - Started process 69459 to run task
[2023-03-07 14:52:01,918] {standard_task_runner.py:79} INFO - Running: ['airflow', 'tasks', 'run', 'meu_primeiro_dag', 'executa_codigo', 'scheduled__2023-03-07T17:51:00+00:00', '--job-id', '298', '--raw', '--subdir', 'DAGS_FOLDER/cotacao_dolar.py', '--cfg-path', '/tmp/tmpqu1kh7t5', '--error-file', '/tmp/tmpnh2ki3tl']
[2023-03-07 14:52:01,918] {standard_task_runner.py:80} INFO - Job 298: Subtask executa_codigo
[2023-03-07 14:52:01,938] {task_command.py:370} INFO - Running <TaskInstance: meu_primeiro_dag.executa_codigo scheduled__2023-03-07T17:51:00+00:00 [running]> on host veripc-System-Product-Name
[2023-03-07 14:52:01,966] {taskinstance.py:1569} INFO - Exporting the following env vars:
AIRFLOW_CTX_DAG_OWNER=airflow
AIRFLOW_CTX_DAG_ID=meu_primeiro_dag
AIRFLOW_CTX_TASK_ID=executa_codigo
AIRFLOW_CTX_EXECUTION_DATE=2023-03-07T17:51:00+00:00
AIRFLOW_CTX_TRY_NUMBER=1
AIRFLOW_CTX_DAG_RUN_ID=scheduled__2023-03-07T17:51:00+00:00
[2023-03-07 14:52:02,212] {python.py:173} INFO - Done. Returned value was: O Id da cotação é ID: 640779c21ae9ddda7a2a9ca3
[2023-03-07 14:52:02,227] {taskinstance.py:1395} INFO - Marking task as SUCCESS. dag_id=meu_primeiro_dag, task_id=executa_codigo, execution_date=20230307T175100, start_date=20230307T175201, end_date=20230307T175202
[2023-03-07 14:52:02,250] {local_task_job.py:156} INFO - Task exited with return code 0
[2023-03-07 14:52:02,263] {local_task_job.py:273} INFO - 0 downstream tasks scheduled from follow-on schedule check
