[2023-03-07 20:26:01,933] {taskinstance.py:1159} INFO - Dependencies all met for <TaskInstance: meu_primeiro_dag.executa_codigo scheduled__2023-03-07T23:25:00+00:00 [queued]>
[2023-03-07 20:26:01,937] {taskinstance.py:1159} INFO - Dependencies all met for <TaskInstance: meu_primeiro_dag.executa_codigo scheduled__2023-03-07T23:25:00+00:00 [queued]>
[2023-03-07 20:26:01,937] {taskinstance.py:1356} INFO - 
--------------------------------------------------------------------------------
[2023-03-07 20:26:01,937] {taskinstance.py:1357} INFO - Starting attempt 1 of 1
[2023-03-07 20:26:01,937] {taskinstance.py:1358} INFO - 
--------------------------------------------------------------------------------
[2023-03-07 20:26:01,946] {taskinstance.py:1377} INFO - Executing <Task(PythonOperator): executa_codigo> on 2023-03-07 23:25:00+00:00
[2023-03-07 20:26:01,947] {standard_task_runner.py:52} INFO - Started process 113174 to run task
[2023-03-07 20:26:01,949] {standard_task_runner.py:79} INFO - Running: ['airflow', 'tasks', 'run', 'meu_primeiro_dag', 'executa_codigo', 'scheduled__2023-03-07T23:25:00+00:00', '--job-id', '634', '--raw', '--subdir', 'DAGS_FOLDER/cotacao_dolar.py', '--cfg-path', '/tmp/tmpa75ockv3', '--error-file', '/tmp/tmp2s7eveq9']
[2023-03-07 20:26:01,950] {standard_task_runner.py:80} INFO - Job 634: Subtask executa_codigo
[2023-03-07 20:26:01,968] {task_command.py:370} INFO - Running <TaskInstance: meu_primeiro_dag.executa_codigo scheduled__2023-03-07T23:25:00+00:00 [running]> on host veripc-System-Product-Name
[2023-03-07 20:26:01,996] {taskinstance.py:1569} INFO - Exporting the following env vars:
AIRFLOW_CTX_DAG_OWNER=airflow
AIRFLOW_CTX_DAG_ID=meu_primeiro_dag
AIRFLOW_CTX_TASK_ID=executa_codigo
AIRFLOW_CTX_EXECUTION_DATE=2023-03-07T23:25:00+00:00
AIRFLOW_CTX_TRY_NUMBER=1
AIRFLOW_CTX_DAG_RUN_ID=scheduled__2023-03-07T23:25:00+00:00
[2023-03-07 20:26:02,161] {python.py:173} INFO - Done. Returned value was: O Id da cotação é ID: 6407c80ac0cc81768f1c6833
[2023-03-07 20:26:02,170] {taskinstance.py:1395} INFO - Marking task as SUCCESS. dag_id=meu_primeiro_dag, task_id=executa_codigo, execution_date=20230307T232500, start_date=20230307T232601, end_date=20230307T232602
[2023-03-07 20:26:02,201] {local_task_job.py:156} INFO - Task exited with return code 0
[2023-03-07 20:26:02,213] {local_task_job.py:273} INFO - 0 downstream tasks scheduled from follow-on schedule check
