[2023-03-07 15:48:02,438] {taskinstance.py:1159} INFO - Dependencies all met for <TaskInstance: meu_primeiro_dag.executa_codigo scheduled__2023-03-07T18:47:00+00:00 [queued]>
[2023-03-07 15:48:02,441] {taskinstance.py:1159} INFO - Dependencies all met for <TaskInstance: meu_primeiro_dag.executa_codigo scheduled__2023-03-07T18:47:00+00:00 [queued]>
[2023-03-07 15:48:02,441] {taskinstance.py:1356} INFO - 
--------------------------------------------------------------------------------
[2023-03-07 15:48:02,441] {taskinstance.py:1357} INFO - Starting attempt 1 of 1
[2023-03-07 15:48:02,441] {taskinstance.py:1358} INFO - 
--------------------------------------------------------------------------------
[2023-03-07 15:48:02,449] {taskinstance.py:1377} INFO - Executing <Task(PythonOperator): executa_codigo> on 2023-03-07 18:47:00+00:00
[2023-03-07 15:48:02,451] {standard_task_runner.py:52} INFO - Started process 77559 to run task
[2023-03-07 15:48:02,453] {standard_task_runner.py:79} INFO - Running: ['airflow', 'tasks', 'run', 'meu_primeiro_dag', 'executa_codigo', 'scheduled__2023-03-07T18:47:00+00:00', '--job-id', '356', '--raw', '--subdir', 'DAGS_FOLDER/cotacao_dolar.py', '--cfg-path', '/tmp/tmp3lov8m6y', '--error-file', '/tmp/tmppy3wc05s']
[2023-03-07 15:48:02,454] {standard_task_runner.py:80} INFO - Job 356: Subtask executa_codigo
[2023-03-07 15:48:02,474] {task_command.py:370} INFO - Running <TaskInstance: meu_primeiro_dag.executa_codigo scheduled__2023-03-07T18:47:00+00:00 [running]> on host veripc-System-Product-Name
[2023-03-07 15:48:02,502] {taskinstance.py:1569} INFO - Exporting the following env vars:
AIRFLOW_CTX_DAG_OWNER=airflow
AIRFLOW_CTX_DAG_ID=meu_primeiro_dag
AIRFLOW_CTX_TASK_ID=executa_codigo
AIRFLOW_CTX_EXECUTION_DATE=2023-03-07T18:47:00+00:00
AIRFLOW_CTX_TRY_NUMBER=1
AIRFLOW_CTX_DAG_RUN_ID=scheduled__2023-03-07T18:47:00+00:00
[2023-03-07 15:48:02,763] {python.py:173} INFO - Done. Returned value was: O Id da cotação é ID: 640786e2559d60ff0750d0af
[2023-03-07 15:48:02,772] {taskinstance.py:1395} INFO - Marking task as SUCCESS. dag_id=meu_primeiro_dag, task_id=executa_codigo, execution_date=20230307T184700, start_date=20230307T184802, end_date=20230307T184802
[2023-03-07 15:48:02,785] {local_task_job.py:156} INFO - Task exited with return code 0
[2023-03-07 15:48:02,794] {local_task_job.py:273} INFO - 0 downstream tasks scheduled from follow-on schedule check
