[2023-03-08 04:28:01,851] {taskinstance.py:1159} INFO - Dependencies all met for <TaskInstance: meu_primeiro_dag.executa_codigo scheduled__2023-03-08T07:27:00+00:00 [queued]>
[2023-03-08 04:28:01,855] {taskinstance.py:1159} INFO - Dependencies all met for <TaskInstance: meu_primeiro_dag.executa_codigo scheduled__2023-03-08T07:27:00+00:00 [queued]>
[2023-03-08 04:28:01,855] {taskinstance.py:1356} INFO - 
--------------------------------------------------------------------------------
[2023-03-08 04:28:01,855] {taskinstance.py:1357} INFO - Starting attempt 1 of 1
[2023-03-08 04:28:01,855] {taskinstance.py:1358} INFO - 
--------------------------------------------------------------------------------
[2023-03-08 04:28:01,866] {taskinstance.py:1377} INFO - Executing <Task(PythonOperator): executa_codigo> on 2023-03-08 07:27:00+00:00
[2023-03-08 04:28:01,867] {standard_task_runner.py:52} INFO - Started process 174848 to run task
[2023-03-08 04:28:01,869] {standard_task_runner.py:79} INFO - Running: ['airflow', 'tasks', 'run', 'meu_primeiro_dag', 'executa_codigo', 'scheduled__2023-03-08T07:27:00+00:00', '--job-id', '1116', '--raw', '--subdir', 'DAGS_FOLDER/cotacao_dolar.py', '--cfg-path', '/tmp/tmp87v8nnvi', '--error-file', '/tmp/tmpy8ezl95w']
[2023-03-08 04:28:01,869] {standard_task_runner.py:80} INFO - Job 1116: Subtask executa_codigo
[2023-03-08 04:28:01,888] {task_command.py:370} INFO - Running <TaskInstance: meu_primeiro_dag.executa_codigo scheduled__2023-03-08T07:27:00+00:00 [running]> on host veripc-System-Product-Name
[2023-03-08 04:28:01,917] {taskinstance.py:1569} INFO - Exporting the following env vars:
AIRFLOW_CTX_DAG_OWNER=airflow
AIRFLOW_CTX_DAG_ID=meu_primeiro_dag
AIRFLOW_CTX_TASK_ID=executa_codigo
AIRFLOW_CTX_EXECUTION_DATE=2023-03-08T07:27:00+00:00
AIRFLOW_CTX_TRY_NUMBER=1
AIRFLOW_CTX_DAG_RUN_ID=scheduled__2023-03-08T07:27:00+00:00
[2023-03-08 04:28:02,082] {python.py:173} INFO - Done. Returned value was: O Id da cotação é ID: 64083902096bc18386838164
[2023-03-08 04:28:02,091] {taskinstance.py:1395} INFO - Marking task as SUCCESS. dag_id=meu_primeiro_dag, task_id=executa_codigo, execution_date=20230308T072700, start_date=20230308T072801, end_date=20230308T072802
[2023-03-08 04:28:02,121] {local_task_job.py:156} INFO - Task exited with return code 0
[2023-03-08 04:28:02,132] {local_task_job.py:273} INFO - 0 downstream tasks scheduled from follow-on schedule check
