[2023-03-07 14:47:31,153] {taskinstance.py:1159} INFO - Dependencies all met for <TaskInstance: meu_primeiro_dag.executa_codigo scheduled__2023-03-06T02:03:00+00:00 [queued]>
[2023-03-07 14:47:31,157] {taskinstance.py:1159} INFO - Dependencies all met for <TaskInstance: meu_primeiro_dag.executa_codigo scheduled__2023-03-06T02:03:00+00:00 [queued]>
[2023-03-07 14:47:31,157] {taskinstance.py:1356} INFO - 
--------------------------------------------------------------------------------
[2023-03-07 14:47:31,157] {taskinstance.py:1357} INFO - Starting attempt 1 of 1
[2023-03-07 14:47:31,157] {taskinstance.py:1358} INFO - 
--------------------------------------------------------------------------------
[2023-03-07 14:47:31,168] {taskinstance.py:1377} INFO - Executing <Task(PythonOperator): executa_codigo> on 2023-03-06 02:03:00+00:00
[2023-03-07 14:47:31,170] {standard_task_runner.py:52} INFO - Started process 67635 to run task
[2023-03-07 14:47:31,172] {standard_task_runner.py:79} INFO - Running: ['airflow', 'tasks', 'run', 'meu_primeiro_dag', 'executa_codigo', 'scheduled__2023-03-06T02:03:00+00:00', '--job-id', '211', '--raw', '--subdir', 'DAGS_FOLDER/cotacao_dolar.py', '--cfg-path', '/tmp/tmpljysq5xm', '--error-file', '/tmp/tmp_cnlb8qq']
[2023-03-07 14:47:31,172] {standard_task_runner.py:80} INFO - Job 211: Subtask executa_codigo
[2023-03-07 14:47:31,200] {task_command.py:370} INFO - Running <TaskInstance: meu_primeiro_dag.executa_codigo scheduled__2023-03-06T02:03:00+00:00 [running]> on host veripc-System-Product-Name
[2023-03-07 14:47:31,237] {taskinstance.py:1569} INFO - Exporting the following env vars:
AIRFLOW_CTX_DAG_OWNER=airflow
AIRFLOW_CTX_DAG_ID=meu_primeiro_dag
AIRFLOW_CTX_TASK_ID=executa_codigo
AIRFLOW_CTX_EXECUTION_DATE=2023-03-06T02:03:00+00:00
AIRFLOW_CTX_TRY_NUMBER=1
AIRFLOW_CTX_DAG_RUN_ID=scheduled__2023-03-06T02:03:00+00:00
[2023-03-07 14:47:31,472] {python.py:173} INFO - Done. Returned value was: O Id da cotação é ID: 640778b327aa5aa328986295
[2023-03-07 14:47:31,483] {taskinstance.py:1395} INFO - Marking task as SUCCESS. dag_id=meu_primeiro_dag, task_id=executa_codigo, execution_date=20230306T020300, start_date=20230307T174731, end_date=20230307T174731
[2023-03-07 14:47:31,504] {local_task_job.py:156} INFO - Task exited with return code 0
[2023-03-07 14:47:31,517] {local_task_job.py:273} INFO - 0 downstream tasks scheduled from follow-on schedule check
