[2023-03-07 14:47:34,258] {taskinstance.py:1159} INFO - Dependencies all met for <TaskInstance: meu_primeiro_dag.executa_codigo scheduled__2023-03-06T02:04:00+00:00 [queued]>
[2023-03-07 14:47:34,263] {taskinstance.py:1159} INFO - Dependencies all met for <TaskInstance: meu_primeiro_dag.executa_codigo scheduled__2023-03-06T02:04:00+00:00 [queued]>
[2023-03-07 14:47:34,263] {taskinstance.py:1356} INFO - 
--------------------------------------------------------------------------------
[2023-03-07 14:47:34,264] {taskinstance.py:1357} INFO - Starting attempt 1 of 1
[2023-03-07 14:47:34,264] {taskinstance.py:1358} INFO - 
--------------------------------------------------------------------------------
[2023-03-07 14:47:34,272] {taskinstance.py:1377} INFO - Executing <Task(PythonOperator): executa_codigo> on 2023-03-06 02:04:00+00:00
[2023-03-07 14:47:34,274] {standard_task_runner.py:52} INFO - Started process 67654 to run task
[2023-03-07 14:47:34,276] {standard_task_runner.py:79} INFO - Running: ['airflow', 'tasks', 'run', 'meu_primeiro_dag', 'executa_codigo', 'scheduled__2023-03-06T02:04:00+00:00', '--job-id', '212', '--raw', '--subdir', 'DAGS_FOLDER/cotacao_dolar.py', '--cfg-path', '/tmp/tmp658s43b_', '--error-file', '/tmp/tmpoes3ejvr']
[2023-03-07 14:47:34,278] {standard_task_runner.py:80} INFO - Job 212: Subtask executa_codigo
[2023-03-07 14:47:34,305] {task_command.py:370} INFO - Running <TaskInstance: meu_primeiro_dag.executa_codigo scheduled__2023-03-06T02:04:00+00:00 [running]> on host veripc-System-Product-Name
[2023-03-07 14:47:34,341] {taskinstance.py:1569} INFO - Exporting the following env vars:
AIRFLOW_CTX_DAG_OWNER=airflow
AIRFLOW_CTX_DAG_ID=meu_primeiro_dag
AIRFLOW_CTX_TASK_ID=executa_codigo
AIRFLOW_CTX_EXECUTION_DATE=2023-03-06T02:04:00+00:00
AIRFLOW_CTX_TRY_NUMBER=1
AIRFLOW_CTX_DAG_RUN_ID=scheduled__2023-03-06T02:04:00+00:00
[2023-03-07 14:47:34,564] {python.py:173} INFO - Done. Returned value was: O Id da cotação é ID: 640778b6597cdd3c53767045
[2023-03-07 14:47:34,575] {taskinstance.py:1395} INFO - Marking task as SUCCESS. dag_id=meu_primeiro_dag, task_id=executa_codigo, execution_date=20230306T020400, start_date=20230307T174734, end_date=20230307T174734
[2023-03-07 14:47:34,608] {local_task_job.py:156} INFO - Task exited with return code 0
[2023-03-07 14:47:34,620] {local_task_job.py:273} INFO - 0 downstream tasks scheduled from follow-on schedule check
