[2023-03-07 16:31:01,819] {taskinstance.py:1159} INFO - Dependencies all met for <TaskInstance: meu_primeiro_dag.executa_codigo scheduled__2023-03-07T19:30:00+00:00 [queued]>
[2023-03-07 16:31:01,823] {taskinstance.py:1159} INFO - Dependencies all met for <TaskInstance: meu_primeiro_dag.executa_codigo scheduled__2023-03-07T19:30:00+00:00 [queued]>
[2023-03-07 16:31:01,823] {taskinstance.py:1356} INFO - 
--------------------------------------------------------------------------------
[2023-03-07 16:31:01,823] {taskinstance.py:1357} INFO - Starting attempt 1 of 1
[2023-03-07 16:31:01,824] {taskinstance.py:1358} INFO - 
--------------------------------------------------------------------------------
[2023-03-07 16:31:01,832] {taskinstance.py:1377} INFO - Executing <Task(PythonOperator): executa_codigo> on 2023-03-07 19:30:00+00:00
[2023-03-07 16:31:01,833] {standard_task_runner.py:52} INFO - Started process 83036 to run task
[2023-03-07 16:31:01,835] {standard_task_runner.py:79} INFO - Running: ['airflow', 'tasks', 'run', 'meu_primeiro_dag', 'executa_codigo', 'scheduled__2023-03-07T19:30:00+00:00', '--job-id', '399', '--raw', '--subdir', 'DAGS_FOLDER/cotacao_dolar.py', '--cfg-path', '/tmp/tmp8fxrb63o', '--error-file', '/tmp/tmpne1z27uu']
[2023-03-07 16:31:01,835] {standard_task_runner.py:80} INFO - Job 399: Subtask executa_codigo
[2023-03-07 16:31:01,854] {task_command.py:370} INFO - Running <TaskInstance: meu_primeiro_dag.executa_codigo scheduled__2023-03-07T19:30:00+00:00 [running]> on host veripc-System-Product-Name
[2023-03-07 16:31:01,882] {taskinstance.py:1569} INFO - Exporting the following env vars:
AIRFLOW_CTX_DAG_OWNER=airflow
AIRFLOW_CTX_DAG_ID=meu_primeiro_dag
AIRFLOW_CTX_TASK_ID=executa_codigo
AIRFLOW_CTX_EXECUTION_DATE=2023-03-07T19:30:00+00:00
AIRFLOW_CTX_TRY_NUMBER=1
AIRFLOW_CTX_DAG_RUN_ID=scheduled__2023-03-07T19:30:00+00:00
[2023-03-07 16:31:02,161] {python.py:173} INFO - Done. Returned value was: O Id da cotação é ID: 640790f663e31135db554593
[2023-03-07 16:31:02,171] {taskinstance.py:1395} INFO - Marking task as SUCCESS. dag_id=meu_primeiro_dag, task_id=executa_codigo, execution_date=20230307T193000, start_date=20230307T193101, end_date=20230307T193102
[2023-03-07 16:31:02,207] {local_task_job.py:156} INFO - Task exited with return code 0
[2023-03-07 16:31:02,223] {local_task_job.py:273} INFO - 0 downstream tasks scheduled from follow-on schedule check
