[2023-03-07 20:53:02,544] {taskinstance.py:1159} INFO - Dependencies all met for <TaskInstance: meu_primeiro_dag.executa_codigo scheduled__2023-03-07T23:52:00+00:00 [queued]>
[2023-03-07 20:53:02,548] {taskinstance.py:1159} INFO - Dependencies all met for <TaskInstance: meu_primeiro_dag.executa_codigo scheduled__2023-03-07T23:52:00+00:00 [queued]>
[2023-03-07 20:53:02,548] {taskinstance.py:1356} INFO - 
--------------------------------------------------------------------------------
[2023-03-07 20:53:02,548] {taskinstance.py:1357} INFO - Starting attempt 1 of 1
[2023-03-07 20:53:02,548] {taskinstance.py:1358} INFO - 
--------------------------------------------------------------------------------
[2023-03-07 20:53:02,557] {taskinstance.py:1377} INFO - Executing <Task(PythonOperator): executa_codigo> on 2023-03-07 23:52:00+00:00
[2023-03-07 20:53:02,558] {standard_task_runner.py:52} INFO - Started process 116664 to run task
[2023-03-07 20:53:02,560] {standard_task_runner.py:79} INFO - Running: ['airflow', 'tasks', 'run', 'meu_primeiro_dag', 'executa_codigo', 'scheduled__2023-03-07T23:52:00+00:00', '--job-id', '661', '--raw', '--subdir', 'DAGS_FOLDER/cotacao_dolar.py', '--cfg-path', '/tmp/tmpo4l8khav', '--error-file', '/tmp/tmpolbt25w4']
[2023-03-07 20:53:02,560] {standard_task_runner.py:80} INFO - Job 661: Subtask executa_codigo
[2023-03-07 20:53:02,580] {task_command.py:370} INFO - Running <TaskInstance: meu_primeiro_dag.executa_codigo scheduled__2023-03-07T23:52:00+00:00 [running]> on host veripc-System-Product-Name
[2023-03-07 20:53:02,608] {taskinstance.py:1569} INFO - Exporting the following env vars:
AIRFLOW_CTX_DAG_OWNER=airflow
AIRFLOW_CTX_DAG_ID=meu_primeiro_dag
AIRFLOW_CTX_TASK_ID=executa_codigo
AIRFLOW_CTX_EXECUTION_DATE=2023-03-07T23:52:00+00:00
AIRFLOW_CTX_TRY_NUMBER=1
AIRFLOW_CTX_DAG_RUN_ID=scheduled__2023-03-07T23:52:00+00:00
[2023-03-07 20:53:02,785] {python.py:173} INFO - Done. Returned value was: O Id da cotação é ID: 6407ce5edc5318446b7984a2
[2023-03-07 20:53:02,805] {taskinstance.py:1395} INFO - Marking task as SUCCESS. dag_id=meu_primeiro_dag, task_id=executa_codigo, execution_date=20230307T235200, start_date=20230307T235302, end_date=20230307T235302
[2023-03-07 20:53:02,852] {local_task_job.py:156} INFO - Task exited with return code 0
[2023-03-07 20:53:02,876] {local_task_job.py:273} INFO - 0 downstream tasks scheduled from follow-on schedule check
