[2023-03-07 23:10:01,887] {taskinstance.py:1159} INFO - Dependencies all met for <TaskInstance: meu_primeiro_dag.executa_codigo scheduled__2023-03-08T02:09:00+00:00 [queued]>
[2023-03-07 23:10:01,890] {taskinstance.py:1159} INFO - Dependencies all met for <TaskInstance: meu_primeiro_dag.executa_codigo scheduled__2023-03-08T02:09:00+00:00 [queued]>
[2023-03-07 23:10:01,890] {taskinstance.py:1356} INFO - 
--------------------------------------------------------------------------------
[2023-03-07 23:10:01,890] {taskinstance.py:1357} INFO - Starting attempt 1 of 1
[2023-03-07 23:10:01,890] {taskinstance.py:1358} INFO - 
--------------------------------------------------------------------------------
[2023-03-07 23:10:01,900] {taskinstance.py:1377} INFO - Executing <Task(PythonOperator): executa_codigo> on 2023-03-08 02:09:00+00:00
[2023-03-07 23:10:01,902] {standard_task_runner.py:52} INFO - Started process 134158 to run task
[2023-03-07 23:10:01,904] {standard_task_runner.py:79} INFO - Running: ['airflow', 'tasks', 'run', 'meu_primeiro_dag', 'executa_codigo', 'scheduled__2023-03-08T02:09:00+00:00', '--job-id', '798', '--raw', '--subdir', 'DAGS_FOLDER/cotacao_dolar.py', '--cfg-path', '/tmp/tmpiamg0jou', '--error-file', '/tmp/tmpl29mc9p5']
[2023-03-07 23:10:01,904] {standard_task_runner.py:80} INFO - Job 798: Subtask executa_codigo
[2023-03-07 23:10:01,923] {task_command.py:370} INFO - Running <TaskInstance: meu_primeiro_dag.executa_codigo scheduled__2023-03-08T02:09:00+00:00 [running]> on host veripc-System-Product-Name
[2023-03-07 23:10:01,955] {taskinstance.py:1569} INFO - Exporting the following env vars:
AIRFLOW_CTX_DAG_OWNER=airflow
AIRFLOW_CTX_DAG_ID=meu_primeiro_dag
AIRFLOW_CTX_TASK_ID=executa_codigo
AIRFLOW_CTX_EXECUTION_DATE=2023-03-08T02:09:00+00:00
AIRFLOW_CTX_TRY_NUMBER=1
AIRFLOW_CTX_DAG_RUN_ID=scheduled__2023-03-08T02:09:00+00:00
[2023-03-07 23:10:02,142] {python.py:173} INFO - Done. Returned value was: O Id da cotação é ID: 6407ee7a70cc9739cd4234a9
[2023-03-07 23:10:02,165] {taskinstance.py:1395} INFO - Marking task as SUCCESS. dag_id=meu_primeiro_dag, task_id=executa_codigo, execution_date=20230308T020900, start_date=20230308T021001, end_date=20230308T021002
[2023-03-07 23:10:02,196] {local_task_job.py:156} INFO - Task exited with return code 0
[2023-03-07 23:10:02,219] {local_task_job.py:273} INFO - 0 downstream tasks scheduled from follow-on schedule check
