[2023-03-08 06:15:02,595] {taskinstance.py:1159} INFO - Dependencies all met for <TaskInstance: meu_primeiro_dag.executa_codigo scheduled__2023-03-08T09:14:00+00:00 [queued]>
[2023-03-08 06:15:02,601] {taskinstance.py:1159} INFO - Dependencies all met for <TaskInstance: meu_primeiro_dag.executa_codigo scheduled__2023-03-08T09:14:00+00:00 [queued]>
[2023-03-08 06:15:02,601] {taskinstance.py:1356} INFO - 
--------------------------------------------------------------------------------
[2023-03-08 06:15:02,601] {taskinstance.py:1357} INFO - Starting attempt 1 of 1
[2023-03-08 06:15:02,601] {taskinstance.py:1358} INFO - 
--------------------------------------------------------------------------------
[2023-03-08 06:15:02,695] {taskinstance.py:1377} INFO - Executing <Task(PythonOperator): executa_codigo> on 2023-03-08 09:14:00+00:00
[2023-03-08 06:15:02,700] {standard_task_runner.py:52} INFO - Started process 187800 to run task
[2023-03-08 06:15:02,705] {standard_task_runner.py:79} INFO - Running: ['airflow', 'tasks', 'run', 'meu_primeiro_dag', 'executa_codigo', 'scheduled__2023-03-08T09:14:00+00:00', '--job-id', '1223', '--raw', '--subdir', 'DAGS_FOLDER/cotacao_dolar.py', '--cfg-path', '/tmp/tmpg5oh8efi', '--error-file', '/tmp/tmpmc1l8svn']
[2023-03-08 06:15:02,706] {standard_task_runner.py:80} INFO - Job 1223: Subtask executa_codigo
[2023-03-08 06:15:02,865] {task_command.py:370} INFO - Running <TaskInstance: meu_primeiro_dag.executa_codigo scheduled__2023-03-08T09:14:00+00:00 [running]> on host veripc-System-Product-Name
[2023-03-08 06:15:03,131] {taskinstance.py:1569} INFO - Exporting the following env vars:
AIRFLOW_CTX_DAG_OWNER=airflow
AIRFLOW_CTX_DAG_ID=meu_primeiro_dag
AIRFLOW_CTX_TASK_ID=executa_codigo
AIRFLOW_CTX_EXECUTION_DATE=2023-03-08T09:14:00+00:00
AIRFLOW_CTX_TRY_NUMBER=1
AIRFLOW_CTX_DAG_RUN_ID=scheduled__2023-03-08T09:14:00+00:00
[2023-03-08 06:15:03,326] {python.py:173} INFO - Done. Returned value was: O Id da cotação é ID: 640852170c6f236b34b2690f
[2023-03-08 06:15:03,402] {taskinstance.py:1395} INFO - Marking task as SUCCESS. dag_id=meu_primeiro_dag, task_id=executa_codigo, execution_date=20230308T091400, start_date=20230308T091502, end_date=20230308T091503
[2023-03-08 06:15:03,519] {local_task_job.py:156} INFO - Task exited with return code 0
[2023-03-08 06:15:03,536] {local_task_job.py:273} INFO - 0 downstream tasks scheduled from follow-on schedule check
