[2023-03-07 22:47:02,884] {taskinstance.py:1159} INFO - Dependencies all met for <TaskInstance: meu_primeiro_dag.executa_codigo scheduled__2023-03-08T01:46:00+00:00 [queued]>
[2023-03-07 22:47:02,888] {taskinstance.py:1159} INFO - Dependencies all met for <TaskInstance: meu_primeiro_dag.executa_codigo scheduled__2023-03-08T01:46:00+00:00 [queued]>
[2023-03-07 22:47:02,888] {taskinstance.py:1356} INFO - 
--------------------------------------------------------------------------------
[2023-03-07 22:47:02,888] {taskinstance.py:1357} INFO - Starting attempt 1 of 1
[2023-03-07 22:47:02,888] {taskinstance.py:1358} INFO - 
--------------------------------------------------------------------------------
[2023-03-07 22:47:02,896] {taskinstance.py:1377} INFO - Executing <Task(PythonOperator): executa_codigo> on 2023-03-08 01:46:00+00:00
[2023-03-07 22:47:02,898] {standard_task_runner.py:52} INFO - Started process 131234 to run task
[2023-03-07 22:47:02,899] {standard_task_runner.py:79} INFO - Running: ['airflow', 'tasks', 'run', 'meu_primeiro_dag', 'executa_codigo', 'scheduled__2023-03-08T01:46:00+00:00', '--job-id', '775', '--raw', '--subdir', 'DAGS_FOLDER/cotacao_dolar.py', '--cfg-path', '/tmp/tmp0cx_5kwz', '--error-file', '/tmp/tmpdyz7d7rw']
[2023-03-07 22:47:02,900] {standard_task_runner.py:80} INFO - Job 775: Subtask executa_codigo
[2023-03-07 22:47:02,920] {task_command.py:370} INFO - Running <TaskInstance: meu_primeiro_dag.executa_codigo scheduled__2023-03-08T01:46:00+00:00 [running]> on host veripc-System-Product-Name
[2023-03-07 22:47:02,949] {taskinstance.py:1569} INFO - Exporting the following env vars:
AIRFLOW_CTX_DAG_OWNER=airflow
AIRFLOW_CTX_DAG_ID=meu_primeiro_dag
AIRFLOW_CTX_TASK_ID=executa_codigo
AIRFLOW_CTX_EXECUTION_DATE=2023-03-08T01:46:00+00:00
AIRFLOW_CTX_TRY_NUMBER=1
AIRFLOW_CTX_DAG_RUN_ID=scheduled__2023-03-08T01:46:00+00:00
[2023-03-07 22:47:03,165] {python.py:173} INFO - Done. Returned value was: O Id da cotação é ID: 6407e917fc2bd6f41cd89aef
[2023-03-07 22:47:03,182] {taskinstance.py:1395} INFO - Marking task as SUCCESS. dag_id=meu_primeiro_dag, task_id=executa_codigo, execution_date=20230308T014600, start_date=20230308T014702, end_date=20230308T014703
[2023-03-07 22:47:03,232] {local_task_job.py:156} INFO - Task exited with return code 0
[2023-03-07 22:47:03,270] {local_task_job.py:273} INFO - 0 downstream tasks scheduled from follow-on schedule check
