[2023-03-08 03:56:02,765] {taskinstance.py:1159} INFO - Dependencies all met for <TaskInstance: meu_primeiro_dag.executa_codigo scheduled__2023-03-08T06:55:00+00:00 [queued]>
[2023-03-08 03:56:02,770] {taskinstance.py:1159} INFO - Dependencies all met for <TaskInstance: meu_primeiro_dag.executa_codigo scheduled__2023-03-08T06:55:00+00:00 [queued]>
[2023-03-08 03:56:02,770] {taskinstance.py:1356} INFO - 
--------------------------------------------------------------------------------
[2023-03-08 03:56:02,770] {taskinstance.py:1357} INFO - Starting attempt 1 of 1
[2023-03-08 03:56:02,770] {taskinstance.py:1358} INFO - 
--------------------------------------------------------------------------------
[2023-03-08 03:56:02,781] {taskinstance.py:1377} INFO - Executing <Task(PythonOperator): executa_codigo> on 2023-03-08 06:55:00+00:00
[2023-03-08 03:56:02,782] {standard_task_runner.py:52} INFO - Started process 171006 to run task
[2023-03-08 03:56:02,784] {standard_task_runner.py:79} INFO - Running: ['airflow', 'tasks', 'run', 'meu_primeiro_dag', 'executa_codigo', 'scheduled__2023-03-08T06:55:00+00:00', '--job-id', '1084', '--raw', '--subdir', 'DAGS_FOLDER/cotacao_dolar.py', '--cfg-path', '/tmp/tmpatn9tsyk', '--error-file', '/tmp/tmpny294710']
[2023-03-08 03:56:02,784] {standard_task_runner.py:80} INFO - Job 1084: Subtask executa_codigo
[2023-03-08 03:56:02,803] {task_command.py:370} INFO - Running <TaskInstance: meu_primeiro_dag.executa_codigo scheduled__2023-03-08T06:55:00+00:00 [running]> on host veripc-System-Product-Name
[2023-03-08 03:56:02,833] {taskinstance.py:1569} INFO - Exporting the following env vars:
AIRFLOW_CTX_DAG_OWNER=airflow
AIRFLOW_CTX_DAG_ID=meu_primeiro_dag
AIRFLOW_CTX_TASK_ID=executa_codigo
AIRFLOW_CTX_EXECUTION_DATE=2023-03-08T06:55:00+00:00
AIRFLOW_CTX_TRY_NUMBER=1
AIRFLOW_CTX_DAG_RUN_ID=scheduled__2023-03-08T06:55:00+00:00
[2023-03-08 03:56:03,013] {python.py:173} INFO - Done. Returned value was: O Id da cotação é ID: 640831838f4eebcc6d7db223
[2023-03-08 03:56:03,024] {taskinstance.py:1395} INFO - Marking task as SUCCESS. dag_id=meu_primeiro_dag, task_id=executa_codigo, execution_date=20230308T065500, start_date=20230308T065602, end_date=20230308T065603
[2023-03-08 03:56:03,036] {local_task_job.py:156} INFO - Task exited with return code 0
[2023-03-08 03:56:03,044] {local_task_job.py:273} INFO - 0 downstream tasks scheduled from follow-on schedule check
