[2023-03-08 04:33:02,626] {taskinstance.py:1159} INFO - Dependencies all met for <TaskInstance: meu_primeiro_dag.executa_codigo scheduled__2023-03-08T07:32:00+00:00 [queued]>
[2023-03-08 04:33:02,630] {taskinstance.py:1159} INFO - Dependencies all met for <TaskInstance: meu_primeiro_dag.executa_codigo scheduled__2023-03-08T07:32:00+00:00 [queued]>
[2023-03-08 04:33:02,630] {taskinstance.py:1356} INFO - 
--------------------------------------------------------------------------------
[2023-03-08 04:33:02,630] {taskinstance.py:1357} INFO - Starting attempt 1 of 1
[2023-03-08 04:33:02,630] {taskinstance.py:1358} INFO - 
--------------------------------------------------------------------------------
[2023-03-08 04:33:02,639] {taskinstance.py:1377} INFO - Executing <Task(PythonOperator): executa_codigo> on 2023-03-08 07:32:00+00:00
[2023-03-08 04:33:02,640] {standard_task_runner.py:52} INFO - Started process 175480 to run task
[2023-03-08 04:33:02,642] {standard_task_runner.py:79} INFO - Running: ['airflow', 'tasks', 'run', 'meu_primeiro_dag', 'executa_codigo', 'scheduled__2023-03-08T07:32:00+00:00', '--job-id', '1121', '--raw', '--subdir', 'DAGS_FOLDER/cotacao_dolar.py', '--cfg-path', '/tmp/tmp2cim533s', '--error-file', '/tmp/tmpnwa6z26e']
[2023-03-08 04:33:02,643] {standard_task_runner.py:80} INFO - Job 1121: Subtask executa_codigo
[2023-03-08 04:33:02,661] {task_command.py:370} INFO - Running <TaskInstance: meu_primeiro_dag.executa_codigo scheduled__2023-03-08T07:32:00+00:00 [running]> on host veripc-System-Product-Name
[2023-03-08 04:33:02,691] {taskinstance.py:1569} INFO - Exporting the following env vars:
AIRFLOW_CTX_DAG_OWNER=airflow
AIRFLOW_CTX_DAG_ID=meu_primeiro_dag
AIRFLOW_CTX_TASK_ID=executa_codigo
AIRFLOW_CTX_EXECUTION_DATE=2023-03-08T07:32:00+00:00
AIRFLOW_CTX_TRY_NUMBER=1
AIRFLOW_CTX_DAG_RUN_ID=scheduled__2023-03-08T07:32:00+00:00
[2023-03-08 04:33:02,866] {python.py:173} INFO - Done. Returned value was: O Id da cotação é ID: 64083a2ee70cc9e888e211b8
[2023-03-08 04:33:02,876] {taskinstance.py:1395} INFO - Marking task as SUCCESS. dag_id=meu_primeiro_dag, task_id=executa_codigo, execution_date=20230308T073200, start_date=20230308T073302, end_date=20230308T073302
[2023-03-08 04:33:02,894] {local_task_job.py:156} INFO - Task exited with return code 0
[2023-03-08 04:33:02,903] {local_task_job.py:273} INFO - 0 downstream tasks scheduled from follow-on schedule check
