[2023-03-07 16:55:02,191] {taskinstance.py:1159} INFO - Dependencies all met for <TaskInstance: meu_primeiro_dag.executa_codigo scheduled__2023-03-07T19:54:00+00:00 [queued]>
[2023-03-07 16:55:02,195] {taskinstance.py:1159} INFO - Dependencies all met for <TaskInstance: meu_primeiro_dag.executa_codigo scheduled__2023-03-07T19:54:00+00:00 [queued]>
[2023-03-07 16:55:02,195] {taskinstance.py:1356} INFO - 
--------------------------------------------------------------------------------
[2023-03-07 16:55:02,195] {taskinstance.py:1357} INFO - Starting attempt 1 of 1
[2023-03-07 16:55:02,195] {taskinstance.py:1358} INFO - 
--------------------------------------------------------------------------------
[2023-03-07 16:55:02,203] {taskinstance.py:1377} INFO - Executing <Task(PythonOperator): executa_codigo> on 2023-03-07 19:54:00+00:00
[2023-03-07 16:55:02,204] {standard_task_runner.py:52} INFO - Started process 86095 to run task
[2023-03-07 16:55:02,206] {standard_task_runner.py:79} INFO - Running: ['airflow', 'tasks', 'run', 'meu_primeiro_dag', 'executa_codigo', 'scheduled__2023-03-07T19:54:00+00:00', '--job-id', '423', '--raw', '--subdir', 'DAGS_FOLDER/cotacao_dolar.py', '--cfg-path', '/tmp/tmpkpegm2f7', '--error-file', '/tmp/tmp7b8_b0h4']
[2023-03-07 16:55:02,206] {standard_task_runner.py:80} INFO - Job 423: Subtask executa_codigo
[2023-03-07 16:55:02,226] {task_command.py:370} INFO - Running <TaskInstance: meu_primeiro_dag.executa_codigo scheduled__2023-03-07T19:54:00+00:00 [running]> on host veripc-System-Product-Name
[2023-03-07 16:55:02,255] {taskinstance.py:1569} INFO - Exporting the following env vars:
AIRFLOW_CTX_DAG_OWNER=airflow
AIRFLOW_CTX_DAG_ID=meu_primeiro_dag
AIRFLOW_CTX_TASK_ID=executa_codigo
AIRFLOW_CTX_EXECUTION_DATE=2023-03-07T19:54:00+00:00
AIRFLOW_CTX_TRY_NUMBER=1
AIRFLOW_CTX_DAG_RUN_ID=scheduled__2023-03-07T19:54:00+00:00
[2023-03-07 16:55:02,542] {python.py:173} INFO - Done. Returned value was: O Id da cotação é ID: 64079696c3997b968ff45ab9
[2023-03-07 16:55:02,555] {taskinstance.py:1395} INFO - Marking task as SUCCESS. dag_id=meu_primeiro_dag, task_id=executa_codigo, execution_date=20230307T195400, start_date=20230307T195502, end_date=20230307T195502
[2023-03-07 16:55:02,578] {local_task_job.py:156} INFO - Task exited with return code 0
[2023-03-07 16:55:02,591] {local_task_job.py:273} INFO - 0 downstream tasks scheduled from follow-on schedule check
