[2023-03-07 19:34:02,940] {taskinstance.py:1159} INFO - Dependencies all met for <TaskInstance: meu_primeiro_dag.executa_codigo scheduled__2023-03-07T22:33:00+00:00 [queued]>
[2023-03-07 19:34:02,944] {taskinstance.py:1159} INFO - Dependencies all met for <TaskInstance: meu_primeiro_dag.executa_codigo scheduled__2023-03-07T22:33:00+00:00 [queued]>
[2023-03-07 19:34:02,944] {taskinstance.py:1356} INFO - 
--------------------------------------------------------------------------------
[2023-03-07 19:34:02,944] {taskinstance.py:1357} INFO - Starting attempt 1 of 1
[2023-03-07 19:34:02,944] {taskinstance.py:1358} INFO - 
--------------------------------------------------------------------------------
[2023-03-07 19:34:02,952] {taskinstance.py:1377} INFO - Executing <Task(PythonOperator): executa_codigo> on 2023-03-07 22:33:00+00:00
[2023-03-07 19:34:02,953] {standard_task_runner.py:52} INFO - Started process 106472 to run task
[2023-03-07 19:34:02,955] {standard_task_runner.py:79} INFO - Running: ['airflow', 'tasks', 'run', 'meu_primeiro_dag', 'executa_codigo', 'scheduled__2023-03-07T22:33:00+00:00', '--job-id', '582', '--raw', '--subdir', 'DAGS_FOLDER/cotacao_dolar.py', '--cfg-path', '/tmp/tmpdhglqvu0', '--error-file', '/tmp/tmp_6n3bi62']
[2023-03-07 19:34:02,956] {standard_task_runner.py:80} INFO - Job 582: Subtask executa_codigo
[2023-03-07 19:34:02,974] {task_command.py:370} INFO - Running <TaskInstance: meu_primeiro_dag.executa_codigo scheduled__2023-03-07T22:33:00+00:00 [running]> on host veripc-System-Product-Name
[2023-03-07 19:34:03,006] {taskinstance.py:1569} INFO - Exporting the following env vars:
AIRFLOW_CTX_DAG_OWNER=airflow
AIRFLOW_CTX_DAG_ID=meu_primeiro_dag
AIRFLOW_CTX_TASK_ID=executa_codigo
AIRFLOW_CTX_EXECUTION_DATE=2023-03-07T22:33:00+00:00
AIRFLOW_CTX_TRY_NUMBER=1
AIRFLOW_CTX_DAG_RUN_ID=scheduled__2023-03-07T22:33:00+00:00
[2023-03-07 19:34:03,225] {python.py:173} INFO - Done. Returned value was: O Id da cotação é ID: 6407bbdb15dd6a107fe64dd3
[2023-03-07 19:34:03,243] {taskinstance.py:1395} INFO - Marking task as SUCCESS. dag_id=meu_primeiro_dag, task_id=executa_codigo, execution_date=20230307T223300, start_date=20230307T223402, end_date=20230307T223403
[2023-03-07 19:34:03,288] {local_task_job.py:156} INFO - Task exited with return code 0
[2023-03-07 19:34:03,324] {local_task_job.py:273} INFO - 0 downstream tasks scheduled from follow-on schedule check
