[2023-03-07 19:29:02,844] {taskinstance.py:1159} INFO - Dependencies all met for <TaskInstance: meu_primeiro_dag.executa_codigo scheduled__2023-03-07T22:28:00+00:00 [queued]>
[2023-03-07 19:29:02,848] {taskinstance.py:1159} INFO - Dependencies all met for <TaskInstance: meu_primeiro_dag.executa_codigo scheduled__2023-03-07T22:28:00+00:00 [queued]>
[2023-03-07 19:29:02,848] {taskinstance.py:1356} INFO - 
--------------------------------------------------------------------------------
[2023-03-07 19:29:02,848] {taskinstance.py:1357} INFO - Starting attempt 1 of 1
[2023-03-07 19:29:02,848] {taskinstance.py:1358} INFO - 
--------------------------------------------------------------------------------
[2023-03-07 19:29:02,856] {taskinstance.py:1377} INFO - Executing <Task(PythonOperator): executa_codigo> on 2023-03-07 22:28:00+00:00
[2023-03-07 19:29:02,858] {standard_task_runner.py:52} INFO - Started process 105810 to run task
[2023-03-07 19:29:02,859] {standard_task_runner.py:79} INFO - Running: ['airflow', 'tasks', 'run', 'meu_primeiro_dag', 'executa_codigo', 'scheduled__2023-03-07T22:28:00+00:00', '--job-id', '577', '--raw', '--subdir', 'DAGS_FOLDER/cotacao_dolar.py', '--cfg-path', '/tmp/tmp_go4d79h', '--error-file', '/tmp/tmpy4hiy12m']
[2023-03-07 19:29:02,860] {standard_task_runner.py:80} INFO - Job 577: Subtask executa_codigo
[2023-03-07 19:29:02,880] {task_command.py:370} INFO - Running <TaskInstance: meu_primeiro_dag.executa_codigo scheduled__2023-03-07T22:28:00+00:00 [running]> on host veripc-System-Product-Name
[2023-03-07 19:29:02,909] {taskinstance.py:1569} INFO - Exporting the following env vars:
AIRFLOW_CTX_DAG_OWNER=airflow
AIRFLOW_CTX_DAG_ID=meu_primeiro_dag
AIRFLOW_CTX_TASK_ID=executa_codigo
AIRFLOW_CTX_EXECUTION_DATE=2023-03-07T22:28:00+00:00
AIRFLOW_CTX_TRY_NUMBER=1
AIRFLOW_CTX_DAG_RUN_ID=scheduled__2023-03-07T22:28:00+00:00
[2023-03-07 19:29:03,086] {python.py:173} INFO - Done. Returned value was: O Id da cotação é ID: 6407baaf893daec5a3577b93
[2023-03-07 19:29:03,095] {taskinstance.py:1395} INFO - Marking task as SUCCESS. dag_id=meu_primeiro_dag, task_id=executa_codigo, execution_date=20230307T222800, start_date=20230307T222902, end_date=20230307T222903
[2023-03-07 19:29:03,111] {local_task_job.py:156} INFO - Task exited with return code 0
[2023-03-07 19:29:03,121] {local_task_job.py:273} INFO - 0 downstream tasks scheduled from follow-on schedule check
