[2023-03-08 03:34:02,569] {taskinstance.py:1159} INFO - Dependencies all met for <TaskInstance: meu_primeiro_dag.executa_codigo scheduled__2023-03-08T06:33:00+00:00 [queued]>
[2023-03-08 03:34:02,573] {taskinstance.py:1159} INFO - Dependencies all met for <TaskInstance: meu_primeiro_dag.executa_codigo scheduled__2023-03-08T06:33:00+00:00 [queued]>
[2023-03-08 03:34:02,573] {taskinstance.py:1356} INFO - 
--------------------------------------------------------------------------------
[2023-03-08 03:34:02,573] {taskinstance.py:1357} INFO - Starting attempt 1 of 1
[2023-03-08 03:34:02,573] {taskinstance.py:1358} INFO - 
--------------------------------------------------------------------------------
[2023-03-08 03:34:02,582] {taskinstance.py:1377} INFO - Executing <Task(PythonOperator): executa_codigo> on 2023-03-08 06:33:00+00:00
[2023-03-08 03:34:02,583] {standard_task_runner.py:52} INFO - Started process 168329 to run task
[2023-03-08 03:34:02,585] {standard_task_runner.py:79} INFO - Running: ['airflow', 'tasks', 'run', 'meu_primeiro_dag', 'executa_codigo', 'scheduled__2023-03-08T06:33:00+00:00', '--job-id', '1062', '--raw', '--subdir', 'DAGS_FOLDER/cotacao_dolar.py', '--cfg-path', '/tmp/tmpe_0epjke', '--error-file', '/tmp/tmpny0ardto']
[2023-03-08 03:34:02,585] {standard_task_runner.py:80} INFO - Job 1062: Subtask executa_codigo
[2023-03-08 03:34:02,603] {task_command.py:370} INFO - Running <TaskInstance: meu_primeiro_dag.executa_codigo scheduled__2023-03-08T06:33:00+00:00 [running]> on host veripc-System-Product-Name
[2023-03-08 03:34:02,634] {taskinstance.py:1569} INFO - Exporting the following env vars:
AIRFLOW_CTX_DAG_OWNER=airflow
AIRFLOW_CTX_DAG_ID=meu_primeiro_dag
AIRFLOW_CTX_TASK_ID=executa_codigo
AIRFLOW_CTX_EXECUTION_DATE=2023-03-08T06:33:00+00:00
AIRFLOW_CTX_TRY_NUMBER=1
AIRFLOW_CTX_DAG_RUN_ID=scheduled__2023-03-08T06:33:00+00:00
[2023-03-08 03:34:02,849] {python.py:173} INFO - Done. Returned value was: O Id da cotação é ID: 64082c5aa3b24ba5563f64c1
[2023-03-08 03:34:02,864] {taskinstance.py:1395} INFO - Marking task as SUCCESS. dag_id=meu_primeiro_dag, task_id=executa_codigo, execution_date=20230308T063300, start_date=20230308T063402, end_date=20230308T063402
[2023-03-08 03:34:02,877] {local_task_job.py:156} INFO - Task exited with return code 0
[2023-03-08 03:34:02,887] {local_task_job.py:273} INFO - 0 downstream tasks scheduled from follow-on schedule check
