[2023-03-07 08:41:04,994] {processor.py:153} INFO - Started process (PID=8192) to work on /home/veri-pc/.local/lib/python3.10/site-packages/airflow/example_dags/subdags/subdag.py
[2023-03-07 08:41:04,994] {processor.py:641} INFO - Processing file /home/veri-pc/.local/lib/python3.10/site-packages/airflow/example_dags/subdags/subdag.py for tasks to queue
[2023-03-07 08:41:04,995] {logging_mixin.py:115} INFO - [2023-03-07 08:41:04,995] {dagbag.py:507} INFO - Filling up the DagBag from /home/veri-pc/.local/lib/python3.10/site-packages/airflow/example_dags/subdags/subdag.py
[2023-03-07 08:41:04,997] {processor.py:653} WARNING - No viable dags retrieved from /home/veri-pc/.local/lib/python3.10/site-packages/airflow/example_dags/subdags/subdag.py
[2023-03-07 08:41:05,010] {processor.py:161} INFO - Processing /home/veri-pc/.local/lib/python3.10/site-packages/airflow/example_dags/subdags/subdag.py took 0.020 seconds
[2023-03-07 08:41:36,562] {processor.py:153} INFO - Started process (PID=8264) to work on /home/veri-pc/.local/lib/python3.10/site-packages/airflow/example_dags/subdags/subdag.py
[2023-03-07 08:41:36,563] {processor.py:641} INFO - Processing file /home/veri-pc/.local/lib/python3.10/site-packages/airflow/example_dags/subdags/subdag.py for tasks to queue
[2023-03-07 08:41:36,564] {logging_mixin.py:115} INFO - [2023-03-07 08:41:36,564] {dagbag.py:507} INFO - Filling up the DagBag from /home/veri-pc/.local/lib/python3.10/site-packages/airflow/example_dags/subdags/subdag.py
[2023-03-07 08:41:36,567] {processor.py:653} WARNING - No viable dags retrieved from /home/veri-pc/.local/lib/python3.10/site-packages/airflow/example_dags/subdags/subdag.py
[2023-03-07 08:41:36,587] {processor.py:161} INFO - Processing /home/veri-pc/.local/lib/python3.10/site-packages/airflow/example_dags/subdags/subdag.py took 0.032 seconds
[2023-03-07 08:42:10,751] {processor.py:153} INFO - Started process (PID=8331) to work on /home/veri-pc/.local/lib/python3.10/site-packages/airflow/example_dags/subdags/subdag.py
[2023-03-07 08:42:10,752] {processor.py:641} INFO - Processing file /home/veri-pc/.local/lib/python3.10/site-packages/airflow/example_dags/subdags/subdag.py for tasks to queue
[2023-03-07 08:42:10,753] {logging_mixin.py:115} INFO - [2023-03-07 08:42:10,753] {dagbag.py:507} INFO - Filling up the DagBag from /home/veri-pc/.local/lib/python3.10/site-packages/airflow/example_dags/subdags/subdag.py
[2023-03-07 08:42:10,755] {processor.py:653} WARNING - No viable dags retrieved from /home/veri-pc/.local/lib/python3.10/site-packages/airflow/example_dags/subdags/subdag.py
[2023-03-07 08:42:10,766] {processor.py:161} INFO - Processing /home/veri-pc/.local/lib/python3.10/site-packages/airflow/example_dags/subdags/subdag.py took 0.018 seconds
[2023-03-07 08:42:42,734] {processor.py:153} INFO - Started process (PID=8395) to work on /home/veri-pc/.local/lib/python3.10/site-packages/airflow/example_dags/subdags/subdag.py
[2023-03-07 08:42:42,734] {processor.py:641} INFO - Processing file /home/veri-pc/.local/lib/python3.10/site-packages/airflow/example_dags/subdags/subdag.py for tasks to queue
[2023-03-07 08:42:42,735] {logging_mixin.py:115} INFO - [2023-03-07 08:42:42,735] {dagbag.py:507} INFO - Filling up the DagBag from /home/veri-pc/.local/lib/python3.10/site-packages/airflow/example_dags/subdags/subdag.py
[2023-03-07 08:42:42,736] {processor.py:653} WARNING - No viable dags retrieved from /home/veri-pc/.local/lib/python3.10/site-packages/airflow/example_dags/subdags/subdag.py
[2023-03-07 08:42:42,745] {processor.py:161} INFO - Processing /home/veri-pc/.local/lib/python3.10/site-packages/airflow/example_dags/subdags/subdag.py took 0.014 seconds
[2023-03-07 08:43:17,230] {processor.py:153} INFO - Started process (PID=8485) to work on /home/veri-pc/.local/lib/python3.10/site-packages/airflow/example_dags/subdags/subdag.py
[2023-03-07 08:43:17,231] {processor.py:641} INFO - Processing file /home/veri-pc/.local/lib/python3.10/site-packages/airflow/example_dags/subdags/subdag.py for tasks to queue
[2023-03-07 08:43:17,233] {logging_mixin.py:115} INFO - [2023-03-07 08:43:17,232] {dagbag.py:507} INFO - Filling up the DagBag from /home/veri-pc/.local/lib/python3.10/site-packages/airflow/example_dags/subdags/subdag.py
[2023-03-07 08:43:17,236] {processor.py:653} WARNING - No viable dags retrieved from /home/veri-pc/.local/lib/python3.10/site-packages/airflow/example_dags/subdags/subdag.py
[2023-03-07 08:43:17,256] {processor.py:161} INFO - Processing /home/veri-pc/.local/lib/python3.10/site-packages/airflow/example_dags/subdags/subdag.py took 0.033 seconds
[2023-03-07 08:43:50,163] {processor.py:153} INFO - Started process (PID=8548) to work on /home/veri-pc/.local/lib/python3.10/site-packages/airflow/example_dags/subdags/subdag.py
[2023-03-07 08:43:50,163] {processor.py:641} INFO - Processing file /home/veri-pc/.local/lib/python3.10/site-packages/airflow/example_dags/subdags/subdag.py for tasks to queue
[2023-03-07 08:43:50,164] {logging_mixin.py:115} INFO - [2023-03-07 08:43:50,164] {dagbag.py:507} INFO - Filling up the DagBag from /home/veri-pc/.local/lib/python3.10/site-packages/airflow/example_dags/subdags/subdag.py
[2023-03-07 08:43:50,165] {processor.py:653} WARNING - No viable dags retrieved from /home/veri-pc/.local/lib/python3.10/site-packages/airflow/example_dags/subdags/subdag.py
[2023-03-07 08:43:50,171] {processor.py:161} INFO - Processing /home/veri-pc/.local/lib/python3.10/site-packages/airflow/example_dags/subdags/subdag.py took 0.010 seconds
[2023-03-07 08:44:21,755] {processor.py:153} INFO - Started process (PID=8619) to work on /home/veri-pc/.local/lib/python3.10/site-packages/airflow/example_dags/subdags/subdag.py
[2023-03-07 08:44:21,756] {processor.py:641} INFO - Processing file /home/veri-pc/.local/lib/python3.10/site-packages/airflow/example_dags/subdags/subdag.py for tasks to queue
[2023-03-07 08:44:21,757] {logging_mixin.py:115} INFO - [2023-03-07 08:44:21,757] {dagbag.py:507} INFO - Filling up the DagBag from /home/veri-pc/.local/lib/python3.10/site-packages/airflow/example_dags/subdags/subdag.py
[2023-03-07 08:44:21,760] {processor.py:653} WARNING - No viable dags retrieved from /home/veri-pc/.local/lib/python3.10/site-packages/airflow/example_dags/subdags/subdag.py
[2023-03-07 08:44:21,777] {processor.py:161} INFO - Processing /home/veri-pc/.local/lib/python3.10/site-packages/airflow/example_dags/subdags/subdag.py took 0.029 seconds
[2023-03-07 08:44:55,458] {processor.py:153} INFO - Started process (PID=8687) to work on /home/veri-pc/.local/lib/python3.10/site-packages/airflow/example_dags/subdags/subdag.py
[2023-03-07 08:44:55,459] {processor.py:641} INFO - Processing file /home/veri-pc/.local/lib/python3.10/site-packages/airflow/example_dags/subdags/subdag.py for tasks to queue
[2023-03-07 08:44:55,460] {logging_mixin.py:115} INFO - [2023-03-07 08:44:55,460] {dagbag.py:507} INFO - Filling up the DagBag from /home/veri-pc/.local/lib/python3.10/site-packages/airflow/example_dags/subdags/subdag.py
[2023-03-07 08:44:55,463] {processor.py:653} WARNING - No viable dags retrieved from /home/veri-pc/.local/lib/python3.10/site-packages/airflow/example_dags/subdags/subdag.py
[2023-03-07 08:44:55,477] {processor.py:161} INFO - Processing /home/veri-pc/.local/lib/python3.10/site-packages/airflow/example_dags/subdags/subdag.py took 0.026 seconds
[2023-03-07 08:45:28,874] {processor.py:153} INFO - Started process (PID=8763) to work on /home/veri-pc/.local/lib/python3.10/site-packages/airflow/example_dags/subdags/subdag.py
[2023-03-07 08:45:28,875] {processor.py:641} INFO - Processing file /home/veri-pc/.local/lib/python3.10/site-packages/airflow/example_dags/subdags/subdag.py for tasks to queue
[2023-03-07 08:45:28,876] {logging_mixin.py:115} INFO - [2023-03-07 08:45:28,876] {dagbag.py:507} INFO - Filling up the DagBag from /home/veri-pc/.local/lib/python3.10/site-packages/airflow/example_dags/subdags/subdag.py
[2023-03-07 08:45:28,878] {processor.py:653} WARNING - No viable dags retrieved from /home/veri-pc/.local/lib/python3.10/site-packages/airflow/example_dags/subdags/subdag.py
[2023-03-07 08:45:28,893] {processor.py:161} INFO - Processing /home/veri-pc/.local/lib/python3.10/site-packages/airflow/example_dags/subdags/subdag.py took 0.022 seconds
[2023-03-07 08:46:04,854] {processor.py:153} INFO - Started process (PID=8832) to work on /home/veri-pc/.local/lib/python3.10/site-packages/airflow/example_dags/subdags/subdag.py
[2023-03-07 08:46:04,856] {processor.py:641} INFO - Processing file /home/veri-pc/.local/lib/python3.10/site-packages/airflow/example_dags/subdags/subdag.py for tasks to queue
[2023-03-07 08:46:04,857] {logging_mixin.py:115} INFO - [2023-03-07 08:46:04,857] {dagbag.py:507} INFO - Filling up the DagBag from /home/veri-pc/.local/lib/python3.10/site-packages/airflow/example_dags/subdags/subdag.py
[2023-03-07 08:46:04,860] {processor.py:653} WARNING - No viable dags retrieved from /home/veri-pc/.local/lib/python3.10/site-packages/airflow/example_dags/subdags/subdag.py
[2023-03-07 08:46:04,877] {processor.py:161} INFO - Processing /home/veri-pc/.local/lib/python3.10/site-packages/airflow/example_dags/subdags/subdag.py took 0.029 seconds
[2023-03-07 08:46:37,846] {processor.py:153} INFO - Started process (PID=8919) to work on /home/veri-pc/.local/lib/python3.10/site-packages/airflow/example_dags/subdags/subdag.py
[2023-03-07 08:46:37,847] {processor.py:641} INFO - Processing file /home/veri-pc/.local/lib/python3.10/site-packages/airflow/example_dags/subdags/subdag.py for tasks to queue
[2023-03-07 08:46:37,848] {logging_mixin.py:115} INFO - [2023-03-07 08:46:37,848] {dagbag.py:507} INFO - Filling up the DagBag from /home/veri-pc/.local/lib/python3.10/site-packages/airflow/example_dags/subdags/subdag.py
[2023-03-07 08:46:37,850] {processor.py:653} WARNING - No viable dags retrieved from /home/veri-pc/.local/lib/python3.10/site-packages/airflow/example_dags/subdags/subdag.py
[2023-03-07 08:46:37,860] {processor.py:161} INFO - Processing /home/veri-pc/.local/lib/python3.10/site-packages/airflow/example_dags/subdags/subdag.py took 0.021 seconds
[2023-03-07 08:47:14,652] {processor.py:153} INFO - Started process (PID=9021) to work on /home/veri-pc/.local/lib/python3.10/site-packages/airflow/example_dags/subdags/subdag.py
[2023-03-07 08:47:14,654] {processor.py:641} INFO - Processing file /home/veri-pc/.local/lib/python3.10/site-packages/airflow/example_dags/subdags/subdag.py for tasks to queue
[2023-03-07 08:47:14,655] {logging_mixin.py:115} INFO - [2023-03-07 08:47:14,655] {dagbag.py:507} INFO - Filling up the DagBag from /home/veri-pc/.local/lib/python3.10/site-packages/airflow/example_dags/subdags/subdag.py
[2023-03-07 08:47:14,658] {processor.py:653} WARNING - No viable dags retrieved from /home/veri-pc/.local/lib/python3.10/site-packages/airflow/example_dags/subdags/subdag.py
[2023-03-07 08:47:14,675] {processor.py:161} INFO - Processing /home/veri-pc/.local/lib/python3.10/site-packages/airflow/example_dags/subdags/subdag.py took 0.029 seconds
[2023-03-07 08:47:46,046] {processor.py:153} INFO - Started process (PID=9118) to work on /home/veri-pc/.local/lib/python3.10/site-packages/airflow/example_dags/subdags/subdag.py
[2023-03-07 08:47:46,047] {processor.py:641} INFO - Processing file /home/veri-pc/.local/lib/python3.10/site-packages/airflow/example_dags/subdags/subdag.py for tasks to queue
[2023-03-07 08:47:46,047] {logging_mixin.py:115} INFO - [2023-03-07 08:47:46,047] {dagbag.py:507} INFO - Filling up the DagBag from /home/veri-pc/.local/lib/python3.10/site-packages/airflow/example_dags/subdags/subdag.py
[2023-03-07 08:47:46,048] {processor.py:653} WARNING - No viable dags retrieved from /home/veri-pc/.local/lib/python3.10/site-packages/airflow/example_dags/subdags/subdag.py
[2023-03-07 08:47:46,060] {processor.py:161} INFO - Processing /home/veri-pc/.local/lib/python3.10/site-packages/airflow/example_dags/subdags/subdag.py took 0.016 seconds
[2023-03-07 08:48:21,002] {processor.py:153} INFO - Started process (PID=9196) to work on /home/veri-pc/.local/lib/python3.10/site-packages/airflow/example_dags/subdags/subdag.py
[2023-03-07 08:48:21,003] {processor.py:641} INFO - Processing file /home/veri-pc/.local/lib/python3.10/site-packages/airflow/example_dags/subdags/subdag.py for tasks to queue
[2023-03-07 08:48:21,005] {logging_mixin.py:115} INFO - [2023-03-07 08:48:21,004] {dagbag.py:507} INFO - Filling up the DagBag from /home/veri-pc/.local/lib/python3.10/site-packages/airflow/example_dags/subdags/subdag.py
[2023-03-07 08:48:21,008] {processor.py:653} WARNING - No viable dags retrieved from /home/veri-pc/.local/lib/python3.10/site-packages/airflow/example_dags/subdags/subdag.py
[2023-03-07 08:48:21,027] {processor.py:161} INFO - Processing /home/veri-pc/.local/lib/python3.10/site-packages/airflow/example_dags/subdags/subdag.py took 0.032 seconds
[2023-03-07 08:48:53,964] {processor.py:153} INFO - Started process (PID=9270) to work on /home/veri-pc/.local/lib/python3.10/site-packages/airflow/example_dags/subdags/subdag.py
[2023-03-07 08:48:53,965] {processor.py:641} INFO - Processing file /home/veri-pc/.local/lib/python3.10/site-packages/airflow/example_dags/subdags/subdag.py for tasks to queue
[2023-03-07 08:48:53,965] {logging_mixin.py:115} INFO - [2023-03-07 08:48:53,965] {dagbag.py:507} INFO - Filling up the DagBag from /home/veri-pc/.local/lib/python3.10/site-packages/airflow/example_dags/subdags/subdag.py
[2023-03-07 08:48:53,966] {processor.py:653} WARNING - No viable dags retrieved from /home/veri-pc/.local/lib/python3.10/site-packages/airflow/example_dags/subdags/subdag.py
[2023-03-07 08:48:53,975] {processor.py:161} INFO - Processing /home/veri-pc/.local/lib/python3.10/site-packages/airflow/example_dags/subdags/subdag.py took 0.013 seconds
[2023-03-07 08:49:27,676] {processor.py:153} INFO - Started process (PID=9365) to work on /home/veri-pc/.local/lib/python3.10/site-packages/airflow/example_dags/subdags/subdag.py
[2023-03-07 08:49:27,677] {processor.py:641} INFO - Processing file /home/veri-pc/.local/lib/python3.10/site-packages/airflow/example_dags/subdags/subdag.py for tasks to queue
[2023-03-07 08:49:27,678] {logging_mixin.py:115} INFO - [2023-03-07 08:49:27,678] {dagbag.py:507} INFO - Filling up the DagBag from /home/veri-pc/.local/lib/python3.10/site-packages/airflow/example_dags/subdags/subdag.py
[2023-03-07 08:49:27,681] {processor.py:653} WARNING - No viable dags retrieved from /home/veri-pc/.local/lib/python3.10/site-packages/airflow/example_dags/subdags/subdag.py
[2023-03-07 08:49:27,696] {processor.py:161} INFO - Processing /home/veri-pc/.local/lib/python3.10/site-packages/airflow/example_dags/subdags/subdag.py took 0.026 seconds
[2023-03-07 08:50:03,468] {processor.py:153} INFO - Started process (PID=9478) to work on /home/veri-pc/.local/lib/python3.10/site-packages/airflow/example_dags/subdags/subdag.py
[2023-03-07 08:50:03,468] {processor.py:641} INFO - Processing file /home/veri-pc/.local/lib/python3.10/site-packages/airflow/example_dags/subdags/subdag.py for tasks to queue
[2023-03-07 08:50:03,469] {logging_mixin.py:115} INFO - [2023-03-07 08:50:03,469] {dagbag.py:507} INFO - Filling up the DagBag from /home/veri-pc/.local/lib/python3.10/site-packages/airflow/example_dags/subdags/subdag.py
[2023-03-07 08:50:03,470] {processor.py:653} WARNING - No viable dags retrieved from /home/veri-pc/.local/lib/python3.10/site-packages/airflow/example_dags/subdags/subdag.py
[2023-03-07 08:50:03,475] {processor.py:161} INFO - Processing /home/veri-pc/.local/lib/python3.10/site-packages/airflow/example_dags/subdags/subdag.py took 0.009 seconds
[2023-03-07 08:50:37,847] {processor.py:153} INFO - Started process (PID=9566) to work on /home/veri-pc/.local/lib/python3.10/site-packages/airflow/example_dags/subdags/subdag.py
[2023-03-07 08:50:37,848] {processor.py:641} INFO - Processing file /home/veri-pc/.local/lib/python3.10/site-packages/airflow/example_dags/subdags/subdag.py for tasks to queue
[2023-03-07 08:50:37,848] {logging_mixin.py:115} INFO - [2023-03-07 08:50:37,848] {dagbag.py:507} INFO - Filling up the DagBag from /home/veri-pc/.local/lib/python3.10/site-packages/airflow/example_dags/subdags/subdag.py
[2023-03-07 08:50:37,849] {processor.py:653} WARNING - No viable dags retrieved from /home/veri-pc/.local/lib/python3.10/site-packages/airflow/example_dags/subdags/subdag.py
[2023-03-07 08:50:37,856] {processor.py:161} INFO - Processing /home/veri-pc/.local/lib/python3.10/site-packages/airflow/example_dags/subdags/subdag.py took 0.011 seconds
[2023-03-07 08:51:13,164] {processor.py:153} INFO - Started process (PID=9648) to work on /home/veri-pc/.local/lib/python3.10/site-packages/airflow/example_dags/subdags/subdag.py
[2023-03-07 08:51:13,165] {processor.py:641} INFO - Processing file /home/veri-pc/.local/lib/python3.10/site-packages/airflow/example_dags/subdags/subdag.py for tasks to queue
[2023-03-07 08:51:13,166] {logging_mixin.py:115} INFO - [2023-03-07 08:51:13,166] {dagbag.py:507} INFO - Filling up the DagBag from /home/veri-pc/.local/lib/python3.10/site-packages/airflow/example_dags/subdags/subdag.py
[2023-03-07 08:51:13,168] {processor.py:653} WARNING - No viable dags retrieved from /home/veri-pc/.local/lib/python3.10/site-packages/airflow/example_dags/subdags/subdag.py
[2023-03-07 08:51:13,185] {processor.py:161} INFO - Processing /home/veri-pc/.local/lib/python3.10/site-packages/airflow/example_dags/subdags/subdag.py took 0.027 seconds
[2023-03-07 08:51:45,777] {processor.py:153} INFO - Started process (PID=9760) to work on /home/veri-pc/.local/lib/python3.10/site-packages/airflow/example_dags/subdags/subdag.py
[2023-03-07 08:51:45,777] {processor.py:641} INFO - Processing file /home/veri-pc/.local/lib/python3.10/site-packages/airflow/example_dags/subdags/subdag.py for tasks to queue
[2023-03-07 08:51:45,778] {logging_mixin.py:115} INFO - [2023-03-07 08:51:45,778] {dagbag.py:507} INFO - Filling up the DagBag from /home/veri-pc/.local/lib/python3.10/site-packages/airflow/example_dags/subdags/subdag.py
[2023-03-07 08:51:45,778] {processor.py:653} WARNING - No viable dags retrieved from /home/veri-pc/.local/lib/python3.10/site-packages/airflow/example_dags/subdags/subdag.py
[2023-03-07 08:51:45,784] {processor.py:161} INFO - Processing /home/veri-pc/.local/lib/python3.10/site-packages/airflow/example_dags/subdags/subdag.py took 0.010 seconds
[2023-03-07 08:52:19,513] {processor.py:153} INFO - Started process (PID=9844) to work on /home/veri-pc/.local/lib/python3.10/site-packages/airflow/example_dags/subdags/subdag.py
[2023-03-07 08:52:19,514] {processor.py:641} INFO - Processing file /home/veri-pc/.local/lib/python3.10/site-packages/airflow/example_dags/subdags/subdag.py for tasks to queue
[2023-03-07 08:52:19,514] {logging_mixin.py:115} INFO - [2023-03-07 08:52:19,514] {dagbag.py:507} INFO - Filling up the DagBag from /home/veri-pc/.local/lib/python3.10/site-packages/airflow/example_dags/subdags/subdag.py
[2023-03-07 08:52:19,515] {processor.py:653} WARNING - No viable dags retrieved from /home/veri-pc/.local/lib/python3.10/site-packages/airflow/example_dags/subdags/subdag.py
[2023-03-07 08:52:19,520] {processor.py:161} INFO - Processing /home/veri-pc/.local/lib/python3.10/site-packages/airflow/example_dags/subdags/subdag.py took 0.008 seconds
[2023-03-07 08:52:54,163] {processor.py:153} INFO - Started process (PID=9937) to work on /home/veri-pc/.local/lib/python3.10/site-packages/airflow/example_dags/subdags/subdag.py
[2023-03-07 08:52:54,163] {processor.py:641} INFO - Processing file /home/veri-pc/.local/lib/python3.10/site-packages/airflow/example_dags/subdags/subdag.py for tasks to queue
[2023-03-07 08:52:54,164] {logging_mixin.py:115} INFO - [2023-03-07 08:52:54,164] {dagbag.py:507} INFO - Filling up the DagBag from /home/veri-pc/.local/lib/python3.10/site-packages/airflow/example_dags/subdags/subdag.py
[2023-03-07 08:52:54,165] {processor.py:653} WARNING - No viable dags retrieved from /home/veri-pc/.local/lib/python3.10/site-packages/airflow/example_dags/subdags/subdag.py
[2023-03-07 08:52:54,174] {processor.py:161} INFO - Processing /home/veri-pc/.local/lib/python3.10/site-packages/airflow/example_dags/subdags/subdag.py took 0.016 seconds
[2023-03-07 08:53:37,026] {processor.py:153} INFO - Started process (PID=10045) to work on /home/veri-pc/.local/lib/python3.10/site-packages/airflow/example_dags/subdags/subdag.py
[2023-03-07 08:53:37,026] {processor.py:641} INFO - Processing file /home/veri-pc/.local/lib/python3.10/site-packages/airflow/example_dags/subdags/subdag.py for tasks to queue
[2023-03-07 08:53:37,027] {logging_mixin.py:115} INFO - [2023-03-07 08:53:37,027] {dagbag.py:507} INFO - Filling up the DagBag from /home/veri-pc/.local/lib/python3.10/site-packages/airflow/example_dags/subdags/subdag.py
[2023-03-07 08:53:37,028] {processor.py:653} WARNING - No viable dags retrieved from /home/veri-pc/.local/lib/python3.10/site-packages/airflow/example_dags/subdags/subdag.py
[2023-03-07 08:53:37,033] {processor.py:161} INFO - Processing /home/veri-pc/.local/lib/python3.10/site-packages/airflow/example_dags/subdags/subdag.py took 0.008 seconds
[2023-03-07 08:54:10,171] {processor.py:153} INFO - Started process (PID=10127) to work on /home/veri-pc/.local/lib/python3.10/site-packages/airflow/example_dags/subdags/subdag.py
[2023-03-07 08:54:10,171] {processor.py:641} INFO - Processing file /home/veri-pc/.local/lib/python3.10/site-packages/airflow/example_dags/subdags/subdag.py for tasks to queue
[2023-03-07 08:54:10,172] {logging_mixin.py:115} INFO - [2023-03-07 08:54:10,172] {dagbag.py:507} INFO - Filling up the DagBag from /home/veri-pc/.local/lib/python3.10/site-packages/airflow/example_dags/subdags/subdag.py
[2023-03-07 08:54:10,173] {processor.py:653} WARNING - No viable dags retrieved from /home/veri-pc/.local/lib/python3.10/site-packages/airflow/example_dags/subdags/subdag.py
[2023-03-07 08:54:10,181] {processor.py:161} INFO - Processing /home/veri-pc/.local/lib/python3.10/site-packages/airflow/example_dags/subdags/subdag.py took 0.013 seconds
[2023-03-07 08:54:49,555] {processor.py:153} INFO - Started process (PID=10845) to work on /home/veri-pc/.local/lib/python3.10/site-packages/airflow/example_dags/subdags/subdag.py
[2023-03-07 08:54:49,556] {processor.py:641} INFO - Processing file /home/veri-pc/.local/lib/python3.10/site-packages/airflow/example_dags/subdags/subdag.py for tasks to queue
[2023-03-07 08:54:49,557] {logging_mixin.py:115} INFO - [2023-03-07 08:54:49,557] {dagbag.py:507} INFO - Filling up the DagBag from /home/veri-pc/.local/lib/python3.10/site-packages/airflow/example_dags/subdags/subdag.py
[2023-03-07 08:54:49,560] {processor.py:653} WARNING - No viable dags retrieved from /home/veri-pc/.local/lib/python3.10/site-packages/airflow/example_dags/subdags/subdag.py
[2023-03-07 08:54:49,574] {processor.py:161} INFO - Processing /home/veri-pc/.local/lib/python3.10/site-packages/airflow/example_dags/subdags/subdag.py took 0.024 seconds
[2023-03-07 08:55:22,583] {processor.py:153} INFO - Started process (PID=10926) to work on /home/veri-pc/.local/lib/python3.10/site-packages/airflow/example_dags/subdags/subdag.py
[2023-03-07 08:55:22,583] {processor.py:641} INFO - Processing file /home/veri-pc/.local/lib/python3.10/site-packages/airflow/example_dags/subdags/subdag.py for tasks to queue
[2023-03-07 08:55:22,584] {logging_mixin.py:115} INFO - [2023-03-07 08:55:22,584] {dagbag.py:507} INFO - Filling up the DagBag from /home/veri-pc/.local/lib/python3.10/site-packages/airflow/example_dags/subdags/subdag.py
[2023-03-07 08:55:22,585] {processor.py:653} WARNING - No viable dags retrieved from /home/veri-pc/.local/lib/python3.10/site-packages/airflow/example_dags/subdags/subdag.py
[2023-03-07 08:55:22,593] {processor.py:161} INFO - Processing /home/veri-pc/.local/lib/python3.10/site-packages/airflow/example_dags/subdags/subdag.py took 0.013 seconds
[2023-03-07 08:55:55,059] {processor.py:153} INFO - Started process (PID=10990) to work on /home/veri-pc/.local/lib/python3.10/site-packages/airflow/example_dags/subdags/subdag.py
[2023-03-07 08:55:55,059] {processor.py:641} INFO - Processing file /home/veri-pc/.local/lib/python3.10/site-packages/airflow/example_dags/subdags/subdag.py for tasks to queue
[2023-03-07 08:55:55,060] {logging_mixin.py:115} INFO - [2023-03-07 08:55:55,060] {dagbag.py:507} INFO - Filling up the DagBag from /home/veri-pc/.local/lib/python3.10/site-packages/airflow/example_dags/subdags/subdag.py
[2023-03-07 08:55:55,060] {processor.py:653} WARNING - No viable dags retrieved from /home/veri-pc/.local/lib/python3.10/site-packages/airflow/example_dags/subdags/subdag.py
[2023-03-07 08:55:55,066] {processor.py:161} INFO - Processing /home/veri-pc/.local/lib/python3.10/site-packages/airflow/example_dags/subdags/subdag.py took 0.008 seconds
[2023-03-07 09:02:09,199] {processor.py:153} INFO - Started process (PID=11902) to work on /home/veri-pc/.local/lib/python3.10/site-packages/airflow/example_dags/subdags/subdag.py
[2023-03-07 09:02:09,199] {processor.py:641} INFO - Processing file /home/veri-pc/.local/lib/python3.10/site-packages/airflow/example_dags/subdags/subdag.py for tasks to queue
[2023-03-07 09:02:09,200] {logging_mixin.py:115} INFO - [2023-03-07 09:02:09,200] {dagbag.py:507} INFO - Filling up the DagBag from /home/veri-pc/.local/lib/python3.10/site-packages/airflow/example_dags/subdags/subdag.py
[2023-03-07 09:02:09,202] {processor.py:653} WARNING - No viable dags retrieved from /home/veri-pc/.local/lib/python3.10/site-packages/airflow/example_dags/subdags/subdag.py
[2023-03-07 09:02:09,211] {processor.py:161} INFO - Processing /home/veri-pc/.local/lib/python3.10/site-packages/airflow/example_dags/subdags/subdag.py took 0.014 seconds
[2023-03-07 09:02:42,321] {processor.py:153} INFO - Started process (PID=11987) to work on /home/veri-pc/.local/lib/python3.10/site-packages/airflow/example_dags/subdags/subdag.py
[2023-03-07 09:02:42,322] {processor.py:641} INFO - Processing file /home/veri-pc/.local/lib/python3.10/site-packages/airflow/example_dags/subdags/subdag.py for tasks to queue
[2023-03-07 09:02:42,323] {logging_mixin.py:115} INFO - [2023-03-07 09:02:42,323] {dagbag.py:507} INFO - Filling up the DagBag from /home/veri-pc/.local/lib/python3.10/site-packages/airflow/example_dags/subdags/subdag.py
[2023-03-07 09:02:42,326] {processor.py:653} WARNING - No viable dags retrieved from /home/veri-pc/.local/lib/python3.10/site-packages/airflow/example_dags/subdags/subdag.py
[2023-03-07 09:02:42,343] {processor.py:161} INFO - Processing /home/veri-pc/.local/lib/python3.10/site-packages/airflow/example_dags/subdags/subdag.py took 0.027 seconds
[2023-03-07 09:03:13,690] {processor.py:153} INFO - Started process (PID=12079) to work on /home/veri-pc/.local/lib/python3.10/site-packages/airflow/example_dags/subdags/subdag.py
[2023-03-07 09:03:13,691] {processor.py:641} INFO - Processing file /home/veri-pc/.local/lib/python3.10/site-packages/airflow/example_dags/subdags/subdag.py for tasks to queue
[2023-03-07 09:03:13,691] {logging_mixin.py:115} INFO - [2023-03-07 09:03:13,691] {dagbag.py:507} INFO - Filling up the DagBag from /home/veri-pc/.local/lib/python3.10/site-packages/airflow/example_dags/subdags/subdag.py
[2023-03-07 09:03:13,692] {processor.py:653} WARNING - No viable dags retrieved from /home/veri-pc/.local/lib/python3.10/site-packages/airflow/example_dags/subdags/subdag.py
[2023-03-07 09:03:13,698] {processor.py:161} INFO - Processing /home/veri-pc/.local/lib/python3.10/site-packages/airflow/example_dags/subdags/subdag.py took 0.012 seconds
[2023-03-07 09:03:45,646] {processor.py:153} INFO - Started process (PID=12235) to work on /home/veri-pc/.local/lib/python3.10/site-packages/airflow/example_dags/subdags/subdag.py
[2023-03-07 09:03:45,647] {processor.py:641} INFO - Processing file /home/veri-pc/.local/lib/python3.10/site-packages/airflow/example_dags/subdags/subdag.py for tasks to queue
[2023-03-07 09:03:45,647] {logging_mixin.py:115} INFO - [2023-03-07 09:03:45,647] {dagbag.py:507} INFO - Filling up the DagBag from /home/veri-pc/.local/lib/python3.10/site-packages/airflow/example_dags/subdags/subdag.py
[2023-03-07 09:03:45,648] {processor.py:653} WARNING - No viable dags retrieved from /home/veri-pc/.local/lib/python3.10/site-packages/airflow/example_dags/subdags/subdag.py
[2023-03-07 09:03:45,659] {processor.py:161} INFO - Processing /home/veri-pc/.local/lib/python3.10/site-packages/airflow/example_dags/subdags/subdag.py took 0.015 seconds
[2023-03-07 09:04:19,781] {processor.py:153} INFO - Started process (PID=12314) to work on /home/veri-pc/.local/lib/python3.10/site-packages/airflow/example_dags/subdags/subdag.py
[2023-03-07 09:04:19,782] {processor.py:641} INFO - Processing file /home/veri-pc/.local/lib/python3.10/site-packages/airflow/example_dags/subdags/subdag.py for tasks to queue
[2023-03-07 09:04:19,783] {logging_mixin.py:115} INFO - [2023-03-07 09:04:19,782] {dagbag.py:507} INFO - Filling up the DagBag from /home/veri-pc/.local/lib/python3.10/site-packages/airflow/example_dags/subdags/subdag.py
[2023-03-07 09:04:19,784] {processor.py:653} WARNING - No viable dags retrieved from /home/veri-pc/.local/lib/python3.10/site-packages/airflow/example_dags/subdags/subdag.py
[2023-03-07 09:04:19,792] {processor.py:161} INFO - Processing /home/veri-pc/.local/lib/python3.10/site-packages/airflow/example_dags/subdags/subdag.py took 0.014 seconds
[2023-03-07 09:04:56,151] {processor.py:153} INFO - Started process (PID=12409) to work on /home/veri-pc/.local/lib/python3.10/site-packages/airflow/example_dags/subdags/subdag.py
[2023-03-07 09:04:56,152] {processor.py:641} INFO - Processing file /home/veri-pc/.local/lib/python3.10/site-packages/airflow/example_dags/subdags/subdag.py for tasks to queue
[2023-03-07 09:04:56,153] {logging_mixin.py:115} INFO - [2023-03-07 09:04:56,153] {dagbag.py:507} INFO - Filling up the DagBag from /home/veri-pc/.local/lib/python3.10/site-packages/airflow/example_dags/subdags/subdag.py
[2023-03-07 09:04:56,155] {processor.py:653} WARNING - No viable dags retrieved from /home/veri-pc/.local/lib/python3.10/site-packages/airflow/example_dags/subdags/subdag.py
[2023-03-07 09:04:56,161] {processor.py:161} INFO - Processing /home/veri-pc/.local/lib/python3.10/site-packages/airflow/example_dags/subdags/subdag.py took 0.012 seconds
[2023-03-07 09:05:29,291] {processor.py:153} INFO - Started process (PID=12478) to work on /home/veri-pc/.local/lib/python3.10/site-packages/airflow/example_dags/subdags/subdag.py
[2023-03-07 09:05:29,293] {processor.py:641} INFO - Processing file /home/veri-pc/.local/lib/python3.10/site-packages/airflow/example_dags/subdags/subdag.py for tasks to queue
[2023-03-07 09:05:29,294] {logging_mixin.py:115} INFO - [2023-03-07 09:05:29,294] {dagbag.py:507} INFO - Filling up the DagBag from /home/veri-pc/.local/lib/python3.10/site-packages/airflow/example_dags/subdags/subdag.py
[2023-03-07 09:05:29,296] {processor.py:653} WARNING - No viable dags retrieved from /home/veri-pc/.local/lib/python3.10/site-packages/airflow/example_dags/subdags/subdag.py
[2023-03-07 09:05:29,309] {processor.py:161} INFO - Processing /home/veri-pc/.local/lib/python3.10/site-packages/airflow/example_dags/subdags/subdag.py took 0.026 seconds
[2023-03-07 09:06:04,143] {processor.py:153} INFO - Started process (PID=12564) to work on /home/veri-pc/.local/lib/python3.10/site-packages/airflow/example_dags/subdags/subdag.py
[2023-03-07 09:06:04,144] {processor.py:641} INFO - Processing file /home/veri-pc/.local/lib/python3.10/site-packages/airflow/example_dags/subdags/subdag.py for tasks to queue
[2023-03-07 09:06:04,146] {logging_mixin.py:115} INFO - [2023-03-07 09:06:04,145] {dagbag.py:507} INFO - Filling up the DagBag from /home/veri-pc/.local/lib/python3.10/site-packages/airflow/example_dags/subdags/subdag.py
[2023-03-07 09:06:04,150] {processor.py:653} WARNING - No viable dags retrieved from /home/veri-pc/.local/lib/python3.10/site-packages/airflow/example_dags/subdags/subdag.py
[2023-03-07 09:06:04,165] {processor.py:161} INFO - Processing /home/veri-pc/.local/lib/python3.10/site-packages/airflow/example_dags/subdags/subdag.py took 0.028 seconds
[2023-03-07 09:06:36,320] {processor.py:153} INFO - Started process (PID=12622) to work on /home/veri-pc/.local/lib/python3.10/site-packages/airflow/example_dags/subdags/subdag.py
[2023-03-07 09:06:36,321] {processor.py:641} INFO - Processing file /home/veri-pc/.local/lib/python3.10/site-packages/airflow/example_dags/subdags/subdag.py for tasks to queue
[2023-03-07 09:06:36,323] {logging_mixin.py:115} INFO - [2023-03-07 09:06:36,322] {dagbag.py:507} INFO - Filling up the DagBag from /home/veri-pc/.local/lib/python3.10/site-packages/airflow/example_dags/subdags/subdag.py
[2023-03-07 09:06:36,326] {processor.py:653} WARNING - No viable dags retrieved from /home/veri-pc/.local/lib/python3.10/site-packages/airflow/example_dags/subdags/subdag.py
[2023-03-07 09:06:36,343] {processor.py:161} INFO - Processing /home/veri-pc/.local/lib/python3.10/site-packages/airflow/example_dags/subdags/subdag.py took 0.030 seconds
[2023-03-07 09:07:10,010] {processor.py:153} INFO - Started process (PID=12703) to work on /home/veri-pc/.local/lib/python3.10/site-packages/airflow/example_dags/subdags/subdag.py
[2023-03-07 09:07:10,011] {processor.py:641} INFO - Processing file /home/veri-pc/.local/lib/python3.10/site-packages/airflow/example_dags/subdags/subdag.py for tasks to queue
[2023-03-07 09:07:10,011] {logging_mixin.py:115} INFO - [2023-03-07 09:07:10,011] {dagbag.py:507} INFO - Filling up the DagBag from /home/veri-pc/.local/lib/python3.10/site-packages/airflow/example_dags/subdags/subdag.py
[2023-03-07 09:07:10,013] {processor.py:653} WARNING - No viable dags retrieved from /home/veri-pc/.local/lib/python3.10/site-packages/airflow/example_dags/subdags/subdag.py
[2023-03-07 09:07:10,023] {processor.py:161} INFO - Processing /home/veri-pc/.local/lib/python3.10/site-packages/airflow/example_dags/subdags/subdag.py took 0.016 seconds
[2023-03-07 09:07:43,977] {processor.py:153} INFO - Started process (PID=12825) to work on /home/veri-pc/.local/lib/python3.10/site-packages/airflow/example_dags/subdags/subdag.py
[2023-03-07 09:07:43,978] {processor.py:641} INFO - Processing file /home/veri-pc/.local/lib/python3.10/site-packages/airflow/example_dags/subdags/subdag.py for tasks to queue
[2023-03-07 09:07:43,980] {logging_mixin.py:115} INFO - [2023-03-07 09:07:43,980] {dagbag.py:507} INFO - Filling up the DagBag from /home/veri-pc/.local/lib/python3.10/site-packages/airflow/example_dags/subdags/subdag.py
[2023-03-07 09:07:43,984] {processor.py:653} WARNING - No viable dags retrieved from /home/veri-pc/.local/lib/python3.10/site-packages/airflow/example_dags/subdags/subdag.py
[2023-03-07 09:07:43,998] {processor.py:161} INFO - Processing /home/veri-pc/.local/lib/python3.10/site-packages/airflow/example_dags/subdags/subdag.py took 0.027 seconds
[2023-03-07 09:08:15,915] {processor.py:153} INFO - Started process (PID=12899) to work on /home/veri-pc/.local/lib/python3.10/site-packages/airflow/example_dags/subdags/subdag.py
[2023-03-07 09:08:15,917] {processor.py:641} INFO - Processing file /home/veri-pc/.local/lib/python3.10/site-packages/airflow/example_dags/subdags/subdag.py for tasks to queue
[2023-03-07 09:08:15,918] {logging_mixin.py:115} INFO - [2023-03-07 09:08:15,918] {dagbag.py:507} INFO - Filling up the DagBag from /home/veri-pc/.local/lib/python3.10/site-packages/airflow/example_dags/subdags/subdag.py
[2023-03-07 09:08:15,921] {processor.py:653} WARNING - No viable dags retrieved from /home/veri-pc/.local/lib/python3.10/site-packages/airflow/example_dags/subdags/subdag.py
[2023-03-07 09:08:15,939] {processor.py:161} INFO - Processing /home/veri-pc/.local/lib/python3.10/site-packages/airflow/example_dags/subdags/subdag.py took 0.029 seconds
[2023-03-07 09:08:47,909] {processor.py:153} INFO - Started process (PID=12969) to work on /home/veri-pc/.local/lib/python3.10/site-packages/airflow/example_dags/subdags/subdag.py
[2023-03-07 09:08:47,910] {processor.py:641} INFO - Processing file /home/veri-pc/.local/lib/python3.10/site-packages/airflow/example_dags/subdags/subdag.py for tasks to queue
[2023-03-07 09:08:47,911] {logging_mixin.py:115} INFO - [2023-03-07 09:08:47,911] {dagbag.py:507} INFO - Filling up the DagBag from /home/veri-pc/.local/lib/python3.10/site-packages/airflow/example_dags/subdags/subdag.py
[2023-03-07 09:08:47,914] {processor.py:653} WARNING - No viable dags retrieved from /home/veri-pc/.local/lib/python3.10/site-packages/airflow/example_dags/subdags/subdag.py
[2023-03-07 09:08:47,932] {processor.py:161} INFO - Processing /home/veri-pc/.local/lib/python3.10/site-packages/airflow/example_dags/subdags/subdag.py took 0.029 seconds
[2023-03-07 09:09:22,750] {processor.py:153} INFO - Started process (PID=13048) to work on /home/veri-pc/.local/lib/python3.10/site-packages/airflow/example_dags/subdags/subdag.py
[2023-03-07 09:09:22,751] {processor.py:641} INFO - Processing file /home/veri-pc/.local/lib/python3.10/site-packages/airflow/example_dags/subdags/subdag.py for tasks to queue
[2023-03-07 09:09:22,752] {logging_mixin.py:115} INFO - [2023-03-07 09:09:22,752] {dagbag.py:507} INFO - Filling up the DagBag from /home/veri-pc/.local/lib/python3.10/site-packages/airflow/example_dags/subdags/subdag.py
[2023-03-07 09:09:22,753] {processor.py:653} WARNING - No viable dags retrieved from /home/veri-pc/.local/lib/python3.10/site-packages/airflow/example_dags/subdags/subdag.py
[2023-03-07 09:09:22,761] {processor.py:161} INFO - Processing /home/veri-pc/.local/lib/python3.10/site-packages/airflow/example_dags/subdags/subdag.py took 0.016 seconds
