[2023-03-08 05:29:02,225] {taskinstance.py:1159} INFO - Dependencies all met for <TaskInstance: meu_primeiro_dag.executa_codigo scheduled__2023-03-08T08:28:00+00:00 [queued]>
[2023-03-08 05:29:02,229] {taskinstance.py:1159} INFO - Dependencies all met for <TaskInstance: meu_primeiro_dag.executa_codigo scheduled__2023-03-08T08:28:00+00:00 [queued]>
[2023-03-08 05:29:02,229] {taskinstance.py:1356} INFO - 
--------------------------------------------------------------------------------
[2023-03-08 05:29:02,229] {taskinstance.py:1357} INFO - Starting attempt 1 of 1
[2023-03-08 05:29:02,229] {taskinstance.py:1358} INFO - 
--------------------------------------------------------------------------------
[2023-03-08 05:29:02,238] {taskinstance.py:1377} INFO - Executing <Task(PythonOperator): executa_codigo> on 2023-03-08 08:28:00+00:00
[2023-03-08 05:29:02,239] {standard_task_runner.py:52} INFO - Started process 182326 to run task
[2023-03-08 05:29:02,241] {standard_task_runner.py:79} INFO - Running: ['airflow', 'tasks', 'run', 'meu_primeiro_dag', 'executa_codigo', 'scheduled__2023-03-08T08:28:00+00:00', '--job-id', '1177', '--raw', '--subdir', 'DAGS_FOLDER/cotacao_dolar.py', '--cfg-path', '/tmp/tmpji8qldad', '--error-file', '/tmp/tmpmk29kbvv']
[2023-03-08 05:29:02,242] {standard_task_runner.py:80} INFO - Job 1177: Subtask executa_codigo
[2023-03-08 05:29:02,260] {task_command.py:370} INFO - Running <TaskInstance: meu_primeiro_dag.executa_codigo scheduled__2023-03-08T08:28:00+00:00 [running]> on host veripc-System-Product-Name
[2023-03-08 05:29:02,292] {taskinstance.py:1569} INFO - Exporting the following env vars:
AIRFLOW_CTX_DAG_OWNER=airflow
AIRFLOW_CTX_DAG_ID=meu_primeiro_dag
AIRFLOW_CTX_TASK_ID=executa_codigo
AIRFLOW_CTX_EXECUTION_DATE=2023-03-08T08:28:00+00:00
AIRFLOW_CTX_TRY_NUMBER=1
AIRFLOW_CTX_DAG_RUN_ID=scheduled__2023-03-08T08:28:00+00:00
[2023-03-08 05:29:02,469] {python.py:173} INFO - Done. Returned value was: O Id da cotação é ID: 6408474ed0df47e927102c91
[2023-03-08 05:29:02,478] {taskinstance.py:1395} INFO - Marking task as SUCCESS. dag_id=meu_primeiro_dag, task_id=executa_codigo, execution_date=20230308T082800, start_date=20230308T082902, end_date=20230308T082902
[2023-03-08 05:29:02,493] {local_task_job.py:156} INFO - Task exited with return code 0
[2023-03-08 05:29:02,502] {local_task_job.py:273} INFO - 0 downstream tasks scheduled from follow-on schedule check
