[2023-03-07 17:32:01,896] {taskinstance.py:1159} INFO - Dependencies all met for <TaskInstance: meu_primeiro_dag.executa_codigo scheduled__2023-03-07T20:31:00+00:00 [queued]>
[2023-03-07 17:32:01,900] {taskinstance.py:1159} INFO - Dependencies all met for <TaskInstance: meu_primeiro_dag.executa_codigo scheduled__2023-03-07T20:31:00+00:00 [queued]>
[2023-03-07 17:32:01,900] {taskinstance.py:1356} INFO - 
--------------------------------------------------------------------------------
[2023-03-07 17:32:01,900] {taskinstance.py:1357} INFO - Starting attempt 1 of 1
[2023-03-07 17:32:01,900] {taskinstance.py:1358} INFO - 
--------------------------------------------------------------------------------
[2023-03-07 17:32:01,907] {taskinstance.py:1377} INFO - Executing <Task(PythonOperator): executa_codigo> on 2023-03-07 20:31:00+00:00
[2023-03-07 17:32:01,909] {standard_task_runner.py:52} INFO - Started process 90811 to run task
[2023-03-07 17:32:01,910] {standard_task_runner.py:79} INFO - Running: ['airflow', 'tasks', 'run', 'meu_primeiro_dag', 'executa_codigo', 'scheduled__2023-03-07T20:31:00+00:00', '--job-id', '460', '--raw', '--subdir', 'DAGS_FOLDER/cotacao_dolar.py', '--cfg-path', '/tmp/tmpb20ezg8m', '--error-file', '/tmp/tmptx4if5ee']
[2023-03-07 17:32:01,911] {standard_task_runner.py:80} INFO - Job 460: Subtask executa_codigo
[2023-03-07 17:32:01,929] {task_command.py:370} INFO - Running <TaskInstance: meu_primeiro_dag.executa_codigo scheduled__2023-03-07T20:31:00+00:00 [running]> on host veripc-System-Product-Name
[2023-03-07 17:32:01,958] {taskinstance.py:1569} INFO - Exporting the following env vars:
AIRFLOW_CTX_DAG_OWNER=airflow
AIRFLOW_CTX_DAG_ID=meu_primeiro_dag
AIRFLOW_CTX_TASK_ID=executa_codigo
AIRFLOW_CTX_EXECUTION_DATE=2023-03-07T20:31:00+00:00
AIRFLOW_CTX_TRY_NUMBER=1
AIRFLOW_CTX_DAG_RUN_ID=scheduled__2023-03-07T20:31:00+00:00
[2023-03-07 17:32:02,220] {python.py:173} INFO - Done. Returned value was: O Id da cotação é ID: 64079f425b0fdc293252bf33
[2023-03-07 17:32:02,234] {taskinstance.py:1395} INFO - Marking task as SUCCESS. dag_id=meu_primeiro_dag, task_id=executa_codigo, execution_date=20230307T203100, start_date=20230307T203201, end_date=20230307T203202
[2023-03-07 17:32:02,283] {local_task_job.py:156} INFO - Task exited with return code 0
[2023-03-07 17:32:02,295] {local_task_job.py:273} INFO - 0 downstream tasks scheduled from follow-on schedule check
