[2023-03-07 12:07:58,761] {manager.py:480} INFO - Processing files using up to 1 processes at a time 
[2023-03-07 12:07:58,761] {manager.py:481} INFO - Process each file at most once every 30 seconds
[2023-03-07 12:07:58,761] {manager.py:482} INFO - Checking for new files in /home/veri-pc/Documentos/projeto_airflow/dags every 300 seconds
[2023-03-07 12:07:58,762] {manager.py:690} INFO - Searching for files in /home/veri-pc/Documentos/projeto_airflow/dags
[2023-03-07 12:07:58,770] {manager.py:693} INFO - There are 35 files in /home/veri-pc/Documentos/projeto_airflow/dags
[2023-03-07 12:07:58,888] {manager.py:809} INFO - 
================================================================================
DAG File Processing Stats

File Path                                                                                                          PID    Runtime      # DAGs    # Errors  Last Runtime    Last Run
-----------------------------------------------------------------------------------------------------------------  -----  ---------  --------  ----------  --------------  -------------------
/home/veri-pc/Documentos/projeto_airflow/dags/cotacao_dolar.py                                                                              0           0
/home/veri-pc/.local/lib/python3.10/site-packages/airflow/example_dags/example_local_kubernetes_executor.py                                 0           0  0.10s           2023-03-07T15:07:58
/home/veri-pc/.local/lib/python3.10/site-packages/airflow/example_dags/example_dag_decorator.py                                             0           0
/home/veri-pc/.local/lib/python3.10/site-packages/airflow/example_dags/example_python_operator.py                                           0           0
/home/veri-pc/.local/lib/python3.10/site-packages/airflow/example_dags/example_nested_branch_dag.py                                         0           0
/home/veri-pc/.local/lib/python3.10/site-packages/airflow/example_dags/example_task_group.py                                                0           0
/home/veri-pc/.local/lib/python3.10/site-packages/airflow/example_dags/example_passing_params_via_test_command.py                           0           0
/home/veri-pc/.local/lib/python3.10/site-packages/airflow/example_dags/example_trigger_target_dag.py                                        0           0
/home/veri-pc/.local/lib/python3.10/site-packages/airflow/example_dags/example_time_delta_sensor_async.py                                   0           0
/home/veri-pc/.local/lib/python3.10/site-packages/airflow/example_dags/example_branch_python_dop_operator_3.py                              0           0
/home/veri-pc/.local/lib/python3.10/site-packages/airflow/example_dags/tutorial.py                                                          0           0
/home/veri-pc/.local/lib/python3.10/site-packages/airflow/example_dags/example_short_circuit_operator.py                                    0           0
/home/veri-pc/.local/lib/python3.10/site-packages/airflow/example_dags/example_branch_labels.py                                             0           0
/home/veri-pc/.local/lib/python3.10/site-packages/airflow/example_dags/example_latest_only.py                                               0           0
/home/veri-pc/.local/lib/python3.10/site-packages/airflow/example_dags/example_kubernetes_executor.py                                       0           0
/home/veri-pc/.local/lib/python3.10/site-packages/airflow/example_dags/example_xcomargs.py                                                  0           0
/home/veri-pc/.local/lib/python3.10/site-packages/airflow/example_dags/example_skip_dag.py                                                  0           0
/home/veri-pc/.local/lib/python3.10/site-packages/airflow/example_dags/tutorial_taskflow_api_etl_virtualenv.py                              0           0
/home/veri-pc/.local/lib/python3.10/site-packages/airflow/example_dags/example_task_group_decorator.py                                      0           0
/home/veri-pc/.local/lib/python3.10/site-packages/airflow/example_dags/example_branch_day_of_week_operator.py                               0           0
/home/veri-pc/.local/lib/python3.10/site-packages/airflow/example_dags/example_latest_only_with_trigger.py                                  0           0
/home/veri-pc/.local/lib/python3.10/site-packages/airflow/example_dags/example_branch_operator.py                                           0           0
/home/veri-pc/.local/lib/python3.10/site-packages/airflow/example_dags/example_complex.py                                                   0           0
/home/veri-pc/.local/lib/python3.10/site-packages/airflow/example_dags/example_branch_datetime_operator.py                                  0           0
/home/veri-pc/.local/lib/python3.10/site-packages/airflow/example_dags/example_bash_operator.py                                             0           0
/home/veri-pc/.local/lib/python3.10/site-packages/airflow/example_dags/example_branch_operator_decorator.py                                 0           0
/home/veri-pc/.local/lib/python3.10/site-packages/airflow/example_dags/tutorial_taskflow_api_etl.py                                         0           0
/home/veri-pc/.local/lib/python3.10/site-packages/airflow/example_dags/tutorial_etl_dag.py                                                  0           0
/home/veri-pc/.local/lib/python3.10/site-packages/airflow/example_dags/example_sla_dag.py                                                   0           0
/home/veri-pc/.local/lib/python3.10/site-packages/airflow/example_dags/example_external_task_marker_dag.py                                  0           0
/home/veri-pc/.local/lib/python3.10/site-packages/airflow/example_dags/example_subdag_operator.py                                           0           0
/home/veri-pc/.local/lib/python3.10/site-packages/airflow/example_dags/example_xcom.py                                                      0           0
/home/veri-pc/.local/lib/python3.10/site-packages/airflow/example_dags/example_trigger_controller_dag.py                                    0           0
/home/veri-pc/.local/lib/python3.10/site-packages/airflow/example_dags/plugins/workday.py                                                   0           0
/home/veri-pc/.local/lib/python3.10/site-packages/airflow/example_dags/subdags/subdag.py                                                    0           0
================================================================================
[2023-03-07 12:08:29,218] {manager.py:809} INFO - 
================================================================================
DAG File Processing Stats

File Path                                                                                                          PID    Runtime      # DAGs    # Errors  Last Runtime    Last Run
-----------------------------------------------------------------------------------------------------------------  -----  ---------  --------  ----------  --------------  -------------------
/home/veri-pc/Documentos/projeto_airflow/dags/cotacao_dolar.py                                                                              0           0
/home/veri-pc/.local/lib/python3.10/site-packages/airflow/example_dags/example_local_kubernetes_executor.py                                 0           0  0.10s           2023-03-07T15:07:58
/home/veri-pc/.local/lib/python3.10/site-packages/airflow/example_dags/example_kubernetes_executor.py                                       0           0  0.10s           2023-03-07T15:08:27
/home/veri-pc/.local/lib/python3.10/site-packages/airflow/example_dags/example_complex.py                                                   0           0
/home/veri-pc/.local/lib/python3.10/site-packages/airflow/example_dags/example_branch_datetime_operator.py                                  0           0
/home/veri-pc/.local/lib/python3.10/site-packages/airflow/example_dags/example_bash_operator.py                                             0           0
/home/veri-pc/.local/lib/python3.10/site-packages/airflow/example_dags/example_branch_operator_decorator.py                                 0           0
/home/veri-pc/.local/lib/python3.10/site-packages/airflow/example_dags/example_external_task_marker_dag.py                                  0           0
/home/veri-pc/.local/lib/python3.10/site-packages/airflow/example_dags/plugins/workday.py                                                   0           0  0.10s           2023-03-07T15:08:20
/home/veri-pc/.local/lib/python3.10/site-packages/airflow/example_dags/subdags/subdag.py                                                    0           0  0.11s           2023-03-07T15:08:21
/home/veri-pc/.local/lib/python3.10/site-packages/airflow/example_dags/example_dag_decorator.py                                             1           0  0.21s           2023-03-07T15:08:23
/home/veri-pc/.local/lib/python3.10/site-packages/airflow/example_dags/example_python_operator.py                                           1           0  0.20s           2023-03-07T15:08:00
/home/veri-pc/.local/lib/python3.10/site-packages/airflow/example_dags/example_nested_branch_dag.py                                         1           0  0.20s           2023-03-07T15:08:01
/home/veri-pc/.local/lib/python3.10/site-packages/airflow/example_dags/example_task_group.py                                                1           0  0.21s           2023-03-07T15:08:02
/home/veri-pc/.local/lib/python3.10/site-packages/airflow/example_dags/example_passing_params_via_test_command.py                           1           0  0.21s           2023-03-07T15:08:03
/home/veri-pc/.local/lib/python3.10/site-packages/airflow/example_dags/example_trigger_target_dag.py                                        1           0  0.21s           2023-03-07T15:08:05
/home/veri-pc/.local/lib/python3.10/site-packages/airflow/example_dags/example_time_delta_sensor_async.py                                   1           0  0.21s           2023-03-07T15:08:06
/home/veri-pc/.local/lib/python3.10/site-packages/airflow/example_dags/example_branch_python_dop_operator_3.py                              1           0  0.20s           2023-03-07T15:08:24
/home/veri-pc/.local/lib/python3.10/site-packages/airflow/example_dags/tutorial.py                                                          1           0  0.21s           2023-03-07T15:08:07
/home/veri-pc/.local/lib/python3.10/site-packages/airflow/example_dags/example_short_circuit_operator.py                                    1           0  0.21s           2023-03-07T15:08:08
/home/veri-pc/.local/lib/python3.10/site-packages/airflow/example_dags/example_branch_labels.py                                             1           0  0.20s           2023-03-07T15:08:24
/home/veri-pc/.local/lib/python3.10/site-packages/airflow/example_dags/example_latest_only.py                                               1           0  0.20s           2023-03-07T15:08:26
/home/veri-pc/.local/lib/python3.10/site-packages/airflow/example_dags/example_skip_dag.py                                                  1           0  0.20s           2023-03-07T15:08:10
/home/veri-pc/.local/lib/python3.10/site-packages/airflow/example_dags/tutorial_taskflow_api_etl_virtualenv.py                              1           0  0.21s           2023-03-07T15:08:11
/home/veri-pc/.local/lib/python3.10/site-packages/airflow/example_dags/example_task_group_decorator.py                                      1           0  0.21s           2023-03-07T15:08:12
/home/veri-pc/.local/lib/python3.10/site-packages/airflow/example_dags/example_branch_day_of_week_operator.py                               1           0  0.21s           2023-03-07T15:08:28
/home/veri-pc/.local/lib/python3.10/site-packages/airflow/example_dags/example_latest_only_with_trigger.py                                  1           0  0.21s           2023-03-07T15:08:13
/home/veri-pc/.local/lib/python3.10/site-packages/airflow/example_dags/example_branch_operator.py                                           1           0  0.21s           2023-03-07T15:08:29
/home/veri-pc/.local/lib/python3.10/site-packages/airflow/example_dags/tutorial_taskflow_api_etl.py                                         1           0  0.21s           2023-03-07T15:08:14
/home/veri-pc/.local/lib/python3.10/site-packages/airflow/example_dags/tutorial_etl_dag.py                                                  1           0  0.20s           2023-03-07T15:08:15
/home/veri-pc/.local/lib/python3.10/site-packages/airflow/example_dags/example_sla_dag.py                                                   1           0  0.21s           2023-03-07T15:08:16
/home/veri-pc/.local/lib/python3.10/site-packages/airflow/example_dags/example_xcom.py                                                      1           0  0.20s           2023-03-07T15:08:19
/home/veri-pc/.local/lib/python3.10/site-packages/airflow/example_dags/example_trigger_controller_dag.py                                    1           0  0.21s           2023-03-07T15:08:19
/home/veri-pc/.local/lib/python3.10/site-packages/airflow/example_dags/example_xcomargs.py                                                  2           0  0.20s           2023-03-07T15:08:09
/home/veri-pc/.local/lib/python3.10/site-packages/airflow/example_dags/example_subdag_operator.py                                           3           0  0.20s           2023-03-07T15:08:18
================================================================================
[2023-03-07 12:08:59,481] {manager.py:809} INFO - 
================================================================================
DAG File Processing Stats

File Path                                                                                                          PID    Runtime      # DAGs    # Errors  Last Runtime    Last Run
-----------------------------------------------------------------------------------------------------------------  -----  ---------  --------  ----------  --------------  -------------------
/home/veri-pc/Documentos/projeto_airflow/dags/cotacao_dolar.py                                                                              0           1  0.10s           2023-03-07T15:08:35
/home/veri-pc/.local/lib/python3.10/site-packages/airflow/example_dags/example_local_kubernetes_executor.py                                 0           0  0.11s           2023-03-07T15:08:36
/home/veri-pc/.local/lib/python3.10/site-packages/airflow/example_dags/example_kubernetes_executor.py                                       0           0  0.10s           2023-03-07T15:08:27
/home/veri-pc/.local/lib/python3.10/site-packages/airflow/example_dags/plugins/workday.py                                                   0           0  0.11s           2023-03-07T15:08:56
/home/veri-pc/.local/lib/python3.10/site-packages/airflow/example_dags/subdags/subdag.py                                                    0           0  0.10s           2023-03-07T15:08:58
/home/veri-pc/.local/lib/python3.10/site-packages/airflow/example_dags/example_dag_decorator.py                                             1           0  0.10s           2023-03-07T15:08:59
/home/veri-pc/.local/lib/python3.10/site-packages/airflow/example_dags/example_python_operator.py                                           1           0  0.11s           2023-03-07T15:08:37
/home/veri-pc/.local/lib/python3.10/site-packages/airflow/example_dags/example_nested_branch_dag.py                                         1           0  0.10s           2023-03-07T15:08:38
/home/veri-pc/.local/lib/python3.10/site-packages/airflow/example_dags/example_task_group.py                                                1           0  0.11s           2023-03-07T15:08:39
/home/veri-pc/.local/lib/python3.10/site-packages/airflow/example_dags/example_passing_params_via_test_command.py                           1           0  0.10s           2023-03-07T15:08:40
/home/veri-pc/.local/lib/python3.10/site-packages/airflow/example_dags/example_trigger_target_dag.py                                        1           0  0.11s           2023-03-07T15:08:41
/home/veri-pc/.local/lib/python3.10/site-packages/airflow/example_dags/example_time_delta_sensor_async.py                                   1           0  0.11s           2023-03-07T15:08:42
/home/veri-pc/.local/lib/python3.10/site-packages/airflow/example_dags/example_branch_python_dop_operator_3.py                              1           0  0.10s           2023-03-07T15:08:59
/home/veri-pc/.local/lib/python3.10/site-packages/airflow/example_dags/tutorial.py                                                          1           0  0.11s           2023-03-07T15:08:43
/home/veri-pc/.local/lib/python3.10/site-packages/airflow/example_dags/example_short_circuit_operator.py                                    1           0  0.10s           2023-03-07T15:08:44
/home/veri-pc/.local/lib/python3.10/site-packages/airflow/example_dags/example_branch_labels.py                                             1           0  0.20s           2023-03-07T15:08:24
/home/veri-pc/.local/lib/python3.10/site-packages/airflow/example_dags/example_latest_only.py                                               1           0  0.20s           2023-03-07T15:08:26
/home/veri-pc/.local/lib/python3.10/site-packages/airflow/example_dags/example_skip_dag.py                                                  1           0  0.10s           2023-03-07T15:08:46
/home/veri-pc/.local/lib/python3.10/site-packages/airflow/example_dags/tutorial_taskflow_api_etl_virtualenv.py                              1           0  0.11s           2023-03-07T15:08:47
/home/veri-pc/.local/lib/python3.10/site-packages/airflow/example_dags/example_task_group_decorator.py                                      1           0  0.11s           2023-03-07T15:08:48
/home/veri-pc/.local/lib/python3.10/site-packages/airflow/example_dags/example_branch_day_of_week_operator.py                               1           0  0.21s           2023-03-07T15:08:28
/home/veri-pc/.local/lib/python3.10/site-packages/airflow/example_dags/example_latest_only_with_trigger.py                                  1           0  0.11s           2023-03-07T15:08:49
/home/veri-pc/.local/lib/python3.10/site-packages/airflow/example_dags/example_branch_operator.py                                           1           0  0.21s           2023-03-07T15:08:29
/home/veri-pc/.local/lib/python3.10/site-packages/airflow/example_dags/example_complex.py                                                   1           0  0.21s           2023-03-07T15:08:30
/home/veri-pc/.local/lib/python3.10/site-packages/airflow/example_dags/example_branch_datetime_operator.py                                  1           0  0.21s           2023-03-07T15:08:31
/home/veri-pc/.local/lib/python3.10/site-packages/airflow/example_dags/example_bash_operator.py                                             1           0  0.20s           2023-03-07T15:08:32
/home/veri-pc/.local/lib/python3.10/site-packages/airflow/example_dags/example_branch_operator_decorator.py                                 1           0  0.21s           2023-03-07T15:08:33
/home/veri-pc/.local/lib/python3.10/site-packages/airflow/example_dags/tutorial_taskflow_api_etl.py                                         1           0  0.11s           2023-03-07T15:08:50
/home/veri-pc/.local/lib/python3.10/site-packages/airflow/example_dags/tutorial_etl_dag.py                                                  1           0  0.11s           2023-03-07T15:08:51
/home/veri-pc/.local/lib/python3.10/site-packages/airflow/example_dags/example_sla_dag.py                                                   1           0  0.10s           2023-03-07T15:08:52
/home/veri-pc/.local/lib/python3.10/site-packages/airflow/example_dags/example_xcom.py                                                      1           0  0.21s           2023-03-07T15:08:55
/home/veri-pc/.local/lib/python3.10/site-packages/airflow/example_dags/example_trigger_controller_dag.py                                    1           0  0.10s           2023-03-07T15:08:55
/home/veri-pc/.local/lib/python3.10/site-packages/airflow/example_dags/example_xcomargs.py                                                  2           0  0.10s           2023-03-07T15:08:45
/home/veri-pc/.local/lib/python3.10/site-packages/airflow/example_dags/example_external_task_marker_dag.py                                  2           0  0.21s           2023-03-07T15:08:35
/home/veri-pc/.local/lib/python3.10/site-packages/airflow/example_dags/example_subdag_operator.py                                           3           0  0.11s           2023-03-07T15:08:54
================================================================================
[2023-03-07 12:09:29,698] {manager.py:809} INFO - 
================================================================================
DAG File Processing Stats

File Path                                                                                                          PID    Runtime      # DAGs    # Errors  Last Runtime    Last Run
-----------------------------------------------------------------------------------------------------------------  -----  ---------  --------  ----------  --------------  -------------------
/home/veri-pc/Documentos/projeto_airflow/dags/cotacao_dolar.py                                                                              0           1  0.11s           2023-03-07T15:09:09
/home/veri-pc/.local/lib/python3.10/site-packages/airflow/example_dags/example_local_kubernetes_executor.py                                 0           0  0.10s           2023-03-07T15:09:09
/home/veri-pc/.local/lib/python3.10/site-packages/airflow/example_dags/example_kubernetes_executor.py                                       0           0  0.10s           2023-03-07T15:09:00
/home/veri-pc/.local/lib/python3.10/site-packages/airflow/example_dags/plugins/workday.py                                                   0           0  0.11s           2023-03-07T15:09:28
/home/veri-pc/.local/lib/python3.10/site-packages/airflow/example_dags/subdags/subdag.py                                                    0           0  0.10s           2023-03-07T15:09:29
/home/veri-pc/.local/lib/python3.10/site-packages/airflow/example_dags/example_dag_decorator.py                                             1           0  0.10s           2023-03-07T15:08:59
/home/veri-pc/.local/lib/python3.10/site-packages/airflow/example_dags/example_python_operator.py                                           1           0  0.11s           2023-03-07T15:09:10
/home/veri-pc/.local/lib/python3.10/site-packages/airflow/example_dags/example_nested_branch_dag.py                                         1           0  0.11s           2023-03-07T15:09:11
/home/veri-pc/.local/lib/python3.10/site-packages/airflow/example_dags/example_task_group.py                                                1           0  0.11s           2023-03-07T15:09:12
/home/veri-pc/.local/lib/python3.10/site-packages/airflow/example_dags/example_passing_params_via_test_command.py                           1           0  0.10s           2023-03-07T15:09:13
/home/veri-pc/.local/lib/python3.10/site-packages/airflow/example_dags/example_trigger_target_dag.py                                        1           0  0.10s           2023-03-07T15:09:14
/home/veri-pc/.local/lib/python3.10/site-packages/airflow/example_dags/example_time_delta_sensor_async.py                                   1           0  0.10s           2023-03-07T15:09:15
/home/veri-pc/.local/lib/python3.10/site-packages/airflow/example_dags/example_branch_python_dop_operator_3.py                              1           0  0.10s           2023-03-07T15:08:59
/home/veri-pc/.local/lib/python3.10/site-packages/airflow/example_dags/tutorial.py                                                          1           0  0.10s           2023-03-07T15:09:16
/home/veri-pc/.local/lib/python3.10/site-packages/airflow/example_dags/example_short_circuit_operator.py                                    1           0  0.11s           2023-03-07T15:09:17
/home/veri-pc/.local/lib/python3.10/site-packages/airflow/example_dags/example_branch_labels.py                                             1           0  0.10s           2023-03-07T15:08:59
/home/veri-pc/.local/lib/python3.10/site-packages/airflow/example_dags/example_latest_only.py                                               1           0  0.10s           2023-03-07T15:09:00
/home/veri-pc/.local/lib/python3.10/site-packages/airflow/example_dags/example_skip_dag.py                                                  1           0  0.11s           2023-03-07T15:09:19
/home/veri-pc/.local/lib/python3.10/site-packages/airflow/example_dags/tutorial_taskflow_api_etl_virtualenv.py                              1           0  0.11s           2023-03-07T15:09:19
/home/veri-pc/.local/lib/python3.10/site-packages/airflow/example_dags/example_task_group_decorator.py                                      1           0  0.11s           2023-03-07T15:09:21
/home/veri-pc/.local/lib/python3.10/site-packages/airflow/example_dags/example_branch_day_of_week_operator.py                               1           0  0.10s           2023-03-07T15:09:02
/home/veri-pc/.local/lib/python3.10/site-packages/airflow/example_dags/example_latest_only_with_trigger.py                                  1           0  0.11s           2023-03-07T15:09:21
/home/veri-pc/.local/lib/python3.10/site-packages/airflow/example_dags/example_branch_operator.py                                           1           0  0.10s           2023-03-07T15:09:03
/home/veri-pc/.local/lib/python3.10/site-packages/airflow/example_dags/example_complex.py                                                   1           0  0.10s           2023-03-07T15:09:04
/home/veri-pc/.local/lib/python3.10/site-packages/airflow/example_dags/example_branch_datetime_operator.py                                  1           0  0.11s           2023-03-07T15:09:05
/home/veri-pc/.local/lib/python3.10/site-packages/airflow/example_dags/example_bash_operator.py                                             1           0  0.11s           2023-03-07T15:09:06
/home/veri-pc/.local/lib/python3.10/site-packages/airflow/example_dags/example_branch_operator_decorator.py                                 1           0  0.10s           2023-03-07T15:09:07
/home/veri-pc/.local/lib/python3.10/site-packages/airflow/example_dags/tutorial_taskflow_api_etl.py                                         1           0  0.11s           2023-03-07T15:09:22
/home/veri-pc/.local/lib/python3.10/site-packages/airflow/example_dags/tutorial_etl_dag.py                                                  1           0  0.11s           2023-03-07T15:09:23
/home/veri-pc/.local/lib/python3.10/site-packages/airflow/example_dags/example_sla_dag.py                                                   1           0  0.11s           2023-03-07T15:09:24
/home/veri-pc/.local/lib/python3.10/site-packages/airflow/example_dags/example_xcom.py                                                      1           0  0.11s           2023-03-07T15:09:26
/home/veri-pc/.local/lib/python3.10/site-packages/airflow/example_dags/example_trigger_controller_dag.py                                    1           0  0.11s           2023-03-07T15:09:27
/home/veri-pc/.local/lib/python3.10/site-packages/airflow/example_dags/example_xcomargs.py                                                  2           0  0.11s           2023-03-07T15:09:18
/home/veri-pc/.local/lib/python3.10/site-packages/airflow/example_dags/example_external_task_marker_dag.py                                  2           0  0.10s           2023-03-07T15:09:08
/home/veri-pc/.local/lib/python3.10/site-packages/airflow/example_dags/example_subdag_operator.py                                           3           0  0.11s           2023-03-07T15:09:25
================================================================================
[2023-03-07 12:09:59,989] {manager.py:809} INFO - 
================================================================================
DAG File Processing Stats

File Path                                                                                                          PID    Runtime      # DAGs    # Errors  Last Runtime    Last Run
-----------------------------------------------------------------------------------------------------------------  -----  ---------  --------  ----------  --------------  -------------------
/home/veri-pc/Documentos/projeto_airflow/dags/cotacao_dolar.py                                                                              0           1  0.10s           2023-03-07T15:09:43
/home/veri-pc/.local/lib/python3.10/site-packages/airflow/example_dags/example_local_kubernetes_executor.py                                 0           0  0.10s           2023-03-07T15:09:40
/home/veri-pc/.local/lib/python3.10/site-packages/airflow/example_dags/example_kubernetes_executor.py                                       0           0  0.11s           2023-03-07T15:09:33
/home/veri-pc/.local/lib/python3.10/site-packages/airflow/example_dags/plugins/workday.py                                                   0           0  0.11s           2023-03-07T15:09:28
/home/veri-pc/.local/lib/python3.10/site-packages/airflow/example_dags/subdags/subdag.py                                                    0           0  0.10s           2023-03-07T15:09:29
/home/veri-pc/.local/lib/python3.10/site-packages/airflow/example_dags/example_dag_decorator.py                                             1           0  0.11s           2023-03-07T15:09:30
/home/veri-pc/.local/lib/python3.10/site-packages/airflow/example_dags/example_python_operator.py                                           1           0  0.11s           2023-03-07T15:09:44
/home/veri-pc/.local/lib/python3.10/site-packages/airflow/example_dags/example_nested_branch_dag.py                                         1           0  0.11s           2023-03-07T15:09:44
/home/veri-pc/.local/lib/python3.10/site-packages/airflow/example_dags/example_task_group.py                                                1           0  0.11s           2023-03-07T15:09:45
/home/veri-pc/.local/lib/python3.10/site-packages/airflow/example_dags/example_passing_params_via_test_command.py                           1           0  0.10s           2023-03-07T15:09:47
/home/veri-pc/.local/lib/python3.10/site-packages/airflow/example_dags/example_trigger_target_dag.py                                        1           0  0.11s           2023-03-07T15:09:48
/home/veri-pc/.local/lib/python3.10/site-packages/airflow/example_dags/example_time_delta_sensor_async.py                                   1           0  0.10s           2023-03-07T15:09:49
/home/veri-pc/.local/lib/python3.10/site-packages/airflow/example_dags/example_branch_python_dop_operator_3.py                              1           0  0.11s           2023-03-07T15:09:31
/home/veri-pc/.local/lib/python3.10/site-packages/airflow/example_dags/tutorial.py                                                          1           0  0.11s           2023-03-07T15:09:50
/home/veri-pc/.local/lib/python3.10/site-packages/airflow/example_dags/example_short_circuit_operator.py                                    1           0  0.11s           2023-03-07T15:09:51
/home/veri-pc/.local/lib/python3.10/site-packages/airflow/example_dags/example_branch_labels.py                                             1           0  0.11s           2023-03-07T15:09:31
/home/veri-pc/.local/lib/python3.10/site-packages/airflow/example_dags/example_latest_only.py                                               1           0  0.11s           2023-03-07T15:09:32
/home/veri-pc/.local/lib/python3.10/site-packages/airflow/example_dags/example_skip_dag.py                                                  1           0  0.11s           2023-03-07T15:09:53
/home/veri-pc/.local/lib/python3.10/site-packages/airflow/example_dags/tutorial_taskflow_api_etl_virtualenv.py                              1           0  0.11s           2023-03-07T15:09:54
/home/veri-pc/.local/lib/python3.10/site-packages/airflow/example_dags/example_task_group_decorator.py                                      1           0  0.11s           2023-03-07T15:09:55
/home/veri-pc/.local/lib/python3.10/site-packages/airflow/example_dags/example_branch_day_of_week_operator.py                               1           0  0.11s           2023-03-07T15:09:35
/home/veri-pc/.local/lib/python3.10/site-packages/airflow/example_dags/example_latest_only_with_trigger.py                                  1           0  0.11s           2023-03-07T15:09:56
/home/veri-pc/.local/lib/python3.10/site-packages/airflow/example_dags/example_branch_operator.py                                           1           0  0.11s           2023-03-07T15:09:36
/home/veri-pc/.local/lib/python3.10/site-packages/airflow/example_dags/example_complex.py                                                   1           0  0.11s           2023-03-07T15:09:36
/home/veri-pc/.local/lib/python3.10/site-packages/airflow/example_dags/example_branch_datetime_operator.py                                  1           0  0.10s           2023-03-07T15:09:37
/home/veri-pc/.local/lib/python3.10/site-packages/airflow/example_dags/example_bash_operator.py                                             1           0  0.11s           2023-03-07T15:09:39
/home/veri-pc/.local/lib/python3.10/site-packages/airflow/example_dags/example_branch_operator_decorator.py                                 1           0  0.11s           2023-03-07T15:09:41
/home/veri-pc/.local/lib/python3.10/site-packages/airflow/example_dags/tutorial_taskflow_api_etl.py                                         1           0  0.11s           2023-03-07T15:09:57
/home/veri-pc/.local/lib/python3.10/site-packages/airflow/example_dags/tutorial_etl_dag.py                                                  1           0  0.11s           2023-03-07T15:09:58
/home/veri-pc/.local/lib/python3.10/site-packages/airflow/example_dags/example_sla_dag.py                                                   1           0  0.11s           2023-03-07T15:09:59
/home/veri-pc/.local/lib/python3.10/site-packages/airflow/example_dags/example_xcom.py                                                      1           0  0.11s           2023-03-07T15:09:26
/home/veri-pc/.local/lib/python3.10/site-packages/airflow/example_dags/example_trigger_controller_dag.py                                    1           0  0.11s           2023-03-07T15:09:27
/home/veri-pc/.local/lib/python3.10/site-packages/airflow/example_dags/example_xcomargs.py                                                  2           0  0.11s           2023-03-07T15:09:52
/home/veri-pc/.local/lib/python3.10/site-packages/airflow/example_dags/example_external_task_marker_dag.py                                  2           0  0.11s           2023-03-07T15:09:41
/home/veri-pc/.local/lib/python3.10/site-packages/airflow/example_dags/example_subdag_operator.py                                           3           0  0.11s           2023-03-07T15:09:59
================================================================================
[2023-03-07 12:10:30,261] {manager.py:809} INFO - 
================================================================================
DAG File Processing Stats

File Path                                                                                                          PID    Runtime      # DAGs    # Errors  Last Runtime    Last Run
-----------------------------------------------------------------------------------------------------------------  -----  ---------  --------  ----------  --------------  -------------------
/home/veri-pc/Documentos/projeto_airflow/dags/cotacao_dolar.py                                                                              0           1  0.11s           2023-03-07T15:10:21
/home/veri-pc/.local/lib/python3.10/site-packages/airflow/example_dags/example_local_kubernetes_executor.py                                 0           0  0.11s           2023-03-07T15:10:12
/home/veri-pc/.local/lib/python3.10/site-packages/airflow/example_dags/example_kubernetes_executor.py                                       0           0  0.11s           2023-03-07T15:10:08
/home/veri-pc/.local/lib/python3.10/site-packages/airflow/example_dags/plugins/workday.py                                                   0           0  0.11s           2023-03-07T15:10:02
/home/veri-pc/.local/lib/python3.10/site-packages/airflow/example_dags/subdags/subdag.py                                                    0           0  0.11s           2023-03-07T15:10:03
/home/veri-pc/.local/lib/python3.10/site-packages/airflow/example_dags/example_dag_decorator.py                                             1           0  0.11s           2023-03-07T15:10:04
/home/veri-pc/.local/lib/python3.10/site-packages/airflow/example_dags/example_python_operator.py                                           1           0  0.11s           2023-03-07T15:10:18
/home/veri-pc/.local/lib/python3.10/site-packages/airflow/example_dags/example_nested_branch_dag.py                                         1           0  0.11s           2023-03-07T15:10:19
/home/veri-pc/.local/lib/python3.10/site-packages/airflow/example_dags/example_task_group.py                                                1           0  0.11s           2023-03-07T15:10:20
/home/veri-pc/.local/lib/python3.10/site-packages/airflow/example_dags/example_passing_params_via_test_command.py                           1           0  0.11s           2023-03-07T15:10:20
/home/veri-pc/.local/lib/python3.10/site-packages/airflow/example_dags/example_trigger_target_dag.py                                        1           0  0.11s           2023-03-07T15:10:23
/home/veri-pc/.local/lib/python3.10/site-packages/airflow/example_dags/example_time_delta_sensor_async.py                                   1           0  0.10s           2023-03-07T15:10:23
/home/veri-pc/.local/lib/python3.10/site-packages/airflow/example_dags/example_branch_python_dop_operator_3.py                              1           0  0.11s           2023-03-07T15:10:06
/home/veri-pc/.local/lib/python3.10/site-packages/airflow/example_dags/tutorial.py                                                          1           0  0.11s           2023-03-07T15:10:24
/home/veri-pc/.local/lib/python3.10/site-packages/airflow/example_dags/example_short_circuit_operator.py                                    1           0  0.11s           2023-03-07T15:10:25
/home/veri-pc/.local/lib/python3.10/site-packages/airflow/example_dags/example_branch_labels.py                                             1           0  0.10s           2023-03-07T15:10:07
/home/veri-pc/.local/lib/python3.10/site-packages/airflow/example_dags/example_latest_only.py                                               1           0  0.11s           2023-03-07T15:10:07
/home/veri-pc/.local/lib/python3.10/site-packages/airflow/example_dags/example_skip_dag.py                                                  1           0  0.11s           2023-03-07T15:10:27
/home/veri-pc/.local/lib/python3.10/site-packages/airflow/example_dags/tutorial_taskflow_api_etl_virtualenv.py                              1           0  0.11s           2023-03-07T15:10:28
/home/veri-pc/.local/lib/python3.10/site-packages/airflow/example_dags/example_task_group_decorator.py                                      1           0  0.10s           2023-03-07T15:10:29
/home/veri-pc/.local/lib/python3.10/site-packages/airflow/example_dags/example_branch_day_of_week_operator.py                               1           0  0.11s           2023-03-07T15:10:10
/home/veri-pc/.local/lib/python3.10/site-packages/airflow/example_dags/example_latest_only_with_trigger.py                                  1           0  0.11s           2023-03-07T15:10:30
/home/veri-pc/.local/lib/python3.10/site-packages/airflow/example_dags/example_branch_operator.py                                           1           0  0.11s           2023-03-07T15:10:10
/home/veri-pc/.local/lib/python3.10/site-packages/airflow/example_dags/example_complex.py                                                   1           0  0.11s           2023-03-07T15:10:11
/home/veri-pc/.local/lib/python3.10/site-packages/airflow/example_dags/example_branch_datetime_operator.py                                  1           0  0.11s           2023-03-07T15:10:14
/home/veri-pc/.local/lib/python3.10/site-packages/airflow/example_dags/example_bash_operator.py                                             1           0  0.10s           2023-03-07T15:10:15
/home/veri-pc/.local/lib/python3.10/site-packages/airflow/example_dags/example_branch_operator_decorator.py                                 1           0  0.11s           2023-03-07T15:10:16
/home/veri-pc/.local/lib/python3.10/site-packages/airflow/example_dags/tutorial_taskflow_api_etl.py                                         1           0  0.11s           2023-03-07T15:09:57
/home/veri-pc/.local/lib/python3.10/site-packages/airflow/example_dags/tutorial_etl_dag.py                                                  1           0  0.11s           2023-03-07T15:09:58
/home/veri-pc/.local/lib/python3.10/site-packages/airflow/example_dags/example_sla_dag.py                                                   1           0  0.11s           2023-03-07T15:09:59
/home/veri-pc/.local/lib/python3.10/site-packages/airflow/example_dags/example_xcom.py                                                      1           0  0.11s           2023-03-07T15:10:00
/home/veri-pc/.local/lib/python3.10/site-packages/airflow/example_dags/example_trigger_controller_dag.py                                    1           0  0.10s           2023-03-07T15:10:01
/home/veri-pc/.local/lib/python3.10/site-packages/airflow/example_dags/example_xcomargs.py                                                  2           0  0.11s           2023-03-07T15:10:26
/home/veri-pc/.local/lib/python3.10/site-packages/airflow/example_dags/example_external_task_marker_dag.py                                  2           0  0.11s           2023-03-07T15:10:17
/home/veri-pc/.local/lib/python3.10/site-packages/airflow/example_dags/example_subdag_operator.py                                           3           0  0.11s           2023-03-07T15:09:59
================================================================================
[2023-03-07 12:11:00,526] {manager.py:809} INFO - 
================================================================================
DAG File Processing Stats

File Path                                                                                                          PID    Runtime      # DAGs    # Errors  Last Runtime    Last Run
-----------------------------------------------------------------------------------------------------------------  -----  ---------  --------  ----------  --------------  -------------------
/home/veri-pc/Documentos/projeto_airflow/dags/cotacao_dolar.py                                                                              0           1  0.11s           2023-03-07T15:10:58
/home/veri-pc/.local/lib/python3.10/site-packages/airflow/example_dags/example_local_kubernetes_executor.py                                 0           0  0.11s           2023-03-07T15:10:44
/home/veri-pc/.local/lib/python3.10/site-packages/airflow/example_dags/example_kubernetes_executor.py                                       0           0  0.11s           2023-03-07T15:10:42
/home/veri-pc/.local/lib/python3.10/site-packages/airflow/example_dags/plugins/workday.py                                                   0           0  0.11s           2023-03-07T15:10:36
/home/veri-pc/.local/lib/python3.10/site-packages/airflow/example_dags/subdags/subdag.py                                                    0           0  0.11s           2023-03-07T15:10:37
/home/veri-pc/.local/lib/python3.10/site-packages/airflow/example_dags/example_dag_decorator.py                                             1           0  0.11s           2023-03-07T15:10:38
/home/veri-pc/.local/lib/python3.10/site-packages/airflow/example_dags/example_python_operator.py                                           1           0  0.11s           2023-03-07T15:10:51
/home/veri-pc/.local/lib/python3.10/site-packages/airflow/example_dags/example_nested_branch_dag.py                                         1           0  0.11s           2023-03-07T15:10:52
/home/veri-pc/.local/lib/python3.10/site-packages/airflow/example_dags/example_task_group.py                                                1           0  0.11s           2023-03-07T15:10:53
/home/veri-pc/.local/lib/python3.10/site-packages/airflow/example_dags/example_passing_params_via_test_command.py                           1           0  0.11s           2023-03-07T15:10:53
/home/veri-pc/.local/lib/python3.10/site-packages/airflow/example_dags/example_trigger_target_dag.py                                        1           0  0.11s           2023-03-07T15:10:55
/home/veri-pc/.local/lib/python3.10/site-packages/airflow/example_dags/example_time_delta_sensor_async.py                                   1           0  0.11s           2023-03-07T15:10:56
/home/veri-pc/.local/lib/python3.10/site-packages/airflow/example_dags/example_branch_python_dop_operator_3.py                              1           0  0.11s           2023-03-07T15:10:39
/home/veri-pc/.local/lib/python3.10/site-packages/airflow/example_dags/tutorial.py                                                          1           0  0.11s           2023-03-07T15:10:57
/home/veri-pc/.local/lib/python3.10/site-packages/airflow/example_dags/example_short_circuit_operator.py                                    1           0  0.11s           2023-03-07T15:10:59
/home/veri-pc/.local/lib/python3.10/site-packages/airflow/example_dags/example_branch_labels.py                                             1           0  0.11s           2023-03-07T15:10:40
/home/veri-pc/.local/lib/python3.10/site-packages/airflow/example_dags/example_latest_only.py                                               1           0  0.10s           2023-03-07T15:10:40
/home/veri-pc/.local/lib/python3.10/site-packages/airflow/example_dags/example_skip_dag.py                                                  1           0  0.11s           2023-03-07T15:11:00
/home/veri-pc/.local/lib/python3.10/site-packages/airflow/example_dags/tutorial_taskflow_api_etl_virtualenv.py                              1           0  0.11s           2023-03-07T15:10:28
/home/veri-pc/.local/lib/python3.10/site-packages/airflow/example_dags/example_task_group_decorator.py                                      1           0  0.10s           2023-03-07T15:10:29
/home/veri-pc/.local/lib/python3.10/site-packages/airflow/example_dags/example_branch_day_of_week_operator.py                               1           0  0.11s           2023-03-07T15:10:43
/home/veri-pc/.local/lib/python3.10/site-packages/airflow/example_dags/example_latest_only_with_trigger.py                                  1           0  0.11s           2023-03-07T15:10:30
/home/veri-pc/.local/lib/python3.10/site-packages/airflow/example_dags/example_branch_operator.py                                           1           0  0.11s           2023-03-07T15:10:43
/home/veri-pc/.local/lib/python3.10/site-packages/airflow/example_dags/example_complex.py                                                   1           0  0.11s           2023-03-07T15:10:45
/home/veri-pc/.local/lib/python3.10/site-packages/airflow/example_dags/example_branch_datetime_operator.py                                  1           0  0.11s           2023-03-07T15:10:46
/home/veri-pc/.local/lib/python3.10/site-packages/airflow/example_dags/example_bash_operator.py                                             1           0  0.11s           2023-03-07T15:10:47
/home/veri-pc/.local/lib/python3.10/site-packages/airflow/example_dags/example_branch_operator_decorator.py                                 1           0  0.10s           2023-03-07T15:10:48
/home/veri-pc/.local/lib/python3.10/site-packages/airflow/example_dags/tutorial_taskflow_api_etl.py                                         1           0  0.11s           2023-03-07T15:10:30
/home/veri-pc/.local/lib/python3.10/site-packages/airflow/example_dags/tutorial_etl_dag.py                                                  1           0  0.11s           2023-03-07T15:10:31
/home/veri-pc/.local/lib/python3.10/site-packages/airflow/example_dags/example_sla_dag.py                                                   1           0  0.10s           2023-03-07T15:10:33
/home/veri-pc/.local/lib/python3.10/site-packages/airflow/example_dags/example_xcom.py                                                      1           0  0.11s           2023-03-07T15:10:34
/home/veri-pc/.local/lib/python3.10/site-packages/airflow/example_dags/example_trigger_controller_dag.py                                    1           0  0.11s           2023-03-07T15:10:35
/home/veri-pc/.local/lib/python3.10/site-packages/airflow/example_dags/example_xcomargs.py                                                  2           0  0.11s           2023-03-07T15:11:00
/home/veri-pc/.local/lib/python3.10/site-packages/airflow/example_dags/example_external_task_marker_dag.py                                  2           0  0.10s           2023-03-07T15:10:49
/home/veri-pc/.local/lib/python3.10/site-packages/airflow/example_dags/example_subdag_operator.py                                           3           0  0.11s           2023-03-07T15:10:33
================================================================================
[2023-03-07 12:11:31,356] {manager.py:462} INFO - Exiting gracefully upon receiving signal 15
[2023-03-07 12:11:37,581] {manager.py:480} INFO - Processing files using up to 1 processes at a time 
[2023-03-07 12:11:37,582] {manager.py:481} INFO - Process each file at most once every 30 seconds
[2023-03-07 12:11:37,582] {manager.py:482} INFO - Checking for new files in /home/veri-pc/Documentos/projeto_airflow/dags every 300 seconds
[2023-03-07 12:11:37,582] {manager.py:690} INFO - Searching for files in /home/veri-pc/Documentos/projeto_airflow/dags
[2023-03-07 12:11:37,590] {manager.py:693} INFO - There are 35 files in /home/veri-pc/Documentos/projeto_airflow/dags
[2023-03-07 12:11:37,715] {manager.py:809} INFO - 
================================================================================
DAG File Processing Stats

File Path                                                                                                          PID    Runtime      # DAGs    # Errors  Last Runtime    Last Run
-----------------------------------------------------------------------------------------------------------------  -----  ---------  --------  ----------  --------------  -------------------
/home/veri-pc/Documentos/projeto_airflow/dags/cotacao_dolar.py                                                                              0           0
/home/veri-pc/.local/lib/python3.10/site-packages/airflow/example_dags/example_local_kubernetes_executor.py                                 0           0  0.10s           2023-03-07T15:11:37
/home/veri-pc/.local/lib/python3.10/site-packages/airflow/example_dags/example_dag_decorator.py                                             0           0
/home/veri-pc/.local/lib/python3.10/site-packages/airflow/example_dags/example_python_operator.py                                           0           0
/home/veri-pc/.local/lib/python3.10/site-packages/airflow/example_dags/example_nested_branch_dag.py                                         0           0
/home/veri-pc/.local/lib/python3.10/site-packages/airflow/example_dags/example_task_group.py                                                0           0
/home/veri-pc/.local/lib/python3.10/site-packages/airflow/example_dags/example_passing_params_via_test_command.py                           0           0
/home/veri-pc/.local/lib/python3.10/site-packages/airflow/example_dags/example_trigger_target_dag.py                                        0           0
/home/veri-pc/.local/lib/python3.10/site-packages/airflow/example_dags/example_time_delta_sensor_async.py                                   0           0
/home/veri-pc/.local/lib/python3.10/site-packages/airflow/example_dags/example_branch_python_dop_operator_3.py                              0           0
/home/veri-pc/.local/lib/python3.10/site-packages/airflow/example_dags/tutorial.py                                                          0           0
/home/veri-pc/.local/lib/python3.10/site-packages/airflow/example_dags/example_short_circuit_operator.py                                    0           0
/home/veri-pc/.local/lib/python3.10/site-packages/airflow/example_dags/example_branch_labels.py                                             0           0
/home/veri-pc/.local/lib/python3.10/site-packages/airflow/example_dags/example_latest_only.py                                               0           0
/home/veri-pc/.local/lib/python3.10/site-packages/airflow/example_dags/example_kubernetes_executor.py                                       0           0
/home/veri-pc/.local/lib/python3.10/site-packages/airflow/example_dags/example_xcomargs.py                                                  0           0
/home/veri-pc/.local/lib/python3.10/site-packages/airflow/example_dags/example_skip_dag.py                                                  0           0
/home/veri-pc/.local/lib/python3.10/site-packages/airflow/example_dags/tutorial_taskflow_api_etl_virtualenv.py                              0           0
/home/veri-pc/.local/lib/python3.10/site-packages/airflow/example_dags/example_task_group_decorator.py                                      0           0
/home/veri-pc/.local/lib/python3.10/site-packages/airflow/example_dags/example_branch_day_of_week_operator.py                               0           0
/home/veri-pc/.local/lib/python3.10/site-packages/airflow/example_dags/example_latest_only_with_trigger.py                                  0           0
/home/veri-pc/.local/lib/python3.10/site-packages/airflow/example_dags/example_branch_operator.py                                           0           0
/home/veri-pc/.local/lib/python3.10/site-packages/airflow/example_dags/example_complex.py                                                   0           0
/home/veri-pc/.local/lib/python3.10/site-packages/airflow/example_dags/example_branch_datetime_operator.py                                  0           0
/home/veri-pc/.local/lib/python3.10/site-packages/airflow/example_dags/example_bash_operator.py                                             0           0
/home/veri-pc/.local/lib/python3.10/site-packages/airflow/example_dags/example_branch_operator_decorator.py                                 0           0
/home/veri-pc/.local/lib/python3.10/site-packages/airflow/example_dags/tutorial_taskflow_api_etl.py                                         0           0
/home/veri-pc/.local/lib/python3.10/site-packages/airflow/example_dags/tutorial_etl_dag.py                                                  0           0
/home/veri-pc/.local/lib/python3.10/site-packages/airflow/example_dags/example_sla_dag.py                                                   0           0
/home/veri-pc/.local/lib/python3.10/site-packages/airflow/example_dags/example_external_task_marker_dag.py                                  0           0
/home/veri-pc/.local/lib/python3.10/site-packages/airflow/example_dags/example_subdag_operator.py                                           0           0
/home/veri-pc/.local/lib/python3.10/site-packages/airflow/example_dags/example_xcom.py                                                      0           0
/home/veri-pc/.local/lib/python3.10/site-packages/airflow/example_dags/example_trigger_controller_dag.py                                    0           0
/home/veri-pc/.local/lib/python3.10/site-packages/airflow/example_dags/plugins/workday.py                                                   0           0
/home/veri-pc/.local/lib/python3.10/site-packages/airflow/example_dags/subdags/subdag.py                                                    0           0
================================================================================
[2023-03-07 12:12:07,832] {manager.py:809} INFO - 
================================================================================
DAG File Processing Stats

File Path                                                                                                          PID    Runtime      # DAGs    # Errors  Last Runtime    Last Run
-----------------------------------------------------------------------------------------------------------------  -----  ---------  --------  ----------  --------------  -------------------
/home/veri-pc/Documentos/projeto_airflow/dags/cotacao_dolar.py                                                                              0           0
/home/veri-pc/.local/lib/python3.10/site-packages/airflow/example_dags/example_local_kubernetes_executor.py                                 0           0  0.10s           2023-03-07T15:11:37
/home/veri-pc/.local/lib/python3.10/site-packages/airflow/example_dags/example_kubernetes_executor.py                                       0           0  0.11s           2023-03-07T15:12:02
/home/veri-pc/.local/lib/python3.10/site-packages/airflow/example_dags/example_branch_operator_decorator.py                                 0           0
/home/veri-pc/.local/lib/python3.10/site-packages/airflow/example_dags/example_external_task_marker_dag.py                                  0           0
/home/veri-pc/.local/lib/python3.10/site-packages/airflow/example_dags/plugins/workday.py                                                   0           0  0.11s           2023-03-07T15:11:57
/home/veri-pc/.local/lib/python3.10/site-packages/airflow/example_dags/subdags/subdag.py                                                    0           0  0.11s           2023-03-07T15:11:57
/home/veri-pc/.local/lib/python3.10/site-packages/airflow/example_dags/example_dag_decorator.py                                             1           0  0.11s           2023-03-07T15:11:58
/home/veri-pc/.local/lib/python3.10/site-packages/airflow/example_dags/example_python_operator.py                                           1           0  0.10s           2023-03-07T15:11:38
/home/veri-pc/.local/lib/python3.10/site-packages/airflow/example_dags/example_nested_branch_dag.py                                         1           0  0.10s           2023-03-07T15:11:39
/home/veri-pc/.local/lib/python3.10/site-packages/airflow/example_dags/example_task_group.py                                                1           0  0.11s           2023-03-07T15:11:41
/home/veri-pc/.local/lib/python3.10/site-packages/airflow/example_dags/example_passing_params_via_test_command.py                           1           0  0.11s           2023-03-07T15:11:42
/home/veri-pc/.local/lib/python3.10/site-packages/airflow/example_dags/example_trigger_target_dag.py                                        1           0  0.11s           2023-03-07T15:11:42
/home/veri-pc/.local/lib/python3.10/site-packages/airflow/example_dags/example_time_delta_sensor_async.py                                   1           0  0.10s           2023-03-07T15:11:43
/home/veri-pc/.local/lib/python3.10/site-packages/airflow/example_dags/example_branch_python_dop_operator_3.py                              1           0  0.10s           2023-03-07T15:12:00
/home/veri-pc/.local/lib/python3.10/site-packages/airflow/example_dags/tutorial.py                                                          1           0  0.10s           2023-03-07T15:11:44
/home/veri-pc/.local/lib/python3.10/site-packages/airflow/example_dags/example_short_circuit_operator.py                                    1           0  0.11s           2023-03-07T15:11:46
/home/veri-pc/.local/lib/python3.10/site-packages/airflow/example_dags/example_branch_labels.py                                             1           0  0.11s           2023-03-07T15:12:01
/home/veri-pc/.local/lib/python3.10/site-packages/airflow/example_dags/example_latest_only.py                                               1           0  0.11s           2023-03-07T15:12:02
/home/veri-pc/.local/lib/python3.10/site-packages/airflow/example_dags/example_skip_dag.py                                                  1           0  0.10s           2023-03-07T15:11:47
/home/veri-pc/.local/lib/python3.10/site-packages/airflow/example_dags/tutorial_taskflow_api_etl_virtualenv.py                              1           0  0.11s           2023-03-07T15:11:48
/home/veri-pc/.local/lib/python3.10/site-packages/airflow/example_dags/example_task_group_decorator.py                                      1           0  0.11s           2023-03-07T15:11:49
/home/veri-pc/.local/lib/python3.10/site-packages/airflow/example_dags/example_branch_day_of_week_operator.py                               1           0  0.11s           2023-03-07T15:12:04
/home/veri-pc/.local/lib/python3.10/site-packages/airflow/example_dags/example_latest_only_with_trigger.py                                  1           0  0.11s           2023-03-07T15:11:51
/home/veri-pc/.local/lib/python3.10/site-packages/airflow/example_dags/example_branch_operator.py                                           1           0  0.10s           2023-03-07T15:12:05
/home/veri-pc/.local/lib/python3.10/site-packages/airflow/example_dags/example_complex.py                                                   1           0  0.11s           2023-03-07T15:12:06
/home/veri-pc/.local/lib/python3.10/site-packages/airflow/example_dags/example_branch_datetime_operator.py                                  1           0  0.11s           2023-03-07T15:12:07
/home/veri-pc/.local/lib/python3.10/site-packages/airflow/example_dags/example_bash_operator.py                                             1           0  0.10s           2023-03-07T15:12:07
/home/veri-pc/.local/lib/python3.10/site-packages/airflow/example_dags/tutorial_taskflow_api_etl.py                                         1           0  0.11s           2023-03-07T15:11:52
/home/veri-pc/.local/lib/python3.10/site-packages/airflow/example_dags/tutorial_etl_dag.py                                                  1           0  0.11s           2023-03-07T15:11:52
/home/veri-pc/.local/lib/python3.10/site-packages/airflow/example_dags/example_sla_dag.py                                                   1           0  0.10s           2023-03-07T15:11:52
/home/veri-pc/.local/lib/python3.10/site-packages/airflow/example_dags/example_xcom.py                                                      1           0  0.11s           2023-03-07T15:11:55
/home/veri-pc/.local/lib/python3.10/site-packages/airflow/example_dags/example_trigger_controller_dag.py                                    1           0  0.11s           2023-03-07T15:11:56
/home/veri-pc/.local/lib/python3.10/site-packages/airflow/example_dags/example_xcomargs.py                                                  2           0  0.10s           2023-03-07T15:11:47
/home/veri-pc/.local/lib/python3.10/site-packages/airflow/example_dags/example_subdag_operator.py                                           3           0  0.11s           2023-03-07T15:11:53
================================================================================
[2023-03-07 12:12:37,964] {manager.py:809} INFO - 
================================================================================
DAG File Processing Stats

File Path                                                                                                          PID    Runtime      # DAGs    # Errors  Last Runtime    Last Run
-----------------------------------------------------------------------------------------------------------------  -----  ---------  --------  ----------  --------------  -------------------
/home/veri-pc/Documentos/projeto_airflow/dags/cotacao_dolar.py                                                                              0           1  0.11s           2023-03-07T15:12:09
/home/veri-pc/.local/lib/python3.10/site-packages/airflow/example_dags/example_local_kubernetes_executor.py                                 0           0  0.10s           2023-03-07T15:12:10
/home/veri-pc/.local/lib/python3.10/site-packages/airflow/example_dags/example_kubernetes_executor.py                                       0           0  0.10s           2023-03-07T15:12:36
/home/veri-pc/.local/lib/python3.10/site-packages/airflow/example_dags/plugins/workday.py                                                   0           0  0.11s           2023-03-07T15:12:30
/home/veri-pc/.local/lib/python3.10/site-packages/airflow/example_dags/subdags/subdag.py                                                    0           0  0.11s           2023-03-07T15:12:31
/home/veri-pc/.local/lib/python3.10/site-packages/airflow/example_dags/example_dag_decorator.py                                             1           0  0.21s           2023-03-07T15:12:32
/home/veri-pc/.local/lib/python3.10/site-packages/airflow/example_dags/example_python_operator.py                                           1           0  0.11s           2023-03-07T15:12:11
/home/veri-pc/.local/lib/python3.10/site-packages/airflow/example_dags/example_nested_branch_dag.py                                         1           0  0.11s           2023-03-07T15:12:12
/home/veri-pc/.local/lib/python3.10/site-packages/airflow/example_dags/example_task_group.py                                                1           0  0.11s           2023-03-07T15:12:13
/home/veri-pc/.local/lib/python3.10/site-packages/airflow/example_dags/example_passing_params_via_test_command.py                           1           0  0.11s           2023-03-07T15:12:14
/home/veri-pc/.local/lib/python3.10/site-packages/airflow/example_dags/example_trigger_target_dag.py                                        1           0  0.10s           2023-03-07T15:12:15
/home/veri-pc/.local/lib/python3.10/site-packages/airflow/example_dags/example_time_delta_sensor_async.py                                   1           0  0.11s           2023-03-07T15:12:16
/home/veri-pc/.local/lib/python3.10/site-packages/airflow/example_dags/example_branch_python_dop_operator_3.py                              1           0  0.21s           2023-03-07T15:12:33
/home/veri-pc/.local/lib/python3.10/site-packages/airflow/example_dags/tutorial.py                                                          1           0  0.11s           2023-03-07T15:12:17
/home/veri-pc/.local/lib/python3.10/site-packages/airflow/example_dags/example_short_circuit_operator.py                                    1           0  0.11s           2023-03-07T15:12:18
/home/veri-pc/.local/lib/python3.10/site-packages/airflow/example_dags/example_branch_labels.py                                             1           0  0.21s           2023-03-07T15:12:34
/home/veri-pc/.local/lib/python3.10/site-packages/airflow/example_dags/example_latest_only.py                                               1           0  0.21s           2023-03-07T15:12:35
/home/veri-pc/.local/lib/python3.10/site-packages/airflow/example_dags/example_skip_dag.py                                                  1           0  0.11s           2023-03-07T15:12:19
/home/veri-pc/.local/lib/python3.10/site-packages/airflow/example_dags/tutorial_taskflow_api_etl_virtualenv.py                              1           0  0.10s           2023-03-07T15:12:20
/home/veri-pc/.local/lib/python3.10/site-packages/airflow/example_dags/example_task_group_decorator.py                                      1           0  0.11s           2023-03-07T15:12:21
/home/veri-pc/.local/lib/python3.10/site-packages/airflow/example_dags/example_branch_day_of_week_operator.py                               1           0  0.20s           2023-03-07T15:12:37
/home/veri-pc/.local/lib/python3.10/site-packages/airflow/example_dags/example_latest_only_with_trigger.py                                  1           0  0.11s           2023-03-07T15:12:22
/home/veri-pc/.local/lib/python3.10/site-packages/airflow/example_dags/example_branch_operator.py                                           1           0  0.10s           2023-03-07T15:12:05
/home/veri-pc/.local/lib/python3.10/site-packages/airflow/example_dags/example_complex.py                                                   1           0  0.11s           2023-03-07T15:12:06
/home/veri-pc/.local/lib/python3.10/site-packages/airflow/example_dags/example_branch_datetime_operator.py                                  1           0  0.11s           2023-03-07T15:12:07
/home/veri-pc/.local/lib/python3.10/site-packages/airflow/example_dags/example_bash_operator.py                                             1           0  0.10s           2023-03-07T15:12:07
/home/veri-pc/.local/lib/python3.10/site-packages/airflow/example_dags/example_branch_operator_decorator.py                                 1           0  0.10s           2023-03-07T15:12:07
/home/veri-pc/.local/lib/python3.10/site-packages/airflow/example_dags/tutorial_taskflow_api_etl.py                                         1           0  0.21s           2023-03-07T15:12:23
/home/veri-pc/.local/lib/python3.10/site-packages/airflow/example_dags/tutorial_etl_dag.py                                                  1           0  0.21s           2023-03-07T15:12:24
/home/veri-pc/.local/lib/python3.10/site-packages/airflow/example_dags/example_sla_dag.py                                                   1           0  0.20s           2023-03-07T15:12:26
/home/veri-pc/.local/lib/python3.10/site-packages/airflow/example_dags/example_xcom.py                                                      1           0  0.21s           2023-03-07T15:12:28
/home/veri-pc/.local/lib/python3.10/site-packages/airflow/example_dags/example_trigger_controller_dag.py                                    1           0  0.30s           2023-03-07T15:12:28
/home/veri-pc/.local/lib/python3.10/site-packages/airflow/example_dags/example_xcomargs.py                                                  2           0  0.10s           2023-03-07T15:12:18
/home/veri-pc/.local/lib/python3.10/site-packages/airflow/example_dags/example_external_task_marker_dag.py                                  2           0  0.10s           2023-03-07T15:12:08
/home/veri-pc/.local/lib/python3.10/site-packages/airflow/example_dags/example_subdag_operator.py                                           3           0  0.21s           2023-03-07T15:12:27
================================================================================
[2023-03-07 12:13:08,356] {manager.py:809} INFO - 
================================================================================
DAG File Processing Stats

File Path                                                                                                          PID    Runtime      # DAGs    # Errors  Last Runtime    Last Run
-----------------------------------------------------------------------------------------------------------------  -----  ---------  --------  ----------  --------------  -------------------
/home/veri-pc/Documentos/projeto_airflow/dags/cotacao_dolar.py                                                                              0           1  0.21s           2023-03-07T15:12:45
/home/veri-pc/.local/lib/python3.10/site-packages/airflow/example_dags/example_local_kubernetes_executor.py                                 0           0  0.11s           2023-03-07T15:12:40
/home/veri-pc/.local/lib/python3.10/site-packages/airflow/example_dags/example_kubernetes_executor.py                                       0           0  0.10s           2023-03-07T15:12:36
/home/veri-pc/.local/lib/python3.10/site-packages/airflow/example_dags/plugins/workday.py                                                   0           0  0.11s           2023-03-07T15:12:30
/home/veri-pc/.local/lib/python3.10/site-packages/airflow/example_dags/subdags/subdag.py                                                    0           0  0.11s           2023-03-07T15:12:31
/home/veri-pc/.local/lib/python3.10/site-packages/airflow/example_dags/example_dag_decorator.py                                             1           0  0.21s           2023-03-07T15:12:32
/home/veri-pc/.local/lib/python3.10/site-packages/airflow/example_dags/example_python_operator.py                                           1           0  0.21s           2023-03-07T15:12:47
/home/veri-pc/.local/lib/python3.10/site-packages/airflow/example_dags/example_nested_branch_dag.py                                         1           0  0.21s           2023-03-07T15:12:48
/home/veri-pc/.local/lib/python3.10/site-packages/airflow/example_dags/example_task_group.py                                                1           0  0.20s           2023-03-07T15:12:48
/home/veri-pc/.local/lib/python3.10/site-packages/airflow/example_dags/example_passing_params_via_test_command.py                           1           0  0.10s           2023-03-07T15:12:49
/home/veri-pc/.local/lib/python3.10/site-packages/airflow/example_dags/example_trigger_target_dag.py                                        1           0  0.41s           2023-03-07T15:12:51
/home/veri-pc/.local/lib/python3.10/site-packages/airflow/example_dags/example_time_delta_sensor_async.py                                   1           0  0.41s           2023-03-07T15:12:53
/home/veri-pc/.local/lib/python3.10/site-packages/airflow/example_dags/example_branch_python_dop_operator_3.py                              1           0  0.21s           2023-03-07T15:12:33
/home/veri-pc/.local/lib/python3.10/site-packages/airflow/example_dags/tutorial.py                                                          1           0  0.31s           2023-03-07T15:12:54
/home/veri-pc/.local/lib/python3.10/site-packages/airflow/example_dags/example_short_circuit_operator.py                                    1           0  0.70s           2023-03-07T15:12:55
/home/veri-pc/.local/lib/python3.10/site-packages/airflow/example_dags/example_branch_labels.py                                             1           0  0.21s           2023-03-07T15:12:34
/home/veri-pc/.local/lib/python3.10/site-packages/airflow/example_dags/example_latest_only.py                                               1           0  0.21s           2023-03-07T15:12:35
/home/veri-pc/.local/lib/python3.10/site-packages/airflow/example_dags/example_skip_dag.py                                                  1           0  0.40s           2023-03-07T15:12:58
/home/veri-pc/.local/lib/python3.10/site-packages/airflow/example_dags/tutorial_taskflow_api_etl_virtualenv.py                              1           0  0.61s           2023-03-07T15:12:59
/home/veri-pc/.local/lib/python3.10/site-packages/airflow/example_dags/example_task_group_decorator.py                                      1           0  0.52s           2023-03-07T15:13:01
/home/veri-pc/.local/lib/python3.10/site-packages/airflow/example_dags/example_branch_day_of_week_operator.py                               1           0  0.20s           2023-03-07T15:12:37
/home/veri-pc/.local/lib/python3.10/site-packages/airflow/example_dags/example_latest_only_with_trigger.py                                  1           0  0.41s           2023-03-07T15:13:02
/home/veri-pc/.local/lib/python3.10/site-packages/airflow/example_dags/example_branch_operator.py                                           1           0  0.21s           2023-03-07T15:12:38
/home/veri-pc/.local/lib/python3.10/site-packages/airflow/example_dags/example_complex.py                                                   1           0  0.20s           2023-03-07T15:12:39
/home/veri-pc/.local/lib/python3.10/site-packages/airflow/example_dags/example_branch_datetime_operator.py                                  1           0  0.21s           2023-03-07T15:12:41
/home/veri-pc/.local/lib/python3.10/site-packages/airflow/example_dags/example_bash_operator.py                                             1           0  0.20s           2023-03-07T15:12:43
/home/veri-pc/.local/lib/python3.10/site-packages/airflow/example_dags/example_branch_operator_decorator.py                                 1           0  0.20s           2023-03-07T15:12:44
/home/veri-pc/.local/lib/python3.10/site-packages/airflow/example_dags/tutorial_taskflow_api_etl.py                                         1           0  0.31s           2023-03-07T15:13:04
/home/veri-pc/.local/lib/python3.10/site-packages/airflow/example_dags/tutorial_etl_dag.py                                                  1           0  0.11s           2023-03-07T15:13:05
/home/veri-pc/.local/lib/python3.10/site-packages/airflow/example_dags/example_sla_dag.py                                                   1           0  0.11s           2023-03-07T15:13:06
/home/veri-pc/.local/lib/python3.10/site-packages/airflow/example_dags/example_xcom.py                                                      1           0  0.10s           2023-03-07T15:13:08
/home/veri-pc/.local/lib/python3.10/site-packages/airflow/example_dags/example_trigger_controller_dag.py                                    1           0  0.30s           2023-03-07T15:12:28
/home/veri-pc/.local/lib/python3.10/site-packages/airflow/example_dags/example_xcomargs.py                                                  2           0  0.31s           2023-03-07T15:12:56
/home/veri-pc/.local/lib/python3.10/site-packages/airflow/example_dags/example_external_task_marker_dag.py                                  2           0  0.21s           2023-03-07T15:12:44
/home/veri-pc/.local/lib/python3.10/site-packages/airflow/example_dags/example_subdag_operator.py                                           3           0  0.11s           2023-03-07T15:13:07
================================================================================
[2023-03-07 12:13:26,345] {manager.py:462} INFO - Exiting gracefully upon receiving signal 15
