[2023-03-08 04:21:02,592] {taskinstance.py:1159} INFO - Dependencies all met for <TaskInstance: meu_primeiro_dag.executa_codigo scheduled__2023-03-08T07:20:00+00:00 [queued]>
[2023-03-08 04:21:02,596] {taskinstance.py:1159} INFO - Dependencies all met for <TaskInstance: meu_primeiro_dag.executa_codigo scheduled__2023-03-08T07:20:00+00:00 [queued]>
[2023-03-08 04:21:02,596] {taskinstance.py:1356} INFO - 
--------------------------------------------------------------------------------
[2023-03-08 04:21:02,596] {taskinstance.py:1357} INFO - Starting attempt 1 of 1
[2023-03-08 04:21:02,596] {taskinstance.py:1358} INFO - 
--------------------------------------------------------------------------------
[2023-03-08 04:21:02,608] {taskinstance.py:1377} INFO - Executing <Task(PythonOperator): executa_codigo> on 2023-03-08 07:20:00+00:00
[2023-03-08 04:21:02,610] {standard_task_runner.py:52} INFO - Started process 174011 to run task
[2023-03-08 04:21:02,611] {standard_task_runner.py:79} INFO - Running: ['airflow', 'tasks', 'run', 'meu_primeiro_dag', 'executa_codigo', 'scheduled__2023-03-08T07:20:00+00:00', '--job-id', '1109', '--raw', '--subdir', 'DAGS_FOLDER/cotacao_dolar.py', '--cfg-path', '/tmp/tmpn18jlcs2', '--error-file', '/tmp/tmp2i1p5phn']
[2023-03-08 04:21:02,612] {standard_task_runner.py:80} INFO - Job 1109: Subtask executa_codigo
[2023-03-08 04:21:02,632] {task_command.py:370} INFO - Running <TaskInstance: meu_primeiro_dag.executa_codigo scheduled__2023-03-08T07:20:00+00:00 [running]> on host veripc-System-Product-Name
[2023-03-08 04:21:02,662] {taskinstance.py:1569} INFO - Exporting the following env vars:
AIRFLOW_CTX_DAG_OWNER=airflow
AIRFLOW_CTX_DAG_ID=meu_primeiro_dag
AIRFLOW_CTX_TASK_ID=executa_codigo
AIRFLOW_CTX_EXECUTION_DATE=2023-03-08T07:20:00+00:00
AIRFLOW_CTX_TRY_NUMBER=1
AIRFLOW_CTX_DAG_RUN_ID=scheduled__2023-03-08T07:20:00+00:00
[2023-03-08 04:21:02,836] {python.py:173} INFO - Done. Returned value was: O Id da cotação é ID: 6408375e83b7843a0d9434a3
[2023-03-08 04:21:02,844] {taskinstance.py:1395} INFO - Marking task as SUCCESS. dag_id=meu_primeiro_dag, task_id=executa_codigo, execution_date=20230308T072000, start_date=20230308T072102, end_date=20230308T072102
[2023-03-08 04:21:02,863] {local_task_job.py:156} INFO - Task exited with return code 0
[2023-03-08 04:21:02,873] {local_task_job.py:273} INFO - 0 downstream tasks scheduled from follow-on schedule check
