[2023-03-07 14:46:25,649] {taskinstance.py:1159} INFO - Dependencies all met for <TaskInstance: meu_primeiro_dag.executa_codigo scheduled__2023-03-06T01:32:00+00:00 [queued]>
[2023-03-07 14:46:25,653] {taskinstance.py:1159} INFO - Dependencies all met for <TaskInstance: meu_primeiro_dag.executa_codigo scheduled__2023-03-06T01:32:00+00:00 [queued]>
[2023-03-07 14:46:25,653] {taskinstance.py:1356} INFO - 
--------------------------------------------------------------------------------
[2023-03-07 14:46:25,653] {taskinstance.py:1357} INFO - Starting attempt 1 of 1
[2023-03-07 14:46:25,653] {taskinstance.py:1358} INFO - 
--------------------------------------------------------------------------------
[2023-03-07 14:46:25,661] {taskinstance.py:1377} INFO - Executing <Task(PythonOperator): executa_codigo> on 2023-03-06 01:32:00+00:00
[2023-03-07 14:46:25,662] {standard_task_runner.py:52} INFO - Started process 67054 to run task
[2023-03-07 14:46:25,664] {standard_task_runner.py:79} INFO - Running: ['airflow', 'tasks', 'run', 'meu_primeiro_dag', 'executa_codigo', 'scheduled__2023-03-06T01:32:00+00:00', '--job-id', '180', '--raw', '--subdir', 'DAGS_FOLDER/cotacao_dolar.py', '--cfg-path', '/tmp/tmp2rgp38_g', '--error-file', '/tmp/tmpp0_zb1ht']
[2023-03-07 14:46:25,665] {standard_task_runner.py:80} INFO - Job 180: Subtask executa_codigo
[2023-03-07 14:46:25,690] {task_command.py:370} INFO - Running <TaskInstance: meu_primeiro_dag.executa_codigo scheduled__2023-03-06T01:32:00+00:00 [running]> on host veripc-System-Product-Name
[2023-03-07 14:46:25,722] {taskinstance.py:1569} INFO - Exporting the following env vars:
AIRFLOW_CTX_DAG_OWNER=airflow
AIRFLOW_CTX_DAG_ID=meu_primeiro_dag
AIRFLOW_CTX_TASK_ID=executa_codigo
AIRFLOW_CTX_EXECUTION_DATE=2023-03-06T01:32:00+00:00
AIRFLOW_CTX_TRY_NUMBER=1
AIRFLOW_CTX_DAG_RUN_ID=scheduled__2023-03-06T01:32:00+00:00
[2023-03-07 14:46:25,937] {python.py:173} INFO - Done. Returned value was: O Id da cotação é ID: 640778716f73c5ea70ed6900
[2023-03-07 14:46:25,948] {taskinstance.py:1395} INFO - Marking task as SUCCESS. dag_id=meu_primeiro_dag, task_id=executa_codigo, execution_date=20230306T013200, start_date=20230307T174625, end_date=20230307T174625
[2023-03-07 14:46:25,996] {local_task_job.py:156} INFO - Task exited with return code 0
[2023-03-07 14:46:26,012] {local_task_job.py:273} INFO - 0 downstream tasks scheduled from follow-on schedule check
