[2023-03-08 02:11:02,777] {taskinstance.py:1159} INFO - Dependencies all met for <TaskInstance: meu_primeiro_dag.executa_codigo scheduled__2023-03-08T05:10:00+00:00 [queued]>
[2023-03-08 02:11:02,780] {taskinstance.py:1159} INFO - Dependencies all met for <TaskInstance: meu_primeiro_dag.executa_codigo scheduled__2023-03-08T05:10:00+00:00 [queued]>
[2023-03-08 02:11:02,780] {taskinstance.py:1356} INFO - 
--------------------------------------------------------------------------------
[2023-03-08 02:11:02,780] {taskinstance.py:1357} INFO - Starting attempt 1 of 1
[2023-03-08 02:11:02,780] {taskinstance.py:1358} INFO - 
--------------------------------------------------------------------------------
[2023-03-08 02:11:02,788] {taskinstance.py:1377} INFO - Executing <Task(PythonOperator): executa_codigo> on 2023-03-08 05:10:00+00:00
[2023-03-08 02:11:02,790] {standard_task_runner.py:52} INFO - Started process 158210 to run task
[2023-03-08 02:11:02,792] {standard_task_runner.py:79} INFO - Running: ['airflow', 'tasks', 'run', 'meu_primeiro_dag', 'executa_codigo', 'scheduled__2023-03-08T05:10:00+00:00', '--job-id', '979', '--raw', '--subdir', 'DAGS_FOLDER/cotacao_dolar.py', '--cfg-path', '/tmp/tmpd2x8kd7s', '--error-file', '/tmp/tmpbrue2gwe']
[2023-03-08 02:11:02,792] {standard_task_runner.py:80} INFO - Job 979: Subtask executa_codigo
[2023-03-08 02:11:02,810] {task_command.py:370} INFO - Running <TaskInstance: meu_primeiro_dag.executa_codigo scheduled__2023-03-08T05:10:00+00:00 [running]> on host veripc-System-Product-Name
[2023-03-08 02:11:02,841] {taskinstance.py:1569} INFO - Exporting the following env vars:
AIRFLOW_CTX_DAG_OWNER=airflow
AIRFLOW_CTX_DAG_ID=meu_primeiro_dag
AIRFLOW_CTX_TASK_ID=executa_codigo
AIRFLOW_CTX_EXECUTION_DATE=2023-03-08T05:10:00+00:00
AIRFLOW_CTX_TRY_NUMBER=1
AIRFLOW_CTX_DAG_RUN_ID=scheduled__2023-03-08T05:10:00+00:00
[2023-03-08 02:11:02,998] {python.py:173} INFO - Done. Returned value was: O Id da cotação é ID: 640818e68c738066f75b0fa5
[2023-03-08 02:11:03,008] {taskinstance.py:1395} INFO - Marking task as SUCCESS. dag_id=meu_primeiro_dag, task_id=executa_codigo, execution_date=20230308T051000, start_date=20230308T051102, end_date=20230308T051103
[2023-03-08 02:11:03,044] {local_task_job.py:156} INFO - Task exited with return code 0
[2023-03-08 02:11:03,055] {local_task_job.py:273} INFO - 0 downstream tasks scheduled from follow-on schedule check
