[2023-03-08 05:36:02,798] {taskinstance.py:1159} INFO - Dependencies all met for <TaskInstance: meu_primeiro_dag.executa_codigo scheduled__2023-03-08T08:35:00+00:00 [queued]>
[2023-03-08 05:36:02,802] {taskinstance.py:1159} INFO - Dependencies all met for <TaskInstance: meu_primeiro_dag.executa_codigo scheduled__2023-03-08T08:35:00+00:00 [queued]>
[2023-03-08 05:36:02,802] {taskinstance.py:1356} INFO - 
--------------------------------------------------------------------------------
[2023-03-08 05:36:02,802] {taskinstance.py:1357} INFO - Starting attempt 1 of 1
[2023-03-08 05:36:02,802] {taskinstance.py:1358} INFO - 
--------------------------------------------------------------------------------
[2023-03-08 05:36:02,813] {taskinstance.py:1377} INFO - Executing <Task(PythonOperator): executa_codigo> on 2023-03-08 08:35:00+00:00
[2023-03-08 05:36:02,814] {standard_task_runner.py:52} INFO - Started process 183156 to run task
[2023-03-08 05:36:02,816] {standard_task_runner.py:79} INFO - Running: ['airflow', 'tasks', 'run', 'meu_primeiro_dag', 'executa_codigo', 'scheduled__2023-03-08T08:35:00+00:00', '--job-id', '1184', '--raw', '--subdir', 'DAGS_FOLDER/cotacao_dolar.py', '--cfg-path', '/tmp/tmpxlrclmnu', '--error-file', '/tmp/tmp18p8p5ow']
[2023-03-08 05:36:02,817] {standard_task_runner.py:80} INFO - Job 1184: Subtask executa_codigo
[2023-03-08 05:36:02,836] {task_command.py:370} INFO - Running <TaskInstance: meu_primeiro_dag.executa_codigo scheduled__2023-03-08T08:35:00+00:00 [running]> on host veripc-System-Product-Name
[2023-03-08 05:36:02,868] {taskinstance.py:1569} INFO - Exporting the following env vars:
AIRFLOW_CTX_DAG_OWNER=airflow
AIRFLOW_CTX_DAG_ID=meu_primeiro_dag
AIRFLOW_CTX_TASK_ID=executa_codigo
AIRFLOW_CTX_EXECUTION_DATE=2023-03-08T08:35:00+00:00
AIRFLOW_CTX_TRY_NUMBER=1
AIRFLOW_CTX_DAG_RUN_ID=scheduled__2023-03-08T08:35:00+00:00
[2023-03-08 05:36:03,078] {python.py:173} INFO - Done. Returned value was: O Id da cotação é ID: 640848f32a980b6eece6d583
[2023-03-08 05:36:03,093] {taskinstance.py:1395} INFO - Marking task as SUCCESS. dag_id=meu_primeiro_dag, task_id=executa_codigo, execution_date=20230308T083500, start_date=20230308T083602, end_date=20230308T083603
[2023-03-08 05:36:03,108] {local_task_job.py:156} INFO - Task exited with return code 0
[2023-03-08 05:36:03,118] {local_task_job.py:273} INFO - 0 downstream tasks scheduled from follow-on schedule check
