[2023-03-07 14:28:30,868] {taskinstance.py:1159} INFO - Dependencies all met for <TaskInstance: meu_primeiro_dag.Executando scheduled__2023-03-06T00:43:00+00:00 [queued]>
[2023-03-07 14:28:30,871] {taskinstance.py:1159} INFO - Dependencies all met for <TaskInstance: meu_primeiro_dag.Executando scheduled__2023-03-06T00:43:00+00:00 [queued]>
[2023-03-07 14:28:30,871] {taskinstance.py:1356} INFO - 
--------------------------------------------------------------------------------
[2023-03-07 14:28:30,871] {taskinstance.py:1357} INFO - Starting attempt 1 of 1
[2023-03-07 14:28:30,871] {taskinstance.py:1358} INFO - 
--------------------------------------------------------------------------------
[2023-03-07 14:28:30,878] {taskinstance.py:1377} INFO - Executing <Task(PythonOperator): Executando> on 2023-03-06 00:43:00+00:00
[2023-03-07 14:28:30,880] {standard_task_runner.py:52} INFO - Started process 63306 to run task
[2023-03-07 14:28:30,882] {standard_task_runner.py:79} INFO - Running: ['airflow', 'tasks', 'run', 'meu_primeiro_dag', 'Executando', 'scheduled__2023-03-06T00:43:00+00:00', '--job-id', '56', '--raw', '--subdir', 'DAGS_FOLDER/cotacao_dolar.py', '--cfg-path', '/tmp/tmp8iyj4vmh', '--error-file', '/tmp/tmpeslblhnr']
[2023-03-07 14:28:30,882] {standard_task_runner.py:80} INFO - Job 56: Subtask Executando
[2023-03-07 14:28:30,903] {task_command.py:370} INFO - Running <TaskInstance: meu_primeiro_dag.Executando scheduled__2023-03-06T00:43:00+00:00 [running]> on host veripc-System-Product-Name
[2023-03-07 14:28:30,928] {taskinstance.py:1569} INFO - Exporting the following env vars:
AIRFLOW_CTX_DAG_OWNER=airflow
AIRFLOW_CTX_DAG_ID=meu_primeiro_dag
AIRFLOW_CTX_TASK_ID=Executando
AIRFLOW_CTX_EXECUTION_DATE=2023-03-06T00:43:00+00:00
AIRFLOW_CTX_TRY_NUMBER=1
AIRFLOW_CTX_DAG_RUN_ID=scheduled__2023-03-06T00:43:00+00:00
[2023-03-07 14:28:30,929] {python.py:173} INFO - Done. Returned value was: None
[2023-03-07 14:28:30,932] {taskinstance.py:1395} INFO - Marking task as SUCCESS. dag_id=meu_primeiro_dag, task_id=Executando, execution_date=20230306T004300, start_date=20230307T172830, end_date=20230307T172830
[2023-03-07 14:28:30,973] {local_task_job.py:156} INFO - Task exited with return code 0
[2023-03-07 14:28:30,983] {local_task_job.py:273} INFO - 0 downstream tasks scheduled from follow-on schedule check
