[2023-03-07 23:14:01,923] {taskinstance.py:1159} INFO - Dependencies all met for <TaskInstance: meu_primeiro_dag.executa_codigo scheduled__2023-03-08T02:13:00+00:00 [queued]>
[2023-03-07 23:14:01,927] {taskinstance.py:1159} INFO - Dependencies all met for <TaskInstance: meu_primeiro_dag.executa_codigo scheduled__2023-03-08T02:13:00+00:00 [queued]>
[2023-03-07 23:14:01,927] {taskinstance.py:1356} INFO - 
--------------------------------------------------------------------------------
[2023-03-07 23:14:01,927] {taskinstance.py:1357} INFO - Starting attempt 1 of 1
[2023-03-07 23:14:01,927] {taskinstance.py:1358} INFO - 
--------------------------------------------------------------------------------
[2023-03-07 23:14:01,936] {taskinstance.py:1377} INFO - Executing <Task(PythonOperator): executa_codigo> on 2023-03-08 02:13:00+00:00
[2023-03-07 23:14:01,938] {standard_task_runner.py:52} INFO - Started process 134675 to run task
[2023-03-07 23:14:01,940] {standard_task_runner.py:79} INFO - Running: ['airflow', 'tasks', 'run', 'meu_primeiro_dag', 'executa_codigo', 'scheduled__2023-03-08T02:13:00+00:00', '--job-id', '802', '--raw', '--subdir', 'DAGS_FOLDER/cotacao_dolar.py', '--cfg-path', '/tmp/tmpgr54t11j', '--error-file', '/tmp/tmpmcaw4gpi']
[2023-03-07 23:14:01,940] {standard_task_runner.py:80} INFO - Job 802: Subtask executa_codigo
[2023-03-07 23:14:01,961] {task_command.py:370} INFO - Running <TaskInstance: meu_primeiro_dag.executa_codigo scheduled__2023-03-08T02:13:00+00:00 [running]> on host veripc-System-Product-Name
[2023-03-07 23:14:01,989] {taskinstance.py:1569} INFO - Exporting the following env vars:
AIRFLOW_CTX_DAG_OWNER=airflow
AIRFLOW_CTX_DAG_ID=meu_primeiro_dag
AIRFLOW_CTX_TASK_ID=executa_codigo
AIRFLOW_CTX_EXECUTION_DATE=2023-03-08T02:13:00+00:00
AIRFLOW_CTX_TRY_NUMBER=1
AIRFLOW_CTX_DAG_RUN_ID=scheduled__2023-03-08T02:13:00+00:00
[2023-03-07 23:14:02,195] {python.py:173} INFO - Done. Returned value was: O Id da cotação é ID: 6407ef6af0444225de1ef169
[2023-03-07 23:14:02,211] {taskinstance.py:1395} INFO - Marking task as SUCCESS. dag_id=meu_primeiro_dag, task_id=executa_codigo, execution_date=20230308T021300, start_date=20230308T021401, end_date=20230308T021402
[2023-03-07 23:14:02,232] {local_task_job.py:156} INFO - Task exited with return code 0
[2023-03-07 23:14:02,242] {local_task_job.py:273} INFO - 0 downstream tasks scheduled from follow-on schedule check
