[2023-03-08 07:33:02,696] {taskinstance.py:1159} INFO - Dependencies all met for <TaskInstance: meu_primeiro_dag.executa_codigo scheduled__2023-03-08T10:32:00+00:00 [queued]>
[2023-03-08 07:33:02,700] {taskinstance.py:1159} INFO - Dependencies all met for <TaskInstance: meu_primeiro_dag.executa_codigo scheduled__2023-03-08T10:32:00+00:00 [queued]>
[2023-03-08 07:33:02,700] {taskinstance.py:1356} INFO - 
--------------------------------------------------------------------------------
[2023-03-08 07:33:02,700] {taskinstance.py:1357} INFO - Starting attempt 1 of 1
[2023-03-08 07:33:02,700] {taskinstance.py:1358} INFO - 
--------------------------------------------------------------------------------
[2023-03-08 07:33:02,708] {taskinstance.py:1377} INFO - Executing <Task(PythonOperator): executa_codigo> on 2023-03-08 10:32:00+00:00
[2023-03-08 07:33:02,710] {standard_task_runner.py:52} INFO - Started process 205046 to run task
[2023-03-08 07:33:02,712] {standard_task_runner.py:79} INFO - Running: ['airflow', 'tasks', 'run', 'meu_primeiro_dag', 'executa_codigo', 'scheduled__2023-03-08T10:32:00+00:00', '--job-id', '1301', '--raw', '--subdir', 'DAGS_FOLDER/cotacao_dolar.py', '--cfg-path', '/tmp/tmpy64e3u0t', '--error-file', '/tmp/tmpgk7l0_7l']
[2023-03-08 07:33:02,713] {standard_task_runner.py:80} INFO - Job 1301: Subtask executa_codigo
[2023-03-08 07:33:02,735] {task_command.py:370} INFO - Running <TaskInstance: meu_primeiro_dag.executa_codigo scheduled__2023-03-08T10:32:00+00:00 [running]> on host veripc-System-Product-Name
[2023-03-08 07:33:02,771] {taskinstance.py:1569} INFO - Exporting the following env vars:
AIRFLOW_CTX_DAG_OWNER=airflow
AIRFLOW_CTX_DAG_ID=meu_primeiro_dag
AIRFLOW_CTX_TASK_ID=executa_codigo
AIRFLOW_CTX_EXECUTION_DATE=2023-03-08T10:32:00+00:00
AIRFLOW_CTX_TRY_NUMBER=1
AIRFLOW_CTX_DAG_RUN_ID=scheduled__2023-03-08T10:32:00+00:00
[2023-03-08 07:33:02,945] {python.py:173} INFO - Done. Returned value was: O Id da cotação é ID: 6408645eba7e0c3c94bf481b
[2023-03-08 07:33:02,955] {taskinstance.py:1395} INFO - Marking task as SUCCESS. dag_id=meu_primeiro_dag, task_id=executa_codigo, execution_date=20230308T103200, start_date=20230308T103302, end_date=20230308T103302
[2023-03-08 07:33:02,964] {local_task_job.py:156} INFO - Task exited with return code 0
[2023-03-08 07:33:02,972] {local_task_job.py:273} INFO - 0 downstream tasks scheduled from follow-on schedule check
