[2023-03-07 21:08:02,236] {taskinstance.py:1159} INFO - Dependencies all met for <TaskInstance: meu_primeiro_dag.executa_codigo scheduled__2023-03-08T00:07:00+00:00 [queued]>
[2023-03-07 21:08:02,239] {taskinstance.py:1159} INFO - Dependencies all met for <TaskInstance: meu_primeiro_dag.executa_codigo scheduled__2023-03-08T00:07:00+00:00 [queued]>
[2023-03-07 21:08:02,239] {taskinstance.py:1356} INFO - 
--------------------------------------------------------------------------------
[2023-03-07 21:08:02,239] {taskinstance.py:1357} INFO - Starting attempt 1 of 1
[2023-03-07 21:08:02,239] {taskinstance.py:1358} INFO - 
--------------------------------------------------------------------------------
[2023-03-07 21:08:02,247] {taskinstance.py:1377} INFO - Executing <Task(PythonOperator): executa_codigo> on 2023-03-08 00:07:00+00:00
[2023-03-07 21:08:02,248] {standard_task_runner.py:52} INFO - Started process 118597 to run task
[2023-03-07 21:08:02,250] {standard_task_runner.py:79} INFO - Running: ['airflow', 'tasks', 'run', 'meu_primeiro_dag', 'executa_codigo', 'scheduled__2023-03-08T00:07:00+00:00', '--job-id', '676', '--raw', '--subdir', 'DAGS_FOLDER/cotacao_dolar.py', '--cfg-path', '/tmp/tmp6d0awjm3', '--error-file', '/tmp/tmpwxc8xqq7']
[2023-03-07 21:08:02,250] {standard_task_runner.py:80} INFO - Job 676: Subtask executa_codigo
[2023-03-07 21:08:02,269] {task_command.py:370} INFO - Running <TaskInstance: meu_primeiro_dag.executa_codigo scheduled__2023-03-08T00:07:00+00:00 [running]> on host veripc-System-Product-Name
[2023-03-07 21:08:02,297] {taskinstance.py:1569} INFO - Exporting the following env vars:
AIRFLOW_CTX_DAG_OWNER=airflow
AIRFLOW_CTX_DAG_ID=meu_primeiro_dag
AIRFLOW_CTX_TASK_ID=executa_codigo
AIRFLOW_CTX_EXECUTION_DATE=2023-03-08T00:07:00+00:00
AIRFLOW_CTX_TRY_NUMBER=1
AIRFLOW_CTX_DAG_RUN_ID=scheduled__2023-03-08T00:07:00+00:00
[2023-03-07 21:08:02,465] {python.py:173} INFO - Done. Returned value was: O Id da cotação é ID: 6407d1e2c2431d303a2e6513
[2023-03-07 21:08:02,475] {taskinstance.py:1395} INFO - Marking task as SUCCESS. dag_id=meu_primeiro_dag, task_id=executa_codigo, execution_date=20230308T000700, start_date=20230308T000802, end_date=20230308T000802
[2023-03-07 21:08:02,502] {local_task_job.py:156} INFO - Task exited with return code 0
[2023-03-07 21:08:02,510] {local_task_job.py:273} INFO - 0 downstream tasks scheduled from follow-on schedule check
