[2023-03-08 02:02:02,089] {taskinstance.py:1159} INFO - Dependencies all met for <TaskInstance: meu_primeiro_dag.executa_codigo scheduled__2023-03-08T05:01:00+00:00 [queued]>
[2023-03-08 02:02:02,093] {taskinstance.py:1159} INFO - Dependencies all met for <TaskInstance: meu_primeiro_dag.executa_codigo scheduled__2023-03-08T05:01:00+00:00 [queued]>
[2023-03-08 02:02:02,093] {taskinstance.py:1356} INFO - 
--------------------------------------------------------------------------------
[2023-03-08 02:02:02,093] {taskinstance.py:1357} INFO - Starting attempt 1 of 1
[2023-03-08 02:02:02,093] {taskinstance.py:1358} INFO - 
--------------------------------------------------------------------------------
[2023-03-08 02:02:02,101] {taskinstance.py:1377} INFO - Executing <Task(PythonOperator): executa_codigo> on 2023-03-08 05:01:00+00:00
[2023-03-08 02:02:02,103] {standard_task_runner.py:52} INFO - Started process 157091 to run task
[2023-03-08 02:02:02,104] {standard_task_runner.py:79} INFO - Running: ['airflow', 'tasks', 'run', 'meu_primeiro_dag', 'executa_codigo', 'scheduled__2023-03-08T05:01:00+00:00', '--job-id', '970', '--raw', '--subdir', 'DAGS_FOLDER/cotacao_dolar.py', '--cfg-path', '/tmp/tmp3djdwulf', '--error-file', '/tmp/tmp5zfqmyjh']
[2023-03-08 02:02:02,105] {standard_task_runner.py:80} INFO - Job 970: Subtask executa_codigo
[2023-03-08 02:02:02,124] {task_command.py:370} INFO - Running <TaskInstance: meu_primeiro_dag.executa_codigo scheduled__2023-03-08T05:01:00+00:00 [running]> on host veripc-System-Product-Name
[2023-03-08 02:02:02,153] {taskinstance.py:1569} INFO - Exporting the following env vars:
AIRFLOW_CTX_DAG_OWNER=airflow
AIRFLOW_CTX_DAG_ID=meu_primeiro_dag
AIRFLOW_CTX_TASK_ID=executa_codigo
AIRFLOW_CTX_EXECUTION_DATE=2023-03-08T05:01:00+00:00
AIRFLOW_CTX_TRY_NUMBER=1
AIRFLOW_CTX_DAG_RUN_ID=scheduled__2023-03-08T05:01:00+00:00
[2023-03-08 02:02:02,331] {python.py:173} INFO - Done. Returned value was: O Id da cotação é ID: 640816cab6adacab3c4b1b4c
[2023-03-08 02:02:02,345] {taskinstance.py:1395} INFO - Marking task as SUCCESS. dag_id=meu_primeiro_dag, task_id=executa_codigo, execution_date=20230308T050100, start_date=20230308T050202, end_date=20230308T050202
[2023-03-08 02:02:02,356] {local_task_job.py:156} INFO - Task exited with return code 0
[2023-03-08 02:02:02,365] {local_task_job.py:273} INFO - 0 downstream tasks scheduled from follow-on schedule check
