[2023-03-07 14:45:58,442] {taskinstance.py:1159} INFO - Dependencies all met for <TaskInstance: meu_primeiro_dag.executa_codigo scheduled__2023-03-06T01:19:00+00:00 [queued]>
[2023-03-07 14:45:58,445] {taskinstance.py:1159} INFO - Dependencies all met for <TaskInstance: meu_primeiro_dag.executa_codigo scheduled__2023-03-06T01:19:00+00:00 [queued]>
[2023-03-07 14:45:58,446] {taskinstance.py:1356} INFO - 
--------------------------------------------------------------------------------
[2023-03-07 14:45:58,446] {taskinstance.py:1357} INFO - Starting attempt 1 of 1
[2023-03-07 14:45:58,446] {taskinstance.py:1358} INFO - 
--------------------------------------------------------------------------------
[2023-03-07 14:45:58,465] {taskinstance.py:1377} INFO - Executing <Task(PythonOperator): executa_codigo> on 2023-03-06 01:19:00+00:00
[2023-03-07 14:45:58,468] {standard_task_runner.py:52} INFO - Started process 66822 to run task
[2023-03-07 14:45:58,470] {standard_task_runner.py:79} INFO - Running: ['airflow', 'tasks', 'run', 'meu_primeiro_dag', 'executa_codigo', 'scheduled__2023-03-06T01:19:00+00:00', '--job-id', '167', '--raw', '--subdir', 'DAGS_FOLDER/cotacao_dolar.py', '--cfg-path', '/tmp/tmpa9r8vkgi', '--error-file', '/tmp/tmp_ip4zer5']
[2023-03-07 14:45:58,471] {standard_task_runner.py:80} INFO - Job 167: Subtask executa_codigo
[2023-03-07 14:45:58,491] {task_command.py:370} INFO - Running <TaskInstance: meu_primeiro_dag.executa_codigo scheduled__2023-03-06T01:19:00+00:00 [running]> on host veripc-System-Product-Name
[2023-03-07 14:45:58,522] {taskinstance.py:1569} INFO - Exporting the following env vars:
AIRFLOW_CTX_DAG_OWNER=airflow
AIRFLOW_CTX_DAG_ID=meu_primeiro_dag
AIRFLOW_CTX_TASK_ID=executa_codigo
AIRFLOW_CTX_EXECUTION_DATE=2023-03-06T01:19:00+00:00
AIRFLOW_CTX_TRY_NUMBER=1
AIRFLOW_CTX_DAG_RUN_ID=scheduled__2023-03-06T01:19:00+00:00
[2023-03-07 14:45:58,786] {python.py:173} INFO - Done. Returned value was: O Id da cotação é ID: 640778563b8e86ee9a74f533
[2023-03-07 14:45:58,798] {taskinstance.py:1395} INFO - Marking task as SUCCESS. dag_id=meu_primeiro_dag, task_id=executa_codigo, execution_date=20230306T011900, start_date=20230307T174558, end_date=20230307T174558
[2023-03-07 14:45:58,842] {local_task_job.py:156} INFO - Task exited with return code 0
[2023-03-07 14:45:58,853] {local_task_job.py:273} INFO - 0 downstream tasks scheduled from follow-on schedule check
