[2023-03-08 03:39:02,364] {taskinstance.py:1159} INFO - Dependencies all met for <TaskInstance: meu_primeiro_dag.executa_codigo scheduled__2023-03-08T06:38:00+00:00 [queued]>
[2023-03-08 03:39:02,368] {taskinstance.py:1159} INFO - Dependencies all met for <TaskInstance: meu_primeiro_dag.executa_codigo scheduled__2023-03-08T06:38:00+00:00 [queued]>
[2023-03-08 03:39:02,368] {taskinstance.py:1356} INFO - 
--------------------------------------------------------------------------------
[2023-03-08 03:39:02,368] {taskinstance.py:1357} INFO - Starting attempt 1 of 1
[2023-03-08 03:39:02,368] {taskinstance.py:1358} INFO - 
--------------------------------------------------------------------------------
[2023-03-08 03:39:02,377] {taskinstance.py:1377} INFO - Executing <Task(PythonOperator): executa_codigo> on 2023-03-08 06:38:00+00:00
[2023-03-08 03:39:02,379] {standard_task_runner.py:52} INFO - Started process 168927 to run task
[2023-03-08 03:39:02,380] {standard_task_runner.py:79} INFO - Running: ['airflow', 'tasks', 'run', 'meu_primeiro_dag', 'executa_codigo', 'scheduled__2023-03-08T06:38:00+00:00', '--job-id', '1067', '--raw', '--subdir', 'DAGS_FOLDER/cotacao_dolar.py', '--cfg-path', '/tmp/tmpgxwze82h', '--error-file', '/tmp/tmptumst5ky']
[2023-03-08 03:39:02,381] {standard_task_runner.py:80} INFO - Job 1067: Subtask executa_codigo
[2023-03-08 03:39:02,399] {task_command.py:370} INFO - Running <TaskInstance: meu_primeiro_dag.executa_codigo scheduled__2023-03-08T06:38:00+00:00 [running]> on host veripc-System-Product-Name
[2023-03-08 03:39:02,430] {taskinstance.py:1569} INFO - Exporting the following env vars:
AIRFLOW_CTX_DAG_OWNER=airflow
AIRFLOW_CTX_DAG_ID=meu_primeiro_dag
AIRFLOW_CTX_TASK_ID=executa_codigo
AIRFLOW_CTX_EXECUTION_DATE=2023-03-08T06:38:00+00:00
AIRFLOW_CTX_TRY_NUMBER=1
AIRFLOW_CTX_DAG_RUN_ID=scheduled__2023-03-08T06:38:00+00:00
[2023-03-08 03:39:02,625] {python.py:173} INFO - Done. Returned value was: O Id da cotação é ID: 64082d862f32f2d05dc0fb3d
[2023-03-08 03:39:02,633] {taskinstance.py:1395} INFO - Marking task as SUCCESS. dag_id=meu_primeiro_dag, task_id=executa_codigo, execution_date=20230308T063800, start_date=20230308T063902, end_date=20230308T063902
[2023-03-08 03:39:02,673] {local_task_job.py:156} INFO - Task exited with return code 0
[2023-03-08 03:39:02,686] {local_task_job.py:273} INFO - 0 downstream tasks scheduled from follow-on schedule check
