[2023-03-07 18:31:02,139] {taskinstance.py:1159} INFO - Dependencies all met for <TaskInstance: meu_primeiro_dag.executa_codigo scheduled__2023-03-07T21:30:00+00:00 [queued]>
[2023-03-07 18:31:02,142] {taskinstance.py:1159} INFO - Dependencies all met for <TaskInstance: meu_primeiro_dag.executa_codigo scheduled__2023-03-07T21:30:00+00:00 [queued]>
[2023-03-07 18:31:02,143] {taskinstance.py:1356} INFO - 
--------------------------------------------------------------------------------
[2023-03-07 18:31:02,143] {taskinstance.py:1357} INFO - Starting attempt 1 of 1
[2023-03-07 18:31:02,143] {taskinstance.py:1358} INFO - 
--------------------------------------------------------------------------------
[2023-03-07 18:31:02,152] {taskinstance.py:1377} INFO - Executing <Task(PythonOperator): executa_codigo> on 2023-03-07 21:30:00+00:00
[2023-03-07 18:31:02,154] {standard_task_runner.py:52} INFO - Started process 98442 to run task
[2023-03-07 18:31:02,155] {standard_task_runner.py:79} INFO - Running: ['airflow', 'tasks', 'run', 'meu_primeiro_dag', 'executa_codigo', 'scheduled__2023-03-07T21:30:00+00:00', '--job-id', '519', '--raw', '--subdir', 'DAGS_FOLDER/cotacao_dolar.py', '--cfg-path', '/tmp/tmpzwv4b398', '--error-file', '/tmp/tmpz_07ethy']
[2023-03-07 18:31:02,156] {standard_task_runner.py:80} INFO - Job 519: Subtask executa_codigo
[2023-03-07 18:31:02,174] {task_command.py:370} INFO - Running <TaskInstance: meu_primeiro_dag.executa_codigo scheduled__2023-03-07T21:30:00+00:00 [running]> on host veripc-System-Product-Name
[2023-03-07 18:31:02,203] {taskinstance.py:1569} INFO - Exporting the following env vars:
AIRFLOW_CTX_DAG_OWNER=airflow
AIRFLOW_CTX_DAG_ID=meu_primeiro_dag
AIRFLOW_CTX_TASK_ID=executa_codigo
AIRFLOW_CTX_EXECUTION_DATE=2023-03-07T21:30:00+00:00
AIRFLOW_CTX_TRY_NUMBER=1
AIRFLOW_CTX_DAG_RUN_ID=scheduled__2023-03-07T21:30:00+00:00
[2023-03-07 18:31:02,412] {python.py:173} INFO - Done. Returned value was: O Id da cotação é ID: 6407ad16375b3d921d11b736
[2023-03-07 18:31:02,425] {taskinstance.py:1395} INFO - Marking task as SUCCESS. dag_id=meu_primeiro_dag, task_id=executa_codigo, execution_date=20230307T213000, start_date=20230307T213102, end_date=20230307T213102
[2023-03-07 18:31:02,448] {local_task_job.py:156} INFO - Task exited with return code 0
[2023-03-07 18:31:02,458] {local_task_job.py:273} INFO - 0 downstream tasks scheduled from follow-on schedule check
