[2023-03-08 07:15:02,210] {taskinstance.py:1159} INFO - Dependencies all met for <TaskInstance: meu_primeiro_dag.executa_codigo scheduled__2023-03-08T10:14:00+00:00 [queued]>
[2023-03-08 07:15:02,213] {taskinstance.py:1159} INFO - Dependencies all met for <TaskInstance: meu_primeiro_dag.executa_codigo scheduled__2023-03-08T10:14:00+00:00 [queued]>
[2023-03-08 07:15:02,214] {taskinstance.py:1356} INFO - 
--------------------------------------------------------------------------------
[2023-03-08 07:15:02,214] {taskinstance.py:1357} INFO - Starting attempt 1 of 1
[2023-03-08 07:15:02,214] {taskinstance.py:1358} INFO - 
--------------------------------------------------------------------------------
[2023-03-08 07:15:02,223] {taskinstance.py:1377} INFO - Executing <Task(PythonOperator): executa_codigo> on 2023-03-08 10:14:00+00:00
[2023-03-08 07:15:02,224] {standard_task_runner.py:52} INFO - Started process 202940 to run task
[2023-03-08 07:15:02,226] {standard_task_runner.py:79} INFO - Running: ['airflow', 'tasks', 'run', 'meu_primeiro_dag', 'executa_codigo', 'scheduled__2023-03-08T10:14:00+00:00', '--job-id', '1283', '--raw', '--subdir', 'DAGS_FOLDER/cotacao_dolar.py', '--cfg-path', '/tmp/tmp4qiu587n', '--error-file', '/tmp/tmpa68bbncw']
[2023-03-08 07:15:02,227] {standard_task_runner.py:80} INFO - Job 1283: Subtask executa_codigo
[2023-03-08 07:15:02,245] {task_command.py:370} INFO - Running <TaskInstance: meu_primeiro_dag.executa_codigo scheduled__2023-03-08T10:14:00+00:00 [running]> on host veripc-System-Product-Name
[2023-03-08 07:15:02,276] {taskinstance.py:1569} INFO - Exporting the following env vars:
AIRFLOW_CTX_DAG_OWNER=airflow
AIRFLOW_CTX_DAG_ID=meu_primeiro_dag
AIRFLOW_CTX_TASK_ID=executa_codigo
AIRFLOW_CTX_EXECUTION_DATE=2023-03-08T10:14:00+00:00
AIRFLOW_CTX_TRY_NUMBER=1
AIRFLOW_CTX_DAG_RUN_ID=scheduled__2023-03-08T10:14:00+00:00
[2023-03-08 07:15:02,467] {python.py:173} INFO - Done. Returned value was: O Id da cotação é ID: 64086026ab28f885561a0014
[2023-03-08 07:15:02,481] {taskinstance.py:1395} INFO - Marking task as SUCCESS. dag_id=meu_primeiro_dag, task_id=executa_codigo, execution_date=20230308T101400, start_date=20230308T101502, end_date=20230308T101502
[2023-03-08 07:15:02,519] {local_task_job.py:156} INFO - Task exited with return code 0
[2023-03-08 07:15:02,530] {local_task_job.py:273} INFO - 0 downstream tasks scheduled from follow-on schedule check
