[2023-03-07 14:44:17,673] {taskinstance.py:1159} INFO - Dependencies all met for <TaskInstance: meu_primeiro_dag.executa_codigo scheduled__2023-03-06T00:40:00+00:00 [queued]>
[2023-03-07 14:44:17,679] {taskinstance.py:1159} INFO - Dependencies all met for <TaskInstance: meu_primeiro_dag.executa_codigo scheduled__2023-03-06T00:40:00+00:00 [queued]>
[2023-03-07 14:44:17,679] {taskinstance.py:1356} INFO - 
--------------------------------------------------------------------------------
[2023-03-07 14:44:17,680] {taskinstance.py:1357} INFO - Starting attempt 1 of 1
[2023-03-07 14:44:17,680] {taskinstance.py:1358} INFO - 
--------------------------------------------------------------------------------
[2023-03-07 14:44:17,800] {taskinstance.py:1377} INFO - Executing <Task(PythonOperator): executa_codigo> on 2023-03-06 00:40:00+00:00
[2023-03-07 14:44:17,808] {standard_task_runner.py:52} INFO - Started process 66064 to run task
[2023-03-07 14:44:17,816] {standard_task_runner.py:79} INFO - Running: ['airflow', 'tasks', 'run', 'meu_primeiro_dag', 'executa_codigo', 'scheduled__2023-03-06T00:40:00+00:00', '--job-id', '128', '--raw', '--subdir', 'DAGS_FOLDER/cotacao_dolar.py', '--cfg-path', '/tmp/tmpd6oyff0c', '--error-file', '/tmp/tmp1cma1oas']
[2023-03-07 14:44:17,818] {standard_task_runner.py:80} INFO - Job 128: Subtask executa_codigo
[2023-03-07 14:44:17,943] {task_command.py:370} INFO - Running <TaskInstance: meu_primeiro_dag.executa_codigo scheduled__2023-03-06T00:40:00+00:00 [running]> on host veripc-System-Product-Name
[2023-03-07 14:44:18,323] {taskinstance.py:1569} INFO - Exporting the following env vars:
AIRFLOW_CTX_DAG_OWNER=airflow
AIRFLOW_CTX_DAG_ID=meu_primeiro_dag
AIRFLOW_CTX_TASK_ID=executa_codigo
AIRFLOW_CTX_EXECUTION_DATE=2023-03-06T00:40:00+00:00
AIRFLOW_CTX_TRY_NUMBER=1
AIRFLOW_CTX_DAG_RUN_ID=scheduled__2023-03-06T00:40:00+00:00
[2023-03-07 14:44:18,536] {python.py:173} INFO - Done. Returned value was: O Id da cotação é ID: 640777f24ff48850515c1871
[2023-03-07 14:44:18,613] {taskinstance.py:1395} INFO - Marking task as SUCCESS. dag_id=meu_primeiro_dag, task_id=executa_codigo, execution_date=20230306T004000, start_date=20230307T174417, end_date=20230307T174418
[2023-03-07 14:44:18,789] {local_task_job.py:156} INFO - Task exited with return code 0
[2023-03-07 14:44:18,810] {local_task_job.py:273} INFO - 0 downstream tasks scheduled from follow-on schedule check
