[2023-03-07 20:42:02,933] {taskinstance.py:1159} INFO - Dependencies all met for <TaskInstance: meu_primeiro_dag.executa_codigo scheduled__2023-03-07T23:41:00+00:00 [queued]>
[2023-03-07 20:42:02,937] {taskinstance.py:1159} INFO - Dependencies all met for <TaskInstance: meu_primeiro_dag.executa_codigo scheduled__2023-03-07T23:41:00+00:00 [queued]>
[2023-03-07 20:42:02,937] {taskinstance.py:1356} INFO - 
--------------------------------------------------------------------------------
[2023-03-07 20:42:02,937] {taskinstance.py:1357} INFO - Starting attempt 1 of 1
[2023-03-07 20:42:02,937] {taskinstance.py:1358} INFO - 
--------------------------------------------------------------------------------
[2023-03-07 20:42:02,945] {taskinstance.py:1377} INFO - Executing <Task(PythonOperator): executa_codigo> on 2023-03-07 23:41:00+00:00
[2023-03-07 20:42:02,947] {standard_task_runner.py:52} INFO - Started process 115243 to run task
[2023-03-07 20:42:02,948] {standard_task_runner.py:79} INFO - Running: ['airflow', 'tasks', 'run', 'meu_primeiro_dag', 'executa_codigo', 'scheduled__2023-03-07T23:41:00+00:00', '--job-id', '650', '--raw', '--subdir', 'DAGS_FOLDER/cotacao_dolar.py', '--cfg-path', '/tmp/tmpuec26qz0', '--error-file', '/tmp/tmpqs2_vw93']
[2023-03-07 20:42:02,949] {standard_task_runner.py:80} INFO - Job 650: Subtask executa_codigo
[2023-03-07 20:42:02,968] {task_command.py:370} INFO - Running <TaskInstance: meu_primeiro_dag.executa_codigo scheduled__2023-03-07T23:41:00+00:00 [running]> on host veripc-System-Product-Name
[2023-03-07 20:42:02,996] {taskinstance.py:1569} INFO - Exporting the following env vars:
AIRFLOW_CTX_DAG_OWNER=airflow
AIRFLOW_CTX_DAG_ID=meu_primeiro_dag
AIRFLOW_CTX_TASK_ID=executa_codigo
AIRFLOW_CTX_EXECUTION_DATE=2023-03-07T23:41:00+00:00
AIRFLOW_CTX_TRY_NUMBER=1
AIRFLOW_CTX_DAG_RUN_ID=scheduled__2023-03-07T23:41:00+00:00
[2023-03-07 20:42:03,216] {python.py:173} INFO - Done. Returned value was: O Id da cotação é ID: 6407cbcb197367d8335d0b93
[2023-03-07 20:42:03,233] {taskinstance.py:1395} INFO - Marking task as SUCCESS. dag_id=meu_primeiro_dag, task_id=executa_codigo, execution_date=20230307T234100, start_date=20230307T234202, end_date=20230307T234203
[2023-03-07 20:42:03,281] {local_task_job.py:156} INFO - Task exited with return code 0
[2023-03-07 20:42:03,317] {local_task_job.py:273} INFO - 0 downstream tasks scheduled from follow-on schedule check
