[2023-03-07 17:27:02,045] {taskinstance.py:1159} INFO - Dependencies all met for <TaskInstance: meu_primeiro_dag.executa_codigo scheduled__2023-03-07T20:26:00+00:00 [queued]>
[2023-03-07 17:27:02,049] {taskinstance.py:1159} INFO - Dependencies all met for <TaskInstance: meu_primeiro_dag.executa_codigo scheduled__2023-03-07T20:26:00+00:00 [queued]>
[2023-03-07 17:27:02,049] {taskinstance.py:1356} INFO - 
--------------------------------------------------------------------------------
[2023-03-07 17:27:02,049] {taskinstance.py:1357} INFO - Starting attempt 1 of 1
[2023-03-07 17:27:02,049] {taskinstance.py:1358} INFO - 
--------------------------------------------------------------------------------
[2023-03-07 17:27:02,056] {taskinstance.py:1377} INFO - Executing <Task(PythonOperator): executa_codigo> on 2023-03-07 20:26:00+00:00
[2023-03-07 17:27:02,058] {standard_task_runner.py:52} INFO - Started process 90182 to run task
[2023-03-07 17:27:02,059] {standard_task_runner.py:79} INFO - Running: ['airflow', 'tasks', 'run', 'meu_primeiro_dag', 'executa_codigo', 'scheduled__2023-03-07T20:26:00+00:00', '--job-id', '455', '--raw', '--subdir', 'DAGS_FOLDER/cotacao_dolar.py', '--cfg-path', '/tmp/tmptp7lxc4w', '--error-file', '/tmp/tmpq5qi25rf']
[2023-03-07 17:27:02,060] {standard_task_runner.py:80} INFO - Job 455: Subtask executa_codigo
[2023-03-07 17:27:02,079] {task_command.py:370} INFO - Running <TaskInstance: meu_primeiro_dag.executa_codigo scheduled__2023-03-07T20:26:00+00:00 [running]> on host veripc-System-Product-Name
[2023-03-07 17:27:02,108] {taskinstance.py:1569} INFO - Exporting the following env vars:
AIRFLOW_CTX_DAG_OWNER=airflow
AIRFLOW_CTX_DAG_ID=meu_primeiro_dag
AIRFLOW_CTX_TASK_ID=executa_codigo
AIRFLOW_CTX_EXECUTION_DATE=2023-03-07T20:26:00+00:00
AIRFLOW_CTX_TRY_NUMBER=1
AIRFLOW_CTX_DAG_RUN_ID=scheduled__2023-03-07T20:26:00+00:00
[2023-03-07 17:27:02,509] {python.py:173} INFO - Done. Returned value was: O Id da cotação é ID: 64079e16ce94b1827b739513
[2023-03-07 17:27:02,524] {taskinstance.py:1395} INFO - Marking task as SUCCESS. dag_id=meu_primeiro_dag, task_id=executa_codigo, execution_date=20230307T202600, start_date=20230307T202702, end_date=20230307T202702
[2023-03-07 17:27:02,552] {local_task_job.py:156} INFO - Task exited with return code 0
[2023-03-07 17:27:02,563] {local_task_job.py:273} INFO - 0 downstream tasks scheduled from follow-on schedule check
