[2023-03-07 14:39:04,808] {taskinstance.py:1159} INFO - Dependencies all met for <TaskInstance: meu_primeiro_dag.Incluindo_router scheduled__2023-03-06T01:05:00+00:00 [queued]>
[2023-03-07 14:39:04,811] {taskinstance.py:1159} INFO - Dependencies all met for <TaskInstance: meu_primeiro_dag.Incluindo_router scheduled__2023-03-06T01:05:00+00:00 [queued]>
[2023-03-07 14:39:04,811] {taskinstance.py:1356} INFO - 
--------------------------------------------------------------------------------
[2023-03-07 14:39:04,811] {taskinstance.py:1357} INFO - Starting attempt 1 of 1
[2023-03-07 14:39:04,811] {taskinstance.py:1358} INFO - 
--------------------------------------------------------------------------------
[2023-03-07 14:39:04,821] {taskinstance.py:1377} INFO - Executing <Task(PythonOperator): Incluindo_router> on 2023-03-06 01:05:00+00:00
[2023-03-07 14:39:04,823] {standard_task_runner.py:52} INFO - Started process 64707 to run task
[2023-03-07 14:39:04,825] {standard_task_runner.py:79} INFO - Running: ['airflow', 'tasks', 'run', 'meu_primeiro_dag', 'Incluindo_router', 'scheduled__2023-03-06T01:05:00+00:00', '--job-id', '100', '--raw', '--subdir', 'DAGS_FOLDER/cotacao_dolar.py', '--cfg-path', '/tmp/tmpt16d7ocb', '--error-file', '/tmp/tmp2o5y_8vh']
[2023-03-07 14:39:04,826] {standard_task_runner.py:80} INFO - Job 100: Subtask Incluindo_router
[2023-03-07 14:39:04,849] {task_command.py:370} INFO - Running <TaskInstance: meu_primeiro_dag.Incluindo_router scheduled__2023-03-06T01:05:00+00:00 [running]> on host veripc-System-Product-Name
[2023-03-07 14:39:04,955] {taskinstance.py:1569} INFO - Exporting the following env vars:
AIRFLOW_CTX_DAG_OWNER=airflow
AIRFLOW_CTX_DAG_ID=meu_primeiro_dag
AIRFLOW_CTX_TASK_ID=Incluindo_router
AIRFLOW_CTX_EXECUTION_DATE=2023-03-06T01:05:00+00:00
AIRFLOW_CTX_TRY_NUMBER=1
AIRFLOW_CTX_DAG_RUN_ID=scheduled__2023-03-06T01:05:00+00:00
[2023-03-07 14:39:04,956] {python.py:173} INFO - Done. Returned value was: None
[2023-03-07 14:39:04,959] {taskinstance.py:1395} INFO - Marking task as SUCCESS. dag_id=meu_primeiro_dag, task_id=Incluindo_router, execution_date=20230306T010500, start_date=20230307T173904, end_date=20230307T173904
[2023-03-07 14:39:04,997] {local_task_job.py:156} INFO - Task exited with return code 0
[2023-03-07 14:39:05,014] {local_task_job.py:273} INFO - 1 downstream tasks scheduled from follow-on schedule check
